<?xml version="1.0" encoding="UTF-8"?>
<testsuite name="org.bitcoinj.crypto.KeyCrypterScryptTest" tests="5" skipped="0" failures="0" errors="0" timestamp="2019-03-25T22:23:56" hostname="IO-2.local" time="5.774">
  <properties/>
  <testcase name="testKeyCrypterWrongPassword" classname="org.bitcoinj.crypto.KeyCrypterScryptTest" time="0.156"/>
  <testcase name="testKeyCrypterGood1" classname="org.bitcoinj.crypto.KeyCrypterScryptTest" time="0.078"/>
  <testcase name="testKeyCrypterGood2" classname="org.bitcoinj.crypto.KeyCrypterScryptTest" time="1.511"/>
  <testcase name="testEncryptDecryptBytes1" classname="org.bitcoinj.crypto.KeyCrypterScryptTest" time="0.084"/>
  <testcase name="testEncryptDecryptBytes2" classname="org.bitcoinj.crypto.KeyCrypterScryptTest" time="3.944"/>
  <system-out><![CDATA[]]></system-out>
  <system-err><![CDATA[15:23:56 12 KeyCrypterScrypt.deriveKey: Deriving key took 39.35 ms for 16384 scrypt iterations.
15:23:56 12 KeyCrypterScrypt.deriveKey: Deriving key took 36.08 ms for 16384 scrypt iterations.
15:23:56 12 KeyCrypterScrypt.deriveKey: Deriving key took 37.12 ms for 16384 scrypt iterations.
15:23:56 12 KeyCrypterScrypt.deriveKey: Deriving key took 38.58 ms for 16384 scrypt iterations.
15:23:56 12 KeyCrypterScrypt.deriveKey: Deriving key took 35.82 ms for 16384 scrypt iterations.
15:23:57 12 KeyCrypterScrypt.deriveKey: Deriving key took 40.57 ms for 16384 scrypt iterations.
15:23:57 12 KeyCrypterScrypt.deriveKey: Deriving key took 36.09 ms for 16384 scrypt iterations.
15:23:57 12 KeyCrypterScrypt.deriveKey: Deriving key took 38.47 ms for 16384 scrypt iterations.
15:23:57 12 KeyCrypterScrypt.deriveKey: Deriving key took 35.38 ms for 16384 scrypt iterations.
15:23:57 12 KeyCrypterScrypt.deriveKey: Deriving key took 34.85 ms for 16384 scrypt iterations.
15:23:57 12 KeyCrypterScrypt.deriveKey: Deriving key took 37.07 ms for 16384 scrypt iterations.
15:23:57 12 KeyCrypterScrypt.deriveKey: Deriving key took 34.50 ms for 16384 scrypt iterations.
15:23:57 12 KeyCrypterScrypt.deriveKey: Deriving key took 38.57 ms for 16384 scrypt iterations.
15:23:57 12 KeyCrypterScrypt.deriveKey: Deriving key took 34.60 ms for 16384 scrypt iterations.
15:23:57 12 KeyCrypterScrypt.deriveKey: Deriving key took 64.30 ms for 16384 scrypt iterations.
15:23:57 12 KeyCrypterScrypt.deriveKey: Deriving key took 49.04 ms for 16384 scrypt iterations.
15:23:57 12 KeyCrypterScrypt.deriveKey: Deriving key took 34.97 ms for 16384 scrypt iterations.
15:23:57 12 KeyCrypterScrypt.deriveKey: Deriving key took 37.33 ms for 16384 scrypt iterations.
15:23:57 12 KeyCrypterScrypt.deriveKey: Deriving key took 35.55 ms for 16384 scrypt iterations.
15:23:57 12 KeyCrypterScrypt.deriveKey: Deriving key took 36.72 ms for 16384 scrypt iterations.
15:23:57 12 KeyCrypterScrypt.deriveKey: Deriving key took 45.95 ms for 16384 scrypt iterations.
15:23:57 12 KeyCrypterScrypt.deriveKey: Deriving key took 39.27 ms for 16384 scrypt iterations.
15:23:57 12 KeyCrypterScrypt.deriveKey: Deriving key took 63.89 ms for 16384 scrypt iterations.
15:23:57 12 KeyCrypterScrypt.deriveKey: Deriving key took 51.41 ms for 16384 scrypt iterations.
15:23:57 12 KeyCrypterScrypt.deriveKey: Deriving key took 45.92 ms for 16384 scrypt iterations.
15:23:57 12 KeyCrypterScrypt.deriveKey: Deriving key took 43.72 ms for 16384 scrypt iterations.
15:23:57 12 KeyCrypterScrypt.deriveKey: Deriving key took 41.62 ms for 16384 scrypt iterations.
15:23:57 12 KeyCrypterScrypt.deriveKey: Deriving key took 38.33 ms for 16384 scrypt iterations.
15:23:58 12 KeyCrypterScrypt.deriveKey: Deriving key took 43.35 ms for 16384 scrypt iterations.
15:23:58 12 KeyCrypterScrypt.deriveKey: Deriving key took 95.97 ms for 16384 scrypt iterations.
15:23:58 12 KeyCrypterScrypt.deriveKey: Deriving key took 49.51 ms for 16384 scrypt iterations.
15:23:58 12 KeyCrypterScrypt.deriveKey: Deriving key took 36.85 ms for 16384 scrypt iterations.
15:23:58 12 KeyCrypterScrypt.deriveKey: Deriving key took 42.79 ms for 16384 scrypt iterations.
15:23:58 12 KeyCrypterScrypt.deriveKey: Deriving key took 75.61 ms for 16384 scrypt iterations.
15:23:58 12 KeyCrypterScrypt.deriveKey: Deriving key took 38.31 ms for 16384 scrypt iterations.
15:23:58 12 KeyCrypterScrypt.deriveKey: Deriving key took 69.88 ms for 16384 scrypt iterations.
15:23:58 12 KeyCrypterScrypt.deriveKey: Deriving key took 45.24 ms for 16384 scrypt iterations.
15:23:58 12 KeyCrypterScrypt.deriveKey: Deriving key took 37.31 ms for 16384 scrypt iterations.
15:23:58 12 KeyCrypterScrypt.deriveKey: Deriving key took 37.09 ms for 16384 scrypt iterations.
15:23:58 12 KeyCrypterScrypt.deriveKey: Deriving key took 39.88 ms for 16384 scrypt iterations.
15:23:58 12 KeyCrypterScrypt.deriveKey: Deriving key took 42.47 ms for 16384 scrypt iterations.
15:23:58 12 KeyCrypterScrypt.deriveKey: Deriving key took 33.55 ms for 16384 scrypt iterations.
15:23:58 12 KeyCrypterScrypt.deriveKey: Deriving key took 33.05 ms for 16384 scrypt iterations.
15:23:58 12 KeyCrypterScrypt.deriveKey: Deriving key took 36.70 ms for 16384 scrypt iterations.
15:23:58 12 KeyCrypterScrypt.deriveKey: Deriving key took 34.70 ms for 16384 scrypt iterations.
15:23:58 12 KeyCrypterScrypt.deriveKey: Deriving key took 34.00 ms for 16384 scrypt iterations.
15:23:58 12 KeyCrypterScrypt.deriveKey: Deriving key took 34.10 ms for 16384 scrypt iterations.
15:23:58 12 KeyCrypterScrypt.deriveKey: Deriving key took 33.00 ms for 16384 scrypt iterations.
15:23:58 12 KeyCrypterScrypt.deriveKey: Deriving key took 34.93 ms for 16384 scrypt iterations.
15:23:58 12 KeyCrypterScrypt.deriveKey: Deriving key took 34.62 ms for 16384 scrypt iterations.
15:23:59 12 KeyCrypterScrypt.deriveKey: Deriving key took 36.67 ms for 16384 scrypt iterations.
15:23:59 12 KeyCrypterScrypt.deriveKey: Deriving key took 34.88 ms for 16384 scrypt iterations.
15:23:59 12 KeyCrypterScrypt.deriveKey: Deriving key took 34.70 ms for 16384 scrypt iterations.
15:23:59 12 KeyCrypterScrypt.deriveKey: Deriving key took 37.96 ms for 16384 scrypt iterations.
15:23:59 12 KeyCrypterScrypt.deriveKey: Deriving key took 35.04 ms for 16384 scrypt iterations.
15:23:59 12 KeyCrypterScrypt.deriveKey: Deriving key took 48.36 ms for 16384 scrypt iterations.
15:23:59 12 KeyCrypterScrypt.deriveKey: Deriving key took 100.7 ms for 16384 scrypt iterations.
15:23:59 12 KeyCrypterScrypt.deriveKey: Deriving key took 42.70 ms for 16384 scrypt iterations.
15:23:59 12 KeyCrypterScrypt.deriveKey: Deriving key took 33.00 ms for 16384 scrypt iterations.
15:23:59 12 KeyCrypterScrypt.deriveKey: Deriving key took 35.28 ms for 16384 scrypt iterations.
15:23:59 12 KeyCrypterScrypt.deriveKey: Deriving key took 42.25 ms for 16384 scrypt iterations.
15:23:59 12 KeyCrypterScrypt.deriveKey: Deriving key took 32.30 ms for 16384 scrypt iterations.
15:23:59 12 KeyCrypterScrypt.deriveKey: Deriving key took 36.33 ms for 16384 scrypt iterations.
15:23:59 12 KeyCrypterScrypt.deriveKey: Deriving key took 35.51 ms for 16384 scrypt iterations.
15:23:59 12 KeyCrypterScrypt.deriveKey: Deriving key took 35.74 ms for 16384 scrypt iterations.
15:23:59 12 KeyCrypterScrypt.deriveKey: Deriving key took 33.40 ms for 16384 scrypt iterations.
15:23:59 12 KeyCrypterScrypt.deriveKey: Deriving key took 35.82 ms for 16384 scrypt iterations.
15:23:59 12 KeyCrypterScrypt.deriveKey: Deriving key took 47.39 ms for 16384 scrypt iterations.
15:23:59 12 KeyCrypterScrypt.deriveKey: Deriving key took 51.42 ms for 16384 scrypt iterations.
15:23:59 12 KeyCrypterScrypt.deriveKey: Deriving key took 44.77 ms for 16384 scrypt iterations.
15:23:59 12 KeyCrypterScrypt.deriveKey: Deriving key took 40.02 ms for 16384 scrypt iterations.
15:23:59 12 KeyCrypterScrypt.deriveKey: Deriving key took 39.07 ms for 16384 scrypt iterations.
15:23:59 12 KeyCrypterScrypt.deriveKey: Deriving key took 40.26 ms for 16384 scrypt iterations.
15:23:59 12 KeyCrypterScrypt.deriveKey: Deriving key took 37.12 ms for 16384 scrypt iterations.
15:24:00 12 KeyCrypterScrypt.deriveKey: Deriving key took 52.90 ms for 16384 scrypt iterations.
15:24:00 12 KeyCrypterScrypt.deriveKey: Deriving key took 36.23 ms for 16384 scrypt iterations.
15:24:00 12 KeyCrypterScrypt.deriveKey: Deriving key took 36.49 ms for 16384 scrypt iterations.
15:24:00 12 KeyCrypterScrypt.deriveKey: Deriving key took 34.26 ms for 16384 scrypt iterations.
15:24:00 12 KeyCrypterScrypt.deriveKey: Deriving key took 35.28 ms for 16384 scrypt iterations.
15:24:00 12 KeyCrypterScrypt.deriveKey: Deriving key took 35.24 ms for 16384 scrypt iterations.
15:24:00 12 KeyCrypterScrypt.deriveKey: Deriving key took 45.88 ms for 16384 scrypt iterations.
15:24:00 12 KeyCrypterScrypt.deriveKey: Deriving key took 38.95 ms for 16384 scrypt iterations.
15:24:00 12 KeyCrypterScrypt.deriveKey: Deriving key took 41.58 ms for 16384 scrypt iterations.
15:24:00 12 KeyCrypterScrypt.deriveKey: Deriving key took 41.27 ms for 16384 scrypt iterations.
15:24:00 12 KeyCrypterScrypt.deriveKey: Deriving key took 34.42 ms for 16384 scrypt iterations.
15:24:00 12 KeyCrypterScrypt.deriveKey: Deriving key took 35.15 ms for 16384 scrypt iterations.
15:24:00 12 KeyCrypterScrypt.deriveKey: Deriving key took 34.69 ms for 16384 scrypt iterations.
15:24:00 12 KeyCrypterScrypt.deriveKey: Deriving key took 35.13 ms for 16384 scrypt iterations.
15:24:00 12 KeyCrypterScrypt.deriveKey: Deriving key took 34.61 ms for 16384 scrypt iterations.
15:24:00 12 KeyCrypterScrypt.deriveKey: Deriving key took 36.04 ms for 16384 scrypt iterations.
15:24:00 12 KeyCrypterScrypt.deriveKey: Deriving key took 45.83 ms for 16384 scrypt iterations.
15:24:00 12 KeyCrypterScrypt.deriveKey: Deriving key took 37.80 ms for 16384 scrypt iterations.
15:24:00 12 KeyCrypterScrypt.deriveKey: Deriving key took 35.75 ms for 16384 scrypt iterations.
15:24:00 12 KeyCrypterScrypt.deriveKey: Deriving key took 34.85 ms for 16384 scrypt iterations.
15:24:00 12 KeyCrypterScrypt.deriveKey: Deriving key took 35.65 ms for 16384 scrypt iterations.
15:24:00 12 KeyCrypterScrypt.deriveKey: Deriving key took 32.53 ms for 16384 scrypt iterations.
15:24:00 12 KeyCrypterScrypt.deriveKey: Deriving key took 31.81 ms for 16384 scrypt iterations.
15:24:00 12 KeyCrypterScrypt.deriveKey: Deriving key took 34.60 ms for 16384 scrypt iterations.
15:24:00 12 KeyCrypterScrypt.deriveKey: Deriving key took 35.26 ms for 16384 scrypt iterations.
15:24:00 12 KeyCrypterScrypt.deriveKey: Deriving key took 40.43 ms for 16384 scrypt iterations.
15:24:01 12 KeyCrypterScrypt.deriveKey: Deriving key took 39.14 ms for 16384 scrypt iterations.
15:24:01 12 KeyCrypterScrypt.deriveKey: Deriving key took 33.22 ms for 16384 scrypt iterations.
15:24:01 12 KeyCrypterScrypt.deriveKey: Deriving key took 33.36 ms for 16384 scrypt iterations.
15:24:01 12 KeyCrypterScrypt.deriveKey: Deriving key took 34.27 ms for 16384 scrypt iterations.
15:24:01 12 KeyCrypterScrypt.deriveKey: Deriving key took 33.23 ms for 16384 scrypt iterations.
15:24:01 12 KeyCrypterScrypt.deriveKey: Deriving key took 34.67 ms for 16384 scrypt iterations.
15:24:01 12 KeyCrypterScrypt.deriveKey: Deriving key took 35.05 ms for 16384 scrypt iterations.
15:24:01 12 KeyCrypterScrypt.deriveKey: Deriving key took 35.97 ms for 16384 scrypt iterations.
15:24:01 12 KeyCrypterScrypt.deriveKey: Deriving key took 35.48 ms for 16384 scrypt iterations.
15:24:01 12 KeyCrypterScrypt.deriveKey: Deriving key took 33.83 ms for 16384 scrypt iterations.
15:24:01 12 KeyCrypterScrypt.deriveKey: Deriving key took 35.05 ms for 16384 scrypt iterations.
15:24:01 12 KeyCrypterScrypt.deriveKey: Deriving key took 33.95 ms for 16384 scrypt iterations.
15:24:01 12 KeyCrypterScrypt.deriveKey: Deriving key took 37.40 ms for 16384 scrypt iterations.
15:24:01 12 KeyCrypterScrypt.deriveKey: Deriving key took 33.20 ms for 16384 scrypt iterations.
15:24:01 12 KeyCrypterScrypt.deriveKey: Deriving key took 36.69 ms for 16384 scrypt iterations.
15:24:01 12 KeyCrypterScrypt.deriveKey: Deriving key took 40.56 ms for 16384 scrypt iterations.
15:24:01 12 KeyCrypterScrypt.deriveKey: Deriving key took 39.82 ms for 16384 scrypt iterations.
15:24:01 12 KeyCrypterScrypt.deriveKey: Deriving key took 51.34 ms for 16384 scrypt iterations.
15:24:01 12 KeyCrypterScrypt.deriveKey: Deriving key took 45.74 ms for 16384 scrypt iterations.
15:24:01 12 KeyCrypterScrypt.deriveKey: Deriving key took 38.97 ms for 16384 scrypt iterations.
15:24:01 12 KeyCrypterScrypt.deriveKey: Deriving key took 41.80 ms for 16384 scrypt iterations.
15:24:01 12 KeyCrypterScrypt.deriveKey: Deriving key took 39.21 ms for 16384 scrypt iterations.
15:24:01 12 KeyCrypterScrypt.deriveKey: Deriving key took 41.09 ms for 16384 scrypt iterations.
15:24:01 12 KeyCrypterScrypt.deriveKey: Deriving key took 36.18 ms for 16384 scrypt iterations.
15:24:01 12 KeyCrypterScrypt.deriveKey: Deriving key took 34.74 ms for 16384 scrypt iterations.
15:24:01 12 KeyCrypterScrypt.deriveKey: Deriving key took 34.95 ms for 16384 scrypt iterations.
15:24:02 12 KeyCrypterScrypt.deriveKey: Deriving key took 46.39 ms for 16384 scrypt iterations.
15:24:02 12 KeyCrypterScrypt.deriveKey: Deriving key took 38.06 ms for 16384 scrypt iterations.
15:24:02 12 KeyCrypterScrypt.deriveKey: Deriving key took 34.86 ms for 16384 scrypt iterations.
15:24:02 12 KeyCrypterScrypt.deriveKey: Deriving key took 59.45 ms for 16384 scrypt iterations.
15:24:02 12 KeyCrypterScrypt.deriveKey: Deriving key took 37.67 ms for 16384 scrypt iterations.
15:24:02 12 KeyCrypterScrypt.deriveKey: Deriving key took 33.75 ms for 16384 scrypt iterations.
15:24:02 12 KeyCrypterScrypt.deriveKey: Deriving key took 37.53 ms for 16384 scrypt iterations.
15:24:02 12 KeyCrypterScrypt.deriveKey: Deriving key took 35.84 ms for 16384 scrypt iterations.
15:24:02 12 KeyCrypterScrypt.deriveKey: Deriving key took 42.72 ms for 16384 scrypt iterations.
15:24:02 12 KeyCrypterScrypt.deriveKey: Deriving key took 40.54 ms for 16384 scrypt iterations.
15:24:02 12 KeyCrypterScrypt.deriveKey: Deriving key took 46.01 ms for 16384 scrypt iterations.
15:24:02 12 KeyCrypterScrypt.deriveKey: Deriving key took 41.83 ms for 16384 scrypt iterations.
]]></system-err>
</testsuite>
