<?xml version="1.0" encoding="UTF-8"?>
<testsuite name="org.bitcoinj.store.SPVBlockStoreTest" tests="7" skipped="0" failures="0" errors="0" timestamp="2019-03-25T22:25:03" hostname="IO-2.local" time="0.402">
  <properties/>
  <testcase name="twoStores_onSameFile" classname="org.bitcoinj.store.SPVBlockStoreTest" time="0.058"/>
  <testcase name="basics" classname="org.bitcoinj.store.SPVBlockStoreTest" time="0.013"/>
  <testcase name="twoStores_sequentially_shrink" classname="org.bitcoinj.store.SPVBlockStoreTest" time="0.006"/>
  <testcase name="performanceTest" classname="org.bitcoinj.store.SPVBlockStoreTest" time="0.311"/>
  <testcase name="twoStores_butSequentially" classname="org.bitcoinj.store.SPVBlockStoreTest" time="0.005"/>
  <testcase name="twoStores_sequentially_butMismatchingCapacity" classname="org.bitcoinj.store.SPVBlockStoreTest" time="0.004"/>
  <testcase name="twoStores_sequentially_grow" classname="org.bitcoinj.store.SPVBlockStoreTest" time="0.005"/>
  <system-out><![CDATA[]]></system-out>
  <system-err><![CDATA[15:25:03 12 SPVBlockStore.<init>: Creating new SPV block chain file /var/folders/bk/p02ss88n4t35h0vmdspd99gm0000gn/T/spvblockstore1674566592490812431.tmp
15:25:03 12 SPVBlockStore.<init>: Creating new SPV block chain file /var/folders/bk/p02ss88n4t35h0vmdspd99gm0000gn/T/spvblockstore5532147690184924301.tmp
15:25:03 12 SPVBlockStore.<init>: Creating new SPV block chain file /var/folders/bk/p02ss88n4t35h0vmdspd99gm0000gn/T/spvblockstore3991756239517040438.tmp
15:25:03 12 SPVBlockStore.<init>: Creating new SPV block chain file /var/folders/bk/p02ss88n4t35h0vmdspd99gm0000gn/T/spvblockstore9395629669808376807.tmp
15:25:04 12 SPVBlockStore.<init>: Creating new SPV block chain file /var/folders/bk/p02ss88n4t35h0vmdspd99gm0000gn/T/spvblockstore6621650390736303977.tmp
15:25:04 12 SPVBlockStore.<init>: Creating new SPV block chain file /var/folders/bk/p02ss88n4t35h0vmdspd99gm0000gn/T/spvblockstore10674194938289865799.tmp
15:25:04 12 SPVBlockStore.<init>: Creating new SPV block chain file /var/folders/bk/p02ss88n4t35h0vmdspd99gm0000gn/T/spvblockstore13044265341059563005.tmp
]]></system-err>
</testsuite>
