<?xml version="1.0" encoding="UTF-8"?>
<testsuite name="org.bitcoinj.uri.BitcoinURITest" tests="29" skipped="0" failures="0" errors="0" timestamp="2019-03-25T22:25:02" hostname="IO-2.local" time="0.007">
  <properties/>
  <testcase name="testGood_ManyEquals" classname="org.bitcoinj.uri.BitcoinURITest" time="0.002"/>
  <testcase name="testBad_IncorrectAddressType" classname="org.bitcoinj.uri.BitcoinURITest" time="0.001"/>
  <testcase name="testNoPaymentProtocolReq" classname="org.bitcoinj.uri.BitcoinURITest" time="0.0"/>
  <testcase name="testGood_Amount" classname="org.bitcoinj.uri.BitcoinURITest" time="0.0"/>
  <testcase name="testBad_TooLargeAmount" classname="org.bitcoinj.uri.BitcoinURITest" time="0.0"/>
  <testcase name="testUnescapedPaymentProtocolReq" classname="org.bitcoinj.uri.BitcoinURITest" time="0.0"/>
  <testcase name="testGood_Label" classname="org.bitcoinj.uri.BitcoinURITest" time="0.0"/>
  <testcase name="testGood_Combinations" classname="org.bitcoinj.uri.BitcoinURITest" time="0.001"/>
  <testcase name="testGood_uppercaseScheme" classname="org.bitcoinj.uri.BitcoinURITest" time="0.0"/>
  <testcase name="testGood_LabelWithAmpersandAndPlus" classname="org.bitcoinj.uri.BitcoinURITest" time="0.0"/>
  <testcase name="testUnknown" classname="org.bitcoinj.uri.BitcoinURITest" time="0.0"/>
  <testcase name="testEmpty_Message" classname="org.bitcoinj.uri.BitcoinURITest" time="0.0"/>
  <testcase name="testGood_Message" classname="org.bitcoinj.uri.BitcoinURITest" time="0.0"/>
  <testcase name="testGood_legacy" classname="org.bitcoinj.uri.BitcoinURITest" time="0.0"/>
  <testcase name="testBad_Duplicated" classname="org.bitcoinj.uri.BitcoinURITest" time="0.001"/>
  <testcase name="testGood_segwit" classname="org.bitcoinj.uri.BitcoinURITest" time="0.0"/>
  <testcase name="testConvertToBitcoinURI_segwit" classname="org.bitcoinj.uri.BitcoinURITest" time="0.0"/>
  <testcase name="testBad_Address" classname="org.bitcoinj.uri.BitcoinURITest" time="0.0"/>
  <testcase name="testBad_AmountTooPrecise" classname="org.bitcoinj.uri.BitcoinURITest" time="0.0"/>
  <testcase name="testBad_NegativeAmount" classname="org.bitcoinj.uri.BitcoinURITest" time="0.0"/>
  <testcase name="testGood_LabelWithRussian" classname="org.bitcoinj.uri.BitcoinURITest" time="0.001"/>
  <testcase name="testEmpty_Label" classname="org.bitcoinj.uri.BitcoinURITest" time="0.0"/>
  <testcase name="testBad_Amount" classname="org.bitcoinj.uri.BitcoinURITest" time="0.0"/>
  <testcase name="testConvertToBitcoinURI" classname="org.bitcoinj.uri.BitcoinURITest" time="0.001"/>
  <testcase name="testBad_BadSyntax" classname="org.bitcoinj.uri.BitcoinURITest" time="0.0"/>
  <testcase name="testBad_Scheme" classname="org.bitcoinj.uri.BitcoinURITest" time="0.0"/>
  <testcase name="brokenURIs" classname="org.bitcoinj.uri.BitcoinURITest" time="0.0"/>
  <testcase name="testPaymentProtocolReq" classname="org.bitcoinj.uri.BitcoinURITest" time="0.0"/>
  <testcase name="testMultiplePaymentProtocolReq" classname="org.bitcoinj.uri.BitcoinURITest" time="0.0"/>
  <system-out><![CDATA[]]></system-out>
  <system-err><![CDATA[]]></system-err>
</testsuite>
