<?xml version="1.0" encoding="UTF-8"?>
<testsuite name="org.bitcoinj.script.ScriptChunkTest" tests="7" skipped="0" failures="0" errors="0" timestamp="2019-03-25T22:24:49" hostname="IO-2.local" time="0.002">
  <properties/>
  <testcase name="testToByteArray_OP_PUSHDATA1" classname="org.bitcoinj.script.ScriptChunkTest" time="0.0"/>
  <testcase name="testToByteArray_OP_PUSHDATA2" classname="org.bitcoinj.script.ScriptChunkTest" time="0.0"/>
  <testcase name="testToByteArray_OP_PUSHDATA4" classname="org.bitcoinj.script.ScriptChunkTest" time="0.0"/>
  <testcase name="testToByteArray_lt_OP_PUSHDATA1" classname="org.bitcoinj.script.ScriptChunkTest" time="0.001"/>
  <testcase name="testToByteArray_smallNum" classname="org.bitcoinj.script.ScriptChunkTest" time="0.0"/>
  <testcase name="testShortestPossibleDataPush" classname="org.bitcoinj.script.ScriptChunkTest" time="0.001"/>
  <testcase name="testToByteArray_opcode" classname="org.bitcoinj.script.ScriptChunkTest" time="0.0"/>
  <system-out><![CDATA[]]></system-out>
  <system-err><![CDATA[]]></system-err>
</testsuite>
