<?xml version="1.0" encoding="UTF-8"?>
<testsuite name="org.bitcoinj.core.Bech32Test" tests="6" skipped="0" failures="0" errors="0" timestamp="2019-03-25T22:24:27" hostname="IO-2.local" time="0.001">
  <properties/>
  <testcase name="valid" classname="org.bitcoinj.core.Bech32Test" time="0.001"/>
  <testcase name="decode_invalidCharacter_notInAlphabet" classname="org.bitcoinj.core.Bech32Test" time="0.0"/>
  <testcase name="decode_invalidHrp" classname="org.bitcoinj.core.Bech32Test" time="0.0"/>
  <testcase name="decode_invalidNetwork" classname="org.bitcoinj.core.Bech32Test" time="0.0"/>
  <testcase name="invalid" classname="org.bitcoinj.core.Bech32Test" time="0.0"/>
  <testcase name="decode_invalidCharacter_upperLowerMix" classname="org.bitcoinj.core.Bech32Test" time="0.0"/>
  <system-out><![CDATA[]]></system-out>
  <system-err><![CDATA[]]></system-err>
</testsuite>
