<?xml version="1.0" encoding="UTF-8"?>
<testsuite name="org.bitcoinj.core.MessageTest" tests="2" skipped="0" failures="0" errors="0" timestamp="2019-03-25T22:24:30" hostname="IO-2.local" time="0.002">
  <properties/>
  <testcase name="readStrOfExtremeLength" classname="org.bitcoinj.core.MessageTest" time="0.001"/>
  <testcase name="readByteArrayOfExtremeLength" classname="org.bitcoinj.core.MessageTest" time="0.001"/>
  <system-out><![CDATA[]]></system-out>
  <system-err><![CDATA[]]></system-err>
</testsuite>
