<?xml version="1.0" encoding="UTF-8"?>
<testsuite name="org.bitcoinj.core.PeerGroupTest" tests="42" skipped="2" failures="0" errors="0" timestamp="2019-03-25T22:24:04" hostname="IO-2.local" time="4.53">
  <properties/>
  <testcase name="singleDownloadPeer1[0]" classname="org.bitcoinj.core.PeerGroupTest" time="0.112"/>
  <testcase name="singleDownloadPeer2[0]" classname="org.bitcoinj.core.PeerGroupTest" time="0.049"/>
  <testcase name="receiveTxBroadcastOnAddedWallet[0]" classname="org.bitcoinj.core.PeerGroupTest" time="0.082"/>
  <testcase name="downloadPeerSelection[0]" classname="org.bitcoinj.core.PeerGroupTest" time="0.047"/>
  <testcase name="preferLocalPeer[0]" classname="org.bitcoinj.core.PeerGroupTest" time="0.038"/>
  <testcase name="waitForNumPeers1[0]" classname="org.bitcoinj.core.PeerGroupTest" time="0.045"/>
  <testcase name="transactionConfidence[0]" classname="org.bitcoinj.core.PeerGroupTest" time="0.048"/>
  <testcase name="peerTimeoutTest[0]" classname="org.bitcoinj.core.PeerGroupTest" time="0.136"/>
  <testcase name="autoRescanOnKeyExhaustion[0]" classname="org.bitcoinj.core.PeerGroupTest" time="0.073"/>
  <testcase name="pings[0]" classname="org.bitcoinj.core.PeerGroupTest" time="0.235"/>
  <testcase name="receiveTxBroadcast[0]" classname="org.bitcoinj.core.PeerGroupTest" time="0.046"/>
  <testcase name="testBloomResendOnNewKey[0]" classname="org.bitcoinj.core.PeerGroupTest" time="0.055"/>
  <testcase name="peerDiscoveryPolling[0]" classname="org.bitcoinj.core.PeerGroupTest" time="1.037"/>
  <testcase name="testBloomOnP2Pubkey[0]" classname="org.bitcoinj.core.PeerGroupTest" time="0.062"/>
  <testcase name="peerPriority[0]" classname="org.bitcoinj.core.PeerGroupTest" time="0.0">
    <skipped/>
  </testcase>
  <testcase name="waitForPeersOfVersion[0]" classname="org.bitcoinj.core.PeerGroupTest" time="0.045"/>
  <testcase name="listener[0]" classname="org.bitcoinj.core.PeerGroupTest" time="0.039"/>
  <testcase name="multiplePeerDiscovery[0]" classname="org.bitcoinj.core.PeerGroupTest" time="0.027"/>
  <testcase name="testWalletCatchupTime[0]" classname="org.bitcoinj.core.PeerGroupTest" time="0.055"/>
  <testcase name="waitForPeersWithServiceFlags[0]" classname="org.bitcoinj.core.PeerGroupTest" time="0.041"/>
  <testcase name="noPings[0]" classname="org.bitcoinj.core.PeerGroupTest" time="0.043"/>
  <testcase name="singleDownloadPeer1[1]" classname="org.bitcoinj.core.PeerGroupTest" time="0.137"/>
  <testcase name="singleDownloadPeer2[1]" classname="org.bitcoinj.core.PeerGroupTest" time="0.068"/>
  <testcase name="receiveTxBroadcastOnAddedWallet[1]" classname="org.bitcoinj.core.PeerGroupTest" time="0.055"/>
  <testcase name="downloadPeerSelection[1]" classname="org.bitcoinj.core.PeerGroupTest" time="0.042"/>
  <testcase name="preferLocalPeer[1]" classname="org.bitcoinj.core.PeerGroupTest" time="0.026"/>
  <testcase name="waitForNumPeers1[1]" classname="org.bitcoinj.core.PeerGroupTest" time="0.037"/>
  <testcase name="transactionConfidence[1]" classname="org.bitcoinj.core.PeerGroupTest" time="0.046"/>
  <testcase name="peerTimeoutTest[1]" classname="org.bitcoinj.core.PeerGroupTest" time="0.137"/>
  <testcase name="autoRescanOnKeyExhaustion[1]" classname="org.bitcoinj.core.PeerGroupTest" time="0.068"/>
  <testcase name="pings[1]" classname="org.bitcoinj.core.PeerGroupTest" time="0.241"/>
  <testcase name="receiveTxBroadcast[1]" classname="org.bitcoinj.core.PeerGroupTest" time="0.037"/>
  <testcase name="testBloomResendOnNewKey[1]" classname="org.bitcoinj.core.PeerGroupTest" time="0.04"/>
  <testcase name="peerDiscoveryPolling[1]" classname="org.bitcoinj.core.PeerGroupTest" time="1.038"/>
  <testcase name="testBloomOnP2Pubkey[1]" classname="org.bitcoinj.core.PeerGroupTest" time="0.037"/>
  <testcase name="peerPriority[1]" classname="org.bitcoinj.core.PeerGroupTest" time="0.0">
    <skipped/>
  </testcase>
  <testcase name="waitForPeersOfVersion[1]" classname="org.bitcoinj.core.PeerGroupTest" time="0.034"/>
  <testcase name="listener[1]" classname="org.bitcoinj.core.PeerGroupTest" time="0.03"/>
  <testcase name="multiplePeerDiscovery[1]" classname="org.bitcoinj.core.PeerGroupTest" time="0.03"/>
  <testcase name="testWalletCatchupTime[1]" classname="org.bitcoinj.core.PeerGroupTest" time="0.039"/>
  <testcase name="waitForPeersWithServiceFlags[1]" classname="org.bitcoinj.core.PeerGroupTest" time="0.03"/>
  <testcase name="noPings[1]" classname="org.bitcoinj.core.PeerGroupTest" time="0.024"/>
  <system-out><![CDATA[]]></system-out>
  <system-err><![CDATA[15:24:04 12 Context.<init>: Creating bitcoinj 0.16-SNAPSHOT context.
15:24:04 12 MnemonicCode.toSeed: PBKDF2 took 14.47 ms
15:24:04 12 DeterministicKeyChain.maybeLookAhead: 1 keys needed for M/0H/0 = 1 issued + 0 lookahead size + 0 lookahead threshold - 0 num children
15:24:04 12 DeterministicKeyChain.maybeLookAhead: Took 271.4 μs
15:24:04 12 AbstractBlockChain.<init>: chain head is at height 0:
 block: 
   hash: 0d1ddf2b9caed3fea7662b6faff88009463418c34e09c69da6527d64daf617c2
   version: 1
   previous block: 0000000000000000000000000000000000000000000000000000000000000000
   time: 1553552642 (2019-03-25T22:24:02Z)
   difficulty target (nBits): 545259519
   nonce: 0

15:24:04 122 DeterministicKeyChain.maybeLookAhead: 6 keys needed for M/0H/0 = 1 issued + 4 lookahead size + 2 lookahead threshold - 1 num children
15:24:04 122 DeterministicKeyChain.maybeLookAhead: Took 2.293 ms
15:24:04 122 DeterministicKeyChain.maybeLookAhead: 6 keys needed for M/0H/1 = 0 issued + 4 lookahead size + 2 lookahead threshold - 0 num children
15:24:04 122 DeterministicKeyChain.maybeLookAhead: Took 1.628 ms
15:24:04 122 PeerGroup$8.run: Starting ...
15:24:04 122 PeerGroup.discoverPeers: Peer discovery took 19.00 μs and returned 0 items
15:24:04 12 PeerGroup.connectTo: Attempting connection to [127.0.0.1]:2001     (0 connected, 1 pending, 0 max)
15:24:04 123 NioClientManager.handleKey: Connected to localhost/127.0.0.1:2001
15:24:04 123 Peer.connectionOpened: Announcing to localhost/127.0.0.1:2001 as: /bitcoinj:0.16-SNAPSHOT/
15:24:04 123 Peer.processVersionMessage: Peer{[127.0.0.1]:2001, version=70001, subVer=/bitcoinj:0.16-SNAPSHOT/, services=1 (NETWORK), time=2019-03-25 15:24:04, height=1}
15:24:04 123 PeerGroup.handleNewPeer: Peer{[127.0.0.1]:2001, version=70001, subVer=/bitcoinj:0.16-SNAPSHOT/, services=1 (NETWORK), time=2019-03-25 15:24:04, height=1}: New peer      (1 connected, 0 pending, 1 max)
15:24:04 123 PeerGroup.setDownloadPeer: Setting download peer: Peer{[127.0.0.1]:2001, version=70001, subVer=/bitcoinj:0.16-SNAPSHOT/, services=1 (NETWORK), time=2019-03-25 15:24:04, height=1}
15:24:04 12 PeerGroup.connectTo: Attempting connection to [127.0.0.1]:2002     (1 connected, 1 pending, 1 max)
15:24:04 123 NioClientManager.handleKey: Connected to localhost/127.0.0.1:2002
15:24:04 123 Peer.connectionOpened: Announcing to localhost/127.0.0.1:2002 as: /bitcoinj:0.16-SNAPSHOT/
15:24:04 123 Peer.processVersionMessage: Peer{[127.0.0.1]:2002, version=70001, subVer=/bitcoinj:0.16-SNAPSHOT/, services=1 (NETWORK), time=2019-03-25 15:24:04, height=1}
15:24:04 123 PeerGroup.handleNewPeer: Peer{[127.0.0.1]:2002, version=70001, subVer=/bitcoinj:0.16-SNAPSHOT/, services=1 (NETWORK), time=2019-03-25 15:24:04, height=1}: New peer      (2 connected, 0 pending, 2 max)
15:24:04 12 PeerGroup.handlePeerDeath: [127.0.0.1]:2001: Peer died      (1 connected, 0 pending, 2 max)
15:24:04 12 PeerGroup.handlePeerDeath: Download peer died. Picking a new one.
15:24:04 12 PeerGroup.setDownloadPeer: Unsetting download peer: Peer{[127.0.0.1]:2001, version=70001, subVer=/bitcoinj:0.16-SNAPSHOT/, services=1 (NETWORK), time=2019-03-25 15:24:04, height=1}
15:24:04 12 PeerGroup.setDownloadPeer: Setting download peer: Peer{[127.0.0.1]:2002, version=70001, subVer=/bitcoinj:0.16-SNAPSHOT/, services=1 (NETWORK), time=2019-03-25 15:24:04, height=1}
15:24:04 122 PeerGroup.discoverPeers: Peer discovery took 2.694 μs and returned 0 items
15:24:04 122 PeerGroup$6.go: Waiting 1500 ms before next connect attempt to [127.0.0.1]:2001
15:24:04 123 PeerGroup.handlePeerDeath: [127.0.0.1]:2002: Peer died      (0 connected, 0 pending, 2 max)
15:24:04 123 PeerGroup.handlePeerDeath: Download peer died. Picking a new one.
15:24:04 123 PeerGroup.setDownloadPeer: Unsetting download peer: Peer{[127.0.0.1]:2002, version=70001, subVer=/bitcoinj:0.16-SNAPSHOT/, services=1 (NETWORK), time=2019-03-25 15:24:04, height=1}
15:24:04 122 PeerGroup$9.run: Stopping ...
15:24:04 122 PeerGroup$9.run: Stopped, took 166.0 μs.
15:24:04 12 Context.<init>: Creating bitcoinj 0.16-SNAPSHOT context.
15:24:04 12 MnemonicCode.toSeed: PBKDF2 took 12.91 ms
15:24:04 12 DeterministicKeyChain.maybeLookAhead: 1 keys needed for M/0H/0 = 1 issued + 0 lookahead size + 0 lookahead threshold - 0 num children
15:24:04 12 DeterministicKeyChain.maybeLookAhead: Took 296.1 μs
15:24:04 12 AbstractBlockChain.<init>: chain head is at height 0:
 block: 
   hash: 0d1ddf2b9caed3fea7662b6faff88009463418c34e09c69da6527d64daf617c2
   version: 1
   previous block: 0000000000000000000000000000000000000000000000000000000000000000
   time: 1553552642 (2019-03-25T22:24:02Z)
   difficulty target (nBits): 545259519
   nonce: 0

15:24:04 131 DeterministicKeyChain.maybeLookAhead: 6 keys needed for M/0H/0 = 1 issued + 4 lookahead size + 2 lookahead threshold - 1 num children
15:24:04 131 DeterministicKeyChain.maybeLookAhead: Took 1.355 ms
15:24:04 131 DeterministicKeyChain.maybeLookAhead: 6 keys needed for M/0H/1 = 0 issued + 4 lookahead size + 2 lookahead threshold - 0 num children
15:24:04 131 DeterministicKeyChain.maybeLookAhead: Took 1.264 ms
15:24:04 131 PeerGroup$8.run: Starting ...
15:24:04 12 PeerGroup.connectTo: Attempting connection to [127.0.0.1]:2001     (0 connected, 1 pending, 0 max)
15:24:04 131 PeerGroup.discoverPeers: Peer discovery took 2.576 μs and returned 0 items
15:24:04 132 NioClientManager.handleKey: Connected to localhost/127.0.0.1:2001
15:24:04 132 Peer.connectionOpened: Announcing to localhost/127.0.0.1:2001 as: /bitcoinj:0.16-SNAPSHOT/
15:24:04 132 Peer.processVersionMessage: Peer{[127.0.0.1]:2001, version=70001, subVer=/bitcoinj:0.16-SNAPSHOT/, services=1 (NETWORK), time=2019-03-25 15:24:04, height=1}
15:24:04 132 PeerGroup.handleNewPeer: Peer{[127.0.0.1]:2001, version=70001, subVer=/bitcoinj:0.16-SNAPSHOT/, services=1 (NETWORK), time=2019-03-25 15:24:04, height=1}: New peer      (1 connected, 0 pending, 1 max)
15:24:04 132 PeerGroup.setDownloadPeer: Setting download peer: Peer{[127.0.0.1]:2001, version=70001, subVer=/bitcoinj:0.16-SNAPSHOT/, services=1 (NETWORK), time=2019-03-25 15:24:04, height=1}
15:24:04 12 PeerGroup.connectTo: Attempting connection to [127.0.0.1]:2002     (1 connected, 1 pending, 1 max)
15:24:04 132 NioClientManager.handleKey: Connected to localhost/127.0.0.1:2002
15:24:04 132 Peer.connectionOpened: Announcing to localhost/127.0.0.1:2002 as: /bitcoinj:0.16-SNAPSHOT/
15:24:04 132 Peer.processVersionMessage: Peer{[127.0.0.1]:2002, version=70001, subVer=/bitcoinj:0.16-SNAPSHOT/, services=1 (NETWORK), time=2019-03-25 15:24:04, height=1}
15:24:04 132 PeerGroup.handleNewPeer: Peer{[127.0.0.1]:2002, version=70001, subVer=/bitcoinj:0.16-SNAPSHOT/, services=1 (NETWORK), time=2019-03-25 15:24:04, height=1}: New peer      (2 connected, 0 pending, 2 max)
15:24:04 132 PeerGroup.handlePeerDeath: [127.0.0.1]:2001: Peer died      (1 connected, 0 pending, 2 max)
15:24:04 132 PeerGroup.handlePeerDeath: Download peer died. Picking a new one.
15:24:04 132 PeerGroup.setDownloadPeer: Unsetting download peer: Peer{[127.0.0.1]:2001, version=70001, subVer=/bitcoinj:0.16-SNAPSHOT/, services=1 (NETWORK), time=2019-03-25 15:24:04, height=1}
15:24:04 132 PeerGroup.setDownloadPeer: Setting download peer: Peer{[127.0.0.1]:2002, version=70001, subVer=/bitcoinj:0.16-SNAPSHOT/, services=1 (NETWORK), time=2019-03-25 15:24:04, height=1}
15:24:04 131 PeerGroup.discoverPeers: Peer discovery took 2.468 μs and returned 0 items
15:24:04 132 PeerGroup.handlePeerDeath: [127.0.0.1]:2002: Peer died      (0 connected, 0 pending, 2 max)
15:24:04 132 PeerGroup.handlePeerDeath: Download peer died. Picking a new one.
15:24:04 132 PeerGroup.setDownloadPeer: Unsetting download peer: Peer{[127.0.0.1]:2002, version=70001, subVer=/bitcoinj:0.16-SNAPSHOT/, services=1 (NETWORK), time=2019-03-25 15:24:04, height=1}
15:24:04 131 PeerGroup$6.go: Waiting 2250 ms before next connect attempt to [127.0.0.1]:2001
15:24:04 131 PeerGroup.discoverPeers: Peer discovery took 45.45 μs and returned 0 items
15:24:04 131 PeerGroup$6.go: Waiting 3375 ms before next connect attempt to [127.0.0.1]:2001
15:24:04 131 PeerGroup$9.run: Stopping ...
15:24:04 131 PeerGroup$9.run: Stopped, took 93.61 μs.
15:24:04 12 Context.<init>: Creating bitcoinj 0.16-SNAPSHOT context.
15:24:05 12 MnemonicCode.toSeed: PBKDF2 took 18.19 ms
15:24:05 12 DeterministicKeyChain.maybeLookAhead: 1 keys needed for M/0H/0 = 1 issued + 0 lookahead size + 0 lookahead threshold - 0 num children
15:24:05 12 DeterministicKeyChain.maybeLookAhead: Took 214.9 μs
15:24:05 12 AbstractBlockChain.<init>: chain head is at height 0:
 block: 
   hash: 0d1ddf2b9caed3fea7662b6faff88009463418c34e09c69da6527d64daf617c2
   version: 1
   previous block: 0000000000000000000000000000000000000000000000000000000000000000
   time: 1553552642 (2019-03-25T22:24:02Z)
   difficulty target (nBits): 545259519
   nonce: 0

15:24:05 139 DeterministicKeyChain.maybeLookAhead: 6 keys needed for M/0H/0 = 1 issued + 4 lookahead size + 2 lookahead threshold - 1 num children
15:24:05 139 DeterministicKeyChain.maybeLookAhead: Took 1.302 ms
15:24:05 139 DeterministicKeyChain.maybeLookAhead: 6 keys needed for M/0H/1 = 0 issued + 4 lookahead size + 2 lookahead threshold - 0 num children
15:24:05 139 DeterministicKeyChain.maybeLookAhead: Took 1.011 ms
15:24:05 139 PeerGroup$8.run: Starting ...
15:24:05 139 PeerGroup.discoverPeers: Peer discovery took 3.876 μs and returned 0 items
15:24:05 12 PeerGroup.connectTo: Attempting connection to [127.0.0.1]:2001     (0 connected, 1 pending, 0 max)
15:24:05 140 NioClientManager.handleKey: Connected to localhost/127.0.0.1:2001
15:24:05 140 Peer.connectionOpened: Announcing to localhost/127.0.0.1:2001 as: /bitcoinj:0.16-SNAPSHOT/
15:24:05 140 Peer.processVersionMessage: Peer{[127.0.0.1]:2001, version=70001, subVer=/bitcoinj:0.16-SNAPSHOT/, services=1 (NETWORK), time=2019-03-25 15:24:05, height=1}
15:24:05 140 PeerGroup.handleNewPeer: Peer{[127.0.0.1]:2001, version=70001, subVer=/bitcoinj:0.16-SNAPSHOT/, services=1 (NETWORK), time=2019-03-25 15:24:05, height=1}: New peer      (1 connected, 0 pending, 1 max)
15:24:05 140 PeerGroup.setDownloadPeer: Setting download peer: Peer{[127.0.0.1]:2001, version=70001, subVer=/bitcoinj:0.16-SNAPSHOT/, services=1 (NETWORK), time=2019-03-25 15:24:05, height=1}
15:24:05 12 MnemonicCode.toSeed: PBKDF2 took 19.74 ms
15:24:05 12 DeterministicKeyChain.maybeLookAhead: 1 keys needed for M/0H/0 = 1 issued + 0 lookahead size + 0 lookahead threshold - 0 num children
15:24:05 12 DeterministicKeyChain.maybeLookAhead: Took 4.346 ms
15:24:05 139 DeterministicKeyChain.maybeLookAhead: 6 keys needed for M/0H/0 = 1 issued + 5 lookahead size + 1 lookahead threshold - 1 num children
15:24:05 139 DeterministicKeyChain.maybeLookAhead: Took 1.760 ms
15:24:05 139 DeterministicKeyChain.maybeLookAhead: 6 keys needed for M/0H/1 = 0 issued + 5 lookahead size + 1 lookahead threshold - 0 num children
15:24:05 139 DeterministicKeyChain.maybeLookAhead: Took 1.412 ms
15:24:05 140 Peer.downloadDependencies: [127.0.0.1]:2001: Downloading dependencies of 9a0e1c6cc24f95ef47b5357fddbf3655b6a2482201d51d1b55b9949b878d2fac
15:24:05 140 Peer.processNotFoundMessage: Peer{[127.0.0.1]:2001, version=70001, subVer=/bitcoinj:0.16-SNAPSHOT/, services=1 (NETWORK), time=2019-03-25 15:24:05, height=1}: Bottomed out dep tree at af12cbab24642929fa9965b0d83445bdbfd9020948ec62831d818c0dc20689b7
15:24:05 140 Peer$5.onSuccess: [127.0.0.1]:2001: Dependency download complete!
15:24:05 140 Wallet.receivePending: Received a pending transaction 9a0e1c6cc24f95ef47b5357fddbf3655b6a2482201d51d1b55b9949b878d2fac that spends 0.00 BTC from our own wallet, and sends us 1.00 BTC
15:24:05 140 Wallet.maybeCommitTx: commitTx of 9a0e1c6cc24f95ef47b5357fddbf3655b6a2482201d51d1b55b9949b878d2fac
15:24:05 140 Wallet.maybeCommitTx: ->pending: 9a0e1c6cc24f95ef47b5357fddbf3655b6a2482201d51d1b55b9949b878d2fac
15:24:05 140 Wallet.maybeCommitTx: Estimated balance is now: 1.00 BTC
15:24:05 140 PeerGroup.handlePeerDeath: [127.0.0.1]:2001: Peer died      (0 connected, 0 pending, 1 max)
15:24:05 140 PeerGroup.handlePeerDeath: Download peer died. Picking a new one.
15:24:05 140 PeerGroup.setDownloadPeer: Unsetting download peer: Peer{[127.0.0.1]:2001, version=70001, subVer=/bitcoinj:0.16-SNAPSHOT/, services=1 (NETWORK), time=2019-03-25 15:24:05, height=1}
15:24:05 139 PeerGroup$9.run: Stopping ...
15:24:05 139 PeerGroup$9.run: Stopped, took 95.06 μs.
15:24:05 12 Context.<init>: Creating bitcoinj 0.16-SNAPSHOT context.
15:24:05 12 MnemonicCode.toSeed: PBKDF2 took 17.64 ms
15:24:05 12 DeterministicKeyChain.maybeLookAhead: 1 keys needed for M/0H/0 = 1 issued + 0 lookahead size + 0 lookahead threshold - 0 num children
15:24:05 12 DeterministicKeyChain.maybeLookAhead: Took 289.6 μs
15:24:05 12 AbstractBlockChain.<init>: chain head is at height 0:
 block: 
   hash: 0d1ddf2b9caed3fea7662b6faff88009463418c34e09c69da6527d64daf617c2
   version: 1
   previous block: 0000000000000000000000000000000000000000000000000000000000000000
   time: 1553552642 (2019-03-25T22:24:02Z)
   difficulty target (nBits): 545259519
   nonce: 0

15:24:05 147 DeterministicKeyChain.maybeLookAhead: 6 keys needed for M/0H/0 = 1 issued + 4 lookahead size + 2 lookahead threshold - 1 num children
15:24:05 147 DeterministicKeyChain.maybeLookAhead: Took 1.667 ms
15:24:05 147 DeterministicKeyChain.maybeLookAhead: 6 keys needed for M/0H/1 = 0 issued + 4 lookahead size + 2 lookahead threshold - 0 num children
15:24:05 147 DeterministicKeyChain.maybeLookAhead: Took 1.595 ms
15:24:05 147 PeerGroup$8.run: Starting ...
15:24:05 147 PeerGroup.discoverPeers: Peer discovery took 2.558 μs and returned 0 items
15:24:05 12 PeerGroup.connectTo: Attempting connection to [127.0.0.1]:2001     (0 connected, 1 pending, 0 max)
15:24:05 148 NioClientManager.handleKey: Connected to localhost/127.0.0.1:2001
15:24:05 148 Peer.connectionOpened: Announcing to localhost/127.0.0.1:2001 as: /bitcoinj:0.16-SNAPSHOT/
15:24:05 148 Peer.processVersionMessage: Peer{[127.0.0.1]:2001, version=70000, subVer=/bitcoinj:0.16-SNAPSHOT/, services=1 (NETWORK), time=2019-03-25 15:24:05, height=2}
15:24:05 148 PeerGroup.handleNewPeer: Peer{[127.0.0.1]:2001, version=70000, subVer=/bitcoinj:0.16-SNAPSHOT/, services=1 (NETWORK), time=2019-03-25 15:24:05, height=2}: New peer      (1 connected, 0 pending, 1 max)
15:24:05 148 PeerGroup.setDownloadPeer: Setting download peer: Peer{[127.0.0.1]:2001, version=70000, subVer=/bitcoinj:0.16-SNAPSHOT/, services=1 (NETWORK), time=2019-03-25 15:24:05, height=2}
15:24:05 12 PeerGroup.connectTo: Attempting connection to [127.0.0.1]:2002     (1 connected, 1 pending, 1 max)
15:24:05 148 NioClientManager.handleKey: Connected to localhost/127.0.0.1:2002
15:24:05 148 Peer.connectionOpened: Announcing to localhost/127.0.0.1:2002 as: /bitcoinj:0.16-SNAPSHOT/
15:24:05 148 Peer.processVersionMessage: Peer{[127.0.0.1]:2002, version=70000, subVer=/bitcoinj:0.16-SNAPSHOT/, services=1 (NETWORK), time=2019-03-25 15:24:05, height=2}
15:24:05 148 PeerGroup.handleNewPeer: Peer{[127.0.0.1]:2002, version=70000, subVer=/bitcoinj:0.16-SNAPSHOT/, services=1 (NETWORK), time=2019-03-25 15:24:05, height=2}: New peer      (2 connected, 0 pending, 2 max)
15:24:05 12 PeerGroup.connectTo: Attempting connection to [127.0.0.1]:2003     (2 connected, 1 pending, 2 max)
15:24:05 148 NioClientManager.handleKey: Connected to localhost/127.0.0.1:2003
15:24:05 148 Peer.connectionOpened: Announcing to localhost/127.0.0.1:2003 as: /bitcoinj:0.16-SNAPSHOT/
15:24:05 148 Peer.processVersionMessage: Peer{[127.0.0.1]:2003, version=70000, subVer=/bitcoinj:0.16-SNAPSHOT/, services=1 (NETWORK), time=2019-03-25 15:24:05, height=3}
15:24:05 148 PeerGroup.handleNewPeer: Peer{[127.0.0.1]:2003, version=70000, subVer=/bitcoinj:0.16-SNAPSHOT/, services=1 (NETWORK), time=2019-03-25 15:24:05, height=3}: New peer      (3 connected, 0 pending, 3 max)
15:24:05 12 PeerGroup.connectTo: Attempting connection to [127.0.0.1]:2004     (3 connected, 1 pending, 3 max)
15:24:05 148 NioClientManager.handleKey: Connected to localhost/127.0.0.1:2004
15:24:05 148 Peer.connectionOpened: Announcing to localhost/127.0.0.1:2004 as: /bitcoinj:0.16-SNAPSHOT/
15:24:05 148 Peer.processVersionMessage: Peer{[127.0.0.1]:2004, version=70000, subVer=/bitcoinj:0.16-SNAPSHOT/, services=1 (NETWORK), time=2019-03-25 15:24:05, height=3}
15:24:05 148 PeerGroup.handleNewPeer: Peer{[127.0.0.1]:2004, version=70000, subVer=/bitcoinj:0.16-SNAPSHOT/, services=1 (NETWORK), time=2019-03-25 15:24:05, height=3}: New peer      (4 connected, 0 pending, 4 max)
15:24:05 148 PeerGroup.handlePeerDeath: [127.0.0.1]:2001: Peer died      (3 connected, 0 pending, 4 max)
15:24:05 148 PeerGroup.handlePeerDeath: Download peer died. Picking a new one.
15:24:05 148 PeerGroup.setDownloadPeer: Unsetting download peer: Peer{[127.0.0.1]:2001, version=70000, subVer=/bitcoinj:0.16-SNAPSHOT/, services=1 (NETWORK), time=2019-03-25 15:24:05, height=2}
15:24:05 148 PeerGroup.setDownloadPeer: Setting download peer: Peer{[127.0.0.1]:2003, version=70000, subVer=/bitcoinj:0.16-SNAPSHOT/, services=1 (NETWORK), time=2019-03-25 15:24:05, height=3}
15:24:05 147 PeerGroup.discoverPeers: Peer discovery took 11.53 μs and returned 0 items
15:24:05 148 PeerGroup.handlePeerDeath: [127.0.0.1]:2004: Peer died      (2 connected, 0 pending, 4 max)
15:24:05 147 PeerGroup$6.go: Waiting 2250 ms before next connect attempt to [127.0.0.1]:2001
15:24:05 147 PeerGroup$6.run: Exception when trying to build connections
java.util.concurrent.RejectedExecutionException: Task java.util.concurrent.ScheduledThreadPoolExecutor$ScheduledFutureTask@7177a6a9[Not completed, task = java.util.concurrent.Executors$RunnableAdapter@49e0afe4[Wrapped task = com.google.common.util.concurrent.TrustedListenableFutureTask@ce228bc[status=PENDING, info=[task=[running=[NOT STARTED YET], java.util.concurrent.Executors$RunnableAdapter@9db71d0[Wrapped task = org.bitcoinj.core.PeerGroup$6@3da4a176]]]]]] rejected from org.bitcoinj.testing.TestWithPeerGroup$1$1@6ccdd7f3[Shutting down, pool size = 1, active threads = 1, queued tasks = 2, completed tasks = 3]
	at java.base/java.util.concurrent.ThreadPoolExecutor$AbortPolicy.rejectedExecution(ThreadPoolExecutor.java:2055)
	at java.base/java.util.concurrent.ThreadPoolExecutor.reject(ThreadPoolExecutor.java:825)
	at java.base/java.util.concurrent.ScheduledThreadPoolExecutor.delayedExecute(ScheduledThreadPoolExecutor.java:340)
	at java.base/java.util.concurrent.ScheduledThreadPoolExecutor.schedule(ScheduledThreadPoolExecutor.java:562)
	at org.bitcoinj.testing.TestWithPeerGroup$1$1.schedule(TestWithPeerGroup.java:99)
	at com.google.common.util.concurrent.MoreExecutors$ScheduledListeningDecorator.schedule(MoreExecutors.java:543)
	at org.bitcoinj.core.PeerGroup$6.go(PeerGroup.java:502)
	at org.bitcoinj.core.PeerGroup$6.run(PeerGroup.java:430)
	at java.base/java.util.concurrent.Executors$RunnableAdapter.call(Executors.java:515)
	at java.base/java.util.concurrent.FutureTask.run(FutureTask.java:264)
	at java.base/java.util.concurrent.ScheduledThreadPoolExecutor$ScheduledFutureTask.run(ScheduledThreadPoolExecutor.java:304)
	at java.base/java.util.concurrent.ThreadPoolExecutor.runWorker(ThreadPoolExecutor.java:1128)
	at java.base/java.util.concurrent.ThreadPoolExecutor$Worker.run(ThreadPoolExecutor.java:628)
	at org.bitcoinj.utils.ContextPropagatingThreadFactory$1.run(ContextPropagatingThreadFactory.java:50)
	at java.base/java.lang.Thread.run(Thread.java:834)
15:24:05 147 PeerGroup$9.run: Stopping ...
15:24:05 148 PeerGroup.handlePeerDeath: [127.0.0.1]:2002: Peer died      (1 connected, 0 pending, 4 max)
15:24:05 147 PeerGroup.setDownloadPeer: Unsetting download peer: Peer{[127.0.0.1]:2003, version=70000, subVer=/bitcoinj:0.16-SNAPSHOT/, services=1 (NETWORK), time=2019-03-25 15:24:05, height=3}
15:24:05 147 PeerGroup$9.run: Stopped, took 551.4 μs.
15:24:05 12 Context.<init>: Creating bitcoinj 0.16-SNAPSHOT context.
15:24:05 12 MnemonicCode.toSeed: PBKDF2 took 18.64 ms
15:24:05 12 DeterministicKeyChain.maybeLookAhead: 1 keys needed for M/0H/0 = 1 issued + 0 lookahead size + 0 lookahead threshold - 0 num children
15:24:05 12 DeterministicKeyChain.maybeLookAhead: Took 436.7 μs
15:24:05 12 AbstractBlockChain.<init>: chain head is at height 0:
 block: 
   hash: 0d1ddf2b9caed3fea7662b6faff88009463418c34e09c69da6527d64daf617c2
   version: 1
   previous block: 0000000000000000000000000000000000000000000000000000000000000000
   time: 1553552642 (2019-03-25T22:24:02Z)
   difficulty target (nBits): 545259519
   nonce: 0

15:24:05 155 DeterministicKeyChain.maybeLookAhead: 6 keys needed for M/0H/0 = 1 issued + 4 lookahead size + 2 lookahead threshold - 1 num children
15:24:05 155 DeterministicKeyChain.maybeLookAhead: Took 1.501 ms
15:24:05 155 DeterministicKeyChain.maybeLookAhead: 6 keys needed for M/0H/1 = 0 issued + 4 lookahead size + 2 lookahead threshold - 0 num children
15:24:05 155 DeterministicKeyChain.maybeLookAhead: Took 1.537 ms
15:24:05 155 PeerGroup$8.run: Starting ...
15:24:05 155 PeerGroup$6.go: Localhost peer detected, trying to use it instead of P2P discovery
15:24:05 155 PeerGroup.connectTo: Attempting connection to [127.0.0.1]:18333     (0 connected, 1 pending, 0 max)
15:24:05 156 NioClientManager.handleKey: Connected to localhost/127.0.0.1:18333
15:24:05 156 Peer.connectionOpened: Announcing to localhost/127.0.0.1:18333 as: /bitcoinj:0.16-SNAPSHOT/
15:24:05 155 PeerGroup$9.run: Stopping ...
15:24:05 155 PeerGroup$9.run: Stopped, took 144.6 μs.
15:24:05 12 Context.<init>: Creating bitcoinj 0.16-SNAPSHOT context.
15:24:05 12 MnemonicCode.toSeed: PBKDF2 took 12.17 ms
15:24:05 12 DeterministicKeyChain.maybeLookAhead: 1 keys needed for M/0H/0 = 1 issued + 0 lookahead size + 0 lookahead threshold - 0 num children
15:24:05 12 DeterministicKeyChain.maybeLookAhead: Took 375.0 μs
15:24:05 12 AbstractBlockChain.<init>: chain head is at height 0:
 block: 
   hash: 0d1ddf2b9caed3fea7662b6faff88009463418c34e09c69da6527d64daf617c2
   version: 1
   previous block: 0000000000000000000000000000000000000000000000000000000000000000
   time: 1553552642 (2019-03-25T22:24:02Z)
   difficulty target (nBits): 545259519
   nonce: 0

15:24:05 163 DeterministicKeyChain.maybeLookAhead: 6 keys needed for M/0H/0 = 1 issued + 4 lookahead size + 2 lookahead threshold - 1 num children
15:24:05 163 DeterministicKeyChain.maybeLookAhead: Took 2.119 ms
15:24:05 163 DeterministicKeyChain.maybeLookAhead: 6 keys needed for M/0H/1 = 0 issued + 4 lookahead size + 2 lookahead threshold - 0 num children
15:24:05 163 DeterministicKeyChain.maybeLookAhead: Took 1.584 ms
15:24:05 163 PeerGroup$8.run: Starting ...
15:24:05 163 PeerGroup.discoverPeers: Peer discovery took 3.091 μs and returned 0 items
15:24:05 12 PeerGroup.connectTo: Attempting connection to [127.0.0.1]:2001     (0 connected, 1 pending, 0 max)
15:24:05 164 NioClientManager.handleKey: Connected to localhost/127.0.0.1:2001
15:24:05 164 Peer.connectionOpened: Announcing to localhost/127.0.0.1:2001 as: /bitcoinj:0.16-SNAPSHOT/
15:24:05 164 Peer.processVersionMessage: Peer{[127.0.0.1]:2001, version=70001, subVer=/bitcoinj:0.16-SNAPSHOT/, services=1 (NETWORK), time=2019-03-25 15:24:05, height=1}
15:24:05 164 PeerGroup.handleNewPeer: Peer{[127.0.0.1]:2001, version=70001, subVer=/bitcoinj:0.16-SNAPSHOT/, services=1 (NETWORK), time=2019-03-25 15:24:05, height=1}: New peer      (1 connected, 0 pending, 1 max)
15:24:05 164 PeerGroup.setDownloadPeer: Setting download peer: Peer{[127.0.0.1]:2001, version=70001, subVer=/bitcoinj:0.16-SNAPSHOT/, services=1 (NETWORK), time=2019-03-25 15:24:05, height=1}
15:24:05 12 PeerGroup.connectTo: Attempting connection to [127.0.0.1]:2002     (1 connected, 1 pending, 1 max)
15:24:05 164 NioClientManager.handleKey: Connected to localhost/127.0.0.1:2002
15:24:05 164 Peer.connectionOpened: Announcing to localhost/127.0.0.1:2002 as: /bitcoinj:0.16-SNAPSHOT/
15:24:05 164 Peer.processVersionMessage: Peer{[127.0.0.1]:2002, version=70001, subVer=/bitcoinj:0.16-SNAPSHOT/, services=1 (NETWORK), time=2019-03-25 15:24:05, height=1}
15:24:05 164 PeerGroup.handleNewPeer: Peer{[127.0.0.1]:2002, version=70001, subVer=/bitcoinj:0.16-SNAPSHOT/, services=1 (NETWORK), time=2019-03-25 15:24:05, height=1}: New peer      (2 connected, 0 pending, 2 max)
15:24:05 12 PeerGroup.connectTo: Attempting connection to [127.0.0.1]:2003     (2 connected, 1 pending, 2 max)
15:24:05 164 NioClientManager.handleKey: Connected to localhost/127.0.0.1:2003
15:24:05 164 Peer.connectionOpened: Announcing to localhost/127.0.0.1:2003 as: /bitcoinj:0.16-SNAPSHOT/
15:24:05 164 Peer.processVersionMessage: Peer{[127.0.0.1]:2003, version=70001, subVer=/bitcoinj:0.16-SNAPSHOT/, services=1 (NETWORK), time=2019-03-25 15:24:05, height=1}
15:24:05 164 PeerGroup.handleNewPeer: Peer{[127.0.0.1]:2003, version=70001, subVer=/bitcoinj:0.16-SNAPSHOT/, services=1 (NETWORK), time=2019-03-25 15:24:05, height=1}: New peer      (3 connected, 0 pending, 3 max)
15:24:05 164 PeerGroup.handlePeerDeath: [127.0.0.1]:2001: Peer died      (2 connected, 0 pending, 3 max)
15:24:05 164 PeerGroup.handlePeerDeath: Download peer died. Picking a new one.
15:24:05 164 PeerGroup.setDownloadPeer: Unsetting download peer: Peer{[127.0.0.1]:2001, version=70001, subVer=/bitcoinj:0.16-SNAPSHOT/, services=1 (NETWORK), time=2019-03-25 15:24:05, height=1}
15:24:05 164 PeerGroup.setDownloadPeer: Setting download peer: Peer{[127.0.0.1]:2003, version=70001, subVer=/bitcoinj:0.16-SNAPSHOT/, services=1 (NETWORK), time=2019-03-25 15:24:05, height=1}
15:24:05 163 PeerGroup.discoverPeers: Peer discovery took 2.477 μs and returned 0 items
15:24:05 164 PeerGroup.handlePeerDeath: [127.0.0.1]:2002: Peer died      (1 connected, 0 pending, 3 max)
15:24:05 163 PeerGroup$6.go: Waiting 2250 ms before next connect attempt to [127.0.0.1]:2001
15:24:05 163 PeerGroup$6.run: Exception when trying to build connections
java.util.concurrent.RejectedExecutionException: Task java.util.concurrent.ScheduledThreadPoolExecutor$ScheduledFutureTask@24561e01[Not completed, task = java.util.concurrent.Executors$RunnableAdapter@54b467c5[Wrapped task = com.google.common.util.concurrent.TrustedListenableFutureTask@508bf98b[status=PENDING, info=[task=[running=[NOT STARTED YET], java.util.concurrent.Executors$RunnableAdapter@15896dfe[Wrapped task = org.bitcoinj.core.PeerGroup$6@53abd1fe]]]]]] rejected from org.bitcoinj.testing.TestWithPeerGroup$1$1@2b9efca1[Shutting down, pool size = 1, active threads = 1, queued tasks = 2, completed tasks = 3]
	at java.base/java.util.concurrent.ThreadPoolExecutor$AbortPolicy.rejectedExecution(ThreadPoolExecutor.java:2055)
	at java.base/java.util.concurrent.ThreadPoolExecutor.reject(ThreadPoolExecutor.java:825)
	at java.base/java.util.concurrent.ScheduledThreadPoolExecutor.delayedExecute(ScheduledThreadPoolExecutor.java:340)
	at java.base/java.util.concurrent.ScheduledThreadPoolExecutor.schedule(ScheduledThreadPoolExecutor.java:562)
	at org.bitcoinj.testing.TestWithPeerGroup$1$1.schedule(TestWithPeerGroup.java:99)
	at com.google.common.util.concurrent.MoreExecutors$ScheduledListeningDecorator.schedule(MoreExecutors.java:543)
	at org.bitcoinj.core.PeerGroup$6.go(PeerGroup.java:502)
	at org.bitcoinj.core.PeerGroup$6.run(PeerGroup.java:430)
	at java.base/java.util.concurrent.Executors$RunnableAdapter.call(Executors.java:515)
	at java.base/java.util.concurrent.FutureTask.run(FutureTask.java:264)
	at java.base/java.util.concurrent.ScheduledThreadPoolExecutor$ScheduledFutureTask.run(ScheduledThreadPoolExecutor.java:304)
	at java.base/java.util.concurrent.ThreadPoolExecutor.runWorker(ThreadPoolExecutor.java:1128)
	at java.base/java.util.concurrent.ThreadPoolExecutor$Worker.run(ThreadPoolExecutor.java:628)
	at org.bitcoinj.utils.ContextPropagatingThreadFactory$1.run(ContextPropagatingThreadFactory.java:50)
	at java.base/java.lang.Thread.run(Thread.java:834)
15:24:05 163 PeerGroup$9.run: Stopping ...
15:24:05 163 PeerGroup.setDownloadPeer: Unsetting download peer: Peer{[127.0.0.1]:2003, version=70001, subVer=/bitcoinj:0.16-SNAPSHOT/, services=1 (NETWORK), time=2019-03-25 15:24:05, height=1}
15:24:05 12 Context.<init>: Creating bitcoinj 0.16-SNAPSHOT context.
15:24:05 163 PeerGroup$9.run: Stopped, took 400.7 μs.
15:24:05 12 MnemonicCode.toSeed: PBKDF2 took 11.29 ms
15:24:05 12 DeterministicKeyChain.maybeLookAhead: 1 keys needed for M/0H/0 = 1 issued + 0 lookahead size + 0 lookahead threshold - 0 num children
15:24:05 12 DeterministicKeyChain.maybeLookAhead: Took 199.4 μs
15:24:05 12 AbstractBlockChain.<init>: chain head is at height 0:
 block: 
   hash: 0d1ddf2b9caed3fea7662b6faff88009463418c34e09c69da6527d64daf617c2
   version: 1
   previous block: 0000000000000000000000000000000000000000000000000000000000000000
   time: 1553552642 (2019-03-25T22:24:02Z)
   difficulty target (nBits): 545259519
   nonce: 0

15:24:05 171 DeterministicKeyChain.maybeLookAhead: 6 keys needed for M/0H/0 = 1 issued + 4 lookahead size + 2 lookahead threshold - 1 num children
15:24:05 171 DeterministicKeyChain.maybeLookAhead: Took 1.670 ms
15:24:05 171 DeterministicKeyChain.maybeLookAhead: 6 keys needed for M/0H/1 = 0 issued + 4 lookahead size + 2 lookahead threshold - 0 num children
15:24:05 171 DeterministicKeyChain.maybeLookAhead: Took 2.357 ms
15:24:05 171 PeerGroup$8.run: Starting ...
15:24:05 171 PeerGroup.discoverPeers: Peer discovery took 3.143 μs and returned 0 items
15:24:05 12 PeerGroup.connectTo: Attempting connection to [127.0.0.1]:2001     (0 connected, 1 pending, 0 max)
15:24:05 172 NioClientManager.handleKey: Connected to localhost/127.0.0.1:2001
15:24:05 172 Peer.connectionOpened: Announcing to localhost/127.0.0.1:2001 as: /bitcoinj:0.16-SNAPSHOT/
15:24:05 172 Peer.processVersionMessage: Peer{[127.0.0.1]:2001, version=70001, subVer=/bitcoinj:0.16-SNAPSHOT/, services=1 (NETWORK), time=2019-03-25 15:24:05, height=1}
15:24:05 172 PeerGroup.handleNewPeer: Peer{[127.0.0.1]:2001, version=70001, subVer=/bitcoinj:0.16-SNAPSHOT/, services=1 (NETWORK), time=2019-03-25 15:24:05, height=1}: New peer      (1 connected, 0 pending, 1 max)
15:24:05 172 PeerGroup.setDownloadPeer: Setting download peer: Peer{[127.0.0.1]:2001, version=70001, subVer=/bitcoinj:0.16-SNAPSHOT/, services=1 (NETWORK), time=2019-03-25 15:24:05, height=1}
15:24:05 12 PeerGroup.connectTo: Attempting connection to [127.0.0.1]:2002     (1 connected, 1 pending, 1 max)
15:24:05 172 NioClientManager.handleKey: Connected to localhost/127.0.0.1:2002
15:24:05 172 Peer.connectionOpened: Announcing to localhost/127.0.0.1:2002 as: /bitcoinj:0.16-SNAPSHOT/
15:24:05 172 Peer.processVersionMessage: Peer{[127.0.0.1]:2002, version=70001, subVer=/bitcoinj:0.16-SNAPSHOT/, services=1 (NETWORK), time=2019-03-25 15:24:05, height=1}
15:24:05 172 PeerGroup.handleNewPeer: Peer{[127.0.0.1]:2002, version=70001, subVer=/bitcoinj:0.16-SNAPSHOT/, services=1 (NETWORK), time=2019-03-25 15:24:05, height=1}: New peer      (2 connected, 0 pending, 2 max)
15:24:05 12 PeerGroup.connectTo: Attempting connection to [127.0.0.1]:2003     (2 connected, 1 pending, 2 max)
15:24:05 172 NioClientManager.handleKey: Connected to localhost/127.0.0.1:2003
15:24:05 172 Peer.connectionOpened: Announcing to localhost/127.0.0.1:2003 as: /bitcoinj:0.16-SNAPSHOT/
15:24:05 172 Peer.processVersionMessage: Peer{[127.0.0.1]:2003, version=70001, subVer=/bitcoinj:0.16-SNAPSHOT/, services=1 (NETWORK), time=2019-03-25 15:24:05, height=1}
15:24:05 172 PeerGroup.handleNewPeer: Peer{[127.0.0.1]:2003, version=70001, subVer=/bitcoinj:0.16-SNAPSHOT/, services=1 (NETWORK), time=2019-03-25 15:24:05, height=1}: New peer      (3 connected, 0 pending, 3 max)
15:24:05 172 Peer.downloadDependencies: [127.0.0.1]:2002: Downloading dependencies of 5d5ab06de1dbe9404dfb3d4c72740bf6ad4708f1f4fb77f51967193b292e2863
15:24:05 172 Peer.downloadDependencies: [127.0.0.1]:2001: Downloading dependencies of 5d5ab06de1dbe9404dfb3d4c72740bf6ad4708f1f4fb77f51967193b292e2863
15:24:05 172 PeerGroup.handlePeerDeath: [127.0.0.1]:2001: Peer died      (2 connected, 0 pending, 3 max)
15:24:05 172 PeerGroup.handlePeerDeath: Download peer died. Picking a new one.
15:24:05 172 PeerGroup.setDownloadPeer: Unsetting download peer: Peer{[127.0.0.1]:2001, version=70001, subVer=/bitcoinj:0.16-SNAPSHOT/, services=1 (NETWORK), time=2019-03-25 15:24:05, height=1}
15:24:05 172 PeerGroup.setDownloadPeer: Setting download peer: Peer{[127.0.0.1]:2003, version=70001, subVer=/bitcoinj:0.16-SNAPSHOT/, services=1 (NETWORK), time=2019-03-25 15:24:05, height=1}
15:24:05 172 PeerGroup.handlePeerDeath: [127.0.0.1]:2002: Peer died      (1 connected, 0 pending, 3 max)
15:24:05 172 PeerGroup.handlePeerDeath: [127.0.0.1]:2003: Peer died      (0 connected, 0 pending, 3 max)
15:24:05 172 PeerGroup.handlePeerDeath: Download peer died. Picking a new one.
15:24:05 172 PeerGroup.setDownloadPeer: Unsetting download peer: Peer{[127.0.0.1]:2003, version=70001, subVer=/bitcoinj:0.16-SNAPSHOT/, services=1 (NETWORK), time=2019-03-25 15:24:05, height=1}
15:24:05 171 PeerGroup.discoverPeers: Peer discovery took 2.163 μs and returned 0 items
15:24:05 12 Context.<init>: Creating bitcoinj 0.16-SNAPSHOT context.
15:24:05 171 PeerGroup$6.go: Waiting 3375 ms before next connect attempt to [127.0.0.1]:2001
15:24:05 171 PeerGroup$6.run: Exception when trying to build connections
java.util.concurrent.RejectedExecutionException: Task java.util.concurrent.ScheduledThreadPoolExecutor$ScheduledFutureTask@21dd9497[Not completed, task = java.util.concurrent.Executors$RunnableAdapter@51ba6e4c[Wrapped task = com.google.common.util.concurrent.TrustedListenableFutureTask@5585e0a3[status=PENDING, info=[task=[running=[NOT STARTED YET], java.util.concurrent.Executors$RunnableAdapter@10876477[Wrapped task = org.bitcoinj.core.PeerGroup$6@239756a7]]]]]] rejected from org.bitcoinj.testing.TestWithPeerGroup$1$1@5b27f8f7[Shutting down, pool size = 1, active threads = 1, queued tasks = 3, completed tasks = 3]
	at java.base/java.util.concurrent.ThreadPoolExecutor$AbortPolicy.rejectedExecution(ThreadPoolExecutor.java:2055)
	at java.base/java.util.concurrent.ThreadPoolExecutor.reject(ThreadPoolExecutor.java:825)
	at java.base/java.util.concurrent.ScheduledThreadPoolExecutor.delayedExecute(ScheduledThreadPoolExecutor.java:340)
	at java.base/java.util.concurrent.ScheduledThreadPoolExecutor.schedule(ScheduledThreadPoolExecutor.java:562)
	at org.bitcoinj.testing.TestWithPeerGroup$1$1.schedule(TestWithPeerGroup.java:99)
	at com.google.common.util.concurrent.MoreExecutors$ScheduledListeningDecorator.schedule(MoreExecutors.java:543)
	at org.bitcoinj.core.PeerGroup$6.go(PeerGroup.java:502)
	at org.bitcoinj.core.PeerGroup$6.run(PeerGroup.java:430)
	at java.base/java.util.concurrent.Executors$RunnableAdapter.call(Executors.java:515)
	at java.base/java.util.concurrent.FutureTask.run(FutureTask.java:264)
	at java.base/java.util.concurrent.ScheduledThreadPoolExecutor$ScheduledFutureTask.run(ScheduledThreadPoolExecutor.java:304)
	at java.base/java.util.concurrent.ThreadPoolExecutor.runWorker(ThreadPoolExecutor.java:1128)
	at java.base/java.util.concurrent.ThreadPoolExecutor$Worker.run(ThreadPoolExecutor.java:628)
	at org.bitcoinj.utils.ContextPropagatingThreadFactory$1.run(ContextPropagatingThreadFactory.java:50)
	at java.base/java.lang.Thread.run(Thread.java:834)
15:24:05 171 PeerGroup$9.run: Stopping ...
15:24:05 171 PeerGroup$9.run: Stopped, took 1.695 ms.
15:24:05 12 MnemonicCode.toSeed: PBKDF2 took 15.13 ms
15:24:05 12 DeterministicKeyChain.maybeLookAhead: 1 keys needed for M/0H/0 = 1 issued + 0 lookahead size + 0 lookahead threshold - 0 num children
15:24:05 12 DeterministicKeyChain.maybeLookAhead: Took 340.9 μs
15:24:05 12 AbstractBlockChain.<init>: chain head is at height 0:
 block: 
   hash: 0d1ddf2b9caed3fea7662b6faff88009463418c34e09c69da6527d64daf617c2
   version: 1
   previous block: 0000000000000000000000000000000000000000000000000000000000000000
   time: 1553552642 (2019-03-25T22:24:02Z)
   difficulty target (nBits): 545259519
   nonce: 0

15:24:05 179 DeterministicKeyChain.maybeLookAhead: 6 keys needed for M/0H/0 = 1 issued + 4 lookahead size + 2 lookahead threshold - 1 num children
15:24:05 179 DeterministicKeyChain.maybeLookAhead: Took 2.198 ms
15:24:05 179 DeterministicKeyChain.maybeLookAhead: 6 keys needed for M/0H/1 = 0 issued + 4 lookahead size + 2 lookahead threshold - 0 num children
15:24:05 179 DeterministicKeyChain.maybeLookAhead: Took 2.140 ms
15:24:05 179 PeerGroup$8.run: Starting ...
15:24:05 179 PeerGroup.discoverPeers: Peer discovery took 3.397 μs and returned 0 items
15:24:05 12 PeerGroup.connectTo: Attempting connection to [127.0.0.1]:2000     (0 connected, 1 pending, 0 max)
15:24:05 180 NioClientManager.handleKey: Connected to localhost/127.0.0.1:2000
15:24:05 180 Peer.connectionOpened: Announcing to localhost/127.0.0.1:2000 as: /bitcoinj:0.16-SNAPSHOT/
15:24:05 124 PeerSocketHandler.timeoutOccurred: [127.0.0.1]:2000: Timed out
15:24:05 124 PeerGroup.handlePeerDeath: [127.0.0.1]:2000: Peer died      (0 connected, 0 pending, 1 max)
15:24:05 179 PeerGroup.discoverPeers: Peer discovery took 3.028 μs and returned 0 items
15:24:05 179 PeerGroup$6.go: Waiting 2250 ms before next connect attempt to [127.0.0.1]:2000
15:24:05 179 PeerGroup$9.run: Stopping ...
15:24:05 179 PeerGroup$9.run: Stopped, took 207.5 μs.
15:24:05 12 Context.<init>: Creating bitcoinj 0.16-SNAPSHOT context.
15:24:05 12 MnemonicCode.toSeed: PBKDF2 took 10.34 ms
15:24:05 12 DeterministicKeyChain.maybeLookAhead: 1 keys needed for M/0H/0 = 1 issued + 0 lookahead size + 0 lookahead threshold - 0 num children
15:24:05 12 DeterministicKeyChain.maybeLookAhead: Took 259.3 μs
15:24:05 12 AbstractBlockChain.<init>: chain head is at height 0:
 block: 
   hash: 0d1ddf2b9caed3fea7662b6faff88009463418c34e09c69da6527d64daf617c2
   version: 1
   previous block: 0000000000000000000000000000000000000000000000000000000000000000
   time: 1553552642 (2019-03-25T22:24:02Z)
   difficulty target (nBits): 545259519
   nonce: 0

15:24:05 187 DeterministicKeyChain.maybeLookAhead: 6 keys needed for M/0H/0 = 1 issued + 4 lookahead size + 2 lookahead threshold - 1 num children
15:24:05 12 DeterministicKeyChain.maybeLookAhead: 1 keys needed for M/0H/0 = 1 issued + 0 lookahead size + 0 lookahead threshold - 0 num children
15:24:05 187 DeterministicKeyChain.maybeLookAhead: Took 1.287 ms
15:24:05 12 DeterministicKeyChain.maybeLookAhead: Took 326.6 μs
15:24:05 187 DeterministicKeyChain.maybeLookAhead: 6 keys needed for M/0H/1 = 0 issued + 4 lookahead size + 2 lookahead threshold - 0 num children
15:24:05 12 DeterministicKeyChain.maybeLookAhead: 1 keys needed for M/0H/0 = 2 issued + 0 lookahead size + 0 lookahead threshold - 1 num children
15:24:05 187 DeterministicKeyChain.maybeLookAhead: Took 1.684 ms
15:24:05 12 DeterministicKeyChain.maybeLookAhead: Took 247.8 μs
15:24:05 12 DeterministicKeyChain.maybeLookAhead: 1 keys needed for M/0H/0 = 3 issued + 0 lookahead size + 0 lookahead threshold - 2 num children
15:24:05 12 DeterministicKeyChain.maybeLookAhead: Took 309.8 μs
15:24:05 12 DeterministicKeyChain.maybeLookAhead: 1 keys needed for M/0H/0 = 4 issued + 0 lookahead size + 0 lookahead threshold - 3 num children
15:24:05 12 DeterministicKeyChain.maybeLookAhead: Took 300.5 μs
15:24:05 12 DeterministicKeyChain.maybeLookAhead: 1 keys needed for M/0H/0 = 5 issued + 0 lookahead size + 0 lookahead threshold - 4 num children
15:24:05 12 DeterministicKeyChain.maybeLookAhead: Took 356.1 μs
15:24:05 12 DeterministicKeyChain.maybeLookAhead: 1 keys needed for M/0H/0 = 6 issued + 0 lookahead size + 0 lookahead threshold - 5 num children
15:24:05 12 DeterministicKeyChain.maybeLookAhead: Took 211.1 μs
15:24:05 12 DeterministicKeyChain.maybeLookAhead: 1 keys needed for M/0H/0 = 7 issued + 0 lookahead size + 0 lookahead threshold - 6 num children
15:24:05 12 DeterministicKeyChain.maybeLookAhead: Took 232.2 μs
15:24:05 12 DeterministicKeyChain.maybeLookAhead: 1 keys needed for M/0H/0 = 8 issued + 0 lookahead size + 0 lookahead threshold - 7 num children
15:24:05 12 DeterministicKeyChain.maybeLookAhead: Took 310.6 μs
15:24:05 12 DeterministicKeyChain.maybeLookAhead: 1 keys needed for M/0H/0 = 9 issued + 0 lookahead size + 0 lookahead threshold - 8 num children
15:24:05 12 DeterministicKeyChain.maybeLookAhead: Took 336.0 μs
15:24:05 187 PeerGroup$8.run: Starting ...
15:24:05 12 PeerGroup.connectTo: Attempting connection to [127.0.0.1]:2001     (0 connected, 1 pending, 0 max)
15:24:05 188 NioClientManager.handleKey: Connected to localhost/127.0.0.1:2001
15:24:05 187 PeerGroup.discoverPeers: Peer discovery took 3.015 μs and returned 0 items
15:24:05 188 Peer.connectionOpened: Announcing to localhost/127.0.0.1:2001 as: /bitcoinj:0.16-SNAPSHOT/
15:24:05 188 Peer.processVersionMessage: Peer{[127.0.0.1]:2001, version=70001, subVer=/bitcoinj:0.16-SNAPSHOT/, services=1 (NETWORK), time=2019-03-25 15:24:05, height=1}
15:24:05 188 PeerGroup.handleNewPeer: Peer{[127.0.0.1]:2001, version=70001, subVer=/bitcoinj:0.16-SNAPSHOT/, services=1 (NETWORK), time=2019-03-25 15:24:05, height=1}: New peer      (1 connected, 0 pending, 1 max)
15:24:05 188 PeerGroup.setDownloadPeer: Setting download peer: Peer{[127.0.0.1]:2001, version=70001, subVer=/bitcoinj:0.16-SNAPSHOT/, services=1 (NETWORK), time=2019-03-25 15:24:05, height=1}
15:24:05 188 Wallet.receive: Received tx for 50.00 BTC: 8446901617161afe2527b1b8b20eabe8ae50e103c9e80cc1e03fc563887a971e [0] in block 19401351200aa344504b0c271c29b84170fba8c972eb7de02e7bd4867b98105e
15:24:05 188 Wallet.processTxFromBestChain:   tx 8446901617161afe2527b1b8b20eabe8ae50e103c9e80cc1e03fc563887a971e ->unspent
15:24:05 188 Wallet.receive: Balance is now: 50.00 BTC
15:24:05 188 Wallet.receive: Received tx for 50.00 BTC: be9b2d3f81811996114571f2a448e6328d4220d7904c12b123278a72cf0864b7 [0] in block 5ccf53dac4a79b3e733abbae7c9763e74af721b7143aa3df1a3930f36216d97c
15:24:05 188 Wallet.processTxFromBestChain:   tx be9b2d3f81811996114571f2a448e6328d4220d7904c12b123278a72cf0864b7 ->unspent
15:24:05 188 Wallet.receive: Balance is now: 100.00 BTC
15:24:05 188 Wallet.receive: Received tx for 50.00 BTC: 12d1d340e448134c8db040bcbbba3dff8c5e5086aa72adff7b04eb3cbd6ad9ac [0] in block 462d1bd6b6deb8923f1ef7b1d75a21edfaae312b5d398ca47868b2204bbe04cb
15:24:05 188 Wallet.processTxFromBestChain:   tx 12d1d340e448134c8db040bcbbba3dff8c5e5086aa72adff7b04eb3cbd6ad9ac ->unspent
15:24:05 188 Wallet.receive: Balance is now: 150.00 BTC
15:24:05 188 DeterministicKeyChain.maybeLookAhead: 3 keys needed for M/0H/0 = 4 issued + 4 lookahead size + 2 lookahead threshold - 7 num children
15:24:05 188 DeterministicKeyChain.maybeLookAhead: Took 786.9 μs
15:24:05 188 Peer.endFilteredBlock: Bloom filter exhausted whilst processing block 4338651e9327e6d8b252ee2382a6e4f05c10daaa58818120445cb703c3e40498, discarding
15:24:05 188 Peer.endFilteredBlock: Discarding block 22785d417e54083672f40d3dfd6c78cdb2629ba90603536d107af3f016c2d681 because we're still waiting for a fresh filter
15:24:05 188 Peer.endFilteredBlock: Discarding block 54bc725210a93263ae5a40c5d0a2d0c1564f670ab71120b7e2c9b55968cb39e4 because we're still waiting for a fresh filter
15:24:05 188 Peer.endFilteredBlock: Discarding block 0d5c910ff2d54a9874692f954d0ce84583045bc76f23378b527bc23c8d2a599a because we're still waiting for a fresh filter
15:24:05 188 Peer.endFilteredBlock: Discarding block 63ccd36f3684bf5a80dfba5b42dfd5fe3a18a8730d150822e4edc218da7cdd01 because we're still waiting for a fresh filter
15:24:05 188 Peer.endFilteredBlock: Discarding block 723b28572e8e98b61f3ba90e07846a2f6c59f50e013793ec7680a8894c6043ec because we're still waiting for a fresh filter
15:24:05 188 Peer$11.run: Restarting chain download
15:24:05 188 Wallet.receive: Received tx for 50.00 BTC: e7fd921fd426b5a086e692093293d98187266c3e63de42ece33191149c5017be [0] in block 4338651e9327e6d8b252ee2382a6e4f05c10daaa58818120445cb703c3e40498
15:24:05 188 Wallet.processTxFromBestChain:   tx e7fd921fd426b5a086e692093293d98187266c3e63de42ece33191149c5017be ->unspent
15:24:05 188 Wallet.receive: Balance is now: 200.00 BTC
15:24:05 188 Wallet.receive: Received tx for 50.00 BTC: a0c1617c17de299f27e969203ae0fb789f41890e664066fda91f4dc04e1e2f56 [0] in block 22785d417e54083672f40d3dfd6c78cdb2629ba90603536d107af3f016c2d681
15:24:05 188 Wallet.processTxFromBestChain:   tx a0c1617c17de299f27e969203ae0fb789f41890e664066fda91f4dc04e1e2f56 ->unspent
15:24:05 188 Wallet.receive: Balance is now: 250.00 BTC
15:24:05 188 Wallet.receive: Received tx for 50.00 BTC: 4f9e1c7bbac4a9d534154a9204ab08f9a34684a25a2b86861b25875319944c81 [0] in block 54bc725210a93263ae5a40c5d0a2d0c1564f670ab71120b7e2c9b55968cb39e4
15:24:05 188 Wallet.processTxFromBestChain:   tx 4f9e1c7bbac4a9d534154a9204ab08f9a34684a25a2b86861b25875319944c81 ->unspent
15:24:05 188 Wallet.receive: Balance is now: 300.00 BTC
15:24:05 188 DeterministicKeyChain.maybeLookAhead: 3 keys needed for M/0H/0 = 7 issued + 4 lookahead size + 2 lookahead threshold - 10 num children
15:24:05 188 DeterministicKeyChain.maybeLookAhead: Took 610.6 μs
15:24:05 188 Peer.endFilteredBlock: Bloom filter exhausted whilst processing block 0d5c910ff2d54a9874692f954d0ce84583045bc76f23378b527bc23c8d2a599a, discarding
15:24:05 188 Peer.endFilteredBlock: Discarding block 63ccd36f3684bf5a80dfba5b42dfd5fe3a18a8730d150822e4edc218da7cdd01 because we're still waiting for a fresh filter
15:24:05 188 Peer.endFilteredBlock: Discarding block 723b28572e8e98b61f3ba90e07846a2f6c59f50e013793ec7680a8894c6043ec because we're still waiting for a fresh filter
15:24:05 188 Peer$11.run: Restarting chain download
15:24:05 188 Wallet.receive: Received tx for 50.00 BTC: e9a26e31ec5201eb26ba4efc8bb2fcb797f1e83357d8554d4bdea7bc315e4321 [0] in block 0d5c910ff2d54a9874692f954d0ce84583045bc76f23378b527bc23c8d2a599a
15:24:05 188 Wallet.processTxFromBestChain:   tx e9a26e31ec5201eb26ba4efc8bb2fcb797f1e83357d8554d4bdea7bc315e4321 ->unspent
15:24:05 188 Wallet.receive: Balance is now: 350.00 BTC
15:24:05 188 Wallet.receive: Received tx for 50.00 BTC: ff7a9704e9e75cb870ea879fc33c9ee905c46884124804b7a35d1cc89fa0dae7 [0] in block 63ccd36f3684bf5a80dfba5b42dfd5fe3a18a8730d150822e4edc218da7cdd01
15:24:05 188 Wallet.processTxFromBestChain:   tx ff7a9704e9e75cb870ea879fc33c9ee905c46884124804b7a35d1cc89fa0dae7 ->unspent
15:24:05 188 Wallet.receive: Balance is now: 400.00 BTC
15:24:05 188 Wallet.receive: Received tx for 50.00 BTC: af9b310a3d88343b3749f0f15bc67173c0292113f39559d577f3e87843b35025 [0] in block 723b28572e8e98b61f3ba90e07846a2f6c59f50e013793ec7680a8894c6043ec
15:24:05 188 Wallet.processTxFromBestChain:   tx af9b310a3d88343b3749f0f15bc67173c0292113f39559d577f3e87843b35025 ->unspent
15:24:05 188 Wallet.receive: Balance is now: 450.00 BTC
15:24:05 188 PeerGroup.handlePeerDeath: [127.0.0.1]:2001: Peer died      (0 connected, 0 pending, 1 max)
15:24:05 188 PeerGroup.handlePeerDeath: Download peer died. Picking a new one.
15:24:05 188 PeerGroup.setDownloadPeer: Unsetting download peer: Peer{[127.0.0.1]:2001, version=70001, subVer=/bitcoinj:0.16-SNAPSHOT/, services=1 (NETWORK), time=2019-03-25 15:24:05, height=1}
15:24:05 187 PeerGroup.discoverPeers: Peer discovery took 12.97 μs and returned 0 items
15:24:05 187 PeerGroup$6.go: Waiting 1500 ms before next connect attempt to [127.0.0.1]:2001
15:24:05 187 PeerGroup$6.run: Exception when trying to build connections
java.util.concurrent.RejectedExecutionException: Task java.util.concurrent.ScheduledThreadPoolExecutor$ScheduledFutureTask@b68089c[Not completed, task = java.util.concurrent.Executors$RunnableAdapter@6b47f7d3[Wrapped task = com.google.common.util.concurrent.TrustedListenableFutureTask@270e90db[status=PENDING, info=[task=[running=[NOT STARTED YET], java.util.concurrent.Executors$RunnableAdapter@5a66bc6f[Wrapped task = org.bitcoinj.core.PeerGroup$6@5fc585d8]]]]]] rejected from org.bitcoinj.testing.TestWithPeerGroup$1$1@58b3d962[Shutting down, pool size = 1, active threads = 1, queued tasks = 1, completed tasks = 7]
	at java.base/java.util.concurrent.ThreadPoolExecutor$AbortPolicy.rejectedExecution(ThreadPoolExecutor.java:2055)
	at java.base/java.util.concurrent.ThreadPoolExecutor.reject(ThreadPoolExecutor.java:825)
	at java.base/java.util.concurrent.ScheduledThreadPoolExecutor.delayedExecute(ScheduledThreadPoolExecutor.java:340)
	at java.base/java.util.concurrent.ScheduledThreadPoolExecutor.schedule(ScheduledThreadPoolExecutor.java:562)
	at org.bitcoinj.testing.TestWithPeerGroup$1$1.schedule(TestWithPeerGroup.java:99)
	at com.google.common.util.concurrent.MoreExecutors$ScheduledListeningDecorator.schedule(MoreExecutors.java:543)
	at org.bitcoinj.core.PeerGroup$6.go(PeerGroup.java:502)
	at org.bitcoinj.core.PeerGroup$6.run(PeerGroup.java:430)
	at java.base/java.util.concurrent.Executors$RunnableAdapter.call(Executors.java:515)
	at java.base/java.util.concurrent.FutureTask.run(FutureTask.java:264)
	at java.base/java.util.concurrent.ScheduledThreadPoolExecutor$ScheduledFutureTask.run(ScheduledThreadPoolExecutor.java:304)
	at java.base/java.util.concurrent.ThreadPoolExecutor.runWorker(ThreadPoolExecutor.java:1128)
	at java.base/java.util.concurrent.ThreadPoolExecutor$Worker.run(ThreadPoolExecutor.java:628)
	at org.bitcoinj.utils.ContextPropagatingThreadFactory$1.run(ContextPropagatingThreadFactory.java:50)
	at java.base/java.lang.Thread.run(Thread.java:834)
15:24:05 187 PeerGroup$9.run: Stopping ...
15:24:05 12 Context.<init>: Creating bitcoinj 0.16-SNAPSHOT context.
15:24:05 187 PeerGroup$9.run: Stopped, took 301.8 μs.
15:24:05 12 MnemonicCode.toSeed: PBKDF2 took 15.03 ms
15:24:05 12 DeterministicKeyChain.maybeLookAhead: 1 keys needed for M/0H/0 = 1 issued + 0 lookahead size + 0 lookahead threshold - 0 num children
15:24:05 12 DeterministicKeyChain.maybeLookAhead: Took 290.8 μs
15:24:05 12 AbstractBlockChain.<init>: chain head is at height 0:
 block: 
   hash: 0d1ddf2b9caed3fea7662b6faff88009463418c34e09c69da6527d64daf617c2
   version: 1
   previous block: 0000000000000000000000000000000000000000000000000000000000000000
   time: 1553552642 (2019-03-25T22:24:02Z)
   difficulty target (nBits): 545259519
   nonce: 0

15:24:05 195 DeterministicKeyChain.maybeLookAhead: 6 keys needed for M/0H/0 = 1 issued + 4 lookahead size + 2 lookahead threshold - 1 num children
15:24:05 195 DeterministicKeyChain.maybeLookAhead: Took 1.636 ms
15:24:05 195 DeterministicKeyChain.maybeLookAhead: 6 keys needed for M/0H/1 = 0 issued + 4 lookahead size + 2 lookahead threshold - 0 num children
15:24:05 195 DeterministicKeyChain.maybeLookAhead: Took 1.204 ms
15:24:05 195 PeerGroup$8.run: Starting ...
15:24:05 195 PeerGroup.discoverPeers: Peer discovery took 3.690 μs and returned 0 items
15:24:05 12 PeerGroup.connectTo: Attempting connection to [127.0.0.1]:2001     (0 connected, 1 pending, 0 max)
15:24:05 196 NioClientManager.handleKey: Connected to localhost/127.0.0.1:2001
15:24:05 196 Peer.connectionOpened: Announcing to localhost/127.0.0.1:2001 as: /bitcoinj:0.16-SNAPSHOT/
15:24:05 196 Peer.processVersionMessage: Peer{[127.0.0.1]:2001, version=70000, subVer=/bitcoinj:0.16-SNAPSHOT/, services=1 (NETWORK), time=2019-03-25 15:24:05, height=2}
15:24:05 196 PeerGroup.handleNewPeer: Peer{[127.0.0.1]:2001, version=70000, subVer=/bitcoinj:0.16-SNAPSHOT/, services=1 (NETWORK), time=2019-03-25 15:24:05, height=2}: New peer      (1 connected, 0 pending, 1 max)
15:24:05 196 PeerGroup.setDownloadPeer: Setting download peer: Peer{[127.0.0.1]:2001, version=70000, subVer=/bitcoinj:0.16-SNAPSHOT/, services=1 (NETWORK), time=2019-03-25 15:24:05, height=2}
15:24:05 196 PeerGroup.handlePeerDeath: [127.0.0.1]:2001: Peer died      (0 connected, 0 pending, 1 max)
15:24:05 196 PeerGroup.handlePeerDeath: Download peer died. Picking a new one.
15:24:05 196 PeerGroup.setDownloadPeer: Unsetting download peer: Peer{[127.0.0.1]:2001, version=70000, subVer=/bitcoinj:0.16-SNAPSHOT/, services=1 (NETWORK), time=2019-03-25 15:24:05, height=2}
15:24:05 195 PeerGroup.discoverPeers: Peer discovery took 2.568 μs and returned 0 items
15:24:05 195 PeerGroup$6.go: Waiting 1500 ms before next connect attempt to [127.0.0.1]:2001
15:24:05 195 PeerGroup$6.run: Exception when trying to build connections
java.util.concurrent.RejectedExecutionException: Task java.util.concurrent.ScheduledThreadPoolExecutor$ScheduledFutureTask@329b2842[Not completed, task = java.util.concurrent.Executors$RunnableAdapter@426f84a4[Wrapped task = com.google.common.util.concurrent.TrustedListenableFutureTask@46501831[status=PENDING, info=[task=[running=[NOT STARTED YET], java.util.concurrent.Executors$RunnableAdapter@3528e9f[Wrapped task = org.bitcoinj.core.PeerGroup$6@c6fd7cf]]]]]] rejected from org.bitcoinj.testing.TestWithPeerGroup$1$1@744c2fb0[Shutting down, pool size = 1, active threads = 1, queued tasks = 1, completed tasks = 5]
	at java.base/java.util.concurrent.ThreadPoolExecutor$AbortPolicy.rejectedExecution(ThreadPoolExecutor.java:2055)
	at java.base/java.util.concurrent.ThreadPoolExecutor.reject(ThreadPoolExecutor.java:825)
	at java.base/java.util.concurrent.ScheduledThreadPoolExecutor.delayedExecute(ScheduledThreadPoolExecutor.java:340)
	at java.base/java.util.concurrent.ScheduledThreadPoolExecutor.schedule(ScheduledThreadPoolExecutor.java:562)
	at org.bitcoinj.testing.TestWithPeerGroup$1$1.schedule(TestWithPeerGroup.java:99)
	at com.google.common.util.concurrent.MoreExecutors$ScheduledListeningDecorator.schedule(MoreExecutors.java:543)
	at org.bitcoinj.core.PeerGroup$6.go(PeerGroup.java:502)
	at org.bitcoinj.core.PeerGroup$6.run(PeerGroup.java:430)
	at java.base/java.util.concurrent.Executors$RunnableAdapter.call(Executors.java:515)
	at java.base/java.util.concurrent.FutureTask.run(FutureTask.java:264)
	at java.base/java.util.concurrent.ScheduledThreadPoolExecutor$ScheduledFutureTask.run(ScheduledThreadPoolExecutor.java:304)
	at java.base/java.util.concurrent.ThreadPoolExecutor.runWorker(ThreadPoolExecutor.java:1128)
	at java.base/java.util.concurrent.ThreadPoolExecutor$Worker.run(ThreadPoolExecutor.java:628)
	at org.bitcoinj.utils.ContextPropagatingThreadFactory$1.run(ContextPropagatingThreadFactory.java:50)
	at java.base/java.lang.Thread.run(Thread.java:834)
15:24:05 195 PeerGroup$9.run: Stopping ...
15:24:05 12 Context.<init>: Creating bitcoinj 0.16-SNAPSHOT context.
15:24:05 195 PeerGroup$9.run: Stopped, took 284.2 μs.
15:24:05 12 MnemonicCode.toSeed: PBKDF2 took 14.48 ms
15:24:05 12 DeterministicKeyChain.maybeLookAhead: 1 keys needed for M/0H/0 = 1 issued + 0 lookahead size + 0 lookahead threshold - 0 num children
15:24:05 12 DeterministicKeyChain.maybeLookAhead: Took 369.3 μs
15:24:05 12 AbstractBlockChain.<init>: chain head is at height 0:
 block: 
   hash: 0d1ddf2b9caed3fea7662b6faff88009463418c34e09c69da6527d64daf617c2
   version: 1
   previous block: 0000000000000000000000000000000000000000000000000000000000000000
   time: 1553552642 (2019-03-25T22:24:02Z)
   difficulty target (nBits): 545259519
   nonce: 0

15:24:05 203 DeterministicKeyChain.maybeLookAhead: 6 keys needed for M/0H/0 = 1 issued + 4 lookahead size + 2 lookahead threshold - 1 num children
15:24:05 203 DeterministicKeyChain.maybeLookAhead: Took 967.2 μs
15:24:05 203 DeterministicKeyChain.maybeLookAhead: 6 keys needed for M/0H/1 = 0 issued + 4 lookahead size + 2 lookahead threshold - 0 num children
15:24:05 203 DeterministicKeyChain.maybeLookAhead: Took 1.151 ms
15:24:05 203 PeerGroup$8.run: Starting ...
15:24:05 203 PeerGroup.discoverPeers: Peer discovery took 2.509 μs and returned 0 items
15:24:05 12 PeerGroup.connectTo: Attempting connection to [127.0.0.1]:2001     (0 connected, 1 pending, 0 max)
15:24:05 204 NioClientManager.handleKey: Connected to localhost/127.0.0.1:2001
15:24:05 204 Peer.connectionOpened: Announcing to localhost/127.0.0.1:2001 as: /bitcoinj:0.16-SNAPSHOT/
15:24:05 204 Peer.processVersionMessage: Peer{[127.0.0.1]:2001, version=70001, subVer=/bitcoinj:0.16-SNAPSHOT/, services=1 (NETWORK), time=2019-03-25 15:24:05, height=1}
15:24:05 204 PeerGroup.handleNewPeer: Peer{[127.0.0.1]:2001, version=70001, subVer=/bitcoinj:0.16-SNAPSHOT/, services=1 (NETWORK), time=2019-03-25 15:24:05, height=1}: New peer      (1 connected, 0 pending, 1 max)
15:24:05 204 PeerGroup.setDownloadPeer: Setting download peer: Peer{[127.0.0.1]:2001, version=70001, subVer=/bitcoinj:0.16-SNAPSHOT/, services=1 (NETWORK), time=2019-03-25 15:24:05, height=1}
15:24:05 12 PeerGroup.connectTo: Attempting connection to [127.0.0.1]:2002     (1 connected, 1 pending, 1 max)
15:24:05 204 NioClientManager.handleKey: Connected to localhost/127.0.0.1:2002
15:24:05 204 Peer.connectionOpened: Announcing to localhost/127.0.0.1:2002 as: /bitcoinj:0.16-SNAPSHOT/
15:24:05 204 Peer.processVersionMessage: Peer{[127.0.0.1]:2002, version=70001, subVer=/bitcoinj:0.16-SNAPSHOT/, services=1 (NETWORK), time=2019-03-25 15:24:05, height=1}
15:24:05 204 PeerGroup.handleNewPeer: Peer{[127.0.0.1]:2002, version=70001, subVer=/bitcoinj:0.16-SNAPSHOT/, services=1 (NETWORK), time=2019-03-25 15:24:05, height=1}: New peer      (2 connected, 0 pending, 2 max)
15:24:05 204 Peer.downloadDependencies: [127.0.0.1]:2002: Downloading dependencies of 5a6f82cfcb90e7e459cf856ae4ed36bea3bda422785876d349e63bee460b50d3
15:24:05 204 Peer.processNotFoundMessage: Peer{[127.0.0.1]:2002, version=70001, subVer=/bitcoinj:0.16-SNAPSHOT/, services=1 (NETWORK), time=2019-03-25 15:24:05, height=1}: Bottomed out dep tree at a92dbcdb98304f05420a37290493f5a326f5ae69e49431edb900b2aa54f6a44e
15:24:05 204 Peer$5.onSuccess: [127.0.0.1]:2002: Dependency download complete!
15:24:05 204 Wallet.receivePending: Received a pending transaction 5a6f82cfcb90e7e459cf856ae4ed36bea3bda422785876d349e63bee460b50d3 that spends 0.00 BTC from our own wallet, and sends us 1.00 BTC
15:24:05 204 Wallet.maybeCommitTx: commitTx of 5a6f82cfcb90e7e459cf856ae4ed36bea3bda422785876d349e63bee460b50d3
15:24:05 204 Wallet.maybeCommitTx: ->pending: 5a6f82cfcb90e7e459cf856ae4ed36bea3bda422785876d349e63bee460b50d3
15:24:05 204 Wallet.maybeCommitTx: Estimated balance is now: 1.00 BTC
15:24:05 204 PeerGroup.handlePeerDeath: [127.0.0.1]:2001: Peer died      (1 connected, 0 pending, 2 max)
15:24:05 204 PeerGroup.handlePeerDeath: Download peer died. Picking a new one.
15:24:05 204 PeerGroup.setDownloadPeer: Unsetting download peer: Peer{[127.0.0.1]:2001, version=70001, subVer=/bitcoinj:0.16-SNAPSHOT/, services=1 (NETWORK), time=2019-03-25 15:24:05, height=1}
15:24:05 204 PeerGroup.setDownloadPeer: Setting download peer: Peer{[127.0.0.1]:2002, version=70001, subVer=/bitcoinj:0.16-SNAPSHOT/, services=1 (NETWORK), time=2019-03-25 15:24:05, height=1}
15:24:05 204 PeerGroup.handlePeerDeath: [127.0.0.1]:2002: Peer died      (0 connected, 0 pending, 2 max)
15:24:05 203 PeerGroup.discoverPeers: Peer discovery took 2.012 μs and returned 0 items
15:24:05 204 PeerGroup.handlePeerDeath: Download peer died. Picking a new one.
15:24:05 204 PeerGroup.setDownloadPeer: Unsetting download peer: Peer{[127.0.0.1]:2002, version=70001, subVer=/bitcoinj:0.16-SNAPSHOT/, services=1 (NETWORK), time=2019-03-25 15:24:05, height=1}
15:24:05 203 PeerGroup$6.go: Waiting 2250 ms before next connect attempt to [127.0.0.1]:2001
15:24:05 203 PeerGroup$6.run: Exception when trying to build connections
java.util.concurrent.RejectedExecutionException: Task java.util.concurrent.ScheduledThreadPoolExecutor$ScheduledFutureTask@2322448b[Not completed, task = java.util.concurrent.Executors$RunnableAdapter@53c75912[Wrapped task = com.google.common.util.concurrent.TrustedListenableFutureTask@57f8c7b2[status=PENDING, info=[task=[running=[NOT STARTED YET], java.util.concurrent.Executors$RunnableAdapter@12fa5329[Wrapped task = org.bitcoinj.core.PeerGroup$6@4ac49b08]]]]]] rejected from org.bitcoinj.testing.TestWithPeerGroup$1$1@32f6d20a[Shutting down, pool size = 1, active threads = 1, queued tasks = 2, completed tasks = 3]
	at java.base/java.util.concurrent.ThreadPoolExecutor$AbortPolicy.rejectedExecution(ThreadPoolExecutor.java:2055)
	at java.base/java.util.concurrent.ThreadPoolExecutor.reject(ThreadPoolExecutor.java:825)
	at java.base/java.util.concurrent.ScheduledThreadPoolExecutor.delayedExecute(ScheduledThreadPoolExecutor.java:340)
	at java.base/java.util.concurrent.ScheduledThreadPoolExecutor.schedule(ScheduledThreadPoolExecutor.java:562)
	at org.bitcoinj.testing.TestWithPeerGroup$1$1.schedule(TestWithPeerGroup.java:99)
	at com.google.common.util.concurrent.MoreExecutors$ScheduledListeningDecorator.schedule(MoreExecutors.java:543)
	at org.bitcoinj.core.PeerGroup$6.go(PeerGroup.java:502)
	at org.bitcoinj.core.PeerGroup$6.run(PeerGroup.java:430)
	at java.base/java.util.concurrent.Executors$RunnableAdapter.call(Executors.java:515)
	at java.base/java.util.concurrent.FutureTask.run(FutureTask.java:264)
	at java.base/java.util.concurrent.ScheduledThreadPoolExecutor$ScheduledFutureTask.run(ScheduledThreadPoolExecutor.java:304)
	at java.base/java.util.concurrent.ThreadPoolExecutor.runWorker(ThreadPoolExecutor.java:1128)
	at java.base/java.util.concurrent.ThreadPoolExecutor$Worker.run(ThreadPoolExecutor.java:628)
	at org.bitcoinj.utils.ContextPropagatingThreadFactory$1.run(ContextPropagatingThreadFactory.java:50)
	at java.base/java.lang.Thread.run(Thread.java:834)
15:24:05 203 PeerGroup$9.run: Stopping ...
15:24:05 203 PeerGroup$9.run: Stopped, took 202.9 μs.
15:24:05 12 Context.<init>: Creating bitcoinj 0.16-SNAPSHOT context.
15:24:05 12 MnemonicCode.toSeed: PBKDF2 took 20.46 ms
15:24:05 12 DeterministicKeyChain.maybeLookAhead: 1 keys needed for M/0H/0 = 1 issued + 0 lookahead size + 0 lookahead threshold - 0 num children
15:24:05 12 DeterministicKeyChain.maybeLookAhead: Took 393.1 μs
15:24:05 12 AbstractBlockChain.<init>: chain head is at height 0:
 block: 
   hash: 0d1ddf2b9caed3fea7662b6faff88009463418c34e09c69da6527d64daf617c2
   version: 1
   previous block: 0000000000000000000000000000000000000000000000000000000000000000
   time: 1553552642 (2019-03-25T22:24:02Z)
   difficulty target (nBits): 545259519
   nonce: 0

15:24:05 211 DeterministicKeyChain.maybeLookAhead: 6 keys needed for M/0H/0 = 1 issued + 4 lookahead size + 2 lookahead threshold - 1 num children
15:24:05 211 DeterministicKeyChain.maybeLookAhead: Took 1.725 ms
15:24:05 211 DeterministicKeyChain.maybeLookAhead: 6 keys needed for M/0H/1 = 0 issued + 4 lookahead size + 2 lookahead threshold - 0 num children
15:24:05 211 DeterministicKeyChain.maybeLookAhead: Took 1.585 ms
15:24:05 211 PeerGroup$8.run: Starting ...
15:24:05 211 PeerGroup.discoverPeers: Peer discovery took 3.447 μs and returned 0 items
15:24:05 12 PeerGroup.connectTo: Attempting connection to [127.0.0.1]:2001     (0 connected, 1 pending, 0 max)
15:24:05 212 NioClientManager.handleKey: Connected to localhost/127.0.0.1:2001
15:24:05 212 Peer.connectionOpened: Announcing to localhost/127.0.0.1:2001 as: /bitcoinj:0.16-SNAPSHOT/
15:24:05 212 Peer.processVersionMessage: Peer{[127.0.0.1]:2001, version=70001, subVer=/bitcoinj:0.16-SNAPSHOT/, services=1 (NETWORK), time=2019-03-25 15:24:05, height=1}
15:24:05 212 PeerGroup.handleNewPeer: Peer{[127.0.0.1]:2001, version=70001, subVer=/bitcoinj:0.16-SNAPSHOT/, services=1 (NETWORK), time=2019-03-25 15:24:05, height=1}: New peer      (1 connected, 0 pending, 1 max)
15:24:05 212 PeerGroup.setDownloadPeer: Setting download peer: Peer{[127.0.0.1]:2001, version=70001, subVer=/bitcoinj:0.16-SNAPSHOT/, services=1 (NETWORK), time=2019-03-25 15:24:05, height=1}
15:24:05 12 PeerGroup.connectTo: Attempting connection to [127.0.0.1]:2002     (1 connected, 1 pending, 1 max)
15:24:05 212 NioClientManager.handleKey: Connected to localhost/127.0.0.1:2002
15:24:05 212 Peer.connectionOpened: Announcing to localhost/127.0.0.1:2002 as: /bitcoinj:0.16-SNAPSHOT/
15:24:05 212 Peer.processVersionMessage: Peer{[127.0.0.1]:2002, version=70001, subVer=/bitcoinj:0.16-SNAPSHOT/, services=1 (NETWORK), time=2019-03-25 15:24:05, height=1}
15:24:05 212 PeerGroup.handleNewPeer: Peer{[127.0.0.1]:2002, version=70001, subVer=/bitcoinj:0.16-SNAPSHOT/, services=1 (NETWORK), time=2019-03-25 15:24:05, height=1}: New peer      (2 connected, 0 pending, 2 max)
15:24:05 12 DeterministicKeyChain.maybeLookAhead: 1 keys needed for M/0H/0 = 8 issued + 0 lookahead size + 0 lookahead threshold - 7 num children
15:24:05 12 DeterministicKeyChain.maybeLookAhead: Took 371.3 μs
15:24:05 211 DeterministicKeyChain.maybeLookAhead: 6 keys needed for M/0H/0 = 8 issued + 4 lookahead size + 2 lookahead threshold - 8 num children
15:24:05 211 DeterministicKeyChain.maybeLookAhead: Took 1.550 ms
15:24:05 212 PeerGroup.handlePeerDeath: [127.0.0.1]:2001: Peer died      (1 connected, 0 pending, 2 max)
15:24:05 212 PeerGroup.handlePeerDeath: Download peer died. Picking a new one.
15:24:05 212 PeerGroup.setDownloadPeer: Unsetting download peer: Peer{[127.0.0.1]:2001, version=70001, subVer=/bitcoinj:0.16-SNAPSHOT/, services=1 (NETWORK), time=2019-03-25 15:24:05, height=1}
15:24:05 212 PeerGroup.setDownloadPeer: Setting download peer: Peer{[127.0.0.1]:2002, version=70001, subVer=/bitcoinj:0.16-SNAPSHOT/, services=1 (NETWORK), time=2019-03-25 15:24:05, height=1}
15:24:05 211 PeerGroup$9.run: Stopping ...
15:24:05 211 PeerGroup.setDownloadPeer: Unsetting download peer: Peer{[127.0.0.1]:2002, version=70001, subVer=/bitcoinj:0.16-SNAPSHOT/, services=1 (NETWORK), time=2019-03-25 15:24:05, height=1}
15:24:05 211 PeerGroup$9.run: Stopped, took 269.1 μs.
15:24:05 12 Context.<init>: Creating bitcoinj 0.16-SNAPSHOT context.
15:24:05 12 MnemonicCode.toSeed: PBKDF2 took 20.10 ms
15:24:05 12 DeterministicKeyChain.maybeLookAhead: 1 keys needed for M/0H/0 = 1 issued + 0 lookahead size + 0 lookahead threshold - 0 num children
15:24:05 12 DeterministicKeyChain.maybeLookAhead: Took 281.6 μs
15:24:05 12 AbstractBlockChain.<init>: chain head is at height 0:
 block: 
   hash: 0d1ddf2b9caed3fea7662b6faff88009463418c34e09c69da6527d64daf617c2
   version: 1
   previous block: 0000000000000000000000000000000000000000000000000000000000000000
   time: 1553552642 (2019-03-25T22:24:02Z)
   difficulty target (nBits): 545259519
   nonce: 0

15:24:05 219 DeterministicKeyChain.maybeLookAhead: 6 keys needed for M/0H/0 = 1 issued + 4 lookahead size + 2 lookahead threshold - 1 num children
15:24:05 219 DeterministicKeyChain.maybeLookAhead: Took 1.516 ms
15:24:05 219 DeterministicKeyChain.maybeLookAhead: 6 keys needed for M/0H/1 = 0 issued + 4 lookahead size + 2 lookahead threshold - 0 num children
15:24:05 219 DeterministicKeyChain.maybeLookAhead: Took 1.490 ms
15:24:05 219 PeerGroup$8.run: Starting ...
15:24:05 219 PeerGroup.discoverPeers: test failure
15:24:05 219 PeerGroup.discoverPeers: Peer discovery took 185.1 μs and returned 0 items
15:24:05 219 PeerGroup$6.go: Peer discovery didn't provide us any more peers, will try again in 1000ms.
15:24:06 219 PeerGroup.discoverPeers: Peer discovery took 1.926 ms and returned 1 items
15:24:06 12 Context.<init>: Creating bitcoinj 0.16-SNAPSHOT context.
15:24:06 219 PeerGroup$6.go: Waiting 1500 ms before next connect attempt to [127.0.0.1]:1
15:24:06 219 PeerGroup$6.run: Exception when trying to build connections
java.util.concurrent.RejectedExecutionException: Task java.util.concurrent.ScheduledThreadPoolExecutor$ScheduledFutureTask@cde9a60[Not completed, task = java.util.concurrent.Executors$RunnableAdapter@392f1566[Wrapped task = com.google.common.util.concurrent.TrustedListenableFutureTask@7c2d8c27[status=PENDING, info=[task=[running=[NOT STARTED YET], java.util.concurrent.Executors$RunnableAdapter@74827a7a[Wrapped task = org.bitcoinj.core.PeerGroup$6@4d9b3290]]]]]] rejected from org.bitcoinj.testing.TestWithPeerGroup$1$1@1c027368[Shutting down, pool size = 1, active threads = 1, queued tasks = 1, completed tasks = 3]
	at java.base/java.util.concurrent.ThreadPoolExecutor$AbortPolicy.rejectedExecution(ThreadPoolExecutor.java:2055)
	at java.base/java.util.concurrent.ThreadPoolExecutor.reject(ThreadPoolExecutor.java:825)
	at java.base/java.util.concurrent.ScheduledThreadPoolExecutor.delayedExecute(ScheduledThreadPoolExecutor.java:340)
	at java.base/java.util.concurrent.ScheduledThreadPoolExecutor.schedule(ScheduledThreadPoolExecutor.java:562)
	at org.bitcoinj.testing.TestWithPeerGroup$1$1.schedule(TestWithPeerGroup.java:99)
	at com.google.common.util.concurrent.MoreExecutors$ScheduledListeningDecorator.schedule(MoreExecutors.java:543)
	at org.bitcoinj.core.PeerGroup$6.go(PeerGroup.java:502)
	at org.bitcoinj.core.PeerGroup$6.run(PeerGroup.java:430)
	at java.base/java.util.concurrent.Executors$RunnableAdapter.call(Executors.java:515)
	at com.google.common.util.concurrent.TrustedListenableFutureTask$TrustedFutureInterruptibleTask.runInterruptibly(TrustedListenableFutureTask.java:125)
	at com.google.common.util.concurrent.InterruptibleTask.run(InterruptibleTask.java:57)
	at com.google.common.util.concurrent.TrustedListenableFutureTask.run(TrustedListenableFutureTask.java:78)
	at java.base/java.util.concurrent.Executors$RunnableAdapter.call(Executors.java:515)
	at java.base/java.util.concurrent.FutureTask.run(FutureTask.java:264)
	at java.base/java.util.concurrent.ScheduledThreadPoolExecutor$ScheduledFutureTask.run(ScheduledThreadPoolExecutor.java:304)
	at java.base/java.util.concurrent.ThreadPoolExecutor.runWorker(ThreadPoolExecutor.java:1128)
	at java.base/java.util.concurrent.ThreadPoolExecutor$Worker.run(ThreadPoolExecutor.java:628)
	at org.bitcoinj.utils.ContextPropagatingThreadFactory$1.run(ContextPropagatingThreadFactory.java:50)
	at java.base/java.lang.Thread.run(Thread.java:834)
15:24:06 219 PeerGroup$9.run: Stopping ...
15:24:06 219 PeerGroup$9.run: Stopped, took 1.110 ms.
15:24:06 12 MnemonicCode.toSeed: PBKDF2 took 17.42 ms
15:24:06 12 DeterministicKeyChain.maybeLookAhead: 1 keys needed for M/0H/0 = 1 issued + 0 lookahead size + 0 lookahead threshold - 0 num children
15:24:06 12 DeterministicKeyChain.maybeLookAhead: Took 183.4 μs
15:24:06 12 AbstractBlockChain.<init>: chain head is at height 0:
 block: 
   hash: 0d1ddf2b9caed3fea7662b6faff88009463418c34e09c69da6527d64daf617c2
   version: 1
   previous block: 0000000000000000000000000000000000000000000000000000000000000000
   time: 1553552642 (2019-03-25T22:24:02Z)
   difficulty target (nBits): 545259519
   nonce: 0

15:24:06 227 DeterministicKeyChain.maybeLookAhead: 6 keys needed for M/0H/0 = 1 issued + 4 lookahead size + 2 lookahead threshold - 1 num children
15:24:06 227 DeterministicKeyChain.maybeLookAhead: Took 1.478 ms
15:24:06 227 DeterministicKeyChain.maybeLookAhead: 6 keys needed for M/0H/1 = 0 issued + 4 lookahead size + 2 lookahead threshold - 0 num children
15:24:06 227 DeterministicKeyChain.maybeLookAhead: Took 1.989 ms
15:24:06 227 PeerGroup$8.run: Starting ...
15:24:06 227 PeerGroup.discoverPeers: Peer discovery took 3.025 μs and returned 0 items
15:24:06 12 PeerGroup.connectTo: Attempting connection to [127.0.0.1]:2001     (0 connected, 1 pending, 0 max)
15:24:06 228 NioClientManager.handleKey: Connected to localhost/127.0.0.1:2001
15:24:06 228 Peer.connectionOpened: Announcing to localhost/127.0.0.1:2001 as: /bitcoinj:0.16-SNAPSHOT/
15:24:06 228 Peer.processVersionMessage: Peer{[127.0.0.1]:2001, version=70001, subVer=/bitcoinj:0.16-SNAPSHOT/, services=1 (NETWORK), time=2019-03-25 15:24:06, height=1}
15:24:06 228 PeerGroup.handleNewPeer: Peer{[127.0.0.1]:2001, version=70001, subVer=/bitcoinj:0.16-SNAPSHOT/, services=1 (NETWORK), time=2019-03-25 15:24:06, height=1}: New peer      (1 connected, 0 pending, 1 max)
15:24:06 228 PeerGroup.setDownloadPeer: Setting download peer: Peer{[127.0.0.1]:2001, version=70001, subVer=/bitcoinj:0.16-SNAPSHOT/, services=1 (NETWORK), time=2019-03-25 15:24:06, height=1}
15:24:06 12 PeerGroup.connectTo: Attempting connection to [127.0.0.1]:2002     (1 connected, 1 pending, 1 max)
15:24:06 228 NioClientManager.handleKey: Connected to localhost/127.0.0.1:2002
15:24:06 228 Peer.connectionOpened: Announcing to localhost/127.0.0.1:2002 as: /bitcoinj:0.16-SNAPSHOT/
15:24:06 228 Peer.processVersionMessage: Peer{[127.0.0.1]:2002, version=70001, subVer=/bitcoinj:0.16-SNAPSHOT/, services=1 (NETWORK), time=2019-03-25 15:24:06, height=1}
15:24:06 228 PeerGroup.handleNewPeer: Peer{[127.0.0.1]:2002, version=70001, subVer=/bitcoinj:0.16-SNAPSHOT/, services=1 (NETWORK), time=2019-03-25 15:24:06, height=1}: New peer      (2 connected, 0 pending, 2 max)
15:24:06 228 Peer.downloadDependencies: [127.0.0.1]:2001: Downloading dependencies of 7afd50b280aad245e27298fa791f4ecc35395c915fb4ebc1f0f65a3e2ad4f3d6
15:24:06 228 Peer.processNotFoundMessage: Peer{[127.0.0.1]:2001, version=70001, subVer=/bitcoinj:0.16-SNAPSHOT/, services=1 (NETWORK), time=2019-03-25 15:24:06, height=1}: Bottomed out dep tree at ea254807714ccaa0a78bc5439c4c1be9f92e8789b23aef7921c27abe6437aada
15:24:06 228 Peer$5.onSuccess: [127.0.0.1]:2001: Dependency download complete!
15:24:06 228 Wallet.receivePending: Received a pending transaction 7afd50b280aad245e27298fa791f4ecc35395c915fb4ebc1f0f65a3e2ad4f3d6 that spends 0.00 BTC from our own wallet, and sends us 1.00 BTC
15:24:06 228 Wallet.maybeCommitTx: commitTx of 7afd50b280aad245e27298fa791f4ecc35395c915fb4ebc1f0f65a3e2ad4f3d6
15:24:06 228 Wallet.maybeCommitTx: ->pending: 7afd50b280aad245e27298fa791f4ecc35395c915fb4ebc1f0f65a3e2ad4f3d6
15:24:06 228 Wallet.maybeCommitTx: Estimated balance is now: 1.00 BTC
15:24:06 228 KeyChainGroup.maybeMarkCurrentKeyAsUsed: Marking key as used: DeterministicKey{pub=039791bc29388c1dc596322097dbc761900b3bdc04c07dc99e91e4303599730b73, chainCode=eb65c0d6f156e46abf0f2e8d92ecc9a8455f1b41c9d078f067d90e018e1a3996, path=M/0H/0/1, isEncrypted=false, isPubKeyOnly=false}
15:24:06 12 PeerGroup.connectTo: Attempting connection to [127.0.0.1]:2003     (2 connected, 1 pending, 2 max)
15:24:06 228 NioClientManager.handleKey: Connected to localhost/127.0.0.1:2003
15:24:06 228 Peer.connectionOpened: Announcing to localhost/127.0.0.1:2003 as: /bitcoinj:0.16-SNAPSHOT/
15:24:06 228 Peer.processVersionMessage: Peer{[127.0.0.1]:2003, version=70001, subVer=/bitcoinj:0.16-SNAPSHOT/, services=1 (NETWORK), time=2019-03-25 15:24:06, height=1}
15:24:06 228 PeerGroup.handleNewPeer: Peer{[127.0.0.1]:2003, version=70001, subVer=/bitcoinj:0.16-SNAPSHOT/, services=1 (NETWORK), time=2019-03-25 15:24:06, height=1}: New peer      (3 connected, 0 pending, 3 max)
15:24:06 228 PeerGroup.handlePeerDeath: [127.0.0.1]:2001: Peer died      (2 connected, 0 pending, 3 max)
15:24:06 228 PeerGroup.handlePeerDeath: Download peer died. Picking a new one.
15:24:06 228 PeerGroup.setDownloadPeer: Unsetting download peer: Peer{[127.0.0.1]:2001, version=70001, subVer=/bitcoinj:0.16-SNAPSHOT/, services=1 (NETWORK), time=2019-03-25 15:24:06, height=1}
15:24:06 228 PeerGroup.setDownloadPeer: Setting download peer: Peer{[127.0.0.1]:2003, version=70001, subVer=/bitcoinj:0.16-SNAPSHOT/, services=1 (NETWORK), time=2019-03-25 15:24:06, height=1}
15:24:06 228 PeerGroup.handlePeerDeath: [127.0.0.1]:2002: Peer died      (1 connected, 0 pending, 3 max)
15:24:06 227 PeerGroup.discoverPeers: Peer discovery took 2.596 μs and returned 0 items
15:24:06 227 PeerGroup$6.go: Waiting 2250 ms before next connect attempt to [127.0.0.1]:2001
15:24:06 227 PeerGroup.discoverPeers: Peer discovery took 1.708 μs and returned 0 items
15:24:06 227 PeerGroup$6.go: Waiting 3375 ms before next connect attempt to [127.0.0.1]:2001
15:24:06 228 PeerGroup.handlePeerDeath: [127.0.0.1]:2003: Peer died      (0 connected, 0 pending, 3 max)
15:24:06 228 PeerGroup.handlePeerDeath: Download peer died. Picking a new one.
15:24:06 228 PeerGroup.setDownloadPeer: Unsetting download peer: Peer{[127.0.0.1]:2003, version=70001, subVer=/bitcoinj:0.16-SNAPSHOT/, services=1 (NETWORK), time=2019-03-25 15:24:06, height=1}
15:24:06 227 PeerGroup$9.run: Stopping ...
15:24:06 12 Context.<init>: Creating bitcoinj 0.16-SNAPSHOT context.
15:24:06 227 PeerGroup$9.run: Stopped, took 6.167 ms.
15:24:06 12 MnemonicCode.toSeed: PBKDF2 took 15.42 ms
15:24:06 12 DeterministicKeyChain.maybeLookAhead: 1 keys needed for M/0H/0 = 1 issued + 0 lookahead size + 0 lookahead threshold - 0 num children
15:24:06 12 DeterministicKeyChain.maybeLookAhead: Took 255.1 μs
15:24:06 12 AbstractBlockChain.<init>: chain head is at height 0:
 block: 
   hash: 0d1ddf2b9caed3fea7662b6faff88009463418c34e09c69da6527d64daf617c2
   version: 1
   previous block: 0000000000000000000000000000000000000000000000000000000000000000
   time: 1553552642 (2019-03-25T22:24:02Z)
   difficulty target (nBits): 545259519
   nonce: 0

15:24:06 235 DeterministicKeyChain.maybeLookAhead: 6 keys needed for M/0H/0 = 1 issued + 4 lookahead size + 2 lookahead threshold - 1 num children
15:24:06 235 DeterministicKeyChain.maybeLookAhead: Took 1.865 ms
15:24:06 235 DeterministicKeyChain.maybeLookAhead: 6 keys needed for M/0H/1 = 0 issued + 4 lookahead size + 2 lookahead threshold - 0 num children
15:24:06 235 DeterministicKeyChain.maybeLookAhead: Took 1.380 ms
15:24:06 235 PeerGroup$8.run: Starting ...
15:24:06 235 PeerGroup.discoverPeers: Peer discovery took 3.011 μs and returned 0 items
15:24:06 12 PeerGroup.connectTo: Attempting connection to [127.0.0.1]:2001     (0 connected, 1 pending, 0 max)
15:24:06 236 NioClientManager.handleKey: Connected to localhost/127.0.0.1:2001
15:24:06 236 Peer.connectionOpened: Announcing to localhost/127.0.0.1:2001 as: /bitcoinj:0.16-SNAPSHOT/
15:24:06 236 Peer.processVersionMessage: Peer{[127.0.0.1]:2001, version=70000, subVer=/bitcoinj:0.16-SNAPSHOT/, services=1 (NETWORK), time=2019-03-25 15:24:06, height=10}
15:24:06 236 PeerGroup.handleNewPeer: Peer{[127.0.0.1]:2001, version=70000, subVer=/bitcoinj:0.16-SNAPSHOT/, services=1 (NETWORK), time=2019-03-25 15:24:06, height=10}: New peer      (1 connected, 0 pending, 1 max)
15:24:06 236 PeerGroup.setDownloadPeer: Setting download peer: Peer{[127.0.0.1]:2001, version=70000, subVer=/bitcoinj:0.16-SNAPSHOT/, services=1 (NETWORK), time=2019-03-25 15:24:06, height=10}
15:24:06 12 PeerGroup.connectTo: Attempting connection to [127.0.0.1]:2002     (1 connected, 1 pending, 1 max)
15:24:06 236 NioClientManager.handleKey: Connected to localhost/127.0.0.1:2002
15:24:06 236 Peer.connectionOpened: Announcing to localhost/127.0.0.1:2002 as: /bitcoinj:0.16-SNAPSHOT/
15:24:06 236 Peer.processVersionMessage: Peer{[127.0.0.1]:2002, version=70011, subVer=/bitcoinj:0.16-SNAPSHOT/, services=5 (NETWORK, BLOOM), time=2019-03-25 15:24:06, height=10}
15:24:06 236 PeerGroup.handleNewPeer: Peer{[127.0.0.1]:2002, version=70011, subVer=/bitcoinj:0.16-SNAPSHOT/, services=5 (NETWORK, BLOOM), time=2019-03-25 15:24:06, height=10}: New peer      (2 connected, 0 pending, 2 max)
15:24:06 12 PeerGroup.connectTo: Attempting connection to [127.0.0.1]:2003     (2 connected, 1 pending, 2 max)
15:24:06 236 NioClientManager.handleKey: Connected to localhost/127.0.0.1:2003
15:24:06 236 Peer.connectionOpened: Announcing to localhost/127.0.0.1:2003 as: /bitcoinj:0.16-SNAPSHOT/
15:24:06 236 Peer.processVersionMessage: Peer{[127.0.0.1]:2003, version=70011, subVer=/bitcoinj:0.16-SNAPSHOT/, services=5 (NETWORK, BLOOM), time=2019-03-25 15:24:06, height=10}
15:24:06 236 PeerGroup.handleNewPeer: Peer{[127.0.0.1]:2003, version=70011, subVer=/bitcoinj:0.16-SNAPSHOT/, services=5 (NETWORK, BLOOM), time=2019-03-25 15:24:06, height=10}: New peer      (3 connected, 0 pending, 3 max)
15:24:06 236 PeerGroup.handlePeerDeath: [127.0.0.1]:2001: Peer died      (2 connected, 0 pending, 3 max)
15:24:06 236 PeerGroup.handlePeerDeath: Download peer died. Picking a new one.
15:24:06 236 PeerGroup.setDownloadPeer: Unsetting download peer: Peer{[127.0.0.1]:2001, version=70000, subVer=/bitcoinj:0.16-SNAPSHOT/, services=1 (NETWORK), time=2019-03-25 15:24:06, height=10}
15:24:06 236 PeerGroup.setDownloadPeer: Setting download peer: Peer{[127.0.0.1]:2002, version=70011, subVer=/bitcoinj:0.16-SNAPSHOT/, services=5 (NETWORK, BLOOM), time=2019-03-25 15:24:06, height=10}
15:24:06 235 PeerGroup.discoverPeers: Peer discovery took 3.060 μs and returned 0 items
15:24:06 235 PeerGroup$6.go: Waiting 1500 ms before next connect attempt to [127.0.0.1]:2001
15:24:06 236 PeerGroup.handlePeerDeath: [127.0.0.1]:2002: Peer died      (1 connected, 0 pending, 3 max)
15:24:06 236 PeerGroup.handlePeerDeath: Download peer died. Picking a new one.
15:24:06 236 PeerGroup.setDownloadPeer: Unsetting download peer: Peer{[127.0.0.1]:2002, version=70011, subVer=/bitcoinj:0.16-SNAPSHOT/, services=5 (NETWORK, BLOOM), time=2019-03-25 15:24:06, height=10}
15:24:06 236 PeerGroup.setDownloadPeer: Setting download peer: Peer{[127.0.0.1]:2003, version=70011, subVer=/bitcoinj:0.16-SNAPSHOT/, services=5 (NETWORK, BLOOM), time=2019-03-25 15:24:06, height=10}
15:24:06 235 PeerGroup.discoverPeers: Peer discovery took 2.028 μs and returned 0 items
15:24:06 235 PeerGroup$6.go: Waiting 3375 ms before next connect attempt to [127.0.0.1]:2001
15:24:06 236 PeerGroup.handlePeerDeath: [127.0.0.1]:2003: Peer died      (0 connected, 0 pending, 3 max)
15:24:06 236 PeerGroup.handlePeerDeath: Download peer died. Picking a new one.
15:24:06 236 PeerGroup.setDownloadPeer: Unsetting download peer: Peer{[127.0.0.1]:2003, version=70011, subVer=/bitcoinj:0.16-SNAPSHOT/, services=5 (NETWORK, BLOOM), time=2019-03-25 15:24:06, height=10}
15:24:06 235 PeerGroup$9.run: Stopping ...
15:24:06 12 Context.<init>: Creating bitcoinj 0.16-SNAPSHOT context.
15:24:06 235 PeerGroup$9.run: Stopped, took 1.124 ms.
15:24:06 12 MnemonicCode.toSeed: PBKDF2 took 15.28 ms
15:24:06 12 DeterministicKeyChain.maybeLookAhead: 1 keys needed for M/0H/0 = 1 issued + 0 lookahead size + 0 lookahead threshold - 0 num children
15:24:06 12 DeterministicKeyChain.maybeLookAhead: Took 478.8 μs
15:24:06 12 AbstractBlockChain.<init>: chain head is at height 0:
 block: 
   hash: 0d1ddf2b9caed3fea7662b6faff88009463418c34e09c69da6527d64daf617c2
   version: 1
   previous block: 0000000000000000000000000000000000000000000000000000000000000000
   time: 1553552642 (2019-03-25T22:24:02Z)
   difficulty target (nBits): 545259519
   nonce: 0

15:24:06 243 DeterministicKeyChain.maybeLookAhead: 6 keys needed for M/0H/0 = 1 issued + 4 lookahead size + 2 lookahead threshold - 1 num children
15:24:06 243 DeterministicKeyChain.maybeLookAhead: Took 1.166 ms
15:24:06 243 DeterministicKeyChain.maybeLookAhead: 6 keys needed for M/0H/1 = 0 issued + 4 lookahead size + 2 lookahead threshold - 0 num children
15:24:06 243 DeterministicKeyChain.maybeLookAhead: Took 1.264 ms
15:24:06 243 PeerGroup$8.run: Starting ...
15:24:06 12 PeerGroup.connectTo: Attempting connection to [127.0.0.1]:2001     (0 connected, 1 pending, 0 max)
15:24:06 244 NioClientManager.handleKey: Connected to localhost/127.0.0.1:2001
15:24:06 243 PeerGroup.discoverPeers: Peer discovery took 2.526 μs and returned 0 items
15:24:06 244 Peer.connectionOpened: Announcing to localhost/127.0.0.1:2001 as: /bitcoinj:0.16-SNAPSHOT/
15:24:06 244 Peer.processVersionMessage: Peer{[127.0.0.1]:2001, version=70001, subVer=/bitcoinj:0.16-SNAPSHOT/, services=1 (NETWORK), time=2019-03-25 15:24:06, height=1}
15:24:06 244 PeerGroup.handleNewPeer: Peer{[127.0.0.1]:2001, version=70001, subVer=/bitcoinj:0.16-SNAPSHOT/, services=1 (NETWORK), time=2019-03-25 15:24:06, height=1}: New peer      (1 connected, 0 pending, 1 max)
15:24:06 244 PeerGroup.setDownloadPeer: Setting download peer: Peer{[127.0.0.1]:2001, version=70001, subVer=/bitcoinj:0.16-SNAPSHOT/, services=1 (NETWORK), time=2019-03-25 15:24:06, height=1}
15:24:06 12 PeerGroup.connectTo: Attempting connection to [127.0.0.1]:2002     (1 connected, 1 pending, 1 max)
15:24:06 244 NioClientManager.handleKey: Connected to localhost/127.0.0.1:2002
15:24:06 244 Peer.connectionOpened: Announcing to localhost/127.0.0.1:2002 as: /bitcoinj:0.16-SNAPSHOT/
15:24:06 244 Peer.processVersionMessage: Peer{[127.0.0.1]:2002, version=70001, subVer=/bitcoinj:0.16-SNAPSHOT/, services=1 (NETWORK), time=2019-03-25 15:24:06, height=1}
15:24:06 244 PeerGroup.handleNewPeer: Peer{[127.0.0.1]:2002, version=70001, subVer=/bitcoinj:0.16-SNAPSHOT/, services=1 (NETWORK), time=2019-03-25 15:24:06, height=1}: New peer      (2 connected, 0 pending, 2 max)
15:24:06 244 PeerGroup.handlePeerDeath: [127.0.0.1]:2001: Peer died      (1 connected, 0 pending, 2 max)
15:24:06 244 PeerGroup.handlePeerDeath: Download peer died. Picking a new one.
15:24:06 244 PeerGroup.setDownloadPeer: Unsetting download peer: Peer{[127.0.0.1]:2001, version=70001, subVer=/bitcoinj:0.16-SNAPSHOT/, services=1 (NETWORK), time=2019-03-25 15:24:06, height=1}
15:24:06 244 PeerGroup.setDownloadPeer: Setting download peer: Peer{[127.0.0.1]:2002, version=70001, subVer=/bitcoinj:0.16-SNAPSHOT/, services=1 (NETWORK), time=2019-03-25 15:24:06, height=1}
15:24:06 243 PeerGroup.discoverPeers: Peer discovery took 2.153 μs and returned 0 items
15:24:06 244 PeerGroup.handlePeerDeath: [127.0.0.1]:2002: Peer died      (0 connected, 0 pending, 2 max)
15:24:06 244 PeerGroup.handlePeerDeath: Download peer died. Picking a new one.
15:24:06 244 PeerGroup.setDownloadPeer: Unsetting download peer: Peer{[127.0.0.1]:2002, version=70001, subVer=/bitcoinj:0.16-SNAPSHOT/, services=1 (NETWORK), time=2019-03-25 15:24:06, height=1}
15:24:06 243 PeerGroup$6.go: Waiting 2250 ms before next connect attempt to [127.0.0.1]:2001
15:24:06 243 PeerGroup.discoverPeers: Peer discovery took 1.949 μs and returned 0 items
15:24:06 243 PeerGroup$6.go: Waiting 3375 ms before next connect attempt to [127.0.0.1]:2001
15:24:06 243 PeerGroup$9.run: Stopping ...
15:24:06 12 Context.<init>: Creating bitcoinj 0.16-SNAPSHOT context.
15:24:06 243 PeerGroup$9.run: Stopped, took 749.0 μs.
15:24:07 12 MnemonicCode.toSeed: PBKDF2 took 15.70 ms
15:24:07 12 DeterministicKeyChain.maybeLookAhead: 1 keys needed for M/0H/0 = 1 issued + 0 lookahead size + 0 lookahead threshold - 0 num children
15:24:07 12 DeterministicKeyChain.maybeLookAhead: Took 221.4 μs
15:24:07 12 AbstractBlockChain.<init>: chain head is at height 0:
 block: 
   hash: 0d1ddf2b9caed3fea7662b6faff88009463418c34e09c69da6527d64daf617c2
   version: 1
   previous block: 0000000000000000000000000000000000000000000000000000000000000000
   time: 1553552642 (2019-03-25T22:24:02Z)
   difficulty target (nBits): 545259519
   nonce: 0

15:24:07 251 DeterministicKeyChain.maybeLookAhead: 6 keys needed for M/0H/0 = 1 issued + 4 lookahead size + 2 lookahead threshold - 1 num children
15:24:07 251 DeterministicKeyChain.maybeLookAhead: Took 1.282 ms
15:24:07 251 DeterministicKeyChain.maybeLookAhead: 6 keys needed for M/0H/1 = 0 issued + 4 lookahead size + 2 lookahead threshold - 0 num children
15:24:07 251 DeterministicKeyChain.maybeLookAhead: Took 1.253 ms
15:24:07 251 PeerGroup$8.run: Starting ...
15:24:07 12 Context.<init>: Creating bitcoinj 0.16-SNAPSHOT context.
15:24:07 251 PeerGroup.discoverPeers: Peer discovery took 1.400 ms and returned 99 items
15:24:07 251 PeerGroup$6.go: Waiting 1000 ms before next connect attempt to [127.0.0.1]:0
15:24:07 251 PeerGroup$6.run: Exception when trying to build connections
java.util.concurrent.RejectedExecutionException: Task java.util.concurrent.ScheduledThreadPoolExecutor$ScheduledFutureTask@5e60697f[Not completed, task = java.util.concurrent.Executors$RunnableAdapter@161558e3[Wrapped task = com.google.common.util.concurrent.TrustedListenableFutureTask@5317d445[status=PENDING, info=[task=[running=[NOT STARTED YET], java.util.concurrent.Executors$RunnableAdapter@2693041f[Wrapped task = org.bitcoinj.core.PeerGroup$6@620ee79d]]]]]] rejected from org.bitcoinj.testing.TestWithPeerGroup$1$1@33382b0a[Shutting down, pool size = 1, active threads = 1, queued tasks = 1, completed tasks = 2]
	at java.base/java.util.concurrent.ThreadPoolExecutor$AbortPolicy.rejectedExecution(ThreadPoolExecutor.java:2055)
	at java.base/java.util.concurrent.ThreadPoolExecutor.reject(ThreadPoolExecutor.java:825)
	at java.base/java.util.concurrent.ScheduledThreadPoolExecutor.delayedExecute(ScheduledThreadPoolExecutor.java:340)
	at java.base/java.util.concurrent.ScheduledThreadPoolExecutor.schedule(ScheduledThreadPoolExecutor.java:562)
	at org.bitcoinj.testing.TestWithPeerGroup$1$1.schedule(TestWithPeerGroup.java:99)
	at com.google.common.util.concurrent.MoreExecutors$ScheduledListeningDecorator.schedule(MoreExecutors.java:543)
	at org.bitcoinj.core.PeerGroup$6.go(PeerGroup.java:502)
	at org.bitcoinj.core.PeerGroup$6.run(PeerGroup.java:430)
	at java.base/java.util.concurrent.Executors$RunnableAdapter.call(Executors.java:515)
	at java.base/java.util.concurrent.FutureTask.run(FutureTask.java:264)
	at java.base/java.util.concurrent.ScheduledThreadPoolExecutor$ScheduledFutureTask.run(ScheduledThreadPoolExecutor.java:304)
	at java.base/java.util.concurrent.ThreadPoolExecutor.runWorker(ThreadPoolExecutor.java:1128)
	at java.base/java.util.concurrent.ThreadPoolExecutor$Worker.run(ThreadPoolExecutor.java:628)
	at org.bitcoinj.utils.ContextPropagatingThreadFactory$1.run(ContextPropagatingThreadFactory.java:50)
	at java.base/java.lang.Thread.run(Thread.java:834)
15:24:07 251 PeerGroup$9.run: Stopping ...
15:24:07 251 PeerGroup$9.run: Stopped, took 318.7 μs.
15:24:07 12 MnemonicCode.toSeed: PBKDF2 took 13.98 ms
15:24:07 12 DeterministicKeyChain.maybeLookAhead: 1 keys needed for M/0H/0 = 1 issued + 0 lookahead size + 0 lookahead threshold - 0 num children
15:24:07 12 DeterministicKeyChain.maybeLookAhead: Took 243.3 μs
15:24:07 12 AbstractBlockChain.<init>: chain head is at height 0:
 block: 
   hash: 0d1ddf2b9caed3fea7662b6faff88009463418c34e09c69da6527d64daf617c2
   version: 1
   previous block: 0000000000000000000000000000000000000000000000000000000000000000
   time: 1553552642 (2019-03-25T22:24:02Z)
   difficulty target (nBits): 545259519
   nonce: 0

15:24:07 259 DeterministicKeyChain.maybeLookAhead: 6 keys needed for M/0H/0 = 1 issued + 4 lookahead size + 2 lookahead threshold - 1 num children
15:24:07 259 DeterministicKeyChain.maybeLookAhead: Took 968.3 μs
15:24:07 259 DeterministicKeyChain.maybeLookAhead: 6 keys needed for M/0H/1 = 0 issued + 4 lookahead size + 2 lookahead threshold - 0 num children
15:24:07 259 DeterministicKeyChain.maybeLookAhead: Took 5.822 ms
15:24:07 259 PeerGroup$8.run: Starting ...
15:24:07 259 PeerGroup.discoverPeers: Peer discovery took 3.007 μs and returned 0 items
15:24:07 12 MnemonicCode.toSeed: PBKDF2 took 15.17 ms
15:24:07 259 DeterministicKeyChain.maybeLookAhead: 6 keys needed for M/0H/0 = 0 issued + 5 lookahead size + 1 lookahead threshold - 0 num children
15:24:07 259 DeterministicKeyChain.maybeLookAhead: Took 1.319 ms
15:24:07 259 DeterministicKeyChain.maybeLookAhead: 6 keys needed for M/0H/1 = 0 issued + 5 lookahead size + 1 lookahead threshold - 0 num children
15:24:07 259 DeterministicKeyChain.maybeLookAhead: Took 1.239 ms
15:24:07 259 PeerGroup$9.run: Stopping ...
15:24:07 259 PeerGroup$9.run: Stopped, took 62.62 μs.
15:24:07 12 Context.<init>: Creating bitcoinj 0.16-SNAPSHOT context.
15:24:07 12 MnemonicCode.toSeed: PBKDF2 took 15.34 ms
15:24:07 12 DeterministicKeyChain.maybeLookAhead: 1 keys needed for M/0H/0 = 1 issued + 0 lookahead size + 0 lookahead threshold - 0 num children
15:24:07 12 DeterministicKeyChain.maybeLookAhead: Took 411.5 μs
15:24:07 12 AbstractBlockChain.<init>: chain head is at height 0:
 block: 
   hash: 0d1ddf2b9caed3fea7662b6faff88009463418c34e09c69da6527d64daf617c2
   version: 1
   previous block: 0000000000000000000000000000000000000000000000000000000000000000
   time: 1553552642 (2019-03-25T22:24:02Z)
   difficulty target (nBits): 545259519
   nonce: 0

15:24:07 267 DeterministicKeyChain.maybeLookAhead: 6 keys needed for M/0H/0 = 1 issued + 4 lookahead size + 2 lookahead threshold - 1 num children
15:24:07 267 DeterministicKeyChain.maybeLookAhead: Took 1.245 ms
15:24:07 267 DeterministicKeyChain.maybeLookAhead: 6 keys needed for M/0H/1 = 0 issued + 4 lookahead size + 2 lookahead threshold - 0 num children
15:24:07 267 DeterministicKeyChain.maybeLookAhead: Took 928.6 μs
15:24:07 267 PeerGroup$8.run: Starting ...
15:24:07 12 PeerGroup.connectTo: Attempting connection to [127.0.0.1]:2001     (0 connected, 1 pending, 0 max)
15:24:07 268 NioClientManager.handleKey: Connected to localhost/127.0.0.1:2001
15:24:07 267 PeerGroup.discoverPeers: Peer discovery took 2.965 μs and returned 0 items
15:24:07 268 Peer.connectionOpened: Announcing to localhost/127.0.0.1:2001 as: /bitcoinj:0.16-SNAPSHOT/
15:24:07 268 Peer.processVersionMessage: Peer{[127.0.0.1]:2001, version=70000, subVer=/bitcoinj:0.16-SNAPSHOT/, services=1 (NETWORK), time=2019-03-25 15:24:07, height=10}
15:24:07 268 PeerGroup.handleNewPeer: Peer{[127.0.0.1]:2001, version=70000, subVer=/bitcoinj:0.16-SNAPSHOT/, services=1 (NETWORK), time=2019-03-25 15:24:07, height=10}: New peer      (1 connected, 0 pending, 1 max)
15:24:07 268 PeerGroup.setDownloadPeer: Setting download peer: Peer{[127.0.0.1]:2001, version=70000, subVer=/bitcoinj:0.16-SNAPSHOT/, services=1 (NETWORK), time=2019-03-25 15:24:07, height=10}
15:24:07 12 PeerGroup.connectTo: Attempting connection to [127.0.0.1]:2002     (1 connected, 1 pending, 1 max)
15:24:07 268 NioClientManager.handleKey: Connected to localhost/127.0.0.1:2002
15:24:07 268 Peer.connectionOpened: Announcing to localhost/127.0.0.1:2002 as: /bitcoinj:0.16-SNAPSHOT/
15:24:07 268 Peer.processVersionMessage: Peer{[127.0.0.1]:2002, version=70000, subVer=/bitcoinj:0.16-SNAPSHOT/, services=3 (NETWORK, GETUTXOS), time=2019-03-25 15:24:07, height=10}
15:24:07 268 PeerGroup.handleNewPeer: Peer{[127.0.0.1]:2002, version=70000, subVer=/bitcoinj:0.16-SNAPSHOT/, services=3 (NETWORK, GETUTXOS), time=2019-03-25 15:24:07, height=10}: New peer      (2 connected, 0 pending, 2 max)
15:24:07 12 PeerGroup.connectTo: Attempting connection to [127.0.0.1]:2003     (2 connected, 1 pending, 2 max)
15:24:07 268 NioClientManager.handleKey: Connected to localhost/127.0.0.1:2003
15:24:07 268 Peer.connectionOpened: Announcing to localhost/127.0.0.1:2003 as: /bitcoinj:0.16-SNAPSHOT/
15:24:07 268 Peer.processVersionMessage: Peer{[127.0.0.1]:2003, version=70000, subVer=/bitcoinj:0.16-SNAPSHOT/, services=3 (NETWORK, GETUTXOS), time=2019-03-25 15:24:07, height=10}
15:24:07 268 PeerGroup.handleNewPeer: Peer{[127.0.0.1]:2003, version=70000, subVer=/bitcoinj:0.16-SNAPSHOT/, services=3 (NETWORK, GETUTXOS), time=2019-03-25 15:24:07, height=10}: New peer      (3 connected, 0 pending, 3 max)
15:24:07 267 PeerGroup$9.run: Stopping ...
15:24:07 267 PeerGroup.setDownloadPeer: Unsetting download peer: Peer{[127.0.0.1]:2001, version=70000, subVer=/bitcoinj:0.16-SNAPSHOT/, services=1 (NETWORK), time=2019-03-25 15:24:07, height=10}
15:24:07 267 PeerGroup$9.run: Stopped, took 631.1 μs.
15:24:07 12 PeerGroup.stop: Awaiting PeerGroup shutdown ...
15:24:07 12 PeerGroup.stop: ... took 3.010 ms
15:24:07 12 Context.<init>: Creating bitcoinj 0.16-SNAPSHOT context.
15:24:07 12 MnemonicCode.toSeed: PBKDF2 took 15.03 ms
15:24:07 12 DeterministicKeyChain.maybeLookAhead: 1 keys needed for M/0H/0 = 1 issued + 0 lookahead size + 0 lookahead threshold - 0 num children
15:24:07 12 DeterministicKeyChain.maybeLookAhead: Took 368.5 μs
15:24:07 12 AbstractBlockChain.<init>: chain head is at height 0:
 block: 
   hash: 0d1ddf2b9caed3fea7662b6faff88009463418c34e09c69da6527d64daf617c2
   version: 1
   previous block: 0000000000000000000000000000000000000000000000000000000000000000
   time: 1553552642 (2019-03-25T22:24:02Z)
   difficulty target (nBits): 545259519
   nonce: 0

15:24:07 275 DeterministicKeyChain.maybeLookAhead: 6 keys needed for M/0H/0 = 1 issued + 4 lookahead size + 2 lookahead threshold - 1 num children
15:24:07 275 DeterministicKeyChain.maybeLookAhead: Took 1.163 ms
15:24:07 275 DeterministicKeyChain.maybeLookAhead: 6 keys needed for M/0H/1 = 0 issued + 4 lookahead size + 2 lookahead threshold - 0 num children
15:24:07 275 DeterministicKeyChain.maybeLookAhead: Took 1.252 ms
15:24:07 275 PeerGroup$8.run: Starting ...
15:24:07 275 PeerGroup.discoverPeers: Peer discovery took 3.359 μs and returned 0 items
15:24:07 12 PeerGroup.connectTo: Attempting connection to [127.0.0.1]:2001     (0 connected, 1 pending, 0 max)
15:24:07 276 NioClientManager.handleKey: Connected to localhost/127.0.0.1:2001
15:24:07 276 Peer.connectionOpened: Announcing to localhost/127.0.0.1:2001 as: /bitcoinj:0.16-SNAPSHOT/
15:24:07 276 Peer.processVersionMessage: Peer{[127.0.0.1]:2001, version=70000, subVer=/bitcoinj:0.16-SNAPSHOT/, services=1 (NETWORK), time=2019-03-25 15:24:07, height=2}
15:24:07 276 PeerGroup.handleNewPeer: Peer{[127.0.0.1]:2001, version=70000, subVer=/bitcoinj:0.16-SNAPSHOT/, services=1 (NETWORK), time=2019-03-25 15:24:07, height=2}: New peer      (1 connected, 0 pending, 1 max)
15:24:07 276 PeerGroup.setDownloadPeer: Setting download peer: Peer{[127.0.0.1]:2001, version=70000, subVer=/bitcoinj:0.16-SNAPSHOT/, services=1 (NETWORK), time=2019-03-25 15:24:07, height=2}
15:24:07 276 PeerGroup.handlePeerDeath: [127.0.0.1]:2001: Peer died      (0 connected, 0 pending, 1 max)
15:24:07 276 PeerGroup.handlePeerDeath: Download peer died. Picking a new one.
15:24:07 276 PeerGroup.setDownloadPeer: Unsetting download peer: Peer{[127.0.0.1]:2001, version=70000, subVer=/bitcoinj:0.16-SNAPSHOT/, services=1 (NETWORK), time=2019-03-25 15:24:07, height=2}
15:24:07 275 PeerGroup.discoverPeers: Peer discovery took 2.472 μs and returned 0 items
15:24:07 275 PeerGroup$6.go: Waiting 1500 ms before next connect attempt to [127.0.0.1]:2001
15:24:07 275 PeerGroup$9.run: Stopping ...
15:24:07 275 PeerGroup$9.run: Stopped, took 133.6 μs.
15:24:07 12 Context.<init>: Creating bitcoinj 0.16-SNAPSHOT context.
15:24:07 12 MnemonicCode.toSeed: PBKDF2 took 67.76 ms
15:24:07 12 DeterministicKeyChain.maybeLookAhead: 1 keys needed for M/0H/0 = 1 issued + 0 lookahead size + 0 lookahead threshold - 0 num children
15:24:07 12 DeterministicKeyChain.maybeLookAhead: Took 515.6 μs
15:24:07 12 AbstractBlockChain.<init>: chain head is at height 0:
 block: 
   hash: 0d1ddf2b9caed3fea7662b6faff88009463418c34e09c69da6527d64daf617c2
   version: 1
   previous block: 0000000000000000000000000000000000000000000000000000000000000000
   time: 1553552642 (2019-03-25T22:24:02Z)
   difficulty target (nBits): 545259519
   nonce: 0

15:24:07 283 DeterministicKeyChain.maybeLookAhead: 6 keys needed for M/0H/0 = 1 issued + 4 lookahead size + 2 lookahead threshold - 1 num children
15:24:07 283 DeterministicKeyChain.maybeLookAhead: Took 1.372 ms
15:24:07 283 DeterministicKeyChain.maybeLookAhead: 6 keys needed for M/0H/1 = 0 issued + 4 lookahead size + 2 lookahead threshold - 0 num children
15:24:07 283 DeterministicKeyChain.maybeLookAhead: Took 1.204 ms
15:24:07 283 PeerGroup$8.run: Starting ...
15:24:07 283 PeerGroup.discoverPeers: Peer discovery took 3.350 μs and returned 0 items
15:24:07 12 PeerGroup.connectTo: Attempting connection to [127.0.0.1]:2001     (0 connected, 1 pending, 0 max)
15:24:07 285 Peer.connectionOpened: Announcing to localhost/127.0.0.1:2001 as: /bitcoinj:0.16-SNAPSHOT/
15:24:07 285 Peer.processVersionMessage: Peer{[127.0.0.1]:2001, version=70001, subVer=/bitcoinj:0.16-SNAPSHOT/, services=1 (NETWORK), time=2019-03-25 15:24:07, height=1}
15:24:07 285 PeerGroup.handleNewPeer: Peer{[127.0.0.1]:2001, version=70001, subVer=/bitcoinj:0.16-SNAPSHOT/, services=1 (NETWORK), time=2019-03-25 15:24:07, height=1}: New peer      (1 connected, 0 pending, 1 max)
15:24:07 285 PeerGroup.setDownloadPeer: Setting download peer: Peer{[127.0.0.1]:2001, version=70001, subVer=/bitcoinj:0.16-SNAPSHOT/, services=1 (NETWORK), time=2019-03-25 15:24:07, height=1}
15:24:07 12 PeerGroup.connectTo: Attempting connection to [127.0.0.1]:2002     (1 connected, 1 pending, 1 max)
15:24:07 286 Peer.connectionOpened: Announcing to localhost/127.0.0.1:2002 as: /bitcoinj:0.16-SNAPSHOT/
15:24:07 286 Peer.processVersionMessage: Peer{[127.0.0.1]:2002, version=70001, subVer=/bitcoinj:0.16-SNAPSHOT/, services=1 (NETWORK), time=2019-03-25 15:24:07, height=1}
15:24:07 286 PeerGroup.handleNewPeer: Peer{[127.0.0.1]:2002, version=70001, subVer=/bitcoinj:0.16-SNAPSHOT/, services=1 (NETWORK), time=2019-03-25 15:24:07, height=1}: New peer      (2 connected, 0 pending, 2 max)
15:24:07 285 PeerGroup.handlePeerDeath: [127.0.0.1]:2001: Peer died      (1 connected, 0 pending, 2 max)
15:24:07 285 PeerGroup.handlePeerDeath: Download peer died. Picking a new one.
15:24:07 285 PeerGroup.setDownloadPeer: Unsetting download peer: Peer{[127.0.0.1]:2001, version=70001, subVer=/bitcoinj:0.16-SNAPSHOT/, services=1 (NETWORK), time=2019-03-25 15:24:07, height=1}
15:24:07 285 PeerGroup.setDownloadPeer: Setting download peer: Peer{[127.0.0.1]:2002, version=70001, subVer=/bitcoinj:0.16-SNAPSHOT/, services=1 (NETWORK), time=2019-03-25 15:24:07, height=1}
15:24:07 283 PeerGroup.discoverPeers: Peer discovery took 2.160 μs and returned 0 items
15:24:07 283 PeerGroup$6.go: Waiting 1500 ms before next connect attempt to [127.0.0.1]:2001
15:24:07 286 PeerGroup.handlePeerDeath: [127.0.0.1]:2002: Peer died      (0 connected, 0 pending, 2 max)
15:24:07 286 PeerGroup.handlePeerDeath: Download peer died. Picking a new one.
15:24:07 286 PeerGroup.setDownloadPeer: Unsetting download peer: Peer{[127.0.0.1]:2002, version=70001, subVer=/bitcoinj:0.16-SNAPSHOT/, services=1 (NETWORK), time=2019-03-25 15:24:07, height=1}
15:24:07 283 PeerGroup.discoverPeers: Peer discovery took 2.097 μs and returned 0 items
15:24:07 283 PeerGroup$6.go: Waiting 3375 ms before next connect attempt to [127.0.0.1]:2001
15:24:07 283 PeerGroup$9.run: Stopping ...
15:24:07 283 PeerGroup$9.run: Stopped, took 655.6 μs.
15:24:07 12 Context.<init>: Creating bitcoinj 0.16-SNAPSHOT context.
15:24:07 12 MnemonicCode.toSeed: PBKDF2 took 43.11 ms
15:24:07 12 DeterministicKeyChain.maybeLookAhead: 1 keys needed for M/0H/0 = 1 issued + 0 lookahead size + 0 lookahead threshold - 0 num children
15:24:07 12 DeterministicKeyChain.maybeLookAhead: Took 349.0 μs
15:24:07 12 AbstractBlockChain.<init>: chain head is at height 0:
 block: 
   hash: 0d1ddf2b9caed3fea7662b6faff88009463418c34e09c69da6527d64daf617c2
   version: 1
   previous block: 0000000000000000000000000000000000000000000000000000000000000000
   time: 1553552642 (2019-03-25T22:24:02Z)
   difficulty target (nBits): 545259519
   nonce: 0

15:24:07 294 DeterministicKeyChain.maybeLookAhead: 6 keys needed for M/0H/0 = 1 issued + 4 lookahead size + 2 lookahead threshold - 1 num children
15:24:07 294 DeterministicKeyChain.maybeLookAhead: Took 1.458 ms
15:24:07 294 DeterministicKeyChain.maybeLookAhead: 6 keys needed for M/0H/1 = 0 issued + 4 lookahead size + 2 lookahead threshold - 0 num children
15:24:07 294 DeterministicKeyChain.maybeLookAhead: Took 1.478 ms
15:24:07 294 PeerGroup$8.run: Starting ...
15:24:07 294 PeerGroup.discoverPeers: Peer discovery took 3.087 μs and returned 0 items
15:24:07 12 PeerGroup.connectTo: Attempting connection to [127.0.0.1]:2001     (0 connected, 1 pending, 0 max)
15:24:07 296 Peer.connectionOpened: Announcing to localhost/127.0.0.1:2001 as: /bitcoinj:0.16-SNAPSHOT/
15:24:07 296 Peer.processVersionMessage: Peer{[127.0.0.1]:2001, version=70001, subVer=/bitcoinj:0.16-SNAPSHOT/, services=1 (NETWORK), time=2019-03-25 15:24:07, height=1}
15:24:07 296 PeerGroup.handleNewPeer: Peer{[127.0.0.1]:2001, version=70001, subVer=/bitcoinj:0.16-SNAPSHOT/, services=1 (NETWORK), time=2019-03-25 15:24:07, height=1}: New peer      (1 connected, 0 pending, 1 max)
15:24:07 296 PeerGroup.setDownloadPeer: Setting download peer: Peer{[127.0.0.1]:2001, version=70001, subVer=/bitcoinj:0.16-SNAPSHOT/, services=1 (NETWORK), time=2019-03-25 15:24:07, height=1}
15:24:07 12 PeerGroup.connectTo: Attempting connection to [127.0.0.1]:2002     (1 connected, 1 pending, 1 max)
15:24:07 297 Peer.connectionOpened: Announcing to localhost/127.0.0.1:2002 as: /bitcoinj:0.16-SNAPSHOT/
15:24:07 297 Peer.processVersionMessage: Peer{[127.0.0.1]:2002, version=70001, subVer=/bitcoinj:0.16-SNAPSHOT/, services=1 (NETWORK), time=2019-03-25 15:24:07, height=1}
15:24:07 297 PeerGroup.handleNewPeer: Peer{[127.0.0.1]:2002, version=70001, subVer=/bitcoinj:0.16-SNAPSHOT/, services=1 (NETWORK), time=2019-03-25 15:24:07, height=1}: New peer      (2 connected, 0 pending, 2 max)
15:24:07 296 PeerGroup.handlePeerDeath: [127.0.0.1]:2001: Peer died      (1 connected, 0 pending, 2 max)
15:24:07 296 PeerGroup.handlePeerDeath: Download peer died. Picking a new one.
15:24:07 296 PeerGroup.setDownloadPeer: Unsetting download peer: Peer{[127.0.0.1]:2001, version=70001, subVer=/bitcoinj:0.16-SNAPSHOT/, services=1 (NETWORK), time=2019-03-25 15:24:07, height=1}
15:24:07 296 PeerGroup.setDownloadPeer: Setting download peer: Peer{[127.0.0.1]:2002, version=70001, subVer=/bitcoinj:0.16-SNAPSHOT/, services=1 (NETWORK), time=2019-03-25 15:24:07, height=1}
15:24:07 296 BlockingClient.writeBytes: Error writing message to connection, closing connection
java.net.SocketException: Socket is closed
	at java.base/java.net.Socket.getOutputStream(Socket.java:944)
	at org.bitcoinj.net.BlockingClient.writeBytes(BlockingClient.java:148)
	at org.bitcoinj.core.PeerSocketHandler.sendMessage(PeerSocketHandler.java:92)
	at org.bitcoinj.core.Peer.blockChainDownloadLocked(Peer.java:1469)
	at org.bitcoinj.core.Peer.startBlockChainDownload(Peer.java:1498)
	at org.bitcoinj.core.PeerGroup.startBlockChainDownloadFromPeer(PeerGroup.java:1869)
	at org.bitcoinj.core.PeerGroup.handlePeerDeath(PeerGroup.java:1646)
	at org.bitcoinj.core.PeerGroup$PeerStartupListener.onPeerDisconnected(PeerGroup.java:255)
	at org.bitcoinj.core.Peer$3.run(Peer.java:422)
	at org.bitcoinj.utils.Threading$2.execute(Threading.java:139)
	at org.bitcoinj.core.Peer.connectionClosed(Peer.java:419)
	at org.bitcoinj.net.BlockingClient$1.run(BlockingClient.java:95)
15:24:07 294 PeerGroup$9.run: Stopping ...
15:24:07 296 PeerSocketHandler.exceptionCaught: [127.0.0.1]:2002 - Socket is closed
15:24:07 297 PeerGroup.handlePeerDeath: [127.0.0.1]:2002: Peer died      (0 connected, 0 pending, 2 max)
15:24:07 297 PeerGroup.handlePeerDeath: Download peer died. Picking a new one.
15:24:07 297 PeerGroup.setDownloadPeer: Unsetting download peer: Peer{[127.0.0.1]:2002, version=70001, subVer=/bitcoinj:0.16-SNAPSHOT/, services=1 (NETWORK), time=2019-03-25 15:24:07, height=1}
15:24:07 12 Context.<init>: Creating bitcoinj 0.16-SNAPSHOT context.
15:24:07 294 PeerGroup$9.run: Stopped, took 1.326 ms.
15:24:07 12 MnemonicCode.toSeed: PBKDF2 took 13.07 ms
15:24:07 12 DeterministicKeyChain.maybeLookAhead: 1 keys needed for M/0H/0 = 1 issued + 0 lookahead size + 0 lookahead threshold - 0 num children
15:24:07 12 DeterministicKeyChain.maybeLookAhead: Took 201.0 μs
15:24:07 12 AbstractBlockChain.<init>: chain head is at height 0:
 block: 
   hash: 0d1ddf2b9caed3fea7662b6faff88009463418c34e09c69da6527d64daf617c2
   version: 1
   previous block: 0000000000000000000000000000000000000000000000000000000000000000
   time: 1553552642 (2019-03-25T22:24:02Z)
   difficulty target (nBits): 545259519
   nonce: 0

15:24:07 305 DeterministicKeyChain.maybeLookAhead: 6 keys needed for M/0H/0 = 1 issued + 4 lookahead size + 2 lookahead threshold - 1 num children
15:24:07 305 DeterministicKeyChain.maybeLookAhead: Took 951.3 μs
15:24:07 305 DeterministicKeyChain.maybeLookAhead: 6 keys needed for M/0H/1 = 0 issued + 4 lookahead size + 2 lookahead threshold - 0 num children
15:24:07 305 DeterministicKeyChain.maybeLookAhead: Took 1.280 ms
15:24:07 305 PeerGroup$8.run: Starting ...
15:24:07 305 PeerGroup.discoverPeers: Peer discovery took 2.638 μs and returned 0 items
15:24:07 12 PeerGroup.connectTo: Attempting connection to [127.0.0.1]:2001     (0 connected, 1 pending, 0 max)
15:24:07 307 Peer.connectionOpened: Announcing to localhost/127.0.0.1:2001 as: /bitcoinj:0.16-SNAPSHOT/
15:24:07 307 Peer.processVersionMessage: Peer{[127.0.0.1]:2001, version=70001, subVer=/bitcoinj:0.16-SNAPSHOT/, services=1 (NETWORK), time=2019-03-25 15:24:07, height=1}
15:24:07 307 PeerGroup.handleNewPeer: Peer{[127.0.0.1]:2001, version=70001, subVer=/bitcoinj:0.16-SNAPSHOT/, services=1 (NETWORK), time=2019-03-25 15:24:07, height=1}: New peer      (1 connected, 0 pending, 1 max)
15:24:07 307 PeerGroup.setDownloadPeer: Setting download peer: Peer{[127.0.0.1]:2001, version=70001, subVer=/bitcoinj:0.16-SNAPSHOT/, services=1 (NETWORK), time=2019-03-25 15:24:07, height=1}
15:24:07 12 MnemonicCode.toSeed: PBKDF2 took 11.19 ms
15:24:07 12 DeterministicKeyChain.maybeLookAhead: 1 keys needed for M/0H/0 = 1 issued + 0 lookahead size + 0 lookahead threshold - 0 num children
15:24:07 12 DeterministicKeyChain.maybeLookAhead: Took 233.1 μs
15:24:07 305 DeterministicKeyChain.maybeLookAhead: 6 keys needed for M/0H/0 = 1 issued + 5 lookahead size + 1 lookahead threshold - 1 num children
15:24:07 305 DeterministicKeyChain.maybeLookAhead: Took 1.266 ms
15:24:07 305 DeterministicKeyChain.maybeLookAhead: 6 keys needed for M/0H/1 = 0 issued + 5 lookahead size + 1 lookahead threshold - 0 num children
15:24:07 305 DeterministicKeyChain.maybeLookAhead: Took 769.1 μs
15:24:07 307 Peer.downloadDependencies: [127.0.0.1]:2001: Downloading dependencies of d54bcac4e8bf0405fe646d65433fcce8c87040ed64a048f58946a72a99e5eeef
15:24:07 307 Peer.processNotFoundMessage: Peer{[127.0.0.1]:2001, version=70001, subVer=/bitcoinj:0.16-SNAPSHOT/, services=1 (NETWORK), time=2019-03-25 15:24:07, height=1}: Bottomed out dep tree at 41d83540ad5a898d60871715bf5ae0d1df76f5e7e4d9b8f3bfc71d42441a959a
15:24:07 307 Peer$5.onSuccess: [127.0.0.1]:2001: Dependency download complete!
15:24:07 307 Wallet.receivePending: Received a pending transaction d54bcac4e8bf0405fe646d65433fcce8c87040ed64a048f58946a72a99e5eeef that spends 0.00 BTC from our own wallet, and sends us 1.00 BTC
15:24:07 307 Wallet.maybeCommitTx: commitTx of d54bcac4e8bf0405fe646d65433fcce8c87040ed64a048f58946a72a99e5eeef
15:24:07 307 Wallet.maybeCommitTx: ->pending: d54bcac4e8bf0405fe646d65433fcce8c87040ed64a048f58946a72a99e5eeef
15:24:07 307 Wallet.maybeCommitTx: Estimated balance is now: 1.00 BTC
15:24:07 307 PeerGroup.handlePeerDeath: [127.0.0.1]:2001: Peer died      (0 connected, 0 pending, 1 max)
15:24:07 307 PeerGroup.handlePeerDeath: Download peer died. Picking a new one.
15:24:07 307 PeerGroup.setDownloadPeer: Unsetting download peer: Peer{[127.0.0.1]:2001, version=70001, subVer=/bitcoinj:0.16-SNAPSHOT/, services=1 (NETWORK), time=2019-03-25 15:24:07, height=1}
15:24:07 305 PeerGroup.discoverPeers: Peer discovery took 2.430 μs and returned 0 items
15:24:07 305 PeerGroup$6.go: Waiting 1500 ms before next connect attempt to [127.0.0.1]:2001
15:24:07 305 PeerGroup$6.run: Exception when trying to build connections
java.util.concurrent.RejectedExecutionException: Task java.util.concurrent.ScheduledThreadPoolExecutor$ScheduledFutureTask@7e4717ad[Not completed, task = java.util.concurrent.Executors$RunnableAdapter@67515812[Wrapped task = com.google.common.util.concurrent.TrustedListenableFutureTask@2253ca9c[status=PENDING, info=[task=[running=[NOT STARTED YET], java.util.concurrent.Executors$RunnableAdapter@645cf97[Wrapped task = org.bitcoinj.core.PeerGroup$6@13bb4c00]]]]]] rejected from org.bitcoinj.testing.TestWithPeerGroup$1$1@427c35d3[Shutting down, pool size = 1, active threads = 1, queued tasks = 1, completed tasks = 4]
	at java.base/java.util.concurrent.ThreadPoolExecutor$AbortPolicy.rejectedExecution(ThreadPoolExecutor.java:2055)
	at java.base/java.util.concurrent.ThreadPoolExecutor.reject(ThreadPoolExecutor.java:825)
	at java.base/java.util.concurrent.ScheduledThreadPoolExecutor.delayedExecute(ScheduledThreadPoolExecutor.java:340)
	at java.base/java.util.concurrent.ScheduledThreadPoolExecutor.schedule(ScheduledThreadPoolExecutor.java:562)
	at org.bitcoinj.testing.TestWithPeerGroup$1$1.schedule(TestWithPeerGroup.java:99)
	at com.google.common.util.concurrent.MoreExecutors$ScheduledListeningDecorator.schedule(MoreExecutors.java:543)
	at org.bitcoinj.core.PeerGroup$6.go(PeerGroup.java:502)
	at org.bitcoinj.core.PeerGroup$6.run(PeerGroup.java:430)
	at java.base/java.util.concurrent.Executors$RunnableAdapter.call(Executors.java:515)
	at java.base/java.util.concurrent.FutureTask.run(FutureTask.java:264)
	at java.base/java.util.concurrent.ScheduledThreadPoolExecutor$ScheduledFutureTask.run(ScheduledThreadPoolExecutor.java:304)
	at java.base/java.util.concurrent.ThreadPoolExecutor.runWorker(ThreadPoolExecutor.java:1128)
	at java.base/java.util.concurrent.ThreadPoolExecutor$Worker.run(ThreadPoolExecutor.java:628)
	at org.bitcoinj.utils.ContextPropagatingThreadFactory$1.run(ContextPropagatingThreadFactory.java:50)
	at java.base/java.lang.Thread.run(Thread.java:834)
15:24:07 305 PeerGroup$9.run: Stopping ...
15:24:07 12 Context.<init>: Creating bitcoinj 0.16-SNAPSHOT context.
15:24:07 305 PeerGroup$9.run: Stopped, took 424.9 μs.
15:24:07 12 MnemonicCode.toSeed: PBKDF2 took 13.86 ms
15:24:07 12 DeterministicKeyChain.maybeLookAhead: 1 keys needed for M/0H/0 = 1 issued + 0 lookahead size + 0 lookahead threshold - 0 num children
15:24:07 12 DeterministicKeyChain.maybeLookAhead: Took 695.5 μs
15:24:07 12 AbstractBlockChain.<init>: chain head is at height 0:
 block: 
   hash: 0d1ddf2b9caed3fea7662b6faff88009463418c34e09c69da6527d64daf617c2
   version: 1
   previous block: 0000000000000000000000000000000000000000000000000000000000000000
   time: 1553552642 (2019-03-25T22:24:02Z)
   difficulty target (nBits): 545259519
   nonce: 0

15:24:07 315 DeterministicKeyChain.maybeLookAhead: 6 keys needed for M/0H/0 = 1 issued + 4 lookahead size + 2 lookahead threshold - 1 num children
15:24:07 315 DeterministicKeyChain.maybeLookAhead: Took 1.243 ms
15:24:07 315 DeterministicKeyChain.maybeLookAhead: 6 keys needed for M/0H/1 = 0 issued + 4 lookahead size + 2 lookahead threshold - 0 num children
15:24:07 315 DeterministicKeyChain.maybeLookAhead: Took 1.554 ms
15:24:07 315 PeerGroup$8.run: Starting ...
15:24:07 315 PeerGroup.discoverPeers: Peer discovery took 5.014 μs and returned 0 items
15:24:07 12 PeerGroup.connectTo: Attempting connection to [127.0.0.1]:2001     (0 connected, 1 pending, 0 max)
15:24:07 317 Peer.connectionOpened: Announcing to localhost/127.0.0.1:2001 as: /bitcoinj:0.16-SNAPSHOT/
15:24:07 317 Peer.processVersionMessage: Peer{[127.0.0.1]:2001, version=70000, subVer=/bitcoinj:0.16-SNAPSHOT/, services=1 (NETWORK), time=2019-03-25 15:24:07, height=2}
15:24:07 317 PeerGroup.handleNewPeer: Peer{[127.0.0.1]:2001, version=70000, subVer=/bitcoinj:0.16-SNAPSHOT/, services=1 (NETWORK), time=2019-03-25 15:24:07, height=2}: New peer      (1 connected, 0 pending, 1 max)
15:24:07 317 PeerGroup.setDownloadPeer: Setting download peer: Peer{[127.0.0.1]:2001, version=70000, subVer=/bitcoinj:0.16-SNAPSHOT/, services=1 (NETWORK), time=2019-03-25 15:24:07, height=2}
15:24:07 12 PeerGroup.connectTo: Attempting connection to [127.0.0.1]:2002     (1 connected, 1 pending, 1 max)
15:24:07 318 Peer.connectionOpened: Announcing to localhost/127.0.0.1:2002 as: /bitcoinj:0.16-SNAPSHOT/
15:24:07 318 Peer.processVersionMessage: Peer{[127.0.0.1]:2002, version=70000, subVer=/bitcoinj:0.16-SNAPSHOT/, services=1 (NETWORK), time=2019-03-25 15:24:07, height=2}
15:24:07 318 PeerGroup.handleNewPeer: Peer{[127.0.0.1]:2002, version=70000, subVer=/bitcoinj:0.16-SNAPSHOT/, services=1 (NETWORK), time=2019-03-25 15:24:07, height=2}: New peer      (2 connected, 0 pending, 2 max)
15:24:07 12 PeerGroup.connectTo: Attempting connection to [127.0.0.1]:2003     (2 connected, 1 pending, 2 max)
15:24:07 319 Peer.connectionOpened: Announcing to localhost/127.0.0.1:2003 as: /bitcoinj:0.16-SNAPSHOT/
15:24:07 319 Peer.processVersionMessage: Peer{[127.0.0.1]:2003, version=70000, subVer=/bitcoinj:0.16-SNAPSHOT/, services=1 (NETWORK), time=2019-03-25 15:24:07, height=3}
15:24:07 319 PeerGroup.handleNewPeer: Peer{[127.0.0.1]:2003, version=70000, subVer=/bitcoinj:0.16-SNAPSHOT/, services=1 (NETWORK), time=2019-03-25 15:24:07, height=3}: New peer      (3 connected, 0 pending, 3 max)
15:24:07 12 PeerGroup.connectTo: Attempting connection to [127.0.0.1]:2004     (3 connected, 1 pending, 3 max)
15:24:07 320 Peer.connectionOpened: Announcing to localhost/127.0.0.1:2004 as: /bitcoinj:0.16-SNAPSHOT/
15:24:07 320 Peer.processVersionMessage: Peer{[127.0.0.1]:2004, version=70000, subVer=/bitcoinj:0.16-SNAPSHOT/, services=1 (NETWORK), time=2019-03-25 15:24:07, height=3}
15:24:07 320 PeerGroup.handleNewPeer: Peer{[127.0.0.1]:2004, version=70000, subVer=/bitcoinj:0.16-SNAPSHOT/, services=1 (NETWORK), time=2019-03-25 15:24:07, height=3}: New peer      (4 connected, 0 pending, 4 max)
15:24:07 317 PeerGroup.handlePeerDeath: [127.0.0.1]:2001: Peer died      (3 connected, 0 pending, 4 max)
15:24:07 317 PeerGroup.handlePeerDeath: Download peer died. Picking a new one.
15:24:07 317 PeerGroup.setDownloadPeer: Unsetting download peer: Peer{[127.0.0.1]:2001, version=70000, subVer=/bitcoinj:0.16-SNAPSHOT/, services=1 (NETWORK), time=2019-03-25 15:24:07, height=2}
15:24:07 317 PeerGroup.setDownloadPeer: Setting download peer: Peer{[127.0.0.1]:2004, version=70000, subVer=/bitcoinj:0.16-SNAPSHOT/, services=1 (NETWORK), time=2019-03-25 15:24:07, height=3}
15:24:07 318 PeerGroup.handlePeerDeath: [127.0.0.1]:2002: Peer died      (2 connected, 0 pending, 4 max)
15:24:07 319 PeerGroup.handlePeerDeath: [127.0.0.1]:2003: Peer died      (1 connected, 0 pending, 4 max)
15:24:07 320 PeerGroup.handlePeerDeath: [127.0.0.1]:2004: Peer died      (0 connected, 0 pending, 4 max)
15:24:07 315 PeerGroup.discoverPeers: Peer discovery took 2.351 μs and returned 0 items
15:24:07 320 PeerGroup.handlePeerDeath: Download peer died. Picking a new one.
15:24:07 320 PeerGroup.setDownloadPeer: Unsetting download peer: Peer{[127.0.0.1]:2004, version=70000, subVer=/bitcoinj:0.16-SNAPSHOT/, services=1 (NETWORK), time=2019-03-25 15:24:07, height=3}
15:24:07 315 PeerGroup$6.go: Waiting 5062 ms before next connect attempt to [127.0.0.1]:2001
15:24:07 315 PeerGroup$6.run: Exception when trying to build connections
java.util.concurrent.RejectedExecutionException: Task java.util.concurrent.ScheduledThreadPoolExecutor$ScheduledFutureTask@3b7b5f39[Not completed, task = java.util.concurrent.Executors$RunnableAdapter@4b061b30[Wrapped task = com.google.common.util.concurrent.TrustedListenableFutureTask@4f399688[status=PENDING, info=[task=[running=[NOT STARTED YET], java.util.concurrent.Executors$RunnableAdapter@a3b110b[Wrapped task = org.bitcoinj.core.PeerGroup$6@40df0389]]]]]] rejected from org.bitcoinj.testing.TestWithPeerGroup$1$1@38751308[Shutting down, pool size = 1, active threads = 1, queued tasks = 3, completed tasks = 3]
	at java.base/java.util.concurrent.ThreadPoolExecutor$AbortPolicy.rejectedExecution(ThreadPoolExecutor.java:2055)
	at java.base/java.util.concurrent.ThreadPoolExecutor.reject(ThreadPoolExecutor.java:825)
	at java.base/java.util.concurrent.ScheduledThreadPoolExecutor.delayedExecute(ScheduledThreadPoolExecutor.java:340)
	at java.base/java.util.concurrent.ScheduledThreadPoolExecutor.schedule(ScheduledThreadPoolExecutor.java:562)
	at org.bitcoinj.testing.TestWithPeerGroup$1$1.schedule(TestWithPeerGroup.java:99)
	at com.google.common.util.concurrent.MoreExecutors$ScheduledListeningDecorator.schedule(MoreExecutors.java:543)
	at org.bitcoinj.core.PeerGroup$6.go(PeerGroup.java:502)
	at org.bitcoinj.core.PeerGroup$6.run(PeerGroup.java:430)
	at java.base/java.util.concurrent.Executors$RunnableAdapter.call(Executors.java:515)
	at java.base/java.util.concurrent.FutureTask.run(FutureTask.java:264)
	at java.base/java.util.concurrent.ScheduledThreadPoolExecutor$ScheduledFutureTask.run(ScheduledThreadPoolExecutor.java:304)
	at java.base/java.util.concurrent.ThreadPoolExecutor.runWorker(ThreadPoolExecutor.java:1128)
	at java.base/java.util.concurrent.ThreadPoolExecutor$Worker.run(ThreadPoolExecutor.java:628)
	at org.bitcoinj.utils.ContextPropagatingThreadFactory$1.run(ContextPropagatingThreadFactory.java:50)
	at java.base/java.lang.Thread.run(Thread.java:834)
15:24:07 315 PeerGroup$9.run: Stopping ...
15:24:07 12 Context.<init>: Creating bitcoinj 0.16-SNAPSHOT context.
15:24:07 315 PeerGroup$9.run: Stopped, took 311.4 μs.
15:24:07 12 MnemonicCode.toSeed: PBKDF2 took 10.17 ms
15:24:07 12 DeterministicKeyChain.maybeLookAhead: 1 keys needed for M/0H/0 = 1 issued + 0 lookahead size + 0 lookahead threshold - 0 num children
15:24:07 12 DeterministicKeyChain.maybeLookAhead: Took 261.4 μs
15:24:07 12 AbstractBlockChain.<init>: chain head is at height 0:
 block: 
   hash: 0d1ddf2b9caed3fea7662b6faff88009463418c34e09c69da6527d64daf617c2
   version: 1
   previous block: 0000000000000000000000000000000000000000000000000000000000000000
   time: 1553552642 (2019-03-25T22:24:02Z)
   difficulty target (nBits): 545259519
   nonce: 0

15:24:07 328 DeterministicKeyChain.maybeLookAhead: 6 keys needed for M/0H/0 = 1 issued + 4 lookahead size + 2 lookahead threshold - 1 num children
15:24:07 328 DeterministicKeyChain.maybeLookAhead: Took 1.415 ms
15:24:07 328 DeterministicKeyChain.maybeLookAhead: 6 keys needed for M/0H/1 = 0 issued + 4 lookahead size + 2 lookahead threshold - 0 num children
15:24:07 328 DeterministicKeyChain.maybeLookAhead: Took 765.8 μs
15:24:07 328 PeerGroup$8.run: Starting ...
15:24:07 328 PeerGroup$6.go: Localhost peer detected, trying to use it instead of P2P discovery
15:24:07 328 PeerGroup.connectTo: Attempting connection to [127.0.0.1]:18333     (0 connected, 1 pending, 0 max)
15:24:07 330 Peer.connectionOpened: Announcing to localhost/127.0.0.1:18333 as: /bitcoinj:0.16-SNAPSHOT/
15:24:07 328 PeerGroup$9.run: Stopping ...
15:24:07 328 PeerGroup$9.run: Stopped, took 389.2 μs.
15:24:07 12 Context.<init>: Creating bitcoinj 0.16-SNAPSHOT context.
15:24:07 12 MnemonicCode.toSeed: PBKDF2 took 13.49 ms
15:24:07 12 DeterministicKeyChain.maybeLookAhead: 1 keys needed for M/0H/0 = 1 issued + 0 lookahead size + 0 lookahead threshold - 0 num children
15:24:07 12 DeterministicKeyChain.maybeLookAhead: Took 302.6 μs
15:24:07 12 AbstractBlockChain.<init>: chain head is at height 0:
 block: 
   hash: 0d1ddf2b9caed3fea7662b6faff88009463418c34e09c69da6527d64daf617c2
   version: 1
   previous block: 0000000000000000000000000000000000000000000000000000000000000000
   time: 1553552642 (2019-03-25T22:24:02Z)
   difficulty target (nBits): 545259519
   nonce: 0

15:24:07 338 DeterministicKeyChain.maybeLookAhead: 6 keys needed for M/0H/0 = 1 issued + 4 lookahead size + 2 lookahead threshold - 1 num children
15:24:07 338 DeterministicKeyChain.maybeLookAhead: Took 830.8 μs
15:24:07 338 DeterministicKeyChain.maybeLookAhead: 6 keys needed for M/0H/1 = 0 issued + 4 lookahead size + 2 lookahead threshold - 0 num children
15:24:07 338 DeterministicKeyChain.maybeLookAhead: Took 1.161 ms
15:24:07 338 PeerGroup$8.run: Starting ...
15:24:07 338 PeerGroup.discoverPeers: Peer discovery took 2.717 μs and returned 0 items
15:24:07 12 PeerGroup.connectTo: Attempting connection to [127.0.0.1]:2001     (0 connected, 1 pending, 0 max)
15:24:07 340 Peer.connectionOpened: Announcing to localhost/127.0.0.1:2001 as: /bitcoinj:0.16-SNAPSHOT/
15:24:07 340 Peer.processVersionMessage: Peer{[127.0.0.1]:2001, version=70001, subVer=/bitcoinj:0.16-SNAPSHOT/, services=1 (NETWORK), time=2019-03-25 15:24:07, height=1}
15:24:07 340 PeerGroup.handleNewPeer: Peer{[127.0.0.1]:2001, version=70001, subVer=/bitcoinj:0.16-SNAPSHOT/, services=1 (NETWORK), time=2019-03-25 15:24:07, height=1}: New peer      (1 connected, 0 pending, 1 max)
15:24:07 340 PeerGroup.setDownloadPeer: Setting download peer: Peer{[127.0.0.1]:2001, version=70001, subVer=/bitcoinj:0.16-SNAPSHOT/, services=1 (NETWORK), time=2019-03-25 15:24:07, height=1}
15:24:07 12 PeerGroup.connectTo: Attempting connection to [127.0.0.1]:2002     (1 connected, 1 pending, 1 max)
15:24:07 341 Peer.connectionOpened: Announcing to localhost/127.0.0.1:2002 as: /bitcoinj:0.16-SNAPSHOT/
15:24:07 341 Peer.processVersionMessage: Peer{[127.0.0.1]:2002, version=70001, subVer=/bitcoinj:0.16-SNAPSHOT/, services=1 (NETWORK), time=2019-03-25 15:24:07, height=1}
15:24:07 341 PeerGroup.handleNewPeer: Peer{[127.0.0.1]:2002, version=70001, subVer=/bitcoinj:0.16-SNAPSHOT/, services=1 (NETWORK), time=2019-03-25 15:24:07, height=1}: New peer      (2 connected, 0 pending, 2 max)
15:24:07 12 PeerGroup.connectTo: Attempting connection to [127.0.0.1]:2003     (2 connected, 1 pending, 2 max)
15:24:07 342 Peer.connectionOpened: Announcing to localhost/127.0.0.1:2003 as: /bitcoinj:0.16-SNAPSHOT/
15:24:07 342 Peer.processVersionMessage: Peer{[127.0.0.1]:2003, version=70001, subVer=/bitcoinj:0.16-SNAPSHOT/, services=1 (NETWORK), time=2019-03-25 15:24:07, height=1}
15:24:07 342 PeerGroup.handleNewPeer: Peer{[127.0.0.1]:2003, version=70001, subVer=/bitcoinj:0.16-SNAPSHOT/, services=1 (NETWORK), time=2019-03-25 15:24:07, height=1}: New peer      (3 connected, 0 pending, 3 max)
15:24:07 340 PeerGroup.handlePeerDeath: [127.0.0.1]:2001: Peer died      (2 connected, 0 pending, 3 max)
15:24:07 340 PeerGroup.handlePeerDeath: Download peer died. Picking a new one.
15:24:07 340 PeerGroup.setDownloadPeer: Unsetting download peer: Peer{[127.0.0.1]:2001, version=70001, subVer=/bitcoinj:0.16-SNAPSHOT/, services=1 (NETWORK), time=2019-03-25 15:24:07, height=1}
15:24:07 340 PeerGroup.setDownloadPeer: Setting download peer: Peer{[127.0.0.1]:2002, version=70001, subVer=/bitcoinj:0.16-SNAPSHOT/, services=1 (NETWORK), time=2019-03-25 15:24:07, height=1}
15:24:07 338 PeerGroup.discoverPeers: Peer discovery took 183.1 μs and returned 0 items
15:24:07 338 PeerGroup$6.go: Waiting 1500 ms before next connect attempt to [127.0.0.1]:2001
15:24:07 341 PeerGroup.handlePeerDeath: [127.0.0.1]:2002: Peer died      (1 connected, 0 pending, 3 max)
15:24:07 341 PeerGroup.handlePeerDeath: Download peer died. Picking a new one.
15:24:07 341 PeerGroup.setDownloadPeer: Unsetting download peer: Peer{[127.0.0.1]:2002, version=70001, subVer=/bitcoinj:0.16-SNAPSHOT/, services=1 (NETWORK), time=2019-03-25 15:24:07, height=1}
15:24:07 341 PeerGroup.setDownloadPeer: Setting download peer: Peer{[127.0.0.1]:2003, version=70001, subVer=/bitcoinj:0.16-SNAPSHOT/, services=1 (NETWORK), time=2019-03-25 15:24:07, height=1}
15:24:07 338 PeerGroup.discoverPeers: Peer discovery took 2.196 μs and returned 0 items
15:24:07 338 PeerGroup$6.go: Waiting 3375 ms before next connect attempt to [127.0.0.1]:2001
15:24:07 342 PeerGroup.handlePeerDeath: [127.0.0.1]:2003: Peer died      (0 connected, 0 pending, 3 max)
15:24:07 342 PeerGroup.handlePeerDeath: Download peer died. Picking a new one.
15:24:07 342 PeerGroup.setDownloadPeer: Unsetting download peer: Peer{[127.0.0.1]:2003, version=70001, subVer=/bitcoinj:0.16-SNAPSHOT/, services=1 (NETWORK), time=2019-03-25 15:24:07, height=1}
15:24:07 338 PeerGroup.discoverPeers: Peer discovery took 2.138 μs and returned 0 items
15:24:07 338 PeerGroup$6.go: Waiting 7593 ms before next connect attempt to [127.0.0.1]:2001
15:24:07 338 PeerGroup$9.run: Stopping ...
15:24:07 338 PeerGroup$9.run: Stopped, took 248.0 μs.
15:24:07 12 Context.<init>: Creating bitcoinj 0.16-SNAPSHOT context.
15:24:07 12 MnemonicCode.toSeed: PBKDF2 took 19.17 ms
15:24:07 12 DeterministicKeyChain.maybeLookAhead: 1 keys needed for M/0H/0 = 1 issued + 0 lookahead size + 0 lookahead threshold - 0 num children
15:24:07 12 DeterministicKeyChain.maybeLookAhead: Took 220.4 μs
15:24:07 12 AbstractBlockChain.<init>: chain head is at height 0:
 block: 
   hash: 0d1ddf2b9caed3fea7662b6faff88009463418c34e09c69da6527d64daf617c2
   version: 1
   previous block: 0000000000000000000000000000000000000000000000000000000000000000
   time: 1553552642 (2019-03-25T22:24:02Z)
   difficulty target (nBits): 545259519
   nonce: 0

15:24:07 350 DeterministicKeyChain.maybeLookAhead: 6 keys needed for M/0H/0 = 1 issued + 4 lookahead size + 2 lookahead threshold - 1 num children
15:24:07 350 DeterministicKeyChain.maybeLookAhead: Took 1.245 ms
15:24:07 350 DeterministicKeyChain.maybeLookAhead: 6 keys needed for M/0H/1 = 0 issued + 4 lookahead size + 2 lookahead threshold - 0 num children
15:24:07 350 DeterministicKeyChain.maybeLookAhead: Took 1.252 ms
15:24:07 350 PeerGroup$8.run: Starting ...
15:24:07 350 PeerGroup.discoverPeers: Peer discovery took 5.022 μs and returned 0 items
15:24:07 12 PeerGroup.connectTo: Attempting connection to [127.0.0.1]:2001     (0 connected, 1 pending, 0 max)
15:24:07 352 Peer.connectionOpened: Announcing to localhost/127.0.0.1:2001 as: /bitcoinj:0.16-SNAPSHOT/
15:24:07 352 Peer.processVersionMessage: Peer{[127.0.0.1]:2001, version=70001, subVer=/bitcoinj:0.16-SNAPSHOT/, services=1 (NETWORK), time=2019-03-25 15:24:07, height=1}
15:24:07 352 PeerGroup.handleNewPeer: Peer{[127.0.0.1]:2001, version=70001, subVer=/bitcoinj:0.16-SNAPSHOT/, services=1 (NETWORK), time=2019-03-25 15:24:07, height=1}: New peer      (1 connected, 0 pending, 1 max)
15:24:07 352 PeerGroup.setDownloadPeer: Setting download peer: Peer{[127.0.0.1]:2001, version=70001, subVer=/bitcoinj:0.16-SNAPSHOT/, services=1 (NETWORK), time=2019-03-25 15:24:07, height=1}
15:24:07 12 PeerGroup.connectTo: Attempting connection to [127.0.0.1]:2002     (1 connected, 1 pending, 1 max)
15:24:07 353 Peer.connectionOpened: Announcing to localhost/127.0.0.1:2002 as: /bitcoinj:0.16-SNAPSHOT/
15:24:07 353 Peer.processVersionMessage: Peer{[127.0.0.1]:2002, version=70001, subVer=/bitcoinj:0.16-SNAPSHOT/, services=1 (NETWORK), time=2019-03-25 15:24:07, height=1}
15:24:07 353 PeerGroup.handleNewPeer: Peer{[127.0.0.1]:2002, version=70001, subVer=/bitcoinj:0.16-SNAPSHOT/, services=1 (NETWORK), time=2019-03-25 15:24:07, height=1}: New peer      (2 connected, 0 pending, 2 max)
15:24:07 12 PeerGroup.connectTo: Attempting connection to [127.0.0.1]:2003     (2 connected, 1 pending, 2 max)
15:24:07 354 Peer.connectionOpened: Announcing to localhost/127.0.0.1:2003 as: /bitcoinj:0.16-SNAPSHOT/
15:24:07 354 Peer.processVersionMessage: Peer{[127.0.0.1]:2003, version=70001, subVer=/bitcoinj:0.16-SNAPSHOT/, services=1 (NETWORK), time=2019-03-25 15:24:07, height=1}
15:24:07 354 PeerGroup.handleNewPeer: Peer{[127.0.0.1]:2003, version=70001, subVer=/bitcoinj:0.16-SNAPSHOT/, services=1 (NETWORK), time=2019-03-25 15:24:07, height=1}: New peer      (3 connected, 0 pending, 3 max)
15:24:07 353 Peer.downloadDependencies: [127.0.0.1]:2002: Downloading dependencies of f8a556916cf9e8fb1ec1c2db3ad59dc2c91cf4370661122da61e1787a8ac20d9
15:24:07 352 Peer.downloadDependencies: [127.0.0.1]:2001: Downloading dependencies of f8a556916cf9e8fb1ec1c2db3ad59dc2c91cf4370661122da61e1787a8ac20d9
15:24:07 352 PeerGroup.handlePeerDeath: [127.0.0.1]:2001: Peer died      (2 connected, 0 pending, 3 max)
15:24:07 352 PeerGroup.handlePeerDeath: Download peer died. Picking a new one.
15:24:07 352 PeerGroup.setDownloadPeer: Unsetting download peer: Peer{[127.0.0.1]:2001, version=70001, subVer=/bitcoinj:0.16-SNAPSHOT/, services=1 (NETWORK), time=2019-03-25 15:24:07, height=1}
15:24:07 352 PeerGroup.setDownloadPeer: Setting download peer: Peer{[127.0.0.1]:2002, version=70001, subVer=/bitcoinj:0.16-SNAPSHOT/, services=1 (NETWORK), time=2019-03-25 15:24:07, height=1}
15:24:07 353 PeerGroup.handlePeerDeath: [127.0.0.1]:2002: Peer died      (1 connected, 0 pending, 3 max)
15:24:07 353 PeerGroup.handlePeerDeath: Download peer died. Picking a new one.
15:24:07 353 PeerGroup.setDownloadPeer: Unsetting download peer: Peer{[127.0.0.1]:2002, version=70001, subVer=/bitcoinj:0.16-SNAPSHOT/, services=1 (NETWORK), time=2019-03-25 15:24:07, height=1}
15:24:07 353 PeerGroup.setDownloadPeer: Setting download peer: Peer{[127.0.0.1]:2003, version=70001, subVer=/bitcoinj:0.16-SNAPSHOT/, services=1 (NETWORK), time=2019-03-25 15:24:07, height=1}
15:24:07 354 PeerGroup.handlePeerDeath: [127.0.0.1]:2003: Peer died      (0 connected, 0 pending, 3 max)
15:24:07 354 PeerGroup.handlePeerDeath: Download peer died. Picking a new one.
15:24:07 354 PeerGroup.setDownloadPeer: Unsetting download peer: Peer{[127.0.0.1]:2003, version=70001, subVer=/bitcoinj:0.16-SNAPSHOT/, services=1 (NETWORK), time=2019-03-25 15:24:07, height=1}
15:24:07 350 PeerGroup.discoverPeers: Peer discovery took 2.350 μs and returned 0 items
15:24:07 350 PeerGroup$6.go: Waiting 3375 ms before next connect attempt to [127.0.0.1]:2001
15:24:07 350 PeerGroup$6.run: Exception when trying to build connections
java.util.concurrent.RejectedExecutionException: Task java.util.concurrent.ScheduledThreadPoolExecutor$ScheduledFutureTask@2496447a[Not completed, task = java.util.concurrent.Executors$RunnableAdapter@54f4fd74[Wrapped task = com.google.common.util.concurrent.TrustedListenableFutureTask@50cb7332[status=PENDING, info=[task=[running=[NOT STARTED YET], java.util.concurrent.Executors$RunnableAdapter@15c9f74f[Wrapped task = org.bitcoinj.core.PeerGroup$6@577a0cbc]]]]]] rejected from org.bitcoinj.testing.TestWithPeerGroup$1$1@2fcfe139[Shutting down, pool size = 1, active threads = 1, queued tasks = 1, completed tasks = 3]
	at java.base/java.util.concurrent.ThreadPoolExecutor$AbortPolicy.rejectedExecution(ThreadPoolExecutor.java:2055)
	at java.base/java.util.concurrent.ThreadPoolExecutor.reject(ThreadPoolExecutor.java:825)
	at java.base/java.util.concurrent.ScheduledThreadPoolExecutor.delayedExecute(ScheduledThreadPoolExecutor.java:340)
	at java.base/java.util.concurrent.ScheduledThreadPoolExecutor.schedule(ScheduledThreadPoolExecutor.java:562)
	at org.bitcoinj.testing.TestWithPeerGroup$1$1.schedule(TestWithPeerGroup.java:99)
	at com.google.common.util.concurrent.MoreExecutors$ScheduledListeningDecorator.schedule(MoreExecutors.java:543)
	at org.bitcoinj.core.PeerGroup$6.go(PeerGroup.java:502)
	at org.bitcoinj.core.PeerGroup$6.run(PeerGroup.java:430)
	at java.base/java.util.concurrent.Executors$RunnableAdapter.call(Executors.java:515)
	at java.base/java.util.concurrent.FutureTask.run(FutureTask.java:264)
	at java.base/java.util.concurrent.ScheduledThreadPoolExecutor$ScheduledFutureTask.run(ScheduledThreadPoolExecutor.java:304)
	at java.base/java.util.concurrent.ThreadPoolExecutor.runWorker(ThreadPoolExecutor.java:1128)
	at java.base/java.util.concurrent.ThreadPoolExecutor$Worker.run(ThreadPoolExecutor.java:628)
	at org.bitcoinj.utils.ContextPropagatingThreadFactory$1.run(ContextPropagatingThreadFactory.java:50)
	at java.base/java.lang.Thread.run(Thread.java:834)
15:24:07 350 PeerGroup$9.run: Stopping ...
15:24:07 350 PeerGroup$9.run: Stopped, took 349.3 μs.
15:24:07 12 Context.<init>: Creating bitcoinj 0.16-SNAPSHOT context.
15:24:07 12 MnemonicCode.toSeed: PBKDF2 took 16.19 ms
15:24:07 12 DeterministicKeyChain.maybeLookAhead: 1 keys needed for M/0H/0 = 1 issued + 0 lookahead size + 0 lookahead threshold - 0 num children
15:24:07 12 DeterministicKeyChain.maybeLookAhead: Took 202.9 μs
15:24:07 12 AbstractBlockChain.<init>: chain head is at height 0:
 block: 
   hash: 0d1ddf2b9caed3fea7662b6faff88009463418c34e09c69da6527d64daf617c2
   version: 1
   previous block: 0000000000000000000000000000000000000000000000000000000000000000
   time: 1553552642 (2019-03-25T22:24:02Z)
   difficulty target (nBits): 545259519
   nonce: 0

15:24:07 362 DeterministicKeyChain.maybeLookAhead: 6 keys needed for M/0H/0 = 1 issued + 4 lookahead size + 2 lookahead threshold - 1 num children
15:24:07 362 DeterministicKeyChain.maybeLookAhead: Took 1.399 ms
15:24:07 362 DeterministicKeyChain.maybeLookAhead: 6 keys needed for M/0H/1 = 0 issued + 4 lookahead size + 2 lookahead threshold - 0 num children
15:24:07 362 DeterministicKeyChain.maybeLookAhead: Took 1.551 ms
15:24:07 362 PeerGroup$8.run: Starting ...
15:24:07 362 PeerGroup.discoverPeers: Peer discovery took 3.164 μs and returned 0 items
15:24:07 12 PeerGroup.connectTo: Attempting connection to [127.0.0.1]:2000     (0 connected, 1 pending, 0 max)
15:24:07 364 Peer.connectionOpened: Announcing to localhost/127.0.0.1:2000 as: /bitcoinj:0.16-SNAPSHOT/
15:24:07 124 PeerSocketHandler.timeoutOccurred: [127.0.0.1]:2000: Timed out
15:24:07 364 PeerGroup.handlePeerDeath: [127.0.0.1]:2000: Peer died      (0 connected, 0 pending, 1 max)
15:24:07 362 PeerGroup.discoverPeers: Peer discovery took 3.715 μs and returned 0 items
15:24:07 362 PeerGroup$6.go: Waiting 2250 ms before next connect attempt to [127.0.0.1]:2000
15:24:07 362 PeerGroup$9.run: Stopping ...
15:24:07 12 Context.<init>: Creating bitcoinj 0.16-SNAPSHOT context.
15:24:07 362 PeerGroup$9.run: Stopped, took 655.7 μs.
15:24:07 12 MnemonicCode.toSeed: PBKDF2 took 13.41 ms
15:24:07 12 DeterministicKeyChain.maybeLookAhead: 1 keys needed for M/0H/0 = 1 issued + 0 lookahead size + 0 lookahead threshold - 0 num children
15:24:07 12 DeterministicKeyChain.maybeLookAhead: Took 210.2 μs
15:24:07 12 AbstractBlockChain.<init>: chain head is at height 0:
 block: 
   hash: 0d1ddf2b9caed3fea7662b6faff88009463418c34e09c69da6527d64daf617c2
   version: 1
   previous block: 0000000000000000000000000000000000000000000000000000000000000000
   time: 1553552642 (2019-03-25T22:24:02Z)
   difficulty target (nBits): 545259519
   nonce: 0

15:24:07 372 DeterministicKeyChain.maybeLookAhead: 6 keys needed for M/0H/0 = 1 issued + 4 lookahead size + 2 lookahead threshold - 1 num children
15:24:07 12 DeterministicKeyChain.maybeLookAhead: 1 keys needed for M/0H/0 = 1 issued + 0 lookahead size + 0 lookahead threshold - 0 num children
15:24:07 372 DeterministicKeyChain.maybeLookAhead: Took 1.231 ms
15:24:07 372 DeterministicKeyChain.maybeLookAhead: 6 keys needed for M/0H/1 = 0 issued + 4 lookahead size + 2 lookahead threshold - 0 num children
15:24:07 12 DeterministicKeyChain.maybeLookAhead: Took 250.3 μs
15:24:07 12 DeterministicKeyChain.maybeLookAhead: 1 keys needed for M/0H/0 = 2 issued + 0 lookahead size + 0 lookahead threshold - 1 num children
15:24:07 372 DeterministicKeyChain.maybeLookAhead: Took 1.326 ms
15:24:07 12 DeterministicKeyChain.maybeLookAhead: Took 205.8 μs
15:24:07 12 DeterministicKeyChain.maybeLookAhead: 1 keys needed for M/0H/0 = 3 issued + 0 lookahead size + 0 lookahead threshold - 2 num children
15:24:07 12 DeterministicKeyChain.maybeLookAhead: Took 398.9 μs
15:24:07 12 DeterministicKeyChain.maybeLookAhead: 1 keys needed for M/0H/0 = 4 issued + 0 lookahead size + 0 lookahead threshold - 3 num children
15:24:07 12 DeterministicKeyChain.maybeLookAhead: Took 236.5 μs
15:24:07 12 DeterministicKeyChain.maybeLookAhead: 1 keys needed for M/0H/0 = 5 issued + 0 lookahead size + 0 lookahead threshold - 4 num children
15:24:07 12 DeterministicKeyChain.maybeLookAhead: Took 215.9 μs
15:24:07 12 DeterministicKeyChain.maybeLookAhead: 1 keys needed for M/0H/0 = 6 issued + 0 lookahead size + 0 lookahead threshold - 5 num children
15:24:07 12 DeterministicKeyChain.maybeLookAhead: Took 197.1 μs
15:24:07 12 DeterministicKeyChain.maybeLookAhead: 1 keys needed for M/0H/0 = 7 issued + 0 lookahead size + 0 lookahead threshold - 6 num children
15:24:07 12 DeterministicKeyChain.maybeLookAhead: Took 170.4 μs
15:24:07 12 DeterministicKeyChain.maybeLookAhead: 1 keys needed for M/0H/0 = 8 issued + 0 lookahead size + 0 lookahead threshold - 7 num children
15:24:07 12 DeterministicKeyChain.maybeLookAhead: Took 147.2 μs
15:24:07 12 DeterministicKeyChain.maybeLookAhead: 1 keys needed for M/0H/0 = 9 issued + 0 lookahead size + 0 lookahead threshold - 8 num children
15:24:07 12 DeterministicKeyChain.maybeLookAhead: Took 216.7 μs
15:24:07 372 PeerGroup$8.run: Starting ...
15:24:07 372 PeerGroup.discoverPeers: Peer discovery took 3.614 μs and returned 0 items
15:24:07 12 PeerGroup.connectTo: Attempting connection to [127.0.0.1]:2001     (0 connected, 1 pending, 0 max)
15:24:07 374 Peer.connectionOpened: Announcing to localhost/127.0.0.1:2001 as: /bitcoinj:0.16-SNAPSHOT/
15:24:07 374 Peer.processVersionMessage: Peer{[127.0.0.1]:2001, version=70001, subVer=/bitcoinj:0.16-SNAPSHOT/, services=1 (NETWORK), time=2019-03-25 15:24:07, height=1}
15:24:07 374 PeerGroup.handleNewPeer: Peer{[127.0.0.1]:2001, version=70001, subVer=/bitcoinj:0.16-SNAPSHOT/, services=1 (NETWORK), time=2019-03-25 15:24:07, height=1}: New peer      (1 connected, 0 pending, 1 max)
15:24:07 374 PeerGroup.setDownloadPeer: Setting download peer: Peer{[127.0.0.1]:2001, version=70001, subVer=/bitcoinj:0.16-SNAPSHOT/, services=1 (NETWORK), time=2019-03-25 15:24:07, height=1}
15:24:07 374 Wallet.receive: Received tx for 50.00 BTC: 8772b0e96da996968043750aa81999fdc47fbe80e27ac7dc3949660d897a01ed [0] in block 28c425a2cf071fc802fbda2222db3b3f4f17b90b25d7d4b6e7c9eaa62ba7993e
15:24:07 374 Wallet.processTxFromBestChain:   tx 8772b0e96da996968043750aa81999fdc47fbe80e27ac7dc3949660d897a01ed ->unspent
15:24:07 374 Wallet.receive: Balance is now: 50.00 BTC
15:24:07 374 Wallet.receive: Received tx for 50.00 BTC: b32f0bd1fe33358a5f4d0d50e890d1776389fa6d5ab55c9a07676b47060d1b15 [0] in block 2608388728e537c23ba7d7d21a919944da5de7cfe851bb6d3b6390c133956e6e
15:24:07 374 Wallet.processTxFromBestChain:   tx b32f0bd1fe33358a5f4d0d50e890d1776389fa6d5ab55c9a07676b47060d1b15 ->unspent
15:24:07 374 Wallet.receive: Balance is now: 100.00 BTC
15:24:07 374 Wallet.receive: Received tx for 50.00 BTC: 52e3c4c906119c49c7528b655a0b2923e467271019569a2fc2f826b392b1fcda [0] in block 5c2f0f6a5f475ce336147f4a848eeeaa17202a580b59bfc3f6c0950cab6c5151
15:24:07 374 Wallet.processTxFromBestChain:   tx 52e3c4c906119c49c7528b655a0b2923e467271019569a2fc2f826b392b1fcda ->unspent
15:24:07 374 Wallet.receive: Balance is now: 150.00 BTC
15:24:07 374 DeterministicKeyChain.maybeLookAhead: 3 keys needed for M/0H/0 = 4 issued + 4 lookahead size + 2 lookahead threshold - 7 num children
15:24:07 374 DeterministicKeyChain.maybeLookAhead: Took 657.7 μs
15:24:07 374 Peer.endFilteredBlock: Bloom filter exhausted whilst processing block 0d3ccb148dfdb27e7114f69163398516b3e173bc55d5b4eb53e8602d84568d78, discarding
15:24:07 374 Peer.endFilteredBlock: Discarding block 7c1f75851299aff61569a35be3b0e21650a1aaeeb568ed747cde362fa8d810d0 because we're still waiting for a fresh filter
15:24:07 374 Peer.endFilteredBlock: Discarding block 6bb8682291489f03e4ba34958275c0711635ca3b18f65d2440c85446456dd00f because we're still waiting for a fresh filter
15:24:07 374 Peer.endFilteredBlock: Discarding block 399c1b20f4dcd93e4aba248b4d64ee958d2bd29b333e59831ce062912dd7109b because we're still waiting for a fresh filter
15:24:07 374 Peer.endFilteredBlock: Discarding block 063c0f41db5e227deae1f8b2904a5b64ec811317cab6832b360b0cb99bd63c62 because we're still waiting for a fresh filter
15:24:07 374 Peer.endFilteredBlock: Discarding block 07c07454460321756ab36646271fce689a8180627bf695f3dfebdbee548458b8 because we're still waiting for a fresh filter
15:24:07 374 Peer$11.run: Restarting chain download
15:24:07 374 Wallet.receive: Received tx for 50.00 BTC: b9a612fa780354cf7e8a40857ed7620146e1de11bf8f65f3a48a535d914263d5 [0] in block 0d3ccb148dfdb27e7114f69163398516b3e173bc55d5b4eb53e8602d84568d78
15:24:07 374 Wallet.processTxFromBestChain:   tx b9a612fa780354cf7e8a40857ed7620146e1de11bf8f65f3a48a535d914263d5 ->unspent
15:24:07 374 Wallet.receive: Balance is now: 200.00 BTC
15:24:07 374 Wallet.receive: Received tx for 50.00 BTC: e43d9c7b679e9297540d07d7f67d2259640cff9126ac146f37ea131171c11271 [0] in block 7c1f75851299aff61569a35be3b0e21650a1aaeeb568ed747cde362fa8d810d0
15:24:07 374 Wallet.processTxFromBestChain:   tx e43d9c7b679e9297540d07d7f67d2259640cff9126ac146f37ea131171c11271 ->unspent
15:24:07 374 Wallet.receive: Balance is now: 250.00 BTC
15:24:07 374 Wallet.receive: Received tx for 50.00 BTC: a48ffa74f3c9d2e992f314a2af0e55ad243c8e81b40738dc8cad3a91493c3884 [0] in block 6bb8682291489f03e4ba34958275c0711635ca3b18f65d2440c85446456dd00f
15:24:07 374 Wallet.processTxFromBestChain:   tx a48ffa74f3c9d2e992f314a2af0e55ad243c8e81b40738dc8cad3a91493c3884 ->unspent
15:24:07 374 Wallet.receive: Balance is now: 300.00 BTC
15:24:07 374 DeterministicKeyChain.maybeLookAhead: 3 keys needed for M/0H/0 = 7 issued + 4 lookahead size + 2 lookahead threshold - 10 num children
15:24:07 374 DeterministicKeyChain.maybeLookAhead: Took 617.1 μs
15:24:07 374 Peer.endFilteredBlock: Bloom filter exhausted whilst processing block 399c1b20f4dcd93e4aba248b4d64ee958d2bd29b333e59831ce062912dd7109b, discarding
15:24:07 374 Peer.endFilteredBlock: Discarding block 063c0f41db5e227deae1f8b2904a5b64ec811317cab6832b360b0cb99bd63c62 because we're still waiting for a fresh filter
15:24:07 374 Peer.endFilteredBlock: Discarding block 07c07454460321756ab36646271fce689a8180627bf695f3dfebdbee548458b8 because we're still waiting for a fresh filter
15:24:07 374 Peer$11.run: Restarting chain download
15:24:07 374 Wallet.receive: Received tx for 50.00 BTC: 27e6853326147329839048eb9ba641e4a5d4a469fbb06f47e852c8499b6b9c62 [0] in block 399c1b20f4dcd93e4aba248b4d64ee958d2bd29b333e59831ce062912dd7109b
15:24:07 374 Wallet.processTxFromBestChain:   tx 27e6853326147329839048eb9ba641e4a5d4a469fbb06f47e852c8499b6b9c62 ->unspent
15:24:07 374 Wallet.receive: Balance is now: 350.00 BTC
15:24:07 374 Wallet.receive: Received tx for 50.00 BTC: f7e383cf31ba1061af2efc847cef0cce4b819d2330c44dd98950433917df5b82 [0] in block 063c0f41db5e227deae1f8b2904a5b64ec811317cab6832b360b0cb99bd63c62
15:24:07 374 Wallet.processTxFromBestChain:   tx f7e383cf31ba1061af2efc847cef0cce4b819d2330c44dd98950433917df5b82 ->unspent
15:24:07 374 Wallet.receive: Balance is now: 400.00 BTC
15:24:07 374 Wallet.receive: Received tx for 50.00 BTC: f828361a401253151c4c4aef7fc5a6158c458c887d5cf2bca1ffd57ba700eee8 [0] in block 07c07454460321756ab36646271fce689a8180627bf695f3dfebdbee548458b8
15:24:07 374 Wallet.processTxFromBestChain:   tx f828361a401253151c4c4aef7fc5a6158c458c887d5cf2bca1ffd57ba700eee8 ->unspent
15:24:07 374 Wallet.receive: Balance is now: 450.00 BTC
15:24:07 374 PeerGroup.handlePeerDeath: [127.0.0.1]:2001: Peer died      (0 connected, 0 pending, 1 max)
15:24:07 374 PeerGroup.handlePeerDeath: Download peer died. Picking a new one.
15:24:07 374 PeerGroup.setDownloadPeer: Unsetting download peer: Peer{[127.0.0.1]:2001, version=70001, subVer=/bitcoinj:0.16-SNAPSHOT/, services=1 (NETWORK), time=2019-03-25 15:24:07, height=1}
15:24:07 372 PeerGroup.discoverPeers: Peer discovery took 2.289 μs and returned 0 items
15:24:07 372 PeerGroup$6.go: Waiting 1500 ms before next connect attempt to [127.0.0.1]:2001
15:24:07 372 PeerGroup$9.run: Stopping ...
15:24:07 372 PeerGroup$9.run: Stopped, took 455.3 μs.
15:24:07 12 Context.<init>: Creating bitcoinj 0.16-SNAPSHOT context.
15:24:07 12 MnemonicCode.toSeed: PBKDF2 took 18.86 ms
15:24:07 12 DeterministicKeyChain.maybeLookAhead: 1 keys needed for M/0H/0 = 1 issued + 0 lookahead size + 0 lookahead threshold - 0 num children
15:24:07 12 DeterministicKeyChain.maybeLookAhead: Took 598.0 μs
15:24:07 12 AbstractBlockChain.<init>: chain head is at height 0:
 block: 
   hash: 0d1ddf2b9caed3fea7662b6faff88009463418c34e09c69da6527d64daf617c2
   version: 1
   previous block: 0000000000000000000000000000000000000000000000000000000000000000
   time: 1553552642 (2019-03-25T22:24:02Z)
   difficulty target (nBits): 545259519
   nonce: 0

15:24:07 382 DeterministicKeyChain.maybeLookAhead: 6 keys needed for M/0H/0 = 1 issued + 4 lookahead size + 2 lookahead threshold - 1 num children
15:24:07 382 DeterministicKeyChain.maybeLookAhead: Took 1.395 ms
15:24:07 382 DeterministicKeyChain.maybeLookAhead: 6 keys needed for M/0H/1 = 0 issued + 4 lookahead size + 2 lookahead threshold - 0 num children
15:24:07 382 DeterministicKeyChain.maybeLookAhead: Took 1.358 ms
15:24:07 382 PeerGroup$8.run: Starting ...
15:24:07 382 PeerGroup.discoverPeers: Peer discovery took 3.024 μs and returned 0 items
15:24:07 12 PeerGroup.connectTo: Attempting connection to [127.0.0.1]:2001     (0 connected, 1 pending, 0 max)
15:24:07 384 Peer.connectionOpened: Announcing to localhost/127.0.0.1:2001 as: /bitcoinj:0.16-SNAPSHOT/
15:24:07 384 Peer.processVersionMessage: Peer{[127.0.0.1]:2001, version=70000, subVer=/bitcoinj:0.16-SNAPSHOT/, services=1 (NETWORK), time=2019-03-25 15:24:07, height=2}
15:24:07 384 PeerGroup.handleNewPeer: Peer{[127.0.0.1]:2001, version=70000, subVer=/bitcoinj:0.16-SNAPSHOT/, services=1 (NETWORK), time=2019-03-25 15:24:07, height=2}: New peer      (1 connected, 0 pending, 1 max)
15:24:07 384 PeerGroup.setDownloadPeer: Setting download peer: Peer{[127.0.0.1]:2001, version=70000, subVer=/bitcoinj:0.16-SNAPSHOT/, services=1 (NETWORK), time=2019-03-25 15:24:07, height=2}
15:24:08 384 PeerGroup.handlePeerDeath: [127.0.0.1]:2001: Peer died      (0 connected, 0 pending, 1 max)
15:24:08 384 PeerGroup.handlePeerDeath: Download peer died. Picking a new one.
15:24:08 384 PeerGroup.setDownloadPeer: Unsetting download peer: Peer{[127.0.0.1]:2001, version=70000, subVer=/bitcoinj:0.16-SNAPSHOT/, services=1 (NETWORK), time=2019-03-25 15:24:07, height=2}
15:24:08 382 PeerGroup.discoverPeers: Peer discovery took 3.294 μs and returned 0 items
15:24:08 382 PeerGroup$6.go: Waiting 1500 ms before next connect attempt to [127.0.0.1]:2001
15:24:08 382 PeerGroup$9.run: Stopping ...
15:24:08 12 Context.<init>: Creating bitcoinj 0.16-SNAPSHOT context.
15:24:08 382 PeerGroup$9.run: Stopped, took 576.4 μs.
15:24:08 12 MnemonicCode.toSeed: PBKDF2 took 12.19 ms
15:24:08 12 DeterministicKeyChain.maybeLookAhead: 1 keys needed for M/0H/0 = 1 issued + 0 lookahead size + 0 lookahead threshold - 0 num children
15:24:08 12 DeterministicKeyChain.maybeLookAhead: Took 370.9 μs
15:24:08 12 AbstractBlockChain.<init>: chain head is at height 0:
 block: 
   hash: 0d1ddf2b9caed3fea7662b6faff88009463418c34e09c69da6527d64daf617c2
   version: 1
   previous block: 0000000000000000000000000000000000000000000000000000000000000000
   time: 1553552642 (2019-03-25T22:24:02Z)
   difficulty target (nBits): 545259519
   nonce: 0

15:24:08 392 DeterministicKeyChain.maybeLookAhead: 6 keys needed for M/0H/0 = 1 issued + 4 lookahead size + 2 lookahead threshold - 1 num children
15:24:08 392 DeterministicKeyChain.maybeLookAhead: Took 1.072 ms
15:24:08 392 DeterministicKeyChain.maybeLookAhead: 6 keys needed for M/0H/1 = 0 issued + 4 lookahead size + 2 lookahead threshold - 0 num children
15:24:08 392 DeterministicKeyChain.maybeLookAhead: Took 1.148 ms
15:24:08 392 PeerGroup$8.run: Starting ...
15:24:08 392 PeerGroup.discoverPeers: Peer discovery took 2.791 μs and returned 0 items
15:24:08 12 PeerGroup.connectTo: Attempting connection to [127.0.0.1]:2001     (0 connected, 1 pending, 0 max)
15:24:08 394 Peer.connectionOpened: Announcing to localhost/127.0.0.1:2001 as: /bitcoinj:0.16-SNAPSHOT/
15:24:08 394 Peer.processVersionMessage: Peer{[127.0.0.1]:2001, version=70001, subVer=/bitcoinj:0.16-SNAPSHOT/, services=1 (NETWORK), time=2019-03-25 15:24:08, height=1}
15:24:08 394 PeerGroup.handleNewPeer: Peer{[127.0.0.1]:2001, version=70001, subVer=/bitcoinj:0.16-SNAPSHOT/, services=1 (NETWORK), time=2019-03-25 15:24:08, height=1}: New peer      (1 connected, 0 pending, 1 max)
15:24:08 394 PeerGroup.setDownloadPeer: Setting download peer: Peer{[127.0.0.1]:2001, version=70001, subVer=/bitcoinj:0.16-SNAPSHOT/, services=1 (NETWORK), time=2019-03-25 15:24:08, height=1}
15:24:08 12 PeerGroup.connectTo: Attempting connection to [127.0.0.1]:2002     (1 connected, 1 pending, 1 max)
15:24:08 395 Peer.connectionOpened: Announcing to localhost/127.0.0.1:2002 as: /bitcoinj:0.16-SNAPSHOT/
15:24:08 395 Peer.processVersionMessage: Peer{[127.0.0.1]:2002, version=70001, subVer=/bitcoinj:0.16-SNAPSHOT/, services=1 (NETWORK), time=2019-03-25 15:24:08, height=1}
15:24:08 395 PeerGroup.handleNewPeer: Peer{[127.0.0.1]:2002, version=70001, subVer=/bitcoinj:0.16-SNAPSHOT/, services=1 (NETWORK), time=2019-03-25 15:24:08, height=1}: New peer      (2 connected, 0 pending, 2 max)
15:24:08 395 Peer.downloadDependencies: [127.0.0.1]:2002: Downloading dependencies of 1fa928e356ea5f3a8d88c6fc358aa85935cb19991b7b06348cd25db18d321763
15:24:08 395 Peer.processNotFoundMessage: Peer{[127.0.0.1]:2002, version=70001, subVer=/bitcoinj:0.16-SNAPSHOT/, services=1 (NETWORK), time=2019-03-25 15:24:08, height=1}: Bottomed out dep tree at e31b342a5eadeeed7d87a3f737df96d7b177aa6e34ee36f4ca137395c7939cea
15:24:08 395 Peer$5.onSuccess: [127.0.0.1]:2002: Dependency download complete!
15:24:08 395 Wallet.receivePending: Received a pending transaction 1fa928e356ea5f3a8d88c6fc358aa85935cb19991b7b06348cd25db18d321763 that spends 0.00 BTC from our own wallet, and sends us 1.00 BTC
15:24:08 395 Wallet.maybeCommitTx: commitTx of 1fa928e356ea5f3a8d88c6fc358aa85935cb19991b7b06348cd25db18d321763
15:24:08 395 Wallet.maybeCommitTx: ->pending: 1fa928e356ea5f3a8d88c6fc358aa85935cb19991b7b06348cd25db18d321763
15:24:08 395 Wallet.maybeCommitTx: Estimated balance is now: 1.00 BTC
15:24:08 394 PeerGroup.handlePeerDeath: [127.0.0.1]:2001: Peer died      (1 connected, 0 pending, 2 max)
15:24:08 394 PeerGroup.handlePeerDeath: Download peer died. Picking a new one.
15:24:08 394 PeerGroup.setDownloadPeer: Unsetting download peer: Peer{[127.0.0.1]:2001, version=70001, subVer=/bitcoinj:0.16-SNAPSHOT/, services=1 (NETWORK), time=2019-03-25 15:24:08, height=1}
15:24:08 394 PeerGroup.setDownloadPeer: Setting download peer: Peer{[127.0.0.1]:2002, version=70001, subVer=/bitcoinj:0.16-SNAPSHOT/, services=1 (NETWORK), time=2019-03-25 15:24:08, height=1}
15:24:08 392 PeerGroup$9.run: Stopping ...
15:24:08 395 PeerGroup.handlePeerDeath: [127.0.0.1]:2002: Peer died      (0 connected, 0 pending, 2 max)
15:24:08 395 PeerGroup.handlePeerDeath: Download peer died. Picking a new one.
15:24:08 395 PeerGroup.setDownloadPeer: Unsetting download peer: Peer{[127.0.0.1]:2002, version=70001, subVer=/bitcoinj:0.16-SNAPSHOT/, services=1 (NETWORK), time=2019-03-25 15:24:08, height=1}
15:24:08 12 Context.<init>: Creating bitcoinj 0.16-SNAPSHOT context.
15:24:08 392 PeerGroup$9.run: Stopped, took 967.1 μs.
15:24:08 12 MnemonicCode.toSeed: PBKDF2 took 12.42 ms
15:24:08 12 DeterministicKeyChain.maybeLookAhead: 1 keys needed for M/0H/0 = 1 issued + 0 lookahead size + 0 lookahead threshold - 0 num children
15:24:08 12 DeterministicKeyChain.maybeLookAhead: Took 207.8 μs
15:24:08 12 AbstractBlockChain.<init>: chain head is at height 0:
 block: 
   hash: 0d1ddf2b9caed3fea7662b6faff88009463418c34e09c69da6527d64daf617c2
   version: 1
   previous block: 0000000000000000000000000000000000000000000000000000000000000000
   time: 1553552642 (2019-03-25T22:24:02Z)
   difficulty target (nBits): 545259519
   nonce: 0

15:24:08 403 DeterministicKeyChain.maybeLookAhead: 6 keys needed for M/0H/0 = 1 issued + 4 lookahead size + 2 lookahead threshold - 1 num children
15:24:08 403 DeterministicKeyChain.maybeLookAhead: Took 817.3 μs
15:24:08 403 DeterministicKeyChain.maybeLookAhead: 6 keys needed for M/0H/1 = 0 issued + 4 lookahead size + 2 lookahead threshold - 0 num children
15:24:08 403 DeterministicKeyChain.maybeLookAhead: Took 739.2 μs
15:24:08 403 PeerGroup$8.run: Starting ...
15:24:08 403 PeerGroup.discoverPeers: Peer discovery took 2.616 μs and returned 0 items
15:24:08 12 PeerGroup.connectTo: Attempting connection to [127.0.0.1]:2001     (0 connected, 1 pending, 0 max)
15:24:08 405 Peer.connectionOpened: Announcing to localhost/127.0.0.1:2001 as: /bitcoinj:0.16-SNAPSHOT/
15:24:08 405 Peer.processVersionMessage: Peer{[127.0.0.1]:2001, version=70001, subVer=/bitcoinj:0.16-SNAPSHOT/, services=1 (NETWORK), time=2019-03-25 15:24:08, height=1}
15:24:08 405 PeerGroup.handleNewPeer: Peer{[127.0.0.1]:2001, version=70001, subVer=/bitcoinj:0.16-SNAPSHOT/, services=1 (NETWORK), time=2019-03-25 15:24:08, height=1}: New peer      (1 connected, 0 pending, 1 max)
15:24:08 405 PeerGroup.setDownloadPeer: Setting download peer: Peer{[127.0.0.1]:2001, version=70001, subVer=/bitcoinj:0.16-SNAPSHOT/, services=1 (NETWORK), time=2019-03-25 15:24:08, height=1}
15:24:08 12 PeerGroup.connectTo: Attempting connection to [127.0.0.1]:2002     (1 connected, 1 pending, 1 max)
15:24:08 406 Peer.connectionOpened: Announcing to localhost/127.0.0.1:2002 as: /bitcoinj:0.16-SNAPSHOT/
15:24:08 406 Peer.processVersionMessage: Peer{[127.0.0.1]:2002, version=70001, subVer=/bitcoinj:0.16-SNAPSHOT/, services=1 (NETWORK), time=2019-03-25 15:24:08, height=1}
15:24:08 406 PeerGroup.handleNewPeer: Peer{[127.0.0.1]:2002, version=70001, subVer=/bitcoinj:0.16-SNAPSHOT/, services=1 (NETWORK), time=2019-03-25 15:24:08, height=1}: New peer      (2 connected, 0 pending, 2 max)
15:24:08 12 DeterministicKeyChain.maybeLookAhead: 1 keys needed for M/0H/0 = 8 issued + 0 lookahead size + 0 lookahead threshold - 7 num children
15:24:08 12 DeterministicKeyChain.maybeLookAhead: Took 228.7 μs
15:24:08 403 DeterministicKeyChain.maybeLookAhead: 6 keys needed for M/0H/0 = 8 issued + 4 lookahead size + 2 lookahead threshold - 8 num children
15:24:08 403 DeterministicKeyChain.maybeLookAhead: Took 1.136 ms
15:24:08 405 PeerGroup.handlePeerDeath: [127.0.0.1]:2001: Peer died      (1 connected, 0 pending, 2 max)
15:24:08 405 PeerGroup.handlePeerDeath: Download peer died. Picking a new one.
15:24:08 405 PeerGroup.setDownloadPeer: Unsetting download peer: Peer{[127.0.0.1]:2001, version=70001, subVer=/bitcoinj:0.16-SNAPSHOT/, services=1 (NETWORK), time=2019-03-25 15:24:08, height=1}
15:24:08 405 PeerGroup.setDownloadPeer: Setting download peer: Peer{[127.0.0.1]:2002, version=70001, subVer=/bitcoinj:0.16-SNAPSHOT/, services=1 (NETWORK), time=2019-03-25 15:24:08, height=1}
15:24:08 406 PeerGroup.handlePeerDeath: [127.0.0.1]:2002: Peer died      (0 connected, 0 pending, 2 max)
15:24:08 406 PeerGroup.handlePeerDeath: Download peer died. Picking a new one.
15:24:08 403 PeerGroup.discoverPeers: Peer discovery took 1.739 μs and returned 0 items
15:24:08 406 PeerGroup.setDownloadPeer: Unsetting download peer: Peer{[127.0.0.1]:2002, version=70001, subVer=/bitcoinj:0.16-SNAPSHOT/, services=1 (NETWORK), time=2019-03-25 15:24:08, height=1}
15:24:08 403 PeerGroup$6.go: Waiting 2250 ms before next connect attempt to [127.0.0.1]:2001
15:24:08 403 PeerGroup.discoverPeers: Peer discovery took 2.446 μs and returned 0 items
15:24:08 403 PeerGroup$6.go: Waiting 3375 ms before next connect attempt to [127.0.0.1]:2001
15:24:08 403 PeerGroup$9.run: Stopping ...
15:24:08 403 PeerGroup$9.run: Stopped, took 274.0 μs.
15:24:08 12 Context.<init>: Creating bitcoinj 0.16-SNAPSHOT context.
15:24:08 12 MnemonicCode.toSeed: PBKDF2 took 14.63 ms
15:24:08 12 DeterministicKeyChain.maybeLookAhead: 1 keys needed for M/0H/0 = 1 issued + 0 lookahead size + 0 lookahead threshold - 0 num children
15:24:08 12 DeterministicKeyChain.maybeLookAhead: Took 417.5 μs
15:24:08 12 AbstractBlockChain.<init>: chain head is at height 0:
 block: 
   hash: 0d1ddf2b9caed3fea7662b6faff88009463418c34e09c69da6527d64daf617c2
   version: 1
   previous block: 0000000000000000000000000000000000000000000000000000000000000000
   time: 1553552642 (2019-03-25T22:24:02Z)
   difficulty target (nBits): 545259519
   nonce: 0

15:24:08 414 DeterministicKeyChain.maybeLookAhead: 6 keys needed for M/0H/0 = 1 issued + 4 lookahead size + 2 lookahead threshold - 1 num children
15:24:08 414 DeterministicKeyChain.maybeLookAhead: Took 1.128 ms
15:24:08 414 DeterministicKeyChain.maybeLookAhead: 6 keys needed for M/0H/1 = 0 issued + 4 lookahead size + 2 lookahead threshold - 0 num children
15:24:08 414 DeterministicKeyChain.maybeLookAhead: Took 1.709 ms
15:24:08 414 PeerGroup$8.run: Starting ...
15:24:08 414 PeerGroup.discoverPeers: test failure
15:24:08 414 PeerGroup.discoverPeers: Peer discovery took 106.1 μs and returned 0 items
15:24:08 414 PeerGroup$6.go: Peer discovery didn't provide us any more peers, will try again in 1000ms.
15:24:09 414 PeerGroup.discoverPeers: Peer discovery took 140.9 μs and returned 1 items
15:24:09 414 PeerGroup$6.go: Waiting 1500 ms before next connect attempt to [127.0.0.1]:1
15:24:09 414 PeerGroup$9.run: Stopping ...
15:24:09 12 Context.<init>: Creating bitcoinj 0.16-SNAPSHOT context.
15:24:09 414 PeerGroup$9.run: Stopped, took 633.0 μs.
15:24:09 12 MnemonicCode.toSeed: PBKDF2 took 10.94 ms
15:24:09 12 DeterministicKeyChain.maybeLookAhead: 1 keys needed for M/0H/0 = 1 issued + 0 lookahead size + 0 lookahead threshold - 0 num children
15:24:09 12 DeterministicKeyChain.maybeLookAhead: Took 281.1 μs
15:24:09 12 AbstractBlockChain.<init>: chain head is at height 0:
 block: 
   hash: 0d1ddf2b9caed3fea7662b6faff88009463418c34e09c69da6527d64daf617c2
   version: 1
   previous block: 0000000000000000000000000000000000000000000000000000000000000000
   time: 1553552642 (2019-03-25T22:24:02Z)
   difficulty target (nBits): 545259519
   nonce: 0

15:24:09 423 DeterministicKeyChain.maybeLookAhead: 6 keys needed for M/0H/0 = 1 issued + 4 lookahead size + 2 lookahead threshold - 1 num children
15:24:09 423 DeterministicKeyChain.maybeLookAhead: Took 1.151 ms
15:24:09 423 DeterministicKeyChain.maybeLookAhead: 6 keys needed for M/0H/1 = 0 issued + 4 lookahead size + 2 lookahead threshold - 0 num children
15:24:09 423 DeterministicKeyChain.maybeLookAhead: Took 1.138 ms
15:24:09 423 PeerGroup$8.run: Starting ...
15:24:09 423 PeerGroup.discoverPeers: Peer discovery took 2.703 μs and returned 0 items
15:24:09 12 PeerGroup.connectTo: Attempting connection to [127.0.0.1]:2001     (0 connected, 1 pending, 0 max)
15:24:09 425 Peer.connectionOpened: Announcing to localhost/127.0.0.1:2001 as: /bitcoinj:0.16-SNAPSHOT/
15:24:09 425 Peer.processVersionMessage: Peer{[127.0.0.1]:2001, version=70001, subVer=/bitcoinj:0.16-SNAPSHOT/, services=1 (NETWORK), time=2019-03-25 15:24:09, height=1}
15:24:09 425 PeerGroup.handleNewPeer: Peer{[127.0.0.1]:2001, version=70001, subVer=/bitcoinj:0.16-SNAPSHOT/, services=1 (NETWORK), time=2019-03-25 15:24:09, height=1}: New peer      (1 connected, 0 pending, 1 max)
15:24:09 425 PeerGroup.setDownloadPeer: Setting download peer: Peer{[127.0.0.1]:2001, version=70001, subVer=/bitcoinj:0.16-SNAPSHOT/, services=1 (NETWORK), time=2019-03-25 15:24:09, height=1}
15:24:09 12 PeerGroup.connectTo: Attempting connection to [127.0.0.1]:2002     (1 connected, 1 pending, 1 max)
15:24:09 426 Peer.connectionOpened: Announcing to localhost/127.0.0.1:2002 as: /bitcoinj:0.16-SNAPSHOT/
15:24:09 426 Peer.processVersionMessage: Peer{[127.0.0.1]:2002, version=70001, subVer=/bitcoinj:0.16-SNAPSHOT/, services=1 (NETWORK), time=2019-03-25 15:24:09, height=1}
15:24:09 426 PeerGroup.handleNewPeer: Peer{[127.0.0.1]:2002, version=70001, subVer=/bitcoinj:0.16-SNAPSHOT/, services=1 (NETWORK), time=2019-03-25 15:24:09, height=1}: New peer      (2 connected, 0 pending, 2 max)
15:24:09 425 Peer.downloadDependencies: [127.0.0.1]:2001: Downloading dependencies of 7b145237b0cf98510949b5f1d9a3421270875d3f1f626922af9b6aa335f53bfe
15:24:09 425 Peer.processNotFoundMessage: Peer{[127.0.0.1]:2001, version=70001, subVer=/bitcoinj:0.16-SNAPSHOT/, services=1 (NETWORK), time=2019-03-25 15:24:09, height=1}: Bottomed out dep tree at 00157f20dbaf21bb03a103a6dfa749221ede466c699db152c6da7f4f806dcb69
15:24:09 425 Peer$5.onSuccess: [127.0.0.1]:2001: Dependency download complete!
15:24:09 425 Wallet.receivePending: Received a pending transaction 7b145237b0cf98510949b5f1d9a3421270875d3f1f626922af9b6aa335f53bfe that spends 0.00 BTC from our own wallet, and sends us 1.00 BTC
15:24:09 425 Wallet.maybeCommitTx: commitTx of 7b145237b0cf98510949b5f1d9a3421270875d3f1f626922af9b6aa335f53bfe
15:24:09 425 Wallet.maybeCommitTx: ->pending: 7b145237b0cf98510949b5f1d9a3421270875d3f1f626922af9b6aa335f53bfe
15:24:09 425 Wallet.maybeCommitTx: Estimated balance is now: 1.00 BTC
15:24:09 425 KeyChainGroup.maybeMarkCurrentKeyAsUsed: Marking key as used: DeterministicKey{pub=022ec0b36ab24391f2a3c1dde5eaa2a1d8409bffd6478c91d8cad373281d4da775, chainCode=9ac252b52d2df1afd5bdb76638fc6af693f1f9dfa932e1815539189653504b9e, path=M/0H/0/1, isEncrypted=false, isPubKeyOnly=false}
15:24:09 12 PeerGroup.connectTo: Attempting connection to [127.0.0.1]:2003     (2 connected, 1 pending, 2 max)
15:24:09 427 Peer.connectionOpened: Announcing to localhost/127.0.0.1:2003 as: /bitcoinj:0.16-SNAPSHOT/
15:24:09 427 Peer.processVersionMessage: Peer{[127.0.0.1]:2003, version=70001, subVer=/bitcoinj:0.16-SNAPSHOT/, services=1 (NETWORK), time=2019-03-25 15:24:09, height=1}
15:24:09 427 PeerGroup.handleNewPeer: Peer{[127.0.0.1]:2003, version=70001, subVer=/bitcoinj:0.16-SNAPSHOT/, services=1 (NETWORK), time=2019-03-25 15:24:09, height=1}: New peer      (3 connected, 0 pending, 3 max)
15:24:09 425 PeerGroup.handlePeerDeath: [127.0.0.1]:2001: Peer died      (2 connected, 0 pending, 3 max)
15:24:09 425 PeerGroup.handlePeerDeath: Download peer died. Picking a new one.
15:24:09 425 PeerGroup.setDownloadPeer: Unsetting download peer: Peer{[127.0.0.1]:2001, version=70001, subVer=/bitcoinj:0.16-SNAPSHOT/, services=1 (NETWORK), time=2019-03-25 15:24:09, height=1}
15:24:09 425 PeerGroup.setDownloadPeer: Setting download peer: Peer{[127.0.0.1]:2003, version=70001, subVer=/bitcoinj:0.16-SNAPSHOT/, services=1 (NETWORK), time=2019-03-25 15:24:09, height=1}
15:24:09 427 PeerGroup.handlePeerDeath: [127.0.0.1]:2003: Peer died      (1 connected, 0 pending, 3 max)
15:24:09 427 PeerGroup.handlePeerDeath: Download peer died. Picking a new one.
15:24:09 427 PeerGroup.setDownloadPeer: Unsetting download peer: Peer{[127.0.0.1]:2003, version=70001, subVer=/bitcoinj:0.16-SNAPSHOT/, services=1 (NETWORK), time=2019-03-25 15:24:09, height=1}
15:24:09 427 PeerGroup.setDownloadPeer: Setting download peer: Peer{[127.0.0.1]:2002, version=70001, subVer=/bitcoinj:0.16-SNAPSHOT/, services=1 (NETWORK), time=2019-03-25 15:24:09, height=1}
15:24:09 423 PeerGroup.discoverPeers: Peer discovery took 2.136 μs and returned 0 items
15:24:09 423 PeerGroup$6.go: Waiting 2250 ms before next connect attempt to [127.0.0.1]:2001
15:24:09 423 PeerGroup.discoverPeers: Peer discovery took 2.635 μs and returned 0 items
15:24:09 426 PeerGroup.handlePeerDeath: [127.0.0.1]:2002: Peer died      (0 connected, 0 pending, 3 max)
15:24:09 426 PeerGroup.handlePeerDeath: Download peer died. Picking a new one.
15:24:09 426 PeerGroup.setDownloadPeer: Unsetting download peer: Peer{[127.0.0.1]:2002, version=70001, subVer=/bitcoinj:0.16-SNAPSHOT/, services=1 (NETWORK), time=2019-03-25 15:24:09, height=1}
15:24:09 423 PeerGroup$6.go: Waiting 5062 ms before next connect attempt to [127.0.0.1]:2001
15:24:09 423 PeerGroup$6.run: Exception when trying to build connections
java.util.concurrent.RejectedExecutionException: Task java.util.concurrent.ScheduledThreadPoolExecutor$ScheduledFutureTask@41df0e75[Not completed, task = java.util.concurrent.Executors$RunnableAdapter@3158f6c8[Wrapped task = com.google.common.util.concurrent.TrustedListenableFutureTask@3567643b[status=PENDING, info=[task=[running=[NOT STARTED YET], java.util.concurrent.Executors$RunnableAdapter@7065fcf3[Wrapped task = org.bitcoinj.core.PeerGroup$6@374750e3]]]]]] rejected from org.bitcoinj.testing.TestWithPeerGroup$1$1@4f17fcc9[Shutting down, pool size = 1, active threads = 1, queued tasks = 3, completed tasks = 6]
	at java.base/java.util.concurrent.ThreadPoolExecutor$AbortPolicy.rejectedExecution(ThreadPoolExecutor.java:2055)
	at java.base/java.util.concurrent.ThreadPoolExecutor.reject(ThreadPoolExecutor.java:825)
	at java.base/java.util.concurrent.ScheduledThreadPoolExecutor.delayedExecute(ScheduledThreadPoolExecutor.java:340)
	at java.base/java.util.concurrent.ScheduledThreadPoolExecutor.schedule(ScheduledThreadPoolExecutor.java:562)
	at org.bitcoinj.testing.TestWithPeerGroup$1$1.schedule(TestWithPeerGroup.java:99)
	at com.google.common.util.concurrent.MoreExecutors$ScheduledListeningDecorator.schedule(MoreExecutors.java:543)
	at org.bitcoinj.core.PeerGroup$6.go(PeerGroup.java:502)
	at org.bitcoinj.core.PeerGroup$6.run(PeerGroup.java:430)
	at java.base/java.util.concurrent.Executors$RunnableAdapter.call(Executors.java:515)
	at java.base/java.util.concurrent.FutureTask.run(FutureTask.java:264)
	at java.base/java.util.concurrent.ScheduledThreadPoolExecutor$ScheduledFutureTask.run(ScheduledThreadPoolExecutor.java:304)
	at java.base/java.util.concurrent.ThreadPoolExecutor.runWorker(ThreadPoolExecutor.java:1128)
	at java.base/java.util.concurrent.ThreadPoolExecutor$Worker.run(ThreadPoolExecutor.java:628)
	at org.bitcoinj.utils.ContextPropagatingThreadFactory$1.run(ContextPropagatingThreadFactory.java:50)
	at java.base/java.lang.Thread.run(Thread.java:834)
15:24:09 12 Context.<init>: Creating bitcoinj 0.16-SNAPSHOT context.
15:24:09 423 PeerGroup$9.run: Stopping ...
15:24:09 423 PeerGroup$9.run: Stopped, took 495.4 μs.
15:24:09 12 MnemonicCode.toSeed: PBKDF2 took 11.22 ms
15:24:09 12 DeterministicKeyChain.maybeLookAhead: 1 keys needed for M/0H/0 = 1 issued + 0 lookahead size + 0 lookahead threshold - 0 num children
15:24:09 12 DeterministicKeyChain.maybeLookAhead: Took 349.1 μs
15:24:09 12 AbstractBlockChain.<init>: chain head is at height 0:
 block: 
   hash: 0d1ddf2b9caed3fea7662b6faff88009463418c34e09c69da6527d64daf617c2
   version: 1
   previous block: 0000000000000000000000000000000000000000000000000000000000000000
   time: 1553552642 (2019-03-25T22:24:02Z)
   difficulty target (nBits): 545259519
   nonce: 0

15:24:09 435 DeterministicKeyChain.maybeLookAhead: 6 keys needed for M/0H/0 = 1 issued + 4 lookahead size + 2 lookahead threshold - 1 num children
15:24:09 435 DeterministicKeyChain.maybeLookAhead: Took 1.680 ms
15:24:09 435 DeterministicKeyChain.maybeLookAhead: 6 keys needed for M/0H/1 = 0 issued + 4 lookahead size + 2 lookahead threshold - 0 num children
15:24:09 435 DeterministicKeyChain.maybeLookAhead: Took 1.746 ms
15:24:09 435 PeerGroup$8.run: Starting ...
15:24:09 12 PeerGroup.connectTo: Attempting connection to [127.0.0.1]:2001     (0 connected, 1 pending, 0 max)
15:24:09 435 PeerGroup.discoverPeers: Peer discovery took 2.501 μs and returned 0 items
15:24:09 437 Peer.connectionOpened: Announcing to localhost/127.0.0.1:2001 as: /bitcoinj:0.16-SNAPSHOT/
15:24:09 437 Peer.processVersionMessage: Peer{[127.0.0.1]:2001, version=70000, subVer=/bitcoinj:0.16-SNAPSHOT/, services=1 (NETWORK), time=2019-03-25 15:24:09, height=10}
15:24:09 437 PeerGroup.handleNewPeer: Peer{[127.0.0.1]:2001, version=70000, subVer=/bitcoinj:0.16-SNAPSHOT/, services=1 (NETWORK), time=2019-03-25 15:24:09, height=10}: New peer      (1 connected, 0 pending, 1 max)
15:24:09 437 PeerGroup.setDownloadPeer: Setting download peer: Peer{[127.0.0.1]:2001, version=70000, subVer=/bitcoinj:0.16-SNAPSHOT/, services=1 (NETWORK), time=2019-03-25 15:24:09, height=10}
15:24:09 12 PeerGroup.connectTo: Attempting connection to [127.0.0.1]:2002     (1 connected, 1 pending, 1 max)
15:24:09 438 Peer.connectionOpened: Announcing to localhost/127.0.0.1:2002 as: /bitcoinj:0.16-SNAPSHOT/
15:24:09 438 Peer.processVersionMessage: Peer{[127.0.0.1]:2002, version=70011, subVer=/bitcoinj:0.16-SNAPSHOT/, services=5 (NETWORK, BLOOM), time=2019-03-25 15:24:09, height=10}
15:24:09 438 PeerGroup.handleNewPeer: Peer{[127.0.0.1]:2002, version=70011, subVer=/bitcoinj:0.16-SNAPSHOT/, services=5 (NETWORK, BLOOM), time=2019-03-25 15:24:09, height=10}: New peer      (2 connected, 0 pending, 2 max)
15:24:09 12 PeerGroup.connectTo: Attempting connection to [127.0.0.1]:2003     (2 connected, 1 pending, 2 max)
15:24:09 439 Peer.connectionOpened: Announcing to localhost/127.0.0.1:2003 as: /bitcoinj:0.16-SNAPSHOT/
15:24:09 439 Peer.processVersionMessage: Peer{[127.0.0.1]:2003, version=70011, subVer=/bitcoinj:0.16-SNAPSHOT/, services=5 (NETWORK, BLOOM), time=2019-03-25 15:24:09, height=10}
15:24:09 439 PeerGroup.handleNewPeer: Peer{[127.0.0.1]:2003, version=70011, subVer=/bitcoinj:0.16-SNAPSHOT/, services=5 (NETWORK, BLOOM), time=2019-03-25 15:24:09, height=10}: New peer      (3 connected, 0 pending, 3 max)
15:24:09 437 PeerGroup.handlePeerDeath: [127.0.0.1]:2001: Peer died      (2 connected, 0 pending, 3 max)
15:24:09 437 PeerGroup.handlePeerDeath: Download peer died. Picking a new one.
15:24:09 437 PeerGroup.setDownloadPeer: Unsetting download peer: Peer{[127.0.0.1]:2001, version=70000, subVer=/bitcoinj:0.16-SNAPSHOT/, services=1 (NETWORK), time=2019-03-25 15:24:09, height=10}
15:24:09 437 PeerGroup.setDownloadPeer: Setting download peer: Peer{[127.0.0.1]:2003, version=70011, subVer=/bitcoinj:0.16-SNAPSHOT/, services=5 (NETWORK, BLOOM), time=2019-03-25 15:24:09, height=10}
15:24:09 438 PeerGroup.handlePeerDeath: [127.0.0.1]:2002: Peer died      (1 connected, 0 pending, 3 max)
15:24:09 439 PeerGroup.handlePeerDeath: [127.0.0.1]:2003: Peer died      (0 connected, 0 pending, 3 max)
15:24:09 439 PeerGroup.handlePeerDeath: Download peer died. Picking a new one.
15:24:09 439 PeerGroup.setDownloadPeer: Unsetting download peer: Peer{[127.0.0.1]:2003, version=70011, subVer=/bitcoinj:0.16-SNAPSHOT/, services=5 (NETWORK, BLOOM), time=2019-03-25 15:24:09, height=10}
15:24:09 12 Context.<init>: Creating bitcoinj 0.16-SNAPSHOT context.
15:24:09 435 PeerGroup.discoverPeers: Peer discovery took 2.764 μs and returned 0 items
15:24:09 435 PeerGroup$6.go: Waiting 3375 ms before next connect attempt to [127.0.0.1]:2001
15:24:09 435 PeerGroup$6.run: Exception when trying to build connections
java.util.concurrent.RejectedExecutionException: Task java.util.concurrent.ScheduledThreadPoolExecutor$ScheduledFutureTask@128f3e76[Not completed, task = java.util.concurrent.Executors$RunnableAdapter@625b96a2[Wrapped task = com.google.common.util.concurrent.TrustedListenableFutureTask@66640e31[status=PENDING, info=[task=[running=[NOT STARTED YET], java.util.concurrent.Executors$RunnableAdapter@23669c99[Wrapped task = org.bitcoinj.core.PeerGroup$6@2c5f53d9]]]]]] rejected from org.bitcoinj.testing.TestWithPeerGroup$1$1@545caf90[Shutting down, pool size = 1, active threads = 1, queued tasks = 2, completed tasks = 3]
	at java.base/java.util.concurrent.ThreadPoolExecutor$AbortPolicy.rejectedExecution(ThreadPoolExecutor.java:2055)
	at java.base/java.util.concurrent.ThreadPoolExecutor.reject(ThreadPoolExecutor.java:825)
	at java.base/java.util.concurrent.ScheduledThreadPoolExecutor.delayedExecute(ScheduledThreadPoolExecutor.java:340)
	at java.base/java.util.concurrent.ScheduledThreadPoolExecutor.schedule(ScheduledThreadPoolExecutor.java:562)
	at org.bitcoinj.testing.TestWithPeerGroup$1$1.schedule(TestWithPeerGroup.java:99)
	at com.google.common.util.concurrent.MoreExecutors$ScheduledListeningDecorator.schedule(MoreExecutors.java:543)
	at org.bitcoinj.core.PeerGroup$6.go(PeerGroup.java:502)
	at org.bitcoinj.core.PeerGroup$6.run(PeerGroup.java:430)
	at java.base/java.util.concurrent.Executors$RunnableAdapter.call(Executors.java:515)
	at java.base/java.util.concurrent.FutureTask.run(FutureTask.java:264)
	at java.base/java.util.concurrent.ScheduledThreadPoolExecutor$ScheduledFutureTask.run(ScheduledThreadPoolExecutor.java:304)
	at java.base/java.util.concurrent.ThreadPoolExecutor.runWorker(ThreadPoolExecutor.java:1128)
	at java.base/java.util.concurrent.ThreadPoolExecutor$Worker.run(ThreadPoolExecutor.java:628)
	at org.bitcoinj.utils.ContextPropagatingThreadFactory$1.run(ContextPropagatingThreadFactory.java:50)
	at java.base/java.lang.Thread.run(Thread.java:834)
15:24:09 435 PeerGroup$9.run: Stopping ...
15:24:09 435 PeerGroup$9.run: Stopped, took 286.3 μs.
15:24:09 12 MnemonicCode.toSeed: PBKDF2 took 10.86 ms
15:24:09 12 DeterministicKeyChain.maybeLookAhead: 1 keys needed for M/0H/0 = 1 issued + 0 lookahead size + 0 lookahead threshold - 0 num children
15:24:09 12 DeterministicKeyChain.maybeLookAhead: Took 230.4 μs
15:24:09 12 AbstractBlockChain.<init>: chain head is at height 0:
 block: 
   hash: 0d1ddf2b9caed3fea7662b6faff88009463418c34e09c69da6527d64daf617c2
   version: 1
   previous block: 0000000000000000000000000000000000000000000000000000000000000000
   time: 1553552642 (2019-03-25T22:24:02Z)
   difficulty target (nBits): 545259519
   nonce: 0

15:24:09 447 DeterministicKeyChain.maybeLookAhead: 6 keys needed for M/0H/0 = 1 issued + 4 lookahead size + 2 lookahead threshold - 1 num children
15:24:09 447 DeterministicKeyChain.maybeLookAhead: Took 1.410 ms
15:24:09 447 DeterministicKeyChain.maybeLookAhead: 6 keys needed for M/0H/1 = 0 issued + 4 lookahead size + 2 lookahead threshold - 0 num children
15:24:09 447 DeterministicKeyChain.maybeLookAhead: Took 1.223 ms
15:24:09 447 PeerGroup$8.run: Starting ...
15:24:09 12 PeerGroup.connectTo: Attempting connection to [127.0.0.1]:2001     (0 connected, 1 pending, 0 max)
15:24:09 447 PeerGroup.discoverPeers: Peer discovery took 2.851 μs and returned 0 items
15:24:09 449 Peer.connectionOpened: Announcing to localhost/127.0.0.1:2001 as: /bitcoinj:0.16-SNAPSHOT/
15:24:09 449 Peer.processVersionMessage: Peer{[127.0.0.1]:2001, version=70001, subVer=/bitcoinj:0.16-SNAPSHOT/, services=1 (NETWORK), time=2019-03-25 15:24:09, height=1}
15:24:09 449 PeerGroup.handleNewPeer: Peer{[127.0.0.1]:2001, version=70001, subVer=/bitcoinj:0.16-SNAPSHOT/, services=1 (NETWORK), time=2019-03-25 15:24:09, height=1}: New peer      (1 connected, 0 pending, 1 max)
15:24:09 449 PeerGroup.setDownloadPeer: Setting download peer: Peer{[127.0.0.1]:2001, version=70001, subVer=/bitcoinj:0.16-SNAPSHOT/, services=1 (NETWORK), time=2019-03-25 15:24:09, height=1}
15:24:09 12 PeerGroup.connectTo: Attempting connection to [127.0.0.1]:2002     (1 connected, 1 pending, 1 max)
15:24:09 450 Peer.connectionOpened: Announcing to localhost/127.0.0.1:2002 as: /bitcoinj:0.16-SNAPSHOT/
15:24:09 450 Peer.processVersionMessage: Peer{[127.0.0.1]:2002, version=70001, subVer=/bitcoinj:0.16-SNAPSHOT/, services=1 (NETWORK), time=2019-03-25 15:24:09, height=1}
15:24:09 450 PeerGroup.handleNewPeer: Peer{[127.0.0.1]:2002, version=70001, subVer=/bitcoinj:0.16-SNAPSHOT/, services=1 (NETWORK), time=2019-03-25 15:24:09, height=1}: New peer      (2 connected, 0 pending, 2 max)
15:24:09 449 PeerGroup.handlePeerDeath: [127.0.0.1]:2001: Peer died      (1 connected, 0 pending, 2 max)
15:24:09 449 PeerGroup.handlePeerDeath: Download peer died. Picking a new one.
15:24:09 449 PeerGroup.setDownloadPeer: Unsetting download peer: Peer{[127.0.0.1]:2001, version=70001, subVer=/bitcoinj:0.16-SNAPSHOT/, services=1 (NETWORK), time=2019-03-25 15:24:09, height=1}
15:24:09 449 PeerGroup.setDownloadPeer: Setting download peer: Peer{[127.0.0.1]:2002, version=70001, subVer=/bitcoinj:0.16-SNAPSHOT/, services=1 (NETWORK), time=2019-03-25 15:24:09, height=1}
15:24:09 447 PeerGroup.discoverPeers: Peer discovery took 1.577 μs and returned 0 items
15:24:09 447 PeerGroup$6.go: Waiting 1500 ms before next connect attempt to [127.0.0.1]:2001
15:24:09 450 PeerGroup.handlePeerDeath: [127.0.0.1]:2002: Peer died      (0 connected, 0 pending, 2 max)
15:24:09 450 PeerGroup.handlePeerDeath: Download peer died. Picking a new one.
15:24:09 450 PeerGroup.setDownloadPeer: Unsetting download peer: Peer{[127.0.0.1]:2002, version=70001, subVer=/bitcoinj:0.16-SNAPSHOT/, services=1 (NETWORK), time=2019-03-25 15:24:09, height=1}
15:24:09 447 PeerGroup.discoverPeers: Peer discovery took 6.751 μs and returned 0 items
15:24:09 447 PeerGroup$6.go: Waiting 3375 ms before next connect attempt to [127.0.0.1]:2001
15:24:09 447 PeerGroup$9.run: Stopping ...
15:24:09 12 Context.<init>: Creating bitcoinj 0.16-SNAPSHOT context.
15:24:09 447 PeerGroup$9.run: Stopped, took 614.3 μs.
15:24:09 12 MnemonicCode.toSeed: PBKDF2 took 10.31 ms
15:24:09 12 DeterministicKeyChain.maybeLookAhead: 1 keys needed for M/0H/0 = 1 issued + 0 lookahead size + 0 lookahead threshold - 0 num children
15:24:09 12 DeterministicKeyChain.maybeLookAhead: Took 203.3 μs
15:24:09 12 AbstractBlockChain.<init>: chain head is at height 0:
 block: 
   hash: 0d1ddf2b9caed3fea7662b6faff88009463418c34e09c69da6527d64daf617c2
   version: 1
   previous block: 0000000000000000000000000000000000000000000000000000000000000000
   time: 1553552642 (2019-03-25T22:24:02Z)
   difficulty target (nBits): 545259519
   nonce: 0

15:24:09 458 DeterministicKeyChain.maybeLookAhead: 6 keys needed for M/0H/0 = 1 issued + 4 lookahead size + 2 lookahead threshold - 1 num children
15:24:09 458 DeterministicKeyChain.maybeLookAhead: Took 1.693 ms
15:24:09 458 DeterministicKeyChain.maybeLookAhead: 6 keys needed for M/0H/1 = 0 issued + 4 lookahead size + 2 lookahead threshold - 0 num children
15:24:09 458 DeterministicKeyChain.maybeLookAhead: Took 1.120 ms
15:24:09 458 PeerGroup$8.run: Starting ...
15:24:09 458 PeerGroup.discoverPeers: Peer discovery took 447.3 μs and returned 99 items
15:24:09 458 PeerGroup$6.go: Waiting 1000 ms before next connect attempt to [127.0.0.1]:0
15:24:09 458 PeerGroup$9.run: Stopping ...
15:24:09 12 Context.<init>: Creating bitcoinj 0.16-SNAPSHOT context.
15:24:09 458 PeerGroup$9.run: Stopped, took 951.5 μs.
15:24:09 12 MnemonicCode.toSeed: PBKDF2 took 11.42 ms
15:24:09 12 DeterministicKeyChain.maybeLookAhead: 1 keys needed for M/0H/0 = 1 issued + 0 lookahead size + 0 lookahead threshold - 0 num children
15:24:09 12 DeterministicKeyChain.maybeLookAhead: Took 223.3 μs
15:24:09 12 AbstractBlockChain.<init>: chain head is at height 0:
 block: 
   hash: 0d1ddf2b9caed3fea7662b6faff88009463418c34e09c69da6527d64daf617c2
   version: 1
   previous block: 0000000000000000000000000000000000000000000000000000000000000000
   time: 1553552642 (2019-03-25T22:24:02Z)
   difficulty target (nBits): 545259519
   nonce: 0

15:24:09 467 DeterministicKeyChain.maybeLookAhead: 6 keys needed for M/0H/0 = 1 issued + 4 lookahead size + 2 lookahead threshold - 1 num children
15:24:09 467 DeterministicKeyChain.maybeLookAhead: Took 956.5 μs
15:24:09 467 DeterministicKeyChain.maybeLookAhead: 6 keys needed for M/0H/1 = 0 issued + 4 lookahead size + 2 lookahead threshold - 0 num children
15:24:09 467 DeterministicKeyChain.maybeLookAhead: Took 1.277 ms
15:24:09 467 PeerGroup$8.run: Starting ...
15:24:09 467 PeerGroup.discoverPeers: Peer discovery took 2.344 μs and returned 0 items
15:24:09 12 MnemonicCode.toSeed: PBKDF2 took 11.82 ms
15:24:09 467 DeterministicKeyChain.maybeLookAhead: 6 keys needed for M/0H/0 = 0 issued + 5 lookahead size + 1 lookahead threshold - 0 num children
15:24:09 467 DeterministicKeyChain.maybeLookAhead: Took 812.9 μs
15:24:09 467 DeterministicKeyChain.maybeLookAhead: 6 keys needed for M/0H/1 = 0 issued + 5 lookahead size + 1 lookahead threshold - 0 num children
15:24:09 467 DeterministicKeyChain.maybeLookAhead: Took 720.4 μs
15:24:09 467 PeerGroup$9.run: Stopping ...
15:24:09 12 Context.<init>: Creating bitcoinj 0.16-SNAPSHOT context.
15:24:09 467 PeerGroup$9.run: Stopped, took 283.7 μs.
15:24:09 12 MnemonicCode.toSeed: PBKDF2 took 9.526 ms
15:24:09 12 DeterministicKeyChain.maybeLookAhead: 1 keys needed for M/0H/0 = 1 issued + 0 lookahead size + 0 lookahead threshold - 0 num children
15:24:09 12 DeterministicKeyChain.maybeLookAhead: Took 216.7 μs
15:24:09 12 AbstractBlockChain.<init>: chain head is at height 0:
 block: 
   hash: 0d1ddf2b9caed3fea7662b6faff88009463418c34e09c69da6527d64daf617c2
   version: 1
   previous block: 0000000000000000000000000000000000000000000000000000000000000000
   time: 1553552642 (2019-03-25T22:24:02Z)
   difficulty target (nBits): 545259519
   nonce: 0

15:24:09 476 DeterministicKeyChain.maybeLookAhead: 6 keys needed for M/0H/0 = 1 issued + 4 lookahead size + 2 lookahead threshold - 1 num children
15:24:09 476 DeterministicKeyChain.maybeLookAhead: Took 778.1 μs
15:24:09 476 DeterministicKeyChain.maybeLookAhead: 6 keys needed for M/0H/1 = 0 issued + 4 lookahead size + 2 lookahead threshold - 0 num children
15:24:09 476 DeterministicKeyChain.maybeLookAhead: Took 705.0 μs
15:24:09 476 PeerGroup$8.run: Starting ...
15:24:09 12 PeerGroup.connectTo: Attempting connection to [127.0.0.1]:2001     (0 connected, 1 pending, 0 max)
15:24:09 476 PeerGroup.discoverPeers: Peer discovery took 2.290 μs and returned 0 items
15:24:09 478 Peer.connectionOpened: Announcing to localhost/127.0.0.1:2001 as: /bitcoinj:0.16-SNAPSHOT/
15:24:09 478 Peer.processVersionMessage: Peer{[127.0.0.1]:2001, version=70000, subVer=/bitcoinj:0.16-SNAPSHOT/, services=1 (NETWORK), time=2019-03-25 15:24:09, height=10}
15:24:09 478 PeerGroup.handleNewPeer: Peer{[127.0.0.1]:2001, version=70000, subVer=/bitcoinj:0.16-SNAPSHOT/, services=1 (NETWORK), time=2019-03-25 15:24:09, height=10}: New peer      (1 connected, 0 pending, 1 max)
15:24:09 478 PeerGroup.setDownloadPeer: Setting download peer: Peer{[127.0.0.1]:2001, version=70000, subVer=/bitcoinj:0.16-SNAPSHOT/, services=1 (NETWORK), time=2019-03-25 15:24:09, height=10}
15:24:09 12 PeerGroup.connectTo: Attempting connection to [127.0.0.1]:2002     (1 connected, 1 pending, 1 max)
15:24:09 479 Peer.connectionOpened: Announcing to localhost/127.0.0.1:2002 as: /bitcoinj:0.16-SNAPSHOT/
15:24:09 479 Peer.processVersionMessage: Peer{[127.0.0.1]:2002, version=70000, subVer=/bitcoinj:0.16-SNAPSHOT/, services=3 (NETWORK, GETUTXOS), time=2019-03-25 15:24:09, height=10}
15:24:09 479 PeerGroup.handleNewPeer: Peer{[127.0.0.1]:2002, version=70000, subVer=/bitcoinj:0.16-SNAPSHOT/, services=3 (NETWORK, GETUTXOS), time=2019-03-25 15:24:09, height=10}: New peer      (2 connected, 0 pending, 2 max)
15:24:09 12 PeerGroup.connectTo: Attempting connection to [127.0.0.1]:2003     (2 connected, 1 pending, 2 max)
15:24:09 480 Peer.connectionOpened: Announcing to localhost/127.0.0.1:2003 as: /bitcoinj:0.16-SNAPSHOT/
15:24:09 480 Peer.processVersionMessage: Peer{[127.0.0.1]:2003, version=70000, subVer=/bitcoinj:0.16-SNAPSHOT/, services=3 (NETWORK, GETUTXOS), time=2019-03-25 15:24:09, height=10}
15:24:09 480 PeerGroup.handleNewPeer: Peer{[127.0.0.1]:2003, version=70000, subVer=/bitcoinj:0.16-SNAPSHOT/, services=3 (NETWORK, GETUTXOS), time=2019-03-25 15:24:09, height=10}: New peer      (3 connected, 0 pending, 3 max)
15:24:09 476 PeerGroup$9.run: Stopping ...
15:24:09 476 PeerGroup.setDownloadPeer: Unsetting download peer: Peer{[127.0.0.1]:2001, version=70000, subVer=/bitcoinj:0.16-SNAPSHOT/, services=1 (NETWORK), time=2019-03-25 15:24:09, height=10}
15:24:09 12 PeerGroup.stop: Awaiting PeerGroup shutdown ...
15:24:09 476 PeerGroup$9.run: Stopped, took 706.2 μs.
15:24:09 12 PeerGroup.stop: ... took 1.539 ms
15:24:09 12 Context.<init>: Creating bitcoinj 0.16-SNAPSHOT context.
15:24:09 12 MnemonicCode.toSeed: PBKDF2 took 10.49 ms
15:24:09 12 DeterministicKeyChain.maybeLookAhead: 1 keys needed for M/0H/0 = 1 issued + 0 lookahead size + 0 lookahead threshold - 0 num children
15:24:09 12 DeterministicKeyChain.maybeLookAhead: Took 189.4 μs
15:24:09 12 AbstractBlockChain.<init>: chain head is at height 0:
 block: 
   hash: 0d1ddf2b9caed3fea7662b6faff88009463418c34e09c69da6527d64daf617c2
   version: 1
   previous block: 0000000000000000000000000000000000000000000000000000000000000000
   time: 1553552642 (2019-03-25T22:24:02Z)
   difficulty target (nBits): 545259519
   nonce: 0

15:24:09 488 DeterministicKeyChain.maybeLookAhead: 6 keys needed for M/0H/0 = 1 issued + 4 lookahead size + 2 lookahead threshold - 1 num children
15:24:09 488 DeterministicKeyChain.maybeLookAhead: Took 737.0 μs
15:24:09 488 DeterministicKeyChain.maybeLookAhead: 6 keys needed for M/0H/1 = 0 issued + 4 lookahead size + 2 lookahead threshold - 0 num children
15:24:09 488 DeterministicKeyChain.maybeLookAhead: Took 707.8 μs
15:24:09 488 PeerGroup$8.run: Starting ...
15:24:09 488 PeerGroup.discoverPeers: Peer discovery took 2.616 μs and returned 0 items
15:24:09 12 PeerGroup.connectTo: Attempting connection to [127.0.0.1]:2001     (0 connected, 1 pending, 0 max)
15:24:09 490 Peer.connectionOpened: Announcing to localhost/127.0.0.1:2001 as: /bitcoinj:0.16-SNAPSHOT/
15:24:09 490 Peer.processVersionMessage: Peer{[127.0.0.1]:2001, version=70000, subVer=/bitcoinj:0.16-SNAPSHOT/, services=1 (NETWORK), time=2019-03-25 15:24:09, height=2}
15:24:09 490 PeerGroup.handleNewPeer: Peer{[127.0.0.1]:2001, version=70000, subVer=/bitcoinj:0.16-SNAPSHOT/, services=1 (NETWORK), time=2019-03-25 15:24:09, height=2}: New peer      (1 connected, 0 pending, 1 max)
15:24:09 490 PeerGroup.setDownloadPeer: Setting download peer: Peer{[127.0.0.1]:2001, version=70000, subVer=/bitcoinj:0.16-SNAPSHOT/, services=1 (NETWORK), time=2019-03-25 15:24:09, height=2}
15:24:09 490 PeerGroup.handlePeerDeath: [127.0.0.1]:2001: Peer died      (0 connected, 0 pending, 1 max)
15:24:09 490 PeerGroup.handlePeerDeath: Download peer died. Picking a new one.
15:24:09 490 PeerGroup.setDownloadPeer: Unsetting download peer: Peer{[127.0.0.1]:2001, version=70000, subVer=/bitcoinj:0.16-SNAPSHOT/, services=1 (NETWORK), time=2019-03-25 15:24:09, height=2}
15:24:09 488 PeerGroup.discoverPeers: Peer discovery took 2.105 μs and returned 0 items
15:24:09 488 PeerGroup$6.go: Waiting 1500 ms before next connect attempt to [127.0.0.1]:2001
15:24:09 488 PeerGroup$9.run: Stopping ...
15:24:09 488 PeerGroup$9.run: Stopped, took 716.6 μs.
]]></system-err>
</testsuite>
