<?xml version="1.0" encoding="UTF-8"?>
<testsuite name="org.bitcoinj.core.VersionMessageTest" tests="8" skipped="0" failures="0" errors="0" timestamp="2019-03-25T22:24:27" hostname="IO-2.local" time="0.002">
  <properties/>
  <testcase name="decode_relay_noBestHeight_subVer" classname="org.bitcoinj.core.VersionMessageTest" time="0.0"/>
  <testcase name="decode_noRelay_bestHeight_subVer" classname="org.bitcoinj.core.VersionMessageTest" time="0.0"/>
  <testcase name="decode_relay_bestHeight_subVer" classname="org.bitcoinj.core.VersionMessageTest" time="0.0"/>
  <testcase name="roundTrip_ipv6_ancientProtocolVersion" classname="org.bitcoinj.core.VersionMessageTest" time="0.0"/>
  <testcase name="roundTrip_ipv4_ancientProtocolVersion" classname="org.bitcoinj.core.VersionMessageTest" time="0.0"/>
  <testcase name="decode_relay_noBestHeight_noSubVer" classname="org.bitcoinj.core.VersionMessageTest" time="0.0"/>
  <testcase name="roundTrip_ipv6_currentProtocolVersion" classname="org.bitcoinj.core.VersionMessageTest" time="0.0"/>
  <testcase name="roundTrip_ipv4_currentProtocolVersion" classname="org.bitcoinj.core.VersionMessageTest" time="0.0"/>
  <system-out><![CDATA[]]></system-out>
  <system-err><![CDATA[]]></system-err>
</testsuite>
