<?xml version="1.0" encoding="UTF-8"?>
<testsuite name="org.bitcoinj.utils.BtcFormatTest" tests="20944" skipped="5984" failures="0" errors="0" timestamp="2019-03-25T22:24:31" hostname="IO-2.local" time="17.168">
  <properties/>
  <testcase name="factoryArgumentsTest[0]" classname="org.bitcoinj.utils.BtcFormatTest" time="0.04"/>
  <testcase name="parseTest[0]" classname="org.bitcoinj.utils.BtcFormatTest" time="0.0">
    <skipped/>
  </testcase>
  <testcase name="microcoinScaleTest[0]" classname="org.bitcoinj.utils.BtcFormatTest" time="0.002"/>
  <testcase name="parseMetricTest[0]" classname="org.bitcoinj.utils.BtcFormatTest" time="0.009"/>
  <testcase name="coinScaleTest[0]" classname="org.bitcoinj.utils.BtcFormatTest" time="0.0"/>
  <testcase name="builderTest[0]" classname="org.bitcoinj.utils.BtcFormatTest" time="0.0">
    <skipped/>
  </testcase>
  <testcase name="attributeTest[0]" classname="org.bitcoinj.utils.BtcFormatTest" time="0.0">
    <skipped/>
  </testcase>
  <testcase name="prefixTest[0]" classname="org.bitcoinj.utils.BtcFormatTest" time="0.002"/>
  <testcase name="suffixTest[0]" classname="org.bitcoinj.utils.BtcFormatTest" time="0.0">
    <skipped/>
  </testcase>
  <testcase name="autoDecimalTest[0]" classname="org.bitcoinj.utils.BtcFormatTest" time="0.007"/>
  <testcase name="symbolCollisionTest[0]" classname="org.bitcoinj.utils.BtcFormatTest" time="1.562"/>
  <testcase name="equalityTest[0]" classname="org.bitcoinj.utils.BtcFormatTest" time="0.013"/>
  <testcase name="columnAlignmentTest[0]" classname="org.bitcoinj.utils.BtcFormatTest" time="0.002"/>
  <testcase name="factoryTest[0]" classname="org.bitcoinj.utils.BtcFormatTest" time="0.001"/>
  <testcase name="parse[0]" classname="org.bitcoinj.utils.BtcFormatTest" time="0.0"/>
  <testcase name="btcRounding[0]" classname="org.bitcoinj.utils.BtcFormatTest" time="0.008"/>
  <testcase name="negativeTest[0]" classname="org.bitcoinj.utils.BtcFormatTest" time="0.0">
    <skipped/>
  </testcase>
  <testcase name="millicoinScaleTest[0]" classname="org.bitcoinj.utils.BtcFormatTest" time="0.001"/>
  <testcase name="toStringTest[0]" classname="org.bitcoinj.utils.BtcFormatTest" time="0.0">
    <skipped/>
  </testcase>
  <testcase name="testGrouping[0]" classname="org.bitcoinj.utils.BtcFormatTest" time="0.002"/>
  <testcase name="symbolsCodesTest[0]" classname="org.bitcoinj.utils.BtcFormatTest" time="0.006"/>
  <testcase name="defaultLocaleTest[0]" classname="org.bitcoinj.utils.BtcFormatTest" time="0.0"/>
  <testcase name="parsePositionTest[0]" classname="org.bitcoinj.utils.BtcFormatTest" time="0.001"/>
  <testcase name="argumentTypeTest[0]" classname="org.bitcoinj.utils.BtcFormatTest" time="0.0">
    <skipped/>
  </testcase>
  <testcase name="characterIteratorTest[0]" classname="org.bitcoinj.utils.BtcFormatTest" time="0.003"/>
  <testcase name="repeatingPlaceTest[0]" classname="org.bitcoinj.utils.BtcFormatTest" time="0.0"/>
  <testcase name="currencyCodeTest[0]" classname="org.bitcoinj.utils.BtcFormatTest" time="0.0">
    <skipped/>
  </testcase>
  <testcase name="patternDecimalPlaces[0]" classname="org.bitcoinj.utils.BtcFormatTest" time="0.0"/>
  <testcase name="factoryArgumentsTest[1]" classname="org.bitcoinj.utils.BtcFormatTest" time="0.005"/>
  <testcase name="parseTest[1]" classname="org.bitcoinj.utils.BtcFormatTest" time="0.0">
    <skipped/>
  </testcase>
  <testcase name="microcoinScaleTest[1]" classname="org.bitcoinj.utils.BtcFormatTest" time="0.0"/>
  <testcase name="parseMetricTest[1]" classname="org.bitcoinj.utils.BtcFormatTest" time="0.031"/>
  <testcase name="coinScaleTest[1]" classname="org.bitcoinj.utils.BtcFormatTest" time="0.002"/>
  <testcase name="builderTest[1]" classname="org.bitcoinj.utils.BtcFormatTest" time="0.0">
    <skipped/>
  </testcase>
  <testcase name="attributeTest[1]" classname="org.bitcoinj.utils.BtcFormatTest" time="0.0">
    <skipped/>
  </testcase>
  <testcase name="prefixTest[1]" classname="org.bitcoinj.utils.BtcFormatTest" time="0.001"/>
  <testcase name="suffixTest[1]" classname="org.bitcoinj.utils.BtcFormatTest" time="0.0">
    <skipped/>
  </testcase>
  <testcase name="autoDecimalTest[1]" classname="org.bitcoinj.utils.BtcFormatTest" time="0.012"/>
  <testcase name="symbolCollisionTest[1]" classname="org.bitcoinj.utils.BtcFormatTest" time="0.008"/>
  <testcase name="equalityTest[1]" classname="org.bitcoinj.utils.BtcFormatTest" time="0.007"/>
  <testcase name="columnAlignmentTest[1]" classname="org.bitcoinj.utils.BtcFormatTest" time="0.0"/>
  <testcase name="factoryTest[1]" classname="org.bitcoinj.utils.BtcFormatTest" time="0.001"/>
  <testcase name="parse[1]" classname="org.bitcoinj.utils.BtcFormatTest" time="0.002"/>
  <testcase name="btcRounding[1]" classname="org.bitcoinj.utils.BtcFormatTest" time="0.006"/>
  <testcase name="negativeTest[1]" classname="org.bitcoinj.utils.BtcFormatTest" time="0.0">
    <skipped/>
  </testcase>
  <testcase name="millicoinScaleTest[1]" classname="org.bitcoinj.utils.BtcFormatTest" time="0.0"/>
  <testcase name="toStringTest[1]" classname="org.bitcoinj.utils.BtcFormatTest" time="0.0">
    <skipped/>
  </testcase>
  <testcase name="testGrouping[1]" classname="org.bitcoinj.utils.BtcFormatTest" time="0.004"/>
  <testcase name="symbolsCodesTest[1]" classname="org.bitcoinj.utils.BtcFormatTest" time="0.003"/>
  <testcase name="defaultLocaleTest[1]" classname="org.bitcoinj.utils.BtcFormatTest" time="0.002"/>
  <testcase name="parsePositionTest[1]" classname="org.bitcoinj.utils.BtcFormatTest" time="0.001"/>
  <testcase name="argumentTypeTest[1]" classname="org.bitcoinj.utils.BtcFormatTest" time="0.0">
    <skipped/>
  </testcase>
  <testcase name="characterIteratorTest[1]" classname="org.bitcoinj.utils.BtcFormatTest" time="0.001"/>
  <testcase name="repeatingPlaceTest[1]" classname="org.bitcoinj.utils.BtcFormatTest" time="0.001"/>
  <testcase name="currencyCodeTest[1]" classname="org.bitcoinj.utils.BtcFormatTest" time="0.0">
    <skipped/>
  </testcase>
  <testcase name="patternDecimalPlaces[1]" classname="org.bitcoinj.utils.BtcFormatTest" time="0.001"/>
  <testcase name="factoryArgumentsTest[2]" classname="org.bitcoinj.utils.BtcFormatTest" time="0.003"/>
  <testcase name="parseTest[2]" classname="org.bitcoinj.utils.BtcFormatTest" time="0.0">
    <skipped/>
  </testcase>
  <testcase name="microcoinScaleTest[2]" classname="org.bitcoinj.utils.BtcFormatTest" time="0.0"/>
  <testcase name="parseMetricTest[2]" classname="org.bitcoinj.utils.BtcFormatTest" time="0.003"/>
  <testcase name="coinScaleTest[2]" classname="org.bitcoinj.utils.BtcFormatTest" time="0.001"/>
  <testcase name="builderTest[2]" classname="org.bitcoinj.utils.BtcFormatTest" time="0.0">
    <skipped/>
  </testcase>
  <testcase name="attributeTest[2]" classname="org.bitcoinj.utils.BtcFormatTest" time="0.0">
    <skipped/>
  </testcase>
  <testcase name="prefixTest[2]" classname="org.bitcoinj.utils.BtcFormatTest" time="0.001"/>
  <testcase name="suffixTest[2]" classname="org.bitcoinj.utils.BtcFormatTest" time="0.0">
    <skipped/>
  </testcase>
  <testcase name="autoDecimalTest[2]" classname="org.bitcoinj.utils.BtcFormatTest" time="0.004"/>
  <testcase name="symbolCollisionTest[2]" classname="org.bitcoinj.utils.BtcFormatTest" time="0.007"/>
  <testcase name="equalityTest[2]" classname="org.bitcoinj.utils.BtcFormatTest" time="0.008"/>
  <testcase name="columnAlignmentTest[2]" classname="org.bitcoinj.utils.BtcFormatTest" time="0.001"/>
  <testcase name="factoryTest[2]" classname="org.bitcoinj.utils.BtcFormatTest" time="0.001"/>
  <testcase name="parse[2]" classname="org.bitcoinj.utils.BtcFormatTest" time="0.0"/>
  <testcase name="btcRounding[2]" classname="org.bitcoinj.utils.BtcFormatTest" time="0.006"/>
  <testcase name="negativeTest[2]" classname="org.bitcoinj.utils.BtcFormatTest" time="0.0">
    <skipped/>
  </testcase>
  <testcase name="millicoinScaleTest[2]" classname="org.bitcoinj.utils.BtcFormatTest" time="0.0"/>
  <testcase name="toStringTest[2]" classname="org.bitcoinj.utils.BtcFormatTest" time="0.0">
    <skipped/>
  </testcase>
  <testcase name="testGrouping[2]" classname="org.bitcoinj.utils.BtcFormatTest" time="0.001"/>
  <testcase name="symbolsCodesTest[2]" classname="org.bitcoinj.utils.BtcFormatTest" time="0.003"/>
  <testcase name="defaultLocaleTest[2]" classname="org.bitcoinj.utils.BtcFormatTest" time="0.001"/>
  <testcase name="parsePositionTest[2]" classname="org.bitcoinj.utils.BtcFormatTest" time="0.001"/>
  <testcase name="argumentTypeTest[2]" classname="org.bitcoinj.utils.BtcFormatTest" time="0.0">
    <skipped/>
  </testcase>
  <testcase name="characterIteratorTest[2]" classname="org.bitcoinj.utils.BtcFormatTest" time="0.002"/>
  <testcase name="repeatingPlaceTest[2]" classname="org.bitcoinj.utils.BtcFormatTest" time="0.001"/>
  <testcase name="currencyCodeTest[2]" classname="org.bitcoinj.utils.BtcFormatTest" time="0.0">
    <skipped/>
  </testcase>
  <testcase name="patternDecimalPlaces[2]" classname="org.bitcoinj.utils.BtcFormatTest" time="0.0"/>
  <testcase name="factoryArgumentsTest[3]" classname="org.bitcoinj.utils.BtcFormatTest" time="0.008"/>
  <testcase name="parseTest[3]" classname="org.bitcoinj.utils.BtcFormatTest" time="0.0">
    <skipped/>
  </testcase>
  <testcase name="microcoinScaleTest[3]" classname="org.bitcoinj.utils.BtcFormatTest" time="0.0"/>
  <testcase name="parseMetricTest[3]" classname="org.bitcoinj.utils.BtcFormatTest" time="0.003"/>
  <testcase name="coinScaleTest[3]" classname="org.bitcoinj.utils.BtcFormatTest" time="0.001"/>
  <testcase name="builderTest[3]" classname="org.bitcoinj.utils.BtcFormatTest" time="0.0">
    <skipped/>
  </testcase>
  <testcase name="attributeTest[3]" classname="org.bitcoinj.utils.BtcFormatTest" time="0.0">
    <skipped/>
  </testcase>
  <testcase name="prefixTest[3]" classname="org.bitcoinj.utils.BtcFormatTest" time="0.0"/>
  <testcase name="suffixTest[3]" classname="org.bitcoinj.utils.BtcFormatTest" time="0.0">
    <skipped/>
  </testcase>
  <testcase name="autoDecimalTest[3]" classname="org.bitcoinj.utils.BtcFormatTest" time="0.003"/>
  <testcase name="symbolCollisionTest[3]" classname="org.bitcoinj.utils.BtcFormatTest" time="0.009"/>
  <testcase name="equalityTest[3]" classname="org.bitcoinj.utils.BtcFormatTest" time="0.01"/>
  <testcase name="columnAlignmentTest[3]" classname="org.bitcoinj.utils.BtcFormatTest" time="0.0"/>
  <testcase name="factoryTest[3]" classname="org.bitcoinj.utils.BtcFormatTest" time="0.001"/>
  <testcase name="parse[3]" classname="org.bitcoinj.utils.BtcFormatTest" time="0.0"/>
  <testcase name="btcRounding[3]" classname="org.bitcoinj.utils.BtcFormatTest" time="0.004"/>
  <testcase name="negativeTest[3]" classname="org.bitcoinj.utils.BtcFormatTest" time="0.001">
    <skipped/>
  </testcase>
  <testcase name="millicoinScaleTest[3]" classname="org.bitcoinj.utils.BtcFormatTest" time="0.0"/>
  <testcase name="toStringTest[3]" classname="org.bitcoinj.utils.BtcFormatTest" time="0.0">
    <skipped/>
  </testcase>
  <testcase name="testGrouping[3]" classname="org.bitcoinj.utils.BtcFormatTest" time="0.0"/>
  <testcase name="symbolsCodesTest[3]" classname="org.bitcoinj.utils.BtcFormatTest" time="0.003"/>
  <testcase name="defaultLocaleTest[3]" classname="org.bitcoinj.utils.BtcFormatTest" time="0.002"/>
  <testcase name="parsePositionTest[3]" classname="org.bitcoinj.utils.BtcFormatTest" time="0.002"/>
  <testcase name="argumentTypeTest[3]" classname="org.bitcoinj.utils.BtcFormatTest" time="0.0">
    <skipped/>
  </testcase>
  <testcase name="characterIteratorTest[3]" classname="org.bitcoinj.utils.BtcFormatTest" time="0.003"/>
  <testcase name="repeatingPlaceTest[3]" classname="org.bitcoinj.utils.BtcFormatTest" time="0.001"/>
  <testcase name="currencyCodeTest[3]" classname="org.bitcoinj.utils.BtcFormatTest" time="0.0">
    <skipped/>
  </testcase>
  <testcase name="patternDecimalPlaces[3]" classname="org.bitcoinj.utils.BtcFormatTest" time="0.0"/>
  <testcase name="factoryArgumentsTest[4]" classname="org.bitcoinj.utils.BtcFormatTest" time="0.003"/>
  <testcase name="parseTest[4]" classname="org.bitcoinj.utils.BtcFormatTest" time="0.0">
    <skipped/>
  </testcase>
  <testcase name="microcoinScaleTest[4]" classname="org.bitcoinj.utils.BtcFormatTest" time="0.0"/>
  <testcase name="parseMetricTest[4]" classname="org.bitcoinj.utils.BtcFormatTest" time="0.006"/>
  <testcase name="coinScaleTest[4]" classname="org.bitcoinj.utils.BtcFormatTest" time="0.0"/>
  <testcase name="builderTest[4]" classname="org.bitcoinj.utils.BtcFormatTest" time="0.001">
    <skipped/>
  </testcase>
  <testcase name="attributeTest[4]" classname="org.bitcoinj.utils.BtcFormatTest" time="0.0">
    <skipped/>
  </testcase>
  <testcase name="prefixTest[4]" classname="org.bitcoinj.utils.BtcFormatTest" time="0.0"/>
  <testcase name="suffixTest[4]" classname="org.bitcoinj.utils.BtcFormatTest" time="0.0">
    <skipped/>
  </testcase>
  <testcase name="autoDecimalTest[4]" classname="org.bitcoinj.utils.BtcFormatTest" time="0.003"/>
  <testcase name="symbolCollisionTest[4]" classname="org.bitcoinj.utils.BtcFormatTest" time="0.009"/>
  <testcase name="equalityTest[4]" classname="org.bitcoinj.utils.BtcFormatTest" time="0.008"/>
  <testcase name="columnAlignmentTest[4]" classname="org.bitcoinj.utils.BtcFormatTest" time="0.001"/>
  <testcase name="factoryTest[4]" classname="org.bitcoinj.utils.BtcFormatTest" time="0.001"/>
  <testcase name="parse[4]" classname="org.bitcoinj.utils.BtcFormatTest" time="0.001"/>
  <testcase name="btcRounding[4]" classname="org.bitcoinj.utils.BtcFormatTest" time="0.004"/>
  <testcase name="negativeTest[4]" classname="org.bitcoinj.utils.BtcFormatTest" time="0.0">
    <skipped/>
  </testcase>
  <testcase name="millicoinScaleTest[4]" classname="org.bitcoinj.utils.BtcFormatTest" time="0.0"/>
  <testcase name="toStringTest[4]" classname="org.bitcoinj.utils.BtcFormatTest" time="0.0">
    <skipped/>
  </testcase>
  <testcase name="testGrouping[4]" classname="org.bitcoinj.utils.BtcFormatTest" time="0.001"/>
  <testcase name="symbolsCodesTest[4]" classname="org.bitcoinj.utils.BtcFormatTest" time="0.003"/>
  <testcase name="defaultLocaleTest[4]" classname="org.bitcoinj.utils.BtcFormatTest" time="0.0"/>
  <testcase name="parsePositionTest[4]" classname="org.bitcoinj.utils.BtcFormatTest" time="0.001"/>
  <testcase name="argumentTypeTest[4]" classname="org.bitcoinj.utils.BtcFormatTest" time="0.0">
    <skipped/>
  </testcase>
  <testcase name="characterIteratorTest[4]" classname="org.bitcoinj.utils.BtcFormatTest" time="0.001"/>
  <testcase name="repeatingPlaceTest[4]" classname="org.bitcoinj.utils.BtcFormatTest" time="0.001"/>
  <testcase name="currencyCodeTest[4]" classname="org.bitcoinj.utils.BtcFormatTest" time="0.0">
    <skipped/>
  </testcase>
  <testcase name="patternDecimalPlaces[4]" classname="org.bitcoinj.utils.BtcFormatTest" time="0.0"/>
  <testcase name="factoryArgumentsTest[5]" classname="org.bitcoinj.utils.BtcFormatTest" time="0.004"/>
  <testcase name="parseTest[5]" classname="org.bitcoinj.utils.BtcFormatTest" time="0.0">
    <skipped/>
  </testcase>
  <testcase name="microcoinScaleTest[5]" classname="org.bitcoinj.utils.BtcFormatTest" time="0.0"/>
  <testcase name="parseMetricTest[5]" classname="org.bitcoinj.utils.BtcFormatTest" time="0.003"/>
  <testcase name="coinScaleTest[5]" classname="org.bitcoinj.utils.BtcFormatTest" time="0.001"/>
  <testcase name="builderTest[5]" classname="org.bitcoinj.utils.BtcFormatTest" time="0.0">
    <skipped/>
  </testcase>
  <testcase name="attributeTest[5]" classname="org.bitcoinj.utils.BtcFormatTest" time="0.0">
    <skipped/>
  </testcase>
  <testcase name="prefixTest[5]" classname="org.bitcoinj.utils.BtcFormatTest" time="0.001"/>
  <testcase name="suffixTest[5]" classname="org.bitcoinj.utils.BtcFormatTest" time="0.0">
    <skipped/>
  </testcase>
  <testcase name="autoDecimalTest[5]" classname="org.bitcoinj.utils.BtcFormatTest" time="0.006"/>
  <testcase name="symbolCollisionTest[5]" classname="org.bitcoinj.utils.BtcFormatTest" time="0.011"/>
  <testcase name="equalityTest[5]" classname="org.bitcoinj.utils.BtcFormatTest" time="0.007"/>
  <testcase name="columnAlignmentTest[5]" classname="org.bitcoinj.utils.BtcFormatTest" time="0.0"/>
  <testcase name="factoryTest[5]" classname="org.bitcoinj.utils.BtcFormatTest" time="0.001"/>
  <testcase name="parse[5]" classname="org.bitcoinj.utils.BtcFormatTest" time="0.001"/>
  <testcase name="btcRounding[5]" classname="org.bitcoinj.utils.BtcFormatTest" time="0.006"/>
  <testcase name="negativeTest[5]" classname="org.bitcoinj.utils.BtcFormatTest" time="0.001">
    <skipped/>
  </testcase>
  <testcase name="millicoinScaleTest[5]" classname="org.bitcoinj.utils.BtcFormatTest" time="0.0"/>
  <testcase name="toStringTest[5]" classname="org.bitcoinj.utils.BtcFormatTest" time="0.0">
    <skipped/>
  </testcase>
  <testcase name="testGrouping[5]" classname="org.bitcoinj.utils.BtcFormatTest" time="0.001"/>
  <testcase name="symbolsCodesTest[5]" classname="org.bitcoinj.utils.BtcFormatTest" time="0.002"/>
  <testcase name="defaultLocaleTest[5]" classname="org.bitcoinj.utils.BtcFormatTest" time="0.001"/>
  <testcase name="parsePositionTest[5]" classname="org.bitcoinj.utils.BtcFormatTest" time="0.0"/>
  <testcase name="argumentTypeTest[5]" classname="org.bitcoinj.utils.BtcFormatTest" time="0.0">
    <skipped/>
  </testcase>
  <testcase name="characterIteratorTest[5]" classname="org.bitcoinj.utils.BtcFormatTest" time="0.001"/>
  <testcase name="repeatingPlaceTest[5]" classname="org.bitcoinj.utils.BtcFormatTest" time="0.0"/>
  <testcase name="currencyCodeTest[5]" classname="org.bitcoinj.utils.BtcFormatTest" time="0.0">
    <skipped/>
  </testcase>
  <testcase name="patternDecimalPlaces[5]" classname="org.bitcoinj.utils.BtcFormatTest" time="0.001"/>
  <testcase name="factoryArgumentsTest[6]" classname="org.bitcoinj.utils.BtcFormatTest" time="0.004"/>
  <testcase name="parseTest[6]" classname="org.bitcoinj.utils.BtcFormatTest" time="0.0">
    <skipped/>
  </testcase>
  <testcase name="microcoinScaleTest[6]" classname="org.bitcoinj.utils.BtcFormatTest" time="0.001"/>
  <testcase name="parseMetricTest[6]" classname="org.bitcoinj.utils.BtcFormatTest" time="0.005"/>
  <testcase name="coinScaleTest[6]" classname="org.bitcoinj.utils.BtcFormatTest" time="0.0"/>
  <testcase name="builderTest[6]" classname="org.bitcoinj.utils.BtcFormatTest" time="0.0">
    <skipped/>
  </testcase>
  <testcase name="attributeTest[6]" classname="org.bitcoinj.utils.BtcFormatTest" time="0.0">
    <skipped/>
  </testcase>
  <testcase name="prefixTest[6]" classname="org.bitcoinj.utils.BtcFormatTest" time="0.0"/>
  <testcase name="suffixTest[6]" classname="org.bitcoinj.utils.BtcFormatTest" time="0.001">
    <skipped/>
  </testcase>
  <testcase name="autoDecimalTest[6]" classname="org.bitcoinj.utils.BtcFormatTest" time="0.003"/>
  <testcase name="symbolCollisionTest[6]" classname="org.bitcoinj.utils.BtcFormatTest" time="0.008"/>
  <testcase name="equalityTest[6]" classname="org.bitcoinj.utils.BtcFormatTest" time="0.01"/>
  <testcase name="columnAlignmentTest[6]" classname="org.bitcoinj.utils.BtcFormatTest" time="0.001"/>
  <testcase name="factoryTest[6]" classname="org.bitcoinj.utils.BtcFormatTest" time="0.001"/>
  <testcase name="parse[6]" classname="org.bitcoinj.utils.BtcFormatTest" time="0.001"/>
  <testcase name="btcRounding[6]" classname="org.bitcoinj.utils.BtcFormatTest" time="0.007"/>
  <testcase name="negativeTest[6]" classname="org.bitcoinj.utils.BtcFormatTest" time="0.0">
    <skipped/>
  </testcase>
  <testcase name="millicoinScaleTest[6]" classname="org.bitcoinj.utils.BtcFormatTest" time="0.001"/>
  <testcase name="toStringTest[6]" classname="org.bitcoinj.utils.BtcFormatTest" time="0.0">
    <skipped/>
  </testcase>
  <testcase name="testGrouping[6]" classname="org.bitcoinj.utils.BtcFormatTest" time="0.001"/>
  <testcase name="symbolsCodesTest[6]" classname="org.bitcoinj.utils.BtcFormatTest" time="0.003"/>
  <testcase name="defaultLocaleTest[6]" classname="org.bitcoinj.utils.BtcFormatTest" time="0.001"/>
  <testcase name="parsePositionTest[6]" classname="org.bitcoinj.utils.BtcFormatTest" time="0.001"/>
  <testcase name="argumentTypeTest[6]" classname="org.bitcoinj.utils.BtcFormatTest" time="0.0">
    <skipped/>
  </testcase>
  <testcase name="characterIteratorTest[6]" classname="org.bitcoinj.utils.BtcFormatTest" time="0.001"/>
  <testcase name="repeatingPlaceTest[6]" classname="org.bitcoinj.utils.BtcFormatTest" time="0.0"/>
  <testcase name="currencyCodeTest[6]" classname="org.bitcoinj.utils.BtcFormatTest" time="0.0">
    <skipped/>
  </testcase>
  <testcase name="patternDecimalPlaces[6]" classname="org.bitcoinj.utils.BtcFormatTest" time="0.0"/>
  <testcase name="factoryArgumentsTest[7]" classname="org.bitcoinj.utils.BtcFormatTest" time="0.004"/>
  <testcase name="parseTest[7]" classname="org.bitcoinj.utils.BtcFormatTest" time="0.0">
    <skipped/>
  </testcase>
  <testcase name="microcoinScaleTest[7]" classname="org.bitcoinj.utils.BtcFormatTest" time="0.0"/>
  <testcase name="parseMetricTest[7]" classname="org.bitcoinj.utils.BtcFormatTest" time="0.002"/>
  <testcase name="coinScaleTest[7]" classname="org.bitcoinj.utils.BtcFormatTest" time="0.001"/>
  <testcase name="builderTest[7]" classname="org.bitcoinj.utils.BtcFormatTest" time="0.0">
    <skipped/>
  </testcase>
  <testcase name="attributeTest[7]" classname="org.bitcoinj.utils.BtcFormatTest" time="0.0">
    <skipped/>
  </testcase>
  <testcase name="prefixTest[7]" classname="org.bitcoinj.utils.BtcFormatTest" time="0.001"/>
  <testcase name="suffixTest[7]" classname="org.bitcoinj.utils.BtcFormatTest" time="0.0">
    <skipped/>
  </testcase>
  <testcase name="autoDecimalTest[7]" classname="org.bitcoinj.utils.BtcFormatTest" time="0.002"/>
  <testcase name="symbolCollisionTest[7]" classname="org.bitcoinj.utils.BtcFormatTest" time="0.009"/>
  <testcase name="equalityTest[7]" classname="org.bitcoinj.utils.BtcFormatTest" time="0.009"/>
  <testcase name="columnAlignmentTest[7]" classname="org.bitcoinj.utils.BtcFormatTest" time="0.0"/>
  <testcase name="factoryTest[7]" classname="org.bitcoinj.utils.BtcFormatTest" time="0.001"/>
  <testcase name="parse[7]" classname="org.bitcoinj.utils.BtcFormatTest" time="0.0"/>
  <testcase name="btcRounding[7]" classname="org.bitcoinj.utils.BtcFormatTest" time="0.004"/>
  <testcase name="negativeTest[7]" classname="org.bitcoinj.utils.BtcFormatTest" time="0.0">
    <skipped/>
  </testcase>
  <testcase name="millicoinScaleTest[7]" classname="org.bitcoinj.utils.BtcFormatTest" time="0.0"/>
  <testcase name="toStringTest[7]" classname="org.bitcoinj.utils.BtcFormatTest" time="0.0">
    <skipped/>
  </testcase>
  <testcase name="testGrouping[7]" classname="org.bitcoinj.utils.BtcFormatTest" time="0.0"/>
  <testcase name="symbolsCodesTest[7]" classname="org.bitcoinj.utils.BtcFormatTest" time="0.003"/>
  <testcase name="defaultLocaleTest[7]" classname="org.bitcoinj.utils.BtcFormatTest" time="0.0"/>
  <testcase name="parsePositionTest[7]" classname="org.bitcoinj.utils.BtcFormatTest" time="0.001"/>
  <testcase name="argumentTypeTest[7]" classname="org.bitcoinj.utils.BtcFormatTest" time="0.0">
    <skipped/>
  </testcase>
  <testcase name="characterIteratorTest[7]" classname="org.bitcoinj.utils.BtcFormatTest" time="0.001"/>
  <testcase name="repeatingPlaceTest[7]" classname="org.bitcoinj.utils.BtcFormatTest" time="0.001"/>
  <testcase name="currencyCodeTest[7]" classname="org.bitcoinj.utils.BtcFormatTest" time="0.0">
    <skipped/>
  </testcase>
  <testcase name="patternDecimalPlaces[7]" classname="org.bitcoinj.utils.BtcFormatTest" time="0.0"/>
  <testcase name="factoryArgumentsTest[8]" classname="org.bitcoinj.utils.BtcFormatTest" time="0.004"/>
  <testcase name="parseTest[8]" classname="org.bitcoinj.utils.BtcFormatTest" time="0.0">
    <skipped/>
  </testcase>
  <testcase name="microcoinScaleTest[8]" classname="org.bitcoinj.utils.BtcFormatTest" time="0.001"/>
  <testcase name="parseMetricTest[8]" classname="org.bitcoinj.utils.BtcFormatTest" time="0.003"/>
  <testcase name="coinScaleTest[8]" classname="org.bitcoinj.utils.BtcFormatTest" time="0.001"/>
  <testcase name="builderTest[8]" classname="org.bitcoinj.utils.BtcFormatTest" time="0.0">
    <skipped/>
  </testcase>
  <testcase name="attributeTest[8]" classname="org.bitcoinj.utils.BtcFormatTest" time="0.0">
    <skipped/>
  </testcase>
  <testcase name="prefixTest[8]" classname="org.bitcoinj.utils.BtcFormatTest" time="0.001"/>
  <testcase name="suffixTest[8]" classname="org.bitcoinj.utils.BtcFormatTest" time="0.0">
    <skipped/>
  </testcase>
  <testcase name="autoDecimalTest[8]" classname="org.bitcoinj.utils.BtcFormatTest" time="0.002"/>
  <testcase name="symbolCollisionTest[8]" classname="org.bitcoinj.utils.BtcFormatTest" time="0.01"/>
  <testcase name="equalityTest[8]" classname="org.bitcoinj.utils.BtcFormatTest" time="0.006"/>
  <testcase name="columnAlignmentTest[8]" classname="org.bitcoinj.utils.BtcFormatTest" time="0.001"/>
  <testcase name="factoryTest[8]" classname="org.bitcoinj.utils.BtcFormatTest" time="0.001"/>
  <testcase name="parse[8]" classname="org.bitcoinj.utils.BtcFormatTest" time="0.0"/>
  <testcase name="btcRounding[8]" classname="org.bitcoinj.utils.BtcFormatTest" time="0.007"/>
  <testcase name="negativeTest[8]" classname="org.bitcoinj.utils.BtcFormatTest" time="0.0">
    <skipped/>
  </testcase>
  <testcase name="millicoinScaleTest[8]" classname="org.bitcoinj.utils.BtcFormatTest" time="0.0"/>
  <testcase name="toStringTest[8]" classname="org.bitcoinj.utils.BtcFormatTest" time="0.0">
    <skipped/>
  </testcase>
  <testcase name="testGrouping[8]" classname="org.bitcoinj.utils.BtcFormatTest" time="0.0"/>
  <testcase name="symbolsCodesTest[8]" classname="org.bitcoinj.utils.BtcFormatTest" time="0.003"/>
  <testcase name="defaultLocaleTest[8]" classname="org.bitcoinj.utils.BtcFormatTest" time="0.001"/>
  <testcase name="parsePositionTest[8]" classname="org.bitcoinj.utils.BtcFormatTest" time="0.002"/>
  <testcase name="argumentTypeTest[8]" classname="org.bitcoinj.utils.BtcFormatTest" time="0.0">
    <skipped/>
  </testcase>
  <testcase name="characterIteratorTest[8]" classname="org.bitcoinj.utils.BtcFormatTest" time="0.001"/>
  <testcase name="repeatingPlaceTest[8]" classname="org.bitcoinj.utils.BtcFormatTest" time="0.0"/>
  <testcase name="currencyCodeTest[8]" classname="org.bitcoinj.utils.BtcFormatTest" time="0.0">
    <skipped/>
  </testcase>
  <testcase name="patternDecimalPlaces[8]" classname="org.bitcoinj.utils.BtcFormatTest" time="0.001"/>
  <testcase name="factoryArgumentsTest[9]" classname="org.bitcoinj.utils.BtcFormatTest" time="0.004"/>
  <testcase name="parseTest[9]" classname="org.bitcoinj.utils.BtcFormatTest" time="0.0">
    <skipped/>
  </testcase>
  <testcase name="microcoinScaleTest[9]" classname="org.bitcoinj.utils.BtcFormatTest" time="0.0"/>
  <testcase name="parseMetricTest[9]" classname="org.bitcoinj.utils.BtcFormatTest" time="0.003"/>
  <testcase name="coinScaleTest[9]" classname="org.bitcoinj.utils.BtcFormatTest" time="0.0"/>
  <testcase name="builderTest[9]" classname="org.bitcoinj.utils.BtcFormatTest" time="0.0">
    <skipped/>
  </testcase>
  <testcase name="attributeTest[9]" classname="org.bitcoinj.utils.BtcFormatTest" time="0.0">
    <skipped/>
  </testcase>
  <testcase name="prefixTest[9]" classname="org.bitcoinj.utils.BtcFormatTest" time="0.008"/>
  <testcase name="suffixTest[9]" classname="org.bitcoinj.utils.BtcFormatTest" time="0.0">
    <skipped/>
  </testcase>
  <testcase name="autoDecimalTest[9]" classname="org.bitcoinj.utils.BtcFormatTest" time="0.004"/>
  <testcase name="symbolCollisionTest[9]" classname="org.bitcoinj.utils.BtcFormatTest" time="0.015"/>
  <testcase name="equalityTest[9]" classname="org.bitcoinj.utils.BtcFormatTest" time="0.013"/>
  <testcase name="columnAlignmentTest[9]" classname="org.bitcoinj.utils.BtcFormatTest" time="0.001"/>
  <testcase name="factoryTest[9]" classname="org.bitcoinj.utils.BtcFormatTest" time="0.001"/>
  <testcase name="parse[9]" classname="org.bitcoinj.utils.BtcFormatTest" time="0.0"/>
  <testcase name="btcRounding[9]" classname="org.bitcoinj.utils.BtcFormatTest" time="0.006"/>
  <testcase name="negativeTest[9]" classname="org.bitcoinj.utils.BtcFormatTest" time="0.0">
    <skipped/>
  </testcase>
  <testcase name="millicoinScaleTest[9]" classname="org.bitcoinj.utils.BtcFormatTest" time="0.001"/>
  <testcase name="toStringTest[9]" classname="org.bitcoinj.utils.BtcFormatTest" time="0.0">
    <skipped/>
  </testcase>
  <testcase name="testGrouping[9]" classname="org.bitcoinj.utils.BtcFormatTest" time="0.001"/>
  <testcase name="symbolsCodesTest[9]" classname="org.bitcoinj.utils.BtcFormatTest" time="0.002"/>
  <testcase name="defaultLocaleTest[9]" classname="org.bitcoinj.utils.BtcFormatTest" time="0.0"/>
  <testcase name="parsePositionTest[9]" classname="org.bitcoinj.utils.BtcFormatTest" time="0.001"/>
  <testcase name="argumentTypeTest[9]" classname="org.bitcoinj.utils.BtcFormatTest" time="0.0">
    <skipped/>
  </testcase>
  <testcase name="characterIteratorTest[9]" classname="org.bitcoinj.utils.BtcFormatTest" time="0.001"/>
  <testcase name="repeatingPlaceTest[9]" classname="org.bitcoinj.utils.BtcFormatTest" time="0.001"/>
  <testcase name="currencyCodeTest[9]" classname="org.bitcoinj.utils.BtcFormatTest" time="0.0">
    <skipped/>
  </testcase>
  <testcase name="patternDecimalPlaces[9]" classname="org.bitcoinj.utils.BtcFormatTest" time="0.0"/>
  <testcase name="factoryArgumentsTest[10]" classname="org.bitcoinj.utils.BtcFormatTest" time="0.005"/>
  <testcase name="parseTest[10]" classname="org.bitcoinj.utils.BtcFormatTest" time="0.0">
    <skipped/>
  </testcase>
  <testcase name="microcoinScaleTest[10]" classname="org.bitcoinj.utils.BtcFormatTest" time="0.0"/>
  <testcase name="parseMetricTest[10]" classname="org.bitcoinj.utils.BtcFormatTest" time="0.002"/>
  <testcase name="coinScaleTest[10]" classname="org.bitcoinj.utils.BtcFormatTest" time="0.0"/>
  <testcase name="builderTest[10]" classname="org.bitcoinj.utils.BtcFormatTest" time="0.0">
    <skipped/>
  </testcase>
  <testcase name="attributeTest[10]" classname="org.bitcoinj.utils.BtcFormatTest" time="0.0">
    <skipped/>
  </testcase>
  <testcase name="prefixTest[10]" classname="org.bitcoinj.utils.BtcFormatTest" time="0.0"/>
  <testcase name="suffixTest[10]" classname="org.bitcoinj.utils.BtcFormatTest" time="0.0">
    <skipped/>
  </testcase>
  <testcase name="autoDecimalTest[10]" classname="org.bitcoinj.utils.BtcFormatTest" time="0.002"/>
  <testcase name="symbolCollisionTest[10]" classname="org.bitcoinj.utils.BtcFormatTest" time="0.006"/>
  <testcase name="equalityTest[10]" classname="org.bitcoinj.utils.BtcFormatTest" time="0.005"/>
  <testcase name="columnAlignmentTest[10]" classname="org.bitcoinj.utils.BtcFormatTest" time="0.0"/>
  <testcase name="factoryTest[10]" classname="org.bitcoinj.utils.BtcFormatTest" time="0.001"/>
  <testcase name="parse[10]" classname="org.bitcoinj.utils.BtcFormatTest" time="0.001"/>
  <testcase name="btcRounding[10]" classname="org.bitcoinj.utils.BtcFormatTest" time="0.008"/>
  <testcase name="negativeTest[10]" classname="org.bitcoinj.utils.BtcFormatTest" time="0.0">
    <skipped/>
  </testcase>
  <testcase name="millicoinScaleTest[10]" classname="org.bitcoinj.utils.BtcFormatTest" time="0.001"/>
  <testcase name="toStringTest[10]" classname="org.bitcoinj.utils.BtcFormatTest" time="0.0">
    <skipped/>
  </testcase>
  <testcase name="testGrouping[10]" classname="org.bitcoinj.utils.BtcFormatTest" time="0.0"/>
  <testcase name="symbolsCodesTest[10]" classname="org.bitcoinj.utils.BtcFormatTest" time="0.003"/>
  <testcase name="defaultLocaleTest[10]" classname="org.bitcoinj.utils.BtcFormatTest" time="0.0"/>
  <testcase name="parsePositionTest[10]" classname="org.bitcoinj.utils.BtcFormatTest" time="0.001"/>
  <testcase name="argumentTypeTest[10]" classname="org.bitcoinj.utils.BtcFormatTest" time="0.0">
    <skipped/>
  </testcase>
  <testcase name="characterIteratorTest[10]" classname="org.bitcoinj.utils.BtcFormatTest" time="0.001"/>
  <testcase name="repeatingPlaceTest[10]" classname="org.bitcoinj.utils.BtcFormatTest" time="0.001"/>
  <testcase name="currencyCodeTest[10]" classname="org.bitcoinj.utils.BtcFormatTest" time="0.001">
    <skipped/>
  </testcase>
  <testcase name="patternDecimalPlaces[10]" classname="org.bitcoinj.utils.BtcFormatTest" time="0.0"/>
  <testcase name="factoryArgumentsTest[11]" classname="org.bitcoinj.utils.BtcFormatTest" time="0.005"/>
  <testcase name="parseTest[11]" classname="org.bitcoinj.utils.BtcFormatTest" time="0.0">
    <skipped/>
  </testcase>
  <testcase name="microcoinScaleTest[11]" classname="org.bitcoinj.utils.BtcFormatTest" time="0.001"/>
  <testcase name="parseMetricTest[11]" classname="org.bitcoinj.utils.BtcFormatTest" time="0.002"/>
  <testcase name="coinScaleTest[11]" classname="org.bitcoinj.utils.BtcFormatTest" time="0.0"/>
  <testcase name="builderTest[11]" classname="org.bitcoinj.utils.BtcFormatTest" time="0.0">
    <skipped/>
  </testcase>
  <testcase name="attributeTest[11]" classname="org.bitcoinj.utils.BtcFormatTest" time="0.0">
    <skipped/>
  </testcase>
  <testcase name="prefixTest[11]" classname="org.bitcoinj.utils.BtcFormatTest" time="0.001"/>
  <testcase name="suffixTest[11]" classname="org.bitcoinj.utils.BtcFormatTest" time="0.0">
    <skipped/>
  </testcase>
  <testcase name="autoDecimalTest[11]" classname="org.bitcoinj.utils.BtcFormatTest" time="0.003"/>
  <testcase name="symbolCollisionTest[11]" classname="org.bitcoinj.utils.BtcFormatTest" time="0.006"/>
  <testcase name="equalityTest[11]" classname="org.bitcoinj.utils.BtcFormatTest" time="0.007"/>
  <testcase name="columnAlignmentTest[11]" classname="org.bitcoinj.utils.BtcFormatTest" time="0.0"/>
  <testcase name="factoryTest[11]" classname="org.bitcoinj.utils.BtcFormatTest" time="0.002"/>
  <testcase name="parse[11]" classname="org.bitcoinj.utils.BtcFormatTest" time="0.0"/>
  <testcase name="btcRounding[11]" classname="org.bitcoinj.utils.BtcFormatTest" time="0.006"/>
  <testcase name="negativeTest[11]" classname="org.bitcoinj.utils.BtcFormatTest" time="0.0">
    <skipped/>
  </testcase>
  <testcase name="millicoinScaleTest[11]" classname="org.bitcoinj.utils.BtcFormatTest" time="0.0"/>
  <testcase name="toStringTest[11]" classname="org.bitcoinj.utils.BtcFormatTest" time="0.0">
    <skipped/>
  </testcase>
  <testcase name="testGrouping[11]" classname="org.bitcoinj.utils.BtcFormatTest" time="0.0"/>
  <testcase name="symbolsCodesTest[11]" classname="org.bitcoinj.utils.BtcFormatTest" time="0.001"/>
  <testcase name="defaultLocaleTest[11]" classname="org.bitcoinj.utils.BtcFormatTest" time="0.001"/>
  <testcase name="parsePositionTest[11]" classname="org.bitcoinj.utils.BtcFormatTest" time="0.0"/>
  <testcase name="argumentTypeTest[11]" classname="org.bitcoinj.utils.BtcFormatTest" time="0.0">
    <skipped/>
  </testcase>
  <testcase name="characterIteratorTest[11]" classname="org.bitcoinj.utils.BtcFormatTest" time="0.001"/>
  <testcase name="repeatingPlaceTest[11]" classname="org.bitcoinj.utils.BtcFormatTest" time="0.0"/>
  <testcase name="currencyCodeTest[11]" classname="org.bitcoinj.utils.BtcFormatTest" time="0.0">
    <skipped/>
  </testcase>
  <testcase name="patternDecimalPlaces[11]" classname="org.bitcoinj.utils.BtcFormatTest" time="0.001"/>
  <testcase name="factoryArgumentsTest[12]" classname="org.bitcoinj.utils.BtcFormatTest" time="0.005"/>
  <testcase name="parseTest[12]" classname="org.bitcoinj.utils.BtcFormatTest" time="0.0">
    <skipped/>
  </testcase>
  <testcase name="microcoinScaleTest[12]" classname="org.bitcoinj.utils.BtcFormatTest" time="0.001"/>
  <testcase name="parseMetricTest[12]" classname="org.bitcoinj.utils.BtcFormatTest" time="0.002"/>
  <testcase name="coinScaleTest[12]" classname="org.bitcoinj.utils.BtcFormatTest" time="0.001"/>
  <testcase name="builderTest[12]" classname="org.bitcoinj.utils.BtcFormatTest" time="0.0">
    <skipped/>
  </testcase>
  <testcase name="attributeTest[12]" classname="org.bitcoinj.utils.BtcFormatTest" time="0.0">
    <skipped/>
  </testcase>
  <testcase name="prefixTest[12]" classname="org.bitcoinj.utils.BtcFormatTest" time="0.0"/>
  <testcase name="suffixTest[12]" classname="org.bitcoinj.utils.BtcFormatTest" time="0.0">
    <skipped/>
  </testcase>
  <testcase name="autoDecimalTest[12]" classname="org.bitcoinj.utils.BtcFormatTest" time="0.003"/>
  <testcase name="symbolCollisionTest[12]" classname="org.bitcoinj.utils.BtcFormatTest" time="0.006"/>
  <testcase name="equalityTest[12]" classname="org.bitcoinj.utils.BtcFormatTest" time="0.005"/>
  <testcase name="columnAlignmentTest[12]" classname="org.bitcoinj.utils.BtcFormatTest" time="0.0"/>
  <testcase name="factoryTest[12]" classname="org.bitcoinj.utils.BtcFormatTest" time="0.002"/>
  <testcase name="parse[12]" classname="org.bitcoinj.utils.BtcFormatTest" time="0.001"/>
  <testcase name="btcRounding[12]" classname="org.bitcoinj.utils.BtcFormatTest" time="0.003"/>
  <testcase name="negativeTest[12]" classname="org.bitcoinj.utils.BtcFormatTest" time="0.0">
    <skipped/>
  </testcase>
  <testcase name="millicoinScaleTest[12]" classname="org.bitcoinj.utils.BtcFormatTest" time="0.001"/>
  <testcase name="toStringTest[12]" classname="org.bitcoinj.utils.BtcFormatTest" time="0.0">
    <skipped/>
  </testcase>
  <testcase name="testGrouping[12]" classname="org.bitcoinj.utils.BtcFormatTest" time="0.0"/>
  <testcase name="symbolsCodesTest[12]" classname="org.bitcoinj.utils.BtcFormatTest" time="0.002"/>
  <testcase name="defaultLocaleTest[12]" classname="org.bitcoinj.utils.BtcFormatTest" time="0.0"/>
  <testcase name="parsePositionTest[12]" classname="org.bitcoinj.utils.BtcFormatTest" time="0.001"/>
  <testcase name="argumentTypeTest[12]" classname="org.bitcoinj.utils.BtcFormatTest" time="0.0">
    <skipped/>
  </testcase>
  <testcase name="characterIteratorTest[12]" classname="org.bitcoinj.utils.BtcFormatTest" time="0.001"/>
  <testcase name="repeatingPlaceTest[12]" classname="org.bitcoinj.utils.BtcFormatTest" time="0.0"/>
  <testcase name="currencyCodeTest[12]" classname="org.bitcoinj.utils.BtcFormatTest" time="0.0">
    <skipped/>
  </testcase>
  <testcase name="patternDecimalPlaces[12]" classname="org.bitcoinj.utils.BtcFormatTest" time="0.001"/>
  <testcase name="factoryArgumentsTest[13]" classname="org.bitcoinj.utils.BtcFormatTest" time="0.003"/>
  <testcase name="parseTest[13]" classname="org.bitcoinj.utils.BtcFormatTest" time="0.0">
    <skipped/>
  </testcase>
  <testcase name="microcoinScaleTest[13]" classname="org.bitcoinj.utils.BtcFormatTest" time="0.001"/>
  <testcase name="parseMetricTest[13]" classname="org.bitcoinj.utils.BtcFormatTest" time="0.003"/>
  <testcase name="coinScaleTest[13]" classname="org.bitcoinj.utils.BtcFormatTest" time="0.0"/>
  <testcase name="builderTest[13]" classname="org.bitcoinj.utils.BtcFormatTest" time="0.0">
    <skipped/>
  </testcase>
  <testcase name="attributeTest[13]" classname="org.bitcoinj.utils.BtcFormatTest" time="0.0">
    <skipped/>
  </testcase>
  <testcase name="prefixTest[13]" classname="org.bitcoinj.utils.BtcFormatTest" time="0.001"/>
  <testcase name="suffixTest[13]" classname="org.bitcoinj.utils.BtcFormatTest" time="0.0">
    <skipped/>
  </testcase>
  <testcase name="autoDecimalTest[13]" classname="org.bitcoinj.utils.BtcFormatTest" time="0.002"/>
  <testcase name="symbolCollisionTest[13]" classname="org.bitcoinj.utils.BtcFormatTest" time="0.01"/>
  <testcase name="equalityTest[13]" classname="org.bitcoinj.utils.BtcFormatTest" time="0.004"/>
  <testcase name="columnAlignmentTest[13]" classname="org.bitcoinj.utils.BtcFormatTest" time="0.0"/>
  <testcase name="factoryTest[13]" classname="org.bitcoinj.utils.BtcFormatTest" time="0.001"/>
  <testcase name="parse[13]" classname="org.bitcoinj.utils.BtcFormatTest" time="0.001"/>
  <testcase name="btcRounding[13]" classname="org.bitcoinj.utils.BtcFormatTest" time="0.004"/>
  <testcase name="negativeTest[13]" classname="org.bitcoinj.utils.BtcFormatTest" time="0.0">
    <skipped/>
  </testcase>
  <testcase name="millicoinScaleTest[13]" classname="org.bitcoinj.utils.BtcFormatTest" time="0.0"/>
  <testcase name="toStringTest[13]" classname="org.bitcoinj.utils.BtcFormatTest" time="0.0">
    <skipped/>
  </testcase>
  <testcase name="testGrouping[13]" classname="org.bitcoinj.utils.BtcFormatTest" time="0.001"/>
  <testcase name="symbolsCodesTest[13]" classname="org.bitcoinj.utils.BtcFormatTest" time="0.002"/>
  <testcase name="defaultLocaleTest[13]" classname="org.bitcoinj.utils.BtcFormatTest" time="0.0"/>
  <testcase name="parsePositionTest[13]" classname="org.bitcoinj.utils.BtcFormatTest" time="0.001"/>
  <testcase name="argumentTypeTest[13]" classname="org.bitcoinj.utils.BtcFormatTest" time="0.0">
    <skipped/>
  </testcase>
  <testcase name="characterIteratorTest[13]" classname="org.bitcoinj.utils.BtcFormatTest" time="0.001"/>
  <testcase name="repeatingPlaceTest[13]" classname="org.bitcoinj.utils.BtcFormatTest" time="0.0"/>
  <testcase name="currencyCodeTest[13]" classname="org.bitcoinj.utils.BtcFormatTest" time="0.0">
    <skipped/>
  </testcase>
  <testcase name="patternDecimalPlaces[13]" classname="org.bitcoinj.utils.BtcFormatTest" time="0.0"/>
  <testcase name="factoryArgumentsTest[14]" classname="org.bitcoinj.utils.BtcFormatTest" time="0.003"/>
  <testcase name="parseTest[14]" classname="org.bitcoinj.utils.BtcFormatTest" time="0.0">
    <skipped/>
  </testcase>
  <testcase name="microcoinScaleTest[14]" classname="org.bitcoinj.utils.BtcFormatTest" time="0.001"/>
  <testcase name="parseMetricTest[14]" classname="org.bitcoinj.utils.BtcFormatTest" time="0.002"/>
  <testcase name="coinScaleTest[14]" classname="org.bitcoinj.utils.BtcFormatTest" time="0.0"/>
  <testcase name="builderTest[14]" classname="org.bitcoinj.utils.BtcFormatTest" time="0.0">
    <skipped/>
  </testcase>
  <testcase name="attributeTest[14]" classname="org.bitcoinj.utils.BtcFormatTest" time="0.0">
    <skipped/>
  </testcase>
  <testcase name="prefixTest[14]" classname="org.bitcoinj.utils.BtcFormatTest" time="0.001"/>
  <testcase name="suffixTest[14]" classname="org.bitcoinj.utils.BtcFormatTest" time="0.0">
    <skipped/>
  </testcase>
  <testcase name="autoDecimalTest[14]" classname="org.bitcoinj.utils.BtcFormatTest" time="0.001"/>
  <testcase name="symbolCollisionTest[14]" classname="org.bitcoinj.utils.BtcFormatTest" time="0.01"/>
  <testcase name="equalityTest[14]" classname="org.bitcoinj.utils.BtcFormatTest" time="0.005"/>
  <testcase name="columnAlignmentTest[14]" classname="org.bitcoinj.utils.BtcFormatTest" time="0.0"/>
  <testcase name="factoryTest[14]" classname="org.bitcoinj.utils.BtcFormatTest" time="0.001"/>
  <testcase name="parse[14]" classname="org.bitcoinj.utils.BtcFormatTest" time="0.0"/>
  <testcase name="btcRounding[14]" classname="org.bitcoinj.utils.BtcFormatTest" time="0.004"/>
  <testcase name="negativeTest[14]" classname="org.bitcoinj.utils.BtcFormatTest" time="0.0">
    <skipped/>
  </testcase>
  <testcase name="millicoinScaleTest[14]" classname="org.bitcoinj.utils.BtcFormatTest" time="0.0"/>
  <testcase name="toStringTest[14]" classname="org.bitcoinj.utils.BtcFormatTest" time="0.0">
    <skipped/>
  </testcase>
  <testcase name="testGrouping[14]" classname="org.bitcoinj.utils.BtcFormatTest" time="0.0"/>
  <testcase name="symbolsCodesTest[14]" classname="org.bitcoinj.utils.BtcFormatTest" time="0.002"/>
  <testcase name="defaultLocaleTest[14]" classname="org.bitcoinj.utils.BtcFormatTest" time="0.0"/>
  <testcase name="parsePositionTest[14]" classname="org.bitcoinj.utils.BtcFormatTest" time="0.001"/>
  <testcase name="argumentTypeTest[14]" classname="org.bitcoinj.utils.BtcFormatTest" time="0.0">
    <skipped/>
  </testcase>
  <testcase name="characterIteratorTest[14]" classname="org.bitcoinj.utils.BtcFormatTest" time="0.001"/>
  <testcase name="repeatingPlaceTest[14]" classname="org.bitcoinj.utils.BtcFormatTest" time="0.0"/>
  <testcase name="currencyCodeTest[14]" classname="org.bitcoinj.utils.BtcFormatTest" time="0.0">
    <skipped/>
  </testcase>
  <testcase name="patternDecimalPlaces[14]" classname="org.bitcoinj.utils.BtcFormatTest" time="0.001"/>
  <testcase name="factoryArgumentsTest[15]" classname="org.bitcoinj.utils.BtcFormatTest" time="0.002"/>
  <testcase name="parseTest[15]" classname="org.bitcoinj.utils.BtcFormatTest" time="0.0">
    <skipped/>
  </testcase>
  <testcase name="microcoinScaleTest[15]" classname="org.bitcoinj.utils.BtcFormatTest" time="0.001"/>
  <testcase name="parseMetricTest[15]" classname="org.bitcoinj.utils.BtcFormatTest" time="0.002"/>
  <testcase name="coinScaleTest[15]" classname="org.bitcoinj.utils.BtcFormatTest" time="0.001"/>
  <testcase name="builderTest[15]" classname="org.bitcoinj.utils.BtcFormatTest" time="0.0">
    <skipped/>
  </testcase>
  <testcase name="attributeTest[15]" classname="org.bitcoinj.utils.BtcFormatTest" time="0.0">
    <skipped/>
  </testcase>
  <testcase name="prefixTest[15]" classname="org.bitcoinj.utils.BtcFormatTest" time="0.001"/>
  <testcase name="suffixTest[15]" classname="org.bitcoinj.utils.BtcFormatTest" time="0.0">
    <skipped/>
  </testcase>
  <testcase name="autoDecimalTest[15]" classname="org.bitcoinj.utils.BtcFormatTest" time="0.002"/>
  <testcase name="symbolCollisionTest[15]" classname="org.bitcoinj.utils.BtcFormatTest" time="0.008"/>
  <testcase name="equalityTest[15]" classname="org.bitcoinj.utils.BtcFormatTest" time="0.005"/>
  <testcase name="columnAlignmentTest[15]" classname="org.bitcoinj.utils.BtcFormatTest" time="0.0"/>
  <testcase name="factoryTest[15]" classname="org.bitcoinj.utils.BtcFormatTest" time="0.001"/>
  <testcase name="parse[15]" classname="org.bitcoinj.utils.BtcFormatTest" time="0.0"/>
  <testcase name="btcRounding[15]" classname="org.bitcoinj.utils.BtcFormatTest" time="0.005"/>
  <testcase name="negativeTest[15]" classname="org.bitcoinj.utils.BtcFormatTest" time="0.0">
    <skipped/>
  </testcase>
  <testcase name="millicoinScaleTest[15]" classname="org.bitcoinj.utils.BtcFormatTest" time="0.001"/>
  <testcase name="toStringTest[15]" classname="org.bitcoinj.utils.BtcFormatTest" time="0.0">
    <skipped/>
  </testcase>
  <testcase name="testGrouping[15]" classname="org.bitcoinj.utils.BtcFormatTest" time="0.001"/>
  <testcase name="symbolsCodesTest[15]" classname="org.bitcoinj.utils.BtcFormatTest" time="0.002"/>
  <testcase name="defaultLocaleTest[15]" classname="org.bitcoinj.utils.BtcFormatTest" time="0.001"/>
  <testcase name="parsePositionTest[15]" classname="org.bitcoinj.utils.BtcFormatTest" time="0.001"/>
  <testcase name="argumentTypeTest[15]" classname="org.bitcoinj.utils.BtcFormatTest" time="0.0">
    <skipped/>
  </testcase>
  <testcase name="characterIteratorTest[15]" classname="org.bitcoinj.utils.BtcFormatTest" time="0.001"/>
  <testcase name="repeatingPlaceTest[15]" classname="org.bitcoinj.utils.BtcFormatTest" time="0.001"/>
  <testcase name="currencyCodeTest[15]" classname="org.bitcoinj.utils.BtcFormatTest" time="0.0">
    <skipped/>
  </testcase>
  <testcase name="patternDecimalPlaces[15]" classname="org.bitcoinj.utils.BtcFormatTest" time="0.001"/>
  <testcase name="factoryArgumentsTest[16]" classname="org.bitcoinj.utils.BtcFormatTest" time="0.002"/>
  <testcase name="parseTest[16]" classname="org.bitcoinj.utils.BtcFormatTest" time="0.0">
    <skipped/>
  </testcase>
  <testcase name="microcoinScaleTest[16]" classname="org.bitcoinj.utils.BtcFormatTest" time="0.001"/>
  <testcase name="parseMetricTest[16]" classname="org.bitcoinj.utils.BtcFormatTest" time="0.002"/>
  <testcase name="coinScaleTest[16]" classname="org.bitcoinj.utils.BtcFormatTest" time="0.0"/>
  <testcase name="builderTest[16]" classname="org.bitcoinj.utils.BtcFormatTest" time="0.0">
    <skipped/>
  </testcase>
  <testcase name="attributeTest[16]" classname="org.bitcoinj.utils.BtcFormatTest" time="0.0">
    <skipped/>
  </testcase>
  <testcase name="prefixTest[16]" classname="org.bitcoinj.utils.BtcFormatTest" time="0.001"/>
  <testcase name="suffixTest[16]" classname="org.bitcoinj.utils.BtcFormatTest" time="0.0">
    <skipped/>
  </testcase>
  <testcase name="autoDecimalTest[16]" classname="org.bitcoinj.utils.BtcFormatTest" time="0.001"/>
  <testcase name="symbolCollisionTest[16]" classname="org.bitcoinj.utils.BtcFormatTest" time="0.01"/>
  <testcase name="equalityTest[16]" classname="org.bitcoinj.utils.BtcFormatTest" time="0.007"/>
  <testcase name="columnAlignmentTest[16]" classname="org.bitcoinj.utils.BtcFormatTest" time="0.0"/>
  <testcase name="factoryTest[16]" classname="org.bitcoinj.utils.BtcFormatTest" time="0.002"/>
  <testcase name="parse[16]" classname="org.bitcoinj.utils.BtcFormatTest" time="0.0"/>
  <testcase name="btcRounding[16]" classname="org.bitcoinj.utils.BtcFormatTest" time="0.004"/>
  <testcase name="negativeTest[16]" classname="org.bitcoinj.utils.BtcFormatTest" time="0.0">
    <skipped/>
  </testcase>
  <testcase name="millicoinScaleTest[16]" classname="org.bitcoinj.utils.BtcFormatTest" time="0.0"/>
  <testcase name="toStringTest[16]" classname="org.bitcoinj.utils.BtcFormatTest" time="0.0">
    <skipped/>
  </testcase>
  <testcase name="testGrouping[16]" classname="org.bitcoinj.utils.BtcFormatTest" time="0.001"/>
  <testcase name="symbolsCodesTest[16]" classname="org.bitcoinj.utils.BtcFormatTest" time="0.006"/>
  <testcase name="defaultLocaleTest[16]" classname="org.bitcoinj.utils.BtcFormatTest" time="0.0"/>
  <testcase name="parsePositionTest[16]" classname="org.bitcoinj.utils.BtcFormatTest" time="0.001"/>
  <testcase name="argumentTypeTest[16]" classname="org.bitcoinj.utils.BtcFormatTest" time="0.0">
    <skipped/>
  </testcase>
  <testcase name="characterIteratorTest[16]" classname="org.bitcoinj.utils.BtcFormatTest" time="0.001"/>
  <testcase name="repeatingPlaceTest[16]" classname="org.bitcoinj.utils.BtcFormatTest" time="0.001"/>
  <testcase name="currencyCodeTest[16]" classname="org.bitcoinj.utils.BtcFormatTest" time="0.0">
    <skipped/>
  </testcase>
  <testcase name="patternDecimalPlaces[16]" classname="org.bitcoinj.utils.BtcFormatTest" time="0.0"/>
  <testcase name="factoryArgumentsTest[17]" classname="org.bitcoinj.utils.BtcFormatTest" time="0.003"/>
  <testcase name="parseTest[17]" classname="org.bitcoinj.utils.BtcFormatTest" time="0.0">
    <skipped/>
  </testcase>
  <testcase name="microcoinScaleTest[17]" classname="org.bitcoinj.utils.BtcFormatTest" time="0.0"/>
  <testcase name="parseMetricTest[17]" classname="org.bitcoinj.utils.BtcFormatTest" time="0.003"/>
  <testcase name="coinScaleTest[17]" classname="org.bitcoinj.utils.BtcFormatTest" time="0.0"/>
  <testcase name="builderTest[17]" classname="org.bitcoinj.utils.BtcFormatTest" time="0.0">
    <skipped/>
  </testcase>
  <testcase name="attributeTest[17]" classname="org.bitcoinj.utils.BtcFormatTest" time="0.0">
    <skipped/>
  </testcase>
  <testcase name="prefixTest[17]" classname="org.bitcoinj.utils.BtcFormatTest" time="0.001"/>
  <testcase name="suffixTest[17]" classname="org.bitcoinj.utils.BtcFormatTest" time="0.0">
    <skipped/>
  </testcase>
  <testcase name="autoDecimalTest[17]" classname="org.bitcoinj.utils.BtcFormatTest" time="0.002"/>
  <testcase name="symbolCollisionTest[17]" classname="org.bitcoinj.utils.BtcFormatTest" time="0.006"/>
  <testcase name="equalityTest[17]" classname="org.bitcoinj.utils.BtcFormatTest" time="0.004"/>
  <testcase name="columnAlignmentTest[17]" classname="org.bitcoinj.utils.BtcFormatTest" time="0.001"/>
  <testcase name="factoryTest[17]" classname="org.bitcoinj.utils.BtcFormatTest" time="0.0"/>
  <testcase name="parse[17]" classname="org.bitcoinj.utils.BtcFormatTest" time="0.001"/>
  <testcase name="btcRounding[17]" classname="org.bitcoinj.utils.BtcFormatTest" time="0.004"/>
  <testcase name="negativeTest[17]" classname="org.bitcoinj.utils.BtcFormatTest" time="0.0">
    <skipped/>
  </testcase>
  <testcase name="millicoinScaleTest[17]" classname="org.bitcoinj.utils.BtcFormatTest" time="0.0"/>
  <testcase name="toStringTest[17]" classname="org.bitcoinj.utils.BtcFormatTest" time="0.0">
    <skipped/>
  </testcase>
  <testcase name="testGrouping[17]" classname="org.bitcoinj.utils.BtcFormatTest" time="0.001"/>
  <testcase name="symbolsCodesTest[17]" classname="org.bitcoinj.utils.BtcFormatTest" time="0.001"/>
  <testcase name="defaultLocaleTest[17]" classname="org.bitcoinj.utils.BtcFormatTest" time="0.001"/>
  <testcase name="parsePositionTest[17]" classname="org.bitcoinj.utils.BtcFormatTest" time="0.0"/>
  <testcase name="argumentTypeTest[17]" classname="org.bitcoinj.utils.BtcFormatTest" time="0.0">
    <skipped/>
  </testcase>
  <testcase name="characterIteratorTest[17]" classname="org.bitcoinj.utils.BtcFormatTest" time="0.001"/>
  <testcase name="repeatingPlaceTest[17]" classname="org.bitcoinj.utils.BtcFormatTest" time="0.0"/>
  <testcase name="currencyCodeTest[17]" classname="org.bitcoinj.utils.BtcFormatTest" time="0.0">
    <skipped/>
  </testcase>
  <testcase name="patternDecimalPlaces[17]" classname="org.bitcoinj.utils.BtcFormatTest" time="0.0"/>
  <testcase name="factoryArgumentsTest[18]" classname="org.bitcoinj.utils.BtcFormatTest" time="0.003"/>
  <testcase name="parseTest[18]" classname="org.bitcoinj.utils.BtcFormatTest" time="0.0">
    <skipped/>
  </testcase>
  <testcase name="microcoinScaleTest[18]" classname="org.bitcoinj.utils.BtcFormatTest" time="0.0"/>
  <testcase name="parseMetricTest[18]" classname="org.bitcoinj.utils.BtcFormatTest" time="0.003"/>
  <testcase name="coinScaleTest[18]" classname="org.bitcoinj.utils.BtcFormatTest" time="0.0"/>
  <testcase name="builderTest[18]" classname="org.bitcoinj.utils.BtcFormatTest" time="0.0">
    <skipped/>
  </testcase>
  <testcase name="attributeTest[18]" classname="org.bitcoinj.utils.BtcFormatTest" time="0.0">
    <skipped/>
  </testcase>
  <testcase name="prefixTest[18]" classname="org.bitcoinj.utils.BtcFormatTest" time="0.0"/>
  <testcase name="suffixTest[18]" classname="org.bitcoinj.utils.BtcFormatTest" time="0.0">
    <skipped/>
  </testcase>
  <testcase name="autoDecimalTest[18]" classname="org.bitcoinj.utils.BtcFormatTest" time="0.002"/>
  <testcase name="symbolCollisionTest[18]" classname="org.bitcoinj.utils.BtcFormatTest" time="0.005"/>
  <testcase name="equalityTest[18]" classname="org.bitcoinj.utils.BtcFormatTest" time="0.006"/>
  <testcase name="columnAlignmentTest[18]" classname="org.bitcoinj.utils.BtcFormatTest" time="0.001"/>
  <testcase name="factoryTest[18]" classname="org.bitcoinj.utils.BtcFormatTest" time="0.0"/>
  <testcase name="parse[18]" classname="org.bitcoinj.utils.BtcFormatTest" time="0.001"/>
  <testcase name="btcRounding[18]" classname="org.bitcoinj.utils.BtcFormatTest" time="0.003"/>
  <testcase name="negativeTest[18]" classname="org.bitcoinj.utils.BtcFormatTest" time="0.0">
    <skipped/>
  </testcase>
  <testcase name="millicoinScaleTest[18]" classname="org.bitcoinj.utils.BtcFormatTest" time="0.0"/>
  <testcase name="toStringTest[18]" classname="org.bitcoinj.utils.BtcFormatTest" time="0.0">
    <skipped/>
  </testcase>
  <testcase name="testGrouping[18]" classname="org.bitcoinj.utils.BtcFormatTest" time="0.0"/>
  <testcase name="symbolsCodesTest[18]" classname="org.bitcoinj.utils.BtcFormatTest" time="0.002"/>
  <testcase name="defaultLocaleTest[18]" classname="org.bitcoinj.utils.BtcFormatTest" time="0.0"/>
  <testcase name="parsePositionTest[18]" classname="org.bitcoinj.utils.BtcFormatTest" time="0.001"/>
  <testcase name="argumentTypeTest[18]" classname="org.bitcoinj.utils.BtcFormatTest" time="0.0">
    <skipped/>
  </testcase>
  <testcase name="characterIteratorTest[18]" classname="org.bitcoinj.utils.BtcFormatTest" time="0.001"/>
  <testcase name="repeatingPlaceTest[18]" classname="org.bitcoinj.utils.BtcFormatTest" time="0.001"/>
  <testcase name="currencyCodeTest[18]" classname="org.bitcoinj.utils.BtcFormatTest" time="0.0">
    <skipped/>
  </testcase>
  <testcase name="patternDecimalPlaces[18]" classname="org.bitcoinj.utils.BtcFormatTest" time="0.0"/>
  <testcase name="factoryArgumentsTest[19]" classname="org.bitcoinj.utils.BtcFormatTest" time="0.003"/>
  <testcase name="parseTest[19]" classname="org.bitcoinj.utils.BtcFormatTest" time="0.0">
    <skipped/>
  </testcase>
  <testcase name="microcoinScaleTest[19]" classname="org.bitcoinj.utils.BtcFormatTest" time="0.001"/>
  <testcase name="parseMetricTest[19]" classname="org.bitcoinj.utils.BtcFormatTest" time="0.001"/>
  <testcase name="coinScaleTest[19]" classname="org.bitcoinj.utils.BtcFormatTest" time="0.0"/>
  <testcase name="builderTest[19]" classname="org.bitcoinj.utils.BtcFormatTest" time="0.0">
    <skipped/>
  </testcase>
  <testcase name="attributeTest[19]" classname="org.bitcoinj.utils.BtcFormatTest" time="0.001">
    <skipped/>
  </testcase>
  <testcase name="prefixTest[19]" classname="org.bitcoinj.utils.BtcFormatTest" time="0.0"/>
  <testcase name="suffixTest[19]" classname="org.bitcoinj.utils.BtcFormatTest" time="0.0">
    <skipped/>
  </testcase>
  <testcase name="autoDecimalTest[19]" classname="org.bitcoinj.utils.BtcFormatTest" time="0.001"/>
  <testcase name="symbolCollisionTest[19]" classname="org.bitcoinj.utils.BtcFormatTest" time="0.007"/>
  <testcase name="equalityTest[19]" classname="org.bitcoinj.utils.BtcFormatTest" time="0.005"/>
  <testcase name="columnAlignmentTest[19]" classname="org.bitcoinj.utils.BtcFormatTest" time="0.001"/>
  <testcase name="factoryTest[19]" classname="org.bitcoinj.utils.BtcFormatTest" time="0.0"/>
  <testcase name="parse[19]" classname="org.bitcoinj.utils.BtcFormatTest" time="0.001"/>
  <testcase name="btcRounding[19]" classname="org.bitcoinj.utils.BtcFormatTest" time="0.002"/>
  <testcase name="negativeTest[19]" classname="org.bitcoinj.utils.BtcFormatTest" time="0.0">
    <skipped/>
  </testcase>
  <testcase name="millicoinScaleTest[19]" classname="org.bitcoinj.utils.BtcFormatTest" time="0.0"/>
  <testcase name="toStringTest[19]" classname="org.bitcoinj.utils.BtcFormatTest" time="0.0">
    <skipped/>
  </testcase>
  <testcase name="testGrouping[19]" classname="org.bitcoinj.utils.BtcFormatTest" time="0.001"/>
  <testcase name="symbolsCodesTest[19]" classname="org.bitcoinj.utils.BtcFormatTest" time="0.001"/>
  <testcase name="defaultLocaleTest[19]" classname="org.bitcoinj.utils.BtcFormatTest" time="0.0"/>
  <testcase name="parsePositionTest[19]" classname="org.bitcoinj.utils.BtcFormatTest" time="0.001"/>
  <testcase name="argumentTypeTest[19]" classname="org.bitcoinj.utils.BtcFormatTest" time="0.0">
    <skipped/>
  </testcase>
  <testcase name="characterIteratorTest[19]" classname="org.bitcoinj.utils.BtcFormatTest" time="0.001"/>
  <testcase name="repeatingPlaceTest[19]" classname="org.bitcoinj.utils.BtcFormatTest" time="0.001"/>
  <testcase name="currencyCodeTest[19]" classname="org.bitcoinj.utils.BtcFormatTest" time="0.0">
    <skipped/>
  </testcase>
  <testcase name="patternDecimalPlaces[19]" classname="org.bitcoinj.utils.BtcFormatTest" time="0.0"/>
  <testcase name="factoryArgumentsTest[20]" classname="org.bitcoinj.utils.BtcFormatTest" time="0.003"/>
  <testcase name="parseTest[20]" classname="org.bitcoinj.utils.BtcFormatTest" time="0.0">
    <skipped/>
  </testcase>
  <testcase name="microcoinScaleTest[20]" classname="org.bitcoinj.utils.BtcFormatTest" time="0.0"/>
  <testcase name="parseMetricTest[20]" classname="org.bitcoinj.utils.BtcFormatTest" time="0.003"/>
  <testcase name="coinScaleTest[20]" classname="org.bitcoinj.utils.BtcFormatTest" time="0.0"/>
  <testcase name="builderTest[20]" classname="org.bitcoinj.utils.BtcFormatTest" time="0.0">
    <skipped/>
  </testcase>
  <testcase name="attributeTest[20]" classname="org.bitcoinj.utils.BtcFormatTest" time="0.0">
    <skipped/>
  </testcase>
  <testcase name="prefixTest[20]" classname="org.bitcoinj.utils.BtcFormatTest" time="0.0"/>
  <testcase name="suffixTest[20]" classname="org.bitcoinj.utils.BtcFormatTest" time="0.0">
    <skipped/>
  </testcase>
  <testcase name="autoDecimalTest[20]" classname="org.bitcoinj.utils.BtcFormatTest" time="0.002"/>
  <testcase name="symbolCollisionTest[20]" classname="org.bitcoinj.utils.BtcFormatTest" time="0.005"/>
  <testcase name="equalityTest[20]" classname="org.bitcoinj.utils.BtcFormatTest" time="0.005"/>
  <testcase name="columnAlignmentTest[20]" classname="org.bitcoinj.utils.BtcFormatTest" time="0.001"/>
  <testcase name="factoryTest[20]" classname="org.bitcoinj.utils.BtcFormatTest" time="0.001"/>
  <testcase name="parse[20]" classname="org.bitcoinj.utils.BtcFormatTest" time="0.001"/>
  <testcase name="btcRounding[20]" classname="org.bitcoinj.utils.BtcFormatTest" time="0.003"/>
  <testcase name="negativeTest[20]" classname="org.bitcoinj.utils.BtcFormatTest" time="0.0">
    <skipped/>
  </testcase>
  <testcase name="millicoinScaleTest[20]" classname="org.bitcoinj.utils.BtcFormatTest" time="0.0"/>
  <testcase name="toStringTest[20]" classname="org.bitcoinj.utils.BtcFormatTest" time="0.0">
    <skipped/>
  </testcase>
  <testcase name="testGrouping[20]" classname="org.bitcoinj.utils.BtcFormatTest" time="0.0"/>
  <testcase name="symbolsCodesTest[20]" classname="org.bitcoinj.utils.BtcFormatTest" time="0.002"/>
  <testcase name="defaultLocaleTest[20]" classname="org.bitcoinj.utils.BtcFormatTest" time="0.0"/>
  <testcase name="parsePositionTest[20]" classname="org.bitcoinj.utils.BtcFormatTest" time="0.0"/>
  <testcase name="argumentTypeTest[20]" classname="org.bitcoinj.utils.BtcFormatTest" time="0.0">
    <skipped/>
  </testcase>
  <testcase name="characterIteratorTest[20]" classname="org.bitcoinj.utils.BtcFormatTest" time="0.001"/>
  <testcase name="repeatingPlaceTest[20]" classname="org.bitcoinj.utils.BtcFormatTest" time="0.001"/>
  <testcase name="currencyCodeTest[20]" classname="org.bitcoinj.utils.BtcFormatTest" time="0.0">
    <skipped/>
  </testcase>
  <testcase name="patternDecimalPlaces[20]" classname="org.bitcoinj.utils.BtcFormatTest" time="0.0"/>
  <testcase name="factoryArgumentsTest[21]" classname="org.bitcoinj.utils.BtcFormatTest" time="0.003"/>
  <testcase name="parseTest[21]" classname="org.bitcoinj.utils.BtcFormatTest" time="0.0">
    <skipped/>
  </testcase>
  <testcase name="microcoinScaleTest[21]" classname="org.bitcoinj.utils.BtcFormatTest" time="0.0"/>
  <testcase name="parseMetricTest[21]" classname="org.bitcoinj.utils.BtcFormatTest" time="0.003"/>
  <testcase name="coinScaleTest[21]" classname="org.bitcoinj.utils.BtcFormatTest" time="0.0"/>
  <testcase name="builderTest[21]" classname="org.bitcoinj.utils.BtcFormatTest" time="0.0">
    <skipped/>
  </testcase>
  <testcase name="attributeTest[21]" classname="org.bitcoinj.utils.BtcFormatTest" time="0.0">
    <skipped/>
  </testcase>
  <testcase name="prefixTest[21]" classname="org.bitcoinj.utils.BtcFormatTest" time="0.001"/>
  <testcase name="suffixTest[21]" classname="org.bitcoinj.utils.BtcFormatTest" time="0.0">
    <skipped/>
  </testcase>
  <testcase name="autoDecimalTest[21]" classname="org.bitcoinj.utils.BtcFormatTest" time="0.003"/>
  <testcase name="symbolCollisionTest[21]" classname="org.bitcoinj.utils.BtcFormatTest" time="0.007"/>
  <testcase name="equalityTest[21]" classname="org.bitcoinj.utils.BtcFormatTest" time="0.005"/>
  <testcase name="columnAlignmentTest[21]" classname="org.bitcoinj.utils.BtcFormatTest" time="0.001"/>
  <testcase name="factoryTest[21]" classname="org.bitcoinj.utils.BtcFormatTest" time="0.001"/>
  <testcase name="parse[21]" classname="org.bitcoinj.utils.BtcFormatTest" time="0.0"/>
  <testcase name="btcRounding[21]" classname="org.bitcoinj.utils.BtcFormatTest" time="0.003"/>
  <testcase name="negativeTest[21]" classname="org.bitcoinj.utils.BtcFormatTest" time="0.0">
    <skipped/>
  </testcase>
  <testcase name="millicoinScaleTest[21]" classname="org.bitcoinj.utils.BtcFormatTest" time="0.0"/>
  <testcase name="toStringTest[21]" classname="org.bitcoinj.utils.BtcFormatTest" time="0.001">
    <skipped/>
  </testcase>
  <testcase name="testGrouping[21]" classname="org.bitcoinj.utils.BtcFormatTest" time="0.001"/>
  <testcase name="symbolsCodesTest[21]" classname="org.bitcoinj.utils.BtcFormatTest" time="0.001"/>
  <testcase name="defaultLocaleTest[21]" classname="org.bitcoinj.utils.BtcFormatTest" time="0.0"/>
  <testcase name="parsePositionTest[21]" classname="org.bitcoinj.utils.BtcFormatTest" time="0.001"/>
  <testcase name="argumentTypeTest[21]" classname="org.bitcoinj.utils.BtcFormatTest" time="0.0">
    <skipped/>
  </testcase>
  <testcase name="characterIteratorTest[21]" classname="org.bitcoinj.utils.BtcFormatTest" time="0.001"/>
  <testcase name="repeatingPlaceTest[21]" classname="org.bitcoinj.utils.BtcFormatTest" time="0.001"/>
  <testcase name="currencyCodeTest[21]" classname="org.bitcoinj.utils.BtcFormatTest" time="0.0">
    <skipped/>
  </testcase>
  <testcase name="patternDecimalPlaces[21]" classname="org.bitcoinj.utils.BtcFormatTest" time="0.0"/>
  <testcase name="factoryArgumentsTest[22]" classname="org.bitcoinj.utils.BtcFormatTest" time="0.003"/>
  <testcase name="parseTest[22]" classname="org.bitcoinj.utils.BtcFormatTest" time="0.0">
    <skipped/>
  </testcase>
  <testcase name="microcoinScaleTest[22]" classname="org.bitcoinj.utils.BtcFormatTest" time="0.0"/>
  <testcase name="parseMetricTest[22]" classname="org.bitcoinj.utils.BtcFormatTest" time="0.003"/>
  <testcase name="coinScaleTest[22]" classname="org.bitcoinj.utils.BtcFormatTest" time="0.001"/>
  <testcase name="builderTest[22]" classname="org.bitcoinj.utils.BtcFormatTest" time="0.0">
    <skipped/>
  </testcase>
  <testcase name="attributeTest[22]" classname="org.bitcoinj.utils.BtcFormatTest" time="0.0">
    <skipped/>
  </testcase>
  <testcase name="prefixTest[22]" classname="org.bitcoinj.utils.BtcFormatTest" time="0.0"/>
  <testcase name="suffixTest[22]" classname="org.bitcoinj.utils.BtcFormatTest" time="0.0">
    <skipped/>
  </testcase>
  <testcase name="autoDecimalTest[22]" classname="org.bitcoinj.utils.BtcFormatTest" time="0.002"/>
  <testcase name="symbolCollisionTest[22]" classname="org.bitcoinj.utils.BtcFormatTest" time="0.007"/>
  <testcase name="equalityTest[22]" classname="org.bitcoinj.utils.BtcFormatTest" time="0.006"/>
  <testcase name="columnAlignmentTest[22]" classname="org.bitcoinj.utils.BtcFormatTest" time="0.0"/>
  <testcase name="factoryTest[22]" classname="org.bitcoinj.utils.BtcFormatTest" time="0.0"/>
  <testcase name="parse[22]" classname="org.bitcoinj.utils.BtcFormatTest" time="0.001"/>
  <testcase name="btcRounding[22]" classname="org.bitcoinj.utils.BtcFormatTest" time="0.003"/>
  <testcase name="negativeTest[22]" classname="org.bitcoinj.utils.BtcFormatTest" time="0.0">
    <skipped/>
  </testcase>
  <testcase name="millicoinScaleTest[22]" classname="org.bitcoinj.utils.BtcFormatTest" time="0.0"/>
  <testcase name="toStringTest[22]" classname="org.bitcoinj.utils.BtcFormatTest" time="0.0">
    <skipped/>
  </testcase>
  <testcase name="testGrouping[22]" classname="org.bitcoinj.utils.BtcFormatTest" time="0.001"/>
  <testcase name="symbolsCodesTest[22]" classname="org.bitcoinj.utils.BtcFormatTest" time="0.002"/>
  <testcase name="defaultLocaleTest[22]" classname="org.bitcoinj.utils.BtcFormatTest" time="0.001"/>
  <testcase name="parsePositionTest[22]" classname="org.bitcoinj.utils.BtcFormatTest" time="0.0"/>
  <testcase name="argumentTypeTest[22]" classname="org.bitcoinj.utils.BtcFormatTest" time="0.0">
    <skipped/>
  </testcase>
  <testcase name="characterIteratorTest[22]" classname="org.bitcoinj.utils.BtcFormatTest" time="0.001"/>
  <testcase name="repeatingPlaceTest[22]" classname="org.bitcoinj.utils.BtcFormatTest" time="0.0"/>
  <testcase name="currencyCodeTest[22]" classname="org.bitcoinj.utils.BtcFormatTest" time="0.0">
    <skipped/>
  </testcase>
  <testcase name="patternDecimalPlaces[22]" classname="org.bitcoinj.utils.BtcFormatTest" time="0.0"/>
  <testcase name="factoryArgumentsTest[23]" classname="org.bitcoinj.utils.BtcFormatTest" time="0.002"/>
  <testcase name="parseTest[23]" classname="org.bitcoinj.utils.BtcFormatTest" time="0.0">
    <skipped/>
  </testcase>
  <testcase name="microcoinScaleTest[23]" classname="org.bitcoinj.utils.BtcFormatTest" time="0.001"/>
  <testcase name="parseMetricTest[23]" classname="org.bitcoinj.utils.BtcFormatTest" time="0.002"/>
  <testcase name="coinScaleTest[23]" classname="org.bitcoinj.utils.BtcFormatTest" time="0.0"/>
  <testcase name="builderTest[23]" classname="org.bitcoinj.utils.BtcFormatTest" time="0.0">
    <skipped/>
  </testcase>
  <testcase name="attributeTest[23]" classname="org.bitcoinj.utils.BtcFormatTest" time="0.0">
    <skipped/>
  </testcase>
  <testcase name="prefixTest[23]" classname="org.bitcoinj.utils.BtcFormatTest" time="0.001"/>
  <testcase name="suffixTest[23]" classname="org.bitcoinj.utils.BtcFormatTest" time="0.0">
    <skipped/>
  </testcase>
  <testcase name="autoDecimalTest[23]" classname="org.bitcoinj.utils.BtcFormatTest" time="0.002"/>
  <testcase name="symbolCollisionTest[23]" classname="org.bitcoinj.utils.BtcFormatTest" time="0.009"/>
  <testcase name="equalityTest[23]" classname="org.bitcoinj.utils.BtcFormatTest" time="0.004"/>
  <testcase name="columnAlignmentTest[23]" classname="org.bitcoinj.utils.BtcFormatTest" time="0.0"/>
  <testcase name="factoryTest[23]" classname="org.bitcoinj.utils.BtcFormatTest" time="0.001"/>
  <testcase name="parse[23]" classname="org.bitcoinj.utils.BtcFormatTest" time="0.001"/>
  <testcase name="btcRounding[23]" classname="org.bitcoinj.utils.BtcFormatTest" time="0.003"/>
  <testcase name="negativeTest[23]" classname="org.bitcoinj.utils.BtcFormatTest" time="0.0">
    <skipped/>
  </testcase>
  <testcase name="millicoinScaleTest[23]" classname="org.bitcoinj.utils.BtcFormatTest" time="0.0"/>
  <testcase name="toStringTest[23]" classname="org.bitcoinj.utils.BtcFormatTest" time="0.0">
    <skipped/>
  </testcase>
  <testcase name="testGrouping[23]" classname="org.bitcoinj.utils.BtcFormatTest" time="0.0"/>
  <testcase name="symbolsCodesTest[23]" classname="org.bitcoinj.utils.BtcFormatTest" time="0.002"/>
  <testcase name="defaultLocaleTest[23]" classname="org.bitcoinj.utils.BtcFormatTest" time="0.001"/>
  <testcase name="parsePositionTest[23]" classname="org.bitcoinj.utils.BtcFormatTest" time="0.0"/>
  <testcase name="argumentTypeTest[23]" classname="org.bitcoinj.utils.BtcFormatTest" time="0.0">
    <skipped/>
  </testcase>
  <testcase name="characterIteratorTest[23]" classname="org.bitcoinj.utils.BtcFormatTest" time="0.001"/>
  <testcase name="repeatingPlaceTest[23]" classname="org.bitcoinj.utils.BtcFormatTest" time="0.001"/>
  <testcase name="currencyCodeTest[23]" classname="org.bitcoinj.utils.BtcFormatTest" time="0.0">
    <skipped/>
  </testcase>
  <testcase name="patternDecimalPlaces[23]" classname="org.bitcoinj.utils.BtcFormatTest" time="0.0"/>
  <testcase name="factoryArgumentsTest[24]" classname="org.bitcoinj.utils.BtcFormatTest" time="0.003"/>
  <testcase name="parseTest[24]" classname="org.bitcoinj.utils.BtcFormatTest" time="0.0">
    <skipped/>
  </testcase>
  <testcase name="microcoinScaleTest[24]" classname="org.bitcoinj.utils.BtcFormatTest" time="0.0"/>
  <testcase name="parseMetricTest[24]" classname="org.bitcoinj.utils.BtcFormatTest" time="0.003"/>
  <testcase name="coinScaleTest[24]" classname="org.bitcoinj.utils.BtcFormatTest" time="0.0"/>
  <testcase name="builderTest[24]" classname="org.bitcoinj.utils.BtcFormatTest" time="0.0">
    <skipped/>
  </testcase>
  <testcase name="attributeTest[24]" classname="org.bitcoinj.utils.BtcFormatTest" time="0.0">
    <skipped/>
  </testcase>
  <testcase name="prefixTest[24]" classname="org.bitcoinj.utils.BtcFormatTest" time="0.001"/>
  <testcase name="suffixTest[24]" classname="org.bitcoinj.utils.BtcFormatTest" time="0.0">
    <skipped/>
  </testcase>
  <testcase name="autoDecimalTest[24]" classname="org.bitcoinj.utils.BtcFormatTest" time="0.002"/>
  <testcase name="symbolCollisionTest[24]" classname="org.bitcoinj.utils.BtcFormatTest" time="0.007"/>
  <testcase name="equalityTest[24]" classname="org.bitcoinj.utils.BtcFormatTest" time="0.011"/>
  <testcase name="columnAlignmentTest[24]" classname="org.bitcoinj.utils.BtcFormatTest" time="0.001"/>
  <testcase name="factoryTest[24]" classname="org.bitcoinj.utils.BtcFormatTest" time="0.001"/>
  <testcase name="parse[24]" classname="org.bitcoinj.utils.BtcFormatTest" time="0.001"/>
  <testcase name="btcRounding[24]" classname="org.bitcoinj.utils.BtcFormatTest" time="0.004"/>
  <testcase name="negativeTest[24]" classname="org.bitcoinj.utils.BtcFormatTest" time="0.0">
    <skipped/>
  </testcase>
  <testcase name="millicoinScaleTest[24]" classname="org.bitcoinj.utils.BtcFormatTest" time="0.0"/>
  <testcase name="toStringTest[24]" classname="org.bitcoinj.utils.BtcFormatTest" time="0.0">
    <skipped/>
  </testcase>
  <testcase name="testGrouping[24]" classname="org.bitcoinj.utils.BtcFormatTest" time="0.0"/>
  <testcase name="symbolsCodesTest[24]" classname="org.bitcoinj.utils.BtcFormatTest" time="0.002"/>
  <testcase name="defaultLocaleTest[24]" classname="org.bitcoinj.utils.BtcFormatTest" time="0.001"/>
  <testcase name="parsePositionTest[24]" classname="org.bitcoinj.utils.BtcFormatTest" time="0.0"/>
  <testcase name="argumentTypeTest[24]" classname="org.bitcoinj.utils.BtcFormatTest" time="0.0">
    <skipped/>
  </testcase>
  <testcase name="characterIteratorTest[24]" classname="org.bitcoinj.utils.BtcFormatTest" time="0.001"/>
  <testcase name="repeatingPlaceTest[24]" classname="org.bitcoinj.utils.BtcFormatTest" time="0.001"/>
  <testcase name="currencyCodeTest[24]" classname="org.bitcoinj.utils.BtcFormatTest" time="0.0">
    <skipped/>
  </testcase>
  <testcase name="patternDecimalPlaces[24]" classname="org.bitcoinj.utils.BtcFormatTest" time="0.0"/>
  <testcase name="factoryArgumentsTest[25]" classname="org.bitcoinj.utils.BtcFormatTest" time="0.003"/>
  <testcase name="parseTest[25]" classname="org.bitcoinj.utils.BtcFormatTest" time="0.0">
    <skipped/>
  </testcase>
  <testcase name="microcoinScaleTest[25]" classname="org.bitcoinj.utils.BtcFormatTest" time="0.0"/>
  <testcase name="parseMetricTest[25]" classname="org.bitcoinj.utils.BtcFormatTest" time="0.002"/>
  <testcase name="coinScaleTest[25]" classname="org.bitcoinj.utils.BtcFormatTest" time="0.0"/>
  <testcase name="builderTest[25]" classname="org.bitcoinj.utils.BtcFormatTest" time="0.0">
    <skipped/>
  </testcase>
  <testcase name="attributeTest[25]" classname="org.bitcoinj.utils.BtcFormatTest" time="0.0">
    <skipped/>
  </testcase>
  <testcase name="prefixTest[25]" classname="org.bitcoinj.utils.BtcFormatTest" time="0.001"/>
  <testcase name="suffixTest[25]" classname="org.bitcoinj.utils.BtcFormatTest" time="0.0">
    <skipped/>
  </testcase>
  <testcase name="autoDecimalTest[25]" classname="org.bitcoinj.utils.BtcFormatTest" time="0.002"/>
  <testcase name="symbolCollisionTest[25]" classname="org.bitcoinj.utils.BtcFormatTest" time="0.007"/>
  <testcase name="equalityTest[25]" classname="org.bitcoinj.utils.BtcFormatTest" time="0.006"/>
  <testcase name="columnAlignmentTest[25]" classname="org.bitcoinj.utils.BtcFormatTest" time="0.0"/>
  <testcase name="factoryTest[25]" classname="org.bitcoinj.utils.BtcFormatTest" time="0.001"/>
  <testcase name="parse[25]" classname="org.bitcoinj.utils.BtcFormatTest" time="0.001"/>
  <testcase name="btcRounding[25]" classname="org.bitcoinj.utils.BtcFormatTest" time="0.007"/>
  <testcase name="negativeTest[25]" classname="org.bitcoinj.utils.BtcFormatTest" time="0.0">
    <skipped/>
  </testcase>
  <testcase name="millicoinScaleTest[25]" classname="org.bitcoinj.utils.BtcFormatTest" time="0.0"/>
  <testcase name="toStringTest[25]" classname="org.bitcoinj.utils.BtcFormatTest" time="0.0">
    <skipped/>
  </testcase>
  <testcase name="testGrouping[25]" classname="org.bitcoinj.utils.BtcFormatTest" time="0.0"/>
  <testcase name="symbolsCodesTest[25]" classname="org.bitcoinj.utils.BtcFormatTest" time="0.003"/>
  <testcase name="defaultLocaleTest[25]" classname="org.bitcoinj.utils.BtcFormatTest" time="0.0"/>
  <testcase name="parsePositionTest[25]" classname="org.bitcoinj.utils.BtcFormatTest" time="0.001"/>
  <testcase name="argumentTypeTest[25]" classname="org.bitcoinj.utils.BtcFormatTest" time="0.0">
    <skipped/>
  </testcase>
  <testcase name="characterIteratorTest[25]" classname="org.bitcoinj.utils.BtcFormatTest" time="0.0"/>
  <testcase name="repeatingPlaceTest[25]" classname="org.bitcoinj.utils.BtcFormatTest" time="0.0"/>
  <testcase name="currencyCodeTest[25]" classname="org.bitcoinj.utils.BtcFormatTest" time="0.0">
    <skipped/>
  </testcase>
  <testcase name="patternDecimalPlaces[25]" classname="org.bitcoinj.utils.BtcFormatTest" time="0.0"/>
  <testcase name="factoryArgumentsTest[26]" classname="org.bitcoinj.utils.BtcFormatTest" time="0.003"/>
  <testcase name="parseTest[26]" classname="org.bitcoinj.utils.BtcFormatTest" time="0.0">
    <skipped/>
  </testcase>
  <testcase name="microcoinScaleTest[26]" classname="org.bitcoinj.utils.BtcFormatTest" time="0.0"/>
  <testcase name="parseMetricTest[26]" classname="org.bitcoinj.utils.BtcFormatTest" time="0.003"/>
  <testcase name="coinScaleTest[26]" classname="org.bitcoinj.utils.BtcFormatTest" time="0.0"/>
  <testcase name="builderTest[26]" classname="org.bitcoinj.utils.BtcFormatTest" time="0.0">
    <skipped/>
  </testcase>
  <testcase name="attributeTest[26]" classname="org.bitcoinj.utils.BtcFormatTest" time="0.0">
    <skipped/>
  </testcase>
  <testcase name="prefixTest[26]" classname="org.bitcoinj.utils.BtcFormatTest" time="0.0"/>
  <testcase name="suffixTest[26]" classname="org.bitcoinj.utils.BtcFormatTest" time="0.0">
    <skipped/>
  </testcase>
  <testcase name="autoDecimalTest[26]" classname="org.bitcoinj.utils.BtcFormatTest" time="0.002"/>
  <testcase name="symbolCollisionTest[26]" classname="org.bitcoinj.utils.BtcFormatTest" time="0.022"/>
  <testcase name="equalityTest[26]" classname="org.bitcoinj.utils.BtcFormatTest" time="0.008"/>
  <testcase name="columnAlignmentTest[26]" classname="org.bitcoinj.utils.BtcFormatTest" time="0.001"/>
  <testcase name="factoryTest[26]" classname="org.bitcoinj.utils.BtcFormatTest" time="0.001"/>
  <testcase name="parse[26]" classname="org.bitcoinj.utils.BtcFormatTest" time="0.001"/>
  <testcase name="btcRounding[26]" classname="org.bitcoinj.utils.BtcFormatTest" time="0.004"/>
  <testcase name="negativeTest[26]" classname="org.bitcoinj.utils.BtcFormatTest" time="0.0">
    <skipped/>
  </testcase>
  <testcase name="millicoinScaleTest[26]" classname="org.bitcoinj.utils.BtcFormatTest" time="0.0"/>
  <testcase name="toStringTest[26]" classname="org.bitcoinj.utils.BtcFormatTest" time="0.0">
    <skipped/>
  </testcase>
  <testcase name="testGrouping[26]" classname="org.bitcoinj.utils.BtcFormatTest" time="0.001"/>
  <testcase name="symbolsCodesTest[26]" classname="org.bitcoinj.utils.BtcFormatTest" time="0.002"/>
  <testcase name="defaultLocaleTest[26]" classname="org.bitcoinj.utils.BtcFormatTest" time="0.001"/>
  <testcase name="parsePositionTest[26]" classname="org.bitcoinj.utils.BtcFormatTest" time="0.0"/>
  <testcase name="argumentTypeTest[26]" classname="org.bitcoinj.utils.BtcFormatTest" time="0.0">
    <skipped/>
  </testcase>
  <testcase name="characterIteratorTest[26]" classname="org.bitcoinj.utils.BtcFormatTest" time="0.001"/>
  <testcase name="repeatingPlaceTest[26]" classname="org.bitcoinj.utils.BtcFormatTest" time="0.001"/>
  <testcase name="currencyCodeTest[26]" classname="org.bitcoinj.utils.BtcFormatTest" time="0.0">
    <skipped/>
  </testcase>
  <testcase name="patternDecimalPlaces[26]" classname="org.bitcoinj.utils.BtcFormatTest" time="0.0"/>
  <testcase name="factoryArgumentsTest[27]" classname="org.bitcoinj.utils.BtcFormatTest" time="0.002"/>
  <testcase name="parseTest[27]" classname="org.bitcoinj.utils.BtcFormatTest" time="0.0">
    <skipped/>
  </testcase>
  <testcase name="microcoinScaleTest[27]" classname="org.bitcoinj.utils.BtcFormatTest" time="0.001"/>
  <testcase name="parseMetricTest[27]" classname="org.bitcoinj.utils.BtcFormatTest" time="0.002"/>
  <testcase name="coinScaleTest[27]" classname="org.bitcoinj.utils.BtcFormatTest" time="0.0"/>
  <testcase name="builderTest[27]" classname="org.bitcoinj.utils.BtcFormatTest" time="0.0">
    <skipped/>
  </testcase>
  <testcase name="attributeTest[27]" classname="org.bitcoinj.utils.BtcFormatTest" time="0.0">
    <skipped/>
  </testcase>
  <testcase name="prefixTest[27]" classname="org.bitcoinj.utils.BtcFormatTest" time="0.001"/>
  <testcase name="suffixTest[27]" classname="org.bitcoinj.utils.BtcFormatTest" time="0.0">
    <skipped/>
  </testcase>
  <testcase name="autoDecimalTest[27]" classname="org.bitcoinj.utils.BtcFormatTest" time="0.002"/>
  <testcase name="symbolCollisionTest[27]" classname="org.bitcoinj.utils.BtcFormatTest" time="0.008"/>
  <testcase name="equalityTest[27]" classname="org.bitcoinj.utils.BtcFormatTest" time="0.004"/>
  <testcase name="columnAlignmentTest[27]" classname="org.bitcoinj.utils.BtcFormatTest" time="0.0"/>
  <testcase name="factoryTest[27]" classname="org.bitcoinj.utils.BtcFormatTest" time="0.001"/>
  <testcase name="parse[27]" classname="org.bitcoinj.utils.BtcFormatTest" time="0.0"/>
  <testcase name="btcRounding[27]" classname="org.bitcoinj.utils.BtcFormatTest" time="0.005"/>
  <testcase name="negativeTest[27]" classname="org.bitcoinj.utils.BtcFormatTest" time="0.0">
    <skipped/>
  </testcase>
  <testcase name="millicoinScaleTest[27]" classname="org.bitcoinj.utils.BtcFormatTest" time="0.0"/>
  <testcase name="toStringTest[27]" classname="org.bitcoinj.utils.BtcFormatTest" time="0.0">
    <skipped/>
  </testcase>
  <testcase name="testGrouping[27]" classname="org.bitcoinj.utils.BtcFormatTest" time="0.001"/>
  <testcase name="symbolsCodesTest[27]" classname="org.bitcoinj.utils.BtcFormatTest" time="0.002"/>
  <testcase name="defaultLocaleTest[27]" classname="org.bitcoinj.utils.BtcFormatTest" time="0.0"/>
  <testcase name="parsePositionTest[27]" classname="org.bitcoinj.utils.BtcFormatTest" time="0.001"/>
  <testcase name="argumentTypeTest[27]" classname="org.bitcoinj.utils.BtcFormatTest" time="0.0">
    <skipped/>
  </testcase>
  <testcase name="characterIteratorTest[27]" classname="org.bitcoinj.utils.BtcFormatTest" time="0.001"/>
  <testcase name="repeatingPlaceTest[27]" classname="org.bitcoinj.utils.BtcFormatTest" time="0.0"/>
  <testcase name="currencyCodeTest[27]" classname="org.bitcoinj.utils.BtcFormatTest" time="0.001">
    <skipped/>
  </testcase>
  <testcase name="patternDecimalPlaces[27]" classname="org.bitcoinj.utils.BtcFormatTest" time="0.0"/>
  <testcase name="factoryArgumentsTest[28]" classname="org.bitcoinj.utils.BtcFormatTest" time="0.002"/>
  <testcase name="parseTest[28]" classname="org.bitcoinj.utils.BtcFormatTest" time="0.0">
    <skipped/>
  </testcase>
  <testcase name="microcoinScaleTest[28]" classname="org.bitcoinj.utils.BtcFormatTest" time="0.0"/>
  <testcase name="parseMetricTest[28]" classname="org.bitcoinj.utils.BtcFormatTest" time="0.002"/>
  <testcase name="coinScaleTest[28]" classname="org.bitcoinj.utils.BtcFormatTest" time="0.001"/>
  <testcase name="builderTest[28]" classname="org.bitcoinj.utils.BtcFormatTest" time="0.001">
    <skipped/>
  </testcase>
  <testcase name="attributeTest[28]" classname="org.bitcoinj.utils.BtcFormatTest" time="0.0">
    <skipped/>
  </testcase>
  <testcase name="prefixTest[28]" classname="org.bitcoinj.utils.BtcFormatTest" time="0.0"/>
  <testcase name="suffixTest[28]" classname="org.bitcoinj.utils.BtcFormatTest" time="0.0">
    <skipped/>
  </testcase>
  <testcase name="autoDecimalTest[28]" classname="org.bitcoinj.utils.BtcFormatTest" time="0.01"/>
  <testcase name="symbolCollisionTest[28]" classname="org.bitcoinj.utils.BtcFormatTest" time="0.016"/>
  <testcase name="equalityTest[28]" classname="org.bitcoinj.utils.BtcFormatTest" time="0.006"/>
  <testcase name="columnAlignmentTest[28]" classname="org.bitcoinj.utils.BtcFormatTest" time="0.001"/>
  <testcase name="factoryTest[28]" classname="org.bitcoinj.utils.BtcFormatTest" time="0.0"/>
  <testcase name="parse[28]" classname="org.bitcoinj.utils.BtcFormatTest" time="0.0"/>
  <testcase name="btcRounding[28]" classname="org.bitcoinj.utils.BtcFormatTest" time="0.003"/>
  <testcase name="negativeTest[28]" classname="org.bitcoinj.utils.BtcFormatTest" time="0.0">
    <skipped/>
  </testcase>
  <testcase name="millicoinScaleTest[28]" classname="org.bitcoinj.utils.BtcFormatTest" time="0.0"/>
  <testcase name="toStringTest[28]" classname="org.bitcoinj.utils.BtcFormatTest" time="0.0">
    <skipped/>
  </testcase>
  <testcase name="testGrouping[28]" classname="org.bitcoinj.utils.BtcFormatTest" time="0.001"/>
  <testcase name="symbolsCodesTest[28]" classname="org.bitcoinj.utils.BtcFormatTest" time="0.001"/>
  <testcase name="defaultLocaleTest[28]" classname="org.bitcoinj.utils.BtcFormatTest" time="0.002"/>
  <testcase name="parsePositionTest[28]" classname="org.bitcoinj.utils.BtcFormatTest" time="0.003"/>
  <testcase name="argumentTypeTest[28]" classname="org.bitcoinj.utils.BtcFormatTest" time="0.0">
    <skipped/>
  </testcase>
  <testcase name="characterIteratorTest[28]" classname="org.bitcoinj.utils.BtcFormatTest" time="0.001"/>
  <testcase name="repeatingPlaceTest[28]" classname="org.bitcoinj.utils.BtcFormatTest" time="0.0"/>
  <testcase name="currencyCodeTest[28]" classname="org.bitcoinj.utils.BtcFormatTest" time="0.0">
    <skipped/>
  </testcase>
  <testcase name="patternDecimalPlaces[28]" classname="org.bitcoinj.utils.BtcFormatTest" time="0.0"/>
  <testcase name="factoryArgumentsTest[29]" classname="org.bitcoinj.utils.BtcFormatTest" time="0.002"/>
  <testcase name="parseTest[29]" classname="org.bitcoinj.utils.BtcFormatTest" time="0.0">
    <skipped/>
  </testcase>
  <testcase name="microcoinScaleTest[29]" classname="org.bitcoinj.utils.BtcFormatTest" time="0.0"/>
  <testcase name="parseMetricTest[29]" classname="org.bitcoinj.utils.BtcFormatTest" time="0.003"/>
  <testcase name="coinScaleTest[29]" classname="org.bitcoinj.utils.BtcFormatTest" time="0.001"/>
  <testcase name="builderTest[29]" classname="org.bitcoinj.utils.BtcFormatTest" time="0.0">
    <skipped/>
  </testcase>
  <testcase name="attributeTest[29]" classname="org.bitcoinj.utils.BtcFormatTest" time="0.0">
    <skipped/>
  </testcase>
  <testcase name="prefixTest[29]" classname="org.bitcoinj.utils.BtcFormatTest" time="0.001"/>
  <testcase name="suffixTest[29]" classname="org.bitcoinj.utils.BtcFormatTest" time="0.0">
    <skipped/>
  </testcase>
  <testcase name="autoDecimalTest[29]" classname="org.bitcoinj.utils.BtcFormatTest" time="0.007"/>
  <testcase name="symbolCollisionTest[29]" classname="org.bitcoinj.utils.BtcFormatTest" time="0.006"/>
  <testcase name="equalityTest[29]" classname="org.bitcoinj.utils.BtcFormatTest" time="0.004"/>
  <testcase name="columnAlignmentTest[29]" classname="org.bitcoinj.utils.BtcFormatTest" time="0.001"/>
  <testcase name="factoryTest[29]" classname="org.bitcoinj.utils.BtcFormatTest" time="0.001"/>
  <testcase name="parse[29]" classname="org.bitcoinj.utils.BtcFormatTest" time="0.0"/>
  <testcase name="btcRounding[29]" classname="org.bitcoinj.utils.BtcFormatTest" time="0.003"/>
  <testcase name="negativeTest[29]" classname="org.bitcoinj.utils.BtcFormatTest" time="0.0">
    <skipped/>
  </testcase>
  <testcase name="millicoinScaleTest[29]" classname="org.bitcoinj.utils.BtcFormatTest" time="0.0"/>
  <testcase name="toStringTest[29]" classname="org.bitcoinj.utils.BtcFormatTest" time="0.0">
    <skipped/>
  </testcase>
  <testcase name="testGrouping[29]" classname="org.bitcoinj.utils.BtcFormatTest" time="0.001"/>
  <testcase name="symbolsCodesTest[29]" classname="org.bitcoinj.utils.BtcFormatTest" time="0.005"/>
  <testcase name="defaultLocaleTest[29]" classname="org.bitcoinj.utils.BtcFormatTest" time="0.0"/>
  <testcase name="parsePositionTest[29]" classname="org.bitcoinj.utils.BtcFormatTest" time="0.001"/>
  <testcase name="argumentTypeTest[29]" classname="org.bitcoinj.utils.BtcFormatTest" time="0.0">
    <skipped/>
  </testcase>
  <testcase name="characterIteratorTest[29]" classname="org.bitcoinj.utils.BtcFormatTest" time="0.001"/>
  <testcase name="repeatingPlaceTest[29]" classname="org.bitcoinj.utils.BtcFormatTest" time="0.0"/>
  <testcase name="currencyCodeTest[29]" classname="org.bitcoinj.utils.BtcFormatTest" time="0.0">
    <skipped/>
  </testcase>
  <testcase name="patternDecimalPlaces[29]" classname="org.bitcoinj.utils.BtcFormatTest" time="0.0"/>
  <testcase name="factoryArgumentsTest[30]" classname="org.bitcoinj.utils.BtcFormatTest" time="0.004"/>
  <testcase name="parseTest[30]" classname="org.bitcoinj.utils.BtcFormatTest" time="0.0">
    <skipped/>
  </testcase>
  <testcase name="microcoinScaleTest[30]" classname="org.bitcoinj.utils.BtcFormatTest" time="0.0"/>
  <testcase name="parseMetricTest[30]" classname="org.bitcoinj.utils.BtcFormatTest" time="0.003"/>
  <testcase name="coinScaleTest[30]" classname="org.bitcoinj.utils.BtcFormatTest" time="0.0"/>
  <testcase name="builderTest[30]" classname="org.bitcoinj.utils.BtcFormatTest" time="0.0">
    <skipped/>
  </testcase>
  <testcase name="attributeTest[30]" classname="org.bitcoinj.utils.BtcFormatTest" time="0.0">
    <skipped/>
  </testcase>
  <testcase name="prefixTest[30]" classname="org.bitcoinj.utils.BtcFormatTest" time="0.004"/>
  <testcase name="suffixTest[30]" classname="org.bitcoinj.utils.BtcFormatTest" time="0.0">
    <skipped/>
  </testcase>
  <testcase name="autoDecimalTest[30]" classname="org.bitcoinj.utils.BtcFormatTest" time="0.002"/>
  <testcase name="symbolCollisionTest[30]" classname="org.bitcoinj.utils.BtcFormatTest" time="0.005"/>
  <testcase name="equalityTest[30]" classname="org.bitcoinj.utils.BtcFormatTest" time="0.015"/>
  <testcase name="columnAlignmentTest[30]" classname="org.bitcoinj.utils.BtcFormatTest" time="0.0"/>
  <testcase name="factoryTest[30]" classname="org.bitcoinj.utils.BtcFormatTest" time="0.001"/>
  <testcase name="parse[30]" classname="org.bitcoinj.utils.BtcFormatTest" time="0.0"/>
  <testcase name="btcRounding[30]" classname="org.bitcoinj.utils.BtcFormatTest" time="0.003"/>
  <testcase name="negativeTest[30]" classname="org.bitcoinj.utils.BtcFormatTest" time="0.0">
    <skipped/>
  </testcase>
  <testcase name="millicoinScaleTest[30]" classname="org.bitcoinj.utils.BtcFormatTest" time="0.007"/>
  <testcase name="toStringTest[30]" classname="org.bitcoinj.utils.BtcFormatTest" time="0.0">
    <skipped/>
  </testcase>
  <testcase name="testGrouping[30]" classname="org.bitcoinj.utils.BtcFormatTest" time="0.001"/>
  <testcase name="symbolsCodesTest[30]" classname="org.bitcoinj.utils.BtcFormatTest" time="0.001"/>
  <testcase name="defaultLocaleTest[30]" classname="org.bitcoinj.utils.BtcFormatTest" time="0.001"/>
  <testcase name="parsePositionTest[30]" classname="org.bitcoinj.utils.BtcFormatTest" time="0.003"/>
  <testcase name="argumentTypeTest[30]" classname="org.bitcoinj.utils.BtcFormatTest" time="0.0">
    <skipped/>
  </testcase>
  <testcase name="characterIteratorTest[30]" classname="org.bitcoinj.utils.BtcFormatTest" time="0.005"/>
  <testcase name="repeatingPlaceTest[30]" classname="org.bitcoinj.utils.BtcFormatTest" time="0.001"/>
  <testcase name="currencyCodeTest[30]" classname="org.bitcoinj.utils.BtcFormatTest" time="0.0">
    <skipped/>
  </testcase>
  <testcase name="patternDecimalPlaces[30]" classname="org.bitcoinj.utils.BtcFormatTest" time="0.001"/>
  <testcase name="factoryArgumentsTest[31]" classname="org.bitcoinj.utils.BtcFormatTest" time="0.002"/>
  <testcase name="parseTest[31]" classname="org.bitcoinj.utils.BtcFormatTest" time="0.0">
    <skipped/>
  </testcase>
  <testcase name="microcoinScaleTest[31]" classname="org.bitcoinj.utils.BtcFormatTest" time="0.0"/>
  <testcase name="parseMetricTest[31]" classname="org.bitcoinj.utils.BtcFormatTest" time="0.003"/>
  <testcase name="coinScaleTest[31]" classname="org.bitcoinj.utils.BtcFormatTest" time="0.001"/>
  <testcase name="builderTest[31]" classname="org.bitcoinj.utils.BtcFormatTest" time="0.0">
    <skipped/>
  </testcase>
  <testcase name="attributeTest[31]" classname="org.bitcoinj.utils.BtcFormatTest" time="0.0">
    <skipped/>
  </testcase>
  <testcase name="prefixTest[31]" classname="org.bitcoinj.utils.BtcFormatTest" time="0.0"/>
  <testcase name="suffixTest[31]" classname="org.bitcoinj.utils.BtcFormatTest" time="0.0">
    <skipped/>
  </testcase>
  <testcase name="autoDecimalTest[31]" classname="org.bitcoinj.utils.BtcFormatTest" time="0.003"/>
  <testcase name="symbolCollisionTest[31]" classname="org.bitcoinj.utils.BtcFormatTest" time="0.006"/>
  <testcase name="equalityTest[31]" classname="org.bitcoinj.utils.BtcFormatTest" time="0.004"/>
  <testcase name="columnAlignmentTest[31]" classname="org.bitcoinj.utils.BtcFormatTest" time="0.0"/>
  <testcase name="factoryTest[31]" classname="org.bitcoinj.utils.BtcFormatTest" time="0.001"/>
  <testcase name="parse[31]" classname="org.bitcoinj.utils.BtcFormatTest" time="0.0"/>
  <testcase name="btcRounding[31]" classname="org.bitcoinj.utils.BtcFormatTest" time="0.004"/>
  <testcase name="negativeTest[31]" classname="org.bitcoinj.utils.BtcFormatTest" time="0.0">
    <skipped/>
  </testcase>
  <testcase name="millicoinScaleTest[31]" classname="org.bitcoinj.utils.BtcFormatTest" time="0.001"/>
  <testcase name="toStringTest[31]" classname="org.bitcoinj.utils.BtcFormatTest" time="0.0">
    <skipped/>
  </testcase>
  <testcase name="testGrouping[31]" classname="org.bitcoinj.utils.BtcFormatTest" time="0.001"/>
  <testcase name="symbolsCodesTest[31]" classname="org.bitcoinj.utils.BtcFormatTest" time="0.001"/>
  <testcase name="defaultLocaleTest[31]" classname="org.bitcoinj.utils.BtcFormatTest" time="0.001"/>
  <testcase name="parsePositionTest[31]" classname="org.bitcoinj.utils.BtcFormatTest" time="0.001"/>
  <testcase name="argumentTypeTest[31]" classname="org.bitcoinj.utils.BtcFormatTest" time="0.0">
    <skipped/>
  </testcase>
  <testcase name="characterIteratorTest[31]" classname="org.bitcoinj.utils.BtcFormatTest" time="0.001"/>
  <testcase name="repeatingPlaceTest[31]" classname="org.bitcoinj.utils.BtcFormatTest" time="0.001"/>
  <testcase name="currencyCodeTest[31]" classname="org.bitcoinj.utils.BtcFormatTest" time="0.0">
    <skipped/>
  </testcase>
  <testcase name="patternDecimalPlaces[31]" classname="org.bitcoinj.utils.BtcFormatTest" time="0.0"/>
  <testcase name="factoryArgumentsTest[32]" classname="org.bitcoinj.utils.BtcFormatTest" time="0.002"/>
  <testcase name="parseTest[32]" classname="org.bitcoinj.utils.BtcFormatTest" time="0.0">
    <skipped/>
  </testcase>
  <testcase name="microcoinScaleTest[32]" classname="org.bitcoinj.utils.BtcFormatTest" time="0.0"/>
  <testcase name="parseMetricTest[32]" classname="org.bitcoinj.utils.BtcFormatTest" time="0.002"/>
  <testcase name="coinScaleTest[32]" classname="org.bitcoinj.utils.BtcFormatTest" time="0.0"/>
  <testcase name="builderTest[32]" classname="org.bitcoinj.utils.BtcFormatTest" time="0.0">
    <skipped/>
  </testcase>
  <testcase name="attributeTest[32]" classname="org.bitcoinj.utils.BtcFormatTest" time="0.0">
    <skipped/>
  </testcase>
  <testcase name="prefixTest[32]" classname="org.bitcoinj.utils.BtcFormatTest" time="0.001"/>
  <testcase name="suffixTest[32]" classname="org.bitcoinj.utils.BtcFormatTest" time="0.0">
    <skipped/>
  </testcase>
  <testcase name="autoDecimalTest[32]" classname="org.bitcoinj.utils.BtcFormatTest" time="0.002"/>
  <testcase name="symbolCollisionTest[32]" classname="org.bitcoinj.utils.BtcFormatTest" time="0.029"/>
  <testcase name="equalityTest[32]" classname="org.bitcoinj.utils.BtcFormatTest" time="0.004"/>
  <testcase name="columnAlignmentTest[32]" classname="org.bitcoinj.utils.BtcFormatTest" time="0.001"/>
  <testcase name="factoryTest[32]" classname="org.bitcoinj.utils.BtcFormatTest" time="0.001"/>
  <testcase name="parse[32]" classname="org.bitcoinj.utils.BtcFormatTest" time="0.0"/>
  <testcase name="btcRounding[32]" classname="org.bitcoinj.utils.BtcFormatTest" time="0.011"/>
  <testcase name="negativeTest[32]" classname="org.bitcoinj.utils.BtcFormatTest" time="0.0">
    <skipped/>
  </testcase>
  <testcase name="millicoinScaleTest[32]" classname="org.bitcoinj.utils.BtcFormatTest" time="0.0"/>
  <testcase name="toStringTest[32]" classname="org.bitcoinj.utils.BtcFormatTest" time="0.0">
    <skipped/>
  </testcase>
  <testcase name="testGrouping[32]" classname="org.bitcoinj.utils.BtcFormatTest" time="0.001"/>
  <testcase name="symbolsCodesTest[32]" classname="org.bitcoinj.utils.BtcFormatTest" time="0.001"/>
  <testcase name="defaultLocaleTest[32]" classname="org.bitcoinj.utils.BtcFormatTest" time="0.001"/>
  <testcase name="parsePositionTest[32]" classname="org.bitcoinj.utils.BtcFormatTest" time="0.0"/>
  <testcase name="argumentTypeTest[32]" classname="org.bitcoinj.utils.BtcFormatTest" time="0.0">
    <skipped/>
  </testcase>
  <testcase name="characterIteratorTest[32]" classname="org.bitcoinj.utils.BtcFormatTest" time="0.001"/>
  <testcase name="repeatingPlaceTest[32]" classname="org.bitcoinj.utils.BtcFormatTest" time="0.001"/>
  <testcase name="currencyCodeTest[32]" classname="org.bitcoinj.utils.BtcFormatTest" time="0.0">
    <skipped/>
  </testcase>
  <testcase name="patternDecimalPlaces[32]" classname="org.bitcoinj.utils.BtcFormatTest" time="0.0"/>
  <testcase name="factoryArgumentsTest[33]" classname="org.bitcoinj.utils.BtcFormatTest" time="0.002"/>
  <testcase name="parseTest[33]" classname="org.bitcoinj.utils.BtcFormatTest" time="0.0">
    <skipped/>
  </testcase>
  <testcase name="microcoinScaleTest[33]" classname="org.bitcoinj.utils.BtcFormatTest" time="0.0"/>
  <testcase name="parseMetricTest[33]" classname="org.bitcoinj.utils.BtcFormatTest" time="0.003"/>
  <testcase name="coinScaleTest[33]" classname="org.bitcoinj.utils.BtcFormatTest" time="0.0"/>
  <testcase name="builderTest[33]" classname="org.bitcoinj.utils.BtcFormatTest" time="0.0">
    <skipped/>
  </testcase>
  <testcase name="attributeTest[33]" classname="org.bitcoinj.utils.BtcFormatTest" time="0.0">
    <skipped/>
  </testcase>
  <testcase name="prefixTest[33]" classname="org.bitcoinj.utils.BtcFormatTest" time="0.001"/>
  <testcase name="suffixTest[33]" classname="org.bitcoinj.utils.BtcFormatTest" time="0.0">
    <skipped/>
  </testcase>
  <testcase name="autoDecimalTest[33]" classname="org.bitcoinj.utils.BtcFormatTest" time="0.002"/>
  <testcase name="symbolCollisionTest[33]" classname="org.bitcoinj.utils.BtcFormatTest" time="0.004"/>
  <testcase name="equalityTest[33]" classname="org.bitcoinj.utils.BtcFormatTest" time="0.007"/>
  <testcase name="columnAlignmentTest[33]" classname="org.bitcoinj.utils.BtcFormatTest" time="0.0"/>
  <testcase name="factoryTest[33]" classname="org.bitcoinj.utils.BtcFormatTest" time="0.001"/>
  <testcase name="parse[33]" classname="org.bitcoinj.utils.BtcFormatTest" time="0.001"/>
  <testcase name="btcRounding[33]" classname="org.bitcoinj.utils.BtcFormatTest" time="0.005"/>
  <testcase name="negativeTest[33]" classname="org.bitcoinj.utils.BtcFormatTest" time="0.0">
    <skipped/>
  </testcase>
  <testcase name="millicoinScaleTest[33]" classname="org.bitcoinj.utils.BtcFormatTest" time="0.0"/>
  <testcase name="toStringTest[33]" classname="org.bitcoinj.utils.BtcFormatTest" time="0.0">
    <skipped/>
  </testcase>
  <testcase name="testGrouping[33]" classname="org.bitcoinj.utils.BtcFormatTest" time="0.0"/>
  <testcase name="symbolsCodesTest[33]" classname="org.bitcoinj.utils.BtcFormatTest" time="0.002"/>
  <testcase name="defaultLocaleTest[33]" classname="org.bitcoinj.utils.BtcFormatTest" time="0.0"/>
  <testcase name="parsePositionTest[33]" classname="org.bitcoinj.utils.BtcFormatTest" time="0.001"/>
  <testcase name="argumentTypeTest[33]" classname="org.bitcoinj.utils.BtcFormatTest" time="0.0">
    <skipped/>
  </testcase>
  <testcase name="characterIteratorTest[33]" classname="org.bitcoinj.utils.BtcFormatTest" time="0.001"/>
  <testcase name="repeatingPlaceTest[33]" classname="org.bitcoinj.utils.BtcFormatTest" time="0.0"/>
  <testcase name="currencyCodeTest[33]" classname="org.bitcoinj.utils.BtcFormatTest" time="0.0">
    <skipped/>
  </testcase>
  <testcase name="patternDecimalPlaces[33]" classname="org.bitcoinj.utils.BtcFormatTest" time="0.001"/>
  <testcase name="factoryArgumentsTest[34]" classname="org.bitcoinj.utils.BtcFormatTest" time="0.003"/>
  <testcase name="parseTest[34]" classname="org.bitcoinj.utils.BtcFormatTest" time="0.0">
    <skipped/>
  </testcase>
  <testcase name="microcoinScaleTest[34]" classname="org.bitcoinj.utils.BtcFormatTest" time="0.001"/>
  <testcase name="parseMetricTest[34]" classname="org.bitcoinj.utils.BtcFormatTest" time="0.003"/>
  <testcase name="coinScaleTest[34]" classname="org.bitcoinj.utils.BtcFormatTest" time="0.001"/>
  <testcase name="builderTest[34]" classname="org.bitcoinj.utils.BtcFormatTest" time="0.0">
    <skipped/>
  </testcase>
  <testcase name="attributeTest[34]" classname="org.bitcoinj.utils.BtcFormatTest" time="0.0">
    <skipped/>
  </testcase>
  <testcase name="prefixTest[34]" classname="org.bitcoinj.utils.BtcFormatTest" time="0.0"/>
  <testcase name="suffixTest[34]" classname="org.bitcoinj.utils.BtcFormatTest" time="0.0">
    <skipped/>
  </testcase>
  <testcase name="autoDecimalTest[34]" classname="org.bitcoinj.utils.BtcFormatTest" time="0.009"/>
  <testcase name="symbolCollisionTest[34]" classname="org.bitcoinj.utils.BtcFormatTest" time="0.006"/>
  <testcase name="equalityTest[34]" classname="org.bitcoinj.utils.BtcFormatTest" time="0.003"/>
  <testcase name="columnAlignmentTest[34]" classname="org.bitcoinj.utils.BtcFormatTest" time="0.0"/>
  <testcase name="factoryTest[34]" classname="org.bitcoinj.utils.BtcFormatTest" time="0.001"/>
  <testcase name="parse[34]" classname="org.bitcoinj.utils.BtcFormatTest" time="0.0"/>
  <testcase name="btcRounding[34]" classname="org.bitcoinj.utils.BtcFormatTest" time="0.003"/>
  <testcase name="negativeTest[34]" classname="org.bitcoinj.utils.BtcFormatTest" time="0.0">
    <skipped/>
  </testcase>
  <testcase name="millicoinScaleTest[34]" classname="org.bitcoinj.utils.BtcFormatTest" time="0.0"/>
  <testcase name="toStringTest[34]" classname="org.bitcoinj.utils.BtcFormatTest" time="0.0">
    <skipped/>
  </testcase>
  <testcase name="testGrouping[34]" classname="org.bitcoinj.utils.BtcFormatTest" time="0.0"/>
  <testcase name="symbolsCodesTest[34]" classname="org.bitcoinj.utils.BtcFormatTest" time="0.001"/>
  <testcase name="defaultLocaleTest[34]" classname="org.bitcoinj.utils.BtcFormatTest" time="0.0"/>
  <testcase name="parsePositionTest[34]" classname="org.bitcoinj.utils.BtcFormatTest" time="0.0"/>
  <testcase name="argumentTypeTest[34]" classname="org.bitcoinj.utils.BtcFormatTest" time="0.001">
    <skipped/>
  </testcase>
  <testcase name="characterIteratorTest[34]" classname="org.bitcoinj.utils.BtcFormatTest" time="0.0"/>
  <testcase name="repeatingPlaceTest[34]" classname="org.bitcoinj.utils.BtcFormatTest" time="0.001"/>
  <testcase name="currencyCodeTest[34]" classname="org.bitcoinj.utils.BtcFormatTest" time="0.0">
    <skipped/>
  </testcase>
  <testcase name="patternDecimalPlaces[34]" classname="org.bitcoinj.utils.BtcFormatTest" time="0.0"/>
  <testcase name="factoryArgumentsTest[35]" classname="org.bitcoinj.utils.BtcFormatTest" time="0.002"/>
  <testcase name="parseTest[35]" classname="org.bitcoinj.utils.BtcFormatTest" time="0.0">
    <skipped/>
  </testcase>
  <testcase name="microcoinScaleTest[35]" classname="org.bitcoinj.utils.BtcFormatTest" time="0.0"/>
  <testcase name="parseMetricTest[35]" classname="org.bitcoinj.utils.BtcFormatTest" time="0.002"/>
  <testcase name="coinScaleTest[35]" classname="org.bitcoinj.utils.BtcFormatTest" time="0.0"/>
  <testcase name="builderTest[35]" classname="org.bitcoinj.utils.BtcFormatTest" time="0.0">
    <skipped/>
  </testcase>
  <testcase name="attributeTest[35]" classname="org.bitcoinj.utils.BtcFormatTest" time="0.0">
    <skipped/>
  </testcase>
  <testcase name="prefixTest[35]" classname="org.bitcoinj.utils.BtcFormatTest" time="0.001"/>
  <testcase name="suffixTest[35]" classname="org.bitcoinj.utils.BtcFormatTest" time="0.0">
    <skipped/>
  </testcase>
  <testcase name="autoDecimalTest[35]" classname="org.bitcoinj.utils.BtcFormatTest" time="0.002"/>
  <testcase name="symbolCollisionTest[35]" classname="org.bitcoinj.utils.BtcFormatTest" time="0.012"/>
  <testcase name="equalityTest[35]" classname="org.bitcoinj.utils.BtcFormatTest" time="0.006"/>
  <testcase name="columnAlignmentTest[35]" classname="org.bitcoinj.utils.BtcFormatTest" time="0.0"/>
  <testcase name="factoryTest[35]" classname="org.bitcoinj.utils.BtcFormatTest" time="0.001"/>
  <testcase name="parse[35]" classname="org.bitcoinj.utils.BtcFormatTest" time="0.0"/>
  <testcase name="btcRounding[35]" classname="org.bitcoinj.utils.BtcFormatTest" time="0.003"/>
  <testcase name="negativeTest[35]" classname="org.bitcoinj.utils.BtcFormatTest" time="0.0">
    <skipped/>
  </testcase>
  <testcase name="millicoinScaleTest[35]" classname="org.bitcoinj.utils.BtcFormatTest" time="0.001"/>
  <testcase name="toStringTest[35]" classname="org.bitcoinj.utils.BtcFormatTest" time="0.0">
    <skipped/>
  </testcase>
  <testcase name="testGrouping[35]" classname="org.bitcoinj.utils.BtcFormatTest" time="0.001"/>
  <testcase name="symbolsCodesTest[35]" classname="org.bitcoinj.utils.BtcFormatTest" time="0.002"/>
  <testcase name="defaultLocaleTest[35]" classname="org.bitcoinj.utils.BtcFormatTest" time="0.0"/>
  <testcase name="parsePositionTest[35]" classname="org.bitcoinj.utils.BtcFormatTest" time="0.0"/>
  <testcase name="argumentTypeTest[35]" classname="org.bitcoinj.utils.BtcFormatTest" time="0.001">
    <skipped/>
  </testcase>
  <testcase name="characterIteratorTest[35]" classname="org.bitcoinj.utils.BtcFormatTest" time="0.0"/>
  <testcase name="repeatingPlaceTest[35]" classname="org.bitcoinj.utils.BtcFormatTest" time="0.001"/>
  <testcase name="currencyCodeTest[35]" classname="org.bitcoinj.utils.BtcFormatTest" time="0.0">
    <skipped/>
  </testcase>
  <testcase name="patternDecimalPlaces[35]" classname="org.bitcoinj.utils.BtcFormatTest" time="0.0"/>
  <testcase name="factoryArgumentsTest[36]" classname="org.bitcoinj.utils.BtcFormatTest" time="0.003"/>
  <testcase name="parseTest[36]" classname="org.bitcoinj.utils.BtcFormatTest" time="0.0">
    <skipped/>
  </testcase>
  <testcase name="microcoinScaleTest[36]" classname="org.bitcoinj.utils.BtcFormatTest" time="0.0"/>
  <testcase name="parseMetricTest[36]" classname="org.bitcoinj.utils.BtcFormatTest" time="0.003"/>
  <testcase name="coinScaleTest[36]" classname="org.bitcoinj.utils.BtcFormatTest" time="0.0"/>
  <testcase name="builderTest[36]" classname="org.bitcoinj.utils.BtcFormatTest" time="0.0">
    <skipped/>
  </testcase>
  <testcase name="attributeTest[36]" classname="org.bitcoinj.utils.BtcFormatTest" time="0.0">
    <skipped/>
  </testcase>
  <testcase name="prefixTest[36]" classname="org.bitcoinj.utils.BtcFormatTest" time="0.001"/>
  <testcase name="suffixTest[36]" classname="org.bitcoinj.utils.BtcFormatTest" time="0.0">
    <skipped/>
  </testcase>
  <testcase name="autoDecimalTest[36]" classname="org.bitcoinj.utils.BtcFormatTest" time="0.001"/>
  <testcase name="symbolCollisionTest[36]" classname="org.bitcoinj.utils.BtcFormatTest" time="0.009"/>
  <testcase name="equalityTest[36]" classname="org.bitcoinj.utils.BtcFormatTest" time="0.01"/>
  <testcase name="columnAlignmentTest[36]" classname="org.bitcoinj.utils.BtcFormatTest" time="0.0"/>
  <testcase name="factoryTest[36]" classname="org.bitcoinj.utils.BtcFormatTest" time="0.001"/>
  <testcase name="parse[36]" classname="org.bitcoinj.utils.BtcFormatTest" time="0.001"/>
  <testcase name="btcRounding[36]" classname="org.bitcoinj.utils.BtcFormatTest" time="0.002"/>
  <testcase name="negativeTest[36]" classname="org.bitcoinj.utils.BtcFormatTest" time="0.0">
    <skipped/>
  </testcase>
  <testcase name="millicoinScaleTest[36]" classname="org.bitcoinj.utils.BtcFormatTest" time="0.001"/>
  <testcase name="toStringTest[36]" classname="org.bitcoinj.utils.BtcFormatTest" time="0.0">
    <skipped/>
  </testcase>
  <testcase name="testGrouping[36]" classname="org.bitcoinj.utils.BtcFormatTest" time="0.0"/>
  <testcase name="symbolsCodesTest[36]" classname="org.bitcoinj.utils.BtcFormatTest" time="0.001"/>
  <testcase name="defaultLocaleTest[36]" classname="org.bitcoinj.utils.BtcFormatTest" time="0.0"/>
  <testcase name="parsePositionTest[36]" classname="org.bitcoinj.utils.BtcFormatTest" time="0.001"/>
  <testcase name="argumentTypeTest[36]" classname="org.bitcoinj.utils.BtcFormatTest" time="0.0">
    <skipped/>
  </testcase>
  <testcase name="characterIteratorTest[36]" classname="org.bitcoinj.utils.BtcFormatTest" time="0.0"/>
  <testcase name="repeatingPlaceTest[36]" classname="org.bitcoinj.utils.BtcFormatTest" time="0.0"/>
  <testcase name="currencyCodeTest[36]" classname="org.bitcoinj.utils.BtcFormatTest" time="0.0">
    <skipped/>
  </testcase>
  <testcase name="patternDecimalPlaces[36]" classname="org.bitcoinj.utils.BtcFormatTest" time="0.0"/>
  <testcase name="factoryArgumentsTest[37]" classname="org.bitcoinj.utils.BtcFormatTest" time="0.002"/>
  <testcase name="parseTest[37]" classname="org.bitcoinj.utils.BtcFormatTest" time="0.0">
    <skipped/>
  </testcase>
  <testcase name="microcoinScaleTest[37]" classname="org.bitcoinj.utils.BtcFormatTest" time="0.0"/>
  <testcase name="parseMetricTest[37]" classname="org.bitcoinj.utils.BtcFormatTest" time="0.002"/>
  <testcase name="coinScaleTest[37]" classname="org.bitcoinj.utils.BtcFormatTest" time="0.0"/>
  <testcase name="builderTest[37]" classname="org.bitcoinj.utils.BtcFormatTest" time="0.0">
    <skipped/>
  </testcase>
  <testcase name="attributeTest[37]" classname="org.bitcoinj.utils.BtcFormatTest" time="0.0">
    <skipped/>
  </testcase>
  <testcase name="prefixTest[37]" classname="org.bitcoinj.utils.BtcFormatTest" time="0.0"/>
  <testcase name="suffixTest[37]" classname="org.bitcoinj.utils.BtcFormatTest" time="0.001">
    <skipped/>
  </testcase>
  <testcase name="autoDecimalTest[37]" classname="org.bitcoinj.utils.BtcFormatTest" time="0.001"/>
  <testcase name="symbolCollisionTest[37]" classname="org.bitcoinj.utils.BtcFormatTest" time="0.004"/>
  <testcase name="equalityTest[37]" classname="org.bitcoinj.utils.BtcFormatTest" time="0.004"/>
  <testcase name="columnAlignmentTest[37]" classname="org.bitcoinj.utils.BtcFormatTest" time="0.001"/>
  <testcase name="factoryTest[37]" classname="org.bitcoinj.utils.BtcFormatTest" time="0.001"/>
  <testcase name="parse[37]" classname="org.bitcoinj.utils.BtcFormatTest" time="0.0"/>
  <testcase name="btcRounding[37]" classname="org.bitcoinj.utils.BtcFormatTest" time="0.003"/>
  <testcase name="negativeTest[37]" classname="org.bitcoinj.utils.BtcFormatTest" time="0.0">
    <skipped/>
  </testcase>
  <testcase name="millicoinScaleTest[37]" classname="org.bitcoinj.utils.BtcFormatTest" time="0.0"/>
  <testcase name="toStringTest[37]" classname="org.bitcoinj.utils.BtcFormatTest" time="0.0">
    <skipped/>
  </testcase>
  <testcase name="testGrouping[37]" classname="org.bitcoinj.utils.BtcFormatTest" time="0.001"/>
  <testcase name="symbolsCodesTest[37]" classname="org.bitcoinj.utils.BtcFormatTest" time="0.001"/>
  <testcase name="defaultLocaleTest[37]" classname="org.bitcoinj.utils.BtcFormatTest" time="0.0"/>
  <testcase name="parsePositionTest[37]" classname="org.bitcoinj.utils.BtcFormatTest" time="0.0"/>
  <testcase name="argumentTypeTest[37]" classname="org.bitcoinj.utils.BtcFormatTest" time="0.0">
    <skipped/>
  </testcase>
  <testcase name="characterIteratorTest[37]" classname="org.bitcoinj.utils.BtcFormatTest" time="0.001"/>
  <testcase name="repeatingPlaceTest[37]" classname="org.bitcoinj.utils.BtcFormatTest" time="0.001"/>
  <testcase name="currencyCodeTest[37]" classname="org.bitcoinj.utils.BtcFormatTest" time="0.0">
    <skipped/>
  </testcase>
  <testcase name="patternDecimalPlaces[37]" classname="org.bitcoinj.utils.BtcFormatTest" time="0.0"/>
  <testcase name="factoryArgumentsTest[38]" classname="org.bitcoinj.utils.BtcFormatTest" time="0.002"/>
  <testcase name="parseTest[38]" classname="org.bitcoinj.utils.BtcFormatTest" time="0.0">
    <skipped/>
  </testcase>
  <testcase name="microcoinScaleTest[38]" classname="org.bitcoinj.utils.BtcFormatTest" time="0.0"/>
  <testcase name="parseMetricTest[38]" classname="org.bitcoinj.utils.BtcFormatTest" time="0.002"/>
  <testcase name="coinScaleTest[38]" classname="org.bitcoinj.utils.BtcFormatTest" time="0.001"/>
  <testcase name="builderTest[38]" classname="org.bitcoinj.utils.BtcFormatTest" time="0.0">
    <skipped/>
  </testcase>
  <testcase name="attributeTest[38]" classname="org.bitcoinj.utils.BtcFormatTest" time="0.0">
    <skipped/>
  </testcase>
  <testcase name="prefixTest[38]" classname="org.bitcoinj.utils.BtcFormatTest" time="0.0"/>
  <testcase name="suffixTest[38]" classname="org.bitcoinj.utils.BtcFormatTest" time="0.0">
    <skipped/>
  </testcase>
  <testcase name="autoDecimalTest[38]" classname="org.bitcoinj.utils.BtcFormatTest" time="0.002"/>
  <testcase name="symbolCollisionTest[38]" classname="org.bitcoinj.utils.BtcFormatTest" time="0.007"/>
  <testcase name="equalityTest[38]" classname="org.bitcoinj.utils.BtcFormatTest" time="0.003"/>
  <testcase name="columnAlignmentTest[38]" classname="org.bitcoinj.utils.BtcFormatTest" time="0.001"/>
  <testcase name="factoryTest[38]" classname="org.bitcoinj.utils.BtcFormatTest" time="0.0"/>
  <testcase name="parse[38]" classname="org.bitcoinj.utils.BtcFormatTest" time="0.001"/>
  <testcase name="btcRounding[38]" classname="org.bitcoinj.utils.BtcFormatTest" time="0.003"/>
  <testcase name="negativeTest[38]" classname="org.bitcoinj.utils.BtcFormatTest" time="0.0">
    <skipped/>
  </testcase>
  <testcase name="millicoinScaleTest[38]" classname="org.bitcoinj.utils.BtcFormatTest" time="0.0"/>
  <testcase name="toStringTest[38]" classname="org.bitcoinj.utils.BtcFormatTest" time="0.0">
    <skipped/>
  </testcase>
  <testcase name="testGrouping[38]" classname="org.bitcoinj.utils.BtcFormatTest" time="0.001"/>
  <testcase name="symbolsCodesTest[38]" classname="org.bitcoinj.utils.BtcFormatTest" time="0.001"/>
  <testcase name="defaultLocaleTest[38]" classname="org.bitcoinj.utils.BtcFormatTest" time="0.001"/>
  <testcase name="parsePositionTest[38]" classname="org.bitcoinj.utils.BtcFormatTest" time="0.0"/>
  <testcase name="argumentTypeTest[38]" classname="org.bitcoinj.utils.BtcFormatTest" time="0.0">
    <skipped/>
  </testcase>
  <testcase name="characterIteratorTest[38]" classname="org.bitcoinj.utils.BtcFormatTest" time="0.001"/>
  <testcase name="repeatingPlaceTest[38]" classname="org.bitcoinj.utils.BtcFormatTest" time="0.0"/>
  <testcase name="currencyCodeTest[38]" classname="org.bitcoinj.utils.BtcFormatTest" time="0.0">
    <skipped/>
  </testcase>
  <testcase name="patternDecimalPlaces[38]" classname="org.bitcoinj.utils.BtcFormatTest" time="0.0"/>
  <testcase name="factoryArgumentsTest[39]" classname="org.bitcoinj.utils.BtcFormatTest" time="0.003"/>
  <testcase name="parseTest[39]" classname="org.bitcoinj.utils.BtcFormatTest" time="0.0">
    <skipped/>
  </testcase>
  <testcase name="microcoinScaleTest[39]" classname="org.bitcoinj.utils.BtcFormatTest" time="0.0"/>
  <testcase name="parseMetricTest[39]" classname="org.bitcoinj.utils.BtcFormatTest" time="0.003"/>
  <testcase name="coinScaleTest[39]" classname="org.bitcoinj.utils.BtcFormatTest" time="0.0"/>
  <testcase name="builderTest[39]" classname="org.bitcoinj.utils.BtcFormatTest" time="0.0">
    <skipped/>
  </testcase>
  <testcase name="attributeTest[39]" classname="org.bitcoinj.utils.BtcFormatTest" time="0.0">
    <skipped/>
  </testcase>
  <testcase name="prefixTest[39]" classname="org.bitcoinj.utils.BtcFormatTest" time="0.0"/>
  <testcase name="suffixTest[39]" classname="org.bitcoinj.utils.BtcFormatTest" time="0.0">
    <skipped/>
  </testcase>
  <testcase name="autoDecimalTest[39]" classname="org.bitcoinj.utils.BtcFormatTest" time="0.002"/>
  <testcase name="symbolCollisionTest[39]" classname="org.bitcoinj.utils.BtcFormatTest" time="0.005"/>
  <testcase name="equalityTest[39]" classname="org.bitcoinj.utils.BtcFormatTest" time="0.005"/>
  <testcase name="columnAlignmentTest[39]" classname="org.bitcoinj.utils.BtcFormatTest" time="0.0"/>
  <testcase name="factoryTest[39]" classname="org.bitcoinj.utils.BtcFormatTest" time="0.0"/>
  <testcase name="parse[39]" classname="org.bitcoinj.utils.BtcFormatTest" time="0.0"/>
  <testcase name="btcRounding[39]" classname="org.bitcoinj.utils.BtcFormatTest" time="0.004"/>
  <testcase name="negativeTest[39]" classname="org.bitcoinj.utils.BtcFormatTest" time="0.0">
    <skipped/>
  </testcase>
  <testcase name="millicoinScaleTest[39]" classname="org.bitcoinj.utils.BtcFormatTest" time="0.0"/>
  <testcase name="toStringTest[39]" classname="org.bitcoinj.utils.BtcFormatTest" time="0.0">
    <skipped/>
  </testcase>
  <testcase name="testGrouping[39]" classname="org.bitcoinj.utils.BtcFormatTest" time="0.001"/>
  <testcase name="symbolsCodesTest[39]" classname="org.bitcoinj.utils.BtcFormatTest" time="0.001"/>
  <testcase name="defaultLocaleTest[39]" classname="org.bitcoinj.utils.BtcFormatTest" time="0.001"/>
  <testcase name="parsePositionTest[39]" classname="org.bitcoinj.utils.BtcFormatTest" time="0.0"/>
  <testcase name="argumentTypeTest[39]" classname="org.bitcoinj.utils.BtcFormatTest" time="0.0">
    <skipped/>
  </testcase>
  <testcase name="characterIteratorTest[39]" classname="org.bitcoinj.utils.BtcFormatTest" time="0.0"/>
  <testcase name="repeatingPlaceTest[39]" classname="org.bitcoinj.utils.BtcFormatTest" time="0.001"/>
  <testcase name="currencyCodeTest[39]" classname="org.bitcoinj.utils.BtcFormatTest" time="0.0">
    <skipped/>
  </testcase>
  <testcase name="patternDecimalPlaces[39]" classname="org.bitcoinj.utils.BtcFormatTest" time="0.0"/>
  <testcase name="factoryArgumentsTest[40]" classname="org.bitcoinj.utils.BtcFormatTest" time="0.003"/>
  <testcase name="parseTest[40]" classname="org.bitcoinj.utils.BtcFormatTest" time="0.0">
    <skipped/>
  </testcase>
  <testcase name="microcoinScaleTest[40]" classname="org.bitcoinj.utils.BtcFormatTest" time="0.0"/>
  <testcase name="parseMetricTest[40]" classname="org.bitcoinj.utils.BtcFormatTest" time="0.003"/>
  <testcase name="coinScaleTest[40]" classname="org.bitcoinj.utils.BtcFormatTest" time="0.001"/>
  <testcase name="builderTest[40]" classname="org.bitcoinj.utils.BtcFormatTest" time="0.0">
    <skipped/>
  </testcase>
  <testcase name="attributeTest[40]" classname="org.bitcoinj.utils.BtcFormatTest" time="0.0">
    <skipped/>
  </testcase>
  <testcase name="prefixTest[40]" classname="org.bitcoinj.utils.BtcFormatTest" time="0.0"/>
  <testcase name="suffixTest[40]" classname="org.bitcoinj.utils.BtcFormatTest" time="0.0">
    <skipped/>
  </testcase>
  <testcase name="autoDecimalTest[40]" classname="org.bitcoinj.utils.BtcFormatTest" time="0.002"/>
  <testcase name="symbolCollisionTest[40]" classname="org.bitcoinj.utils.BtcFormatTest" time="0.004"/>
  <testcase name="equalityTest[40]" classname="org.bitcoinj.utils.BtcFormatTest" time="0.008"/>
  <testcase name="columnAlignmentTest[40]" classname="org.bitcoinj.utils.BtcFormatTest" time="0.0"/>
  <testcase name="factoryTest[40]" classname="org.bitcoinj.utils.BtcFormatTest" time="0.001"/>
  <testcase name="parse[40]" classname="org.bitcoinj.utils.BtcFormatTest" time="0.0"/>
  <testcase name="btcRounding[40]" classname="org.bitcoinj.utils.BtcFormatTest" time="0.003"/>
  <testcase name="negativeTest[40]" classname="org.bitcoinj.utils.BtcFormatTest" time="0.0">
    <skipped/>
  </testcase>
  <testcase name="millicoinScaleTest[40]" classname="org.bitcoinj.utils.BtcFormatTest" time="0.0"/>
  <testcase name="toStringTest[40]" classname="org.bitcoinj.utils.BtcFormatTest" time="0.0">
    <skipped/>
  </testcase>
  <testcase name="testGrouping[40]" classname="org.bitcoinj.utils.BtcFormatTest" time="0.0"/>
  <testcase name="symbolsCodesTest[40]" classname="org.bitcoinj.utils.BtcFormatTest" time="0.002"/>
  <testcase name="defaultLocaleTest[40]" classname="org.bitcoinj.utils.BtcFormatTest" time="0.0"/>
  <testcase name="parsePositionTest[40]" classname="org.bitcoinj.utils.BtcFormatTest" time="0.0"/>
  <testcase name="argumentTypeTest[40]" classname="org.bitcoinj.utils.BtcFormatTest" time="0.0">
    <skipped/>
  </testcase>
  <testcase name="characterIteratorTest[40]" classname="org.bitcoinj.utils.BtcFormatTest" time="0.0"/>
  <testcase name="repeatingPlaceTest[40]" classname="org.bitcoinj.utils.BtcFormatTest" time="0.001"/>
  <testcase name="currencyCodeTest[40]" classname="org.bitcoinj.utils.BtcFormatTest" time="0.0">
    <skipped/>
  </testcase>
  <testcase name="patternDecimalPlaces[40]" classname="org.bitcoinj.utils.BtcFormatTest" time="0.0"/>
  <testcase name="factoryArgumentsTest[41]" classname="org.bitcoinj.utils.BtcFormatTest" time="0.002"/>
  <testcase name="parseTest[41]" classname="org.bitcoinj.utils.BtcFormatTest" time="0.0">
    <skipped/>
  </testcase>
  <testcase name="microcoinScaleTest[41]" classname="org.bitcoinj.utils.BtcFormatTest" time="0.0"/>
  <testcase name="parseMetricTest[41]" classname="org.bitcoinj.utils.BtcFormatTest" time="0.002"/>
  <testcase name="coinScaleTest[41]" classname="org.bitcoinj.utils.BtcFormatTest" time="0.001"/>
  <testcase name="builderTest[41]" classname="org.bitcoinj.utils.BtcFormatTest" time="0.0">
    <skipped/>
  </testcase>
  <testcase name="attributeTest[41]" classname="org.bitcoinj.utils.BtcFormatTest" time="0.0">
    <skipped/>
  </testcase>
  <testcase name="prefixTest[41]" classname="org.bitcoinj.utils.BtcFormatTest" time="0.0"/>
  <testcase name="suffixTest[41]" classname="org.bitcoinj.utils.BtcFormatTest" time="0.0">
    <skipped/>
  </testcase>
  <testcase name="autoDecimalTest[41]" classname="org.bitcoinj.utils.BtcFormatTest" time="0.002"/>
  <testcase name="symbolCollisionTest[41]" classname="org.bitcoinj.utils.BtcFormatTest" time="0.004"/>
  <testcase name="equalityTest[41]" classname="org.bitcoinj.utils.BtcFormatTest" time="0.004"/>
  <testcase name="columnAlignmentTest[41]" classname="org.bitcoinj.utils.BtcFormatTest" time="0.0"/>
  <testcase name="factoryTest[41]" classname="org.bitcoinj.utils.BtcFormatTest" time="0.001"/>
  <testcase name="parse[41]" classname="org.bitcoinj.utils.BtcFormatTest" time="0.001"/>
  <testcase name="btcRounding[41]" classname="org.bitcoinj.utils.BtcFormatTest" time="0.003"/>
  <testcase name="negativeTest[41]" classname="org.bitcoinj.utils.BtcFormatTest" time="0.0">
    <skipped/>
  </testcase>
  <testcase name="millicoinScaleTest[41]" classname="org.bitcoinj.utils.BtcFormatTest" time="0.0"/>
  <testcase name="toStringTest[41]" classname="org.bitcoinj.utils.BtcFormatTest" time="0.0">
    <skipped/>
  </testcase>
  <testcase name="testGrouping[41]" classname="org.bitcoinj.utils.BtcFormatTest" time="0.001"/>
  <testcase name="symbolsCodesTest[41]" classname="org.bitcoinj.utils.BtcFormatTest" time="0.001"/>
  <testcase name="defaultLocaleTest[41]" classname="org.bitcoinj.utils.BtcFormatTest" time="0.0"/>
  <testcase name="parsePositionTest[41]" classname="org.bitcoinj.utils.BtcFormatTest" time="0.001"/>
  <testcase name="argumentTypeTest[41]" classname="org.bitcoinj.utils.BtcFormatTest" time="0.0">
    <skipped/>
  </testcase>
  <testcase name="characterIteratorTest[41]" classname="org.bitcoinj.utils.BtcFormatTest" time="0.0"/>
  <testcase name="repeatingPlaceTest[41]" classname="org.bitcoinj.utils.BtcFormatTest" time="0.0"/>
  <testcase name="currencyCodeTest[41]" classname="org.bitcoinj.utils.BtcFormatTest" time="0.0">
    <skipped/>
  </testcase>
  <testcase name="patternDecimalPlaces[41]" classname="org.bitcoinj.utils.BtcFormatTest" time="0.0"/>
  <testcase name="factoryArgumentsTest[42]" classname="org.bitcoinj.utils.BtcFormatTest" time="0.002"/>
  <testcase name="parseTest[42]" classname="org.bitcoinj.utils.BtcFormatTest" time="0.0">
    <skipped/>
  </testcase>
  <testcase name="microcoinScaleTest[42]" classname="org.bitcoinj.utils.BtcFormatTest" time="0.001"/>
  <testcase name="parseMetricTest[42]" classname="org.bitcoinj.utils.BtcFormatTest" time="0.002"/>
  <testcase name="coinScaleTest[42]" classname="org.bitcoinj.utils.BtcFormatTest" time="0.0"/>
  <testcase name="builderTest[42]" classname="org.bitcoinj.utils.BtcFormatTest" time="0.0">
    <skipped/>
  </testcase>
  <testcase name="attributeTest[42]" classname="org.bitcoinj.utils.BtcFormatTest" time="0.0">
    <skipped/>
  </testcase>
  <testcase name="prefixTest[42]" classname="org.bitcoinj.utils.BtcFormatTest" time="0.0"/>
  <testcase name="suffixTest[42]" classname="org.bitcoinj.utils.BtcFormatTest" time="0.0">
    <skipped/>
  </testcase>
  <testcase name="autoDecimalTest[42]" classname="org.bitcoinj.utils.BtcFormatTest" time="0.002"/>
  <testcase name="symbolCollisionTest[42]" classname="org.bitcoinj.utils.BtcFormatTest" time="0.006"/>
  <testcase name="equalityTest[42]" classname="org.bitcoinj.utils.BtcFormatTest" time="0.004"/>
  <testcase name="columnAlignmentTest[42]" classname="org.bitcoinj.utils.BtcFormatTest" time="0.001"/>
  <testcase name="factoryTest[42]" classname="org.bitcoinj.utils.BtcFormatTest" time="0.0"/>
  <testcase name="parse[42]" classname="org.bitcoinj.utils.BtcFormatTest" time="0.0"/>
  <testcase name="btcRounding[42]" classname="org.bitcoinj.utils.BtcFormatTest" time="0.002"/>
  <testcase name="negativeTest[42]" classname="org.bitcoinj.utils.BtcFormatTest" time="0.0">
    <skipped/>
  </testcase>
  <testcase name="millicoinScaleTest[42]" classname="org.bitcoinj.utils.BtcFormatTest" time="0.0"/>
  <testcase name="toStringTest[42]" classname="org.bitcoinj.utils.BtcFormatTest" time="0.0">
    <skipped/>
  </testcase>
  <testcase name="testGrouping[42]" classname="org.bitcoinj.utils.BtcFormatTest" time="0.0"/>
  <testcase name="symbolsCodesTest[42]" classname="org.bitcoinj.utils.BtcFormatTest" time="0.002"/>
  <testcase name="defaultLocaleTest[42]" classname="org.bitcoinj.utils.BtcFormatTest" time="0.001"/>
  <testcase name="parsePositionTest[42]" classname="org.bitcoinj.utils.BtcFormatTest" time="0.001"/>
  <testcase name="argumentTypeTest[42]" classname="org.bitcoinj.utils.BtcFormatTest" time="0.0">
    <skipped/>
  </testcase>
  <testcase name="characterIteratorTest[42]" classname="org.bitcoinj.utils.BtcFormatTest" time="0.0"/>
  <testcase name="repeatingPlaceTest[42]" classname="org.bitcoinj.utils.BtcFormatTest" time="0.001"/>
  <testcase name="currencyCodeTest[42]" classname="org.bitcoinj.utils.BtcFormatTest" time="0.0">
    <skipped/>
  </testcase>
  <testcase name="patternDecimalPlaces[42]" classname="org.bitcoinj.utils.BtcFormatTest" time="0.0"/>
  <testcase name="factoryArgumentsTest[43]" classname="org.bitcoinj.utils.BtcFormatTest" time="0.002"/>
  <testcase name="parseTest[43]" classname="org.bitcoinj.utils.BtcFormatTest" time="0.0">
    <skipped/>
  </testcase>
  <testcase name="microcoinScaleTest[43]" classname="org.bitcoinj.utils.BtcFormatTest" time="0.0"/>
  <testcase name="parseMetricTest[43]" classname="org.bitcoinj.utils.BtcFormatTest" time="0.002"/>
  <testcase name="coinScaleTest[43]" classname="org.bitcoinj.utils.BtcFormatTest" time="0.001"/>
  <testcase name="builderTest[43]" classname="org.bitcoinj.utils.BtcFormatTest" time="0.0">
    <skipped/>
  </testcase>
  <testcase name="attributeTest[43]" classname="org.bitcoinj.utils.BtcFormatTest" time="0.0">
    <skipped/>
  </testcase>
  <testcase name="prefixTest[43]" classname="org.bitcoinj.utils.BtcFormatTest" time="0.0"/>
  <testcase name="suffixTest[43]" classname="org.bitcoinj.utils.BtcFormatTest" time="0.0">
    <skipped/>
  </testcase>
  <testcase name="autoDecimalTest[43]" classname="org.bitcoinj.utils.BtcFormatTest" time="0.001"/>
  <testcase name="symbolCollisionTest[43]" classname="org.bitcoinj.utils.BtcFormatTest" time="0.005"/>
  <testcase name="equalityTest[43]" classname="org.bitcoinj.utils.BtcFormatTest" time="0.003"/>
  <testcase name="columnAlignmentTest[43]" classname="org.bitcoinj.utils.BtcFormatTest" time="0.0"/>
  <testcase name="factoryTest[43]" classname="org.bitcoinj.utils.BtcFormatTest" time="0.001"/>
  <testcase name="parse[43]" classname="org.bitcoinj.utils.BtcFormatTest" time="0.0"/>
  <testcase name="btcRounding[43]" classname="org.bitcoinj.utils.BtcFormatTest" time="0.003"/>
  <testcase name="negativeTest[43]" classname="org.bitcoinj.utils.BtcFormatTest" time="0.0">
    <skipped/>
  </testcase>
  <testcase name="millicoinScaleTest[43]" classname="org.bitcoinj.utils.BtcFormatTest" time="0.0"/>
  <testcase name="toStringTest[43]" classname="org.bitcoinj.utils.BtcFormatTest" time="0.0">
    <skipped/>
  </testcase>
  <testcase name="testGrouping[43]" classname="org.bitcoinj.utils.BtcFormatTest" time="0.008"/>
  <testcase name="symbolsCodesTest[43]" classname="org.bitcoinj.utils.BtcFormatTest" time="0.001"/>
  <testcase name="defaultLocaleTest[43]" classname="org.bitcoinj.utils.BtcFormatTest" time="0.001"/>
  <testcase name="parsePositionTest[43]" classname="org.bitcoinj.utils.BtcFormatTest" time="0.001"/>
  <testcase name="argumentTypeTest[43]" classname="org.bitcoinj.utils.BtcFormatTest" time="0.0">
    <skipped/>
  </testcase>
  <testcase name="characterIteratorTest[43]" classname="org.bitcoinj.utils.BtcFormatTest" time="0.004"/>
  <testcase name="repeatingPlaceTest[43]" classname="org.bitcoinj.utils.BtcFormatTest" time="0.001"/>
  <testcase name="currencyCodeTest[43]" classname="org.bitcoinj.utils.BtcFormatTest" time="0.0">
    <skipped/>
  </testcase>
  <testcase name="patternDecimalPlaces[43]" classname="org.bitcoinj.utils.BtcFormatTest" time="0.0"/>
  <testcase name="factoryArgumentsTest[44]" classname="org.bitcoinj.utils.BtcFormatTest" time="0.003"/>
  <testcase name="parseTest[44]" classname="org.bitcoinj.utils.BtcFormatTest" time="0.0">
    <skipped/>
  </testcase>
  <testcase name="microcoinScaleTest[44]" classname="org.bitcoinj.utils.BtcFormatTest" time="0.0"/>
  <testcase name="parseMetricTest[44]" classname="org.bitcoinj.utils.BtcFormatTest" time="0.003"/>
  <testcase name="coinScaleTest[44]" classname="org.bitcoinj.utils.BtcFormatTest" time="0.0"/>
  <testcase name="builderTest[44]" classname="org.bitcoinj.utils.BtcFormatTest" time="0.0">
    <skipped/>
  </testcase>
  <testcase name="attributeTest[44]" classname="org.bitcoinj.utils.BtcFormatTest" time="0.0">
    <skipped/>
  </testcase>
  <testcase name="prefixTest[44]" classname="org.bitcoinj.utils.BtcFormatTest" time="0.0"/>
  <testcase name="suffixTest[44]" classname="org.bitcoinj.utils.BtcFormatTest" time="0.0">
    <skipped/>
  </testcase>
  <testcase name="autoDecimalTest[44]" classname="org.bitcoinj.utils.BtcFormatTest" time="0.003"/>
  <testcase name="symbolCollisionTest[44]" classname="org.bitcoinj.utils.BtcFormatTest" time="0.004"/>
  <testcase name="equalityTest[44]" classname="org.bitcoinj.utils.BtcFormatTest" time="0.004"/>
  <testcase name="columnAlignmentTest[44]" classname="org.bitcoinj.utils.BtcFormatTest" time="0.0"/>
  <testcase name="factoryTest[44]" classname="org.bitcoinj.utils.BtcFormatTest" time="0.001"/>
  <testcase name="parse[44]" classname="org.bitcoinj.utils.BtcFormatTest" time="0.0"/>
  <testcase name="btcRounding[44]" classname="org.bitcoinj.utils.BtcFormatTest" time="0.003"/>
  <testcase name="negativeTest[44]" classname="org.bitcoinj.utils.BtcFormatTest" time="0.0">
    <skipped/>
  </testcase>
  <testcase name="millicoinScaleTest[44]" classname="org.bitcoinj.utils.BtcFormatTest" time="0.0"/>
  <testcase name="toStringTest[44]" classname="org.bitcoinj.utils.BtcFormatTest" time="0.0">
    <skipped/>
  </testcase>
  <testcase name="testGrouping[44]" classname="org.bitcoinj.utils.BtcFormatTest" time="0.001"/>
  <testcase name="symbolsCodesTest[44]" classname="org.bitcoinj.utils.BtcFormatTest" time="0.001"/>
  <testcase name="defaultLocaleTest[44]" classname="org.bitcoinj.utils.BtcFormatTest" time="0.0"/>
  <testcase name="parsePositionTest[44]" classname="org.bitcoinj.utils.BtcFormatTest" time="0.0"/>
  <testcase name="argumentTypeTest[44]" classname="org.bitcoinj.utils.BtcFormatTest" time="0.0">
    <skipped/>
  </testcase>
  <testcase name="characterIteratorTest[44]" classname="org.bitcoinj.utils.BtcFormatTest" time="0.001"/>
  <testcase name="repeatingPlaceTest[44]" classname="org.bitcoinj.utils.BtcFormatTest" time="0.001"/>
  <testcase name="currencyCodeTest[44]" classname="org.bitcoinj.utils.BtcFormatTest" time="0.0">
    <skipped/>
  </testcase>
  <testcase name="patternDecimalPlaces[44]" classname="org.bitcoinj.utils.BtcFormatTest" time="0.0"/>
  <testcase name="factoryArgumentsTest[45]" classname="org.bitcoinj.utils.BtcFormatTest" time="0.003"/>
  <testcase name="parseTest[45]" classname="org.bitcoinj.utils.BtcFormatTest" time="0.0">
    <skipped/>
  </testcase>
  <testcase name="microcoinScaleTest[45]" classname="org.bitcoinj.utils.BtcFormatTest" time="0.0"/>
  <testcase name="parseMetricTest[45]" classname="org.bitcoinj.utils.BtcFormatTest" time="0.002"/>
  <testcase name="coinScaleTest[45]" classname="org.bitcoinj.utils.BtcFormatTest" time="0.0"/>
  <testcase name="builderTest[45]" classname="org.bitcoinj.utils.BtcFormatTest" time="0.0">
    <skipped/>
  </testcase>
  <testcase name="attributeTest[45]" classname="org.bitcoinj.utils.BtcFormatTest" time="0.0">
    <skipped/>
  </testcase>
  <testcase name="prefixTest[45]" classname="org.bitcoinj.utils.BtcFormatTest" time="0.001"/>
  <testcase name="suffixTest[45]" classname="org.bitcoinj.utils.BtcFormatTest" time="0.0">
    <skipped/>
  </testcase>
  <testcase name="autoDecimalTest[45]" classname="org.bitcoinj.utils.BtcFormatTest" time="0.002"/>
  <testcase name="symbolCollisionTest[45]" classname="org.bitcoinj.utils.BtcFormatTest" time="0.006"/>
  <testcase name="equalityTest[45]" classname="org.bitcoinj.utils.BtcFormatTest" time="0.005"/>
  <testcase name="columnAlignmentTest[45]" classname="org.bitcoinj.utils.BtcFormatTest" time="0.001"/>
  <testcase name="factoryTest[45]" classname="org.bitcoinj.utils.BtcFormatTest" time="0.001"/>
  <testcase name="parse[45]" classname="org.bitcoinj.utils.BtcFormatTest" time="0.0"/>
  <testcase name="btcRounding[45]" classname="org.bitcoinj.utils.BtcFormatTest" time="0.026"/>
  <testcase name="negativeTest[45]" classname="org.bitcoinj.utils.BtcFormatTest" time="0.0">
    <skipped/>
  </testcase>
  <testcase name="millicoinScaleTest[45]" classname="org.bitcoinj.utils.BtcFormatTest" time="0.0"/>
  <testcase name="toStringTest[45]" classname="org.bitcoinj.utils.BtcFormatTest" time="0.0">
    <skipped/>
  </testcase>
  <testcase name="testGrouping[45]" classname="org.bitcoinj.utils.BtcFormatTest" time="0.001"/>
  <testcase name="symbolsCodesTest[45]" classname="org.bitcoinj.utils.BtcFormatTest" time="0.002"/>
  <testcase name="defaultLocaleTest[45]" classname="org.bitcoinj.utils.BtcFormatTest" time="0.0"/>
  <testcase name="parsePositionTest[45]" classname="org.bitcoinj.utils.BtcFormatTest" time="0.001"/>
  <testcase name="argumentTypeTest[45]" classname="org.bitcoinj.utils.BtcFormatTest" time="0.0">
    <skipped/>
  </testcase>
  <testcase name="characterIteratorTest[45]" classname="org.bitcoinj.utils.BtcFormatTest" time="0.002"/>
  <testcase name="repeatingPlaceTest[45]" classname="org.bitcoinj.utils.BtcFormatTest" time="0.001"/>
  <testcase name="currencyCodeTest[45]" classname="org.bitcoinj.utils.BtcFormatTest" time="0.0">
    <skipped/>
  </testcase>
  <testcase name="patternDecimalPlaces[45]" classname="org.bitcoinj.utils.BtcFormatTest" time="0.001"/>
  <testcase name="factoryArgumentsTest[46]" classname="org.bitcoinj.utils.BtcFormatTest" time="0.003"/>
  <testcase name="parseTest[46]" classname="org.bitcoinj.utils.BtcFormatTest" time="0.0">
    <skipped/>
  </testcase>
  <testcase name="microcoinScaleTest[46]" classname="org.bitcoinj.utils.BtcFormatTest" time="0.0"/>
  <testcase name="parseMetricTest[46]" classname="org.bitcoinj.utils.BtcFormatTest" time="0.002"/>
  <testcase name="coinScaleTest[46]" classname="org.bitcoinj.utils.BtcFormatTest" time="0.0"/>
  <testcase name="builderTest[46]" classname="org.bitcoinj.utils.BtcFormatTest" time="0.0">
    <skipped/>
  </testcase>
  <testcase name="attributeTest[46]" classname="org.bitcoinj.utils.BtcFormatTest" time="0.0">
    <skipped/>
  </testcase>
  <testcase name="prefixTest[46]" classname="org.bitcoinj.utils.BtcFormatTest" time="0.0"/>
  <testcase name="suffixTest[46]" classname="org.bitcoinj.utils.BtcFormatTest" time="0.0">
    <skipped/>
  </testcase>
  <testcase name="autoDecimalTest[46]" classname="org.bitcoinj.utils.BtcFormatTest" time="0.002"/>
  <testcase name="symbolCollisionTest[46]" classname="org.bitcoinj.utils.BtcFormatTest" time="0.006"/>
  <testcase name="equalityTest[46]" classname="org.bitcoinj.utils.BtcFormatTest" time="0.004"/>
  <testcase name="columnAlignmentTest[46]" classname="org.bitcoinj.utils.BtcFormatTest" time="0.001"/>
  <testcase name="factoryTest[46]" classname="org.bitcoinj.utils.BtcFormatTest" time="0.0"/>
  <testcase name="parse[46]" classname="org.bitcoinj.utils.BtcFormatTest" time="0.0"/>
  <testcase name="btcRounding[46]" classname="org.bitcoinj.utils.BtcFormatTest" time="0.006"/>
  <testcase name="negativeTest[46]" classname="org.bitcoinj.utils.BtcFormatTest" time="0.0">
    <skipped/>
  </testcase>
  <testcase name="millicoinScaleTest[46]" classname="org.bitcoinj.utils.BtcFormatTest" time="0.0"/>
  <testcase name="toStringTest[46]" classname="org.bitcoinj.utils.BtcFormatTest" time="0.0">
    <skipped/>
  </testcase>
  <testcase name="testGrouping[46]" classname="org.bitcoinj.utils.BtcFormatTest" time="0.0"/>
  <testcase name="symbolsCodesTest[46]" classname="org.bitcoinj.utils.BtcFormatTest" time="0.002"/>
  <testcase name="defaultLocaleTest[46]" classname="org.bitcoinj.utils.BtcFormatTest" time="0.0"/>
  <testcase name="parsePositionTest[46]" classname="org.bitcoinj.utils.BtcFormatTest" time="0.0"/>
  <testcase name="argumentTypeTest[46]" classname="org.bitcoinj.utils.BtcFormatTest" time="0.0">
    <skipped/>
  </testcase>
  <testcase name="characterIteratorTest[46]" classname="org.bitcoinj.utils.BtcFormatTest" time="0.001"/>
  <testcase name="repeatingPlaceTest[46]" classname="org.bitcoinj.utils.BtcFormatTest" time="0.001"/>
  <testcase name="currencyCodeTest[46]" classname="org.bitcoinj.utils.BtcFormatTest" time="0.0">
    <skipped/>
  </testcase>
  <testcase name="patternDecimalPlaces[46]" classname="org.bitcoinj.utils.BtcFormatTest" time="0.0"/>
  <testcase name="factoryArgumentsTest[47]" classname="org.bitcoinj.utils.BtcFormatTest" time="0.004"/>
  <testcase name="parseTest[47]" classname="org.bitcoinj.utils.BtcFormatTest" time="0.0">
    <skipped/>
  </testcase>
  <testcase name="microcoinScaleTest[47]" classname="org.bitcoinj.utils.BtcFormatTest" time="0.0"/>
  <testcase name="parseMetricTest[47]" classname="org.bitcoinj.utils.BtcFormatTest" time="0.004"/>
  <testcase name="coinScaleTest[47]" classname="org.bitcoinj.utils.BtcFormatTest" time="0.0"/>
  <testcase name="builderTest[47]" classname="org.bitcoinj.utils.BtcFormatTest" time="0.0">
    <skipped/>
  </testcase>
  <testcase name="attributeTest[47]" classname="org.bitcoinj.utils.BtcFormatTest" time="0.0">
    <skipped/>
  </testcase>
  <testcase name="prefixTest[47]" classname="org.bitcoinj.utils.BtcFormatTest" time="0.0"/>
  <testcase name="suffixTest[47]" classname="org.bitcoinj.utils.BtcFormatTest" time="0.0">
    <skipped/>
  </testcase>
  <testcase name="autoDecimalTest[47]" classname="org.bitcoinj.utils.BtcFormatTest" time="0.001"/>
  <testcase name="symbolCollisionTest[47]" classname="org.bitcoinj.utils.BtcFormatTest" time="0.006"/>
  <testcase name="equalityTest[47]" classname="org.bitcoinj.utils.BtcFormatTest" time="0.004"/>
  <testcase name="columnAlignmentTest[47]" classname="org.bitcoinj.utils.BtcFormatTest" time="0.001"/>
  <testcase name="factoryTest[47]" classname="org.bitcoinj.utils.BtcFormatTest" time="0.001"/>
  <testcase name="parse[47]" classname="org.bitcoinj.utils.BtcFormatTest" time="0.0"/>
  <testcase name="btcRounding[47]" classname="org.bitcoinj.utils.BtcFormatTest" time="0.004"/>
  <testcase name="negativeTest[47]" classname="org.bitcoinj.utils.BtcFormatTest" time="0.0">
    <skipped/>
  </testcase>
  <testcase name="millicoinScaleTest[47]" classname="org.bitcoinj.utils.BtcFormatTest" time="0.0"/>
  <testcase name="toStringTest[47]" classname="org.bitcoinj.utils.BtcFormatTest" time="0.0">
    <skipped/>
  </testcase>
  <testcase name="testGrouping[47]" classname="org.bitcoinj.utils.BtcFormatTest" time="0.0"/>
  <testcase name="symbolsCodesTest[47]" classname="org.bitcoinj.utils.BtcFormatTest" time="0.001"/>
  <testcase name="defaultLocaleTest[47]" classname="org.bitcoinj.utils.BtcFormatTest" time="0.0"/>
  <testcase name="parsePositionTest[47]" classname="org.bitcoinj.utils.BtcFormatTest" time="0.0"/>
  <testcase name="argumentTypeTest[47]" classname="org.bitcoinj.utils.BtcFormatTest" time="0.0">
    <skipped/>
  </testcase>
  <testcase name="characterIteratorTest[47]" classname="org.bitcoinj.utils.BtcFormatTest" time="0.001"/>
  <testcase name="repeatingPlaceTest[47]" classname="org.bitcoinj.utils.BtcFormatTest" time="0.0"/>
  <testcase name="currencyCodeTest[47]" classname="org.bitcoinj.utils.BtcFormatTest" time="0.0">
    <skipped/>
  </testcase>
  <testcase name="patternDecimalPlaces[47]" classname="org.bitcoinj.utils.BtcFormatTest" time="0.0"/>
  <testcase name="factoryArgumentsTest[48]" classname="org.bitcoinj.utils.BtcFormatTest" time="0.003"/>
  <testcase name="parseTest[48]" classname="org.bitcoinj.utils.BtcFormatTest" time="0.0">
    <skipped/>
  </testcase>
  <testcase name="microcoinScaleTest[48]" classname="org.bitcoinj.utils.BtcFormatTest" time="0.0"/>
  <testcase name="parseMetricTest[48]" classname="org.bitcoinj.utils.BtcFormatTest" time="0.002"/>
  <testcase name="coinScaleTest[48]" classname="org.bitcoinj.utils.BtcFormatTest" time="0.0"/>
  <testcase name="builderTest[48]" classname="org.bitcoinj.utils.BtcFormatTest" time="0.0">
    <skipped/>
  </testcase>
  <testcase name="attributeTest[48]" classname="org.bitcoinj.utils.BtcFormatTest" time="0.0">
    <skipped/>
  </testcase>
  <testcase name="prefixTest[48]" classname="org.bitcoinj.utils.BtcFormatTest" time="0.001"/>
  <testcase name="suffixTest[48]" classname="org.bitcoinj.utils.BtcFormatTest" time="0.0">
    <skipped/>
  </testcase>
  <testcase name="autoDecimalTest[48]" classname="org.bitcoinj.utils.BtcFormatTest" time="0.002"/>
  <testcase name="symbolCollisionTest[48]" classname="org.bitcoinj.utils.BtcFormatTest" time="0.005"/>
  <testcase name="equalityTest[48]" classname="org.bitcoinj.utils.BtcFormatTest" time="0.005"/>
  <testcase name="columnAlignmentTest[48]" classname="org.bitcoinj.utils.BtcFormatTest" time="0.0"/>
  <testcase name="factoryTest[48]" classname="org.bitcoinj.utils.BtcFormatTest" time="0.001"/>
  <testcase name="parse[48]" classname="org.bitcoinj.utils.BtcFormatTest" time="0.0"/>
  <testcase name="btcRounding[48]" classname="org.bitcoinj.utils.BtcFormatTest" time="0.003"/>
  <testcase name="negativeTest[48]" classname="org.bitcoinj.utils.BtcFormatTest" time="0.0">
    <skipped/>
  </testcase>
  <testcase name="millicoinScaleTest[48]" classname="org.bitcoinj.utils.BtcFormatTest" time="0.001"/>
  <testcase name="toStringTest[48]" classname="org.bitcoinj.utils.BtcFormatTest" time="0.0">
    <skipped/>
  </testcase>
  <testcase name="testGrouping[48]" classname="org.bitcoinj.utils.BtcFormatTest" time="0.0"/>
  <testcase name="symbolsCodesTest[48]" classname="org.bitcoinj.utils.BtcFormatTest" time="0.002"/>
  <testcase name="defaultLocaleTest[48]" classname="org.bitcoinj.utils.BtcFormatTest" time="0.001"/>
  <testcase name="parsePositionTest[48]" classname="org.bitcoinj.utils.BtcFormatTest" time="0.002"/>
  <testcase name="argumentTypeTest[48]" classname="org.bitcoinj.utils.BtcFormatTest" time="0.0">
    <skipped/>
  </testcase>
  <testcase name="characterIteratorTest[48]" classname="org.bitcoinj.utils.BtcFormatTest" time="0.002"/>
  <testcase name="repeatingPlaceTest[48]" classname="org.bitcoinj.utils.BtcFormatTest" time="0.0"/>
  <testcase name="currencyCodeTest[48]" classname="org.bitcoinj.utils.BtcFormatTest" time="0.0">
    <skipped/>
  </testcase>
  <testcase name="patternDecimalPlaces[48]" classname="org.bitcoinj.utils.BtcFormatTest" time="0.0"/>
  <testcase name="factoryArgumentsTest[49]" classname="org.bitcoinj.utils.BtcFormatTest" time="0.003"/>
  <testcase name="parseTest[49]" classname="org.bitcoinj.utils.BtcFormatTest" time="0.0">
    <skipped/>
  </testcase>
  <testcase name="microcoinScaleTest[49]" classname="org.bitcoinj.utils.BtcFormatTest" time="0.0"/>
  <testcase name="parseMetricTest[49]" classname="org.bitcoinj.utils.BtcFormatTest" time="0.003"/>
  <testcase name="coinScaleTest[49]" classname="org.bitcoinj.utils.BtcFormatTest" time="0.0"/>
  <testcase name="builderTest[49]" classname="org.bitcoinj.utils.BtcFormatTest" time="0.0">
    <skipped/>
  </testcase>
  <testcase name="attributeTest[49]" classname="org.bitcoinj.utils.BtcFormatTest" time="0.0">
    <skipped/>
  </testcase>
  <testcase name="prefixTest[49]" classname="org.bitcoinj.utils.BtcFormatTest" time="0.0"/>
  <testcase name="suffixTest[49]" classname="org.bitcoinj.utils.BtcFormatTest" time="0.0">
    <skipped/>
  </testcase>
  <testcase name="autoDecimalTest[49]" classname="org.bitcoinj.utils.BtcFormatTest" time="0.002"/>
  <testcase name="symbolCollisionTest[49]" classname="org.bitcoinj.utils.BtcFormatTest" time="0.007"/>
  <testcase name="equalityTest[49]" classname="org.bitcoinj.utils.BtcFormatTest" time="0.005"/>
  <testcase name="columnAlignmentTest[49]" classname="org.bitcoinj.utils.BtcFormatTest" time="0.001"/>
  <testcase name="factoryTest[49]" classname="org.bitcoinj.utils.BtcFormatTest" time="0.001"/>
  <testcase name="parse[49]" classname="org.bitcoinj.utils.BtcFormatTest" time="0.0"/>
  <testcase name="btcRounding[49]" classname="org.bitcoinj.utils.BtcFormatTest" time="0.003"/>
  <testcase name="negativeTest[49]" classname="org.bitcoinj.utils.BtcFormatTest" time="0.0">
    <skipped/>
  </testcase>
  <testcase name="millicoinScaleTest[49]" classname="org.bitcoinj.utils.BtcFormatTest" time="0.0"/>
  <testcase name="toStringTest[49]" classname="org.bitcoinj.utils.BtcFormatTest" time="0.0">
    <skipped/>
  </testcase>
  <testcase name="testGrouping[49]" classname="org.bitcoinj.utils.BtcFormatTest" time="0.001"/>
  <testcase name="symbolsCodesTest[49]" classname="org.bitcoinj.utils.BtcFormatTest" time="0.002"/>
  <testcase name="defaultLocaleTest[49]" classname="org.bitcoinj.utils.BtcFormatTest" time="0.0"/>
  <testcase name="parsePositionTest[49]" classname="org.bitcoinj.utils.BtcFormatTest" time="0.001"/>
  <testcase name="argumentTypeTest[49]" classname="org.bitcoinj.utils.BtcFormatTest" time="0.0">
    <skipped/>
  </testcase>
  <testcase name="characterIteratorTest[49]" classname="org.bitcoinj.utils.BtcFormatTest" time="0.001"/>
  <testcase name="repeatingPlaceTest[49]" classname="org.bitcoinj.utils.BtcFormatTest" time="0.002"/>
  <testcase name="currencyCodeTest[49]" classname="org.bitcoinj.utils.BtcFormatTest" time="0.0">
    <skipped/>
  </testcase>
  <testcase name="patternDecimalPlaces[49]" classname="org.bitcoinj.utils.BtcFormatTest" time="0.0"/>
  <testcase name="factoryArgumentsTest[50]" classname="org.bitcoinj.utils.BtcFormatTest" time="0.006"/>
  <testcase name="parseTest[50]" classname="org.bitcoinj.utils.BtcFormatTest" time="0.0">
    <skipped/>
  </testcase>
  <testcase name="microcoinScaleTest[50]" classname="org.bitcoinj.utils.BtcFormatTest" time="0.0"/>
  <testcase name="parseMetricTest[50]" classname="org.bitcoinj.utils.BtcFormatTest" time="0.004"/>
  <testcase name="coinScaleTest[50]" classname="org.bitcoinj.utils.BtcFormatTest" time="0.0"/>
  <testcase name="builderTest[50]" classname="org.bitcoinj.utils.BtcFormatTest" time="0.0">
    <skipped/>
  </testcase>
  <testcase name="attributeTest[50]" classname="org.bitcoinj.utils.BtcFormatTest" time="0.0">
    <skipped/>
  </testcase>
  <testcase name="prefixTest[50]" classname="org.bitcoinj.utils.BtcFormatTest" time="0.001"/>
  <testcase name="suffixTest[50]" classname="org.bitcoinj.utils.BtcFormatTest" time="0.0">
    <skipped/>
  </testcase>
  <testcase name="autoDecimalTest[50]" classname="org.bitcoinj.utils.BtcFormatTest" time="0.002"/>
  <testcase name="symbolCollisionTest[50]" classname="org.bitcoinj.utils.BtcFormatTest" time="0.004"/>
  <testcase name="equalityTest[50]" classname="org.bitcoinj.utils.BtcFormatTest" time="0.004"/>
  <testcase name="columnAlignmentTest[50]" classname="org.bitcoinj.utils.BtcFormatTest" time="0.0"/>
  <testcase name="factoryTest[50]" classname="org.bitcoinj.utils.BtcFormatTest" time="0.0"/>
  <testcase name="parse[50]" classname="org.bitcoinj.utils.BtcFormatTest" time="0.0"/>
  <testcase name="btcRounding[50]" classname="org.bitcoinj.utils.BtcFormatTest" time="0.004"/>
  <testcase name="negativeTest[50]" classname="org.bitcoinj.utils.BtcFormatTest" time="0.0">
    <skipped/>
  </testcase>
  <testcase name="millicoinScaleTest[50]" classname="org.bitcoinj.utils.BtcFormatTest" time="0.0"/>
  <testcase name="toStringTest[50]" classname="org.bitcoinj.utils.BtcFormatTest" time="0.0">
    <skipped/>
  </testcase>
  <testcase name="testGrouping[50]" classname="org.bitcoinj.utils.BtcFormatTest" time="0.001"/>
  <testcase name="symbolsCodesTest[50]" classname="org.bitcoinj.utils.BtcFormatTest" time="0.001"/>
  <testcase name="defaultLocaleTest[50]" classname="org.bitcoinj.utils.BtcFormatTest" time="0.0"/>
  <testcase name="parsePositionTest[50]" classname="org.bitcoinj.utils.BtcFormatTest" time="0.001"/>
  <testcase name="argumentTypeTest[50]" classname="org.bitcoinj.utils.BtcFormatTest" time="0.0">
    <skipped/>
  </testcase>
  <testcase name="characterIteratorTest[50]" classname="org.bitcoinj.utils.BtcFormatTest" time="0.0"/>
  <testcase name="repeatingPlaceTest[50]" classname="org.bitcoinj.utils.BtcFormatTest" time="0.001"/>
  <testcase name="currencyCodeTest[50]" classname="org.bitcoinj.utils.BtcFormatTest" time="0.0">
    <skipped/>
  </testcase>
  <testcase name="patternDecimalPlaces[50]" classname="org.bitcoinj.utils.BtcFormatTest" time="0.0"/>
  <testcase name="factoryArgumentsTest[51]" classname="org.bitcoinj.utils.BtcFormatTest" time="0.002"/>
  <testcase name="parseTest[51]" classname="org.bitcoinj.utils.BtcFormatTest" time="0.0">
    <skipped/>
  </testcase>
  <testcase name="microcoinScaleTest[51]" classname="org.bitcoinj.utils.BtcFormatTest" time="0.0"/>
  <testcase name="parseMetricTest[51]" classname="org.bitcoinj.utils.BtcFormatTest" time="0.003"/>
  <testcase name="coinScaleTest[51]" classname="org.bitcoinj.utils.BtcFormatTest" time="0.0"/>
  <testcase name="builderTest[51]" classname="org.bitcoinj.utils.BtcFormatTest" time="0.0">
    <skipped/>
  </testcase>
  <testcase name="attributeTest[51]" classname="org.bitcoinj.utils.BtcFormatTest" time="0.0">
    <skipped/>
  </testcase>
  <testcase name="prefixTest[51]" classname="org.bitcoinj.utils.BtcFormatTest" time="0.0"/>
  <testcase name="suffixTest[51]" classname="org.bitcoinj.utils.BtcFormatTest" time="0.0">
    <skipped/>
  </testcase>
  <testcase name="autoDecimalTest[51]" classname="org.bitcoinj.utils.BtcFormatTest" time="0.003"/>
  <testcase name="symbolCollisionTest[51]" classname="org.bitcoinj.utils.BtcFormatTest" time="0.005"/>
  <testcase name="equalityTest[51]" classname="org.bitcoinj.utils.BtcFormatTest" time="0.006"/>
  <testcase name="columnAlignmentTest[51]" classname="org.bitcoinj.utils.BtcFormatTest" time="0.0"/>
  <testcase name="factoryTest[51]" classname="org.bitcoinj.utils.BtcFormatTest" time="0.004"/>
  <testcase name="parse[51]" classname="org.bitcoinj.utils.BtcFormatTest" time="0.001"/>
  <testcase name="btcRounding[51]" classname="org.bitcoinj.utils.BtcFormatTest" time="0.008"/>
  <testcase name="negativeTest[51]" classname="org.bitcoinj.utils.BtcFormatTest" time="0.0">
    <skipped/>
  </testcase>
  <testcase name="millicoinScaleTest[51]" classname="org.bitcoinj.utils.BtcFormatTest" time="0.0"/>
  <testcase name="toStringTest[51]" classname="org.bitcoinj.utils.BtcFormatTest" time="0.0">
    <skipped/>
  </testcase>
  <testcase name="testGrouping[51]" classname="org.bitcoinj.utils.BtcFormatTest" time="0.001"/>
  <testcase name="symbolsCodesTest[51]" classname="org.bitcoinj.utils.BtcFormatTest" time="0.001"/>
  <testcase name="defaultLocaleTest[51]" classname="org.bitcoinj.utils.BtcFormatTest" time="0.001"/>
  <testcase name="parsePositionTest[51]" classname="org.bitcoinj.utils.BtcFormatTest" time="0.0"/>
  <testcase name="argumentTypeTest[51]" classname="org.bitcoinj.utils.BtcFormatTest" time="0.0">
    <skipped/>
  </testcase>
  <testcase name="characterIteratorTest[51]" classname="org.bitcoinj.utils.BtcFormatTest" time="0.001"/>
  <testcase name="repeatingPlaceTest[51]" classname="org.bitcoinj.utils.BtcFormatTest" time="0.001"/>
  <testcase name="currencyCodeTest[51]" classname="org.bitcoinj.utils.BtcFormatTest" time="0.0">
    <skipped/>
  </testcase>
  <testcase name="patternDecimalPlaces[51]" classname="org.bitcoinj.utils.BtcFormatTest" time="0.0"/>
  <testcase name="factoryArgumentsTest[52]" classname="org.bitcoinj.utils.BtcFormatTest" time="0.003"/>
  <testcase name="parseTest[52]" classname="org.bitcoinj.utils.BtcFormatTest" time="0.0">
    <skipped/>
  </testcase>
  <testcase name="microcoinScaleTest[52]" classname="org.bitcoinj.utils.BtcFormatTest" time="0.001"/>
  <testcase name="parseMetricTest[52]" classname="org.bitcoinj.utils.BtcFormatTest" time="0.002"/>
  <testcase name="coinScaleTest[52]" classname="org.bitcoinj.utils.BtcFormatTest" time="0.0"/>
  <testcase name="builderTest[52]" classname="org.bitcoinj.utils.BtcFormatTest" time="0.0">
    <skipped/>
  </testcase>
  <testcase name="attributeTest[52]" classname="org.bitcoinj.utils.BtcFormatTest" time="0.0">
    <skipped/>
  </testcase>
  <testcase name="prefixTest[52]" classname="org.bitcoinj.utils.BtcFormatTest" time="0.001"/>
  <testcase name="suffixTest[52]" classname="org.bitcoinj.utils.BtcFormatTest" time="0.0">
    <skipped/>
  </testcase>
  <testcase name="autoDecimalTest[52]" classname="org.bitcoinj.utils.BtcFormatTest" time="0.006"/>
  <testcase name="symbolCollisionTest[52]" classname="org.bitcoinj.utils.BtcFormatTest" time="0.004"/>
  <testcase name="equalityTest[52]" classname="org.bitcoinj.utils.BtcFormatTest" time="0.006"/>
  <testcase name="columnAlignmentTest[52]" classname="org.bitcoinj.utils.BtcFormatTest" time="0.001"/>
  <testcase name="factoryTest[52]" classname="org.bitcoinj.utils.BtcFormatTest" time="0.005"/>
  <testcase name="parse[52]" classname="org.bitcoinj.utils.BtcFormatTest" time="0.0"/>
  <testcase name="btcRounding[52]" classname="org.bitcoinj.utils.BtcFormatTest" time="0.003"/>
  <testcase name="negativeTest[52]" classname="org.bitcoinj.utils.BtcFormatTest" time="0.0">
    <skipped/>
  </testcase>
  <testcase name="millicoinScaleTest[52]" classname="org.bitcoinj.utils.BtcFormatTest" time="0.001"/>
  <testcase name="toStringTest[52]" classname="org.bitcoinj.utils.BtcFormatTest" time="0.0">
    <skipped/>
  </testcase>
  <testcase name="testGrouping[52]" classname="org.bitcoinj.utils.BtcFormatTest" time="0.001"/>
  <testcase name="symbolsCodesTest[52]" classname="org.bitcoinj.utils.BtcFormatTest" time="0.001"/>
  <testcase name="defaultLocaleTest[52]" classname="org.bitcoinj.utils.BtcFormatTest" time="0.001"/>
  <testcase name="parsePositionTest[52]" classname="org.bitcoinj.utils.BtcFormatTest" time="0.0"/>
  <testcase name="argumentTypeTest[52]" classname="org.bitcoinj.utils.BtcFormatTest" time="0.0">
    <skipped/>
  </testcase>
  <testcase name="characterIteratorTest[52]" classname="org.bitcoinj.utils.BtcFormatTest" time="0.002"/>
  <testcase name="repeatingPlaceTest[52]" classname="org.bitcoinj.utils.BtcFormatTest" time="0.0"/>
  <testcase name="currencyCodeTest[52]" classname="org.bitcoinj.utils.BtcFormatTest" time="0.0">
    <skipped/>
  </testcase>
  <testcase name="patternDecimalPlaces[52]" classname="org.bitcoinj.utils.BtcFormatTest" time="0.0"/>
  <testcase name="factoryArgumentsTest[53]" classname="org.bitcoinj.utils.BtcFormatTest" time="0.004"/>
  <testcase name="parseTest[53]" classname="org.bitcoinj.utils.BtcFormatTest" time="0.0">
    <skipped/>
  </testcase>
  <testcase name="microcoinScaleTest[53]" classname="org.bitcoinj.utils.BtcFormatTest" time="0.001"/>
  <testcase name="parseMetricTest[53]" classname="org.bitcoinj.utils.BtcFormatTest" time="0.004"/>
  <testcase name="coinScaleTest[53]" classname="org.bitcoinj.utils.BtcFormatTest" time="0.0"/>
  <testcase name="builderTest[53]" classname="org.bitcoinj.utils.BtcFormatTest" time="0.0">
    <skipped/>
  </testcase>
  <testcase name="attributeTest[53]" classname="org.bitcoinj.utils.BtcFormatTest" time="0.0">
    <skipped/>
  </testcase>
  <testcase name="prefixTest[53]" classname="org.bitcoinj.utils.BtcFormatTest" time="0.001"/>
  <testcase name="suffixTest[53]" classname="org.bitcoinj.utils.BtcFormatTest" time="0.0">
    <skipped/>
  </testcase>
  <testcase name="autoDecimalTest[53]" classname="org.bitcoinj.utils.BtcFormatTest" time="0.002"/>
  <testcase name="symbolCollisionTest[53]" classname="org.bitcoinj.utils.BtcFormatTest" time="0.006"/>
  <testcase name="equalityTest[53]" classname="org.bitcoinj.utils.BtcFormatTest" time="0.005"/>
  <testcase name="columnAlignmentTest[53]" classname="org.bitcoinj.utils.BtcFormatTest" time="0.001"/>
  <testcase name="factoryTest[53]" classname="org.bitcoinj.utils.BtcFormatTest" time="0.0"/>
  <testcase name="parse[53]" classname="org.bitcoinj.utils.BtcFormatTest" time="0.0"/>
  <testcase name="btcRounding[53]" classname="org.bitcoinj.utils.BtcFormatTest" time="0.003"/>
  <testcase name="negativeTest[53]" classname="org.bitcoinj.utils.BtcFormatTest" time="0.0">
    <skipped/>
  </testcase>
  <testcase name="millicoinScaleTest[53]" classname="org.bitcoinj.utils.BtcFormatTest" time="0.0"/>
  <testcase name="toStringTest[53]" classname="org.bitcoinj.utils.BtcFormatTest" time="0.0">
    <skipped/>
  </testcase>
  <testcase name="testGrouping[53]" classname="org.bitcoinj.utils.BtcFormatTest" time="0.001"/>
  <testcase name="symbolsCodesTest[53]" classname="org.bitcoinj.utils.BtcFormatTest" time="0.001"/>
  <testcase name="defaultLocaleTest[53]" classname="org.bitcoinj.utils.BtcFormatTest" time="0.001"/>
  <testcase name="parsePositionTest[53]" classname="org.bitcoinj.utils.BtcFormatTest" time="0.003"/>
  <testcase name="argumentTypeTest[53]" classname="org.bitcoinj.utils.BtcFormatTest" time="0.0">
    <skipped/>
  </testcase>
  <testcase name="characterIteratorTest[53]" classname="org.bitcoinj.utils.BtcFormatTest" time="0.001"/>
  <testcase name="repeatingPlaceTest[53]" classname="org.bitcoinj.utils.BtcFormatTest" time="0.0"/>
  <testcase name="currencyCodeTest[53]" classname="org.bitcoinj.utils.BtcFormatTest" time="0.0">
    <skipped/>
  </testcase>
  <testcase name="patternDecimalPlaces[53]" classname="org.bitcoinj.utils.BtcFormatTest" time="0.0"/>
  <testcase name="factoryArgumentsTest[54]" classname="org.bitcoinj.utils.BtcFormatTest" time="0.004"/>
  <testcase name="parseTest[54]" classname="org.bitcoinj.utils.BtcFormatTest" time="0.0">
    <skipped/>
  </testcase>
  <testcase name="microcoinScaleTest[54]" classname="org.bitcoinj.utils.BtcFormatTest" time="0.001"/>
  <testcase name="parseMetricTest[54]" classname="org.bitcoinj.utils.BtcFormatTest" time="0.002"/>
  <testcase name="coinScaleTest[54]" classname="org.bitcoinj.utils.BtcFormatTest" time="0.0"/>
  <testcase name="builderTest[54]" classname="org.bitcoinj.utils.BtcFormatTest" time="0.0">
    <skipped/>
  </testcase>
  <testcase name="attributeTest[54]" classname="org.bitcoinj.utils.BtcFormatTest" time="0.0">
    <skipped/>
  </testcase>
  <testcase name="prefixTest[54]" classname="org.bitcoinj.utils.BtcFormatTest" time="0.0"/>
  <testcase name="suffixTest[54]" classname="org.bitcoinj.utils.BtcFormatTest" time="0.0">
    <skipped/>
  </testcase>
  <testcase name="autoDecimalTest[54]" classname="org.bitcoinj.utils.BtcFormatTest" time="0.004"/>
  <testcase name="symbolCollisionTest[54]" classname="org.bitcoinj.utils.BtcFormatTest" time="0.012"/>
  <testcase name="equalityTest[54]" classname="org.bitcoinj.utils.BtcFormatTest" time="0.004"/>
  <testcase name="columnAlignmentTest[54]" classname="org.bitcoinj.utils.BtcFormatTest" time="0.001"/>
  <testcase name="factoryTest[54]" classname="org.bitcoinj.utils.BtcFormatTest" time="0.0"/>
  <testcase name="parse[54]" classname="org.bitcoinj.utils.BtcFormatTest" time="0.0"/>
  <testcase name="btcRounding[54]" classname="org.bitcoinj.utils.BtcFormatTest" time="0.003"/>
  <testcase name="negativeTest[54]" classname="org.bitcoinj.utils.BtcFormatTest" time="0.0">
    <skipped/>
  </testcase>
  <testcase name="millicoinScaleTest[54]" classname="org.bitcoinj.utils.BtcFormatTest" time="0.0"/>
  <testcase name="toStringTest[54]" classname="org.bitcoinj.utils.BtcFormatTest" time="0.0">
    <skipped/>
  </testcase>
  <testcase name="testGrouping[54]" classname="org.bitcoinj.utils.BtcFormatTest" time="0.0"/>
  <testcase name="symbolsCodesTest[54]" classname="org.bitcoinj.utils.BtcFormatTest" time="0.002"/>
  <testcase name="defaultLocaleTest[54]" classname="org.bitcoinj.utils.BtcFormatTest" time="0.001"/>
  <testcase name="parsePositionTest[54]" classname="org.bitcoinj.utils.BtcFormatTest" time="0.0"/>
  <testcase name="argumentTypeTest[54]" classname="org.bitcoinj.utils.BtcFormatTest" time="0.0">
    <skipped/>
  </testcase>
  <testcase name="characterIteratorTest[54]" classname="org.bitcoinj.utils.BtcFormatTest" time="0.001"/>
  <testcase name="repeatingPlaceTest[54]" classname="org.bitcoinj.utils.BtcFormatTest" time="0.001"/>
  <testcase name="currencyCodeTest[54]" classname="org.bitcoinj.utils.BtcFormatTest" time="0.0">
    <skipped/>
  </testcase>
  <testcase name="patternDecimalPlaces[54]" classname="org.bitcoinj.utils.BtcFormatTest" time="0.0"/>
  <testcase name="factoryArgumentsTest[55]" classname="org.bitcoinj.utils.BtcFormatTest" time="0.002"/>
  <testcase name="parseTest[55]" classname="org.bitcoinj.utils.BtcFormatTest" time="0.0">
    <skipped/>
  </testcase>
  <testcase name="microcoinScaleTest[55]" classname="org.bitcoinj.utils.BtcFormatTest" time="0.0"/>
  <testcase name="parseMetricTest[55]" classname="org.bitcoinj.utils.BtcFormatTest" time="0.003"/>
  <testcase name="coinScaleTest[55]" classname="org.bitcoinj.utils.BtcFormatTest" time="0.001"/>
  <testcase name="builderTest[55]" classname="org.bitcoinj.utils.BtcFormatTest" time="0.0">
    <skipped/>
  </testcase>
  <testcase name="attributeTest[55]" classname="org.bitcoinj.utils.BtcFormatTest" time="0.0">
    <skipped/>
  </testcase>
  <testcase name="prefixTest[55]" classname="org.bitcoinj.utils.BtcFormatTest" time="0.0"/>
  <testcase name="suffixTest[55]" classname="org.bitcoinj.utils.BtcFormatTest" time="0.0">
    <skipped/>
  </testcase>
  <testcase name="autoDecimalTest[55]" classname="org.bitcoinj.utils.BtcFormatTest" time="0.005"/>
  <testcase name="symbolCollisionTest[55]" classname="org.bitcoinj.utils.BtcFormatTest" time="0.004"/>
  <testcase name="equalityTest[55]" classname="org.bitcoinj.utils.BtcFormatTest" time="0.003"/>
  <testcase name="columnAlignmentTest[55]" classname="org.bitcoinj.utils.BtcFormatTest" time="0.001"/>
  <testcase name="factoryTest[55]" classname="org.bitcoinj.utils.BtcFormatTest" time="0.0"/>
  <testcase name="parse[55]" classname="org.bitcoinj.utils.BtcFormatTest" time="0.001"/>
  <testcase name="btcRounding[55]" classname="org.bitcoinj.utils.BtcFormatTest" time="0.002"/>
  <testcase name="negativeTest[55]" classname="org.bitcoinj.utils.BtcFormatTest" time="0.0">
    <skipped/>
  </testcase>
  <testcase name="millicoinScaleTest[55]" classname="org.bitcoinj.utils.BtcFormatTest" time="0.0"/>
  <testcase name="toStringTest[55]" classname="org.bitcoinj.utils.BtcFormatTest" time="0.0">
    <skipped/>
  </testcase>
  <testcase name="testGrouping[55]" classname="org.bitcoinj.utils.BtcFormatTest" time="0.001"/>
  <testcase name="symbolsCodesTest[55]" classname="org.bitcoinj.utils.BtcFormatTest" time="0.001"/>
  <testcase name="defaultLocaleTest[55]" classname="org.bitcoinj.utils.BtcFormatTest" time="0.0"/>
  <testcase name="parsePositionTest[55]" classname="org.bitcoinj.utils.BtcFormatTest" time="0.001"/>
  <testcase name="argumentTypeTest[55]" classname="org.bitcoinj.utils.BtcFormatTest" time="0.0">
    <skipped/>
  </testcase>
  <testcase name="characterIteratorTest[55]" classname="org.bitcoinj.utils.BtcFormatTest" time="0.001"/>
  <testcase name="repeatingPlaceTest[55]" classname="org.bitcoinj.utils.BtcFormatTest" time="0.001"/>
  <testcase name="currencyCodeTest[55]" classname="org.bitcoinj.utils.BtcFormatTest" time="0.0">
    <skipped/>
  </testcase>
  <testcase name="patternDecimalPlaces[55]" classname="org.bitcoinj.utils.BtcFormatTest" time="0.0"/>
  <testcase name="factoryArgumentsTest[56]" classname="org.bitcoinj.utils.BtcFormatTest" time="0.002"/>
  <testcase name="parseTest[56]" classname="org.bitcoinj.utils.BtcFormatTest" time="0.0">
    <skipped/>
  </testcase>
  <testcase name="microcoinScaleTest[56]" classname="org.bitcoinj.utils.BtcFormatTest" time="0.0"/>
  <testcase name="parseMetricTest[56]" classname="org.bitcoinj.utils.BtcFormatTest" time="0.003"/>
  <testcase name="coinScaleTest[56]" classname="org.bitcoinj.utils.BtcFormatTest" time="0.0"/>
  <testcase name="builderTest[56]" classname="org.bitcoinj.utils.BtcFormatTest" time="0.0">
    <skipped/>
  </testcase>
  <testcase name="attributeTest[56]" classname="org.bitcoinj.utils.BtcFormatTest" time="0.0">
    <skipped/>
  </testcase>
  <testcase name="prefixTest[56]" classname="org.bitcoinj.utils.BtcFormatTest" time="0.002"/>
  <testcase name="suffixTest[56]" classname="org.bitcoinj.utils.BtcFormatTest" time="0.0">
    <skipped/>
  </testcase>
  <testcase name="autoDecimalTest[56]" classname="org.bitcoinj.utils.BtcFormatTest" time="0.004"/>
  <testcase name="symbolCollisionTest[56]" classname="org.bitcoinj.utils.BtcFormatTest" time="0.006"/>
  <testcase name="equalityTest[56]" classname="org.bitcoinj.utils.BtcFormatTest" time="0.004"/>
  <testcase name="columnAlignmentTest[56]" classname="org.bitcoinj.utils.BtcFormatTest" time="0.0"/>
  <testcase name="factoryTest[56]" classname="org.bitcoinj.utils.BtcFormatTest" time="0.001"/>
  <testcase name="parse[56]" classname="org.bitcoinj.utils.BtcFormatTest" time="0.0"/>
  <testcase name="btcRounding[56]" classname="org.bitcoinj.utils.BtcFormatTest" time="0.003"/>
  <testcase name="negativeTest[56]" classname="org.bitcoinj.utils.BtcFormatTest" time="0.0">
    <skipped/>
  </testcase>
  <testcase name="millicoinScaleTest[56]" classname="org.bitcoinj.utils.BtcFormatTest" time="0.0"/>
  <testcase name="toStringTest[56]" classname="org.bitcoinj.utils.BtcFormatTest" time="0.0">
    <skipped/>
  </testcase>
  <testcase name="testGrouping[56]" classname="org.bitcoinj.utils.BtcFormatTest" time="0.001"/>
  <testcase name="symbolsCodesTest[56]" classname="org.bitcoinj.utils.BtcFormatTest" time="0.001"/>
  <testcase name="defaultLocaleTest[56]" classname="org.bitcoinj.utils.BtcFormatTest" time="0.0"/>
  <testcase name="parsePositionTest[56]" classname="org.bitcoinj.utils.BtcFormatTest" time="0.0"/>
  <testcase name="argumentTypeTest[56]" classname="org.bitcoinj.utils.BtcFormatTest" time="0.001">
    <skipped/>
  </testcase>
  <testcase name="characterIteratorTest[56]" classname="org.bitcoinj.utils.BtcFormatTest" time="0.0"/>
  <testcase name="repeatingPlaceTest[56]" classname="org.bitcoinj.utils.BtcFormatTest" time="0.001"/>
  <testcase name="currencyCodeTest[56]" classname="org.bitcoinj.utils.BtcFormatTest" time="0.0">
    <skipped/>
  </testcase>
  <testcase name="patternDecimalPlaces[56]" classname="org.bitcoinj.utils.BtcFormatTest" time="0.0"/>
  <testcase name="factoryArgumentsTest[57]" classname="org.bitcoinj.utils.BtcFormatTest" time="0.003"/>
  <testcase name="parseTest[57]" classname="org.bitcoinj.utils.BtcFormatTest" time="0.0">
    <skipped/>
  </testcase>
  <testcase name="microcoinScaleTest[57]" classname="org.bitcoinj.utils.BtcFormatTest" time="0.0"/>
  <testcase name="parseMetricTest[57]" classname="org.bitcoinj.utils.BtcFormatTest" time="0.002"/>
  <testcase name="coinScaleTest[57]" classname="org.bitcoinj.utils.BtcFormatTest" time="0.001"/>
  <testcase name="builderTest[57]" classname="org.bitcoinj.utils.BtcFormatTest" time="0.0">
    <skipped/>
  </testcase>
  <testcase name="attributeTest[57]" classname="org.bitcoinj.utils.BtcFormatTest" time="0.0">
    <skipped/>
  </testcase>
  <testcase name="prefixTest[57]" classname="org.bitcoinj.utils.BtcFormatTest" time="0.0"/>
  <testcase name="suffixTest[57]" classname="org.bitcoinj.utils.BtcFormatTest" time="0.0">
    <skipped/>
  </testcase>
  <testcase name="autoDecimalTest[57]" classname="org.bitcoinj.utils.BtcFormatTest" time="0.002"/>
  <testcase name="symbolCollisionTest[57]" classname="org.bitcoinj.utils.BtcFormatTest" time="0.004"/>
  <testcase name="equalityTest[57]" classname="org.bitcoinj.utils.BtcFormatTest" time="0.003"/>
  <testcase name="columnAlignmentTest[57]" classname="org.bitcoinj.utils.BtcFormatTest" time="0.0"/>
  <testcase name="factoryTest[57]" classname="org.bitcoinj.utils.BtcFormatTest" time="0.0"/>
  <testcase name="parse[57]" classname="org.bitcoinj.utils.BtcFormatTest" time="0.001"/>
  <testcase name="btcRounding[57]" classname="org.bitcoinj.utils.BtcFormatTest" time="0.005"/>
  <testcase name="negativeTest[57]" classname="org.bitcoinj.utils.BtcFormatTest" time="0.0">
    <skipped/>
  </testcase>
  <testcase name="millicoinScaleTest[57]" classname="org.bitcoinj.utils.BtcFormatTest" time="0.0"/>
  <testcase name="toStringTest[57]" classname="org.bitcoinj.utils.BtcFormatTest" time="0.0">
    <skipped/>
  </testcase>
  <testcase name="testGrouping[57]" classname="org.bitcoinj.utils.BtcFormatTest" time="0.001"/>
  <testcase name="symbolsCodesTest[57]" classname="org.bitcoinj.utils.BtcFormatTest" time="0.001"/>
  <testcase name="defaultLocaleTest[57]" classname="org.bitcoinj.utils.BtcFormatTest" time="0.0"/>
  <testcase name="parsePositionTest[57]" classname="org.bitcoinj.utils.BtcFormatTest" time="0.0"/>
  <testcase name="argumentTypeTest[57]" classname="org.bitcoinj.utils.BtcFormatTest" time="0.0">
    <skipped/>
  </testcase>
  <testcase name="characterIteratorTest[57]" classname="org.bitcoinj.utils.BtcFormatTest" time="0.001"/>
  <testcase name="repeatingPlaceTest[57]" classname="org.bitcoinj.utils.BtcFormatTest" time="0.0"/>
  <testcase name="currencyCodeTest[57]" classname="org.bitcoinj.utils.BtcFormatTest" time="0.0">
    <skipped/>
  </testcase>
  <testcase name="patternDecimalPlaces[57]" classname="org.bitcoinj.utils.BtcFormatTest" time="0.001"/>
  <testcase name="factoryArgumentsTest[58]" classname="org.bitcoinj.utils.BtcFormatTest" time="0.001"/>
  <testcase name="parseTest[58]" classname="org.bitcoinj.utils.BtcFormatTest" time="0.0">
    <skipped/>
  </testcase>
  <testcase name="microcoinScaleTest[58]" classname="org.bitcoinj.utils.BtcFormatTest" time="0.001"/>
  <testcase name="parseMetricTest[58]" classname="org.bitcoinj.utils.BtcFormatTest" time="0.002"/>
  <testcase name="coinScaleTest[58]" classname="org.bitcoinj.utils.BtcFormatTest" time="0.0"/>
  <testcase name="builderTest[58]" classname="org.bitcoinj.utils.BtcFormatTest" time="0.0">
    <skipped/>
  </testcase>
  <testcase name="attributeTest[58]" classname="org.bitcoinj.utils.BtcFormatTest" time="0.0">
    <skipped/>
  </testcase>
  <testcase name="prefixTest[58]" classname="org.bitcoinj.utils.BtcFormatTest" time="0.001"/>
  <testcase name="suffixTest[58]" classname="org.bitcoinj.utils.BtcFormatTest" time="0.0">
    <skipped/>
  </testcase>
  <testcase name="autoDecimalTest[58]" classname="org.bitcoinj.utils.BtcFormatTest" time="0.002"/>
  <testcase name="symbolCollisionTest[58]" classname="org.bitcoinj.utils.BtcFormatTest" time="0.016"/>
  <testcase name="equalityTest[58]" classname="org.bitcoinj.utils.BtcFormatTest" time="0.004"/>
  <testcase name="columnAlignmentTest[58]" classname="org.bitcoinj.utils.BtcFormatTest" time="0.0"/>
  <testcase name="factoryTest[58]" classname="org.bitcoinj.utils.BtcFormatTest" time="0.001"/>
  <testcase name="parse[58]" classname="org.bitcoinj.utils.BtcFormatTest" time="0.001"/>
  <testcase name="btcRounding[58]" classname="org.bitcoinj.utils.BtcFormatTest" time="0.003"/>
  <testcase name="negativeTest[58]" classname="org.bitcoinj.utils.BtcFormatTest" time="0.0">
    <skipped/>
  </testcase>
  <testcase name="millicoinScaleTest[58]" classname="org.bitcoinj.utils.BtcFormatTest" time="0.0"/>
  <testcase name="toStringTest[58]" classname="org.bitcoinj.utils.BtcFormatTest" time="0.0">
    <skipped/>
  </testcase>
  <testcase name="testGrouping[58]" classname="org.bitcoinj.utils.BtcFormatTest" time="0.001"/>
  <testcase name="symbolsCodesTest[58]" classname="org.bitcoinj.utils.BtcFormatTest" time="0.001"/>
  <testcase name="defaultLocaleTest[58]" classname="org.bitcoinj.utils.BtcFormatTest" time="0.0"/>
  <testcase name="parsePositionTest[58]" classname="org.bitcoinj.utils.BtcFormatTest" time="0.001"/>
  <testcase name="argumentTypeTest[58]" classname="org.bitcoinj.utils.BtcFormatTest" time="0.0">
    <skipped/>
  </testcase>
  <testcase name="characterIteratorTest[58]" classname="org.bitcoinj.utils.BtcFormatTest" time="0.001"/>
  <testcase name="repeatingPlaceTest[58]" classname="org.bitcoinj.utils.BtcFormatTest" time="0.0"/>
  <testcase name="currencyCodeTest[58]" classname="org.bitcoinj.utils.BtcFormatTest" time="0.0">
    <skipped/>
  </testcase>
  <testcase name="patternDecimalPlaces[58]" classname="org.bitcoinj.utils.BtcFormatTest" time="0.0"/>
  <testcase name="factoryArgumentsTest[59]" classname="org.bitcoinj.utils.BtcFormatTest" time="0.002"/>
  <testcase name="parseTest[59]" classname="org.bitcoinj.utils.BtcFormatTest" time="0.0">
    <skipped/>
  </testcase>
  <testcase name="microcoinScaleTest[59]" classname="org.bitcoinj.utils.BtcFormatTest" time="0.001"/>
  <testcase name="parseMetricTest[59]" classname="org.bitcoinj.utils.BtcFormatTest" time="0.002"/>
  <testcase name="coinScaleTest[59]" classname="org.bitcoinj.utils.BtcFormatTest" time="0.0"/>
  <testcase name="builderTest[59]" classname="org.bitcoinj.utils.BtcFormatTest" time="0.0">
    <skipped/>
  </testcase>
  <testcase name="attributeTest[59]" classname="org.bitcoinj.utils.BtcFormatTest" time="0.0">
    <skipped/>
  </testcase>
  <testcase name="prefixTest[59]" classname="org.bitcoinj.utils.BtcFormatTest" time="0.001"/>
  <testcase name="suffixTest[59]" classname="org.bitcoinj.utils.BtcFormatTest" time="0.0">
    <skipped/>
  </testcase>
  <testcase name="autoDecimalTest[59]" classname="org.bitcoinj.utils.BtcFormatTest" time="0.002"/>
  <testcase name="symbolCollisionTest[59]" classname="org.bitcoinj.utils.BtcFormatTest" time="0.004"/>
  <testcase name="equalityTest[59]" classname="org.bitcoinj.utils.BtcFormatTest" time="0.004"/>
  <testcase name="columnAlignmentTest[59]" classname="org.bitcoinj.utils.BtcFormatTest" time="0.0"/>
  <testcase name="factoryTest[59]" classname="org.bitcoinj.utils.BtcFormatTest" time="0.001"/>
  <testcase name="parse[59]" classname="org.bitcoinj.utils.BtcFormatTest" time="0.0"/>
  <testcase name="btcRounding[59]" classname="org.bitcoinj.utils.BtcFormatTest" time="0.003"/>
  <testcase name="negativeTest[59]" classname="org.bitcoinj.utils.BtcFormatTest" time="0.0">
    <skipped/>
  </testcase>
  <testcase name="millicoinScaleTest[59]" classname="org.bitcoinj.utils.BtcFormatTest" time="0.0"/>
  <testcase name="toStringTest[59]" classname="org.bitcoinj.utils.BtcFormatTest" time="0.0">
    <skipped/>
  </testcase>
  <testcase name="testGrouping[59]" classname="org.bitcoinj.utils.BtcFormatTest" time="0.0"/>
  <testcase name="symbolsCodesTest[59]" classname="org.bitcoinj.utils.BtcFormatTest" time="0.002"/>
  <testcase name="defaultLocaleTest[59]" classname="org.bitcoinj.utils.BtcFormatTest" time="0.0"/>
  <testcase name="parsePositionTest[59]" classname="org.bitcoinj.utils.BtcFormatTest" time="0.001"/>
  <testcase name="argumentTypeTest[59]" classname="org.bitcoinj.utils.BtcFormatTest" time="0.0">
    <skipped/>
  </testcase>
  <testcase name="characterIteratorTest[59]" classname="org.bitcoinj.utils.BtcFormatTest" time="0.001"/>
  <testcase name="repeatingPlaceTest[59]" classname="org.bitcoinj.utils.BtcFormatTest" time="0.001"/>
  <testcase name="currencyCodeTest[59]" classname="org.bitcoinj.utils.BtcFormatTest" time="0.0">
    <skipped/>
  </testcase>
  <testcase name="patternDecimalPlaces[59]" classname="org.bitcoinj.utils.BtcFormatTest" time="0.0"/>
  <testcase name="factoryArgumentsTest[60]" classname="org.bitcoinj.utils.BtcFormatTest" time="0.002"/>
  <testcase name="parseTest[60]" classname="org.bitcoinj.utils.BtcFormatTest" time="0.0">
    <skipped/>
  </testcase>
  <testcase name="microcoinScaleTest[60]" classname="org.bitcoinj.utils.BtcFormatTest" time="0.001"/>
  <testcase name="parseMetricTest[60]" classname="org.bitcoinj.utils.BtcFormatTest" time="0.002"/>
  <testcase name="coinScaleTest[60]" classname="org.bitcoinj.utils.BtcFormatTest" time="0.0"/>
  <testcase name="builderTest[60]" classname="org.bitcoinj.utils.BtcFormatTest" time="0.0">
    <skipped/>
  </testcase>
  <testcase name="attributeTest[60]" classname="org.bitcoinj.utils.BtcFormatTest" time="0.0">
    <skipped/>
  </testcase>
  <testcase name="prefixTest[60]" classname="org.bitcoinj.utils.BtcFormatTest" time="0.0"/>
  <testcase name="suffixTest[60]" classname="org.bitcoinj.utils.BtcFormatTest" time="0.0">
    <skipped/>
  </testcase>
  <testcase name="autoDecimalTest[60]" classname="org.bitcoinj.utils.BtcFormatTest" time="0.002"/>
  <testcase name="symbolCollisionTest[60]" classname="org.bitcoinj.utils.BtcFormatTest" time="0.004"/>
  <testcase name="equalityTest[60]" classname="org.bitcoinj.utils.BtcFormatTest" time="0.005"/>
  <testcase name="columnAlignmentTest[60]" classname="org.bitcoinj.utils.BtcFormatTest" time="0.0"/>
  <testcase name="factoryTest[60]" classname="org.bitcoinj.utils.BtcFormatTest" time="0.001"/>
  <testcase name="parse[60]" classname="org.bitcoinj.utils.BtcFormatTest" time="0.0"/>
  <testcase name="btcRounding[60]" classname="org.bitcoinj.utils.BtcFormatTest" time="0.003"/>
  <testcase name="negativeTest[60]" classname="org.bitcoinj.utils.BtcFormatTest" time="0.0">
    <skipped/>
  </testcase>
  <testcase name="millicoinScaleTest[60]" classname="org.bitcoinj.utils.BtcFormatTest" time="0.0"/>
  <testcase name="toStringTest[60]" classname="org.bitcoinj.utils.BtcFormatTest" time="0.0">
    <skipped/>
  </testcase>
  <testcase name="testGrouping[60]" classname="org.bitcoinj.utils.BtcFormatTest" time="0.0"/>
  <testcase name="symbolsCodesTest[60]" classname="org.bitcoinj.utils.BtcFormatTest" time="0.003"/>
  <testcase name="defaultLocaleTest[60]" classname="org.bitcoinj.utils.BtcFormatTest" time="0.001"/>
  <testcase name="parsePositionTest[60]" classname="org.bitcoinj.utils.BtcFormatTest" time="0.001"/>
  <testcase name="argumentTypeTest[60]" classname="org.bitcoinj.utils.BtcFormatTest" time="0.0">
    <skipped/>
  </testcase>
  <testcase name="characterIteratorTest[60]" classname="org.bitcoinj.utils.BtcFormatTest" time="0.001"/>
  <testcase name="repeatingPlaceTest[60]" classname="org.bitcoinj.utils.BtcFormatTest" time="0.002"/>
  <testcase name="currencyCodeTest[60]" classname="org.bitcoinj.utils.BtcFormatTest" time="0.0">
    <skipped/>
  </testcase>
  <testcase name="patternDecimalPlaces[60]" classname="org.bitcoinj.utils.BtcFormatTest" time="0.0"/>
  <testcase name="factoryArgumentsTest[61]" classname="org.bitcoinj.utils.BtcFormatTest" time="0.003"/>
  <testcase name="parseTest[61]" classname="org.bitcoinj.utils.BtcFormatTest" time="0.0">
    <skipped/>
  </testcase>
  <testcase name="microcoinScaleTest[61]" classname="org.bitcoinj.utils.BtcFormatTest" time="0.001"/>
  <testcase name="parseMetricTest[61]" classname="org.bitcoinj.utils.BtcFormatTest" time="0.013"/>
  <testcase name="coinScaleTest[61]" classname="org.bitcoinj.utils.BtcFormatTest" time="0.0"/>
  <testcase name="builderTest[61]" classname="org.bitcoinj.utils.BtcFormatTest" time="0.0">
    <skipped/>
  </testcase>
  <testcase name="attributeTest[61]" classname="org.bitcoinj.utils.BtcFormatTest" time="0.0">
    <skipped/>
  </testcase>
  <testcase name="prefixTest[61]" classname="org.bitcoinj.utils.BtcFormatTest" time="0.0"/>
  <testcase name="suffixTest[61]" classname="org.bitcoinj.utils.BtcFormatTest" time="0.0">
    <skipped/>
  </testcase>
  <testcase name="autoDecimalTest[61]" classname="org.bitcoinj.utils.BtcFormatTest" time="0.003"/>
  <testcase name="symbolCollisionTest[61]" classname="org.bitcoinj.utils.BtcFormatTest" time="0.004"/>
  <testcase name="equalityTest[61]" classname="org.bitcoinj.utils.BtcFormatTest" time="0.003"/>
  <testcase name="columnAlignmentTest[61]" classname="org.bitcoinj.utils.BtcFormatTest" time="0.001"/>
  <testcase name="factoryTest[61]" classname="org.bitcoinj.utils.BtcFormatTest" time="0.001"/>
  <testcase name="parse[61]" classname="org.bitcoinj.utils.BtcFormatTest" time="0.0"/>
  <testcase name="btcRounding[61]" classname="org.bitcoinj.utils.BtcFormatTest" time="0.002"/>
  <testcase name="negativeTest[61]" classname="org.bitcoinj.utils.BtcFormatTest" time="0.0">
    <skipped/>
  </testcase>
  <testcase name="millicoinScaleTest[61]" classname="org.bitcoinj.utils.BtcFormatTest" time="0.0"/>
  <testcase name="toStringTest[61]" classname="org.bitcoinj.utils.BtcFormatTest" time="0.0">
    <skipped/>
  </testcase>
  <testcase name="testGrouping[61]" classname="org.bitcoinj.utils.BtcFormatTest" time="0.0"/>
  <testcase name="symbolsCodesTest[61]" classname="org.bitcoinj.utils.BtcFormatTest" time="0.002"/>
  <testcase name="defaultLocaleTest[61]" classname="org.bitcoinj.utils.BtcFormatTest" time="0.001"/>
  <testcase name="parsePositionTest[61]" classname="org.bitcoinj.utils.BtcFormatTest" time="0.0"/>
  <testcase name="argumentTypeTest[61]" classname="org.bitcoinj.utils.BtcFormatTest" time="0.0">
    <skipped/>
  </testcase>
  <testcase name="characterIteratorTest[61]" classname="org.bitcoinj.utils.BtcFormatTest" time="0.001"/>
  <testcase name="repeatingPlaceTest[61]" classname="org.bitcoinj.utils.BtcFormatTest" time="0.001"/>
  <testcase name="currencyCodeTest[61]" classname="org.bitcoinj.utils.BtcFormatTest" time="0.0">
    <skipped/>
  </testcase>
  <testcase name="patternDecimalPlaces[61]" classname="org.bitcoinj.utils.BtcFormatTest" time="0.0"/>
  <testcase name="factoryArgumentsTest[62]" classname="org.bitcoinj.utils.BtcFormatTest" time="0.002"/>
  <testcase name="parseTest[62]" classname="org.bitcoinj.utils.BtcFormatTest" time="0.0">
    <skipped/>
  </testcase>
  <testcase name="microcoinScaleTest[62]" classname="org.bitcoinj.utils.BtcFormatTest" time="0.001"/>
  <testcase name="parseMetricTest[62]" classname="org.bitcoinj.utils.BtcFormatTest" time="0.002"/>
  <testcase name="coinScaleTest[62]" classname="org.bitcoinj.utils.BtcFormatTest" time="0.0"/>
  <testcase name="builderTest[62]" classname="org.bitcoinj.utils.BtcFormatTest" time="0.0">
    <skipped/>
  </testcase>
  <testcase name="attributeTest[62]" classname="org.bitcoinj.utils.BtcFormatTest" time="0.0">
    <skipped/>
  </testcase>
  <testcase name="prefixTest[62]" classname="org.bitcoinj.utils.BtcFormatTest" time="0.0"/>
  <testcase name="suffixTest[62]" classname="org.bitcoinj.utils.BtcFormatTest" time="0.0">
    <skipped/>
  </testcase>
  <testcase name="autoDecimalTest[62]" classname="org.bitcoinj.utils.BtcFormatTest" time="0.002"/>
  <testcase name="symbolCollisionTest[62]" classname="org.bitcoinj.utils.BtcFormatTest" time="0.004"/>
  <testcase name="equalityTest[62]" classname="org.bitcoinj.utils.BtcFormatTest" time="0.004"/>
  <testcase name="columnAlignmentTest[62]" classname="org.bitcoinj.utils.BtcFormatTest" time="0.0"/>
  <testcase name="factoryTest[62]" classname="org.bitcoinj.utils.BtcFormatTest" time="0.001"/>
  <testcase name="parse[62]" classname="org.bitcoinj.utils.BtcFormatTest" time="0.0"/>
  <testcase name="btcRounding[62]" classname="org.bitcoinj.utils.BtcFormatTest" time="0.003"/>
  <testcase name="negativeTest[62]" classname="org.bitcoinj.utils.BtcFormatTest" time="0.0">
    <skipped/>
  </testcase>
  <testcase name="millicoinScaleTest[62]" classname="org.bitcoinj.utils.BtcFormatTest" time="0.0"/>
  <testcase name="toStringTest[62]" classname="org.bitcoinj.utils.BtcFormatTest" time="0.0">
    <skipped/>
  </testcase>
  <testcase name="testGrouping[62]" classname="org.bitcoinj.utils.BtcFormatTest" time="0.0"/>
  <testcase name="symbolsCodesTest[62]" classname="org.bitcoinj.utils.BtcFormatTest" time="0.002"/>
  <testcase name="defaultLocaleTest[62]" classname="org.bitcoinj.utils.BtcFormatTest" time="0.0"/>
  <testcase name="parsePositionTest[62]" classname="org.bitcoinj.utils.BtcFormatTest" time="0.001"/>
  <testcase name="argumentTypeTest[62]" classname="org.bitcoinj.utils.BtcFormatTest" time="0.0">
    <skipped/>
  </testcase>
  <testcase name="characterIteratorTest[62]" classname="org.bitcoinj.utils.BtcFormatTest" time="0.001"/>
  <testcase name="repeatingPlaceTest[62]" classname="org.bitcoinj.utils.BtcFormatTest" time="0.0"/>
  <testcase name="currencyCodeTest[62]" classname="org.bitcoinj.utils.BtcFormatTest" time="0.0">
    <skipped/>
  </testcase>
  <testcase name="patternDecimalPlaces[62]" classname="org.bitcoinj.utils.BtcFormatTest" time="0.0"/>
  <testcase name="factoryArgumentsTest[63]" classname="org.bitcoinj.utils.BtcFormatTest" time="0.002"/>
  <testcase name="parseTest[63]" classname="org.bitcoinj.utils.BtcFormatTest" time="0.0">
    <skipped/>
  </testcase>
  <testcase name="microcoinScaleTest[63]" classname="org.bitcoinj.utils.BtcFormatTest" time="0.0"/>
  <testcase name="parseMetricTest[63]" classname="org.bitcoinj.utils.BtcFormatTest" time="0.002"/>
  <testcase name="coinScaleTest[63]" classname="org.bitcoinj.utils.BtcFormatTest" time="0.0"/>
  <testcase name="builderTest[63]" classname="org.bitcoinj.utils.BtcFormatTest" time="0.0">
    <skipped/>
  </testcase>
  <testcase name="attributeTest[63]" classname="org.bitcoinj.utils.BtcFormatTest" time="0.0">
    <skipped/>
  </testcase>
  <testcase name="prefixTest[63]" classname="org.bitcoinj.utils.BtcFormatTest" time="0.001"/>
  <testcase name="suffixTest[63]" classname="org.bitcoinj.utils.BtcFormatTest" time="0.0">
    <skipped/>
  </testcase>
  <testcase name="autoDecimalTest[63]" classname="org.bitcoinj.utils.BtcFormatTest" time="0.003"/>
  <testcase name="symbolCollisionTest[63]" classname="org.bitcoinj.utils.BtcFormatTest" time="0.004"/>
  <testcase name="equalityTest[63]" classname="org.bitcoinj.utils.BtcFormatTest" time="0.003"/>
  <testcase name="columnAlignmentTest[63]" classname="org.bitcoinj.utils.BtcFormatTest" time="0.001"/>
  <testcase name="factoryTest[63]" classname="org.bitcoinj.utils.BtcFormatTest" time="0.002"/>
  <testcase name="parse[63]" classname="org.bitcoinj.utils.BtcFormatTest" time="0.0"/>
  <testcase name="btcRounding[63]" classname="org.bitcoinj.utils.BtcFormatTest" time="0.002"/>
  <testcase name="negativeTest[63]" classname="org.bitcoinj.utils.BtcFormatTest" time="0.0">
    <skipped/>
  </testcase>
  <testcase name="millicoinScaleTest[63]" classname="org.bitcoinj.utils.BtcFormatTest" time="0.001"/>
  <testcase name="toStringTest[63]" classname="org.bitcoinj.utils.BtcFormatTest" time="0.0">
    <skipped/>
  </testcase>
  <testcase name="testGrouping[63]" classname="org.bitcoinj.utils.BtcFormatTest" time="0.003"/>
  <testcase name="symbolsCodesTest[63]" classname="org.bitcoinj.utils.BtcFormatTest" time="0.002"/>
  <testcase name="defaultLocaleTest[63]" classname="org.bitcoinj.utils.BtcFormatTest" time="0.0"/>
  <testcase name="parsePositionTest[63]" classname="org.bitcoinj.utils.BtcFormatTest" time="0.001"/>
  <testcase name="argumentTypeTest[63]" classname="org.bitcoinj.utils.BtcFormatTest" time="0.0">
    <skipped/>
  </testcase>
  <testcase name="characterIteratorTest[63]" classname="org.bitcoinj.utils.BtcFormatTest" time="0.005"/>
  <testcase name="repeatingPlaceTest[63]" classname="org.bitcoinj.utils.BtcFormatTest" time="0.0"/>
  <testcase name="currencyCodeTest[63]" classname="org.bitcoinj.utils.BtcFormatTest" time="0.0">
    <skipped/>
  </testcase>
  <testcase name="patternDecimalPlaces[63]" classname="org.bitcoinj.utils.BtcFormatTest" time="0.001"/>
  <testcase name="factoryArgumentsTest[64]" classname="org.bitcoinj.utils.BtcFormatTest" time="0.003"/>
  <testcase name="parseTest[64]" classname="org.bitcoinj.utils.BtcFormatTest" time="0.0">
    <skipped/>
  </testcase>
  <testcase name="microcoinScaleTest[64]" classname="org.bitcoinj.utils.BtcFormatTest" time="0.0"/>
  <testcase name="parseMetricTest[64]" classname="org.bitcoinj.utils.BtcFormatTest" time="0.002"/>
  <testcase name="coinScaleTest[64]" classname="org.bitcoinj.utils.BtcFormatTest" time="0.001"/>
  <testcase name="builderTest[64]" classname="org.bitcoinj.utils.BtcFormatTest" time="0.0">
    <skipped/>
  </testcase>
  <testcase name="attributeTest[64]" classname="org.bitcoinj.utils.BtcFormatTest" time="0.0">
    <skipped/>
  </testcase>
  <testcase name="prefixTest[64]" classname="org.bitcoinj.utils.BtcFormatTest" time="0.0"/>
  <testcase name="suffixTest[64]" classname="org.bitcoinj.utils.BtcFormatTest" time="0.0">
    <skipped/>
  </testcase>
  <testcase name="autoDecimalTest[64]" classname="org.bitcoinj.utils.BtcFormatTest" time="0.002"/>
  <testcase name="symbolCollisionTest[64]" classname="org.bitcoinj.utils.BtcFormatTest" time="0.004"/>
  <testcase name="equalityTest[64]" classname="org.bitcoinj.utils.BtcFormatTest" time="0.005"/>
  <testcase name="columnAlignmentTest[64]" classname="org.bitcoinj.utils.BtcFormatTest" time="0.001"/>
  <testcase name="factoryTest[64]" classname="org.bitcoinj.utils.BtcFormatTest" time="0.001"/>
  <testcase name="parse[64]" classname="org.bitcoinj.utils.BtcFormatTest" time="0.0"/>
  <testcase name="btcRounding[64]" classname="org.bitcoinj.utils.BtcFormatTest" time="0.003"/>
  <testcase name="negativeTest[64]" classname="org.bitcoinj.utils.BtcFormatTest" time="0.0">
    <skipped/>
  </testcase>
  <testcase name="millicoinScaleTest[64]" classname="org.bitcoinj.utils.BtcFormatTest" time="0.0"/>
  <testcase name="toStringTest[64]" classname="org.bitcoinj.utils.BtcFormatTest" time="0.0">
    <skipped/>
  </testcase>
  <testcase name="testGrouping[64]" classname="org.bitcoinj.utils.BtcFormatTest" time="0.0"/>
  <testcase name="symbolsCodesTest[64]" classname="org.bitcoinj.utils.BtcFormatTest" time="0.002"/>
  <testcase name="defaultLocaleTest[64]" classname="org.bitcoinj.utils.BtcFormatTest" time="0.0"/>
  <testcase name="parsePositionTest[64]" classname="org.bitcoinj.utils.BtcFormatTest" time="0.001"/>
  <testcase name="argumentTypeTest[64]" classname="org.bitcoinj.utils.BtcFormatTest" time="0.0">
    <skipped/>
  </testcase>
  <testcase name="characterIteratorTest[64]" classname="org.bitcoinj.utils.BtcFormatTest" time="0.001"/>
  <testcase name="repeatingPlaceTest[64]" classname="org.bitcoinj.utils.BtcFormatTest" time="0.0"/>
  <testcase name="currencyCodeTest[64]" classname="org.bitcoinj.utils.BtcFormatTest" time="0.0">
    <skipped/>
  </testcase>
  <testcase name="patternDecimalPlaces[64]" classname="org.bitcoinj.utils.BtcFormatTest" time="0.0"/>
  <testcase name="factoryArgumentsTest[65]" classname="org.bitcoinj.utils.BtcFormatTest" time="0.002"/>
  <testcase name="parseTest[65]" classname="org.bitcoinj.utils.BtcFormatTest" time="0.0">
    <skipped/>
  </testcase>
  <testcase name="microcoinScaleTest[65]" classname="org.bitcoinj.utils.BtcFormatTest" time="0.001"/>
  <testcase name="parseMetricTest[65]" classname="org.bitcoinj.utils.BtcFormatTest" time="0.002"/>
  <testcase name="coinScaleTest[65]" classname="org.bitcoinj.utils.BtcFormatTest" time="0.0"/>
  <testcase name="builderTest[65]" classname="org.bitcoinj.utils.BtcFormatTest" time="0.0">
    <skipped/>
  </testcase>
  <testcase name="attributeTest[65]" classname="org.bitcoinj.utils.BtcFormatTest" time="0.0">
    <skipped/>
  </testcase>
  <testcase name="prefixTest[65]" classname="org.bitcoinj.utils.BtcFormatTest" time="0.001"/>
  <testcase name="suffixTest[65]" classname="org.bitcoinj.utils.BtcFormatTest" time="0.0">
    <skipped/>
  </testcase>
  <testcase name="autoDecimalTest[65]" classname="org.bitcoinj.utils.BtcFormatTest" time="0.002"/>
  <testcase name="symbolCollisionTest[65]" classname="org.bitcoinj.utils.BtcFormatTest" time="0.011"/>
  <testcase name="equalityTest[65]" classname="org.bitcoinj.utils.BtcFormatTest" time="0.004"/>
  <testcase name="columnAlignmentTest[65]" classname="org.bitcoinj.utils.BtcFormatTest" time="0.001"/>
  <testcase name="factoryTest[65]" classname="org.bitcoinj.utils.BtcFormatTest" time="0.0"/>
  <testcase name="parse[65]" classname="org.bitcoinj.utils.BtcFormatTest" time="0.0"/>
  <testcase name="btcRounding[65]" classname="org.bitcoinj.utils.BtcFormatTest" time="0.012"/>
  <testcase name="negativeTest[65]" classname="org.bitcoinj.utils.BtcFormatTest" time="0.0">
    <skipped/>
  </testcase>
  <testcase name="millicoinScaleTest[65]" classname="org.bitcoinj.utils.BtcFormatTest" time="0.0"/>
  <testcase name="toStringTest[65]" classname="org.bitcoinj.utils.BtcFormatTest" time="0.0">
    <skipped/>
  </testcase>
  <testcase name="testGrouping[65]" classname="org.bitcoinj.utils.BtcFormatTest" time="0.0"/>
  <testcase name="symbolsCodesTest[65]" classname="org.bitcoinj.utils.BtcFormatTest" time="0.001"/>
  <testcase name="defaultLocaleTest[65]" classname="org.bitcoinj.utils.BtcFormatTest" time="0.001"/>
  <testcase name="parsePositionTest[65]" classname="org.bitcoinj.utils.BtcFormatTest" time="0.0"/>
  <testcase name="argumentTypeTest[65]" classname="org.bitcoinj.utils.BtcFormatTest" time="0.0">
    <skipped/>
  </testcase>
  <testcase name="characterIteratorTest[65]" classname="org.bitcoinj.utils.BtcFormatTest" time="0.001"/>
  <testcase name="repeatingPlaceTest[65]" classname="org.bitcoinj.utils.BtcFormatTest" time="0.001"/>
  <testcase name="currencyCodeTest[65]" classname="org.bitcoinj.utils.BtcFormatTest" time="0.0">
    <skipped/>
  </testcase>
  <testcase name="patternDecimalPlaces[65]" classname="org.bitcoinj.utils.BtcFormatTest" time="0.0"/>
  <testcase name="factoryArgumentsTest[66]" classname="org.bitcoinj.utils.BtcFormatTest" time="0.004"/>
  <testcase name="parseTest[66]" classname="org.bitcoinj.utils.BtcFormatTest" time="0.0">
    <skipped/>
  </testcase>
  <testcase name="microcoinScaleTest[66]" classname="org.bitcoinj.utils.BtcFormatTest" time="0.0"/>
  <testcase name="parseMetricTest[66]" classname="org.bitcoinj.utils.BtcFormatTest" time="0.003"/>
  <testcase name="coinScaleTest[66]" classname="org.bitcoinj.utils.BtcFormatTest" time="0.0"/>
  <testcase name="builderTest[66]" classname="org.bitcoinj.utils.BtcFormatTest" time="0.0">
    <skipped/>
  </testcase>
  <testcase name="attributeTest[66]" classname="org.bitcoinj.utils.BtcFormatTest" time="0.0">
    <skipped/>
  </testcase>
  <testcase name="prefixTest[66]" classname="org.bitcoinj.utils.BtcFormatTest" time="0.0"/>
  <testcase name="suffixTest[66]" classname="org.bitcoinj.utils.BtcFormatTest" time="0.0">
    <skipped/>
  </testcase>
  <testcase name="autoDecimalTest[66]" classname="org.bitcoinj.utils.BtcFormatTest" time="0.005"/>
  <testcase name="symbolCollisionTest[66]" classname="org.bitcoinj.utils.BtcFormatTest" time="0.005"/>
  <testcase name="equalityTest[66]" classname="org.bitcoinj.utils.BtcFormatTest" time="0.005"/>
  <testcase name="columnAlignmentTest[66]" classname="org.bitcoinj.utils.BtcFormatTest" time="0.0"/>
  <testcase name="factoryTest[66]" classname="org.bitcoinj.utils.BtcFormatTest" time="0.001"/>
  <testcase name="parse[66]" classname="org.bitcoinj.utils.BtcFormatTest" time="0.0"/>
  <testcase name="btcRounding[66]" classname="org.bitcoinj.utils.BtcFormatTest" time="0.003"/>
  <testcase name="negativeTest[66]" classname="org.bitcoinj.utils.BtcFormatTest" time="0.0">
    <skipped/>
  </testcase>
  <testcase name="millicoinScaleTest[66]" classname="org.bitcoinj.utils.BtcFormatTest" time="0.0"/>
  <testcase name="toStringTest[66]" classname="org.bitcoinj.utils.BtcFormatTest" time="0.0">
    <skipped/>
  </testcase>
  <testcase name="testGrouping[66]" classname="org.bitcoinj.utils.BtcFormatTest" time="0.0"/>
  <testcase name="symbolsCodesTest[66]" classname="org.bitcoinj.utils.BtcFormatTest" time="0.001"/>
  <testcase name="defaultLocaleTest[66]" classname="org.bitcoinj.utils.BtcFormatTest" time="0.001"/>
  <testcase name="parsePositionTest[66]" classname="org.bitcoinj.utils.BtcFormatTest" time="0.0"/>
  <testcase name="argumentTypeTest[66]" classname="org.bitcoinj.utils.BtcFormatTest" time="0.0">
    <skipped/>
  </testcase>
  <testcase name="characterIteratorTest[66]" classname="org.bitcoinj.utils.BtcFormatTest" time="0.001"/>
  <testcase name="repeatingPlaceTest[66]" classname="org.bitcoinj.utils.BtcFormatTest" time="0.0"/>
  <testcase name="currencyCodeTest[66]" classname="org.bitcoinj.utils.BtcFormatTest" time="0.0">
    <skipped/>
  </testcase>
  <testcase name="patternDecimalPlaces[66]" classname="org.bitcoinj.utils.BtcFormatTest" time="0.001"/>
  <testcase name="factoryArgumentsTest[67]" classname="org.bitcoinj.utils.BtcFormatTest" time="0.002"/>
  <testcase name="parseTest[67]" classname="org.bitcoinj.utils.BtcFormatTest" time="0.0">
    <skipped/>
  </testcase>
  <testcase name="microcoinScaleTest[67]" classname="org.bitcoinj.utils.BtcFormatTest" time="0.001"/>
  <testcase name="parseMetricTest[67]" classname="org.bitcoinj.utils.BtcFormatTest" time="0.004"/>
  <testcase name="coinScaleTest[67]" classname="org.bitcoinj.utils.BtcFormatTest" time="0.0"/>
  <testcase name="builderTest[67]" classname="org.bitcoinj.utils.BtcFormatTest" time="0.0">
    <skipped/>
  </testcase>
  <testcase name="attributeTest[67]" classname="org.bitcoinj.utils.BtcFormatTest" time="0.0">
    <skipped/>
  </testcase>
  <testcase name="prefixTest[67]" classname="org.bitcoinj.utils.BtcFormatTest" time="0.001"/>
  <testcase name="suffixTest[67]" classname="org.bitcoinj.utils.BtcFormatTest" time="0.0">
    <skipped/>
  </testcase>
  <testcase name="autoDecimalTest[67]" classname="org.bitcoinj.utils.BtcFormatTest" time="0.002"/>
  <testcase name="symbolCollisionTest[67]" classname="org.bitcoinj.utils.BtcFormatTest" time="0.022"/>
  <testcase name="equalityTest[67]" classname="org.bitcoinj.utils.BtcFormatTest" time="0.034"/>
  <testcase name="columnAlignmentTest[67]" classname="org.bitcoinj.utils.BtcFormatTest" time="0.001"/>
  <testcase name="factoryTest[67]" classname="org.bitcoinj.utils.BtcFormatTest" time="0.002"/>
  <testcase name="parse[67]" classname="org.bitcoinj.utils.BtcFormatTest" time="0.0"/>
  <testcase name="btcRounding[67]" classname="org.bitcoinj.utils.BtcFormatTest" time="0.025"/>
  <testcase name="negativeTest[67]" classname="org.bitcoinj.utils.BtcFormatTest" time="0.0">
    <skipped/>
  </testcase>
  <testcase name="millicoinScaleTest[67]" classname="org.bitcoinj.utils.BtcFormatTest" time="0.0"/>
  <testcase name="toStringTest[67]" classname="org.bitcoinj.utils.BtcFormatTest" time="0.0">
    <skipped/>
  </testcase>
  <testcase name="testGrouping[67]" classname="org.bitcoinj.utils.BtcFormatTest" time="0.0"/>
  <testcase name="symbolsCodesTest[67]" classname="org.bitcoinj.utils.BtcFormatTest" time="0.002"/>
  <testcase name="defaultLocaleTest[67]" classname="org.bitcoinj.utils.BtcFormatTest" time="0.0"/>
  <testcase name="parsePositionTest[67]" classname="org.bitcoinj.utils.BtcFormatTest" time="0.001"/>
  <testcase name="argumentTypeTest[67]" classname="org.bitcoinj.utils.BtcFormatTest" time="0.0">
    <skipped/>
  </testcase>
  <testcase name="characterIteratorTest[67]" classname="org.bitcoinj.utils.BtcFormatTest" time="0.001"/>
  <testcase name="repeatingPlaceTest[67]" classname="org.bitcoinj.utils.BtcFormatTest" time="0.0"/>
  <testcase name="currencyCodeTest[67]" classname="org.bitcoinj.utils.BtcFormatTest" time="0.0">
    <skipped/>
  </testcase>
  <testcase name="patternDecimalPlaces[67]" classname="org.bitcoinj.utils.BtcFormatTest" time="0.0"/>
  <testcase name="factoryArgumentsTest[68]" classname="org.bitcoinj.utils.BtcFormatTest" time="0.009"/>
  <testcase name="parseTest[68]" classname="org.bitcoinj.utils.BtcFormatTest" time="0.0">
    <skipped/>
  </testcase>
  <testcase name="microcoinScaleTest[68]" classname="org.bitcoinj.utils.BtcFormatTest" time="0.001"/>
  <testcase name="parseMetricTest[68]" classname="org.bitcoinj.utils.BtcFormatTest" time="0.002"/>
  <testcase name="coinScaleTest[68]" classname="org.bitcoinj.utils.BtcFormatTest" time="0.019"/>
  <testcase name="builderTest[68]" classname="org.bitcoinj.utils.BtcFormatTest" time="0.0">
    <skipped/>
  </testcase>
  <testcase name="attributeTest[68]" classname="org.bitcoinj.utils.BtcFormatTest" time="0.0">
    <skipped/>
  </testcase>
  <testcase name="prefixTest[68]" classname="org.bitcoinj.utils.BtcFormatTest" time="0.001"/>
  <testcase name="suffixTest[68]" classname="org.bitcoinj.utils.BtcFormatTest" time="0.0">
    <skipped/>
  </testcase>
  <testcase name="autoDecimalTest[68]" classname="org.bitcoinj.utils.BtcFormatTest" time="0.002"/>
  <testcase name="symbolCollisionTest[68]" classname="org.bitcoinj.utils.BtcFormatTest" time="0.006"/>
  <testcase name="equalityTest[68]" classname="org.bitcoinj.utils.BtcFormatTest" time="0.017"/>
  <testcase name="columnAlignmentTest[68]" classname="org.bitcoinj.utils.BtcFormatTest" time="0.001"/>
  <testcase name="factoryTest[68]" classname="org.bitcoinj.utils.BtcFormatTest" time="0.001"/>
  <testcase name="parse[68]" classname="org.bitcoinj.utils.BtcFormatTest" time="0.0"/>
  <testcase name="btcRounding[68]" classname="org.bitcoinj.utils.BtcFormatTest" time="0.004"/>
  <testcase name="negativeTest[68]" classname="org.bitcoinj.utils.BtcFormatTest" time="0.0">
    <skipped/>
  </testcase>
  <testcase name="millicoinScaleTest[68]" classname="org.bitcoinj.utils.BtcFormatTest" time="0.0"/>
  <testcase name="toStringTest[68]" classname="org.bitcoinj.utils.BtcFormatTest" time="0.0">
    <skipped/>
  </testcase>
  <testcase name="testGrouping[68]" classname="org.bitcoinj.utils.BtcFormatTest" time="0.0"/>
  <testcase name="symbolsCodesTest[68]" classname="org.bitcoinj.utils.BtcFormatTest" time="0.001"/>
  <testcase name="defaultLocaleTest[68]" classname="org.bitcoinj.utils.BtcFormatTest" time="0.0"/>
  <testcase name="parsePositionTest[68]" classname="org.bitcoinj.utils.BtcFormatTest" time="0.001"/>
  <testcase name="argumentTypeTest[68]" classname="org.bitcoinj.utils.BtcFormatTest" time="0.0">
    <skipped/>
  </testcase>
  <testcase name="characterIteratorTest[68]" classname="org.bitcoinj.utils.BtcFormatTest" time="0.001"/>
  <testcase name="repeatingPlaceTest[68]" classname="org.bitcoinj.utils.BtcFormatTest" time="0.0"/>
  <testcase name="currencyCodeTest[68]" classname="org.bitcoinj.utils.BtcFormatTest" time="0.0">
    <skipped/>
  </testcase>
  <testcase name="patternDecimalPlaces[68]" classname="org.bitcoinj.utils.BtcFormatTest" time="0.0"/>
  <testcase name="factoryArgumentsTest[69]" classname="org.bitcoinj.utils.BtcFormatTest" time="0.003"/>
  <testcase name="parseTest[69]" classname="org.bitcoinj.utils.BtcFormatTest" time="0.0">
    <skipped/>
  </testcase>
  <testcase name="microcoinScaleTest[69]" classname="org.bitcoinj.utils.BtcFormatTest" time="0.0"/>
  <testcase name="parseMetricTest[69]" classname="org.bitcoinj.utils.BtcFormatTest" time="0.003"/>
  <testcase name="coinScaleTest[69]" classname="org.bitcoinj.utils.BtcFormatTest" time="0.0"/>
  <testcase name="builderTest[69]" classname="org.bitcoinj.utils.BtcFormatTest" time="0.0">
    <skipped/>
  </testcase>
  <testcase name="attributeTest[69]" classname="org.bitcoinj.utils.BtcFormatTest" time="0.0">
    <skipped/>
  </testcase>
  <testcase name="prefixTest[69]" classname="org.bitcoinj.utils.BtcFormatTest" time="0.0"/>
  <testcase name="suffixTest[69]" classname="org.bitcoinj.utils.BtcFormatTest" time="0.0">
    <skipped/>
  </testcase>
  <testcase name="autoDecimalTest[69]" classname="org.bitcoinj.utils.BtcFormatTest" time="0.002"/>
  <testcase name="symbolCollisionTest[69]" classname="org.bitcoinj.utils.BtcFormatTest" time="0.005"/>
  <testcase name="equalityTest[69]" classname="org.bitcoinj.utils.BtcFormatTest" time="0.005"/>
  <testcase name="columnAlignmentTest[69]" classname="org.bitcoinj.utils.BtcFormatTest" time="0.0"/>
  <testcase name="factoryTest[69]" classname="org.bitcoinj.utils.BtcFormatTest" time="0.001"/>
  <testcase name="parse[69]" classname="org.bitcoinj.utils.BtcFormatTest" time="0.0"/>
  <testcase name="btcRounding[69]" classname="org.bitcoinj.utils.BtcFormatTest" time="0.004"/>
  <testcase name="negativeTest[69]" classname="org.bitcoinj.utils.BtcFormatTest" time="0.0">
    <skipped/>
  </testcase>
  <testcase name="millicoinScaleTest[69]" classname="org.bitcoinj.utils.BtcFormatTest" time="0.001"/>
  <testcase name="toStringTest[69]" classname="org.bitcoinj.utils.BtcFormatTest" time="0.0">
    <skipped/>
  </testcase>
  <testcase name="testGrouping[69]" classname="org.bitcoinj.utils.BtcFormatTest" time="0.001"/>
  <testcase name="symbolsCodesTest[69]" classname="org.bitcoinj.utils.BtcFormatTest" time="0.001"/>
  <testcase name="defaultLocaleTest[69]" classname="org.bitcoinj.utils.BtcFormatTest" time="0.001"/>
  <testcase name="parsePositionTest[69]" classname="org.bitcoinj.utils.BtcFormatTest" time="0.0"/>
  <testcase name="argumentTypeTest[69]" classname="org.bitcoinj.utils.BtcFormatTest" time="0.0">
    <skipped/>
  </testcase>
  <testcase name="characterIteratorTest[69]" classname="org.bitcoinj.utils.BtcFormatTest" time="0.001"/>
  <testcase name="repeatingPlaceTest[69]" classname="org.bitcoinj.utils.BtcFormatTest" time="0.0"/>
  <testcase name="currencyCodeTest[69]" classname="org.bitcoinj.utils.BtcFormatTest" time="0.0">
    <skipped/>
  </testcase>
  <testcase name="patternDecimalPlaces[69]" classname="org.bitcoinj.utils.BtcFormatTest" time="0.0"/>
  <testcase name="factoryArgumentsTest[70]" classname="org.bitcoinj.utils.BtcFormatTest" time="0.006"/>
  <testcase name="parseTest[70]" classname="org.bitcoinj.utils.BtcFormatTest" time="0.0">
    <skipped/>
  </testcase>
  <testcase name="microcoinScaleTest[70]" classname="org.bitcoinj.utils.BtcFormatTest" time="0.001"/>
  <testcase name="parseMetricTest[70]" classname="org.bitcoinj.utils.BtcFormatTest" time="0.002"/>
  <testcase name="coinScaleTest[70]" classname="org.bitcoinj.utils.BtcFormatTest" time="0.0"/>
  <testcase name="builderTest[70]" classname="org.bitcoinj.utils.BtcFormatTest" time="0.0">
    <skipped/>
  </testcase>
  <testcase name="attributeTest[70]" classname="org.bitcoinj.utils.BtcFormatTest" time="0.0">
    <skipped/>
  </testcase>
  <testcase name="prefixTest[70]" classname="org.bitcoinj.utils.BtcFormatTest" time="0.001"/>
  <testcase name="suffixTest[70]" classname="org.bitcoinj.utils.BtcFormatTest" time="0.0">
    <skipped/>
  </testcase>
  <testcase name="autoDecimalTest[70]" classname="org.bitcoinj.utils.BtcFormatTest" time="0.002"/>
  <testcase name="symbolCollisionTest[70]" classname="org.bitcoinj.utils.BtcFormatTest" time="0.019"/>
  <testcase name="equalityTest[70]" classname="org.bitcoinj.utils.BtcFormatTest" time="0.004"/>
  <testcase name="columnAlignmentTest[70]" classname="org.bitcoinj.utils.BtcFormatTest" time="0.001"/>
  <testcase name="factoryTest[70]" classname="org.bitcoinj.utils.BtcFormatTest" time="0.001"/>
  <testcase name="parse[70]" classname="org.bitcoinj.utils.BtcFormatTest" time="0.0"/>
  <testcase name="btcRounding[70]" classname="org.bitcoinj.utils.BtcFormatTest" time="0.002"/>
  <testcase name="negativeTest[70]" classname="org.bitcoinj.utils.BtcFormatTest" time="0.0">
    <skipped/>
  </testcase>
  <testcase name="millicoinScaleTest[70]" classname="org.bitcoinj.utils.BtcFormatTest" time="0.0"/>
  <testcase name="toStringTest[70]" classname="org.bitcoinj.utils.BtcFormatTest" time="0.0">
    <skipped/>
  </testcase>
  <testcase name="testGrouping[70]" classname="org.bitcoinj.utils.BtcFormatTest" time="0.001"/>
  <testcase name="symbolsCodesTest[70]" classname="org.bitcoinj.utils.BtcFormatTest" time="0.001"/>
  <testcase name="defaultLocaleTest[70]" classname="org.bitcoinj.utils.BtcFormatTest" time="0.001"/>
  <testcase name="parsePositionTest[70]" classname="org.bitcoinj.utils.BtcFormatTest" time="0.0"/>
  <testcase name="argumentTypeTest[70]" classname="org.bitcoinj.utils.BtcFormatTest" time="0.0">
    <skipped/>
  </testcase>
  <testcase name="characterIteratorTest[70]" classname="org.bitcoinj.utils.BtcFormatTest" time="0.001"/>
  <testcase name="repeatingPlaceTest[70]" classname="org.bitcoinj.utils.BtcFormatTest" time="0.001"/>
  <testcase name="currencyCodeTest[70]" classname="org.bitcoinj.utils.BtcFormatTest" time="0.0">
    <skipped/>
  </testcase>
  <testcase name="patternDecimalPlaces[70]" classname="org.bitcoinj.utils.BtcFormatTest" time="0.0"/>
  <testcase name="factoryArgumentsTest[71]" classname="org.bitcoinj.utils.BtcFormatTest" time="0.002"/>
  <testcase name="parseTest[71]" classname="org.bitcoinj.utils.BtcFormatTest" time="0.004">
    <skipped/>
  </testcase>
  <testcase name="microcoinScaleTest[71]" classname="org.bitcoinj.utils.BtcFormatTest" time="0.0"/>
  <testcase name="parseMetricTest[71]" classname="org.bitcoinj.utils.BtcFormatTest" time="0.002"/>
  <testcase name="coinScaleTest[71]" classname="org.bitcoinj.utils.BtcFormatTest" time="0.0"/>
  <testcase name="builderTest[71]" classname="org.bitcoinj.utils.BtcFormatTest" time="0.0">
    <skipped/>
  </testcase>
  <testcase name="attributeTest[71]" classname="org.bitcoinj.utils.BtcFormatTest" time="0.0">
    <skipped/>
  </testcase>
  <testcase name="prefixTest[71]" classname="org.bitcoinj.utils.BtcFormatTest" time="0.0"/>
  <testcase name="suffixTest[71]" classname="org.bitcoinj.utils.BtcFormatTest" time="0.0">
    <skipped/>
  </testcase>
  <testcase name="autoDecimalTest[71]" classname="org.bitcoinj.utils.BtcFormatTest" time="0.002"/>
  <testcase name="symbolCollisionTest[71]" classname="org.bitcoinj.utils.BtcFormatTest" time="0.004"/>
  <testcase name="equalityTest[71]" classname="org.bitcoinj.utils.BtcFormatTest" time="0.006"/>
  <testcase name="columnAlignmentTest[71]" classname="org.bitcoinj.utils.BtcFormatTest" time="0.001"/>
  <testcase name="factoryTest[71]" classname="org.bitcoinj.utils.BtcFormatTest" time="0.006"/>
  <testcase name="parse[71]" classname="org.bitcoinj.utils.BtcFormatTest" time="0.001"/>
  <testcase name="btcRounding[71]" classname="org.bitcoinj.utils.BtcFormatTest" time="0.002"/>
  <testcase name="negativeTest[71]" classname="org.bitcoinj.utils.BtcFormatTest" time="0.001">
    <skipped/>
  </testcase>
  <testcase name="millicoinScaleTest[71]" classname="org.bitcoinj.utils.BtcFormatTest" time="0.0"/>
  <testcase name="toStringTest[71]" classname="org.bitcoinj.utils.BtcFormatTest" time="0.0">
    <skipped/>
  </testcase>
  <testcase name="testGrouping[71]" classname="org.bitcoinj.utils.BtcFormatTest" time="0.001"/>
  <testcase name="symbolsCodesTest[71]" classname="org.bitcoinj.utils.BtcFormatTest" time="0.001"/>
  <testcase name="defaultLocaleTest[71]" classname="org.bitcoinj.utils.BtcFormatTest" time="0.0"/>
  <testcase name="parsePositionTest[71]" classname="org.bitcoinj.utils.BtcFormatTest" time="0.001"/>
  <testcase name="argumentTypeTest[71]" classname="org.bitcoinj.utils.BtcFormatTest" time="0.0">
    <skipped/>
  </testcase>
  <testcase name="characterIteratorTest[71]" classname="org.bitcoinj.utils.BtcFormatTest" time="0.0"/>
  <testcase name="repeatingPlaceTest[71]" classname="org.bitcoinj.utils.BtcFormatTest" time="0.001"/>
  <testcase name="currencyCodeTest[71]" classname="org.bitcoinj.utils.BtcFormatTest" time="0.0">
    <skipped/>
  </testcase>
  <testcase name="patternDecimalPlaces[71]" classname="org.bitcoinj.utils.BtcFormatTest" time="0.0"/>
  <testcase name="factoryArgumentsTest[72]" classname="org.bitcoinj.utils.BtcFormatTest" time="0.003"/>
  <testcase name="parseTest[72]" classname="org.bitcoinj.utils.BtcFormatTest" time="0.0">
    <skipped/>
  </testcase>
  <testcase name="microcoinScaleTest[72]" classname="org.bitcoinj.utils.BtcFormatTest" time="0.0"/>
  <testcase name="parseMetricTest[72]" classname="org.bitcoinj.utils.BtcFormatTest" time="0.003"/>
  <testcase name="coinScaleTest[72]" classname="org.bitcoinj.utils.BtcFormatTest" time="0.0"/>
  <testcase name="builderTest[72]" classname="org.bitcoinj.utils.BtcFormatTest" time="0.0">
    <skipped/>
  </testcase>
  <testcase name="attributeTest[72]" classname="org.bitcoinj.utils.BtcFormatTest" time="0.0">
    <skipped/>
  </testcase>
  <testcase name="prefixTest[72]" classname="org.bitcoinj.utils.BtcFormatTest" time="0.0"/>
  <testcase name="suffixTest[72]" classname="org.bitcoinj.utils.BtcFormatTest" time="0.0">
    <skipped/>
  </testcase>
  <testcase name="autoDecimalTest[72]" classname="org.bitcoinj.utils.BtcFormatTest" time="0.002"/>
  <testcase name="symbolCollisionTest[72]" classname="org.bitcoinj.utils.BtcFormatTest" time="0.006"/>
  <testcase name="equalityTest[72]" classname="org.bitcoinj.utils.BtcFormatTest" time="0.004"/>
  <testcase name="columnAlignmentTest[72]" classname="org.bitcoinj.utils.BtcFormatTest" time="0.0"/>
  <testcase name="factoryTest[72]" classname="org.bitcoinj.utils.BtcFormatTest" time="0.001"/>
  <testcase name="parse[72]" classname="org.bitcoinj.utils.BtcFormatTest" time="0.0"/>
  <testcase name="btcRounding[72]" classname="org.bitcoinj.utils.BtcFormatTest" time="0.002"/>
  <testcase name="negativeTest[72]" classname="org.bitcoinj.utils.BtcFormatTest" time="0.0">
    <skipped/>
  </testcase>
  <testcase name="millicoinScaleTest[72]" classname="org.bitcoinj.utils.BtcFormatTest" time="0.001"/>
  <testcase name="toStringTest[72]" classname="org.bitcoinj.utils.BtcFormatTest" time="0.0">
    <skipped/>
  </testcase>
  <testcase name="testGrouping[72]" classname="org.bitcoinj.utils.BtcFormatTest" time="0.0"/>
  <testcase name="symbolsCodesTest[72]" classname="org.bitcoinj.utils.BtcFormatTest" time="0.001"/>
  <testcase name="defaultLocaleTest[72]" classname="org.bitcoinj.utils.BtcFormatTest" time="0.0"/>
  <testcase name="parsePositionTest[72]" classname="org.bitcoinj.utils.BtcFormatTest" time="0.001"/>
  <testcase name="argumentTypeTest[72]" classname="org.bitcoinj.utils.BtcFormatTest" time="0.0">
    <skipped/>
  </testcase>
  <testcase name="characterIteratorTest[72]" classname="org.bitcoinj.utils.BtcFormatTest" time="0.001"/>
  <testcase name="repeatingPlaceTest[72]" classname="org.bitcoinj.utils.BtcFormatTest" time="0.013"/>
  <testcase name="currencyCodeTest[72]" classname="org.bitcoinj.utils.BtcFormatTest" time="0.0">
    <skipped/>
  </testcase>
  <testcase name="patternDecimalPlaces[72]" classname="org.bitcoinj.utils.BtcFormatTest" time="0.0"/>
  <testcase name="factoryArgumentsTest[73]" classname="org.bitcoinj.utils.BtcFormatTest" time="0.002"/>
  <testcase name="parseTest[73]" classname="org.bitcoinj.utils.BtcFormatTest" time="0.0">
    <skipped/>
  </testcase>
  <testcase name="microcoinScaleTest[73]" classname="org.bitcoinj.utils.BtcFormatTest" time="0.0"/>
  <testcase name="parseMetricTest[73]" classname="org.bitcoinj.utils.BtcFormatTest" time="0.002"/>
  <testcase name="coinScaleTest[73]" classname="org.bitcoinj.utils.BtcFormatTest" time="0.0"/>
  <testcase name="builderTest[73]" classname="org.bitcoinj.utils.BtcFormatTest" time="0.0">
    <skipped/>
  </testcase>
  <testcase name="attributeTest[73]" classname="org.bitcoinj.utils.BtcFormatTest" time="0.0">
    <skipped/>
  </testcase>
  <testcase name="prefixTest[73]" classname="org.bitcoinj.utils.BtcFormatTest" time="0.0"/>
  <testcase name="suffixTest[73]" classname="org.bitcoinj.utils.BtcFormatTest" time="0.001">
    <skipped/>
  </testcase>
  <testcase name="autoDecimalTest[73]" classname="org.bitcoinj.utils.BtcFormatTest" time="0.002"/>
  <testcase name="symbolCollisionTest[73]" classname="org.bitcoinj.utils.BtcFormatTest" time="0.004"/>
  <testcase name="equalityTest[73]" classname="org.bitcoinj.utils.BtcFormatTest" time="0.003"/>
  <testcase name="columnAlignmentTest[73]" classname="org.bitcoinj.utils.BtcFormatTest" time="0.001"/>
  <testcase name="factoryTest[73]" classname="org.bitcoinj.utils.BtcFormatTest" time="0.0"/>
  <testcase name="parse[73]" classname="org.bitcoinj.utils.BtcFormatTest" time="0.0"/>
  <testcase name="btcRounding[73]" classname="org.bitcoinj.utils.BtcFormatTest" time="0.003"/>
  <testcase name="negativeTest[73]" classname="org.bitcoinj.utils.BtcFormatTest" time="0.0">
    <skipped/>
  </testcase>
  <testcase name="millicoinScaleTest[73]" classname="org.bitcoinj.utils.BtcFormatTest" time="0.0"/>
  <testcase name="toStringTest[73]" classname="org.bitcoinj.utils.BtcFormatTest" time="0.0">
    <skipped/>
  </testcase>
  <testcase name="testGrouping[73]" classname="org.bitcoinj.utils.BtcFormatTest" time="0.001"/>
  <testcase name="symbolsCodesTest[73]" classname="org.bitcoinj.utils.BtcFormatTest" time="0.003"/>
  <testcase name="defaultLocaleTest[73]" classname="org.bitcoinj.utils.BtcFormatTest" time="0.001"/>
  <testcase name="parsePositionTest[73]" classname="org.bitcoinj.utils.BtcFormatTest" time="0.001"/>
  <testcase name="argumentTypeTest[73]" classname="org.bitcoinj.utils.BtcFormatTest" time="0.0">
    <skipped/>
  </testcase>
  <testcase name="characterIteratorTest[73]" classname="org.bitcoinj.utils.BtcFormatTest" time="0.001"/>
  <testcase name="repeatingPlaceTest[73]" classname="org.bitcoinj.utils.BtcFormatTest" time="0.001"/>
  <testcase name="currencyCodeTest[73]" classname="org.bitcoinj.utils.BtcFormatTest" time="0.0">
    <skipped/>
  </testcase>
  <testcase name="patternDecimalPlaces[73]" classname="org.bitcoinj.utils.BtcFormatTest" time="0.0"/>
  <testcase name="factoryArgumentsTest[74]" classname="org.bitcoinj.utils.BtcFormatTest" time="0.002"/>
  <testcase name="parseTest[74]" classname="org.bitcoinj.utils.BtcFormatTest" time="0.0">
    <skipped/>
  </testcase>
  <testcase name="microcoinScaleTest[74]" classname="org.bitcoinj.utils.BtcFormatTest" time="0.0"/>
  <testcase name="parseMetricTest[74]" classname="org.bitcoinj.utils.BtcFormatTest" time="0.002"/>
  <testcase name="coinScaleTest[74]" classname="org.bitcoinj.utils.BtcFormatTest" time="0.0"/>
  <testcase name="builderTest[74]" classname="org.bitcoinj.utils.BtcFormatTest" time="0.0">
    <skipped/>
  </testcase>
  <testcase name="attributeTest[74]" classname="org.bitcoinj.utils.BtcFormatTest" time="0.0">
    <skipped/>
  </testcase>
  <testcase name="prefixTest[74]" classname="org.bitcoinj.utils.BtcFormatTest" time="0.0"/>
  <testcase name="suffixTest[74]" classname="org.bitcoinj.utils.BtcFormatTest" time="0.0">
    <skipped/>
  </testcase>
  <testcase name="autoDecimalTest[74]" classname="org.bitcoinj.utils.BtcFormatTest" time="0.002"/>
  <testcase name="symbolCollisionTest[74]" classname="org.bitcoinj.utils.BtcFormatTest" time="0.005"/>
  <testcase name="equalityTest[74]" classname="org.bitcoinj.utils.BtcFormatTest" time="0.003"/>
  <testcase name="columnAlignmentTest[74]" classname="org.bitcoinj.utils.BtcFormatTest" time="0.0"/>
  <testcase name="factoryTest[74]" classname="org.bitcoinj.utils.BtcFormatTest" time="0.001"/>
  <testcase name="parse[74]" classname="org.bitcoinj.utils.BtcFormatTest" time="0.0"/>
  <testcase name="btcRounding[74]" classname="org.bitcoinj.utils.BtcFormatTest" time="0.007"/>
  <testcase name="negativeTest[74]" classname="org.bitcoinj.utils.BtcFormatTest" time="0.001">
    <skipped/>
  </testcase>
  <testcase name="millicoinScaleTest[74]" classname="org.bitcoinj.utils.BtcFormatTest" time="0.0"/>
  <testcase name="toStringTest[74]" classname="org.bitcoinj.utils.BtcFormatTest" time="0.0">
    <skipped/>
  </testcase>
  <testcase name="testGrouping[74]" classname="org.bitcoinj.utils.BtcFormatTest" time="0.0"/>
  <testcase name="symbolsCodesTest[74]" classname="org.bitcoinj.utils.BtcFormatTest" time="0.001"/>
  <testcase name="defaultLocaleTest[74]" classname="org.bitcoinj.utils.BtcFormatTest" time="0.0"/>
  <testcase name="parsePositionTest[74]" classname="org.bitcoinj.utils.BtcFormatTest" time="0.001"/>
  <testcase name="argumentTypeTest[74]" classname="org.bitcoinj.utils.BtcFormatTest" time="0.0">
    <skipped/>
  </testcase>
  <testcase name="characterIteratorTest[74]" classname="org.bitcoinj.utils.BtcFormatTest" time="0.0"/>
  <testcase name="repeatingPlaceTest[74]" classname="org.bitcoinj.utils.BtcFormatTest" time="0.0"/>
  <testcase name="currencyCodeTest[74]" classname="org.bitcoinj.utils.BtcFormatTest" time="0.0">
    <skipped/>
  </testcase>
  <testcase name="patternDecimalPlaces[74]" classname="org.bitcoinj.utils.BtcFormatTest" time="0.001"/>
  <testcase name="factoryArgumentsTest[75]" classname="org.bitcoinj.utils.BtcFormatTest" time="0.002"/>
  <testcase name="parseTest[75]" classname="org.bitcoinj.utils.BtcFormatTest" time="0.0">
    <skipped/>
  </testcase>
  <testcase name="microcoinScaleTest[75]" classname="org.bitcoinj.utils.BtcFormatTest" time="0.0"/>
  <testcase name="parseMetricTest[75]" classname="org.bitcoinj.utils.BtcFormatTest" time="0.002"/>
  <testcase name="coinScaleTest[75]" classname="org.bitcoinj.utils.BtcFormatTest" time="0.0"/>
  <testcase name="builderTest[75]" classname="org.bitcoinj.utils.BtcFormatTest" time="0.0">
    <skipped/>
  </testcase>
  <testcase name="attributeTest[75]" classname="org.bitcoinj.utils.BtcFormatTest" time="0.0">
    <skipped/>
  </testcase>
  <testcase name="prefixTest[75]" classname="org.bitcoinj.utils.BtcFormatTest" time="0.002"/>
  <testcase name="suffixTest[75]" classname="org.bitcoinj.utils.BtcFormatTest" time="0.0">
    <skipped/>
  </testcase>
  <testcase name="autoDecimalTest[75]" classname="org.bitcoinj.utils.BtcFormatTest" time="0.012"/>
  <testcase name="symbolCollisionTest[75]" classname="org.bitcoinj.utils.BtcFormatTest" time="0.013"/>
  <testcase name="equalityTest[75]" classname="org.bitcoinj.utils.BtcFormatTest" time="0.004"/>
  <testcase name="columnAlignmentTest[75]" classname="org.bitcoinj.utils.BtcFormatTest" time="0.001"/>
  <testcase name="factoryTest[75]" classname="org.bitcoinj.utils.BtcFormatTest" time="0.006"/>
  <testcase name="parse[75]" classname="org.bitcoinj.utils.BtcFormatTest" time="0.0"/>
  <testcase name="btcRounding[75]" classname="org.bitcoinj.utils.BtcFormatTest" time="0.003"/>
  <testcase name="negativeTest[75]" classname="org.bitcoinj.utils.BtcFormatTest" time="0.0">
    <skipped/>
  </testcase>
  <testcase name="millicoinScaleTest[75]" classname="org.bitcoinj.utils.BtcFormatTest" time="0.0"/>
  <testcase name="toStringTest[75]" classname="org.bitcoinj.utils.BtcFormatTest" time="0.001">
    <skipped/>
  </testcase>
  <testcase name="testGrouping[75]" classname="org.bitcoinj.utils.BtcFormatTest" time="0.0"/>
  <testcase name="symbolsCodesTest[75]" classname="org.bitcoinj.utils.BtcFormatTest" time="0.002"/>
  <testcase name="defaultLocaleTest[75]" classname="org.bitcoinj.utils.BtcFormatTest" time="0.0"/>
  <testcase name="parsePositionTest[75]" classname="org.bitcoinj.utils.BtcFormatTest" time="0.001"/>
  <testcase name="argumentTypeTest[75]" classname="org.bitcoinj.utils.BtcFormatTest" time="0.0">
    <skipped/>
  </testcase>
  <testcase name="characterIteratorTest[75]" classname="org.bitcoinj.utils.BtcFormatTest" time="0.001"/>
  <testcase name="repeatingPlaceTest[75]" classname="org.bitcoinj.utils.BtcFormatTest" time="0.005"/>
  <testcase name="currencyCodeTest[75]" classname="org.bitcoinj.utils.BtcFormatTest" time="0.0">
    <skipped/>
  </testcase>
  <testcase name="patternDecimalPlaces[75]" classname="org.bitcoinj.utils.BtcFormatTest" time="0.0"/>
  <testcase name="factoryArgumentsTest[76]" classname="org.bitcoinj.utils.BtcFormatTest" time="0.004"/>
  <testcase name="parseTest[76]" classname="org.bitcoinj.utils.BtcFormatTest" time="0.0">
    <skipped/>
  </testcase>
  <testcase name="microcoinScaleTest[76]" classname="org.bitcoinj.utils.BtcFormatTest" time="0.0"/>
  <testcase name="parseMetricTest[76]" classname="org.bitcoinj.utils.BtcFormatTest" time="0.005"/>
  <testcase name="coinScaleTest[76]" classname="org.bitcoinj.utils.BtcFormatTest" time="0.0"/>
  <testcase name="builderTest[76]" classname="org.bitcoinj.utils.BtcFormatTest" time="0.0">
    <skipped/>
  </testcase>
  <testcase name="attributeTest[76]" classname="org.bitcoinj.utils.BtcFormatTest" time="0.0">
    <skipped/>
  </testcase>
  <testcase name="prefixTest[76]" classname="org.bitcoinj.utils.BtcFormatTest" time="0.001"/>
  <testcase name="suffixTest[76]" classname="org.bitcoinj.utils.BtcFormatTest" time="0.0">
    <skipped/>
  </testcase>
  <testcase name="autoDecimalTest[76]" classname="org.bitcoinj.utils.BtcFormatTest" time="0.01"/>
  <testcase name="symbolCollisionTest[76]" classname="org.bitcoinj.utils.BtcFormatTest" time="0.004"/>
  <testcase name="equalityTest[76]" classname="org.bitcoinj.utils.BtcFormatTest" time="0.005"/>
  <testcase name="columnAlignmentTest[76]" classname="org.bitcoinj.utils.BtcFormatTest" time="0.0"/>
  <testcase name="factoryTest[76]" classname="org.bitcoinj.utils.BtcFormatTest" time="0.001"/>
  <testcase name="parse[76]" classname="org.bitcoinj.utils.BtcFormatTest" time="0.001"/>
  <testcase name="btcRounding[76]" classname="org.bitcoinj.utils.BtcFormatTest" time="0.005"/>
  <testcase name="negativeTest[76]" classname="org.bitcoinj.utils.BtcFormatTest" time="0.0">
    <skipped/>
  </testcase>
  <testcase name="millicoinScaleTest[76]" classname="org.bitcoinj.utils.BtcFormatTest" time="0.0"/>
  <testcase name="toStringTest[76]" classname="org.bitcoinj.utils.BtcFormatTest" time="0.0">
    <skipped/>
  </testcase>
  <testcase name="testGrouping[76]" classname="org.bitcoinj.utils.BtcFormatTest" time="0.0"/>
  <testcase name="symbolsCodesTest[76]" classname="org.bitcoinj.utils.BtcFormatTest" time="0.001"/>
  <testcase name="defaultLocaleTest[76]" classname="org.bitcoinj.utils.BtcFormatTest" time="0.0"/>
  <testcase name="parsePositionTest[76]" classname="org.bitcoinj.utils.BtcFormatTest" time="0.001"/>
  <testcase name="argumentTypeTest[76]" classname="org.bitcoinj.utils.BtcFormatTest" time="0.0">
    <skipped/>
  </testcase>
  <testcase name="characterIteratorTest[76]" classname="org.bitcoinj.utils.BtcFormatTest" time="0.0"/>
  <testcase name="repeatingPlaceTest[76]" classname="org.bitcoinj.utils.BtcFormatTest" time="0.001"/>
  <testcase name="currencyCodeTest[76]" classname="org.bitcoinj.utils.BtcFormatTest" time="0.0">
    <skipped/>
  </testcase>
  <testcase name="patternDecimalPlaces[76]" classname="org.bitcoinj.utils.BtcFormatTest" time="0.0"/>
  <testcase name="factoryArgumentsTest[77]" classname="org.bitcoinj.utils.BtcFormatTest" time="0.002"/>
  <testcase name="parseTest[77]" classname="org.bitcoinj.utils.BtcFormatTest" time="0.0">
    <skipped/>
  </testcase>
  <testcase name="microcoinScaleTest[77]" classname="org.bitcoinj.utils.BtcFormatTest" time="0.0"/>
  <testcase name="parseMetricTest[77]" classname="org.bitcoinj.utils.BtcFormatTest" time="0.002"/>
  <testcase name="coinScaleTest[77]" classname="org.bitcoinj.utils.BtcFormatTest" time="0.0"/>
  <testcase name="builderTest[77]" classname="org.bitcoinj.utils.BtcFormatTest" time="0.0">
    <skipped/>
  </testcase>
  <testcase name="attributeTest[77]" classname="org.bitcoinj.utils.BtcFormatTest" time="0.0">
    <skipped/>
  </testcase>
  <testcase name="prefixTest[77]" classname="org.bitcoinj.utils.BtcFormatTest" time="0.001"/>
  <testcase name="suffixTest[77]" classname="org.bitcoinj.utils.BtcFormatTest" time="0.0">
    <skipped/>
  </testcase>
  <testcase name="autoDecimalTest[77]" classname="org.bitcoinj.utils.BtcFormatTest" time="0.002"/>
  <testcase name="symbolCollisionTest[77]" classname="org.bitcoinj.utils.BtcFormatTest" time="0.007"/>
  <testcase name="equalityTest[77]" classname="org.bitcoinj.utils.BtcFormatTest" time="0.008"/>
  <testcase name="columnAlignmentTest[77]" classname="org.bitcoinj.utils.BtcFormatTest" time="0.001"/>
  <testcase name="factoryTest[77]" classname="org.bitcoinj.utils.BtcFormatTest" time="0.0"/>
  <testcase name="parse[77]" classname="org.bitcoinj.utils.BtcFormatTest" time="0.001"/>
  <testcase name="btcRounding[77]" classname="org.bitcoinj.utils.BtcFormatTest" time="0.003"/>
  <testcase name="negativeTest[77]" classname="org.bitcoinj.utils.BtcFormatTest" time="0.0">
    <skipped/>
  </testcase>
  <testcase name="millicoinScaleTest[77]" classname="org.bitcoinj.utils.BtcFormatTest" time="0.001"/>
  <testcase name="toStringTest[77]" classname="org.bitcoinj.utils.BtcFormatTest" time="0.0">
    <skipped/>
  </testcase>
  <testcase name="testGrouping[77]" classname="org.bitcoinj.utils.BtcFormatTest" time="0.001"/>
  <testcase name="symbolsCodesTest[77]" classname="org.bitcoinj.utils.BtcFormatTest" time="0.002"/>
  <testcase name="defaultLocaleTest[77]" classname="org.bitcoinj.utils.BtcFormatTest" time="0.0"/>
  <testcase name="parsePositionTest[77]" classname="org.bitcoinj.utils.BtcFormatTest" time="0.0"/>
  <testcase name="argumentTypeTest[77]" classname="org.bitcoinj.utils.BtcFormatTest" time="0.0">
    <skipped/>
  </testcase>
  <testcase name="characterIteratorTest[77]" classname="org.bitcoinj.utils.BtcFormatTest" time="0.001"/>
  <testcase name="repeatingPlaceTest[77]" classname="org.bitcoinj.utils.BtcFormatTest" time="0.001"/>
  <testcase name="currencyCodeTest[77]" classname="org.bitcoinj.utils.BtcFormatTest" time="0.0">
    <skipped/>
  </testcase>
  <testcase name="patternDecimalPlaces[77]" classname="org.bitcoinj.utils.BtcFormatTest" time="0.0"/>
  <testcase name="factoryArgumentsTest[78]" classname="org.bitcoinj.utils.BtcFormatTest" time="0.002"/>
  <testcase name="parseTest[78]" classname="org.bitcoinj.utils.BtcFormatTest" time="0.0">
    <skipped/>
  </testcase>
  <testcase name="microcoinScaleTest[78]" classname="org.bitcoinj.utils.BtcFormatTest" time="0.001"/>
  <testcase name="parseMetricTest[78]" classname="org.bitcoinj.utils.BtcFormatTest" time="0.002"/>
  <testcase name="coinScaleTest[78]" classname="org.bitcoinj.utils.BtcFormatTest" time="0.0"/>
  <testcase name="builderTest[78]" classname="org.bitcoinj.utils.BtcFormatTest" time="0.0">
    <skipped/>
  </testcase>
  <testcase name="attributeTest[78]" classname="org.bitcoinj.utils.BtcFormatTest" time="0.0">
    <skipped/>
  </testcase>
  <testcase name="prefixTest[78]" classname="org.bitcoinj.utils.BtcFormatTest" time="0.001"/>
  <testcase name="suffixTest[78]" classname="org.bitcoinj.utils.BtcFormatTest" time="0.0">
    <skipped/>
  </testcase>
  <testcase name="autoDecimalTest[78]" classname="org.bitcoinj.utils.BtcFormatTest" time="0.001"/>
  <testcase name="symbolCollisionTest[78]" classname="org.bitcoinj.utils.BtcFormatTest" time="0.007"/>
  <testcase name="equalityTest[78]" classname="org.bitcoinj.utils.BtcFormatTest" time="0.003"/>
  <testcase name="columnAlignmentTest[78]" classname="org.bitcoinj.utils.BtcFormatTest" time="0.001"/>
  <testcase name="factoryTest[78]" classname="org.bitcoinj.utils.BtcFormatTest" time="0.0"/>
  <testcase name="parse[78]" classname="org.bitcoinj.utils.BtcFormatTest" time="0.0"/>
  <testcase name="btcRounding[78]" classname="org.bitcoinj.utils.BtcFormatTest" time="0.004"/>
  <testcase name="negativeTest[78]" classname="org.bitcoinj.utils.BtcFormatTest" time="0.0">
    <skipped/>
  </testcase>
  <testcase name="millicoinScaleTest[78]" classname="org.bitcoinj.utils.BtcFormatTest" time="0.0"/>
  <testcase name="toStringTest[78]" classname="org.bitcoinj.utils.BtcFormatTest" time="0.0">
    <skipped/>
  </testcase>
  <testcase name="testGrouping[78]" classname="org.bitcoinj.utils.BtcFormatTest" time="0.001"/>
  <testcase name="symbolsCodesTest[78]" classname="org.bitcoinj.utils.BtcFormatTest" time="0.001"/>
  <testcase name="defaultLocaleTest[78]" classname="org.bitcoinj.utils.BtcFormatTest" time="0.001"/>
  <testcase name="parsePositionTest[78]" classname="org.bitcoinj.utils.BtcFormatTest" time="0.001"/>
  <testcase name="argumentTypeTest[78]" classname="org.bitcoinj.utils.BtcFormatTest" time="0.0">
    <skipped/>
  </testcase>
  <testcase name="characterIteratorTest[78]" classname="org.bitcoinj.utils.BtcFormatTest" time="0.0"/>
  <testcase name="repeatingPlaceTest[78]" classname="org.bitcoinj.utils.BtcFormatTest" time="0.001"/>
  <testcase name="currencyCodeTest[78]" classname="org.bitcoinj.utils.BtcFormatTest" time="0.0">
    <skipped/>
  </testcase>
  <testcase name="patternDecimalPlaces[78]" classname="org.bitcoinj.utils.BtcFormatTest" time="0.0"/>
  <testcase name="factoryArgumentsTest[79]" classname="org.bitcoinj.utils.BtcFormatTest" time="0.002"/>
  <testcase name="parseTest[79]" classname="org.bitcoinj.utils.BtcFormatTest" time="0.0">
    <skipped/>
  </testcase>
  <testcase name="microcoinScaleTest[79]" classname="org.bitcoinj.utils.BtcFormatTest" time="0.0"/>
  <testcase name="parseMetricTest[79]" classname="org.bitcoinj.utils.BtcFormatTest" time="0.002"/>
  <testcase name="coinScaleTest[79]" classname="org.bitcoinj.utils.BtcFormatTest" time="0.0"/>
  <testcase name="builderTest[79]" classname="org.bitcoinj.utils.BtcFormatTest" time="0.0">
    <skipped/>
  </testcase>
  <testcase name="attributeTest[79]" classname="org.bitcoinj.utils.BtcFormatTest" time="0.0">
    <skipped/>
  </testcase>
  <testcase name="prefixTest[79]" classname="org.bitcoinj.utils.BtcFormatTest" time="0.001"/>
  <testcase name="suffixTest[79]" classname="org.bitcoinj.utils.BtcFormatTest" time="0.0">
    <skipped/>
  </testcase>
  <testcase name="autoDecimalTest[79]" classname="org.bitcoinj.utils.BtcFormatTest" time="0.001"/>
  <testcase name="symbolCollisionTest[79]" classname="org.bitcoinj.utils.BtcFormatTest" time="0.005"/>
  <testcase name="equalityTest[79]" classname="org.bitcoinj.utils.BtcFormatTest" time="0.006"/>
  <testcase name="columnAlignmentTest[79]" classname="org.bitcoinj.utils.BtcFormatTest" time="0.001"/>
  <testcase name="factoryTest[79]" classname="org.bitcoinj.utils.BtcFormatTest" time="0.0"/>
  <testcase name="parse[79]" classname="org.bitcoinj.utils.BtcFormatTest" time="0.0"/>
  <testcase name="btcRounding[79]" classname="org.bitcoinj.utils.BtcFormatTest" time="0.003"/>
  <testcase name="negativeTest[79]" classname="org.bitcoinj.utils.BtcFormatTest" time="0.0">
    <skipped/>
  </testcase>
  <testcase name="millicoinScaleTest[79]" classname="org.bitcoinj.utils.BtcFormatTest" time="0.0"/>
  <testcase name="toStringTest[79]" classname="org.bitcoinj.utils.BtcFormatTest" time="0.0">
    <skipped/>
  </testcase>
  <testcase name="testGrouping[79]" classname="org.bitcoinj.utils.BtcFormatTest" time="0.001"/>
  <testcase name="symbolsCodesTest[79]" classname="org.bitcoinj.utils.BtcFormatTest" time="0.001"/>
  <testcase name="defaultLocaleTest[79]" classname="org.bitcoinj.utils.BtcFormatTest" time="0.0"/>
  <testcase name="parsePositionTest[79]" classname="org.bitcoinj.utils.BtcFormatTest" time="0.001"/>
  <testcase name="argumentTypeTest[79]" classname="org.bitcoinj.utils.BtcFormatTest" time="0.0">
    <skipped/>
  </testcase>
  <testcase name="characterIteratorTest[79]" classname="org.bitcoinj.utils.BtcFormatTest" time="0.0"/>
  <testcase name="repeatingPlaceTest[79]" classname="org.bitcoinj.utils.BtcFormatTest" time="0.001"/>
  <testcase name="currencyCodeTest[79]" classname="org.bitcoinj.utils.BtcFormatTest" time="0.0">
    <skipped/>
  </testcase>
  <testcase name="patternDecimalPlaces[79]" classname="org.bitcoinj.utils.BtcFormatTest" time="0.0"/>
  <testcase name="factoryArgumentsTest[80]" classname="org.bitcoinj.utils.BtcFormatTest" time="0.004"/>
  <testcase name="parseTest[80]" classname="org.bitcoinj.utils.BtcFormatTest" time="0.0">
    <skipped/>
  </testcase>
  <testcase name="microcoinScaleTest[80]" classname="org.bitcoinj.utils.BtcFormatTest" time="0.001"/>
  <testcase name="parseMetricTest[80]" classname="org.bitcoinj.utils.BtcFormatTest" time="0.003"/>
  <testcase name="coinScaleTest[80]" classname="org.bitcoinj.utils.BtcFormatTest" time="0.0"/>
  <testcase name="builderTest[80]" classname="org.bitcoinj.utils.BtcFormatTest" time="0.0">
    <skipped/>
  </testcase>
  <testcase name="attributeTest[80]" classname="org.bitcoinj.utils.BtcFormatTest" time="0.0">
    <skipped/>
  </testcase>
  <testcase name="prefixTest[80]" classname="org.bitcoinj.utils.BtcFormatTest" time="0.001"/>
  <testcase name="suffixTest[80]" classname="org.bitcoinj.utils.BtcFormatTest" time="0.0">
    <skipped/>
  </testcase>
  <testcase name="autoDecimalTest[80]" classname="org.bitcoinj.utils.BtcFormatTest" time="0.002"/>
  <testcase name="symbolCollisionTest[80]" classname="org.bitcoinj.utils.BtcFormatTest" time="0.005"/>
  <testcase name="equalityTest[80]" classname="org.bitcoinj.utils.BtcFormatTest" time="0.006"/>
  <testcase name="columnAlignmentTest[80]" classname="org.bitcoinj.utils.BtcFormatTest" time="0.001"/>
  <testcase name="factoryTest[80]" classname="org.bitcoinj.utils.BtcFormatTest" time="0.001"/>
  <testcase name="parse[80]" classname="org.bitcoinj.utils.BtcFormatTest" time="0.001"/>
  <testcase name="btcRounding[80]" classname="org.bitcoinj.utils.BtcFormatTest" time="0.003"/>
  <testcase name="negativeTest[80]" classname="org.bitcoinj.utils.BtcFormatTest" time="0.0">
    <skipped/>
  </testcase>
  <testcase name="millicoinScaleTest[80]" classname="org.bitcoinj.utils.BtcFormatTest" time="0.0"/>
  <testcase name="toStringTest[80]" classname="org.bitcoinj.utils.BtcFormatTest" time="0.0">
    <skipped/>
  </testcase>
  <testcase name="testGrouping[80]" classname="org.bitcoinj.utils.BtcFormatTest" time="0.001"/>
  <testcase name="symbolsCodesTest[80]" classname="org.bitcoinj.utils.BtcFormatTest" time="0.001"/>
  <testcase name="defaultLocaleTest[80]" classname="org.bitcoinj.utils.BtcFormatTest" time="0.0"/>
  <testcase name="parsePositionTest[80]" classname="org.bitcoinj.utils.BtcFormatTest" time="0.001"/>
  <testcase name="argumentTypeTest[80]" classname="org.bitcoinj.utils.BtcFormatTest" time="0.0">
    <skipped/>
  </testcase>
  <testcase name="characterIteratorTest[80]" classname="org.bitcoinj.utils.BtcFormatTest" time="0.0"/>
  <testcase name="repeatingPlaceTest[80]" classname="org.bitcoinj.utils.BtcFormatTest" time="0.0"/>
  <testcase name="currencyCodeTest[80]" classname="org.bitcoinj.utils.BtcFormatTest" time="0.0">
    <skipped/>
  </testcase>
  <testcase name="patternDecimalPlaces[80]" classname="org.bitcoinj.utils.BtcFormatTest" time="0.0"/>
  <testcase name="factoryArgumentsTest[81]" classname="org.bitcoinj.utils.BtcFormatTest" time="0.002"/>
  <testcase name="parseTest[81]" classname="org.bitcoinj.utils.BtcFormatTest" time="0.0">
    <skipped/>
  </testcase>
  <testcase name="microcoinScaleTest[81]" classname="org.bitcoinj.utils.BtcFormatTest" time="0.0"/>
  <testcase name="parseMetricTest[81]" classname="org.bitcoinj.utils.BtcFormatTest" time="0.002"/>
  <testcase name="coinScaleTest[81]" classname="org.bitcoinj.utils.BtcFormatTest" time="0.001"/>
  <testcase name="builderTest[81]" classname="org.bitcoinj.utils.BtcFormatTest" time="0.0">
    <skipped/>
  </testcase>
  <testcase name="attributeTest[81]" classname="org.bitcoinj.utils.BtcFormatTest" time="0.0">
    <skipped/>
  </testcase>
  <testcase name="prefixTest[81]" classname="org.bitcoinj.utils.BtcFormatTest" time="0.001"/>
  <testcase name="suffixTest[81]" classname="org.bitcoinj.utils.BtcFormatTest" time="0.0">
    <skipped/>
  </testcase>
  <testcase name="autoDecimalTest[81]" classname="org.bitcoinj.utils.BtcFormatTest" time="0.003"/>
  <testcase name="symbolCollisionTest[81]" classname="org.bitcoinj.utils.BtcFormatTest" time="0.004"/>
  <testcase name="equalityTest[81]" classname="org.bitcoinj.utils.BtcFormatTest" time="0.002"/>
  <testcase name="columnAlignmentTest[81]" classname="org.bitcoinj.utils.BtcFormatTest" time="0.001"/>
  <testcase name="factoryTest[81]" classname="org.bitcoinj.utils.BtcFormatTest" time="0.002"/>
  <testcase name="parse[81]" classname="org.bitcoinj.utils.BtcFormatTest" time="0.0"/>
  <testcase name="btcRounding[81]" classname="org.bitcoinj.utils.BtcFormatTest" time="0.005"/>
  <testcase name="negativeTest[81]" classname="org.bitcoinj.utils.BtcFormatTest" time="0.0">
    <skipped/>
  </testcase>
  <testcase name="millicoinScaleTest[81]" classname="org.bitcoinj.utils.BtcFormatTest" time="0.0"/>
  <testcase name="toStringTest[81]" classname="org.bitcoinj.utils.BtcFormatTest" time="0.0">
    <skipped/>
  </testcase>
  <testcase name="testGrouping[81]" classname="org.bitcoinj.utils.BtcFormatTest" time="0.001"/>
  <testcase name="symbolsCodesTest[81]" classname="org.bitcoinj.utils.BtcFormatTest" time="0.001"/>
  <testcase name="defaultLocaleTest[81]" classname="org.bitcoinj.utils.BtcFormatTest" time="0.0"/>
  <testcase name="parsePositionTest[81]" classname="org.bitcoinj.utils.BtcFormatTest" time="0.001"/>
  <testcase name="argumentTypeTest[81]" classname="org.bitcoinj.utils.BtcFormatTest" time="0.0">
    <skipped/>
  </testcase>
  <testcase name="characterIteratorTest[81]" classname="org.bitcoinj.utils.BtcFormatTest" time="0.0"/>
  <testcase name="repeatingPlaceTest[81]" classname="org.bitcoinj.utils.BtcFormatTest" time="0.001"/>
  <testcase name="currencyCodeTest[81]" classname="org.bitcoinj.utils.BtcFormatTest" time="0.0">
    <skipped/>
  </testcase>
  <testcase name="patternDecimalPlaces[81]" classname="org.bitcoinj.utils.BtcFormatTest" time="0.0"/>
  <testcase name="factoryArgumentsTest[82]" classname="org.bitcoinj.utils.BtcFormatTest" time="0.001"/>
  <testcase name="parseTest[82]" classname="org.bitcoinj.utils.BtcFormatTest" time="0.0">
    <skipped/>
  </testcase>
  <testcase name="microcoinScaleTest[82]" classname="org.bitcoinj.utils.BtcFormatTest" time="0.0"/>
  <testcase name="parseMetricTest[82]" classname="org.bitcoinj.utils.BtcFormatTest" time="0.002"/>
  <testcase name="coinScaleTest[82]" classname="org.bitcoinj.utils.BtcFormatTest" time="0.0"/>
  <testcase name="builderTest[82]" classname="org.bitcoinj.utils.BtcFormatTest" time="0.0">
    <skipped/>
  </testcase>
  <testcase name="attributeTest[82]" classname="org.bitcoinj.utils.BtcFormatTest" time="0.0">
    <skipped/>
  </testcase>
  <testcase name="prefixTest[82]" classname="org.bitcoinj.utils.BtcFormatTest" time="0.0"/>
  <testcase name="suffixTest[82]" classname="org.bitcoinj.utils.BtcFormatTest" time="0.0">
    <skipped/>
  </testcase>
  <testcase name="autoDecimalTest[82]" classname="org.bitcoinj.utils.BtcFormatTest" time="0.002"/>
  <testcase name="symbolCollisionTest[82]" classname="org.bitcoinj.utils.BtcFormatTest" time="0.007"/>
  <testcase name="equalityTest[82]" classname="org.bitcoinj.utils.BtcFormatTest" time="0.004"/>
  <testcase name="columnAlignmentTest[82]" classname="org.bitcoinj.utils.BtcFormatTest" time="0.0"/>
  <testcase name="factoryTest[82]" classname="org.bitcoinj.utils.BtcFormatTest" time="0.001"/>
  <testcase name="parse[82]" classname="org.bitcoinj.utils.BtcFormatTest" time="0.0"/>
  <testcase name="btcRounding[82]" classname="org.bitcoinj.utils.BtcFormatTest" time="0.004"/>
  <testcase name="negativeTest[82]" classname="org.bitcoinj.utils.BtcFormatTest" time="0.0">
    <skipped/>
  </testcase>
  <testcase name="millicoinScaleTest[82]" classname="org.bitcoinj.utils.BtcFormatTest" time="0.0"/>
  <testcase name="toStringTest[82]" classname="org.bitcoinj.utils.BtcFormatTest" time="0.0">
    <skipped/>
  </testcase>
  <testcase name="testGrouping[82]" classname="org.bitcoinj.utils.BtcFormatTest" time="0.001"/>
  <testcase name="symbolsCodesTest[82]" classname="org.bitcoinj.utils.BtcFormatTest" time="0.001"/>
  <testcase name="defaultLocaleTest[82]" classname="org.bitcoinj.utils.BtcFormatTest" time="0.0"/>
  <testcase name="parsePositionTest[82]" classname="org.bitcoinj.utils.BtcFormatTest" time="0.001"/>
  <testcase name="argumentTypeTest[82]" classname="org.bitcoinj.utils.BtcFormatTest" time="0.0">
    <skipped/>
  </testcase>
  <testcase name="characterIteratorTest[82]" classname="org.bitcoinj.utils.BtcFormatTest" time="0.0"/>
  <testcase name="repeatingPlaceTest[82]" classname="org.bitcoinj.utils.BtcFormatTest" time="0.001"/>
  <testcase name="currencyCodeTest[82]" classname="org.bitcoinj.utils.BtcFormatTest" time="0.0">
    <skipped/>
  </testcase>
  <testcase name="patternDecimalPlaces[82]" classname="org.bitcoinj.utils.BtcFormatTest" time="0.0"/>
  <testcase name="factoryArgumentsTest[83]" classname="org.bitcoinj.utils.BtcFormatTest" time="0.003"/>
  <testcase name="parseTest[83]" classname="org.bitcoinj.utils.BtcFormatTest" time="0.0">
    <skipped/>
  </testcase>
  <testcase name="microcoinScaleTest[83]" classname="org.bitcoinj.utils.BtcFormatTest" time="0.0"/>
  <testcase name="parseMetricTest[83]" classname="org.bitcoinj.utils.BtcFormatTest" time="0.003"/>
  <testcase name="coinScaleTest[83]" classname="org.bitcoinj.utils.BtcFormatTest" time="0.0"/>
  <testcase name="builderTest[83]" classname="org.bitcoinj.utils.BtcFormatTest" time="0.0">
    <skipped/>
  </testcase>
  <testcase name="attributeTest[83]" classname="org.bitcoinj.utils.BtcFormatTest" time="0.0">
    <skipped/>
  </testcase>
  <testcase name="prefixTest[83]" classname="org.bitcoinj.utils.BtcFormatTest" time="0.001"/>
  <testcase name="suffixTest[83]" classname="org.bitcoinj.utils.BtcFormatTest" time="0.0">
    <skipped/>
  </testcase>
  <testcase name="autoDecimalTest[83]" classname="org.bitcoinj.utils.BtcFormatTest" time="0.003"/>
  <testcase name="symbolCollisionTest[83]" classname="org.bitcoinj.utils.BtcFormatTest" time="0.005"/>
  <testcase name="equalityTest[83]" classname="org.bitcoinj.utils.BtcFormatTest" time="0.005"/>
  <testcase name="columnAlignmentTest[83]" classname="org.bitcoinj.utils.BtcFormatTest" time="0.0"/>
  <testcase name="factoryTest[83]" classname="org.bitcoinj.utils.BtcFormatTest" time="0.001"/>
  <testcase name="parse[83]" classname="org.bitcoinj.utils.BtcFormatTest" time="0.0"/>
  <testcase name="btcRounding[83]" classname="org.bitcoinj.utils.BtcFormatTest" time="0.002"/>
  <testcase name="negativeTest[83]" classname="org.bitcoinj.utils.BtcFormatTest" time="0.0">
    <skipped/>
  </testcase>
  <testcase name="millicoinScaleTest[83]" classname="org.bitcoinj.utils.BtcFormatTest" time="0.0"/>
  <testcase name="toStringTest[83]" classname="org.bitcoinj.utils.BtcFormatTest" time="0.0">
    <skipped/>
  </testcase>
  <testcase name="testGrouping[83]" classname="org.bitcoinj.utils.BtcFormatTest" time="0.002"/>
  <testcase name="symbolsCodesTest[83]" classname="org.bitcoinj.utils.BtcFormatTest" time="0.002"/>
  <testcase name="defaultLocaleTest[83]" classname="org.bitcoinj.utils.BtcFormatTest" time="0.0"/>
  <testcase name="parsePositionTest[83]" classname="org.bitcoinj.utils.BtcFormatTest" time="0.0"/>
  <testcase name="argumentTypeTest[83]" classname="org.bitcoinj.utils.BtcFormatTest" time="0.0">
    <skipped/>
  </testcase>
  <testcase name="characterIteratorTest[83]" classname="org.bitcoinj.utils.BtcFormatTest" time="0.001"/>
  <testcase name="repeatingPlaceTest[83]" classname="org.bitcoinj.utils.BtcFormatTest" time="0.0"/>
  <testcase name="currencyCodeTest[83]" classname="org.bitcoinj.utils.BtcFormatTest" time="0.001">
    <skipped/>
  </testcase>
  <testcase name="patternDecimalPlaces[83]" classname="org.bitcoinj.utils.BtcFormatTest" time="0.0"/>
  <testcase name="factoryArgumentsTest[84]" classname="org.bitcoinj.utils.BtcFormatTest" time="0.003"/>
  <testcase name="parseTest[84]" classname="org.bitcoinj.utils.BtcFormatTest" time="0.0">
    <skipped/>
  </testcase>
  <testcase name="microcoinScaleTest[84]" classname="org.bitcoinj.utils.BtcFormatTest" time="0.0"/>
  <testcase name="parseMetricTest[84]" classname="org.bitcoinj.utils.BtcFormatTest" time="0.002"/>
  <testcase name="coinScaleTest[84]" classname="org.bitcoinj.utils.BtcFormatTest" time="0.0"/>
  <testcase name="builderTest[84]" classname="org.bitcoinj.utils.BtcFormatTest" time="0.0">
    <skipped/>
  </testcase>
  <testcase name="attributeTest[84]" classname="org.bitcoinj.utils.BtcFormatTest" time="0.0">
    <skipped/>
  </testcase>
  <testcase name="prefixTest[84]" classname="org.bitcoinj.utils.BtcFormatTest" time="0.0"/>
  <testcase name="suffixTest[84]" classname="org.bitcoinj.utils.BtcFormatTest" time="0.0">
    <skipped/>
  </testcase>
  <testcase name="autoDecimalTest[84]" classname="org.bitcoinj.utils.BtcFormatTest" time="0.002"/>
  <testcase name="symbolCollisionTest[84]" classname="org.bitcoinj.utils.BtcFormatTest" time="0.003"/>
  <testcase name="equalityTest[84]" classname="org.bitcoinj.utils.BtcFormatTest" time="0.002"/>
  <testcase name="columnAlignmentTest[84]" classname="org.bitcoinj.utils.BtcFormatTest" time="0.001"/>
  <testcase name="factoryTest[84]" classname="org.bitcoinj.utils.BtcFormatTest" time="0.0"/>
  <testcase name="parse[84]" classname="org.bitcoinj.utils.BtcFormatTest" time="0.0"/>
  <testcase name="btcRounding[84]" classname="org.bitcoinj.utils.BtcFormatTest" time="0.003"/>
  <testcase name="negativeTest[84]" classname="org.bitcoinj.utils.BtcFormatTest" time="0.0">
    <skipped/>
  </testcase>
  <testcase name="millicoinScaleTest[84]" classname="org.bitcoinj.utils.BtcFormatTest" time="0.001"/>
  <testcase name="toStringTest[84]" classname="org.bitcoinj.utils.BtcFormatTest" time="0.0">
    <skipped/>
  </testcase>
  <testcase name="testGrouping[84]" classname="org.bitcoinj.utils.BtcFormatTest" time="0.001"/>
  <testcase name="symbolsCodesTest[84]" classname="org.bitcoinj.utils.BtcFormatTest" time="0.004"/>
  <testcase name="defaultLocaleTest[84]" classname="org.bitcoinj.utils.BtcFormatTest" time="0.001"/>
  <testcase name="parsePositionTest[84]" classname="org.bitcoinj.utils.BtcFormatTest" time="0.0"/>
  <testcase name="argumentTypeTest[84]" classname="org.bitcoinj.utils.BtcFormatTest" time="0.0">
    <skipped/>
  </testcase>
  <testcase name="characterIteratorTest[84]" classname="org.bitcoinj.utils.BtcFormatTest" time="0.0"/>
  <testcase name="repeatingPlaceTest[84]" classname="org.bitcoinj.utils.BtcFormatTest" time="0.001"/>
  <testcase name="currencyCodeTest[84]" classname="org.bitcoinj.utils.BtcFormatTest" time="0.0">
    <skipped/>
  </testcase>
  <testcase name="patternDecimalPlaces[84]" classname="org.bitcoinj.utils.BtcFormatTest" time="0.0"/>
  <testcase name="factoryArgumentsTest[85]" classname="org.bitcoinj.utils.BtcFormatTest" time="0.002"/>
  <testcase name="parseTest[85]" classname="org.bitcoinj.utils.BtcFormatTest" time="0.0">
    <skipped/>
  </testcase>
  <testcase name="microcoinScaleTest[85]" classname="org.bitcoinj.utils.BtcFormatTest" time="0.001"/>
  <testcase name="parseMetricTest[85]" classname="org.bitcoinj.utils.BtcFormatTest" time="0.011"/>
  <testcase name="coinScaleTest[85]" classname="org.bitcoinj.utils.BtcFormatTest" time="0.0"/>
  <testcase name="builderTest[85]" classname="org.bitcoinj.utils.BtcFormatTest" time="0.0">
    <skipped/>
  </testcase>
  <testcase name="attributeTest[85]" classname="org.bitcoinj.utils.BtcFormatTest" time="0.0">
    <skipped/>
  </testcase>
  <testcase name="prefixTest[85]" classname="org.bitcoinj.utils.BtcFormatTest" time="0.001"/>
  <testcase name="suffixTest[85]" classname="org.bitcoinj.utils.BtcFormatTest" time="0.0">
    <skipped/>
  </testcase>
  <testcase name="autoDecimalTest[85]" classname="org.bitcoinj.utils.BtcFormatTest" time="0.001"/>
  <testcase name="symbolCollisionTest[85]" classname="org.bitcoinj.utils.BtcFormatTest" time="0.005"/>
  <testcase name="equalityTest[85]" classname="org.bitcoinj.utils.BtcFormatTest" time="0.004"/>
  <testcase name="columnAlignmentTest[85]" classname="org.bitcoinj.utils.BtcFormatTest" time="0.002"/>
  <testcase name="factoryTest[85]" classname="org.bitcoinj.utils.BtcFormatTest" time="0.008"/>
  <testcase name="parse[85]" classname="org.bitcoinj.utils.BtcFormatTest" time="0.001"/>
  <testcase name="btcRounding[85]" classname="org.bitcoinj.utils.BtcFormatTest" time="0.002"/>
  <testcase name="negativeTest[85]" classname="org.bitcoinj.utils.BtcFormatTest" time="0.0">
    <skipped/>
  </testcase>
  <testcase name="millicoinScaleTest[85]" classname="org.bitcoinj.utils.BtcFormatTest" time="0.001"/>
  <testcase name="toStringTest[85]" classname="org.bitcoinj.utils.BtcFormatTest" time="0.0">
    <skipped/>
  </testcase>
  <testcase name="testGrouping[85]" classname="org.bitcoinj.utils.BtcFormatTest" time="0.001"/>
  <testcase name="symbolsCodesTest[85]" classname="org.bitcoinj.utils.BtcFormatTest" time="0.002"/>
  <testcase name="defaultLocaleTest[85]" classname="org.bitcoinj.utils.BtcFormatTest" time="0.0"/>
  <testcase name="parsePositionTest[85]" classname="org.bitcoinj.utils.BtcFormatTest" time="0.001"/>
  <testcase name="argumentTypeTest[85]" classname="org.bitcoinj.utils.BtcFormatTest" time="0.0">
    <skipped/>
  </testcase>
  <testcase name="characterIteratorTest[85]" classname="org.bitcoinj.utils.BtcFormatTest" time="0.002"/>
  <testcase name="repeatingPlaceTest[85]" classname="org.bitcoinj.utils.BtcFormatTest" time="0.001"/>
  <testcase name="currencyCodeTest[85]" classname="org.bitcoinj.utils.BtcFormatTest" time="0.0">
    <skipped/>
  </testcase>
  <testcase name="patternDecimalPlaces[85]" classname="org.bitcoinj.utils.BtcFormatTest" time="0.0"/>
  <testcase name="factoryArgumentsTest[86]" classname="org.bitcoinj.utils.BtcFormatTest" time="0.002"/>
  <testcase name="parseTest[86]" classname="org.bitcoinj.utils.BtcFormatTest" time="0.0">
    <skipped/>
  </testcase>
  <testcase name="microcoinScaleTest[86]" classname="org.bitcoinj.utils.BtcFormatTest" time="0.0"/>
  <testcase name="parseMetricTest[86]" classname="org.bitcoinj.utils.BtcFormatTest" time="0.002"/>
  <testcase name="coinScaleTest[86]" classname="org.bitcoinj.utils.BtcFormatTest" time="0.001"/>
  <testcase name="builderTest[86]" classname="org.bitcoinj.utils.BtcFormatTest" time="0.0">
    <skipped/>
  </testcase>
  <testcase name="attributeTest[86]" classname="org.bitcoinj.utils.BtcFormatTest" time="0.0">
    <skipped/>
  </testcase>
  <testcase name="prefixTest[86]" classname="org.bitcoinj.utils.BtcFormatTest" time="0.0"/>
  <testcase name="suffixTest[86]" classname="org.bitcoinj.utils.BtcFormatTest" time="0.0">
    <skipped/>
  </testcase>
  <testcase name="autoDecimalTest[86]" classname="org.bitcoinj.utils.BtcFormatTest" time="0.002"/>
  <testcase name="symbolCollisionTest[86]" classname="org.bitcoinj.utils.BtcFormatTest" time="0.004"/>
  <testcase name="equalityTest[86]" classname="org.bitcoinj.utils.BtcFormatTest" time="0.006"/>
  <testcase name="columnAlignmentTest[86]" classname="org.bitcoinj.utils.BtcFormatTest" time="0.001"/>
  <testcase name="factoryTest[86]" classname="org.bitcoinj.utils.BtcFormatTest" time="0.0"/>
  <testcase name="parse[86]" classname="org.bitcoinj.utils.BtcFormatTest" time="0.0"/>
  <testcase name="btcRounding[86]" classname="org.bitcoinj.utils.BtcFormatTest" time="0.003"/>
  <testcase name="negativeTest[86]" classname="org.bitcoinj.utils.BtcFormatTest" time="0.0">
    <skipped/>
  </testcase>
  <testcase name="millicoinScaleTest[86]" classname="org.bitcoinj.utils.BtcFormatTest" time="0.0"/>
  <testcase name="toStringTest[86]" classname="org.bitcoinj.utils.BtcFormatTest" time="0.0">
    <skipped/>
  </testcase>
  <testcase name="testGrouping[86]" classname="org.bitcoinj.utils.BtcFormatTest" time="0.001"/>
  <testcase name="symbolsCodesTest[86]" classname="org.bitcoinj.utils.BtcFormatTest" time="0.001"/>
  <testcase name="defaultLocaleTest[86]" classname="org.bitcoinj.utils.BtcFormatTest" time="0.0"/>
  <testcase name="parsePositionTest[86]" classname="org.bitcoinj.utils.BtcFormatTest" time="0.008"/>
  <testcase name="argumentTypeTest[86]" classname="org.bitcoinj.utils.BtcFormatTest" time="0.0">
    <skipped/>
  </testcase>
  <testcase name="characterIteratorTest[86]" classname="org.bitcoinj.utils.BtcFormatTest" time="0.001"/>
  <testcase name="repeatingPlaceTest[86]" classname="org.bitcoinj.utils.BtcFormatTest" time="0.001"/>
  <testcase name="currencyCodeTest[86]" classname="org.bitcoinj.utils.BtcFormatTest" time="0.0">
    <skipped/>
  </testcase>
  <testcase name="patternDecimalPlaces[86]" classname="org.bitcoinj.utils.BtcFormatTest" time="0.0"/>
  <testcase name="factoryArgumentsTest[87]" classname="org.bitcoinj.utils.BtcFormatTest" time="0.001"/>
  <testcase name="parseTest[87]" classname="org.bitcoinj.utils.BtcFormatTest" time="0.001">
    <skipped/>
  </testcase>
  <testcase name="microcoinScaleTest[87]" classname="org.bitcoinj.utils.BtcFormatTest" time="0.0"/>
  <testcase name="parseMetricTest[87]" classname="org.bitcoinj.utils.BtcFormatTest" time="0.001"/>
  <testcase name="coinScaleTest[87]" classname="org.bitcoinj.utils.BtcFormatTest" time="0.0"/>
  <testcase name="builderTest[87]" classname="org.bitcoinj.utils.BtcFormatTest" time="0.0">
    <skipped/>
  </testcase>
  <testcase name="attributeTest[87]" classname="org.bitcoinj.utils.BtcFormatTest" time="0.0">
    <skipped/>
  </testcase>
  <testcase name="prefixTest[87]" classname="org.bitcoinj.utils.BtcFormatTest" time="0.0"/>
  <testcase name="suffixTest[87]" classname="org.bitcoinj.utils.BtcFormatTest" time="0.0">
    <skipped/>
  </testcase>
  <testcase name="autoDecimalTest[87]" classname="org.bitcoinj.utils.BtcFormatTest" time="0.002"/>
  <testcase name="symbolCollisionTest[87]" classname="org.bitcoinj.utils.BtcFormatTest" time="0.006"/>
  <testcase name="equalityTest[87]" classname="org.bitcoinj.utils.BtcFormatTest" time="0.003"/>
  <testcase name="columnAlignmentTest[87]" classname="org.bitcoinj.utils.BtcFormatTest" time="0.0"/>
  <testcase name="factoryTest[87]" classname="org.bitcoinj.utils.BtcFormatTest" time="0.001"/>
  <testcase name="parse[87]" classname="org.bitcoinj.utils.BtcFormatTest" time="0.0"/>
  <testcase name="btcRounding[87]" classname="org.bitcoinj.utils.BtcFormatTest" time="0.003"/>
  <testcase name="negativeTest[87]" classname="org.bitcoinj.utils.BtcFormatTest" time="0.0">
    <skipped/>
  </testcase>
  <testcase name="millicoinScaleTest[87]" classname="org.bitcoinj.utils.BtcFormatTest" time="0.001"/>
  <testcase name="toStringTest[87]" classname="org.bitcoinj.utils.BtcFormatTest" time="0.0">
    <skipped/>
  </testcase>
  <testcase name="testGrouping[87]" classname="org.bitcoinj.utils.BtcFormatTest" time="0.0"/>
  <testcase name="symbolsCodesTest[87]" classname="org.bitcoinj.utils.BtcFormatTest" time="0.002"/>
  <testcase name="defaultLocaleTest[87]" classname="org.bitcoinj.utils.BtcFormatTest" time="0.0"/>
  <testcase name="parsePositionTest[87]" classname="org.bitcoinj.utils.BtcFormatTest" time="0.001"/>
  <testcase name="argumentTypeTest[87]" classname="org.bitcoinj.utils.BtcFormatTest" time="0.0">
    <skipped/>
  </testcase>
  <testcase name="characterIteratorTest[87]" classname="org.bitcoinj.utils.BtcFormatTest" time="0.0"/>
  <testcase name="repeatingPlaceTest[87]" classname="org.bitcoinj.utils.BtcFormatTest" time="0.001"/>
  <testcase name="currencyCodeTest[87]" classname="org.bitcoinj.utils.BtcFormatTest" time="0.0">
    <skipped/>
  </testcase>
  <testcase name="patternDecimalPlaces[87]" classname="org.bitcoinj.utils.BtcFormatTest" time="0.0"/>
  <testcase name="factoryArgumentsTest[88]" classname="org.bitcoinj.utils.BtcFormatTest" time="0.002"/>
  <testcase name="parseTest[88]" classname="org.bitcoinj.utils.BtcFormatTest" time="0.0">
    <skipped/>
  </testcase>
  <testcase name="microcoinScaleTest[88]" classname="org.bitcoinj.utils.BtcFormatTest" time="0.0"/>
  <testcase name="parseMetricTest[88]" classname="org.bitcoinj.utils.BtcFormatTest" time="0.002"/>
  <testcase name="coinScaleTest[88]" classname="org.bitcoinj.utils.BtcFormatTest" time="0.0"/>
  <testcase name="builderTest[88]" classname="org.bitcoinj.utils.BtcFormatTest" time="0.0">
    <skipped/>
  </testcase>
  <testcase name="attributeTest[88]" classname="org.bitcoinj.utils.BtcFormatTest" time="0.0">
    <skipped/>
  </testcase>
  <testcase name="prefixTest[88]" classname="org.bitcoinj.utils.BtcFormatTest" time="0.002"/>
  <testcase name="suffixTest[88]" classname="org.bitcoinj.utils.BtcFormatTest" time="0.0">
    <skipped/>
  </testcase>
  <testcase name="autoDecimalTest[88]" classname="org.bitcoinj.utils.BtcFormatTest" time="0.001"/>
  <testcase name="symbolCollisionTest[88]" classname="org.bitcoinj.utils.BtcFormatTest" time="0.006"/>
  <testcase name="equalityTest[88]" classname="org.bitcoinj.utils.BtcFormatTest" time="0.006"/>
  <testcase name="columnAlignmentTest[88]" classname="org.bitcoinj.utils.BtcFormatTest" time="0.0"/>
  <testcase name="factoryTest[88]" classname="org.bitcoinj.utils.BtcFormatTest" time="0.001"/>
  <testcase name="parse[88]" classname="org.bitcoinj.utils.BtcFormatTest" time="0.0"/>
  <testcase name="btcRounding[88]" classname="org.bitcoinj.utils.BtcFormatTest" time="0.003"/>
  <testcase name="negativeTest[88]" classname="org.bitcoinj.utils.BtcFormatTest" time="0.0">
    <skipped/>
  </testcase>
  <testcase name="millicoinScaleTest[88]" classname="org.bitcoinj.utils.BtcFormatTest" time="0.0"/>
  <testcase name="toStringTest[88]" classname="org.bitcoinj.utils.BtcFormatTest" time="0.0">
    <skipped/>
  </testcase>
  <testcase name="testGrouping[88]" classname="org.bitcoinj.utils.BtcFormatTest" time="0.001"/>
  <testcase name="symbolsCodesTest[88]" classname="org.bitcoinj.utils.BtcFormatTest" time="0.001"/>
  <testcase name="defaultLocaleTest[88]" classname="org.bitcoinj.utils.BtcFormatTest" time="0.0"/>
  <testcase name="parsePositionTest[88]" classname="org.bitcoinj.utils.BtcFormatTest" time="0.0"/>
  <testcase name="argumentTypeTest[88]" classname="org.bitcoinj.utils.BtcFormatTest" time="0.0">
    <skipped/>
  </testcase>
  <testcase name="characterIteratorTest[88]" classname="org.bitcoinj.utils.BtcFormatTest" time="0.0"/>
  <testcase name="repeatingPlaceTest[88]" classname="org.bitcoinj.utils.BtcFormatTest" time="0.0"/>
  <testcase name="currencyCodeTest[88]" classname="org.bitcoinj.utils.BtcFormatTest" time="0.0">
    <skipped/>
  </testcase>
  <testcase name="patternDecimalPlaces[88]" classname="org.bitcoinj.utils.BtcFormatTest" time="0.0"/>
  <testcase name="factoryArgumentsTest[89]" classname="org.bitcoinj.utils.BtcFormatTest" time="0.002"/>
  <testcase name="parseTest[89]" classname="org.bitcoinj.utils.BtcFormatTest" time="0.0">
    <skipped/>
  </testcase>
  <testcase name="microcoinScaleTest[89]" classname="org.bitcoinj.utils.BtcFormatTest" time="0.0"/>
  <testcase name="parseMetricTest[89]" classname="org.bitcoinj.utils.BtcFormatTest" time="0.005"/>
  <testcase name="coinScaleTest[89]" classname="org.bitcoinj.utils.BtcFormatTest" time="0.0"/>
  <testcase name="builderTest[89]" classname="org.bitcoinj.utils.BtcFormatTest" time="0.0">
    <skipped/>
  </testcase>
  <testcase name="attributeTest[89]" classname="org.bitcoinj.utils.BtcFormatTest" time="0.0">
    <skipped/>
  </testcase>
  <testcase name="prefixTest[89]" classname="org.bitcoinj.utils.BtcFormatTest" time="0.001"/>
  <testcase name="suffixTest[89]" classname="org.bitcoinj.utils.BtcFormatTest" time="0.0">
    <skipped/>
  </testcase>
  <testcase name="autoDecimalTest[89]" classname="org.bitcoinj.utils.BtcFormatTest" time="0.002"/>
  <testcase name="symbolCollisionTest[89]" classname="org.bitcoinj.utils.BtcFormatTest" time="0.005"/>
  <testcase name="equalityTest[89]" classname="org.bitcoinj.utils.BtcFormatTest" time="0.01"/>
  <testcase name="columnAlignmentTest[89]" classname="org.bitcoinj.utils.BtcFormatTest" time="0.001"/>
  <testcase name="factoryTest[89]" classname="org.bitcoinj.utils.BtcFormatTest" time="0.001"/>
  <testcase name="parse[89]" classname="org.bitcoinj.utils.BtcFormatTest" time="0.0"/>
  <testcase name="btcRounding[89]" classname="org.bitcoinj.utils.BtcFormatTest" time="0.004"/>
  <testcase name="negativeTest[89]" classname="org.bitcoinj.utils.BtcFormatTest" time="0.0">
    <skipped/>
  </testcase>
  <testcase name="millicoinScaleTest[89]" classname="org.bitcoinj.utils.BtcFormatTest" time="0.0"/>
  <testcase name="toStringTest[89]" classname="org.bitcoinj.utils.BtcFormatTest" time="0.0">
    <skipped/>
  </testcase>
  <testcase name="testGrouping[89]" classname="org.bitcoinj.utils.BtcFormatTest" time="0.002"/>
  <testcase name="symbolsCodesTest[89]" classname="org.bitcoinj.utils.BtcFormatTest" time="0.003"/>
  <testcase name="defaultLocaleTest[89]" classname="org.bitcoinj.utils.BtcFormatTest" time="0.001"/>
  <testcase name="parsePositionTest[89]" classname="org.bitcoinj.utils.BtcFormatTest" time="0.003"/>
  <testcase name="argumentTypeTest[89]" classname="org.bitcoinj.utils.BtcFormatTest" time="0.0">
    <skipped/>
  </testcase>
  <testcase name="characterIteratorTest[89]" classname="org.bitcoinj.utils.BtcFormatTest" time="0.001"/>
  <testcase name="repeatingPlaceTest[89]" classname="org.bitcoinj.utils.BtcFormatTest" time="0.002"/>
  <testcase name="currencyCodeTest[89]" classname="org.bitcoinj.utils.BtcFormatTest" time="0.0">
    <skipped/>
  </testcase>
  <testcase name="patternDecimalPlaces[89]" classname="org.bitcoinj.utils.BtcFormatTest" time="0.0"/>
  <testcase name="factoryArgumentsTest[90]" classname="org.bitcoinj.utils.BtcFormatTest" time="0.004"/>
  <testcase name="parseTest[90]" classname="org.bitcoinj.utils.BtcFormatTest" time="0.0">
    <skipped/>
  </testcase>
  <testcase name="microcoinScaleTest[90]" classname="org.bitcoinj.utils.BtcFormatTest" time="0.0"/>
  <testcase name="parseMetricTest[90]" classname="org.bitcoinj.utils.BtcFormatTest" time="0.001"/>
  <testcase name="coinScaleTest[90]" classname="org.bitcoinj.utils.BtcFormatTest" time="0.001"/>
  <testcase name="builderTest[90]" classname="org.bitcoinj.utils.BtcFormatTest" time="0.0">
    <skipped/>
  </testcase>
  <testcase name="attributeTest[90]" classname="org.bitcoinj.utils.BtcFormatTest" time="0.0">
    <skipped/>
  </testcase>
  <testcase name="prefixTest[90]" classname="org.bitcoinj.utils.BtcFormatTest" time="0.0"/>
  <testcase name="suffixTest[90]" classname="org.bitcoinj.utils.BtcFormatTest" time="0.0">
    <skipped/>
  </testcase>
  <testcase name="autoDecimalTest[90]" classname="org.bitcoinj.utils.BtcFormatTest" time="0.002"/>
  <testcase name="symbolCollisionTest[90]" classname="org.bitcoinj.utils.BtcFormatTest" time="0.004"/>
  <testcase name="equalityTest[90]" classname="org.bitcoinj.utils.BtcFormatTest" time="0.003"/>
  <testcase name="columnAlignmentTest[90]" classname="org.bitcoinj.utils.BtcFormatTest" time="0.001"/>
  <testcase name="factoryTest[90]" classname="org.bitcoinj.utils.BtcFormatTest" time="0.001"/>
  <testcase name="parse[90]" classname="org.bitcoinj.utils.BtcFormatTest" time="0.0"/>
  <testcase name="btcRounding[90]" classname="org.bitcoinj.utils.BtcFormatTest" time="0.011"/>
  <testcase name="negativeTest[90]" classname="org.bitcoinj.utils.BtcFormatTest" time="0.0">
    <skipped/>
  </testcase>
  <testcase name="millicoinScaleTest[90]" classname="org.bitcoinj.utils.BtcFormatTest" time="0.0"/>
  <testcase name="toStringTest[90]" classname="org.bitcoinj.utils.BtcFormatTest" time="0.0">
    <skipped/>
  </testcase>
  <testcase name="testGrouping[90]" classname="org.bitcoinj.utils.BtcFormatTest" time="0.001"/>
  <testcase name="symbolsCodesTest[90]" classname="org.bitcoinj.utils.BtcFormatTest" time="0.001"/>
  <testcase name="defaultLocaleTest[90]" classname="org.bitcoinj.utils.BtcFormatTest" time="0.001"/>
  <testcase name="parsePositionTest[90]" classname="org.bitcoinj.utils.BtcFormatTest" time="0.001"/>
  <testcase name="argumentTypeTest[90]" classname="org.bitcoinj.utils.BtcFormatTest" time="0.0">
    <skipped/>
  </testcase>
  <testcase name="characterIteratorTest[90]" classname="org.bitcoinj.utils.BtcFormatTest" time="0.001"/>
  <testcase name="repeatingPlaceTest[90]" classname="org.bitcoinj.utils.BtcFormatTest" time="0.0"/>
  <testcase name="currencyCodeTest[90]" classname="org.bitcoinj.utils.BtcFormatTest" time="0.0">
    <skipped/>
  </testcase>
  <testcase name="patternDecimalPlaces[90]" classname="org.bitcoinj.utils.BtcFormatTest" time="0.0"/>
  <testcase name="factoryArgumentsTest[91]" classname="org.bitcoinj.utils.BtcFormatTest" time="0.001"/>
  <testcase name="parseTest[91]" classname="org.bitcoinj.utils.BtcFormatTest" time="0.001">
    <skipped/>
  </testcase>
  <testcase name="microcoinScaleTest[91]" classname="org.bitcoinj.utils.BtcFormatTest" time="0.0"/>
  <testcase name="parseMetricTest[91]" classname="org.bitcoinj.utils.BtcFormatTest" time="0.002"/>
  <testcase name="coinScaleTest[91]" classname="org.bitcoinj.utils.BtcFormatTest" time="0.001"/>
  <testcase name="builderTest[91]" classname="org.bitcoinj.utils.BtcFormatTest" time="0.0">
    <skipped/>
  </testcase>
  <testcase name="attributeTest[91]" classname="org.bitcoinj.utils.BtcFormatTest" time="0.0">
    <skipped/>
  </testcase>
  <testcase name="prefixTest[91]" classname="org.bitcoinj.utils.BtcFormatTest" time="0.0"/>
  <testcase name="suffixTest[91]" classname="org.bitcoinj.utils.BtcFormatTest" time="0.0">
    <skipped/>
  </testcase>
  <testcase name="autoDecimalTest[91]" classname="org.bitcoinj.utils.BtcFormatTest" time="0.002"/>
  <testcase name="symbolCollisionTest[91]" classname="org.bitcoinj.utils.BtcFormatTest" time="0.005"/>
  <testcase name="equalityTest[91]" classname="org.bitcoinj.utils.BtcFormatTest" time="0.004"/>
  <testcase name="columnAlignmentTest[91]" classname="org.bitcoinj.utils.BtcFormatTest" time="0.0"/>
  <testcase name="factoryTest[91]" classname="org.bitcoinj.utils.BtcFormatTest" time="0.001"/>
  <testcase name="parse[91]" classname="org.bitcoinj.utils.BtcFormatTest" time="0.0"/>
  <testcase name="btcRounding[91]" classname="org.bitcoinj.utils.BtcFormatTest" time="0.001"/>
  <testcase name="negativeTest[91]" classname="org.bitcoinj.utils.BtcFormatTest" time="0.0">
    <skipped/>
  </testcase>
  <testcase name="millicoinScaleTest[91]" classname="org.bitcoinj.utils.BtcFormatTest" time="0.0"/>
  <testcase name="toStringTest[91]" classname="org.bitcoinj.utils.BtcFormatTest" time="0.0">
    <skipped/>
  </testcase>
  <testcase name="testGrouping[91]" classname="org.bitcoinj.utils.BtcFormatTest" time="0.001"/>
  <testcase name="symbolsCodesTest[91]" classname="org.bitcoinj.utils.BtcFormatTest" time="0.002"/>
  <testcase name="defaultLocaleTest[91]" classname="org.bitcoinj.utils.BtcFormatTest" time="0.0"/>
  <testcase name="parsePositionTest[91]" classname="org.bitcoinj.utils.BtcFormatTest" time="0.001"/>
  <testcase name="argumentTypeTest[91]" classname="org.bitcoinj.utils.BtcFormatTest" time="0.0">
    <skipped/>
  </testcase>
  <testcase name="characterIteratorTest[91]" classname="org.bitcoinj.utils.BtcFormatTest" time="0.002"/>
  <testcase name="repeatingPlaceTest[91]" classname="org.bitcoinj.utils.BtcFormatTest" time="0.001"/>
  <testcase name="currencyCodeTest[91]" classname="org.bitcoinj.utils.BtcFormatTest" time="0.0">
    <skipped/>
  </testcase>
  <testcase name="patternDecimalPlaces[91]" classname="org.bitcoinj.utils.BtcFormatTest" time="0.0"/>
  <testcase name="factoryArgumentsTest[92]" classname="org.bitcoinj.utils.BtcFormatTest" time="0.002"/>
  <testcase name="parseTest[92]" classname="org.bitcoinj.utils.BtcFormatTest" time="0.0">
    <skipped/>
  </testcase>
  <testcase name="microcoinScaleTest[92]" classname="org.bitcoinj.utils.BtcFormatTest" time="0.0"/>
  <testcase name="parseMetricTest[92]" classname="org.bitcoinj.utils.BtcFormatTest" time="0.003"/>
  <testcase name="coinScaleTest[92]" classname="org.bitcoinj.utils.BtcFormatTest" time="0.0"/>
  <testcase name="builderTest[92]" classname="org.bitcoinj.utils.BtcFormatTest" time="0.0">
    <skipped/>
  </testcase>
  <testcase name="attributeTest[92]" classname="org.bitcoinj.utils.BtcFormatTest" time="0.0">
    <skipped/>
  </testcase>
  <testcase name="prefixTest[92]" classname="org.bitcoinj.utils.BtcFormatTest" time="0.001"/>
  <testcase name="suffixTest[92]" classname="org.bitcoinj.utils.BtcFormatTest" time="0.0">
    <skipped/>
  </testcase>
  <testcase name="autoDecimalTest[92]" classname="org.bitcoinj.utils.BtcFormatTest" time="0.003"/>
  <testcase name="symbolCollisionTest[92]" classname="org.bitcoinj.utils.BtcFormatTest" time="0.006"/>
  <testcase name="equalityTest[92]" classname="org.bitcoinj.utils.BtcFormatTest" time="0.006"/>
  <testcase name="columnAlignmentTest[92]" classname="org.bitcoinj.utils.BtcFormatTest" time="0.001"/>
  <testcase name="factoryTest[92]" classname="org.bitcoinj.utils.BtcFormatTest" time="0.0"/>
  <testcase name="parse[92]" classname="org.bitcoinj.utils.BtcFormatTest" time="0.0"/>
  <testcase name="btcRounding[92]" classname="org.bitcoinj.utils.BtcFormatTest" time="0.003"/>
  <testcase name="negativeTest[92]" classname="org.bitcoinj.utils.BtcFormatTest" time="0.0">
    <skipped/>
  </testcase>
  <testcase name="millicoinScaleTest[92]" classname="org.bitcoinj.utils.BtcFormatTest" time="0.001"/>
  <testcase name="toStringTest[92]" classname="org.bitcoinj.utils.BtcFormatTest" time="0.0">
    <skipped/>
  </testcase>
  <testcase name="testGrouping[92]" classname="org.bitcoinj.utils.BtcFormatTest" time="0.0"/>
  <testcase name="symbolsCodesTest[92]" classname="org.bitcoinj.utils.BtcFormatTest" time="0.002"/>
  <testcase name="defaultLocaleTest[92]" classname="org.bitcoinj.utils.BtcFormatTest" time="0.0"/>
  <testcase name="parsePositionTest[92]" classname="org.bitcoinj.utils.BtcFormatTest" time="0.001"/>
  <testcase name="argumentTypeTest[92]" classname="org.bitcoinj.utils.BtcFormatTest" time="0.0">
    <skipped/>
  </testcase>
  <testcase name="characterIteratorTest[92]" classname="org.bitcoinj.utils.BtcFormatTest" time="0.001"/>
  <testcase name="repeatingPlaceTest[92]" classname="org.bitcoinj.utils.BtcFormatTest" time="0.001"/>
  <testcase name="currencyCodeTest[92]" classname="org.bitcoinj.utils.BtcFormatTest" time="0.001">
    <skipped/>
  </testcase>
  <testcase name="patternDecimalPlaces[92]" classname="org.bitcoinj.utils.BtcFormatTest" time="0.0"/>
  <testcase name="factoryArgumentsTest[93]" classname="org.bitcoinj.utils.BtcFormatTest" time="0.002"/>
  <testcase name="parseTest[93]" classname="org.bitcoinj.utils.BtcFormatTest" time="0.0">
    <skipped/>
  </testcase>
  <testcase name="microcoinScaleTest[93]" classname="org.bitcoinj.utils.BtcFormatTest" time="0.001"/>
  <testcase name="parseMetricTest[93]" classname="org.bitcoinj.utils.BtcFormatTest" time="0.002"/>
  <testcase name="coinScaleTest[93]" classname="org.bitcoinj.utils.BtcFormatTest" time="0.0"/>
  <testcase name="builderTest[93]" classname="org.bitcoinj.utils.BtcFormatTest" time="0.0">
    <skipped/>
  </testcase>
  <testcase name="attributeTest[93]" classname="org.bitcoinj.utils.BtcFormatTest" time="0.0">
    <skipped/>
  </testcase>
  <testcase name="prefixTest[93]" classname="org.bitcoinj.utils.BtcFormatTest" time="0.001"/>
  <testcase name="suffixTest[93]" classname="org.bitcoinj.utils.BtcFormatTest" time="0.0">
    <skipped/>
  </testcase>
  <testcase name="autoDecimalTest[93]" classname="org.bitcoinj.utils.BtcFormatTest" time="0.002"/>
  <testcase name="symbolCollisionTest[93]" classname="org.bitcoinj.utils.BtcFormatTest" time="0.005"/>
  <testcase name="equalityTest[93]" classname="org.bitcoinj.utils.BtcFormatTest" time="0.006"/>
  <testcase name="columnAlignmentTest[93]" classname="org.bitcoinj.utils.BtcFormatTest" time="0.0"/>
  <testcase name="factoryTest[93]" classname="org.bitcoinj.utils.BtcFormatTest" time="0.001"/>
  <testcase name="parse[93]" classname="org.bitcoinj.utils.BtcFormatTest" time="0.0"/>
  <testcase name="btcRounding[93]" classname="org.bitcoinj.utils.BtcFormatTest" time="0.002"/>
  <testcase name="negativeTest[93]" classname="org.bitcoinj.utils.BtcFormatTest" time="0.001">
    <skipped/>
  </testcase>
  <testcase name="millicoinScaleTest[93]" classname="org.bitcoinj.utils.BtcFormatTest" time="0.0"/>
  <testcase name="toStringTest[93]" classname="org.bitcoinj.utils.BtcFormatTest" time="0.0">
    <skipped/>
  </testcase>
  <testcase name="testGrouping[93]" classname="org.bitcoinj.utils.BtcFormatTest" time="0.0"/>
  <testcase name="symbolsCodesTest[93]" classname="org.bitcoinj.utils.BtcFormatTest" time="0.001"/>
  <testcase name="defaultLocaleTest[93]" classname="org.bitcoinj.utils.BtcFormatTest" time="0.0"/>
  <testcase name="parsePositionTest[93]" classname="org.bitcoinj.utils.BtcFormatTest" time="0.003"/>
  <testcase name="argumentTypeTest[93]" classname="org.bitcoinj.utils.BtcFormatTest" time="0.0">
    <skipped/>
  </testcase>
  <testcase name="characterIteratorTest[93]" classname="org.bitcoinj.utils.BtcFormatTest" time="0.001"/>
  <testcase name="repeatingPlaceTest[93]" classname="org.bitcoinj.utils.BtcFormatTest" time="0.009"/>
  <testcase name="currencyCodeTest[93]" classname="org.bitcoinj.utils.BtcFormatTest" time="0.0">
    <skipped/>
  </testcase>
  <testcase name="patternDecimalPlaces[93]" classname="org.bitcoinj.utils.BtcFormatTest" time="0.001"/>
  <testcase name="factoryArgumentsTest[94]" classname="org.bitcoinj.utils.BtcFormatTest" time="0.022"/>
  <testcase name="parseTest[94]" classname="org.bitcoinj.utils.BtcFormatTest" time="0.0">
    <skipped/>
  </testcase>
  <testcase name="microcoinScaleTest[94]" classname="org.bitcoinj.utils.BtcFormatTest" time="0.0"/>
  <testcase name="parseMetricTest[94]" classname="org.bitcoinj.utils.BtcFormatTest" time="0.015"/>
  <testcase name="coinScaleTest[94]" classname="org.bitcoinj.utils.BtcFormatTest" time="0.0"/>
  <testcase name="builderTest[94]" classname="org.bitcoinj.utils.BtcFormatTest" time="0.0">
    <skipped/>
  </testcase>
  <testcase name="attributeTest[94]" classname="org.bitcoinj.utils.BtcFormatTest" time="0.0">
    <skipped/>
  </testcase>
  <testcase name="prefixTest[94]" classname="org.bitcoinj.utils.BtcFormatTest" time="0.0"/>
  <testcase name="suffixTest[94]" classname="org.bitcoinj.utils.BtcFormatTest" time="0.0">
    <skipped/>
  </testcase>
  <testcase name="autoDecimalTest[94]" classname="org.bitcoinj.utils.BtcFormatTest" time="0.016"/>
  <testcase name="symbolCollisionTest[94]" classname="org.bitcoinj.utils.BtcFormatTest" time="0.07"/>
  <testcase name="equalityTest[94]" classname="org.bitcoinj.utils.BtcFormatTest" time="0.007"/>
  <testcase name="columnAlignmentTest[94]" classname="org.bitcoinj.utils.BtcFormatTest" time="0.004"/>
  <testcase name="factoryTest[94]" classname="org.bitcoinj.utils.BtcFormatTest" time="0.001"/>
  <testcase name="parse[94]" classname="org.bitcoinj.utils.BtcFormatTest" time="0.0"/>
  <testcase name="btcRounding[94]" classname="org.bitcoinj.utils.BtcFormatTest" time="0.003"/>
  <testcase name="negativeTest[94]" classname="org.bitcoinj.utils.BtcFormatTest" time="0.0">
    <skipped/>
  </testcase>
  <testcase name="millicoinScaleTest[94]" classname="org.bitcoinj.utils.BtcFormatTest" time="0.0"/>
  <testcase name="toStringTest[94]" classname="org.bitcoinj.utils.BtcFormatTest" time="0.0">
    <skipped/>
  </testcase>
  <testcase name="testGrouping[94]" classname="org.bitcoinj.utils.BtcFormatTest" time="0.0"/>
  <testcase name="symbolsCodesTest[94]" classname="org.bitcoinj.utils.BtcFormatTest" time="0.016"/>
  <testcase name="defaultLocaleTest[94]" classname="org.bitcoinj.utils.BtcFormatTest" time="0.0"/>
  <testcase name="parsePositionTest[94]" classname="org.bitcoinj.utils.BtcFormatTest" time="0.001"/>
  <testcase name="argumentTypeTest[94]" classname="org.bitcoinj.utils.BtcFormatTest" time="0.0">
    <skipped/>
  </testcase>
  <testcase name="characterIteratorTest[94]" classname="org.bitcoinj.utils.BtcFormatTest" time="0.0"/>
  <testcase name="repeatingPlaceTest[94]" classname="org.bitcoinj.utils.BtcFormatTest" time="0.001"/>
  <testcase name="currencyCodeTest[94]" classname="org.bitcoinj.utils.BtcFormatTest" time="0.0">
    <skipped/>
  </testcase>
  <testcase name="patternDecimalPlaces[94]" classname="org.bitcoinj.utils.BtcFormatTest" time="0.0"/>
  <testcase name="factoryArgumentsTest[95]" classname="org.bitcoinj.utils.BtcFormatTest" time="0.002"/>
  <testcase name="parseTest[95]" classname="org.bitcoinj.utils.BtcFormatTest" time="0.0">
    <skipped/>
  </testcase>
  <testcase name="microcoinScaleTest[95]" classname="org.bitcoinj.utils.BtcFormatTest" time="0.001"/>
  <testcase name="parseMetricTest[95]" classname="org.bitcoinj.utils.BtcFormatTest" time="0.003"/>
  <testcase name="coinScaleTest[95]" classname="org.bitcoinj.utils.BtcFormatTest" time="0.0"/>
  <testcase name="builderTest[95]" classname="org.bitcoinj.utils.BtcFormatTest" time="0.0">
    <skipped/>
  </testcase>
  <testcase name="attributeTest[95]" classname="org.bitcoinj.utils.BtcFormatTest" time="0.0">
    <skipped/>
  </testcase>
  <testcase name="prefixTest[95]" classname="org.bitcoinj.utils.BtcFormatTest" time="0.0"/>
  <testcase name="suffixTest[95]" classname="org.bitcoinj.utils.BtcFormatTest" time="0.0">
    <skipped/>
  </testcase>
  <testcase name="autoDecimalTest[95]" classname="org.bitcoinj.utils.BtcFormatTest" time="0.002"/>
  <testcase name="symbolCollisionTest[95]" classname="org.bitcoinj.utils.BtcFormatTest" time="0.006"/>
  <testcase name="equalityTest[95]" classname="org.bitcoinj.utils.BtcFormatTest" time="0.003"/>
  <testcase name="columnAlignmentTest[95]" classname="org.bitcoinj.utils.BtcFormatTest" time="0.0"/>
  <testcase name="factoryTest[95]" classname="org.bitcoinj.utils.BtcFormatTest" time="0.001"/>
  <testcase name="parse[95]" classname="org.bitcoinj.utils.BtcFormatTest" time="0.0"/>
  <testcase name="btcRounding[95]" classname="org.bitcoinj.utils.BtcFormatTest" time="0.002"/>
  <testcase name="negativeTest[95]" classname="org.bitcoinj.utils.BtcFormatTest" time="0.0">
    <skipped/>
  </testcase>
  <testcase name="millicoinScaleTest[95]" classname="org.bitcoinj.utils.BtcFormatTest" time="0.001"/>
  <testcase name="toStringTest[95]" classname="org.bitcoinj.utils.BtcFormatTest" time="0.0">
    <skipped/>
  </testcase>
  <testcase name="testGrouping[95]" classname="org.bitcoinj.utils.BtcFormatTest" time="0.0"/>
  <testcase name="symbolsCodesTest[95]" classname="org.bitcoinj.utils.BtcFormatTest" time="0.001"/>
  <testcase name="defaultLocaleTest[95]" classname="org.bitcoinj.utils.BtcFormatTest" time="0.0"/>
  <testcase name="parsePositionTest[95]" classname="org.bitcoinj.utils.BtcFormatTest" time="0.0"/>
  <testcase name="argumentTypeTest[95]" classname="org.bitcoinj.utils.BtcFormatTest" time="0.0">
    <skipped/>
  </testcase>
  <testcase name="characterIteratorTest[95]" classname="org.bitcoinj.utils.BtcFormatTest" time="0.003"/>
  <testcase name="repeatingPlaceTest[95]" classname="org.bitcoinj.utils.BtcFormatTest" time="0.0"/>
  <testcase name="currencyCodeTest[95]" classname="org.bitcoinj.utils.BtcFormatTest" time="0.0">
    <skipped/>
  </testcase>
  <testcase name="patternDecimalPlaces[95]" classname="org.bitcoinj.utils.BtcFormatTest" time="0.0"/>
  <testcase name="factoryArgumentsTest[96]" classname="org.bitcoinj.utils.BtcFormatTest" time="0.003"/>
  <testcase name="parseTest[96]" classname="org.bitcoinj.utils.BtcFormatTest" time="0.0">
    <skipped/>
  </testcase>
  <testcase name="microcoinScaleTest[96]" classname="org.bitcoinj.utils.BtcFormatTest" time="0.0"/>
  <testcase name="parseMetricTest[96]" classname="org.bitcoinj.utils.BtcFormatTest" time="0.003"/>
  <testcase name="coinScaleTest[96]" classname="org.bitcoinj.utils.BtcFormatTest" time="0.0"/>
  <testcase name="builderTest[96]" classname="org.bitcoinj.utils.BtcFormatTest" time="0.0">
    <skipped/>
  </testcase>
  <testcase name="attributeTest[96]" classname="org.bitcoinj.utils.BtcFormatTest" time="0.0">
    <skipped/>
  </testcase>
  <testcase name="prefixTest[96]" classname="org.bitcoinj.utils.BtcFormatTest" time="0.0"/>
  <testcase name="suffixTest[96]" classname="org.bitcoinj.utils.BtcFormatTest" time="0.0">
    <skipped/>
  </testcase>
  <testcase name="autoDecimalTest[96]" classname="org.bitcoinj.utils.BtcFormatTest" time="0.002"/>
  <testcase name="symbolCollisionTest[96]" classname="org.bitcoinj.utils.BtcFormatTest" time="0.005"/>
  <testcase name="equalityTest[96]" classname="org.bitcoinj.utils.BtcFormatTest" time="0.005"/>
  <testcase name="columnAlignmentTest[96]" classname="org.bitcoinj.utils.BtcFormatTest" time="0.0"/>
  <testcase name="factoryTest[96]" classname="org.bitcoinj.utils.BtcFormatTest" time="0.001"/>
  <testcase name="parse[96]" classname="org.bitcoinj.utils.BtcFormatTest" time="0.0"/>
  <testcase name="btcRounding[96]" classname="org.bitcoinj.utils.BtcFormatTest" time="0.005"/>
  <testcase name="negativeTest[96]" classname="org.bitcoinj.utils.BtcFormatTest" time="0.0">
    <skipped/>
  </testcase>
  <testcase name="millicoinScaleTest[96]" classname="org.bitcoinj.utils.BtcFormatTest" time="0.0"/>
  <testcase name="toStringTest[96]" classname="org.bitcoinj.utils.BtcFormatTest" time="0.0">
    <skipped/>
  </testcase>
  <testcase name="testGrouping[96]" classname="org.bitcoinj.utils.BtcFormatTest" time="0.001"/>
  <testcase name="symbolsCodesTest[96]" classname="org.bitcoinj.utils.BtcFormatTest" time="0.001"/>
  <testcase name="defaultLocaleTest[96]" classname="org.bitcoinj.utils.BtcFormatTest" time="0.0"/>
  <testcase name="parsePositionTest[96]" classname="org.bitcoinj.utils.BtcFormatTest" time="0.029"/>
  <testcase name="argumentTypeTest[96]" classname="org.bitcoinj.utils.BtcFormatTest" time="0.0">
    <skipped/>
  </testcase>
  <testcase name="characterIteratorTest[96]" classname="org.bitcoinj.utils.BtcFormatTest" time="0.002"/>
  <testcase name="repeatingPlaceTest[96]" classname="org.bitcoinj.utils.BtcFormatTest" time="0.002"/>
  <testcase name="currencyCodeTest[96]" classname="org.bitcoinj.utils.BtcFormatTest" time="0.0">
    <skipped/>
  </testcase>
  <testcase name="patternDecimalPlaces[96]" classname="org.bitcoinj.utils.BtcFormatTest" time="0.0"/>
  <testcase name="factoryArgumentsTest[97]" classname="org.bitcoinj.utils.BtcFormatTest" time="0.004"/>
  <testcase name="parseTest[97]" classname="org.bitcoinj.utils.BtcFormatTest" time="0.0">
    <skipped/>
  </testcase>
  <testcase name="microcoinScaleTest[97]" classname="org.bitcoinj.utils.BtcFormatTest" time="0.0"/>
  <testcase name="parseMetricTest[97]" classname="org.bitcoinj.utils.BtcFormatTest" time="0.002"/>
  <testcase name="coinScaleTest[97]" classname="org.bitcoinj.utils.BtcFormatTest" time="0.0"/>
  <testcase name="builderTest[97]" classname="org.bitcoinj.utils.BtcFormatTest" time="0.0">
    <skipped/>
  </testcase>
  <testcase name="attributeTest[97]" classname="org.bitcoinj.utils.BtcFormatTest" time="0.0">
    <skipped/>
  </testcase>
  <testcase name="prefixTest[97]" classname="org.bitcoinj.utils.BtcFormatTest" time="0.0"/>
  <testcase name="suffixTest[97]" classname="org.bitcoinj.utils.BtcFormatTest" time="0.0">
    <skipped/>
  </testcase>
  <testcase name="autoDecimalTest[97]" classname="org.bitcoinj.utils.BtcFormatTest" time="0.001"/>
  <testcase name="symbolCollisionTest[97]" classname="org.bitcoinj.utils.BtcFormatTest" time="0.003"/>
  <testcase name="equalityTest[97]" classname="org.bitcoinj.utils.BtcFormatTest" time="0.003"/>
  <testcase name="columnAlignmentTest[97]" classname="org.bitcoinj.utils.BtcFormatTest" time="0.0"/>
  <testcase name="factoryTest[97]" classname="org.bitcoinj.utils.BtcFormatTest" time="0.001"/>
  <testcase name="parse[97]" classname="org.bitcoinj.utils.BtcFormatTest" time="0.0"/>
  <testcase name="btcRounding[97]" classname="org.bitcoinj.utils.BtcFormatTest" time="0.004"/>
  <testcase name="negativeTest[97]" classname="org.bitcoinj.utils.BtcFormatTest" time="0.0">
    <skipped/>
  </testcase>
  <testcase name="millicoinScaleTest[97]" classname="org.bitcoinj.utils.BtcFormatTest" time="0.001"/>
  <testcase name="toStringTest[97]" classname="org.bitcoinj.utils.BtcFormatTest" time="0.0">
    <skipped/>
  </testcase>
  <testcase name="testGrouping[97]" classname="org.bitcoinj.utils.BtcFormatTest" time="0.0"/>
  <testcase name="symbolsCodesTest[97]" classname="org.bitcoinj.utils.BtcFormatTest" time="0.001"/>
  <testcase name="defaultLocaleTest[97]" classname="org.bitcoinj.utils.BtcFormatTest" time="0.001"/>
  <testcase name="parsePositionTest[97]" classname="org.bitcoinj.utils.BtcFormatTest" time="0.0"/>
  <testcase name="argumentTypeTest[97]" classname="org.bitcoinj.utils.BtcFormatTest" time="0.0">
    <skipped/>
  </testcase>
  <testcase name="characterIteratorTest[97]" classname="org.bitcoinj.utils.BtcFormatTest" time="0.001"/>
  <testcase name="repeatingPlaceTest[97]" classname="org.bitcoinj.utils.BtcFormatTest" time="0.0"/>
  <testcase name="currencyCodeTest[97]" classname="org.bitcoinj.utils.BtcFormatTest" time="0.0">
    <skipped/>
  </testcase>
  <testcase name="patternDecimalPlaces[97]" classname="org.bitcoinj.utils.BtcFormatTest" time="0.0"/>
  <testcase name="factoryArgumentsTest[98]" classname="org.bitcoinj.utils.BtcFormatTest" time="0.002"/>
  <testcase name="parseTest[98]" classname="org.bitcoinj.utils.BtcFormatTest" time="0.0">
    <skipped/>
  </testcase>
  <testcase name="microcoinScaleTest[98]" classname="org.bitcoinj.utils.BtcFormatTest" time="0.0"/>
  <testcase name="parseMetricTest[98]" classname="org.bitcoinj.utils.BtcFormatTest" time="0.002"/>
  <testcase name="coinScaleTest[98]" classname="org.bitcoinj.utils.BtcFormatTest" time="0.0"/>
  <testcase name="builderTest[98]" classname="org.bitcoinj.utils.BtcFormatTest" time="0.0">
    <skipped/>
  </testcase>
  <testcase name="attributeTest[98]" classname="org.bitcoinj.utils.BtcFormatTest" time="0.0">
    <skipped/>
  </testcase>
  <testcase name="prefixTest[98]" classname="org.bitcoinj.utils.BtcFormatTest" time="0.001"/>
  <testcase name="suffixTest[98]" classname="org.bitcoinj.utils.BtcFormatTest" time="0.0">
    <skipped/>
  </testcase>
  <testcase name="autoDecimalTest[98]" classname="org.bitcoinj.utils.BtcFormatTest" time="0.001"/>
  <testcase name="symbolCollisionTest[98]" classname="org.bitcoinj.utils.BtcFormatTest" time="0.004"/>
  <testcase name="equalityTest[98]" classname="org.bitcoinj.utils.BtcFormatTest" time="0.003"/>
  <testcase name="columnAlignmentTest[98]" classname="org.bitcoinj.utils.BtcFormatTest" time="0.0"/>
  <testcase name="factoryTest[98]" classname="org.bitcoinj.utils.BtcFormatTest" time="0.001"/>
  <testcase name="parse[98]" classname="org.bitcoinj.utils.BtcFormatTest" time="0.001"/>
  <testcase name="btcRounding[98]" classname="org.bitcoinj.utils.BtcFormatTest" time="0.002"/>
  <testcase name="negativeTest[98]" classname="org.bitcoinj.utils.BtcFormatTest" time="0.0">
    <skipped/>
  </testcase>
  <testcase name="millicoinScaleTest[98]" classname="org.bitcoinj.utils.BtcFormatTest" time="0.0"/>
  <testcase name="toStringTest[98]" classname="org.bitcoinj.utils.BtcFormatTest" time="0.0">
    <skipped/>
  </testcase>
  <testcase name="testGrouping[98]" classname="org.bitcoinj.utils.BtcFormatTest" time="0.001"/>
  <testcase name="symbolsCodesTest[98]" classname="org.bitcoinj.utils.BtcFormatTest" time="0.0"/>
  <testcase name="defaultLocaleTest[98]" classname="org.bitcoinj.utils.BtcFormatTest" time="0.001"/>
  <testcase name="parsePositionTest[98]" classname="org.bitcoinj.utils.BtcFormatTest" time="0.0"/>
  <testcase name="argumentTypeTest[98]" classname="org.bitcoinj.utils.BtcFormatTest" time="0.0">
    <skipped/>
  </testcase>
  <testcase name="characterIteratorTest[98]" classname="org.bitcoinj.utils.BtcFormatTest" time="0.0"/>
  <testcase name="repeatingPlaceTest[98]" classname="org.bitcoinj.utils.BtcFormatTest" time="0.0"/>
  <testcase name="currencyCodeTest[98]" classname="org.bitcoinj.utils.BtcFormatTest" time="0.0">
    <skipped/>
  </testcase>
  <testcase name="patternDecimalPlaces[98]" classname="org.bitcoinj.utils.BtcFormatTest" time="0.0"/>
  <testcase name="factoryArgumentsTest[99]" classname="org.bitcoinj.utils.BtcFormatTest" time="0.002"/>
  <testcase name="parseTest[99]" classname="org.bitcoinj.utils.BtcFormatTest" time="0.0">
    <skipped/>
  </testcase>
  <testcase name="microcoinScaleTest[99]" classname="org.bitcoinj.utils.BtcFormatTest" time="0.0"/>
  <testcase name="parseMetricTest[99]" classname="org.bitcoinj.utils.BtcFormatTest" time="0.002"/>
  <testcase name="coinScaleTest[99]" classname="org.bitcoinj.utils.BtcFormatTest" time="0.0"/>
  <testcase name="builderTest[99]" classname="org.bitcoinj.utils.BtcFormatTest" time="0.0">
    <skipped/>
  </testcase>
  <testcase name="attributeTest[99]" classname="org.bitcoinj.utils.BtcFormatTest" time="0.0">
    <skipped/>
  </testcase>
  <testcase name="prefixTest[99]" classname="org.bitcoinj.utils.BtcFormatTest" time="0.0"/>
  <testcase name="suffixTest[99]" classname="org.bitcoinj.utils.BtcFormatTest" time="0.0">
    <skipped/>
  </testcase>
  <testcase name="autoDecimalTest[99]" classname="org.bitcoinj.utils.BtcFormatTest" time="0.001"/>
  <testcase name="symbolCollisionTest[99]" classname="org.bitcoinj.utils.BtcFormatTest" time="0.003"/>
  <testcase name="equalityTest[99]" classname="org.bitcoinj.utils.BtcFormatTest" time="0.004"/>
  <testcase name="columnAlignmentTest[99]" classname="org.bitcoinj.utils.BtcFormatTest" time="0.001"/>
  <testcase name="factoryTest[99]" classname="org.bitcoinj.utils.BtcFormatTest" time="0.0"/>
  <testcase name="parse[99]" classname="org.bitcoinj.utils.BtcFormatTest" time="0.0"/>
  <testcase name="btcRounding[99]" classname="org.bitcoinj.utils.BtcFormatTest" time="0.002"/>
  <testcase name="negativeTest[99]" classname="org.bitcoinj.utils.BtcFormatTest" time="0.0">
    <skipped/>
  </testcase>
  <testcase name="millicoinScaleTest[99]" classname="org.bitcoinj.utils.BtcFormatTest" time="0.0"/>
  <testcase name="toStringTest[99]" classname="org.bitcoinj.utils.BtcFormatTest" time="0.0">
    <skipped/>
  </testcase>
  <testcase name="testGrouping[99]" classname="org.bitcoinj.utils.BtcFormatTest" time="0.0"/>
  <testcase name="symbolsCodesTest[99]" classname="org.bitcoinj.utils.BtcFormatTest" time="0.001"/>
  <testcase name="defaultLocaleTest[99]" classname="org.bitcoinj.utils.BtcFormatTest" time="0.0"/>
  <testcase name="parsePositionTest[99]" classname="org.bitcoinj.utils.BtcFormatTest" time="0.0"/>
  <testcase name="argumentTypeTest[99]" classname="org.bitcoinj.utils.BtcFormatTest" time="0.0">
    <skipped/>
  </testcase>
  <testcase name="characterIteratorTest[99]" classname="org.bitcoinj.utils.BtcFormatTest" time="0.0"/>
  <testcase name="repeatingPlaceTest[99]" classname="org.bitcoinj.utils.BtcFormatTest" time="0.001"/>
  <testcase name="currencyCodeTest[99]" classname="org.bitcoinj.utils.BtcFormatTest" time="0.0">
    <skipped/>
  </testcase>
  <testcase name="patternDecimalPlaces[99]" classname="org.bitcoinj.utils.BtcFormatTest" time="0.0"/>
  <testcase name="factoryArgumentsTest[100]" classname="org.bitcoinj.utils.BtcFormatTest" time="0.003"/>
  <testcase name="parseTest[100]" classname="org.bitcoinj.utils.BtcFormatTest" time="0.0">
    <skipped/>
  </testcase>
  <testcase name="microcoinScaleTest[100]" classname="org.bitcoinj.utils.BtcFormatTest" time="0.0"/>
  <testcase name="parseMetricTest[100]" classname="org.bitcoinj.utils.BtcFormatTest" time="0.002"/>
  <testcase name="coinScaleTest[100]" classname="org.bitcoinj.utils.BtcFormatTest" time="0.0"/>
  <testcase name="builderTest[100]" classname="org.bitcoinj.utils.BtcFormatTest" time="0.0">
    <skipped/>
  </testcase>
  <testcase name="attributeTest[100]" classname="org.bitcoinj.utils.BtcFormatTest" time="0.0">
    <skipped/>
  </testcase>
  <testcase name="prefixTest[100]" classname="org.bitcoinj.utils.BtcFormatTest" time="0.001"/>
  <testcase name="suffixTest[100]" classname="org.bitcoinj.utils.BtcFormatTest" time="0.0">
    <skipped/>
  </testcase>
  <testcase name="autoDecimalTest[100]" classname="org.bitcoinj.utils.BtcFormatTest" time="0.002"/>
  <testcase name="symbolCollisionTest[100]" classname="org.bitcoinj.utils.BtcFormatTest" time="0.004"/>
  <testcase name="equalityTest[100]" classname="org.bitcoinj.utils.BtcFormatTest" time="0.002"/>
  <testcase name="columnAlignmentTest[100]" classname="org.bitcoinj.utils.BtcFormatTest" time="0.0"/>
  <testcase name="factoryTest[100]" classname="org.bitcoinj.utils.BtcFormatTest" time="0.001"/>
  <testcase name="parse[100]" classname="org.bitcoinj.utils.BtcFormatTest" time="0.0"/>
  <testcase name="btcRounding[100]" classname="org.bitcoinj.utils.BtcFormatTest" time="0.003"/>
  <testcase name="negativeTest[100]" classname="org.bitcoinj.utils.BtcFormatTest" time="0.0">
    <skipped/>
  </testcase>
  <testcase name="millicoinScaleTest[100]" classname="org.bitcoinj.utils.BtcFormatTest" time="0.0"/>
  <testcase name="toStringTest[100]" classname="org.bitcoinj.utils.BtcFormatTest" time="0.0">
    <skipped/>
  </testcase>
  <testcase name="testGrouping[100]" classname="org.bitcoinj.utils.BtcFormatTest" time="0.001"/>
  <testcase name="symbolsCodesTest[100]" classname="org.bitcoinj.utils.BtcFormatTest" time="0.001"/>
  <testcase name="defaultLocaleTest[100]" classname="org.bitcoinj.utils.BtcFormatTest" time="0.0"/>
  <testcase name="parsePositionTest[100]" classname="org.bitcoinj.utils.BtcFormatTest" time="0.001"/>
  <testcase name="argumentTypeTest[100]" classname="org.bitcoinj.utils.BtcFormatTest" time="0.0">
    <skipped/>
  </testcase>
  <testcase name="characterIteratorTest[100]" classname="org.bitcoinj.utils.BtcFormatTest" time="0.0"/>
  <testcase name="repeatingPlaceTest[100]" classname="org.bitcoinj.utils.BtcFormatTest" time="0.001"/>
  <testcase name="currencyCodeTest[100]" classname="org.bitcoinj.utils.BtcFormatTest" time="0.0">
    <skipped/>
  </testcase>
  <testcase name="patternDecimalPlaces[100]" classname="org.bitcoinj.utils.BtcFormatTest" time="0.0"/>
  <testcase name="factoryArgumentsTest[101]" classname="org.bitcoinj.utils.BtcFormatTest" time="0.002"/>
  <testcase name="parseTest[101]" classname="org.bitcoinj.utils.BtcFormatTest" time="0.0">
    <skipped/>
  </testcase>
  <testcase name="microcoinScaleTest[101]" classname="org.bitcoinj.utils.BtcFormatTest" time="0.0"/>
  <testcase name="parseMetricTest[101]" classname="org.bitcoinj.utils.BtcFormatTest" time="0.003"/>
  <testcase name="coinScaleTest[101]" classname="org.bitcoinj.utils.BtcFormatTest" time="0.0"/>
  <testcase name="builderTest[101]" classname="org.bitcoinj.utils.BtcFormatTest" time="0.0">
    <skipped/>
  </testcase>
  <testcase name="attributeTest[101]" classname="org.bitcoinj.utils.BtcFormatTest" time="0.0">
    <skipped/>
  </testcase>
  <testcase name="prefixTest[101]" classname="org.bitcoinj.utils.BtcFormatTest" time="0.001"/>
  <testcase name="suffixTest[101]" classname="org.bitcoinj.utils.BtcFormatTest" time="0.0">
    <skipped/>
  </testcase>
  <testcase name="autoDecimalTest[101]" classname="org.bitcoinj.utils.BtcFormatTest" time="0.002"/>
  <testcase name="symbolCollisionTest[101]" classname="org.bitcoinj.utils.BtcFormatTest" time="0.004"/>
  <testcase name="equalityTest[101]" classname="org.bitcoinj.utils.BtcFormatTest" time="0.004"/>
  <testcase name="columnAlignmentTest[101]" classname="org.bitcoinj.utils.BtcFormatTest" time="0.0"/>
  <testcase name="factoryTest[101]" classname="org.bitcoinj.utils.BtcFormatTest" time="0.001"/>
  <testcase name="parse[101]" classname="org.bitcoinj.utils.BtcFormatTest" time="0.0"/>
  <testcase name="btcRounding[101]" classname="org.bitcoinj.utils.BtcFormatTest" time="0.002"/>
  <testcase name="negativeTest[101]" classname="org.bitcoinj.utils.BtcFormatTest" time="0.0">
    <skipped/>
  </testcase>
  <testcase name="millicoinScaleTest[101]" classname="org.bitcoinj.utils.BtcFormatTest" time="0.0"/>
  <testcase name="toStringTest[101]" classname="org.bitcoinj.utils.BtcFormatTest" time="0.0">
    <skipped/>
  </testcase>
  <testcase name="testGrouping[101]" classname="org.bitcoinj.utils.BtcFormatTest" time="0.001"/>
  <testcase name="symbolsCodesTest[101]" classname="org.bitcoinj.utils.BtcFormatTest" time="0.004"/>
  <testcase name="defaultLocaleTest[101]" classname="org.bitcoinj.utils.BtcFormatTest" time="0.0"/>
  <testcase name="parsePositionTest[101]" classname="org.bitcoinj.utils.BtcFormatTest" time="0.001"/>
  <testcase name="argumentTypeTest[101]" classname="org.bitcoinj.utils.BtcFormatTest" time="0.0">
    <skipped/>
  </testcase>
  <testcase name="characterIteratorTest[101]" classname="org.bitcoinj.utils.BtcFormatTest" time="0.0"/>
  <testcase name="repeatingPlaceTest[101]" classname="org.bitcoinj.utils.BtcFormatTest" time="0.001"/>
  <testcase name="currencyCodeTest[101]" classname="org.bitcoinj.utils.BtcFormatTest" time="0.0">
    <skipped/>
  </testcase>
  <testcase name="patternDecimalPlaces[101]" classname="org.bitcoinj.utils.BtcFormatTest" time="0.0"/>
  <testcase name="factoryArgumentsTest[102]" classname="org.bitcoinj.utils.BtcFormatTest" time="0.002"/>
  <testcase name="parseTest[102]" classname="org.bitcoinj.utils.BtcFormatTest" time="0.0">
    <skipped/>
  </testcase>
  <testcase name="microcoinScaleTest[102]" classname="org.bitcoinj.utils.BtcFormatTest" time="0.0"/>
  <testcase name="parseMetricTest[102]" classname="org.bitcoinj.utils.BtcFormatTest" time="0.002"/>
  <testcase name="coinScaleTest[102]" classname="org.bitcoinj.utils.BtcFormatTest" time="0.0"/>
  <testcase name="builderTest[102]" classname="org.bitcoinj.utils.BtcFormatTest" time="0.0">
    <skipped/>
  </testcase>
  <testcase name="attributeTest[102]" classname="org.bitcoinj.utils.BtcFormatTest" time="0.0">
    <skipped/>
  </testcase>
  <testcase name="prefixTest[102]" classname="org.bitcoinj.utils.BtcFormatTest" time="0.001"/>
  <testcase name="suffixTest[102]" classname="org.bitcoinj.utils.BtcFormatTest" time="0.0">
    <skipped/>
  </testcase>
  <testcase name="autoDecimalTest[102]" classname="org.bitcoinj.utils.BtcFormatTest" time="0.003"/>
  <testcase name="symbolCollisionTest[102]" classname="org.bitcoinj.utils.BtcFormatTest" time="0.006"/>
  <testcase name="equalityTest[102]" classname="org.bitcoinj.utils.BtcFormatTest" time="0.002"/>
  <testcase name="columnAlignmentTest[102]" classname="org.bitcoinj.utils.BtcFormatTest" time="0.001"/>
  <testcase name="factoryTest[102]" classname="org.bitcoinj.utils.BtcFormatTest" time="0.0"/>
  <testcase name="parse[102]" classname="org.bitcoinj.utils.BtcFormatTest" time="0.0"/>
  <testcase name="btcRounding[102]" classname="org.bitcoinj.utils.BtcFormatTest" time="0.002"/>
  <testcase name="negativeTest[102]" classname="org.bitcoinj.utils.BtcFormatTest" time="0.0">
    <skipped/>
  </testcase>
  <testcase name="millicoinScaleTest[102]" classname="org.bitcoinj.utils.BtcFormatTest" time="0.0"/>
  <testcase name="toStringTest[102]" classname="org.bitcoinj.utils.BtcFormatTest" time="0.0">
    <skipped/>
  </testcase>
  <testcase name="testGrouping[102]" classname="org.bitcoinj.utils.BtcFormatTest" time="0.001"/>
  <testcase name="symbolsCodesTest[102]" classname="org.bitcoinj.utils.BtcFormatTest" time="0.001"/>
  <testcase name="defaultLocaleTest[102]" classname="org.bitcoinj.utils.BtcFormatTest" time="0.0"/>
  <testcase name="parsePositionTest[102]" classname="org.bitcoinj.utils.BtcFormatTest" time="0.001"/>
  <testcase name="argumentTypeTest[102]" classname="org.bitcoinj.utils.BtcFormatTest" time="0.0">
    <skipped/>
  </testcase>
  <testcase name="characterIteratorTest[102]" classname="org.bitcoinj.utils.BtcFormatTest" time="0.0"/>
  <testcase name="repeatingPlaceTest[102]" classname="org.bitcoinj.utils.BtcFormatTest" time="0.001"/>
  <testcase name="currencyCodeTest[102]" classname="org.bitcoinj.utils.BtcFormatTest" time="0.0">
    <skipped/>
  </testcase>
  <testcase name="patternDecimalPlaces[102]" classname="org.bitcoinj.utils.BtcFormatTest" time="0.0"/>
  <testcase name="factoryArgumentsTest[103]" classname="org.bitcoinj.utils.BtcFormatTest" time="0.002"/>
  <testcase name="parseTest[103]" classname="org.bitcoinj.utils.BtcFormatTest" time="0.0">
    <skipped/>
  </testcase>
  <testcase name="microcoinScaleTest[103]" classname="org.bitcoinj.utils.BtcFormatTest" time="0.0"/>
  <testcase name="parseMetricTest[103]" classname="org.bitcoinj.utils.BtcFormatTest" time="0.003"/>
  <testcase name="coinScaleTest[103]" classname="org.bitcoinj.utils.BtcFormatTest" time="0.0"/>
  <testcase name="builderTest[103]" classname="org.bitcoinj.utils.BtcFormatTest" time="0.0">
    <skipped/>
  </testcase>
  <testcase name="attributeTest[103]" classname="org.bitcoinj.utils.BtcFormatTest" time="0.0">
    <skipped/>
  </testcase>
  <testcase name="prefixTest[103]" classname="org.bitcoinj.utils.BtcFormatTest" time="0.001"/>
  <testcase name="suffixTest[103]" classname="org.bitcoinj.utils.BtcFormatTest" time="0.0">
    <skipped/>
  </testcase>
  <testcase name="autoDecimalTest[103]" classname="org.bitcoinj.utils.BtcFormatTest" time="0.002"/>
  <testcase name="symbolCollisionTest[103]" classname="org.bitcoinj.utils.BtcFormatTest" time="0.003"/>
  <testcase name="equalityTest[103]" classname="org.bitcoinj.utils.BtcFormatTest" time="0.004"/>
  <testcase name="columnAlignmentTest[103]" classname="org.bitcoinj.utils.BtcFormatTest" time="0.0"/>
  <testcase name="factoryTest[103]" classname="org.bitcoinj.utils.BtcFormatTest" time="0.001"/>
  <testcase name="parse[103]" classname="org.bitcoinj.utils.BtcFormatTest" time="0.0"/>
  <testcase name="btcRounding[103]" classname="org.bitcoinj.utils.BtcFormatTest" time="0.003"/>
  <testcase name="negativeTest[103]" classname="org.bitcoinj.utils.BtcFormatTest" time="0.0">
    <skipped/>
  </testcase>
  <testcase name="millicoinScaleTest[103]" classname="org.bitcoinj.utils.BtcFormatTest" time="0.0"/>
  <testcase name="toStringTest[103]" classname="org.bitcoinj.utils.BtcFormatTest" time="0.0">
    <skipped/>
  </testcase>
  <testcase name="testGrouping[103]" classname="org.bitcoinj.utils.BtcFormatTest" time="0.0"/>
  <testcase name="symbolsCodesTest[103]" classname="org.bitcoinj.utils.BtcFormatTest" time="0.002"/>
  <testcase name="defaultLocaleTest[103]" classname="org.bitcoinj.utils.BtcFormatTest" time="0.0"/>
  <testcase name="parsePositionTest[103]" classname="org.bitcoinj.utils.BtcFormatTest" time="0.001"/>
  <testcase name="argumentTypeTest[103]" classname="org.bitcoinj.utils.BtcFormatTest" time="0.0">
    <skipped/>
  </testcase>
  <testcase name="characterIteratorTest[103]" classname="org.bitcoinj.utils.BtcFormatTest" time="0.0"/>
  <testcase name="repeatingPlaceTest[103]" classname="org.bitcoinj.utils.BtcFormatTest" time="0.0"/>
  <testcase name="currencyCodeTest[103]" classname="org.bitcoinj.utils.BtcFormatTest" time="0.0">
    <skipped/>
  </testcase>
  <testcase name="patternDecimalPlaces[103]" classname="org.bitcoinj.utils.BtcFormatTest" time="0.0"/>
  <testcase name="factoryArgumentsTest[104]" classname="org.bitcoinj.utils.BtcFormatTest" time="0.001"/>
  <testcase name="parseTest[104]" classname="org.bitcoinj.utils.BtcFormatTest" time="0.0">
    <skipped/>
  </testcase>
  <testcase name="microcoinScaleTest[104]" classname="org.bitcoinj.utils.BtcFormatTest" time="0.001"/>
  <testcase name="parseMetricTest[104]" classname="org.bitcoinj.utils.BtcFormatTest" time="0.001"/>
  <testcase name="coinScaleTest[104]" classname="org.bitcoinj.utils.BtcFormatTest" time="0.0"/>
  <testcase name="builderTest[104]" classname="org.bitcoinj.utils.BtcFormatTest" time="0.0">
    <skipped/>
  </testcase>
  <testcase name="attributeTest[104]" classname="org.bitcoinj.utils.BtcFormatTest" time="0.0">
    <skipped/>
  </testcase>
  <testcase name="prefixTest[104]" classname="org.bitcoinj.utils.BtcFormatTest" time="0.0"/>
  <testcase name="suffixTest[104]" classname="org.bitcoinj.utils.BtcFormatTest" time="0.0">
    <skipped/>
  </testcase>
  <testcase name="autoDecimalTest[104]" classname="org.bitcoinj.utils.BtcFormatTest" time="0.002"/>
  <testcase name="symbolCollisionTest[104]" classname="org.bitcoinj.utils.BtcFormatTest" time="0.003"/>
  <testcase name="equalityTest[104]" classname="org.bitcoinj.utils.BtcFormatTest" time="0.009"/>
  <testcase name="columnAlignmentTest[104]" classname="org.bitcoinj.utils.BtcFormatTest" time="0.001"/>
  <testcase name="factoryTest[104]" classname="org.bitcoinj.utils.BtcFormatTest" time="0.0"/>
  <testcase name="parse[104]" classname="org.bitcoinj.utils.BtcFormatTest" time="0.0"/>
  <testcase name="btcRounding[104]" classname="org.bitcoinj.utils.BtcFormatTest" time="0.003"/>
  <testcase name="negativeTest[104]" classname="org.bitcoinj.utils.BtcFormatTest" time="0.0">
    <skipped/>
  </testcase>
  <testcase name="millicoinScaleTest[104]" classname="org.bitcoinj.utils.BtcFormatTest" time="0.0"/>
  <testcase name="toStringTest[104]" classname="org.bitcoinj.utils.BtcFormatTest" time="0.0">
    <skipped/>
  </testcase>
  <testcase name="testGrouping[104]" classname="org.bitcoinj.utils.BtcFormatTest" time="0.001"/>
  <testcase name="symbolsCodesTest[104]" classname="org.bitcoinj.utils.BtcFormatTest" time="0.001"/>
  <testcase name="defaultLocaleTest[104]" classname="org.bitcoinj.utils.BtcFormatTest" time="0.0"/>
  <testcase name="parsePositionTest[104]" classname="org.bitcoinj.utils.BtcFormatTest" time="0.001"/>
  <testcase name="argumentTypeTest[104]" classname="org.bitcoinj.utils.BtcFormatTest" time="0.0">
    <skipped/>
  </testcase>
  <testcase name="characterIteratorTest[104]" classname="org.bitcoinj.utils.BtcFormatTest" time="0.0"/>
  <testcase name="repeatingPlaceTest[104]" classname="org.bitcoinj.utils.BtcFormatTest" time="0.001"/>
  <testcase name="currencyCodeTest[104]" classname="org.bitcoinj.utils.BtcFormatTest" time="0.0">
    <skipped/>
  </testcase>
  <testcase name="patternDecimalPlaces[104]" classname="org.bitcoinj.utils.BtcFormatTest" time="0.0"/>
  <testcase name="factoryArgumentsTest[105]" classname="org.bitcoinj.utils.BtcFormatTest" time="0.002"/>
  <testcase name="parseTest[105]" classname="org.bitcoinj.utils.BtcFormatTest" time="0.0">
    <skipped/>
  </testcase>
  <testcase name="microcoinScaleTest[105]" classname="org.bitcoinj.utils.BtcFormatTest" time="0.0"/>
  <testcase name="parseMetricTest[105]" classname="org.bitcoinj.utils.BtcFormatTest" time="0.003"/>
  <testcase name="coinScaleTest[105]" classname="org.bitcoinj.utils.BtcFormatTest" time="0.001"/>
  <testcase name="builderTest[105]" classname="org.bitcoinj.utils.BtcFormatTest" time="0.0">
    <skipped/>
  </testcase>
  <testcase name="attributeTest[105]" classname="org.bitcoinj.utils.BtcFormatTest" time="0.0">
    <skipped/>
  </testcase>
  <testcase name="prefixTest[105]" classname="org.bitcoinj.utils.BtcFormatTest" time="0.0"/>
  <testcase name="suffixTest[105]" classname="org.bitcoinj.utils.BtcFormatTest" time="0.0">
    <skipped/>
  </testcase>
  <testcase name="autoDecimalTest[105]" classname="org.bitcoinj.utils.BtcFormatTest" time="0.002"/>
  <testcase name="symbolCollisionTest[105]" classname="org.bitcoinj.utils.BtcFormatTest" time="0.003"/>
  <testcase name="equalityTest[105]" classname="org.bitcoinj.utils.BtcFormatTest" time="0.005"/>
  <testcase name="columnAlignmentTest[105]" classname="org.bitcoinj.utils.BtcFormatTest" time="0.001"/>
  <testcase name="factoryTest[105]" classname="org.bitcoinj.utils.BtcFormatTest" time="0.001"/>
  <testcase name="parse[105]" classname="org.bitcoinj.utils.BtcFormatTest" time="0.0"/>
  <testcase name="btcRounding[105]" classname="org.bitcoinj.utils.BtcFormatTest" time="0.003"/>
  <testcase name="negativeTest[105]" classname="org.bitcoinj.utils.BtcFormatTest" time="0.0">
    <skipped/>
  </testcase>
  <testcase name="millicoinScaleTest[105]" classname="org.bitcoinj.utils.BtcFormatTest" time="0.0"/>
  <testcase name="toStringTest[105]" classname="org.bitcoinj.utils.BtcFormatTest" time="0.0">
    <skipped/>
  </testcase>
  <testcase name="testGrouping[105]" classname="org.bitcoinj.utils.BtcFormatTest" time="0.001"/>
  <testcase name="symbolsCodesTest[105]" classname="org.bitcoinj.utils.BtcFormatTest" time="0.002"/>
  <testcase name="defaultLocaleTest[105]" classname="org.bitcoinj.utils.BtcFormatTest" time="0.0"/>
  <testcase name="parsePositionTest[105]" classname="org.bitcoinj.utils.BtcFormatTest" time="0.001"/>
  <testcase name="argumentTypeTest[105]" classname="org.bitcoinj.utils.BtcFormatTest" time="0.0">
    <skipped/>
  </testcase>
  <testcase name="characterIteratorTest[105]" classname="org.bitcoinj.utils.BtcFormatTest" time="0.0"/>
  <testcase name="repeatingPlaceTest[105]" classname="org.bitcoinj.utils.BtcFormatTest" time="0.001"/>
  <testcase name="currencyCodeTest[105]" classname="org.bitcoinj.utils.BtcFormatTest" time="0.0">
    <skipped/>
  </testcase>
  <testcase name="patternDecimalPlaces[105]" classname="org.bitcoinj.utils.BtcFormatTest" time="0.0"/>
  <testcase name="factoryArgumentsTest[106]" classname="org.bitcoinj.utils.BtcFormatTest" time="0.001"/>
  <testcase name="parseTest[106]" classname="org.bitcoinj.utils.BtcFormatTest" time="0.0">
    <skipped/>
  </testcase>
  <testcase name="microcoinScaleTest[106]" classname="org.bitcoinj.utils.BtcFormatTest" time="0.001"/>
  <testcase name="parseMetricTest[106]" classname="org.bitcoinj.utils.BtcFormatTest" time="0.002"/>
  <testcase name="coinScaleTest[106]" classname="org.bitcoinj.utils.BtcFormatTest" time="0.0"/>
  <testcase name="builderTest[106]" classname="org.bitcoinj.utils.BtcFormatTest" time="0.0">
    <skipped/>
  </testcase>
  <testcase name="attributeTest[106]" classname="org.bitcoinj.utils.BtcFormatTest" time="0.0">
    <skipped/>
  </testcase>
  <testcase name="prefixTest[106]" classname="org.bitcoinj.utils.BtcFormatTest" time="0.0"/>
  <testcase name="suffixTest[106]" classname="org.bitcoinj.utils.BtcFormatTest" time="0.0">
    <skipped/>
  </testcase>
  <testcase name="autoDecimalTest[106]" classname="org.bitcoinj.utils.BtcFormatTest" time="0.001"/>
  <testcase name="symbolCollisionTest[106]" classname="org.bitcoinj.utils.BtcFormatTest" time="0.003"/>
  <testcase name="equalityTest[106]" classname="org.bitcoinj.utils.BtcFormatTest" time="0.008"/>
  <testcase name="columnAlignmentTest[106]" classname="org.bitcoinj.utils.BtcFormatTest" time="0.003"/>
  <testcase name="factoryTest[106]" classname="org.bitcoinj.utils.BtcFormatTest" time="0.002"/>
  <testcase name="parse[106]" classname="org.bitcoinj.utils.BtcFormatTest" time="0.0"/>
  <testcase name="btcRounding[106]" classname="org.bitcoinj.utils.BtcFormatTest" time="0.004"/>
  <testcase name="negativeTest[106]" classname="org.bitcoinj.utils.BtcFormatTest" time="0.0">
    <skipped/>
  </testcase>
  <testcase name="millicoinScaleTest[106]" classname="org.bitcoinj.utils.BtcFormatTest" time="0.0"/>
  <testcase name="toStringTest[106]" classname="org.bitcoinj.utils.BtcFormatTest" time="0.0">
    <skipped/>
  </testcase>
  <testcase name="testGrouping[106]" classname="org.bitcoinj.utils.BtcFormatTest" time="0.001"/>
  <testcase name="symbolsCodesTest[106]" classname="org.bitcoinj.utils.BtcFormatTest" time="0.002"/>
  <testcase name="defaultLocaleTest[106]" classname="org.bitcoinj.utils.BtcFormatTest" time="0.0"/>
  <testcase name="parsePositionTest[106]" classname="org.bitcoinj.utils.BtcFormatTest" time="0.001"/>
  <testcase name="argumentTypeTest[106]" classname="org.bitcoinj.utils.BtcFormatTest" time="0.0">
    <skipped/>
  </testcase>
  <testcase name="characterIteratorTest[106]" classname="org.bitcoinj.utils.BtcFormatTest" time="0.001"/>
  <testcase name="repeatingPlaceTest[106]" classname="org.bitcoinj.utils.BtcFormatTest" time="0.0"/>
  <testcase name="currencyCodeTest[106]" classname="org.bitcoinj.utils.BtcFormatTest" time="0.0">
    <skipped/>
  </testcase>
  <testcase name="patternDecimalPlaces[106]" classname="org.bitcoinj.utils.BtcFormatTest" time="0.0"/>
  <testcase name="factoryArgumentsTest[107]" classname="org.bitcoinj.utils.BtcFormatTest" time="0.003"/>
  <testcase name="parseTest[107]" classname="org.bitcoinj.utils.BtcFormatTest" time="0.0">
    <skipped/>
  </testcase>
  <testcase name="microcoinScaleTest[107]" classname="org.bitcoinj.utils.BtcFormatTest" time="0.0"/>
  <testcase name="parseMetricTest[107]" classname="org.bitcoinj.utils.BtcFormatTest" time="0.003"/>
  <testcase name="coinScaleTest[107]" classname="org.bitcoinj.utils.BtcFormatTest" time="0.0"/>
  <testcase name="builderTest[107]" classname="org.bitcoinj.utils.BtcFormatTest" time="0.0">
    <skipped/>
  </testcase>
  <testcase name="attributeTest[107]" classname="org.bitcoinj.utils.BtcFormatTest" time="0.0">
    <skipped/>
  </testcase>
  <testcase name="prefixTest[107]" classname="org.bitcoinj.utils.BtcFormatTest" time="0.001"/>
  <testcase name="suffixTest[107]" classname="org.bitcoinj.utils.BtcFormatTest" time="0.0">
    <skipped/>
  </testcase>
  <testcase name="autoDecimalTest[107]" classname="org.bitcoinj.utils.BtcFormatTest" time="0.002"/>
  <testcase name="symbolCollisionTest[107]" classname="org.bitcoinj.utils.BtcFormatTest" time="0.004"/>
  <testcase name="equalityTest[107]" classname="org.bitcoinj.utils.BtcFormatTest" time="0.003"/>
  <testcase name="columnAlignmentTest[107]" classname="org.bitcoinj.utils.BtcFormatTest" time="0.001"/>
  <testcase name="factoryTest[107]" classname="org.bitcoinj.utils.BtcFormatTest" time="0.0"/>
  <testcase name="parse[107]" classname="org.bitcoinj.utils.BtcFormatTest" time="0.0"/>
  <testcase name="btcRounding[107]" classname="org.bitcoinj.utils.BtcFormatTest" time="0.002"/>
  <testcase name="negativeTest[107]" classname="org.bitcoinj.utils.BtcFormatTest" time="0.0">
    <skipped/>
  </testcase>
  <testcase name="millicoinScaleTest[107]" classname="org.bitcoinj.utils.BtcFormatTest" time="0.0"/>
  <testcase name="toStringTest[107]" classname="org.bitcoinj.utils.BtcFormatTest" time="0.0">
    <skipped/>
  </testcase>
  <testcase name="testGrouping[107]" classname="org.bitcoinj.utils.BtcFormatTest" time="0.0"/>
  <testcase name="symbolsCodesTest[107]" classname="org.bitcoinj.utils.BtcFormatTest" time="0.001"/>
  <testcase name="defaultLocaleTest[107]" classname="org.bitcoinj.utils.BtcFormatTest" time="0.001"/>
  <testcase name="parsePositionTest[107]" classname="org.bitcoinj.utils.BtcFormatTest" time="0.0"/>
  <testcase name="argumentTypeTest[107]" classname="org.bitcoinj.utils.BtcFormatTest" time="0.0">
    <skipped/>
  </testcase>
  <testcase name="characterIteratorTest[107]" classname="org.bitcoinj.utils.BtcFormatTest" time="0.001"/>
  <testcase name="repeatingPlaceTest[107]" classname="org.bitcoinj.utils.BtcFormatTest" time="0.001"/>
  <testcase name="currencyCodeTest[107]" classname="org.bitcoinj.utils.BtcFormatTest" time="0.0">
    <skipped/>
  </testcase>
  <testcase name="patternDecimalPlaces[107]" classname="org.bitcoinj.utils.BtcFormatTest" time="0.0"/>
  <testcase name="factoryArgumentsTest[108]" classname="org.bitcoinj.utils.BtcFormatTest" time="0.004"/>
  <testcase name="parseTest[108]" classname="org.bitcoinj.utils.BtcFormatTest" time="0.0">
    <skipped/>
  </testcase>
  <testcase name="microcoinScaleTest[108]" classname="org.bitcoinj.utils.BtcFormatTest" time="0.0"/>
  <testcase name="parseMetricTest[108]" classname="org.bitcoinj.utils.BtcFormatTest" time="0.002"/>
  <testcase name="coinScaleTest[108]" classname="org.bitcoinj.utils.BtcFormatTest" time="0.001"/>
  <testcase name="builderTest[108]" classname="org.bitcoinj.utils.BtcFormatTest" time="0.0">
    <skipped/>
  </testcase>
  <testcase name="attributeTest[108]" classname="org.bitcoinj.utils.BtcFormatTest" time="0.0">
    <skipped/>
  </testcase>
  <testcase name="prefixTest[108]" classname="org.bitcoinj.utils.BtcFormatTest" time="0.0"/>
  <testcase name="suffixTest[108]" classname="org.bitcoinj.utils.BtcFormatTest" time="0.0">
    <skipped/>
  </testcase>
  <testcase name="autoDecimalTest[108]" classname="org.bitcoinj.utils.BtcFormatTest" time="0.001"/>
  <testcase name="symbolCollisionTest[108]" classname="org.bitcoinj.utils.BtcFormatTest" time="0.002"/>
  <testcase name="equalityTest[108]" classname="org.bitcoinj.utils.BtcFormatTest" time="0.003"/>
  <testcase name="columnAlignmentTest[108]" classname="org.bitcoinj.utils.BtcFormatTest" time="0.0"/>
  <testcase name="factoryTest[108]" classname="org.bitcoinj.utils.BtcFormatTest" time="0.001"/>
  <testcase name="parse[108]" classname="org.bitcoinj.utils.BtcFormatTest" time="0.0"/>
  <testcase name="btcRounding[108]" classname="org.bitcoinj.utils.BtcFormatTest" time="0.003"/>
  <testcase name="negativeTest[108]" classname="org.bitcoinj.utils.BtcFormatTest" time="0.0">
    <skipped/>
  </testcase>
  <testcase name="millicoinScaleTest[108]" classname="org.bitcoinj.utils.BtcFormatTest" time="0.001"/>
  <testcase name="toStringTest[108]" classname="org.bitcoinj.utils.BtcFormatTest" time="0.0">
    <skipped/>
  </testcase>
  <testcase name="testGrouping[108]" classname="org.bitcoinj.utils.BtcFormatTest" time="0.001"/>
  <testcase name="symbolsCodesTest[108]" classname="org.bitcoinj.utils.BtcFormatTest" time="0.001"/>
  <testcase name="defaultLocaleTest[108]" classname="org.bitcoinj.utils.BtcFormatTest" time="0.0"/>
  <testcase name="parsePositionTest[108]" classname="org.bitcoinj.utils.BtcFormatTest" time="0.001"/>
  <testcase name="argumentTypeTest[108]" classname="org.bitcoinj.utils.BtcFormatTest" time="0.0">
    <skipped/>
  </testcase>
  <testcase name="characterIteratorTest[108]" classname="org.bitcoinj.utils.BtcFormatTest" time="0.0"/>
  <testcase name="repeatingPlaceTest[108]" classname="org.bitcoinj.utils.BtcFormatTest" time="0.001"/>
  <testcase name="currencyCodeTest[108]" classname="org.bitcoinj.utils.BtcFormatTest" time="0.0">
    <skipped/>
  </testcase>
  <testcase name="patternDecimalPlaces[108]" classname="org.bitcoinj.utils.BtcFormatTest" time="0.0"/>
  <testcase name="factoryArgumentsTest[109]" classname="org.bitcoinj.utils.BtcFormatTest" time="0.002"/>
  <testcase name="parseTest[109]" classname="org.bitcoinj.utils.BtcFormatTest" time="0.0">
    <skipped/>
  </testcase>
  <testcase name="microcoinScaleTest[109]" classname="org.bitcoinj.utils.BtcFormatTest" time="0.0"/>
  <testcase name="parseMetricTest[109]" classname="org.bitcoinj.utils.BtcFormatTest" time="0.003"/>
  <testcase name="coinScaleTest[109]" classname="org.bitcoinj.utils.BtcFormatTest" time="0.0"/>
  <testcase name="builderTest[109]" classname="org.bitcoinj.utils.BtcFormatTest" time="0.0">
    <skipped/>
  </testcase>
  <testcase name="attributeTest[109]" classname="org.bitcoinj.utils.BtcFormatTest" time="0.0">
    <skipped/>
  </testcase>
  <testcase name="prefixTest[109]" classname="org.bitcoinj.utils.BtcFormatTest" time="0.001"/>
  <testcase name="suffixTest[109]" classname="org.bitcoinj.utils.BtcFormatTest" time="0.0">
    <skipped/>
  </testcase>
  <testcase name="autoDecimalTest[109]" classname="org.bitcoinj.utils.BtcFormatTest" time="0.002"/>
  <testcase name="symbolCollisionTest[109]" classname="org.bitcoinj.utils.BtcFormatTest" time="0.005"/>
  <testcase name="equalityTest[109]" classname="org.bitcoinj.utils.BtcFormatTest" time="0.005"/>
  <testcase name="columnAlignmentTest[109]" classname="org.bitcoinj.utils.BtcFormatTest" time="0.0"/>
  <testcase name="factoryTest[109]" classname="org.bitcoinj.utils.BtcFormatTest" time="0.001"/>
  <testcase name="parse[109]" classname="org.bitcoinj.utils.BtcFormatTest" time="0.0"/>
  <testcase name="btcRounding[109]" classname="org.bitcoinj.utils.BtcFormatTest" time="0.002"/>
  <testcase name="negativeTest[109]" classname="org.bitcoinj.utils.BtcFormatTest" time="0.0">
    <skipped/>
  </testcase>
  <testcase name="millicoinScaleTest[109]" classname="org.bitcoinj.utils.BtcFormatTest" time="0.0"/>
  <testcase name="toStringTest[109]" classname="org.bitcoinj.utils.BtcFormatTest" time="0.0">
    <skipped/>
  </testcase>
  <testcase name="testGrouping[109]" classname="org.bitcoinj.utils.BtcFormatTest" time="0.0"/>
  <testcase name="symbolsCodesTest[109]" classname="org.bitcoinj.utils.BtcFormatTest" time="0.003"/>
  <testcase name="defaultLocaleTest[109]" classname="org.bitcoinj.utils.BtcFormatTest" time="0.0"/>
  <testcase name="parsePositionTest[109]" classname="org.bitcoinj.utils.BtcFormatTest" time="0.001"/>
  <testcase name="argumentTypeTest[109]" classname="org.bitcoinj.utils.BtcFormatTest" time="0.0">
    <skipped/>
  </testcase>
  <testcase name="characterIteratorTest[109]" classname="org.bitcoinj.utils.BtcFormatTest" time="0.001"/>
  <testcase name="repeatingPlaceTest[109]" classname="org.bitcoinj.utils.BtcFormatTest" time="0.0"/>
  <testcase name="currencyCodeTest[109]" classname="org.bitcoinj.utils.BtcFormatTest" time="0.0">
    <skipped/>
  </testcase>
  <testcase name="patternDecimalPlaces[109]" classname="org.bitcoinj.utils.BtcFormatTest" time="0.0"/>
  <testcase name="factoryArgumentsTest[110]" classname="org.bitcoinj.utils.BtcFormatTest" time="0.003"/>
  <testcase name="parseTest[110]" classname="org.bitcoinj.utils.BtcFormatTest" time="0.0">
    <skipped/>
  </testcase>
  <testcase name="microcoinScaleTest[110]" classname="org.bitcoinj.utils.BtcFormatTest" time="0.0"/>
  <testcase name="parseMetricTest[110]" classname="org.bitcoinj.utils.BtcFormatTest" time="0.003"/>
  <testcase name="coinScaleTest[110]" classname="org.bitcoinj.utils.BtcFormatTest" time="0.0"/>
  <testcase name="builderTest[110]" classname="org.bitcoinj.utils.BtcFormatTest" time="0.0">
    <skipped/>
  </testcase>
  <testcase name="attributeTest[110]" classname="org.bitcoinj.utils.BtcFormatTest" time="0.0">
    <skipped/>
  </testcase>
  <testcase name="prefixTest[110]" classname="org.bitcoinj.utils.BtcFormatTest" time="0.001"/>
  <testcase name="suffixTest[110]" classname="org.bitcoinj.utils.BtcFormatTest" time="0.0">
    <skipped/>
  </testcase>
  <testcase name="autoDecimalTest[110]" classname="org.bitcoinj.utils.BtcFormatTest" time="0.002"/>
  <testcase name="symbolCollisionTest[110]" classname="org.bitcoinj.utils.BtcFormatTest" time="0.003"/>
  <testcase name="equalityTest[110]" classname="org.bitcoinj.utils.BtcFormatTest" time="0.003"/>
  <testcase name="columnAlignmentTest[110]" classname="org.bitcoinj.utils.BtcFormatTest" time="0.001"/>
  <testcase name="factoryTest[110]" classname="org.bitcoinj.utils.BtcFormatTest" time="0.0"/>
  <testcase name="parse[110]" classname="org.bitcoinj.utils.BtcFormatTest" time="0.001"/>
  <testcase name="btcRounding[110]" classname="org.bitcoinj.utils.BtcFormatTest" time="0.003"/>
  <testcase name="negativeTest[110]" classname="org.bitcoinj.utils.BtcFormatTest" time="0.0">
    <skipped/>
  </testcase>
  <testcase name="millicoinScaleTest[110]" classname="org.bitcoinj.utils.BtcFormatTest" time="0.0"/>
  <testcase name="toStringTest[110]" classname="org.bitcoinj.utils.BtcFormatTest" time="0.0">
    <skipped/>
  </testcase>
  <testcase name="testGrouping[110]" classname="org.bitcoinj.utils.BtcFormatTest" time="0.001"/>
  <testcase name="symbolsCodesTest[110]" classname="org.bitcoinj.utils.BtcFormatTest" time="0.001"/>
  <testcase name="defaultLocaleTest[110]" classname="org.bitcoinj.utils.BtcFormatTest" time="0.0"/>
  <testcase name="parsePositionTest[110]" classname="org.bitcoinj.utils.BtcFormatTest" time="0.001"/>
  <testcase name="argumentTypeTest[110]" classname="org.bitcoinj.utils.BtcFormatTest" time="0.0">
    <skipped/>
  </testcase>
  <testcase name="characterIteratorTest[110]" classname="org.bitcoinj.utils.BtcFormatTest" time="0.0"/>
  <testcase name="repeatingPlaceTest[110]" classname="org.bitcoinj.utils.BtcFormatTest" time="0.0"/>
  <testcase name="currencyCodeTest[110]" classname="org.bitcoinj.utils.BtcFormatTest" time="0.0">
    <skipped/>
  </testcase>
  <testcase name="patternDecimalPlaces[110]" classname="org.bitcoinj.utils.BtcFormatTest" time="0.001"/>
  <testcase name="factoryArgumentsTest[111]" classname="org.bitcoinj.utils.BtcFormatTest" time="0.001"/>
  <testcase name="parseTest[111]" classname="org.bitcoinj.utils.BtcFormatTest" time="0.0">
    <skipped/>
  </testcase>
  <testcase name="microcoinScaleTest[111]" classname="org.bitcoinj.utils.BtcFormatTest" time="0.0"/>
  <testcase name="parseMetricTest[111]" classname="org.bitcoinj.utils.BtcFormatTest" time="0.002"/>
  <testcase name="coinScaleTest[111]" classname="org.bitcoinj.utils.BtcFormatTest" time="0.0"/>
  <testcase name="builderTest[111]" classname="org.bitcoinj.utils.BtcFormatTest" time="0.0">
    <skipped/>
  </testcase>
  <testcase name="attributeTest[111]" classname="org.bitcoinj.utils.BtcFormatTest" time="0.0">
    <skipped/>
  </testcase>
  <testcase name="prefixTest[111]" classname="org.bitcoinj.utils.BtcFormatTest" time="0.001"/>
  <testcase name="suffixTest[111]" classname="org.bitcoinj.utils.BtcFormatTest" time="0.0">
    <skipped/>
  </testcase>
  <testcase name="autoDecimalTest[111]" classname="org.bitcoinj.utils.BtcFormatTest" time="0.001"/>
  <testcase name="symbolCollisionTest[111]" classname="org.bitcoinj.utils.BtcFormatTest" time="0.003"/>
  <testcase name="equalityTest[111]" classname="org.bitcoinj.utils.BtcFormatTest" time="0.004"/>
  <testcase name="columnAlignmentTest[111]" classname="org.bitcoinj.utils.BtcFormatTest" time="0.0"/>
  <testcase name="factoryTest[111]" classname="org.bitcoinj.utils.BtcFormatTest" time="0.001"/>
  <testcase name="parse[111]" classname="org.bitcoinj.utils.BtcFormatTest" time="0.0"/>
  <testcase name="btcRounding[111]" classname="org.bitcoinj.utils.BtcFormatTest" time="0.003"/>
  <testcase name="negativeTest[111]" classname="org.bitcoinj.utils.BtcFormatTest" time="0.0">
    <skipped/>
  </testcase>
  <testcase name="millicoinScaleTest[111]" classname="org.bitcoinj.utils.BtcFormatTest" time="0.0"/>
  <testcase name="toStringTest[111]" classname="org.bitcoinj.utils.BtcFormatTest" time="0.0">
    <skipped/>
  </testcase>
  <testcase name="testGrouping[111]" classname="org.bitcoinj.utils.BtcFormatTest" time="0.0"/>
  <testcase name="symbolsCodesTest[111]" classname="org.bitcoinj.utils.BtcFormatTest" time="0.001"/>
  <testcase name="defaultLocaleTest[111]" classname="org.bitcoinj.utils.BtcFormatTest" time="0.001"/>
  <testcase name="parsePositionTest[111]" classname="org.bitcoinj.utils.BtcFormatTest" time="0.001"/>
  <testcase name="argumentTypeTest[111]" classname="org.bitcoinj.utils.BtcFormatTest" time="0.0">
    <skipped/>
  </testcase>
  <testcase name="characterIteratorTest[111]" classname="org.bitcoinj.utils.BtcFormatTest" time="0.001"/>
  <testcase name="repeatingPlaceTest[111]" classname="org.bitcoinj.utils.BtcFormatTest" time="0.0"/>
  <testcase name="currencyCodeTest[111]" classname="org.bitcoinj.utils.BtcFormatTest" time="0.0">
    <skipped/>
  </testcase>
  <testcase name="patternDecimalPlaces[111]" classname="org.bitcoinj.utils.BtcFormatTest" time="0.0"/>
  <testcase name="factoryArgumentsTest[112]" classname="org.bitcoinj.utils.BtcFormatTest" time="0.003"/>
  <testcase name="parseTest[112]" classname="org.bitcoinj.utils.BtcFormatTest" time="0.0">
    <skipped/>
  </testcase>
  <testcase name="microcoinScaleTest[112]" classname="org.bitcoinj.utils.BtcFormatTest" time="0.0"/>
  <testcase name="parseMetricTest[112]" classname="org.bitcoinj.utils.BtcFormatTest" time="0.003"/>
  <testcase name="coinScaleTest[112]" classname="org.bitcoinj.utils.BtcFormatTest" time="0.0"/>
  <testcase name="builderTest[112]" classname="org.bitcoinj.utils.BtcFormatTest" time="0.0">
    <skipped/>
  </testcase>
  <testcase name="attributeTest[112]" classname="org.bitcoinj.utils.BtcFormatTest" time="0.0">
    <skipped/>
  </testcase>
  <testcase name="prefixTest[112]" classname="org.bitcoinj.utils.BtcFormatTest" time="0.0"/>
  <testcase name="suffixTest[112]" classname="org.bitcoinj.utils.BtcFormatTest" time="0.0">
    <skipped/>
  </testcase>
  <testcase name="autoDecimalTest[112]" classname="org.bitcoinj.utils.BtcFormatTest" time="0.001"/>
  <testcase name="symbolCollisionTest[112]" classname="org.bitcoinj.utils.BtcFormatTest" time="0.003"/>
  <testcase name="equalityTest[112]" classname="org.bitcoinj.utils.BtcFormatTest" time="0.003"/>
  <testcase name="columnAlignmentTest[112]" classname="org.bitcoinj.utils.BtcFormatTest" time="0.0"/>
  <testcase name="factoryTest[112]" classname="org.bitcoinj.utils.BtcFormatTest" time="0.001"/>
  <testcase name="parse[112]" classname="org.bitcoinj.utils.BtcFormatTest" time="0.001"/>
  <testcase name="btcRounding[112]" classname="org.bitcoinj.utils.BtcFormatTest" time="0.001"/>
  <testcase name="negativeTest[112]" classname="org.bitcoinj.utils.BtcFormatTest" time="0.0">
    <skipped/>
  </testcase>
  <testcase name="millicoinScaleTest[112]" classname="org.bitcoinj.utils.BtcFormatTest" time="0.0"/>
  <testcase name="toStringTest[112]" classname="org.bitcoinj.utils.BtcFormatTest" time="0.0">
    <skipped/>
  </testcase>
  <testcase name="testGrouping[112]" classname="org.bitcoinj.utils.BtcFormatTest" time="0.001"/>
  <testcase name="symbolsCodesTest[112]" classname="org.bitcoinj.utils.BtcFormatTest" time="0.002"/>
  <testcase name="defaultLocaleTest[112]" classname="org.bitcoinj.utils.BtcFormatTest" time="0.001"/>
  <testcase name="parsePositionTest[112]" classname="org.bitcoinj.utils.BtcFormatTest" time="0.0"/>
  <testcase name="argumentTypeTest[112]" classname="org.bitcoinj.utils.BtcFormatTest" time="0.0">
    <skipped/>
  </testcase>
  <testcase name="characterIteratorTest[112]" classname="org.bitcoinj.utils.BtcFormatTest" time="0.001"/>
  <testcase name="repeatingPlaceTest[112]" classname="org.bitcoinj.utils.BtcFormatTest" time="0.0"/>
  <testcase name="currencyCodeTest[112]" classname="org.bitcoinj.utils.BtcFormatTest" time="0.0">
    <skipped/>
  </testcase>
  <testcase name="patternDecimalPlaces[112]" classname="org.bitcoinj.utils.BtcFormatTest" time="0.0"/>
  <testcase name="factoryArgumentsTest[113]" classname="org.bitcoinj.utils.BtcFormatTest" time="0.002"/>
  <testcase name="parseTest[113]" classname="org.bitcoinj.utils.BtcFormatTest" time="0.0">
    <skipped/>
  </testcase>
  <testcase name="microcoinScaleTest[113]" classname="org.bitcoinj.utils.BtcFormatTest" time="0.0"/>
  <testcase name="parseMetricTest[113]" classname="org.bitcoinj.utils.BtcFormatTest" time="0.009"/>
  <testcase name="coinScaleTest[113]" classname="org.bitcoinj.utils.BtcFormatTest" time="0.0"/>
  <testcase name="builderTest[113]" classname="org.bitcoinj.utils.BtcFormatTest" time="0.0">
    <skipped/>
  </testcase>
  <testcase name="attributeTest[113]" classname="org.bitcoinj.utils.BtcFormatTest" time="0.0">
    <skipped/>
  </testcase>
  <testcase name="prefixTest[113]" classname="org.bitcoinj.utils.BtcFormatTest" time="0.001"/>
  <testcase name="suffixTest[113]" classname="org.bitcoinj.utils.BtcFormatTest" time="0.0">
    <skipped/>
  </testcase>
  <testcase name="autoDecimalTest[113]" classname="org.bitcoinj.utils.BtcFormatTest" time="0.001"/>
  <testcase name="symbolCollisionTest[113]" classname="org.bitcoinj.utils.BtcFormatTest" time="0.006"/>
  <testcase name="equalityTest[113]" classname="org.bitcoinj.utils.BtcFormatTest" time="0.003"/>
  <testcase name="columnAlignmentTest[113]" classname="org.bitcoinj.utils.BtcFormatTest" time="0.0"/>
  <testcase name="factoryTest[113]" classname="org.bitcoinj.utils.BtcFormatTest" time="0.001"/>
  <testcase name="parse[113]" classname="org.bitcoinj.utils.BtcFormatTest" time="0.0"/>
  <testcase name="btcRounding[113]" classname="org.bitcoinj.utils.BtcFormatTest" time="0.003"/>
  <testcase name="negativeTest[113]" classname="org.bitcoinj.utils.BtcFormatTest" time="0.0">
    <skipped/>
  </testcase>
  <testcase name="millicoinScaleTest[113]" classname="org.bitcoinj.utils.BtcFormatTest" time="0.0"/>
  <testcase name="toStringTest[113]" classname="org.bitcoinj.utils.BtcFormatTest" time="0.0">
    <skipped/>
  </testcase>
  <testcase name="testGrouping[113]" classname="org.bitcoinj.utils.BtcFormatTest" time="0.0"/>
  <testcase name="symbolsCodesTest[113]" classname="org.bitcoinj.utils.BtcFormatTest" time="0.001"/>
  <testcase name="defaultLocaleTest[113]" classname="org.bitcoinj.utils.BtcFormatTest" time="0.001"/>
  <testcase name="parsePositionTest[113]" classname="org.bitcoinj.utils.BtcFormatTest" time="0.0"/>
  <testcase name="argumentTypeTest[113]" classname="org.bitcoinj.utils.BtcFormatTest" time="0.0">
    <skipped/>
  </testcase>
  <testcase name="characterIteratorTest[113]" classname="org.bitcoinj.utils.BtcFormatTest" time="0.001"/>
  <testcase name="repeatingPlaceTest[113]" classname="org.bitcoinj.utils.BtcFormatTest" time="0.0"/>
  <testcase name="currencyCodeTest[113]" classname="org.bitcoinj.utils.BtcFormatTest" time="0.0">
    <skipped/>
  </testcase>
  <testcase name="patternDecimalPlaces[113]" classname="org.bitcoinj.utils.BtcFormatTest" time="0.0"/>
  <testcase name="factoryArgumentsTest[114]" classname="org.bitcoinj.utils.BtcFormatTest" time="0.004"/>
  <testcase name="parseTest[114]" classname="org.bitcoinj.utils.BtcFormatTest" time="0.0">
    <skipped/>
  </testcase>
  <testcase name="microcoinScaleTest[114]" classname="org.bitcoinj.utils.BtcFormatTest" time="0.0"/>
  <testcase name="parseMetricTest[114]" classname="org.bitcoinj.utils.BtcFormatTest" time="0.003"/>
  <testcase name="coinScaleTest[114]" classname="org.bitcoinj.utils.BtcFormatTest" time="0.0"/>
  <testcase name="builderTest[114]" classname="org.bitcoinj.utils.BtcFormatTest" time="0.0">
    <skipped/>
  </testcase>
  <testcase name="attributeTest[114]" classname="org.bitcoinj.utils.BtcFormatTest" time="0.0">
    <skipped/>
  </testcase>
  <testcase name="prefixTest[114]" classname="org.bitcoinj.utils.BtcFormatTest" time="0.001"/>
  <testcase name="suffixTest[114]" classname="org.bitcoinj.utils.BtcFormatTest" time="0.0">
    <skipped/>
  </testcase>
  <testcase name="autoDecimalTest[114]" classname="org.bitcoinj.utils.BtcFormatTest" time="0.001"/>
  <testcase name="symbolCollisionTest[114]" classname="org.bitcoinj.utils.BtcFormatTest" time="0.004"/>
  <testcase name="equalityTest[114]" classname="org.bitcoinj.utils.BtcFormatTest" time="0.005"/>
  <testcase name="columnAlignmentTest[114]" classname="org.bitcoinj.utils.BtcFormatTest" time="0.0"/>
  <testcase name="factoryTest[114]" classname="org.bitcoinj.utils.BtcFormatTest" time="0.001"/>
  <testcase name="parse[114]" classname="org.bitcoinj.utils.BtcFormatTest" time="0.001"/>
  <testcase name="btcRounding[114]" classname="org.bitcoinj.utils.BtcFormatTest" time="0.005"/>
  <testcase name="negativeTest[114]" classname="org.bitcoinj.utils.BtcFormatTest" time="0.0">
    <skipped/>
  </testcase>
  <testcase name="millicoinScaleTest[114]" classname="org.bitcoinj.utils.BtcFormatTest" time="0.0"/>
  <testcase name="toStringTest[114]" classname="org.bitcoinj.utils.BtcFormatTest" time="0.001">
    <skipped/>
  </testcase>
  <testcase name="testGrouping[114]" classname="org.bitcoinj.utils.BtcFormatTest" time="0.001"/>
  <testcase name="symbolsCodesTest[114]" classname="org.bitcoinj.utils.BtcFormatTest" time="0.002"/>
  <testcase name="defaultLocaleTest[114]" classname="org.bitcoinj.utils.BtcFormatTest" time="0.0"/>
  <testcase name="parsePositionTest[114]" classname="org.bitcoinj.utils.BtcFormatTest" time="0.001"/>
  <testcase name="argumentTypeTest[114]" classname="org.bitcoinj.utils.BtcFormatTest" time="0.0">
    <skipped/>
  </testcase>
  <testcase name="characterIteratorTest[114]" classname="org.bitcoinj.utils.BtcFormatTest" time="0.0"/>
  <testcase name="repeatingPlaceTest[114]" classname="org.bitcoinj.utils.BtcFormatTest" time="0.001"/>
  <testcase name="currencyCodeTest[114]" classname="org.bitcoinj.utils.BtcFormatTest" time="0.0">
    <skipped/>
  </testcase>
  <testcase name="patternDecimalPlaces[114]" classname="org.bitcoinj.utils.BtcFormatTest" time="0.001"/>
  <testcase name="factoryArgumentsTest[115]" classname="org.bitcoinj.utils.BtcFormatTest" time="0.004"/>
  <testcase name="parseTest[115]" classname="org.bitcoinj.utils.BtcFormatTest" time="0.0">
    <skipped/>
  </testcase>
  <testcase name="microcoinScaleTest[115]" classname="org.bitcoinj.utils.BtcFormatTest" time="0.0"/>
  <testcase name="parseMetricTest[115]" classname="org.bitcoinj.utils.BtcFormatTest" time="0.003"/>
  <testcase name="coinScaleTest[115]" classname="org.bitcoinj.utils.BtcFormatTest" time="0.0"/>
  <testcase name="builderTest[115]" classname="org.bitcoinj.utils.BtcFormatTest" time="0.0">
    <skipped/>
  </testcase>
  <testcase name="attributeTest[115]" classname="org.bitcoinj.utils.BtcFormatTest" time="0.001">
    <skipped/>
  </testcase>
  <testcase name="prefixTest[115]" classname="org.bitcoinj.utils.BtcFormatTest" time="0.001"/>
  <testcase name="suffixTest[115]" classname="org.bitcoinj.utils.BtcFormatTest" time="0.0">
    <skipped/>
  </testcase>
  <testcase name="autoDecimalTest[115]" classname="org.bitcoinj.utils.BtcFormatTest" time="0.002"/>
  <testcase name="symbolCollisionTest[115]" classname="org.bitcoinj.utils.BtcFormatTest" time="0.005"/>
  <testcase name="equalityTest[115]" classname="org.bitcoinj.utils.BtcFormatTest" time="0.01"/>
  <testcase name="columnAlignmentTest[115]" classname="org.bitcoinj.utils.BtcFormatTest" time="0.001"/>
  <testcase name="factoryTest[115]" classname="org.bitcoinj.utils.BtcFormatTest" time="0.025"/>
  <testcase name="parse[115]" classname="org.bitcoinj.utils.BtcFormatTest" time="0.004"/>
  <testcase name="btcRounding[115]" classname="org.bitcoinj.utils.BtcFormatTest" time="0.003"/>
  <testcase name="negativeTest[115]" classname="org.bitcoinj.utils.BtcFormatTest" time="0.0">
    <skipped/>
  </testcase>
  <testcase name="millicoinScaleTest[115]" classname="org.bitcoinj.utils.BtcFormatTest" time="0.0"/>
  <testcase name="toStringTest[115]" classname="org.bitcoinj.utils.BtcFormatTest" time="0.0">
    <skipped/>
  </testcase>
  <testcase name="testGrouping[115]" classname="org.bitcoinj.utils.BtcFormatTest" time="0.0"/>
  <testcase name="symbolsCodesTest[115]" classname="org.bitcoinj.utils.BtcFormatTest" time="0.002"/>
  <testcase name="defaultLocaleTest[115]" classname="org.bitcoinj.utils.BtcFormatTest" time="0.0"/>
  <testcase name="parsePositionTest[115]" classname="org.bitcoinj.utils.BtcFormatTest" time="0.0"/>
  <testcase name="argumentTypeTest[115]" classname="org.bitcoinj.utils.BtcFormatTest" time="0.0">
    <skipped/>
  </testcase>
  <testcase name="characterIteratorTest[115]" classname="org.bitcoinj.utils.BtcFormatTest" time="0.001"/>
  <testcase name="repeatingPlaceTest[115]" classname="org.bitcoinj.utils.BtcFormatTest" time="0.001"/>
  <testcase name="currencyCodeTest[115]" classname="org.bitcoinj.utils.BtcFormatTest" time="0.0">
    <skipped/>
  </testcase>
  <testcase name="patternDecimalPlaces[115]" classname="org.bitcoinj.utils.BtcFormatTest" time="0.0"/>
  <testcase name="factoryArgumentsTest[116]" classname="org.bitcoinj.utils.BtcFormatTest" time="0.004"/>
  <testcase name="parseTest[116]" classname="org.bitcoinj.utils.BtcFormatTest" time="0.0">
    <skipped/>
  </testcase>
  <testcase name="microcoinScaleTest[116]" classname="org.bitcoinj.utils.BtcFormatTest" time="0.0"/>
  <testcase name="parseMetricTest[116]" classname="org.bitcoinj.utils.BtcFormatTest" time="0.003"/>
  <testcase name="coinScaleTest[116]" classname="org.bitcoinj.utils.BtcFormatTest" time="0.0"/>
  <testcase name="builderTest[116]" classname="org.bitcoinj.utils.BtcFormatTest" time="0.0">
    <skipped/>
  </testcase>
  <testcase name="attributeTest[116]" classname="org.bitcoinj.utils.BtcFormatTest" time="0.0">
    <skipped/>
  </testcase>
  <testcase name="prefixTest[116]" classname="org.bitcoinj.utils.BtcFormatTest" time="0.001"/>
  <testcase name="suffixTest[116]" classname="org.bitcoinj.utils.BtcFormatTest" time="0.0">
    <skipped/>
  </testcase>
  <testcase name="autoDecimalTest[116]" classname="org.bitcoinj.utils.BtcFormatTest" time="0.001"/>
  <testcase name="symbolCollisionTest[116]" classname="org.bitcoinj.utils.BtcFormatTest" time="0.006"/>
  <testcase name="equalityTest[116]" classname="org.bitcoinj.utils.BtcFormatTest" time="0.004"/>
  <testcase name="columnAlignmentTest[116]" classname="org.bitcoinj.utils.BtcFormatTest" time="0.001"/>
  <testcase name="factoryTest[116]" classname="org.bitcoinj.utils.BtcFormatTest" time="0.0"/>
  <testcase name="parse[116]" classname="org.bitcoinj.utils.BtcFormatTest" time="0.001"/>
  <testcase name="btcRounding[116]" classname="org.bitcoinj.utils.BtcFormatTest" time="0.004"/>
  <testcase name="negativeTest[116]" classname="org.bitcoinj.utils.BtcFormatTest" time="0.0">
    <skipped/>
  </testcase>
  <testcase name="millicoinScaleTest[116]" classname="org.bitcoinj.utils.BtcFormatTest" time="0.0"/>
  <testcase name="toStringTest[116]" classname="org.bitcoinj.utils.BtcFormatTest" time="0.0">
    <skipped/>
  </testcase>
  <testcase name="testGrouping[116]" classname="org.bitcoinj.utils.BtcFormatTest" time="0.0"/>
  <testcase name="symbolsCodesTest[116]" classname="org.bitcoinj.utils.BtcFormatTest" time="0.002"/>
  <testcase name="defaultLocaleTest[116]" classname="org.bitcoinj.utils.BtcFormatTest" time="0.001"/>
  <testcase name="parsePositionTest[116]" classname="org.bitcoinj.utils.BtcFormatTest" time="0.0"/>
  <testcase name="argumentTypeTest[116]" classname="org.bitcoinj.utils.BtcFormatTest" time="0.0">
    <skipped/>
  </testcase>
  <testcase name="characterIteratorTest[116]" classname="org.bitcoinj.utils.BtcFormatTest" time="0.001"/>
  <testcase name="repeatingPlaceTest[116]" classname="org.bitcoinj.utils.BtcFormatTest" time="0.0"/>
  <testcase name="currencyCodeTest[116]" classname="org.bitcoinj.utils.BtcFormatTest" time="0.0">
    <skipped/>
  </testcase>
  <testcase name="patternDecimalPlaces[116]" classname="org.bitcoinj.utils.BtcFormatTest" time="0.0"/>
  <testcase name="factoryArgumentsTest[117]" classname="org.bitcoinj.utils.BtcFormatTest" time="0.014"/>
  <testcase name="parseTest[117]" classname="org.bitcoinj.utils.BtcFormatTest" time="0.0">
    <skipped/>
  </testcase>
  <testcase name="microcoinScaleTest[117]" classname="org.bitcoinj.utils.BtcFormatTest" time="0.001"/>
  <testcase name="parseMetricTest[117]" classname="org.bitcoinj.utils.BtcFormatTest" time="0.002"/>
  <testcase name="coinScaleTest[117]" classname="org.bitcoinj.utils.BtcFormatTest" time="0.0"/>
  <testcase name="builderTest[117]" classname="org.bitcoinj.utils.BtcFormatTest" time="0.0">
    <skipped/>
  </testcase>
  <testcase name="attributeTest[117]" classname="org.bitcoinj.utils.BtcFormatTest" time="0.0">
    <skipped/>
  </testcase>
  <testcase name="prefixTest[117]" classname="org.bitcoinj.utils.BtcFormatTest" time="0.002"/>
  <testcase name="suffixTest[117]" classname="org.bitcoinj.utils.BtcFormatTest" time="0.0">
    <skipped/>
  </testcase>
  <testcase name="autoDecimalTest[117]" classname="org.bitcoinj.utils.BtcFormatTest" time="0.002"/>
  <testcase name="symbolCollisionTest[117]" classname="org.bitcoinj.utils.BtcFormatTest" time="0.004"/>
  <testcase name="equalityTest[117]" classname="org.bitcoinj.utils.BtcFormatTest" time="0.004"/>
  <testcase name="columnAlignmentTest[117]" classname="org.bitcoinj.utils.BtcFormatTest" time="0.0"/>
  <testcase name="factoryTest[117]" classname="org.bitcoinj.utils.BtcFormatTest" time="0.0"/>
  <testcase name="parse[117]" classname="org.bitcoinj.utils.BtcFormatTest" time="0.001"/>
  <testcase name="btcRounding[117]" classname="org.bitcoinj.utils.BtcFormatTest" time="0.002"/>
  <testcase name="negativeTest[117]" classname="org.bitcoinj.utils.BtcFormatTest" time="0.0">
    <skipped/>
  </testcase>
  <testcase name="millicoinScaleTest[117]" classname="org.bitcoinj.utils.BtcFormatTest" time="0.0"/>
  <testcase name="toStringTest[117]" classname="org.bitcoinj.utils.BtcFormatTest" time="0.0">
    <skipped/>
  </testcase>
  <testcase name="testGrouping[117]" classname="org.bitcoinj.utils.BtcFormatTest" time="0.001"/>
  <testcase name="symbolsCodesTest[117]" classname="org.bitcoinj.utils.BtcFormatTest" time="0.001"/>
  <testcase name="defaultLocaleTest[117]" classname="org.bitcoinj.utils.BtcFormatTest" time="0.0"/>
  <testcase name="parsePositionTest[117]" classname="org.bitcoinj.utils.BtcFormatTest" time="0.001"/>
  <testcase name="argumentTypeTest[117]" classname="org.bitcoinj.utils.BtcFormatTest" time="0.0">
    <skipped/>
  </testcase>
  <testcase name="characterIteratorTest[117]" classname="org.bitcoinj.utils.BtcFormatTest" time="0.0"/>
  <testcase name="repeatingPlaceTest[117]" classname="org.bitcoinj.utils.BtcFormatTest" time="0.001"/>
  <testcase name="currencyCodeTest[117]" classname="org.bitcoinj.utils.BtcFormatTest" time="0.0">
    <skipped/>
  </testcase>
  <testcase name="patternDecimalPlaces[117]" classname="org.bitcoinj.utils.BtcFormatTest" time="0.0"/>
  <testcase name="factoryArgumentsTest[118]" classname="org.bitcoinj.utils.BtcFormatTest" time="0.001"/>
  <testcase name="parseTest[118]" classname="org.bitcoinj.utils.BtcFormatTest" time="0.0">
    <skipped/>
  </testcase>
  <testcase name="microcoinScaleTest[118]" classname="org.bitcoinj.utils.BtcFormatTest" time="0.0"/>
  <testcase name="parseMetricTest[118]" classname="org.bitcoinj.utils.BtcFormatTest" time="0.002"/>
  <testcase name="coinScaleTest[118]" classname="org.bitcoinj.utils.BtcFormatTest" time="0.0"/>
  <testcase name="builderTest[118]" classname="org.bitcoinj.utils.BtcFormatTest" time="0.0">
    <skipped/>
  </testcase>
  <testcase name="attributeTest[118]" classname="org.bitcoinj.utils.BtcFormatTest" time="0.0">
    <skipped/>
  </testcase>
  <testcase name="prefixTest[118]" classname="org.bitcoinj.utils.BtcFormatTest" time="0.001"/>
  <testcase name="suffixTest[118]" classname="org.bitcoinj.utils.BtcFormatTest" time="0.0">
    <skipped/>
  </testcase>
  <testcase name="autoDecimalTest[118]" classname="org.bitcoinj.utils.BtcFormatTest" time="0.002"/>
  <testcase name="symbolCollisionTest[118]" classname="org.bitcoinj.utils.BtcFormatTest" time="0.005"/>
  <testcase name="equalityTest[118]" classname="org.bitcoinj.utils.BtcFormatTest" time="0.008"/>
  <testcase name="columnAlignmentTest[118]" classname="org.bitcoinj.utils.BtcFormatTest" time="0.0"/>
  <testcase name="factoryTest[118]" classname="org.bitcoinj.utils.BtcFormatTest" time="0.004"/>
  <testcase name="parse[118]" classname="org.bitcoinj.utils.BtcFormatTest" time="0.0"/>
  <testcase name="btcRounding[118]" classname="org.bitcoinj.utils.BtcFormatTest" time="0.002"/>
  <testcase name="negativeTest[118]" classname="org.bitcoinj.utils.BtcFormatTest" time="0.0">
    <skipped/>
  </testcase>
  <testcase name="millicoinScaleTest[118]" classname="org.bitcoinj.utils.BtcFormatTest" time="0.0"/>
  <testcase name="toStringTest[118]" classname="org.bitcoinj.utils.BtcFormatTest" time="0.0">
    <skipped/>
  </testcase>
  <testcase name="testGrouping[118]" classname="org.bitcoinj.utils.BtcFormatTest" time="0.001"/>
  <testcase name="symbolsCodesTest[118]" classname="org.bitcoinj.utils.BtcFormatTest" time="0.001"/>
  <testcase name="defaultLocaleTest[118]" classname="org.bitcoinj.utils.BtcFormatTest" time="0.0"/>
  <testcase name="parsePositionTest[118]" classname="org.bitcoinj.utils.BtcFormatTest" time="0.001"/>
  <testcase name="argumentTypeTest[118]" classname="org.bitcoinj.utils.BtcFormatTest" time="0.0">
    <skipped/>
  </testcase>
  <testcase name="characterIteratorTest[118]" classname="org.bitcoinj.utils.BtcFormatTest" time="0.0"/>
  <testcase name="repeatingPlaceTest[118]" classname="org.bitcoinj.utils.BtcFormatTest" time="0.001"/>
  <testcase name="currencyCodeTest[118]" classname="org.bitcoinj.utils.BtcFormatTest" time="0.0">
    <skipped/>
  </testcase>
  <testcase name="patternDecimalPlaces[118]" classname="org.bitcoinj.utils.BtcFormatTest" time="0.0"/>
  <testcase name="factoryArgumentsTest[119]" classname="org.bitcoinj.utils.BtcFormatTest" time="0.002"/>
  <testcase name="parseTest[119]" classname="org.bitcoinj.utils.BtcFormatTest" time="0.0">
    <skipped/>
  </testcase>
  <testcase name="microcoinScaleTest[119]" classname="org.bitcoinj.utils.BtcFormatTest" time="0.0"/>
  <testcase name="parseMetricTest[119]" classname="org.bitcoinj.utils.BtcFormatTest" time="0.002"/>
  <testcase name="coinScaleTest[119]" classname="org.bitcoinj.utils.BtcFormatTest" time="0.0"/>
  <testcase name="builderTest[119]" classname="org.bitcoinj.utils.BtcFormatTest" time="0.0">
    <skipped/>
  </testcase>
  <testcase name="attributeTest[119]" classname="org.bitcoinj.utils.BtcFormatTest" time="0.0">
    <skipped/>
  </testcase>
  <testcase name="prefixTest[119]" classname="org.bitcoinj.utils.BtcFormatTest" time="0.001"/>
  <testcase name="suffixTest[119]" classname="org.bitcoinj.utils.BtcFormatTest" time="0.0">
    <skipped/>
  </testcase>
  <testcase name="autoDecimalTest[119]" classname="org.bitcoinj.utils.BtcFormatTest" time="0.001"/>
  <testcase name="symbolCollisionTest[119]" classname="org.bitcoinj.utils.BtcFormatTest" time="0.003"/>
  <testcase name="equalityTest[119]" classname="org.bitcoinj.utils.BtcFormatTest" time="0.002"/>
  <testcase name="columnAlignmentTest[119]" classname="org.bitcoinj.utils.BtcFormatTest" time="0.001"/>
  <testcase name="factoryTest[119]" classname="org.bitcoinj.utils.BtcFormatTest" time="0.001"/>
  <testcase name="parse[119]" classname="org.bitcoinj.utils.BtcFormatTest" time="0.0"/>
  <testcase name="btcRounding[119]" classname="org.bitcoinj.utils.BtcFormatTest" time="0.003"/>
  <testcase name="negativeTest[119]" classname="org.bitcoinj.utils.BtcFormatTest" time="0.0">
    <skipped/>
  </testcase>
  <testcase name="millicoinScaleTest[119]" classname="org.bitcoinj.utils.BtcFormatTest" time="0.0"/>
  <testcase name="toStringTest[119]" classname="org.bitcoinj.utils.BtcFormatTest" time="0.0">
    <skipped/>
  </testcase>
  <testcase name="testGrouping[119]" classname="org.bitcoinj.utils.BtcFormatTest" time="0.0"/>
  <testcase name="symbolsCodesTest[119]" classname="org.bitcoinj.utils.BtcFormatTest" time="0.002"/>
  <testcase name="defaultLocaleTest[119]" classname="org.bitcoinj.utils.BtcFormatTest" time="0.001"/>
  <testcase name="parsePositionTest[119]" classname="org.bitcoinj.utils.BtcFormatTest" time="0.0"/>
  <testcase name="argumentTypeTest[119]" classname="org.bitcoinj.utils.BtcFormatTest" time="0.0">
    <skipped/>
  </testcase>
  <testcase name="characterIteratorTest[119]" classname="org.bitcoinj.utils.BtcFormatTest" time="0.001"/>
  <testcase name="repeatingPlaceTest[119]" classname="org.bitcoinj.utils.BtcFormatTest" time="0.0"/>
  <testcase name="currencyCodeTest[119]" classname="org.bitcoinj.utils.BtcFormatTest" time="0.0">
    <skipped/>
  </testcase>
  <testcase name="patternDecimalPlaces[119]" classname="org.bitcoinj.utils.BtcFormatTest" time="0.0"/>
  <testcase name="factoryArgumentsTest[120]" classname="org.bitcoinj.utils.BtcFormatTest" time="0.002"/>
  <testcase name="parseTest[120]" classname="org.bitcoinj.utils.BtcFormatTest" time="0.0">
    <skipped/>
  </testcase>
  <testcase name="microcoinScaleTest[120]" classname="org.bitcoinj.utils.BtcFormatTest" time="0.0"/>
  <testcase name="parseMetricTest[120]" classname="org.bitcoinj.utils.BtcFormatTest" time="0.002"/>
  <testcase name="coinScaleTest[120]" classname="org.bitcoinj.utils.BtcFormatTest" time="0.0"/>
  <testcase name="builderTest[120]" classname="org.bitcoinj.utils.BtcFormatTest" time="0.0">
    <skipped/>
  </testcase>
  <testcase name="attributeTest[120]" classname="org.bitcoinj.utils.BtcFormatTest" time="0.0">
    <skipped/>
  </testcase>
  <testcase name="prefixTest[120]" classname="org.bitcoinj.utils.BtcFormatTest" time="0.001"/>
  <testcase name="suffixTest[120]" classname="org.bitcoinj.utils.BtcFormatTest" time="0.0">
    <skipped/>
  </testcase>
  <testcase name="autoDecimalTest[120]" classname="org.bitcoinj.utils.BtcFormatTest" time="0.002"/>
  <testcase name="symbolCollisionTest[120]" classname="org.bitcoinj.utils.BtcFormatTest" time="0.003"/>
  <testcase name="equalityTest[120]" classname="org.bitcoinj.utils.BtcFormatTest" time="0.004"/>
  <testcase name="columnAlignmentTest[120]" classname="org.bitcoinj.utils.BtcFormatTest" time="0.001"/>
  <testcase name="factoryTest[120]" classname="org.bitcoinj.utils.BtcFormatTest" time="0.0"/>
  <testcase name="parse[120]" classname="org.bitcoinj.utils.BtcFormatTest" time="0.001"/>
  <testcase name="btcRounding[120]" classname="org.bitcoinj.utils.BtcFormatTest" time="0.003"/>
  <testcase name="negativeTest[120]" classname="org.bitcoinj.utils.BtcFormatTest" time="0.0">
    <skipped/>
  </testcase>
  <testcase name="millicoinScaleTest[120]" classname="org.bitcoinj.utils.BtcFormatTest" time="0.0"/>
  <testcase name="toStringTest[120]" classname="org.bitcoinj.utils.BtcFormatTest" time="0.0">
    <skipped/>
  </testcase>
  <testcase name="testGrouping[120]" classname="org.bitcoinj.utils.BtcFormatTest" time="0.0"/>
  <testcase name="symbolsCodesTest[120]" classname="org.bitcoinj.utils.BtcFormatTest" time="0.001"/>
  <testcase name="defaultLocaleTest[120]" classname="org.bitcoinj.utils.BtcFormatTest" time="0.0"/>
  <testcase name="parsePositionTest[120]" classname="org.bitcoinj.utils.BtcFormatTest" time="0.001"/>
  <testcase name="argumentTypeTest[120]" classname="org.bitcoinj.utils.BtcFormatTest" time="0.0">
    <skipped/>
  </testcase>
  <testcase name="characterIteratorTest[120]" classname="org.bitcoinj.utils.BtcFormatTest" time="0.006"/>
  <testcase name="repeatingPlaceTest[120]" classname="org.bitcoinj.utils.BtcFormatTest" time="0.0"/>
  <testcase name="currencyCodeTest[120]" classname="org.bitcoinj.utils.BtcFormatTest" time="0.0">
    <skipped/>
  </testcase>
  <testcase name="patternDecimalPlaces[120]" classname="org.bitcoinj.utils.BtcFormatTest" time="0.001"/>
  <testcase name="factoryArgumentsTest[121]" classname="org.bitcoinj.utils.BtcFormatTest" time="0.001"/>
  <testcase name="parseTest[121]" classname="org.bitcoinj.utils.BtcFormatTest" time="0.0">
    <skipped/>
  </testcase>
  <testcase name="microcoinScaleTest[121]" classname="org.bitcoinj.utils.BtcFormatTest" time="0.001"/>
  <testcase name="parseMetricTest[121]" classname="org.bitcoinj.utils.BtcFormatTest" time="0.002"/>
  <testcase name="coinScaleTest[121]" classname="org.bitcoinj.utils.BtcFormatTest" time="0.0"/>
  <testcase name="builderTest[121]" classname="org.bitcoinj.utils.BtcFormatTest" time="0.0">
    <skipped/>
  </testcase>
  <testcase name="attributeTest[121]" classname="org.bitcoinj.utils.BtcFormatTest" time="0.0">
    <skipped/>
  </testcase>
  <testcase name="prefixTest[121]" classname="org.bitcoinj.utils.BtcFormatTest" time="0.0"/>
  <testcase name="suffixTest[121]" classname="org.bitcoinj.utils.BtcFormatTest" time="0.0">
    <skipped/>
  </testcase>
  <testcase name="autoDecimalTest[121]" classname="org.bitcoinj.utils.BtcFormatTest" time="0.002"/>
  <testcase name="symbolCollisionTest[121]" classname="org.bitcoinj.utils.BtcFormatTest" time="0.011"/>
  <testcase name="equalityTest[121]" classname="org.bitcoinj.utils.BtcFormatTest" time="0.003"/>
  <testcase name="columnAlignmentTest[121]" classname="org.bitcoinj.utils.BtcFormatTest" time="0.001"/>
  <testcase name="factoryTest[121]" classname="org.bitcoinj.utils.BtcFormatTest" time="0.0"/>
  <testcase name="parse[121]" classname="org.bitcoinj.utils.BtcFormatTest" time="0.0"/>
  <testcase name="btcRounding[121]" classname="org.bitcoinj.utils.BtcFormatTest" time="0.002"/>
  <testcase name="negativeTest[121]" classname="org.bitcoinj.utils.BtcFormatTest" time="0.0">
    <skipped/>
  </testcase>
  <testcase name="millicoinScaleTest[121]" classname="org.bitcoinj.utils.BtcFormatTest" time="0.0"/>
  <testcase name="toStringTest[121]" classname="org.bitcoinj.utils.BtcFormatTest" time="0.0">
    <skipped/>
  </testcase>
  <testcase name="testGrouping[121]" classname="org.bitcoinj.utils.BtcFormatTest" time="0.001"/>
  <testcase name="symbolsCodesTest[121]" classname="org.bitcoinj.utils.BtcFormatTest" time="0.001"/>
  <testcase name="defaultLocaleTest[121]" classname="org.bitcoinj.utils.BtcFormatTest" time="0.0"/>
  <testcase name="parsePositionTest[121]" classname="org.bitcoinj.utils.BtcFormatTest" time="0.001"/>
  <testcase name="argumentTypeTest[121]" classname="org.bitcoinj.utils.BtcFormatTest" time="0.0">
    <skipped/>
  </testcase>
  <testcase name="characterIteratorTest[121]" classname="org.bitcoinj.utils.BtcFormatTest" time="0.0"/>
  <testcase name="repeatingPlaceTest[121]" classname="org.bitcoinj.utils.BtcFormatTest" time="0.001"/>
  <testcase name="currencyCodeTest[121]" classname="org.bitcoinj.utils.BtcFormatTest" time="0.0">
    <skipped/>
  </testcase>
  <testcase name="patternDecimalPlaces[121]" classname="org.bitcoinj.utils.BtcFormatTest" time="0.0"/>
  <testcase name="factoryArgumentsTest[122]" classname="org.bitcoinj.utils.BtcFormatTest" time="0.003"/>
  <testcase name="parseTest[122]" classname="org.bitcoinj.utils.BtcFormatTest" time="0.0">
    <skipped/>
  </testcase>
  <testcase name="microcoinScaleTest[122]" classname="org.bitcoinj.utils.BtcFormatTest" time="0.0"/>
  <testcase name="parseMetricTest[122]" classname="org.bitcoinj.utils.BtcFormatTest" time="0.004"/>
  <testcase name="coinScaleTest[122]" classname="org.bitcoinj.utils.BtcFormatTest" time="0.0"/>
  <testcase name="builderTest[122]" classname="org.bitcoinj.utils.BtcFormatTest" time="0.0">
    <skipped/>
  </testcase>
  <testcase name="attributeTest[122]" classname="org.bitcoinj.utils.BtcFormatTest" time="0.0">
    <skipped/>
  </testcase>
  <testcase name="prefixTest[122]" classname="org.bitcoinj.utils.BtcFormatTest" time="0.0"/>
  <testcase name="suffixTest[122]" classname="org.bitcoinj.utils.BtcFormatTest" time="0.0">
    <skipped/>
  </testcase>
  <testcase name="autoDecimalTest[122]" classname="org.bitcoinj.utils.BtcFormatTest" time="0.003"/>
  <testcase name="symbolCollisionTest[122]" classname="org.bitcoinj.utils.BtcFormatTest" time="0.004"/>
  <testcase name="equalityTest[122]" classname="org.bitcoinj.utils.BtcFormatTest" time="0.003"/>
  <testcase name="columnAlignmentTest[122]" classname="org.bitcoinj.utils.BtcFormatTest" time="0.0"/>
  <testcase name="factoryTest[122]" classname="org.bitcoinj.utils.BtcFormatTest" time="0.001"/>
  <testcase name="parse[122]" classname="org.bitcoinj.utils.BtcFormatTest" time="0.0"/>
  <testcase name="btcRounding[122]" classname="org.bitcoinj.utils.BtcFormatTest" time="0.002"/>
  <testcase name="negativeTest[122]" classname="org.bitcoinj.utils.BtcFormatTest" time="0.0">
    <skipped/>
  </testcase>
  <testcase name="millicoinScaleTest[122]" classname="org.bitcoinj.utils.BtcFormatTest" time="0.0"/>
  <testcase name="toStringTest[122]" classname="org.bitcoinj.utils.BtcFormatTest" time="0.0">
    <skipped/>
  </testcase>
  <testcase name="testGrouping[122]" classname="org.bitcoinj.utils.BtcFormatTest" time="0.001"/>
  <testcase name="symbolsCodesTest[122]" classname="org.bitcoinj.utils.BtcFormatTest" time="0.0"/>
  <testcase name="defaultLocaleTest[122]" classname="org.bitcoinj.utils.BtcFormatTest" time="0.001"/>
  <testcase name="parsePositionTest[122]" classname="org.bitcoinj.utils.BtcFormatTest" time="0.0"/>
  <testcase name="argumentTypeTest[122]" classname="org.bitcoinj.utils.BtcFormatTest" time="0.0">
    <skipped/>
  </testcase>
  <testcase name="characterIteratorTest[122]" classname="org.bitcoinj.utils.BtcFormatTest" time="0.0"/>
  <testcase name="repeatingPlaceTest[122]" classname="org.bitcoinj.utils.BtcFormatTest" time="0.001"/>
  <testcase name="currencyCodeTest[122]" classname="org.bitcoinj.utils.BtcFormatTest" time="0.0">
    <skipped/>
  </testcase>
  <testcase name="patternDecimalPlaces[122]" classname="org.bitcoinj.utils.BtcFormatTest" time="0.0"/>
  <testcase name="factoryArgumentsTest[123]" classname="org.bitcoinj.utils.BtcFormatTest" time="0.002"/>
  <testcase name="parseTest[123]" classname="org.bitcoinj.utils.BtcFormatTest" time="0.0">
    <skipped/>
  </testcase>
  <testcase name="microcoinScaleTest[123]" classname="org.bitcoinj.utils.BtcFormatTest" time="0.0"/>
  <testcase name="parseMetricTest[123]" classname="org.bitcoinj.utils.BtcFormatTest" time="0.002"/>
  <testcase name="coinScaleTest[123]" classname="org.bitcoinj.utils.BtcFormatTest" time="0.0"/>
  <testcase name="builderTest[123]" classname="org.bitcoinj.utils.BtcFormatTest" time="0.0">
    <skipped/>
  </testcase>
  <testcase name="attributeTest[123]" classname="org.bitcoinj.utils.BtcFormatTest" time="0.0">
    <skipped/>
  </testcase>
  <testcase name="prefixTest[123]" classname="org.bitcoinj.utils.BtcFormatTest" time="0.0"/>
  <testcase name="suffixTest[123]" classname="org.bitcoinj.utils.BtcFormatTest" time="0.0">
    <skipped/>
  </testcase>
  <testcase name="autoDecimalTest[123]" classname="org.bitcoinj.utils.BtcFormatTest" time="0.002"/>
  <testcase name="symbolCollisionTest[123]" classname="org.bitcoinj.utils.BtcFormatTest" time="0.003"/>
  <testcase name="equalityTest[123]" classname="org.bitcoinj.utils.BtcFormatTest" time="0.003"/>
  <testcase name="columnAlignmentTest[123]" classname="org.bitcoinj.utils.BtcFormatTest" time="0.0"/>
  <testcase name="factoryTest[123]" classname="org.bitcoinj.utils.BtcFormatTest" time="0.001"/>
  <testcase name="parse[123]" classname="org.bitcoinj.utils.BtcFormatTest" time="0.0"/>
  <testcase name="btcRounding[123]" classname="org.bitcoinj.utils.BtcFormatTest" time="0.002"/>
  <testcase name="negativeTest[123]" classname="org.bitcoinj.utils.BtcFormatTest" time="0.0">
    <skipped/>
  </testcase>
  <testcase name="millicoinScaleTest[123]" classname="org.bitcoinj.utils.BtcFormatTest" time="0.0"/>
  <testcase name="toStringTest[123]" classname="org.bitcoinj.utils.BtcFormatTest" time="0.0">
    <skipped/>
  </testcase>
  <testcase name="testGrouping[123]" classname="org.bitcoinj.utils.BtcFormatTest" time="0.0"/>
  <testcase name="symbolsCodesTest[123]" classname="org.bitcoinj.utils.BtcFormatTest" time="0.002"/>
  <testcase name="defaultLocaleTest[123]" classname="org.bitcoinj.utils.BtcFormatTest" time="0.0"/>
  <testcase name="parsePositionTest[123]" classname="org.bitcoinj.utils.BtcFormatTest" time="0.002"/>
  <testcase name="argumentTypeTest[123]" classname="org.bitcoinj.utils.BtcFormatTest" time="0.0">
    <skipped/>
  </testcase>
  <testcase name="characterIteratorTest[123]" classname="org.bitcoinj.utils.BtcFormatTest" time="0.001"/>
  <testcase name="repeatingPlaceTest[123]" classname="org.bitcoinj.utils.BtcFormatTest" time="0.0"/>
  <testcase name="currencyCodeTest[123]" classname="org.bitcoinj.utils.BtcFormatTest" time="0.0">
    <skipped/>
  </testcase>
  <testcase name="patternDecimalPlaces[123]" classname="org.bitcoinj.utils.BtcFormatTest" time="0.0"/>
  <testcase name="factoryArgumentsTest[124]" classname="org.bitcoinj.utils.BtcFormatTest" time="0.001"/>
  <testcase name="parseTest[124]" classname="org.bitcoinj.utils.BtcFormatTest" time="0.0">
    <skipped/>
  </testcase>
  <testcase name="microcoinScaleTest[124]" classname="org.bitcoinj.utils.BtcFormatTest" time="0.0"/>
  <testcase name="parseMetricTest[124]" classname="org.bitcoinj.utils.BtcFormatTest" time="0.001"/>
  <testcase name="coinScaleTest[124]" classname="org.bitcoinj.utils.BtcFormatTest" time="0.0"/>
  <testcase name="builderTest[124]" classname="org.bitcoinj.utils.BtcFormatTest" time="0.0">
    <skipped/>
  </testcase>
  <testcase name="attributeTest[124]" classname="org.bitcoinj.utils.BtcFormatTest" time="0.0">
    <skipped/>
  </testcase>
  <testcase name="prefixTest[124]" classname="org.bitcoinj.utils.BtcFormatTest" time="0.0"/>
  <testcase name="suffixTest[124]" classname="org.bitcoinj.utils.BtcFormatTest" time="0.0">
    <skipped/>
  </testcase>
  <testcase name="autoDecimalTest[124]" classname="org.bitcoinj.utils.BtcFormatTest" time="0.002"/>
  <testcase name="symbolCollisionTest[124]" classname="org.bitcoinj.utils.BtcFormatTest" time="0.006"/>
  <testcase name="equalityTest[124]" classname="org.bitcoinj.utils.BtcFormatTest" time="0.004"/>
  <testcase name="columnAlignmentTest[124]" classname="org.bitcoinj.utils.BtcFormatTest" time="0.0"/>
  <testcase name="factoryTest[124]" classname="org.bitcoinj.utils.BtcFormatTest" time="0.001"/>
  <testcase name="parse[124]" classname="org.bitcoinj.utils.BtcFormatTest" time="0.0"/>
  <testcase name="btcRounding[124]" classname="org.bitcoinj.utils.BtcFormatTest" time="0.003"/>
  <testcase name="negativeTest[124]" classname="org.bitcoinj.utils.BtcFormatTest" time="0.0">
    <skipped/>
  </testcase>
  <testcase name="millicoinScaleTest[124]" classname="org.bitcoinj.utils.BtcFormatTest" time="0.0"/>
  <testcase name="toStringTest[124]" classname="org.bitcoinj.utils.BtcFormatTest" time="0.0">
    <skipped/>
  </testcase>
  <testcase name="testGrouping[124]" classname="org.bitcoinj.utils.BtcFormatTest" time="0.0"/>
  <testcase name="symbolsCodesTest[124]" classname="org.bitcoinj.utils.BtcFormatTest" time="0.001"/>
  <testcase name="defaultLocaleTest[124]" classname="org.bitcoinj.utils.BtcFormatTest" time="0.0"/>
  <testcase name="parsePositionTest[124]" classname="org.bitcoinj.utils.BtcFormatTest" time="0.0"/>
  <testcase name="argumentTypeTest[124]" classname="org.bitcoinj.utils.BtcFormatTest" time="0.0">
    <skipped/>
  </testcase>
  <testcase name="characterIteratorTest[124]" classname="org.bitcoinj.utils.BtcFormatTest" time="0.001"/>
  <testcase name="repeatingPlaceTest[124]" classname="org.bitcoinj.utils.BtcFormatTest" time="0.0"/>
  <testcase name="currencyCodeTest[124]" classname="org.bitcoinj.utils.BtcFormatTest" time="0.0">
    <skipped/>
  </testcase>
  <testcase name="patternDecimalPlaces[124]" classname="org.bitcoinj.utils.BtcFormatTest" time="0.0"/>
  <testcase name="factoryArgumentsTest[125]" classname="org.bitcoinj.utils.BtcFormatTest" time="0.002"/>
  <testcase name="parseTest[125]" classname="org.bitcoinj.utils.BtcFormatTest" time="0.0">
    <skipped/>
  </testcase>
  <testcase name="microcoinScaleTest[125]" classname="org.bitcoinj.utils.BtcFormatTest" time="0.001"/>
  <testcase name="parseMetricTest[125]" classname="org.bitcoinj.utils.BtcFormatTest" time="0.002"/>
  <testcase name="coinScaleTest[125]" classname="org.bitcoinj.utils.BtcFormatTest" time="0.0"/>
  <testcase name="builderTest[125]" classname="org.bitcoinj.utils.BtcFormatTest" time="0.0">
    <skipped/>
  </testcase>
  <testcase name="attributeTest[125]" classname="org.bitcoinj.utils.BtcFormatTest" time="0.0">
    <skipped/>
  </testcase>
  <testcase name="prefixTest[125]" classname="org.bitcoinj.utils.BtcFormatTest" time="0.0"/>
  <testcase name="suffixTest[125]" classname="org.bitcoinj.utils.BtcFormatTest" time="0.0">
    <skipped/>
  </testcase>
  <testcase name="autoDecimalTest[125]" classname="org.bitcoinj.utils.BtcFormatTest" time="0.003"/>
  <testcase name="symbolCollisionTest[125]" classname="org.bitcoinj.utils.BtcFormatTest" time="0.004"/>
  <testcase name="equalityTest[125]" classname="org.bitcoinj.utils.BtcFormatTest" time="0.002"/>
  <testcase name="columnAlignmentTest[125]" classname="org.bitcoinj.utils.BtcFormatTest" time="0.0"/>
  <testcase name="factoryTest[125]" classname="org.bitcoinj.utils.BtcFormatTest" time="0.001"/>
  <testcase name="parse[125]" classname="org.bitcoinj.utils.BtcFormatTest" time="0.0"/>
  <testcase name="btcRounding[125]" classname="org.bitcoinj.utils.BtcFormatTest" time="0.003"/>
  <testcase name="negativeTest[125]" classname="org.bitcoinj.utils.BtcFormatTest" time="0.0">
    <skipped/>
  </testcase>
  <testcase name="millicoinScaleTest[125]" classname="org.bitcoinj.utils.BtcFormatTest" time="0.0"/>
  <testcase name="toStringTest[125]" classname="org.bitcoinj.utils.BtcFormatTest" time="0.0">
    <skipped/>
  </testcase>
  <testcase name="testGrouping[125]" classname="org.bitcoinj.utils.BtcFormatTest" time="0.0"/>
  <testcase name="symbolsCodesTest[125]" classname="org.bitcoinj.utils.BtcFormatTest" time="0.001"/>
  <testcase name="defaultLocaleTest[125]" classname="org.bitcoinj.utils.BtcFormatTest" time="0.0"/>
  <testcase name="parsePositionTest[125]" classname="org.bitcoinj.utils.BtcFormatTest" time="0.001"/>
  <testcase name="argumentTypeTest[125]" classname="org.bitcoinj.utils.BtcFormatTest" time="0.0">
    <skipped/>
  </testcase>
  <testcase name="characterIteratorTest[125]" classname="org.bitcoinj.utils.BtcFormatTest" time="0.0"/>
  <testcase name="repeatingPlaceTest[125]" classname="org.bitcoinj.utils.BtcFormatTest" time="0.0"/>
  <testcase name="currencyCodeTest[125]" classname="org.bitcoinj.utils.BtcFormatTest" time="0.0">
    <skipped/>
  </testcase>
  <testcase name="patternDecimalPlaces[125]" classname="org.bitcoinj.utils.BtcFormatTest" time="0.0"/>
  <testcase name="factoryArgumentsTest[126]" classname="org.bitcoinj.utils.BtcFormatTest" time="0.001"/>
  <testcase name="parseTest[126]" classname="org.bitcoinj.utils.BtcFormatTest" time="0.0">
    <skipped/>
  </testcase>
  <testcase name="microcoinScaleTest[126]" classname="org.bitcoinj.utils.BtcFormatTest" time="0.0"/>
  <testcase name="parseMetricTest[126]" classname="org.bitcoinj.utils.BtcFormatTest" time="0.002"/>
  <testcase name="coinScaleTest[126]" classname="org.bitcoinj.utils.BtcFormatTest" time="0.0"/>
  <testcase name="builderTest[126]" classname="org.bitcoinj.utils.BtcFormatTest" time="0.0">
    <skipped/>
  </testcase>
  <testcase name="attributeTest[126]" classname="org.bitcoinj.utils.BtcFormatTest" time="0.0">
    <skipped/>
  </testcase>
  <testcase name="prefixTest[126]" classname="org.bitcoinj.utils.BtcFormatTest" time="0.0"/>
  <testcase name="suffixTest[126]" classname="org.bitcoinj.utils.BtcFormatTest" time="0.0">
    <skipped/>
  </testcase>
  <testcase name="autoDecimalTest[126]" classname="org.bitcoinj.utils.BtcFormatTest" time="0.002"/>
  <testcase name="symbolCollisionTest[126]" classname="org.bitcoinj.utils.BtcFormatTest" time="0.003"/>
  <testcase name="equalityTest[126]" classname="org.bitcoinj.utils.BtcFormatTest" time="0.004"/>
  <testcase name="columnAlignmentTest[126]" classname="org.bitcoinj.utils.BtcFormatTest" time="0.0"/>
  <testcase name="factoryTest[126]" classname="org.bitcoinj.utils.BtcFormatTest" time="0.0"/>
  <testcase name="parse[126]" classname="org.bitcoinj.utils.BtcFormatTest" time="0.0"/>
  <testcase name="btcRounding[126]" classname="org.bitcoinj.utils.BtcFormatTest" time="0.004"/>
  <testcase name="negativeTest[126]" classname="org.bitcoinj.utils.BtcFormatTest" time="0.0">
    <skipped/>
  </testcase>
  <testcase name="millicoinScaleTest[126]" classname="org.bitcoinj.utils.BtcFormatTest" time="0.0"/>
  <testcase name="toStringTest[126]" classname="org.bitcoinj.utils.BtcFormatTest" time="0.0">
    <skipped/>
  </testcase>
  <testcase name="testGrouping[126]" classname="org.bitcoinj.utils.BtcFormatTest" time="0.001"/>
  <testcase name="symbolsCodesTest[126]" classname="org.bitcoinj.utils.BtcFormatTest" time="0.001"/>
  <testcase name="defaultLocaleTest[126]" classname="org.bitcoinj.utils.BtcFormatTest" time="0.001"/>
  <testcase name="parsePositionTest[126]" classname="org.bitcoinj.utils.BtcFormatTest" time="0.0"/>
  <testcase name="argumentTypeTest[126]" classname="org.bitcoinj.utils.BtcFormatTest" time="0.0">
    <skipped/>
  </testcase>
  <testcase name="characterIteratorTest[126]" classname="org.bitcoinj.utils.BtcFormatTest" time="0.001"/>
  <testcase name="repeatingPlaceTest[126]" classname="org.bitcoinj.utils.BtcFormatTest" time="0.0"/>
  <testcase name="currencyCodeTest[126]" classname="org.bitcoinj.utils.BtcFormatTest" time="0.0">
    <skipped/>
  </testcase>
  <testcase name="patternDecimalPlaces[126]" classname="org.bitcoinj.utils.BtcFormatTest" time="0.0"/>
  <testcase name="factoryArgumentsTest[127]" classname="org.bitcoinj.utils.BtcFormatTest" time="0.003"/>
  <testcase name="parseTest[127]" classname="org.bitcoinj.utils.BtcFormatTest" time="0.0">
    <skipped/>
  </testcase>
  <testcase name="microcoinScaleTest[127]" classname="org.bitcoinj.utils.BtcFormatTest" time="0.001"/>
  <testcase name="parseMetricTest[127]" classname="org.bitcoinj.utils.BtcFormatTest" time="0.002"/>
  <testcase name="coinScaleTest[127]" classname="org.bitcoinj.utils.BtcFormatTest" time="0.0"/>
  <testcase name="builderTest[127]" classname="org.bitcoinj.utils.BtcFormatTest" time="0.0">
    <skipped/>
  </testcase>
  <testcase name="attributeTest[127]" classname="org.bitcoinj.utils.BtcFormatTest" time="0.0">
    <skipped/>
  </testcase>
  <testcase name="prefixTest[127]" classname="org.bitcoinj.utils.BtcFormatTest" time="0.0"/>
  <testcase name="suffixTest[127]" classname="org.bitcoinj.utils.BtcFormatTest" time="0.0">
    <skipped/>
  </testcase>
  <testcase name="autoDecimalTest[127]" classname="org.bitcoinj.utils.BtcFormatTest" time="0.001"/>
  <testcase name="symbolCollisionTest[127]" classname="org.bitcoinj.utils.BtcFormatTest" time="0.003"/>
  <testcase name="equalityTest[127]" classname="org.bitcoinj.utils.BtcFormatTest" time="0.002"/>
  <testcase name="columnAlignmentTest[127]" classname="org.bitcoinj.utils.BtcFormatTest" time="0.0"/>
  <testcase name="factoryTest[127]" classname="org.bitcoinj.utils.BtcFormatTest" time="0.001"/>
  <testcase name="parse[127]" classname="org.bitcoinj.utils.BtcFormatTest" time="0.0"/>
  <testcase name="btcRounding[127]" classname="org.bitcoinj.utils.BtcFormatTest" time="0.002"/>
  <testcase name="negativeTest[127]" classname="org.bitcoinj.utils.BtcFormatTest" time="0.0">
    <skipped/>
  </testcase>
  <testcase name="millicoinScaleTest[127]" classname="org.bitcoinj.utils.BtcFormatTest" time="0.0"/>
  <testcase name="toStringTest[127]" classname="org.bitcoinj.utils.BtcFormatTest" time="0.0">
    <skipped/>
  </testcase>
  <testcase name="testGrouping[127]" classname="org.bitcoinj.utils.BtcFormatTest" time="0.001"/>
  <testcase name="symbolsCodesTest[127]" classname="org.bitcoinj.utils.BtcFormatTest" time="0.001"/>
  <testcase name="defaultLocaleTest[127]" classname="org.bitcoinj.utils.BtcFormatTest" time="0.0"/>
  <testcase name="parsePositionTest[127]" classname="org.bitcoinj.utils.BtcFormatTest" time="0.001"/>
  <testcase name="argumentTypeTest[127]" classname="org.bitcoinj.utils.BtcFormatTest" time="0.0">
    <skipped/>
  </testcase>
  <testcase name="characterIteratorTest[127]" classname="org.bitcoinj.utils.BtcFormatTest" time="0.0"/>
  <testcase name="repeatingPlaceTest[127]" classname="org.bitcoinj.utils.BtcFormatTest" time="0.001"/>
  <testcase name="currencyCodeTest[127]" classname="org.bitcoinj.utils.BtcFormatTest" time="0.0">
    <skipped/>
  </testcase>
  <testcase name="patternDecimalPlaces[127]" classname="org.bitcoinj.utils.BtcFormatTest" time="0.0"/>
  <testcase name="factoryArgumentsTest[128]" classname="org.bitcoinj.utils.BtcFormatTest" time="0.003"/>
  <testcase name="parseTest[128]" classname="org.bitcoinj.utils.BtcFormatTest" time="0.0">
    <skipped/>
  </testcase>
  <testcase name="microcoinScaleTest[128]" classname="org.bitcoinj.utils.BtcFormatTest" time="0.0"/>
  <testcase name="parseMetricTest[128]" classname="org.bitcoinj.utils.BtcFormatTest" time="0.002"/>
  <testcase name="coinScaleTest[128]" classname="org.bitcoinj.utils.BtcFormatTest" time="0.001"/>
  <testcase name="builderTest[128]" classname="org.bitcoinj.utils.BtcFormatTest" time="0.0">
    <skipped/>
  </testcase>
  <testcase name="attributeTest[128]" classname="org.bitcoinj.utils.BtcFormatTest" time="0.0">
    <skipped/>
  </testcase>
  <testcase name="prefixTest[128]" classname="org.bitcoinj.utils.BtcFormatTest" time="0.0"/>
  <testcase name="suffixTest[128]" classname="org.bitcoinj.utils.BtcFormatTest" time="0.0">
    <skipped/>
  </testcase>
  <testcase name="autoDecimalTest[128]" classname="org.bitcoinj.utils.BtcFormatTest" time="0.001"/>
  <testcase name="symbolCollisionTest[128]" classname="org.bitcoinj.utils.BtcFormatTest" time="0.002"/>
  <testcase name="equalityTest[128]" classname="org.bitcoinj.utils.BtcFormatTest" time="0.004"/>
  <testcase name="columnAlignmentTest[128]" classname="org.bitcoinj.utils.BtcFormatTest" time="0.0"/>
  <testcase name="factoryTest[128]" classname="org.bitcoinj.utils.BtcFormatTest" time="0.001"/>
  <testcase name="parse[128]" classname="org.bitcoinj.utils.BtcFormatTest" time="0.0"/>
  <testcase name="btcRounding[128]" classname="org.bitcoinj.utils.BtcFormatTest" time="0.002"/>
  <testcase name="negativeTest[128]" classname="org.bitcoinj.utils.BtcFormatTest" time="0.0">
    <skipped/>
  </testcase>
  <testcase name="millicoinScaleTest[128]" classname="org.bitcoinj.utils.BtcFormatTest" time="0.001"/>
  <testcase name="toStringTest[128]" classname="org.bitcoinj.utils.BtcFormatTest" time="0.0">
    <skipped/>
  </testcase>
  <testcase name="testGrouping[128]" classname="org.bitcoinj.utils.BtcFormatTest" time="0.0"/>
  <testcase name="symbolsCodesTest[128]" classname="org.bitcoinj.utils.BtcFormatTest" time="0.001"/>
  <testcase name="defaultLocaleTest[128]" classname="org.bitcoinj.utils.BtcFormatTest" time="0.0"/>
  <testcase name="parsePositionTest[128]" classname="org.bitcoinj.utils.BtcFormatTest" time="0.001"/>
  <testcase name="argumentTypeTest[128]" classname="org.bitcoinj.utils.BtcFormatTest" time="0.0">
    <skipped/>
  </testcase>
  <testcase name="characterIteratorTest[128]" classname="org.bitcoinj.utils.BtcFormatTest" time="0.0"/>
  <testcase name="repeatingPlaceTest[128]" classname="org.bitcoinj.utils.BtcFormatTest" time="0.001"/>
  <testcase name="currencyCodeTest[128]" classname="org.bitcoinj.utils.BtcFormatTest" time="0.0">
    <skipped/>
  </testcase>
  <testcase name="patternDecimalPlaces[128]" classname="org.bitcoinj.utils.BtcFormatTest" time="0.0"/>
  <testcase name="factoryArgumentsTest[129]" classname="org.bitcoinj.utils.BtcFormatTest" time="0.003"/>
  <testcase name="parseTest[129]" classname="org.bitcoinj.utils.BtcFormatTest" time="0.0">
    <skipped/>
  </testcase>
  <testcase name="microcoinScaleTest[129]" classname="org.bitcoinj.utils.BtcFormatTest" time="0.0"/>
  <testcase name="parseMetricTest[129]" classname="org.bitcoinj.utils.BtcFormatTest" time="0.002"/>
  <testcase name="coinScaleTest[129]" classname="org.bitcoinj.utils.BtcFormatTest" time="0.0"/>
  <testcase name="builderTest[129]" classname="org.bitcoinj.utils.BtcFormatTest" time="0.0">
    <skipped/>
  </testcase>
  <testcase name="attributeTest[129]" classname="org.bitcoinj.utils.BtcFormatTest" time="0.0">
    <skipped/>
  </testcase>
  <testcase name="prefixTest[129]" classname="org.bitcoinj.utils.BtcFormatTest" time="0.0"/>
  <testcase name="suffixTest[129]" classname="org.bitcoinj.utils.BtcFormatTest" time="0.0">
    <skipped/>
  </testcase>
  <testcase name="autoDecimalTest[129]" classname="org.bitcoinj.utils.BtcFormatTest" time="0.002"/>
  <testcase name="symbolCollisionTest[129]" classname="org.bitcoinj.utils.BtcFormatTest" time="0.005"/>
  <testcase name="equalityTest[129]" classname="org.bitcoinj.utils.BtcFormatTest" time="0.003"/>
  <testcase name="columnAlignmentTest[129]" classname="org.bitcoinj.utils.BtcFormatTest" time="0.001"/>
  <testcase name="factoryTest[129]" classname="org.bitcoinj.utils.BtcFormatTest" time="0.0"/>
  <testcase name="parse[129]" classname="org.bitcoinj.utils.BtcFormatTest" time="0.0"/>
  <testcase name="btcRounding[129]" classname="org.bitcoinj.utils.BtcFormatTest" time="0.003"/>
  <testcase name="negativeTest[129]" classname="org.bitcoinj.utils.BtcFormatTest" time="0.0">
    <skipped/>
  </testcase>
  <testcase name="millicoinScaleTest[129]" classname="org.bitcoinj.utils.BtcFormatTest" time="0.0"/>
  <testcase name="toStringTest[129]" classname="org.bitcoinj.utils.BtcFormatTest" time="0.0">
    <skipped/>
  </testcase>
  <testcase name="testGrouping[129]" classname="org.bitcoinj.utils.BtcFormatTest" time="0.0"/>
  <testcase name="symbolsCodesTest[129]" classname="org.bitcoinj.utils.BtcFormatTest" time="0.001"/>
  <testcase name="defaultLocaleTest[129]" classname="org.bitcoinj.utils.BtcFormatTest" time="0.0"/>
  <testcase name="parsePositionTest[129]" classname="org.bitcoinj.utils.BtcFormatTest" time="0.001"/>
  <testcase name="argumentTypeTest[129]" classname="org.bitcoinj.utils.BtcFormatTest" time="0.0">
    <skipped/>
  </testcase>
  <testcase name="characterIteratorTest[129]" classname="org.bitcoinj.utils.BtcFormatTest" time="0.005"/>
  <testcase name="repeatingPlaceTest[129]" classname="org.bitcoinj.utils.BtcFormatTest" time="0.0"/>
  <testcase name="currencyCodeTest[129]" classname="org.bitcoinj.utils.BtcFormatTest" time="0.0">
    <skipped/>
  </testcase>
  <testcase name="patternDecimalPlaces[129]" classname="org.bitcoinj.utils.BtcFormatTest" time="0.0"/>
  <testcase name="factoryArgumentsTest[130]" classname="org.bitcoinj.utils.BtcFormatTest" time="0.003"/>
  <testcase name="parseTest[130]" classname="org.bitcoinj.utils.BtcFormatTest" time="0.0">
    <skipped/>
  </testcase>
  <testcase name="microcoinScaleTest[130]" classname="org.bitcoinj.utils.BtcFormatTest" time="0.0"/>
  <testcase name="parseMetricTest[130]" classname="org.bitcoinj.utils.BtcFormatTest" time="0.001"/>
  <testcase name="coinScaleTest[130]" classname="org.bitcoinj.utils.BtcFormatTest" time="0.0"/>
  <testcase name="builderTest[130]" classname="org.bitcoinj.utils.BtcFormatTest" time="0.0">
    <skipped/>
  </testcase>
  <testcase name="attributeTest[130]" classname="org.bitcoinj.utils.BtcFormatTest" time="0.001">
    <skipped/>
  </testcase>
  <testcase name="prefixTest[130]" classname="org.bitcoinj.utils.BtcFormatTest" time="0.0"/>
  <testcase name="suffixTest[130]" classname="org.bitcoinj.utils.BtcFormatTest" time="0.0">
    <skipped/>
  </testcase>
  <testcase name="autoDecimalTest[130]" classname="org.bitcoinj.utils.BtcFormatTest" time="0.001"/>
  <testcase name="symbolCollisionTest[130]" classname="org.bitcoinj.utils.BtcFormatTest" time="0.003"/>
  <testcase name="equalityTest[130]" classname="org.bitcoinj.utils.BtcFormatTest" time="0.003"/>
  <testcase name="columnAlignmentTest[130]" classname="org.bitcoinj.utils.BtcFormatTest" time="0.001"/>
  <testcase name="factoryTest[130]" classname="org.bitcoinj.utils.BtcFormatTest" time="0.001"/>
  <testcase name="parse[130]" classname="org.bitcoinj.utils.BtcFormatTest" time="0.001"/>
  <testcase name="btcRounding[130]" classname="org.bitcoinj.utils.BtcFormatTest" time="0.002"/>
  <testcase name="negativeTest[130]" classname="org.bitcoinj.utils.BtcFormatTest" time="0.0">
    <skipped/>
  </testcase>
  <testcase name="millicoinScaleTest[130]" classname="org.bitcoinj.utils.BtcFormatTest" time="0.001"/>
  <testcase name="toStringTest[130]" classname="org.bitcoinj.utils.BtcFormatTest" time="0.0">
    <skipped/>
  </testcase>
  <testcase name="testGrouping[130]" classname="org.bitcoinj.utils.BtcFormatTest" time="0.0"/>
  <testcase name="symbolsCodesTest[130]" classname="org.bitcoinj.utils.BtcFormatTest" time="0.001"/>
  <testcase name="defaultLocaleTest[130]" classname="org.bitcoinj.utils.BtcFormatTest" time="0.0"/>
  <testcase name="parsePositionTest[130]" classname="org.bitcoinj.utils.BtcFormatTest" time="0.0"/>
  <testcase name="argumentTypeTest[130]" classname="org.bitcoinj.utils.BtcFormatTest" time="0.0">
    <skipped/>
  </testcase>
  <testcase name="characterIteratorTest[130]" classname="org.bitcoinj.utils.BtcFormatTest" time="0.001"/>
  <testcase name="repeatingPlaceTest[130]" classname="org.bitcoinj.utils.BtcFormatTest" time="0.0"/>
  <testcase name="currencyCodeTest[130]" classname="org.bitcoinj.utils.BtcFormatTest" time="0.0">
    <skipped/>
  </testcase>
  <testcase name="patternDecimalPlaces[130]" classname="org.bitcoinj.utils.BtcFormatTest" time="0.001"/>
  <testcase name="factoryArgumentsTest[131]" classname="org.bitcoinj.utils.BtcFormatTest" time="0.002"/>
  <testcase name="parseTest[131]" classname="org.bitcoinj.utils.BtcFormatTest" time="0.0">
    <skipped/>
  </testcase>
  <testcase name="microcoinScaleTest[131]" classname="org.bitcoinj.utils.BtcFormatTest" time="0.001"/>
  <testcase name="parseMetricTest[131]" classname="org.bitcoinj.utils.BtcFormatTest" time="0.002"/>
  <testcase name="coinScaleTest[131]" classname="org.bitcoinj.utils.BtcFormatTest" time="0.0"/>
  <testcase name="builderTest[131]" classname="org.bitcoinj.utils.BtcFormatTest" time="0.0">
    <skipped/>
  </testcase>
  <testcase name="attributeTest[131]" classname="org.bitcoinj.utils.BtcFormatTest" time="0.0">
    <skipped/>
  </testcase>
  <testcase name="prefixTest[131]" classname="org.bitcoinj.utils.BtcFormatTest" time="0.001"/>
  <testcase name="suffixTest[131]" classname="org.bitcoinj.utils.BtcFormatTest" time="0.0">
    <skipped/>
  </testcase>
  <testcase name="autoDecimalTest[131]" classname="org.bitcoinj.utils.BtcFormatTest" time="0.001"/>
  <testcase name="symbolCollisionTest[131]" classname="org.bitcoinj.utils.BtcFormatTest" time="0.003"/>
  <testcase name="equalityTest[131]" classname="org.bitcoinj.utils.BtcFormatTest" time="0.003"/>
  <testcase name="columnAlignmentTest[131]" classname="org.bitcoinj.utils.BtcFormatTest" time="0.0"/>
  <testcase name="factoryTest[131]" classname="org.bitcoinj.utils.BtcFormatTest" time="0.0"/>
  <testcase name="parse[131]" classname="org.bitcoinj.utils.BtcFormatTest" time="0.0"/>
  <testcase name="btcRounding[131]" classname="org.bitcoinj.utils.BtcFormatTest" time="0.002"/>
  <testcase name="negativeTest[131]" classname="org.bitcoinj.utils.BtcFormatTest" time="0.0">
    <skipped/>
  </testcase>
  <testcase name="millicoinScaleTest[131]" classname="org.bitcoinj.utils.BtcFormatTest" time="0.0"/>
  <testcase name="toStringTest[131]" classname="org.bitcoinj.utils.BtcFormatTest" time="0.0">
    <skipped/>
  </testcase>
  <testcase name="testGrouping[131]" classname="org.bitcoinj.utils.BtcFormatTest" time="0.0"/>
  <testcase name="symbolsCodesTest[131]" classname="org.bitcoinj.utils.BtcFormatTest" time="0.001"/>
  <testcase name="defaultLocaleTest[131]" classname="org.bitcoinj.utils.BtcFormatTest" time="0.0"/>
  <testcase name="parsePositionTest[131]" classname="org.bitcoinj.utils.BtcFormatTest" time="0.001"/>
  <testcase name="argumentTypeTest[131]" classname="org.bitcoinj.utils.BtcFormatTest" time="0.0">
    <skipped/>
  </testcase>
  <testcase name="characterIteratorTest[131]" classname="org.bitcoinj.utils.BtcFormatTest" time="0.0"/>
  <testcase name="repeatingPlaceTest[131]" classname="org.bitcoinj.utils.BtcFormatTest" time="0.001"/>
  <testcase name="currencyCodeTest[131]" classname="org.bitcoinj.utils.BtcFormatTest" time="0.0">
    <skipped/>
  </testcase>
  <testcase name="patternDecimalPlaces[131]" classname="org.bitcoinj.utils.BtcFormatTest" time="0.0"/>
  <testcase name="factoryArgumentsTest[132]" classname="org.bitcoinj.utils.BtcFormatTest" time="0.005"/>
  <testcase name="parseTest[132]" classname="org.bitcoinj.utils.BtcFormatTest" time="0.0">
    <skipped/>
  </testcase>
  <testcase name="microcoinScaleTest[132]" classname="org.bitcoinj.utils.BtcFormatTest" time="0.0"/>
  <testcase name="parseMetricTest[132]" classname="org.bitcoinj.utils.BtcFormatTest" time="0.001"/>
  <testcase name="coinScaleTest[132]" classname="org.bitcoinj.utils.BtcFormatTest" time="0.0"/>
  <testcase name="builderTest[132]" classname="org.bitcoinj.utils.BtcFormatTest" time="0.0">
    <skipped/>
  </testcase>
  <testcase name="attributeTest[132]" classname="org.bitcoinj.utils.BtcFormatTest" time="0.001">
    <skipped/>
  </testcase>
  <testcase name="prefixTest[132]" classname="org.bitcoinj.utils.BtcFormatTest" time="0.0"/>
  <testcase name="suffixTest[132]" classname="org.bitcoinj.utils.BtcFormatTest" time="0.0">
    <skipped/>
  </testcase>
  <testcase name="autoDecimalTest[132]" classname="org.bitcoinj.utils.BtcFormatTest" time="0.001"/>
  <testcase name="symbolCollisionTest[132]" classname="org.bitcoinj.utils.BtcFormatTest" time="0.003"/>
  <testcase name="equalityTest[132]" classname="org.bitcoinj.utils.BtcFormatTest" time="0.003"/>
  <testcase name="columnAlignmentTest[132]" classname="org.bitcoinj.utils.BtcFormatTest" time="0.0"/>
  <testcase name="factoryTest[132]" classname="org.bitcoinj.utils.BtcFormatTest" time="0.001"/>
  <testcase name="parse[132]" classname="org.bitcoinj.utils.BtcFormatTest" time="0.0"/>
  <testcase name="btcRounding[132]" classname="org.bitcoinj.utils.BtcFormatTest" time="0.002"/>
  <testcase name="negativeTest[132]" classname="org.bitcoinj.utils.BtcFormatTest" time="0.0">
    <skipped/>
  </testcase>
  <testcase name="millicoinScaleTest[132]" classname="org.bitcoinj.utils.BtcFormatTest" time="0.0"/>
  <testcase name="toStringTest[132]" classname="org.bitcoinj.utils.BtcFormatTest" time="0.0">
    <skipped/>
  </testcase>
  <testcase name="testGrouping[132]" classname="org.bitcoinj.utils.BtcFormatTest" time="0.001"/>
  <testcase name="symbolsCodesTest[132]" classname="org.bitcoinj.utils.BtcFormatTest" time="0.001"/>
  <testcase name="defaultLocaleTest[132]" classname="org.bitcoinj.utils.BtcFormatTest" time="0.0"/>
  <testcase name="parsePositionTest[132]" classname="org.bitcoinj.utils.BtcFormatTest" time="0.0"/>
  <testcase name="argumentTypeTest[132]" classname="org.bitcoinj.utils.BtcFormatTest" time="0.0">
    <skipped/>
  </testcase>
  <testcase name="characterIteratorTest[132]" classname="org.bitcoinj.utils.BtcFormatTest" time="0.001"/>
  <testcase name="repeatingPlaceTest[132]" classname="org.bitcoinj.utils.BtcFormatTest" time="0.0"/>
  <testcase name="currencyCodeTest[132]" classname="org.bitcoinj.utils.BtcFormatTest" time="0.0">
    <skipped/>
  </testcase>
  <testcase name="patternDecimalPlaces[132]" classname="org.bitcoinj.utils.BtcFormatTest" time="0.0"/>
  <testcase name="factoryArgumentsTest[133]" classname="org.bitcoinj.utils.BtcFormatTest" time="0.003"/>
  <testcase name="parseTest[133]" classname="org.bitcoinj.utils.BtcFormatTest" time="0.0">
    <skipped/>
  </testcase>
  <testcase name="microcoinScaleTest[133]" classname="org.bitcoinj.utils.BtcFormatTest" time="0.001"/>
  <testcase name="parseMetricTest[133]" classname="org.bitcoinj.utils.BtcFormatTest" time="0.003"/>
  <testcase name="coinScaleTest[133]" classname="org.bitcoinj.utils.BtcFormatTest" time="0.001"/>
  <testcase name="builderTest[133]" classname="org.bitcoinj.utils.BtcFormatTest" time="0.0">
    <skipped/>
  </testcase>
  <testcase name="attributeTest[133]" classname="org.bitcoinj.utils.BtcFormatTest" time="0.0">
    <skipped/>
  </testcase>
  <testcase name="prefixTest[133]" classname="org.bitcoinj.utils.BtcFormatTest" time="0.001"/>
  <testcase name="suffixTest[133]" classname="org.bitcoinj.utils.BtcFormatTest" time="0.0">
    <skipped/>
  </testcase>
  <testcase name="autoDecimalTest[133]" classname="org.bitcoinj.utils.BtcFormatTest" time="0.002"/>
  <testcase name="symbolCollisionTest[133]" classname="org.bitcoinj.utils.BtcFormatTest" time="0.003"/>
  <testcase name="equalityTest[133]" classname="org.bitcoinj.utils.BtcFormatTest" time="0.005"/>
  <testcase name="columnAlignmentTest[133]" classname="org.bitcoinj.utils.BtcFormatTest" time="0.0"/>
  <testcase name="factoryTest[133]" classname="org.bitcoinj.utils.BtcFormatTest" time="0.001"/>
  <testcase name="parse[133]" classname="org.bitcoinj.utils.BtcFormatTest" time="0.0"/>
  <testcase name="btcRounding[133]" classname="org.bitcoinj.utils.BtcFormatTest" time="0.002"/>
  <testcase name="negativeTest[133]" classname="org.bitcoinj.utils.BtcFormatTest" time="0.0">
    <skipped/>
  </testcase>
  <testcase name="millicoinScaleTest[133]" classname="org.bitcoinj.utils.BtcFormatTest" time="0.0"/>
  <testcase name="toStringTest[133]" classname="org.bitcoinj.utils.BtcFormatTest" time="0.0">
    <skipped/>
  </testcase>
  <testcase name="testGrouping[133]" classname="org.bitcoinj.utils.BtcFormatTest" time="0.001"/>
  <testcase name="symbolsCodesTest[133]" classname="org.bitcoinj.utils.BtcFormatTest" time="0.001"/>
  <testcase name="defaultLocaleTest[133]" classname="org.bitcoinj.utils.BtcFormatTest" time="0.0"/>
  <testcase name="parsePositionTest[133]" classname="org.bitcoinj.utils.BtcFormatTest" time="0.0"/>
  <testcase name="argumentTypeTest[133]" classname="org.bitcoinj.utils.BtcFormatTest" time="0.0">
    <skipped/>
  </testcase>
  <testcase name="characterIteratorTest[133]" classname="org.bitcoinj.utils.BtcFormatTest" time="0.001"/>
  <testcase name="repeatingPlaceTest[133]" classname="org.bitcoinj.utils.BtcFormatTest" time="0.0"/>
  <testcase name="currencyCodeTest[133]" classname="org.bitcoinj.utils.BtcFormatTest" time="0.0">
    <skipped/>
  </testcase>
  <testcase name="patternDecimalPlaces[133]" classname="org.bitcoinj.utils.BtcFormatTest" time="0.0"/>
  <testcase name="factoryArgumentsTest[134]" classname="org.bitcoinj.utils.BtcFormatTest" time="0.001"/>
  <testcase name="parseTest[134]" classname="org.bitcoinj.utils.BtcFormatTest" time="0.0">
    <skipped/>
  </testcase>
  <testcase name="microcoinScaleTest[134]" classname="org.bitcoinj.utils.BtcFormatTest" time="0.002"/>
  <testcase name="parseMetricTest[134]" classname="org.bitcoinj.utils.BtcFormatTest" time="0.002"/>
  <testcase name="coinScaleTest[134]" classname="org.bitcoinj.utils.BtcFormatTest" time="0.0"/>
  <testcase name="builderTest[134]" classname="org.bitcoinj.utils.BtcFormatTest" time="0.0">
    <skipped/>
  </testcase>
  <testcase name="attributeTest[134]" classname="org.bitcoinj.utils.BtcFormatTest" time="0.0">
    <skipped/>
  </testcase>
  <testcase name="prefixTest[134]" classname="org.bitcoinj.utils.BtcFormatTest" time="0.0"/>
  <testcase name="suffixTest[134]" classname="org.bitcoinj.utils.BtcFormatTest" time="0.0">
    <skipped/>
  </testcase>
  <testcase name="autoDecimalTest[134]" classname="org.bitcoinj.utils.BtcFormatTest" time="0.001"/>
  <testcase name="symbolCollisionTest[134]" classname="org.bitcoinj.utils.BtcFormatTest" time="0.003"/>
  <testcase name="equalityTest[134]" classname="org.bitcoinj.utils.BtcFormatTest" time="0.002"/>
  <testcase name="columnAlignmentTest[134]" classname="org.bitcoinj.utils.BtcFormatTest" time="0.0"/>
  <testcase name="factoryTest[134]" classname="org.bitcoinj.utils.BtcFormatTest" time="0.001"/>
  <testcase name="parse[134]" classname="org.bitcoinj.utils.BtcFormatTest" time="0.0"/>
  <testcase name="btcRounding[134]" classname="org.bitcoinj.utils.BtcFormatTest" time="0.003"/>
  <testcase name="negativeTest[134]" classname="org.bitcoinj.utils.BtcFormatTest" time="0.0">
    <skipped/>
  </testcase>
  <testcase name="millicoinScaleTest[134]" classname="org.bitcoinj.utils.BtcFormatTest" time="0.0"/>
  <testcase name="toStringTest[134]" classname="org.bitcoinj.utils.BtcFormatTest" time="0.0">
    <skipped/>
  </testcase>
  <testcase name="testGrouping[134]" classname="org.bitcoinj.utils.BtcFormatTest" time="0.0"/>
  <testcase name="symbolsCodesTest[134]" classname="org.bitcoinj.utils.BtcFormatTest" time="0.002"/>
  <testcase name="defaultLocaleTest[134]" classname="org.bitcoinj.utils.BtcFormatTest" time="0.0"/>
  <testcase name="parsePositionTest[134]" classname="org.bitcoinj.utils.BtcFormatTest" time="0.0"/>
  <testcase name="argumentTypeTest[134]" classname="org.bitcoinj.utils.BtcFormatTest" time="0.0">
    <skipped/>
  </testcase>
  <testcase name="characterIteratorTest[134]" classname="org.bitcoinj.utils.BtcFormatTest" time="0.0"/>
  <testcase name="repeatingPlaceTest[134]" classname="org.bitcoinj.utils.BtcFormatTest" time="0.001"/>
  <testcase name="currencyCodeTest[134]" classname="org.bitcoinj.utils.BtcFormatTest" time="0.0">
    <skipped/>
  </testcase>
  <testcase name="patternDecimalPlaces[134]" classname="org.bitcoinj.utils.BtcFormatTest" time="0.0"/>
  <testcase name="factoryArgumentsTest[135]" classname="org.bitcoinj.utils.BtcFormatTest" time="0.002"/>
  <testcase name="parseTest[135]" classname="org.bitcoinj.utils.BtcFormatTest" time="0.0">
    <skipped/>
  </testcase>
  <testcase name="microcoinScaleTest[135]" classname="org.bitcoinj.utils.BtcFormatTest" time="0.0"/>
  <testcase name="parseMetricTest[135]" classname="org.bitcoinj.utils.BtcFormatTest" time="0.002"/>
  <testcase name="coinScaleTest[135]" classname="org.bitcoinj.utils.BtcFormatTest" time="0.0"/>
  <testcase name="builderTest[135]" classname="org.bitcoinj.utils.BtcFormatTest" time="0.0">
    <skipped/>
  </testcase>
  <testcase name="attributeTest[135]" classname="org.bitcoinj.utils.BtcFormatTest" time="0.0">
    <skipped/>
  </testcase>
  <testcase name="prefixTest[135]" classname="org.bitcoinj.utils.BtcFormatTest" time="0.0"/>
  <testcase name="suffixTest[135]" classname="org.bitcoinj.utils.BtcFormatTest" time="0.0">
    <skipped/>
  </testcase>
  <testcase name="autoDecimalTest[135]" classname="org.bitcoinj.utils.BtcFormatTest" time="0.001"/>
  <testcase name="symbolCollisionTest[135]" classname="org.bitcoinj.utils.BtcFormatTest" time="0.003"/>
  <testcase name="equalityTest[135]" classname="org.bitcoinj.utils.BtcFormatTest" time="0.003"/>
  <testcase name="columnAlignmentTest[135]" classname="org.bitcoinj.utils.BtcFormatTest" time="0.001"/>
  <testcase name="factoryTest[135]" classname="org.bitcoinj.utils.BtcFormatTest" time="0.0"/>
  <testcase name="parse[135]" classname="org.bitcoinj.utils.BtcFormatTest" time="0.0"/>
  <testcase name="btcRounding[135]" classname="org.bitcoinj.utils.BtcFormatTest" time="0.003"/>
  <testcase name="negativeTest[135]" classname="org.bitcoinj.utils.BtcFormatTest" time="0.0">
    <skipped/>
  </testcase>
  <testcase name="millicoinScaleTest[135]" classname="org.bitcoinj.utils.BtcFormatTest" time="0.0"/>
  <testcase name="toStringTest[135]" classname="org.bitcoinj.utils.BtcFormatTest" time="0.0">
    <skipped/>
  </testcase>
  <testcase name="testGrouping[135]" classname="org.bitcoinj.utils.BtcFormatTest" time="0.0"/>
  <testcase name="symbolsCodesTest[135]" classname="org.bitcoinj.utils.BtcFormatTest" time="0.001"/>
  <testcase name="defaultLocaleTest[135]" classname="org.bitcoinj.utils.BtcFormatTest" time="0.001"/>
  <testcase name="parsePositionTest[135]" classname="org.bitcoinj.utils.BtcFormatTest" time="0.0"/>
  <testcase name="argumentTypeTest[135]" classname="org.bitcoinj.utils.BtcFormatTest" time="0.0">
    <skipped/>
  </testcase>
  <testcase name="characterIteratorTest[135]" classname="org.bitcoinj.utils.BtcFormatTest" time="0.001"/>
  <testcase name="repeatingPlaceTest[135]" classname="org.bitcoinj.utils.BtcFormatTest" time="0.0"/>
  <testcase name="currencyCodeTest[135]" classname="org.bitcoinj.utils.BtcFormatTest" time="0.0">
    <skipped/>
  </testcase>
  <testcase name="patternDecimalPlaces[135]" classname="org.bitcoinj.utils.BtcFormatTest" time="0.0"/>
  <testcase name="factoryArgumentsTest[136]" classname="org.bitcoinj.utils.BtcFormatTest" time="0.001"/>
  <testcase name="parseTest[136]" classname="org.bitcoinj.utils.BtcFormatTest" time="0.0">
    <skipped/>
  </testcase>
  <testcase name="microcoinScaleTest[136]" classname="org.bitcoinj.utils.BtcFormatTest" time="0.001"/>
  <testcase name="parseMetricTest[136]" classname="org.bitcoinj.utils.BtcFormatTest" time="0.001"/>
  <testcase name="coinScaleTest[136]" classname="org.bitcoinj.utils.BtcFormatTest" time="0.0"/>
  <testcase name="builderTest[136]" classname="org.bitcoinj.utils.BtcFormatTest" time="0.0">
    <skipped/>
  </testcase>
  <testcase name="attributeTest[136]" classname="org.bitcoinj.utils.BtcFormatTest" time="0.0">
    <skipped/>
  </testcase>
  <testcase name="prefixTest[136]" classname="org.bitcoinj.utils.BtcFormatTest" time="0.0"/>
  <testcase name="suffixTest[136]" classname="org.bitcoinj.utils.BtcFormatTest" time="0.0">
    <skipped/>
  </testcase>
  <testcase name="autoDecimalTest[136]" classname="org.bitcoinj.utils.BtcFormatTest" time="0.001"/>
  <testcase name="symbolCollisionTest[136]" classname="org.bitcoinj.utils.BtcFormatTest" time="0.005"/>
  <testcase name="equalityTest[136]" classname="org.bitcoinj.utils.BtcFormatTest" time="0.003"/>
  <testcase name="columnAlignmentTest[136]" classname="org.bitcoinj.utils.BtcFormatTest" time="0.0"/>
  <testcase name="factoryTest[136]" classname="org.bitcoinj.utils.BtcFormatTest" time="0.001"/>
  <testcase name="parse[136]" classname="org.bitcoinj.utils.BtcFormatTest" time="0.001"/>
  <testcase name="btcRounding[136]" classname="org.bitcoinj.utils.BtcFormatTest" time="0.002"/>
  <testcase name="negativeTest[136]" classname="org.bitcoinj.utils.BtcFormatTest" time="0.0">
    <skipped/>
  </testcase>
  <testcase name="millicoinScaleTest[136]" classname="org.bitcoinj.utils.BtcFormatTest" time="0.0"/>
  <testcase name="toStringTest[136]" classname="org.bitcoinj.utils.BtcFormatTest" time="0.0">
    <skipped/>
  </testcase>
  <testcase name="testGrouping[136]" classname="org.bitcoinj.utils.BtcFormatTest" time="0.0"/>
  <testcase name="symbolsCodesTest[136]" classname="org.bitcoinj.utils.BtcFormatTest" time="0.001"/>
  <testcase name="defaultLocaleTest[136]" classname="org.bitcoinj.utils.BtcFormatTest" time="0.0"/>
  <testcase name="parsePositionTest[136]" classname="org.bitcoinj.utils.BtcFormatTest" time="0.001"/>
  <testcase name="argumentTypeTest[136]" classname="org.bitcoinj.utils.BtcFormatTest" time="0.0">
    <skipped/>
  </testcase>
  <testcase name="characterIteratorTest[136]" classname="org.bitcoinj.utils.BtcFormatTest" time="0.001"/>
  <testcase name="repeatingPlaceTest[136]" classname="org.bitcoinj.utils.BtcFormatTest" time="0.0"/>
  <testcase name="currencyCodeTest[136]" classname="org.bitcoinj.utils.BtcFormatTest" time="0.0">
    <skipped/>
  </testcase>
  <testcase name="patternDecimalPlaces[136]" classname="org.bitcoinj.utils.BtcFormatTest" time="0.0"/>
  <testcase name="factoryArgumentsTest[137]" classname="org.bitcoinj.utils.BtcFormatTest" time="0.001"/>
  <testcase name="parseTest[137]" classname="org.bitcoinj.utils.BtcFormatTest" time="0.0">
    <skipped/>
  </testcase>
  <testcase name="microcoinScaleTest[137]" classname="org.bitcoinj.utils.BtcFormatTest" time="0.0"/>
  <testcase name="parseMetricTest[137]" classname="org.bitcoinj.utils.BtcFormatTest" time="0.002"/>
  <testcase name="coinScaleTest[137]" classname="org.bitcoinj.utils.BtcFormatTest" time="0.0"/>
  <testcase name="builderTest[137]" classname="org.bitcoinj.utils.BtcFormatTest" time="0.0">
    <skipped/>
  </testcase>
  <testcase name="attributeTest[137]" classname="org.bitcoinj.utils.BtcFormatTest" time="0.0">
    <skipped/>
  </testcase>
  <testcase name="prefixTest[137]" classname="org.bitcoinj.utils.BtcFormatTest" time="0.001"/>
  <testcase name="suffixTest[137]" classname="org.bitcoinj.utils.BtcFormatTest" time="0.0">
    <skipped/>
  </testcase>
  <testcase name="autoDecimalTest[137]" classname="org.bitcoinj.utils.BtcFormatTest" time="0.001"/>
  <testcase name="symbolCollisionTest[137]" classname="org.bitcoinj.utils.BtcFormatTest" time="0.004"/>
  <testcase name="equalityTest[137]" classname="org.bitcoinj.utils.BtcFormatTest" time="0.004"/>
  <testcase name="columnAlignmentTest[137]" classname="org.bitcoinj.utils.BtcFormatTest" time="0.0"/>
  <testcase name="factoryTest[137]" classname="org.bitcoinj.utils.BtcFormatTest" time="0.001"/>
  <testcase name="parse[137]" classname="org.bitcoinj.utils.BtcFormatTest" time="0.0"/>
  <testcase name="btcRounding[137]" classname="org.bitcoinj.utils.BtcFormatTest" time="0.003"/>
  <testcase name="negativeTest[137]" classname="org.bitcoinj.utils.BtcFormatTest" time="0.0">
    <skipped/>
  </testcase>
  <testcase name="millicoinScaleTest[137]" classname="org.bitcoinj.utils.BtcFormatTest" time="0.001"/>
  <testcase name="toStringTest[137]" classname="org.bitcoinj.utils.BtcFormatTest" time="0.0">
    <skipped/>
  </testcase>
  <testcase name="testGrouping[137]" classname="org.bitcoinj.utils.BtcFormatTest" time="0.0"/>
  <testcase name="symbolsCodesTest[137]" classname="org.bitcoinj.utils.BtcFormatTest" time="0.001"/>
  <testcase name="defaultLocaleTest[137]" classname="org.bitcoinj.utils.BtcFormatTest" time="0.0"/>
  <testcase name="parsePositionTest[137]" classname="org.bitcoinj.utils.BtcFormatTest" time="0.001"/>
  <testcase name="argumentTypeTest[137]" classname="org.bitcoinj.utils.BtcFormatTest" time="0.0">
    <skipped/>
  </testcase>
  <testcase name="characterIteratorTest[137]" classname="org.bitcoinj.utils.BtcFormatTest" time="0.0"/>
  <testcase name="repeatingPlaceTest[137]" classname="org.bitcoinj.utils.BtcFormatTest" time="0.0"/>
  <testcase name="currencyCodeTest[137]" classname="org.bitcoinj.utils.BtcFormatTest" time="0.0">
    <skipped/>
  </testcase>
  <testcase name="patternDecimalPlaces[137]" classname="org.bitcoinj.utils.BtcFormatTest" time="0.001"/>
  <testcase name="factoryArgumentsTest[138]" classname="org.bitcoinj.utils.BtcFormatTest" time="0.001"/>
  <testcase name="parseTest[138]" classname="org.bitcoinj.utils.BtcFormatTest" time="0.0">
    <skipped/>
  </testcase>
  <testcase name="microcoinScaleTest[138]" classname="org.bitcoinj.utils.BtcFormatTest" time="0.0"/>
  <testcase name="parseMetricTest[138]" classname="org.bitcoinj.utils.BtcFormatTest" time="0.003"/>
  <testcase name="coinScaleTest[138]" classname="org.bitcoinj.utils.BtcFormatTest" time="0.0"/>
  <testcase name="builderTest[138]" classname="org.bitcoinj.utils.BtcFormatTest" time="0.0">
    <skipped/>
  </testcase>
  <testcase name="attributeTest[138]" classname="org.bitcoinj.utils.BtcFormatTest" time="0.0">
    <skipped/>
  </testcase>
  <testcase name="prefixTest[138]" classname="org.bitcoinj.utils.BtcFormatTest" time="0.001"/>
  <testcase name="suffixTest[138]" classname="org.bitcoinj.utils.BtcFormatTest" time="0.0">
    <skipped/>
  </testcase>
  <testcase name="autoDecimalTest[138]" classname="org.bitcoinj.utils.BtcFormatTest" time="0.001"/>
  <testcase name="symbolCollisionTest[138]" classname="org.bitcoinj.utils.BtcFormatTest" time="0.003"/>
  <testcase name="equalityTest[138]" classname="org.bitcoinj.utils.BtcFormatTest" time="0.006"/>
  <testcase name="columnAlignmentTest[138]" classname="org.bitcoinj.utils.BtcFormatTest" time="0.0"/>
  <testcase name="factoryTest[138]" classname="org.bitcoinj.utils.BtcFormatTest" time="0.001"/>
  <testcase name="parse[138]" classname="org.bitcoinj.utils.BtcFormatTest" time="0.001"/>
  <testcase name="btcRounding[138]" classname="org.bitcoinj.utils.BtcFormatTest" time="0.003"/>
  <testcase name="negativeTest[138]" classname="org.bitcoinj.utils.BtcFormatTest" time="0.0">
    <skipped/>
  </testcase>
  <testcase name="millicoinScaleTest[138]" classname="org.bitcoinj.utils.BtcFormatTest" time="0.0"/>
  <testcase name="toStringTest[138]" classname="org.bitcoinj.utils.BtcFormatTest" time="0.0">
    <skipped/>
  </testcase>
  <testcase name="testGrouping[138]" classname="org.bitcoinj.utils.BtcFormatTest" time="0.001"/>
  <testcase name="symbolsCodesTest[138]" classname="org.bitcoinj.utils.BtcFormatTest" time="0.001"/>
  <testcase name="defaultLocaleTest[138]" classname="org.bitcoinj.utils.BtcFormatTest" time="0.0"/>
  <testcase name="parsePositionTest[138]" classname="org.bitcoinj.utils.BtcFormatTest" time="0.004"/>
  <testcase name="argumentTypeTest[138]" classname="org.bitcoinj.utils.BtcFormatTest" time="0.0">
    <skipped/>
  </testcase>
  <testcase name="characterIteratorTest[138]" classname="org.bitcoinj.utils.BtcFormatTest" time="0.001"/>
  <testcase name="repeatingPlaceTest[138]" classname="org.bitcoinj.utils.BtcFormatTest" time="0.0"/>
  <testcase name="currencyCodeTest[138]" classname="org.bitcoinj.utils.BtcFormatTest" time="0.0">
    <skipped/>
  </testcase>
  <testcase name="patternDecimalPlaces[138]" classname="org.bitcoinj.utils.BtcFormatTest" time="0.001"/>
  <testcase name="factoryArgumentsTest[139]" classname="org.bitcoinj.utils.BtcFormatTest" time="0.003"/>
  <testcase name="parseTest[139]" classname="org.bitcoinj.utils.BtcFormatTest" time="0.0">
    <skipped/>
  </testcase>
  <testcase name="microcoinScaleTest[139]" classname="org.bitcoinj.utils.BtcFormatTest" time="0.001"/>
  <testcase name="parseMetricTest[139]" classname="org.bitcoinj.utils.BtcFormatTest" time="0.002"/>
  <testcase name="coinScaleTest[139]" classname="org.bitcoinj.utils.BtcFormatTest" time="0.0"/>
  <testcase name="builderTest[139]" classname="org.bitcoinj.utils.BtcFormatTest" time="0.0">
    <skipped/>
  </testcase>
  <testcase name="attributeTest[139]" classname="org.bitcoinj.utils.BtcFormatTest" time="0.0">
    <skipped/>
  </testcase>
  <testcase name="prefixTest[139]" classname="org.bitcoinj.utils.BtcFormatTest" time="0.001"/>
  <testcase name="suffixTest[139]" classname="org.bitcoinj.utils.BtcFormatTest" time="0.002">
    <skipped/>
  </testcase>
  <testcase name="autoDecimalTest[139]" classname="org.bitcoinj.utils.BtcFormatTest" time="0.014"/>
  <testcase name="symbolCollisionTest[139]" classname="org.bitcoinj.utils.BtcFormatTest" time="0.003"/>
  <testcase name="equalityTest[139]" classname="org.bitcoinj.utils.BtcFormatTest" time="0.003"/>
  <testcase name="columnAlignmentTest[139]" classname="org.bitcoinj.utils.BtcFormatTest" time="0.0"/>
  <testcase name="factoryTest[139]" classname="org.bitcoinj.utils.BtcFormatTest" time="0.001"/>
  <testcase name="parse[139]" classname="org.bitcoinj.utils.BtcFormatTest" time="0.0"/>
  <testcase name="btcRounding[139]" classname="org.bitcoinj.utils.BtcFormatTest" time="0.004"/>
  <testcase name="negativeTest[139]" classname="org.bitcoinj.utils.BtcFormatTest" time="0.0">
    <skipped/>
  </testcase>
  <testcase name="millicoinScaleTest[139]" classname="org.bitcoinj.utils.BtcFormatTest" time="0.0"/>
  <testcase name="toStringTest[139]" classname="org.bitcoinj.utils.BtcFormatTest" time="0.0">
    <skipped/>
  </testcase>
  <testcase name="testGrouping[139]" classname="org.bitcoinj.utils.BtcFormatTest" time="0.001"/>
  <testcase name="symbolsCodesTest[139]" classname="org.bitcoinj.utils.BtcFormatTest" time="0.002"/>
  <testcase name="defaultLocaleTest[139]" classname="org.bitcoinj.utils.BtcFormatTest" time="0.0"/>
  <testcase name="parsePositionTest[139]" classname="org.bitcoinj.utils.BtcFormatTest" time="0.001"/>
  <testcase name="argumentTypeTest[139]" classname="org.bitcoinj.utils.BtcFormatTest" time="0.0">
    <skipped/>
  </testcase>
  <testcase name="characterIteratorTest[139]" classname="org.bitcoinj.utils.BtcFormatTest" time="0.003"/>
  <testcase name="repeatingPlaceTest[139]" classname="org.bitcoinj.utils.BtcFormatTest" time="0.0"/>
  <testcase name="currencyCodeTest[139]" classname="org.bitcoinj.utils.BtcFormatTest" time="0.0">
    <skipped/>
  </testcase>
  <testcase name="patternDecimalPlaces[139]" classname="org.bitcoinj.utils.BtcFormatTest" time="0.0"/>
  <testcase name="factoryArgumentsTest[140]" classname="org.bitcoinj.utils.BtcFormatTest" time="0.002"/>
  <testcase name="parseTest[140]" classname="org.bitcoinj.utils.BtcFormatTest" time="0.0">
    <skipped/>
  </testcase>
  <testcase name="microcoinScaleTest[140]" classname="org.bitcoinj.utils.BtcFormatTest" time="0.001"/>
  <testcase name="parseMetricTest[140]" classname="org.bitcoinj.utils.BtcFormatTest" time="0.003"/>
  <testcase name="coinScaleTest[140]" classname="org.bitcoinj.utils.BtcFormatTest" time="0.007"/>
  <testcase name="builderTest[140]" classname="org.bitcoinj.utils.BtcFormatTest" time="0.0">
    <skipped/>
  </testcase>
  <testcase name="attributeTest[140]" classname="org.bitcoinj.utils.BtcFormatTest" time="0.001">
    <skipped/>
  </testcase>
  <testcase name="prefixTest[140]" classname="org.bitcoinj.utils.BtcFormatTest" time="0.001"/>
  <testcase name="suffixTest[140]" classname="org.bitcoinj.utils.BtcFormatTest" time="0.0">
    <skipped/>
  </testcase>
  <testcase name="autoDecimalTest[140]" classname="org.bitcoinj.utils.BtcFormatTest" time="0.001"/>
  <testcase name="symbolCollisionTest[140]" classname="org.bitcoinj.utils.BtcFormatTest" time="0.004"/>
  <testcase name="equalityTest[140]" classname="org.bitcoinj.utils.BtcFormatTest" time="0.01"/>
  <testcase name="columnAlignmentTest[140]" classname="org.bitcoinj.utils.BtcFormatTest" time="0.0"/>
  <testcase name="factoryTest[140]" classname="org.bitcoinj.utils.BtcFormatTest" time="0.003"/>
  <testcase name="parse[140]" classname="org.bitcoinj.utils.BtcFormatTest" time="0.0"/>
  <testcase name="btcRounding[140]" classname="org.bitcoinj.utils.BtcFormatTest" time="0.006"/>
  <testcase name="negativeTest[140]" classname="org.bitcoinj.utils.BtcFormatTest" time="0.0">
    <skipped/>
  </testcase>
  <testcase name="millicoinScaleTest[140]" classname="org.bitcoinj.utils.BtcFormatTest" time="0.0"/>
  <testcase name="toStringTest[140]" classname="org.bitcoinj.utils.BtcFormatTest" time="0.0">
    <skipped/>
  </testcase>
  <testcase name="testGrouping[140]" classname="org.bitcoinj.utils.BtcFormatTest" time="0.0"/>
  <testcase name="symbolsCodesTest[140]" classname="org.bitcoinj.utils.BtcFormatTest" time="0.003"/>
  <testcase name="defaultLocaleTest[140]" classname="org.bitcoinj.utils.BtcFormatTest" time="0.0"/>
  <testcase name="parsePositionTest[140]" classname="org.bitcoinj.utils.BtcFormatTest" time="0.001"/>
  <testcase name="argumentTypeTest[140]" classname="org.bitcoinj.utils.BtcFormatTest" time="0.0">
    <skipped/>
  </testcase>
  <testcase name="characterIteratorTest[140]" classname="org.bitcoinj.utils.BtcFormatTest" time="0.0"/>
  <testcase name="repeatingPlaceTest[140]" classname="org.bitcoinj.utils.BtcFormatTest" time="0.001"/>
  <testcase name="currencyCodeTest[140]" classname="org.bitcoinj.utils.BtcFormatTest" time="0.0">
    <skipped/>
  </testcase>
  <testcase name="patternDecimalPlaces[140]" classname="org.bitcoinj.utils.BtcFormatTest" time="0.0"/>
  <testcase name="factoryArgumentsTest[141]" classname="org.bitcoinj.utils.BtcFormatTest" time="0.002"/>
  <testcase name="parseTest[141]" classname="org.bitcoinj.utils.BtcFormatTest" time="0.0">
    <skipped/>
  </testcase>
  <testcase name="microcoinScaleTest[141]" classname="org.bitcoinj.utils.BtcFormatTest" time="0.0"/>
  <testcase name="parseMetricTest[141]" classname="org.bitcoinj.utils.BtcFormatTest" time="0.012"/>
  <testcase name="coinScaleTest[141]" classname="org.bitcoinj.utils.BtcFormatTest" time="0.002"/>
  <testcase name="builderTest[141]" classname="org.bitcoinj.utils.BtcFormatTest" time="0.0">
    <skipped/>
  </testcase>
  <testcase name="attributeTest[141]" classname="org.bitcoinj.utils.BtcFormatTest" time="0.0">
    <skipped/>
  </testcase>
  <testcase name="prefixTest[141]" classname="org.bitcoinj.utils.BtcFormatTest" time="0.002"/>
  <testcase name="suffixTest[141]" classname="org.bitcoinj.utils.BtcFormatTest" time="0.0">
    <skipped/>
  </testcase>
  <testcase name="autoDecimalTest[141]" classname="org.bitcoinj.utils.BtcFormatTest" time="0.003"/>
  <testcase name="symbolCollisionTest[141]" classname="org.bitcoinj.utils.BtcFormatTest" time="0.012"/>
  <testcase name="equalityTest[141]" classname="org.bitcoinj.utils.BtcFormatTest" time="0.003"/>
  <testcase name="columnAlignmentTest[141]" classname="org.bitcoinj.utils.BtcFormatTest" time="0.001"/>
  <testcase name="factoryTest[141]" classname="org.bitcoinj.utils.BtcFormatTest" time="0.001"/>
  <testcase name="parse[141]" classname="org.bitcoinj.utils.BtcFormatTest" time="0.0"/>
  <testcase name="btcRounding[141]" classname="org.bitcoinj.utils.BtcFormatTest" time="0.003"/>
  <testcase name="negativeTest[141]" classname="org.bitcoinj.utils.BtcFormatTest" time="0.0">
    <skipped/>
  </testcase>
  <testcase name="millicoinScaleTest[141]" classname="org.bitcoinj.utils.BtcFormatTest" time="0.0"/>
  <testcase name="toStringTest[141]" classname="org.bitcoinj.utils.BtcFormatTest" time="0.0">
    <skipped/>
  </testcase>
  <testcase name="testGrouping[141]" classname="org.bitcoinj.utils.BtcFormatTest" time="0.0"/>
  <testcase name="symbolsCodesTest[141]" classname="org.bitcoinj.utils.BtcFormatTest" time="0.002"/>
  <testcase name="defaultLocaleTest[141]" classname="org.bitcoinj.utils.BtcFormatTest" time="0.0"/>
  <testcase name="parsePositionTest[141]" classname="org.bitcoinj.utils.BtcFormatTest" time="0.0"/>
  <testcase name="argumentTypeTest[141]" classname="org.bitcoinj.utils.BtcFormatTest" time="0.0">
    <skipped/>
  </testcase>
  <testcase name="characterIteratorTest[141]" classname="org.bitcoinj.utils.BtcFormatTest" time="0.003"/>
  <testcase name="repeatingPlaceTest[141]" classname="org.bitcoinj.utils.BtcFormatTest" time="0.0"/>
  <testcase name="currencyCodeTest[141]" classname="org.bitcoinj.utils.BtcFormatTest" time="0.0">
    <skipped/>
  </testcase>
  <testcase name="patternDecimalPlaces[141]" classname="org.bitcoinj.utils.BtcFormatTest" time="0.0"/>
  <testcase name="factoryArgumentsTest[142]" classname="org.bitcoinj.utils.BtcFormatTest" time="0.003"/>
  <testcase name="parseTest[142]" classname="org.bitcoinj.utils.BtcFormatTest" time="0.0">
    <skipped/>
  </testcase>
  <testcase name="microcoinScaleTest[142]" classname="org.bitcoinj.utils.BtcFormatTest" time="0.0"/>
  <testcase name="parseMetricTest[142]" classname="org.bitcoinj.utils.BtcFormatTest" time="0.002"/>
  <testcase name="coinScaleTest[142]" classname="org.bitcoinj.utils.BtcFormatTest" time="0.001"/>
  <testcase name="builderTest[142]" classname="org.bitcoinj.utils.BtcFormatTest" time="0.0">
    <skipped/>
  </testcase>
  <testcase name="attributeTest[142]" classname="org.bitcoinj.utils.BtcFormatTest" time="0.0">
    <skipped/>
  </testcase>
  <testcase name="prefixTest[142]" classname="org.bitcoinj.utils.BtcFormatTest" time="0.0"/>
  <testcase name="suffixTest[142]" classname="org.bitcoinj.utils.BtcFormatTest" time="0.0">
    <skipped/>
  </testcase>
  <testcase name="autoDecimalTest[142]" classname="org.bitcoinj.utils.BtcFormatTest" time="0.002"/>
  <testcase name="symbolCollisionTest[142]" classname="org.bitcoinj.utils.BtcFormatTest" time="0.005"/>
  <testcase name="equalityTest[142]" classname="org.bitcoinj.utils.BtcFormatTest" time="0.003"/>
  <testcase name="columnAlignmentTest[142]" classname="org.bitcoinj.utils.BtcFormatTest" time="0.0"/>
  <testcase name="factoryTest[142]" classname="org.bitcoinj.utils.BtcFormatTest" time="0.001"/>
  <testcase name="parse[142]" classname="org.bitcoinj.utils.BtcFormatTest" time="0.0"/>
  <testcase name="btcRounding[142]" classname="org.bitcoinj.utils.BtcFormatTest" time="0.002"/>
  <testcase name="negativeTest[142]" classname="org.bitcoinj.utils.BtcFormatTest" time="0.0">
    <skipped/>
  </testcase>
  <testcase name="millicoinScaleTest[142]" classname="org.bitcoinj.utils.BtcFormatTest" time="0.0"/>
  <testcase name="toStringTest[142]" classname="org.bitcoinj.utils.BtcFormatTest" time="0.0">
    <skipped/>
  </testcase>
  <testcase name="testGrouping[142]" classname="org.bitcoinj.utils.BtcFormatTest" time="0.001"/>
  <testcase name="symbolsCodesTest[142]" classname="org.bitcoinj.utils.BtcFormatTest" time="0.001"/>
  <testcase name="defaultLocaleTest[142]" classname="org.bitcoinj.utils.BtcFormatTest" time="0.0"/>
  <testcase name="parsePositionTest[142]" classname="org.bitcoinj.utils.BtcFormatTest" time="0.001"/>
  <testcase name="argumentTypeTest[142]" classname="org.bitcoinj.utils.BtcFormatTest" time="0.0">
    <skipped/>
  </testcase>
  <testcase name="characterIteratorTest[142]" classname="org.bitcoinj.utils.BtcFormatTest" time="0.0"/>
  <testcase name="repeatingPlaceTest[142]" classname="org.bitcoinj.utils.BtcFormatTest" time="0.0"/>
  <testcase name="currencyCodeTest[142]" classname="org.bitcoinj.utils.BtcFormatTest" time="0.0">
    <skipped/>
  </testcase>
  <testcase name="patternDecimalPlaces[142]" classname="org.bitcoinj.utils.BtcFormatTest" time="0.001"/>
  <testcase name="factoryArgumentsTest[143]" classname="org.bitcoinj.utils.BtcFormatTest" time="0.008"/>
  <testcase name="parseTest[143]" classname="org.bitcoinj.utils.BtcFormatTest" time="0.0">
    <skipped/>
  </testcase>
  <testcase name="microcoinScaleTest[143]" classname="org.bitcoinj.utils.BtcFormatTest" time="0.0"/>
  <testcase name="parseMetricTest[143]" classname="org.bitcoinj.utils.BtcFormatTest" time="0.002"/>
  <testcase name="coinScaleTest[143]" classname="org.bitcoinj.utils.BtcFormatTest" time="0.001"/>
  <testcase name="builderTest[143]" classname="org.bitcoinj.utils.BtcFormatTest" time="0.0">
    <skipped/>
  </testcase>
  <testcase name="attributeTest[143]" classname="org.bitcoinj.utils.BtcFormatTest" time="0.0">
    <skipped/>
  </testcase>
  <testcase name="prefixTest[143]" classname="org.bitcoinj.utils.BtcFormatTest" time="0.0"/>
  <testcase name="suffixTest[143]" classname="org.bitcoinj.utils.BtcFormatTest" time="0.0">
    <skipped/>
  </testcase>
  <testcase name="autoDecimalTest[143]" classname="org.bitcoinj.utils.BtcFormatTest" time="0.003"/>
  <testcase name="symbolCollisionTest[143]" classname="org.bitcoinj.utils.BtcFormatTest" time="0.005"/>
  <testcase name="equalityTest[143]" classname="org.bitcoinj.utils.BtcFormatTest" time="0.019"/>
  <testcase name="columnAlignmentTest[143]" classname="org.bitcoinj.utils.BtcFormatTest" time="0.0"/>
  <testcase name="factoryTest[143]" classname="org.bitcoinj.utils.BtcFormatTest" time="0.001"/>
  <testcase name="parse[143]" classname="org.bitcoinj.utils.BtcFormatTest" time="0.0"/>
  <testcase name="btcRounding[143]" classname="org.bitcoinj.utils.BtcFormatTest" time="0.004"/>
  <testcase name="negativeTest[143]" classname="org.bitcoinj.utils.BtcFormatTest" time="0.0">
    <skipped/>
  </testcase>
  <testcase name="millicoinScaleTest[143]" classname="org.bitcoinj.utils.BtcFormatTest" time="0.0"/>
  <testcase name="toStringTest[143]" classname="org.bitcoinj.utils.BtcFormatTest" time="0.0">
    <skipped/>
  </testcase>
  <testcase name="testGrouping[143]" classname="org.bitcoinj.utils.BtcFormatTest" time="0.001"/>
  <testcase name="symbolsCodesTest[143]" classname="org.bitcoinj.utils.BtcFormatTest" time="0.001"/>
  <testcase name="defaultLocaleTest[143]" classname="org.bitcoinj.utils.BtcFormatTest" time="0.001"/>
  <testcase name="parsePositionTest[143]" classname="org.bitcoinj.utils.BtcFormatTest" time="0.0"/>
  <testcase name="argumentTypeTest[143]" classname="org.bitcoinj.utils.BtcFormatTest" time="0.0">
    <skipped/>
  </testcase>
  <testcase name="characterIteratorTest[143]" classname="org.bitcoinj.utils.BtcFormatTest" time="0.0"/>
  <testcase name="repeatingPlaceTest[143]" classname="org.bitcoinj.utils.BtcFormatTest" time="0.001"/>
  <testcase name="currencyCodeTest[143]" classname="org.bitcoinj.utils.BtcFormatTest" time="0.0">
    <skipped/>
  </testcase>
  <testcase name="patternDecimalPlaces[143]" classname="org.bitcoinj.utils.BtcFormatTest" time="0.0"/>
  <testcase name="factoryArgumentsTest[144]" classname="org.bitcoinj.utils.BtcFormatTest" time="0.005"/>
  <testcase name="parseTest[144]" classname="org.bitcoinj.utils.BtcFormatTest" time="0.0">
    <skipped/>
  </testcase>
  <testcase name="microcoinScaleTest[144]" classname="org.bitcoinj.utils.BtcFormatTest" time="0.0"/>
  <testcase name="parseMetricTest[144]" classname="org.bitcoinj.utils.BtcFormatTest" time="0.003"/>
  <testcase name="coinScaleTest[144]" classname="org.bitcoinj.utils.BtcFormatTest" time="0.0"/>
  <testcase name="builderTest[144]" classname="org.bitcoinj.utils.BtcFormatTest" time="0.0">
    <skipped/>
  </testcase>
  <testcase name="attributeTest[144]" classname="org.bitcoinj.utils.BtcFormatTest" time="0.0">
    <skipped/>
  </testcase>
  <testcase name="prefixTest[144]" classname="org.bitcoinj.utils.BtcFormatTest" time="0.001"/>
  <testcase name="suffixTest[144]" classname="org.bitcoinj.utils.BtcFormatTest" time="0.0">
    <skipped/>
  </testcase>
  <testcase name="autoDecimalTest[144]" classname="org.bitcoinj.utils.BtcFormatTest" time="0.002"/>
  <testcase name="symbolCollisionTest[144]" classname="org.bitcoinj.utils.BtcFormatTest" time="0.003"/>
  <testcase name="equalityTest[144]" classname="org.bitcoinj.utils.BtcFormatTest" time="0.007"/>
  <testcase name="columnAlignmentTest[144]" classname="org.bitcoinj.utils.BtcFormatTest" time="0.001"/>
  <testcase name="factoryTest[144]" classname="org.bitcoinj.utils.BtcFormatTest" time="0.003"/>
  <testcase name="parse[144]" classname="org.bitcoinj.utils.BtcFormatTest" time="0.0"/>
  <testcase name="btcRounding[144]" classname="org.bitcoinj.utils.BtcFormatTest" time="0.003"/>
  <testcase name="negativeTest[144]" classname="org.bitcoinj.utils.BtcFormatTest" time="0.0">
    <skipped/>
  </testcase>
  <testcase name="millicoinScaleTest[144]" classname="org.bitcoinj.utils.BtcFormatTest" time="0.0"/>
  <testcase name="toStringTest[144]" classname="org.bitcoinj.utils.BtcFormatTest" time="0.0">
    <skipped/>
  </testcase>
  <testcase name="testGrouping[144]" classname="org.bitcoinj.utils.BtcFormatTest" time="0.001"/>
  <testcase name="symbolsCodesTest[144]" classname="org.bitcoinj.utils.BtcFormatTest" time="0.002"/>
  <testcase name="defaultLocaleTest[144]" classname="org.bitcoinj.utils.BtcFormatTest" time="0.0"/>
  <testcase name="parsePositionTest[144]" classname="org.bitcoinj.utils.BtcFormatTest" time="0.001"/>
  <testcase name="argumentTypeTest[144]" classname="org.bitcoinj.utils.BtcFormatTest" time="0.0">
    <skipped/>
  </testcase>
  <testcase name="characterIteratorTest[144]" classname="org.bitcoinj.utils.BtcFormatTest" time="0.0"/>
  <testcase name="repeatingPlaceTest[144]" classname="org.bitcoinj.utils.BtcFormatTest" time="0.0"/>
  <testcase name="currencyCodeTest[144]" classname="org.bitcoinj.utils.BtcFormatTest" time="0.0">
    <skipped/>
  </testcase>
  <testcase name="patternDecimalPlaces[144]" classname="org.bitcoinj.utils.BtcFormatTest" time="0.0"/>
  <testcase name="factoryArgumentsTest[145]" classname="org.bitcoinj.utils.BtcFormatTest" time="0.001"/>
  <testcase name="parseTest[145]" classname="org.bitcoinj.utils.BtcFormatTest" time="0.0">
    <skipped/>
  </testcase>
  <testcase name="microcoinScaleTest[145]" classname="org.bitcoinj.utils.BtcFormatTest" time="0.0"/>
  <testcase name="parseMetricTest[145]" classname="org.bitcoinj.utils.BtcFormatTest" time="0.003"/>
  <testcase name="coinScaleTest[145]" classname="org.bitcoinj.utils.BtcFormatTest" time="0.0"/>
  <testcase name="builderTest[145]" classname="org.bitcoinj.utils.BtcFormatTest" time="0.0">
    <skipped/>
  </testcase>
  <testcase name="attributeTest[145]" classname="org.bitcoinj.utils.BtcFormatTest" time="0.0">
    <skipped/>
  </testcase>
  <testcase name="prefixTest[145]" classname="org.bitcoinj.utils.BtcFormatTest" time="0.001"/>
  <testcase name="suffixTest[145]" classname="org.bitcoinj.utils.BtcFormatTest" time="0.0">
    <skipped/>
  </testcase>
  <testcase name="autoDecimalTest[145]" classname="org.bitcoinj.utils.BtcFormatTest" time="0.001"/>
  <testcase name="symbolCollisionTest[145]" classname="org.bitcoinj.utils.BtcFormatTest" time="0.006"/>
  <testcase name="equalityTest[145]" classname="org.bitcoinj.utils.BtcFormatTest" time="0.004"/>
  <testcase name="columnAlignmentTest[145]" classname="org.bitcoinj.utils.BtcFormatTest" time="0.0"/>
  <testcase name="factoryTest[145]" classname="org.bitcoinj.utils.BtcFormatTest" time="0.0"/>
  <testcase name="parse[145]" classname="org.bitcoinj.utils.BtcFormatTest" time="0.001"/>
  <testcase name="btcRounding[145]" classname="org.bitcoinj.utils.BtcFormatTest" time="0.001"/>
  <testcase name="negativeTest[145]" classname="org.bitcoinj.utils.BtcFormatTest" time="0.0">
    <skipped/>
  </testcase>
  <testcase name="millicoinScaleTest[145]" classname="org.bitcoinj.utils.BtcFormatTest" time="0.0"/>
  <testcase name="toStringTest[145]" classname="org.bitcoinj.utils.BtcFormatTest" time="0.0">
    <skipped/>
  </testcase>
  <testcase name="testGrouping[145]" classname="org.bitcoinj.utils.BtcFormatTest" time="0.0"/>
  <testcase name="symbolsCodesTest[145]" classname="org.bitcoinj.utils.BtcFormatTest" time="0.001"/>
  <testcase name="defaultLocaleTest[145]" classname="org.bitcoinj.utils.BtcFormatTest" time="0.0"/>
  <testcase name="parsePositionTest[145]" classname="org.bitcoinj.utils.BtcFormatTest" time="0.001"/>
  <testcase name="argumentTypeTest[145]" classname="org.bitcoinj.utils.BtcFormatTest" time="0.0">
    <skipped/>
  </testcase>
  <testcase name="characterIteratorTest[145]" classname="org.bitcoinj.utils.BtcFormatTest" time="0.0"/>
  <testcase name="repeatingPlaceTest[145]" classname="org.bitcoinj.utils.BtcFormatTest" time="0.001"/>
  <testcase name="currencyCodeTest[145]" classname="org.bitcoinj.utils.BtcFormatTest" time="0.0">
    <skipped/>
  </testcase>
  <testcase name="patternDecimalPlaces[145]" classname="org.bitcoinj.utils.BtcFormatTest" time="0.0"/>
  <testcase name="factoryArgumentsTest[146]" classname="org.bitcoinj.utils.BtcFormatTest" time="0.002"/>
  <testcase name="parseTest[146]" classname="org.bitcoinj.utils.BtcFormatTest" time="0.0">
    <skipped/>
  </testcase>
  <testcase name="microcoinScaleTest[146]" classname="org.bitcoinj.utils.BtcFormatTest" time="0.0"/>
  <testcase name="parseMetricTest[146]" classname="org.bitcoinj.utils.BtcFormatTest" time="0.003"/>
  <testcase name="coinScaleTest[146]" classname="org.bitcoinj.utils.BtcFormatTest" time="0.0"/>
  <testcase name="builderTest[146]" classname="org.bitcoinj.utils.BtcFormatTest" time="0.0">
    <skipped/>
  </testcase>
  <testcase name="attributeTest[146]" classname="org.bitcoinj.utils.BtcFormatTest" time="0.0">
    <skipped/>
  </testcase>
  <testcase name="prefixTest[146]" classname="org.bitcoinj.utils.BtcFormatTest" time="0.001"/>
  <testcase name="suffixTest[146]" classname="org.bitcoinj.utils.BtcFormatTest" time="0.0">
    <skipped/>
  </testcase>
  <testcase name="autoDecimalTest[146]" classname="org.bitcoinj.utils.BtcFormatTest" time="0.001"/>
  <testcase name="symbolCollisionTest[146]" classname="org.bitcoinj.utils.BtcFormatTest" time="0.002"/>
  <testcase name="equalityTest[146]" classname="org.bitcoinj.utils.BtcFormatTest" time="0.003"/>
  <testcase name="columnAlignmentTest[146]" classname="org.bitcoinj.utils.BtcFormatTest" time="0.0"/>
  <testcase name="factoryTest[146]" classname="org.bitcoinj.utils.BtcFormatTest" time="0.001"/>
  <testcase name="parse[146]" classname="org.bitcoinj.utils.BtcFormatTest" time="0.0"/>
  <testcase name="btcRounding[146]" classname="org.bitcoinj.utils.BtcFormatTest" time="0.003"/>
  <testcase name="negativeTest[146]" classname="org.bitcoinj.utils.BtcFormatTest" time="0.0">
    <skipped/>
  </testcase>
  <testcase name="millicoinScaleTest[146]" classname="org.bitcoinj.utils.BtcFormatTest" time="0.0"/>
  <testcase name="toStringTest[146]" classname="org.bitcoinj.utils.BtcFormatTest" time="0.0">
    <skipped/>
  </testcase>
  <testcase name="testGrouping[146]" classname="org.bitcoinj.utils.BtcFormatTest" time="0.0"/>
  <testcase name="symbolsCodesTest[146]" classname="org.bitcoinj.utils.BtcFormatTest" time="0.001"/>
  <testcase name="defaultLocaleTest[146]" classname="org.bitcoinj.utils.BtcFormatTest" time="0.001"/>
  <testcase name="parsePositionTest[146]" classname="org.bitcoinj.utils.BtcFormatTest" time="0.0"/>
  <testcase name="argumentTypeTest[146]" classname="org.bitcoinj.utils.BtcFormatTest" time="0.0">
    <skipped/>
  </testcase>
  <testcase name="characterIteratorTest[146]" classname="org.bitcoinj.utils.BtcFormatTest" time="0.001"/>
  <testcase name="repeatingPlaceTest[146]" classname="org.bitcoinj.utils.BtcFormatTest" time="0.001"/>
  <testcase name="currencyCodeTest[146]" classname="org.bitcoinj.utils.BtcFormatTest" time="0.0">
    <skipped/>
  </testcase>
  <testcase name="patternDecimalPlaces[146]" classname="org.bitcoinj.utils.BtcFormatTest" time="0.0"/>
  <testcase name="factoryArgumentsTest[147]" classname="org.bitcoinj.utils.BtcFormatTest" time="0.002"/>
  <testcase name="parseTest[147]" classname="org.bitcoinj.utils.BtcFormatTest" time="0.0">
    <skipped/>
  </testcase>
  <testcase name="microcoinScaleTest[147]" classname="org.bitcoinj.utils.BtcFormatTest" time="0.0"/>
  <testcase name="parseMetricTest[147]" classname="org.bitcoinj.utils.BtcFormatTest" time="0.002"/>
  <testcase name="coinScaleTest[147]" classname="org.bitcoinj.utils.BtcFormatTest" time="0.0"/>
  <testcase name="builderTest[147]" classname="org.bitcoinj.utils.BtcFormatTest" time="0.0">
    <skipped/>
  </testcase>
  <testcase name="attributeTest[147]" classname="org.bitcoinj.utils.BtcFormatTest" time="0.0">
    <skipped/>
  </testcase>
  <testcase name="prefixTest[147]" classname="org.bitcoinj.utils.BtcFormatTest" time="0.0"/>
  <testcase name="suffixTest[147]" classname="org.bitcoinj.utils.BtcFormatTest" time="0.0">
    <skipped/>
  </testcase>
  <testcase name="autoDecimalTest[147]" classname="org.bitcoinj.utils.BtcFormatTest" time="0.002"/>
  <testcase name="symbolCollisionTest[147]" classname="org.bitcoinj.utils.BtcFormatTest" time="0.003"/>
  <testcase name="equalityTest[147]" classname="org.bitcoinj.utils.BtcFormatTest" time="0.003"/>
  <testcase name="columnAlignmentTest[147]" classname="org.bitcoinj.utils.BtcFormatTest" time="0.0"/>
  <testcase name="factoryTest[147]" classname="org.bitcoinj.utils.BtcFormatTest" time="0.001"/>
  <testcase name="parse[147]" classname="org.bitcoinj.utils.BtcFormatTest" time="0.0"/>
  <testcase name="btcRounding[147]" classname="org.bitcoinj.utils.BtcFormatTest" time="0.002"/>
  <testcase name="negativeTest[147]" classname="org.bitcoinj.utils.BtcFormatTest" time="0.0">
    <skipped/>
  </testcase>
  <testcase name="millicoinScaleTest[147]" classname="org.bitcoinj.utils.BtcFormatTest" time="0.001"/>
  <testcase name="toStringTest[147]" classname="org.bitcoinj.utils.BtcFormatTest" time="0.0">
    <skipped/>
  </testcase>
  <testcase name="testGrouping[147]" classname="org.bitcoinj.utils.BtcFormatTest" time="0.001"/>
  <testcase name="symbolsCodesTest[147]" classname="org.bitcoinj.utils.BtcFormatTest" time="0.001"/>
  <testcase name="defaultLocaleTest[147]" classname="org.bitcoinj.utils.BtcFormatTest" time="0.001"/>
  <testcase name="parsePositionTest[147]" classname="org.bitcoinj.utils.BtcFormatTest" time="0.0"/>
  <testcase name="argumentTypeTest[147]" classname="org.bitcoinj.utils.BtcFormatTest" time="0.0">
    <skipped/>
  </testcase>
  <testcase name="characterIteratorTest[147]" classname="org.bitcoinj.utils.BtcFormatTest" time="0.001"/>
  <testcase name="repeatingPlaceTest[147]" classname="org.bitcoinj.utils.BtcFormatTest" time="0.0"/>
  <testcase name="currencyCodeTest[147]" classname="org.bitcoinj.utils.BtcFormatTest" time="0.0">
    <skipped/>
  </testcase>
  <testcase name="patternDecimalPlaces[147]" classname="org.bitcoinj.utils.BtcFormatTest" time="0.0"/>
  <testcase name="factoryArgumentsTest[148]" classname="org.bitcoinj.utils.BtcFormatTest" time="0.003"/>
  <testcase name="parseTest[148]" classname="org.bitcoinj.utils.BtcFormatTest" time="0.0">
    <skipped/>
  </testcase>
  <testcase name="microcoinScaleTest[148]" classname="org.bitcoinj.utils.BtcFormatTest" time="0.0"/>
  <testcase name="parseMetricTest[148]" classname="org.bitcoinj.utils.BtcFormatTest" time="0.002"/>
  <testcase name="coinScaleTest[148]" classname="org.bitcoinj.utils.BtcFormatTest" time="0.0"/>
  <testcase name="builderTest[148]" classname="org.bitcoinj.utils.BtcFormatTest" time="0.0">
    <skipped/>
  </testcase>
  <testcase name="attributeTest[148]" classname="org.bitcoinj.utils.BtcFormatTest" time="0.0">
    <skipped/>
  </testcase>
  <testcase name="prefixTest[148]" classname="org.bitcoinj.utils.BtcFormatTest" time="0.0"/>
  <testcase name="suffixTest[148]" classname="org.bitcoinj.utils.BtcFormatTest" time="0.0">
    <skipped/>
  </testcase>
  <testcase name="autoDecimalTest[148]" classname="org.bitcoinj.utils.BtcFormatTest" time="0.002"/>
  <testcase name="symbolCollisionTest[148]" classname="org.bitcoinj.utils.BtcFormatTest" time="0.003"/>
  <testcase name="equalityTest[148]" classname="org.bitcoinj.utils.BtcFormatTest" time="0.004"/>
  <testcase name="columnAlignmentTest[148]" classname="org.bitcoinj.utils.BtcFormatTest" time="0.0"/>
  <testcase name="factoryTest[148]" classname="org.bitcoinj.utils.BtcFormatTest" time="0.001"/>
  <testcase name="parse[148]" classname="org.bitcoinj.utils.BtcFormatTest" time="0.0"/>
  <testcase name="btcRounding[148]" classname="org.bitcoinj.utils.BtcFormatTest" time="0.002"/>
  <testcase name="negativeTest[148]" classname="org.bitcoinj.utils.BtcFormatTest" time="0.0">
    <skipped/>
  </testcase>
  <testcase name="millicoinScaleTest[148]" classname="org.bitcoinj.utils.BtcFormatTest" time="0.0"/>
  <testcase name="toStringTest[148]" classname="org.bitcoinj.utils.BtcFormatTest" time="0.0">
    <skipped/>
  </testcase>
  <testcase name="testGrouping[148]" classname="org.bitcoinj.utils.BtcFormatTest" time="0.001"/>
  <testcase name="symbolsCodesTest[148]" classname="org.bitcoinj.utils.BtcFormatTest" time="0.001"/>
  <testcase name="defaultLocaleTest[148]" classname="org.bitcoinj.utils.BtcFormatTest" time="0.0"/>
  <testcase name="parsePositionTest[148]" classname="org.bitcoinj.utils.BtcFormatTest" time="0.0"/>
  <testcase name="argumentTypeTest[148]" classname="org.bitcoinj.utils.BtcFormatTest" time="0.0">
    <skipped/>
  </testcase>
  <testcase name="characterIteratorTest[148]" classname="org.bitcoinj.utils.BtcFormatTest" time="0.001"/>
  <testcase name="repeatingPlaceTest[148]" classname="org.bitcoinj.utils.BtcFormatTest" time="0.0"/>
  <testcase name="currencyCodeTest[148]" classname="org.bitcoinj.utils.BtcFormatTest" time="0.0">
    <skipped/>
  </testcase>
  <testcase name="patternDecimalPlaces[148]" classname="org.bitcoinj.utils.BtcFormatTest" time="0.0"/>
  <testcase name="factoryArgumentsTest[149]" classname="org.bitcoinj.utils.BtcFormatTest" time="0.001"/>
  <testcase name="parseTest[149]" classname="org.bitcoinj.utils.BtcFormatTest" time="0.0">
    <skipped/>
  </testcase>
  <testcase name="microcoinScaleTest[149]" classname="org.bitcoinj.utils.BtcFormatTest" time="0.001"/>
  <testcase name="parseMetricTest[149]" classname="org.bitcoinj.utils.BtcFormatTest" time="0.002"/>
  <testcase name="coinScaleTest[149]" classname="org.bitcoinj.utils.BtcFormatTest" time="0.001"/>
  <testcase name="builderTest[149]" classname="org.bitcoinj.utils.BtcFormatTest" time="0.0">
    <skipped/>
  </testcase>
  <testcase name="attributeTest[149]" classname="org.bitcoinj.utils.BtcFormatTest" time="0.0">
    <skipped/>
  </testcase>
  <testcase name="prefixTest[149]" classname="org.bitcoinj.utils.BtcFormatTest" time="0.0"/>
  <testcase name="suffixTest[149]" classname="org.bitcoinj.utils.BtcFormatTest" time="0.0">
    <skipped/>
  </testcase>
  <testcase name="autoDecimalTest[149]" classname="org.bitcoinj.utils.BtcFormatTest" time="0.002"/>
  <testcase name="symbolCollisionTest[149]" classname="org.bitcoinj.utils.BtcFormatTest" time="0.003"/>
  <testcase name="equalityTest[149]" classname="org.bitcoinj.utils.BtcFormatTest" time="0.003"/>
  <testcase name="columnAlignmentTest[149]" classname="org.bitcoinj.utils.BtcFormatTest" time="0.0"/>
  <testcase name="factoryTest[149]" classname="org.bitcoinj.utils.BtcFormatTest" time="0.001"/>
  <testcase name="parse[149]" classname="org.bitcoinj.utils.BtcFormatTest" time="0.0"/>
  <testcase name="btcRounding[149]" classname="org.bitcoinj.utils.BtcFormatTest" time="0.002"/>
  <testcase name="negativeTest[149]" classname="org.bitcoinj.utils.BtcFormatTest" time="0.0">
    <skipped/>
  </testcase>
  <testcase name="millicoinScaleTest[149]" classname="org.bitcoinj.utils.BtcFormatTest" time="0.0"/>
  <testcase name="toStringTest[149]" classname="org.bitcoinj.utils.BtcFormatTest" time="0.0">
    <skipped/>
  </testcase>
  <testcase name="testGrouping[149]" classname="org.bitcoinj.utils.BtcFormatTest" time="0.001"/>
  <testcase name="symbolsCodesTest[149]" classname="org.bitcoinj.utils.BtcFormatTest" time="0.001"/>
  <testcase name="defaultLocaleTest[149]" classname="org.bitcoinj.utils.BtcFormatTest" time="0.0"/>
  <testcase name="parsePositionTest[149]" classname="org.bitcoinj.utils.BtcFormatTest" time="0.001"/>
  <testcase name="argumentTypeTest[149]" classname="org.bitcoinj.utils.BtcFormatTest" time="0.0">
    <skipped/>
  </testcase>
  <testcase name="characterIteratorTest[149]" classname="org.bitcoinj.utils.BtcFormatTest" time="0.0"/>
  <testcase name="repeatingPlaceTest[149]" classname="org.bitcoinj.utils.BtcFormatTest" time="0.001"/>
  <testcase name="currencyCodeTest[149]" classname="org.bitcoinj.utils.BtcFormatTest" time="0.0">
    <skipped/>
  </testcase>
  <testcase name="patternDecimalPlaces[149]" classname="org.bitcoinj.utils.BtcFormatTest" time="0.0"/>
  <testcase name="factoryArgumentsTest[150]" classname="org.bitcoinj.utils.BtcFormatTest" time="0.003"/>
  <testcase name="parseTest[150]" classname="org.bitcoinj.utils.BtcFormatTest" time="0.0">
    <skipped/>
  </testcase>
  <testcase name="microcoinScaleTest[150]" classname="org.bitcoinj.utils.BtcFormatTest" time="0.0"/>
  <testcase name="parseMetricTest[150]" classname="org.bitcoinj.utils.BtcFormatTest" time="0.002"/>
  <testcase name="coinScaleTest[150]" classname="org.bitcoinj.utils.BtcFormatTest" time="0.0"/>
  <testcase name="builderTest[150]" classname="org.bitcoinj.utils.BtcFormatTest" time="0.0">
    <skipped/>
  </testcase>
  <testcase name="attributeTest[150]" classname="org.bitcoinj.utils.BtcFormatTest" time="0.0">
    <skipped/>
  </testcase>
  <testcase name="prefixTest[150]" classname="org.bitcoinj.utils.BtcFormatTest" time="0.001"/>
  <testcase name="suffixTest[150]" classname="org.bitcoinj.utils.BtcFormatTest" time="0.0">
    <skipped/>
  </testcase>
  <testcase name="autoDecimalTest[150]" classname="org.bitcoinj.utils.BtcFormatTest" time="0.001"/>
  <testcase name="symbolCollisionTest[150]" classname="org.bitcoinj.utils.BtcFormatTest" time="0.003"/>
  <testcase name="equalityTest[150]" classname="org.bitcoinj.utils.BtcFormatTest" time="0.003"/>
  <testcase name="columnAlignmentTest[150]" classname="org.bitcoinj.utils.BtcFormatTest" time="0.0"/>
  <testcase name="factoryTest[150]" classname="org.bitcoinj.utils.BtcFormatTest" time="0.001"/>
  <testcase name="parse[150]" classname="org.bitcoinj.utils.BtcFormatTest" time="0.0"/>
  <testcase name="btcRounding[150]" classname="org.bitcoinj.utils.BtcFormatTest" time="0.002"/>
  <testcase name="negativeTest[150]" classname="org.bitcoinj.utils.BtcFormatTest" time="0.0">
    <skipped/>
  </testcase>
  <testcase name="millicoinScaleTest[150]" classname="org.bitcoinj.utils.BtcFormatTest" time="0.0"/>
  <testcase name="toStringTest[150]" classname="org.bitcoinj.utils.BtcFormatTest" time="0.0">
    <skipped/>
  </testcase>
  <testcase name="testGrouping[150]" classname="org.bitcoinj.utils.BtcFormatTest" time="0.0"/>
  <testcase name="symbolsCodesTest[150]" classname="org.bitcoinj.utils.BtcFormatTest" time="0.001"/>
  <testcase name="defaultLocaleTest[150]" classname="org.bitcoinj.utils.BtcFormatTest" time="0.0"/>
  <testcase name="parsePositionTest[150]" classname="org.bitcoinj.utils.BtcFormatTest" time="0.001"/>
  <testcase name="argumentTypeTest[150]" classname="org.bitcoinj.utils.BtcFormatTest" time="0.0">
    <skipped/>
  </testcase>
  <testcase name="characterIteratorTest[150]" classname="org.bitcoinj.utils.BtcFormatTest" time="0.001"/>
  <testcase name="repeatingPlaceTest[150]" classname="org.bitcoinj.utils.BtcFormatTest" time="0.0"/>
  <testcase name="currencyCodeTest[150]" classname="org.bitcoinj.utils.BtcFormatTest" time="0.0">
    <skipped/>
  </testcase>
  <testcase name="patternDecimalPlaces[150]" classname="org.bitcoinj.utils.BtcFormatTest" time="0.0"/>
  <testcase name="factoryArgumentsTest[151]" classname="org.bitcoinj.utils.BtcFormatTest" time="0.002"/>
  <testcase name="parseTest[151]" classname="org.bitcoinj.utils.BtcFormatTest" time="0.0">
    <skipped/>
  </testcase>
  <testcase name="microcoinScaleTest[151]" classname="org.bitcoinj.utils.BtcFormatTest" time="0.0"/>
  <testcase name="parseMetricTest[151]" classname="org.bitcoinj.utils.BtcFormatTest" time="0.002"/>
  <testcase name="coinScaleTest[151]" classname="org.bitcoinj.utils.BtcFormatTest" time="0.0"/>
  <testcase name="builderTest[151]" classname="org.bitcoinj.utils.BtcFormatTest" time="0.0">
    <skipped/>
  </testcase>
  <testcase name="attributeTest[151]" classname="org.bitcoinj.utils.BtcFormatTest" time="0.0">
    <skipped/>
  </testcase>
  <testcase name="prefixTest[151]" classname="org.bitcoinj.utils.BtcFormatTest" time="0.001"/>
  <testcase name="suffixTest[151]" classname="org.bitcoinj.utils.BtcFormatTest" time="0.0">
    <skipped/>
  </testcase>
  <testcase name="autoDecimalTest[151]" classname="org.bitcoinj.utils.BtcFormatTest" time="0.001"/>
  <testcase name="symbolCollisionTest[151]" classname="org.bitcoinj.utils.BtcFormatTest" time="0.003"/>
  <testcase name="equalityTest[151]" classname="org.bitcoinj.utils.BtcFormatTest" time="0.003"/>
  <testcase name="columnAlignmentTest[151]" classname="org.bitcoinj.utils.BtcFormatTest" time="0.001"/>
  <testcase name="factoryTest[151]" classname="org.bitcoinj.utils.BtcFormatTest" time="0.001"/>
  <testcase name="parse[151]" classname="org.bitcoinj.utils.BtcFormatTest" time="0.0"/>
  <testcase name="btcRounding[151]" classname="org.bitcoinj.utils.BtcFormatTest" time="0.002"/>
  <testcase name="negativeTest[151]" classname="org.bitcoinj.utils.BtcFormatTest" time="0.0">
    <skipped/>
  </testcase>
  <testcase name="millicoinScaleTest[151]" classname="org.bitcoinj.utils.BtcFormatTest" time="0.0"/>
  <testcase name="toStringTest[151]" classname="org.bitcoinj.utils.BtcFormatTest" time="0.0">
    <skipped/>
  </testcase>
  <testcase name="testGrouping[151]" classname="org.bitcoinj.utils.BtcFormatTest" time="0.001"/>
  <testcase name="symbolsCodesTest[151]" classname="org.bitcoinj.utils.BtcFormatTest" time="0.001"/>
  <testcase name="defaultLocaleTest[151]" classname="org.bitcoinj.utils.BtcFormatTest" time="0.0"/>
  <testcase name="parsePositionTest[151]" classname="org.bitcoinj.utils.BtcFormatTest" time="0.0"/>
  <testcase name="argumentTypeTest[151]" classname="org.bitcoinj.utils.BtcFormatTest" time="0.0">
    <skipped/>
  </testcase>
  <testcase name="characterIteratorTest[151]" classname="org.bitcoinj.utils.BtcFormatTest" time="0.001"/>
  <testcase name="repeatingPlaceTest[151]" classname="org.bitcoinj.utils.BtcFormatTest" time="0.0"/>
  <testcase name="currencyCodeTest[151]" classname="org.bitcoinj.utils.BtcFormatTest" time="0.0">
    <skipped/>
  </testcase>
  <testcase name="patternDecimalPlaces[151]" classname="org.bitcoinj.utils.BtcFormatTest" time="0.0"/>
  <testcase name="factoryArgumentsTest[152]" classname="org.bitcoinj.utils.BtcFormatTest" time="0.001"/>
  <testcase name="parseTest[152]" classname="org.bitcoinj.utils.BtcFormatTest" time="0.0">
    <skipped/>
  </testcase>
  <testcase name="microcoinScaleTest[152]" classname="org.bitcoinj.utils.BtcFormatTest" time="0.0"/>
  <testcase name="parseMetricTest[152]" classname="org.bitcoinj.utils.BtcFormatTest" time="0.002"/>
  <testcase name="coinScaleTest[152]" classname="org.bitcoinj.utils.BtcFormatTest" time="0.0"/>
  <testcase name="builderTest[152]" classname="org.bitcoinj.utils.BtcFormatTest" time="0.0">
    <skipped/>
  </testcase>
  <testcase name="attributeTest[152]" classname="org.bitcoinj.utils.BtcFormatTest" time="0.0">
    <skipped/>
  </testcase>
  <testcase name="prefixTest[152]" classname="org.bitcoinj.utils.BtcFormatTest" time="0.0"/>
  <testcase name="suffixTest[152]" classname="org.bitcoinj.utils.BtcFormatTest" time="0.0">
    <skipped/>
  </testcase>
  <testcase name="autoDecimalTest[152]" classname="org.bitcoinj.utils.BtcFormatTest" time="0.002"/>
  <testcase name="symbolCollisionTest[152]" classname="org.bitcoinj.utils.BtcFormatTest" time="0.002"/>
  <testcase name="equalityTest[152]" classname="org.bitcoinj.utils.BtcFormatTest" time="0.003"/>
  <testcase name="columnAlignmentTest[152]" classname="org.bitcoinj.utils.BtcFormatTest" time="0.0"/>
  <testcase name="factoryTest[152]" classname="org.bitcoinj.utils.BtcFormatTest" time="0.001"/>
  <testcase name="parse[152]" classname="org.bitcoinj.utils.BtcFormatTest" time="0.0"/>
  <testcase name="btcRounding[152]" classname="org.bitcoinj.utils.BtcFormatTest" time="0.002"/>
  <testcase name="negativeTest[152]" classname="org.bitcoinj.utils.BtcFormatTest" time="0.0">
    <skipped/>
  </testcase>
  <testcase name="millicoinScaleTest[152]" classname="org.bitcoinj.utils.BtcFormatTest" time="0.001"/>
  <testcase name="toStringTest[152]" classname="org.bitcoinj.utils.BtcFormatTest" time="0.0">
    <skipped/>
  </testcase>
  <testcase name="testGrouping[152]" classname="org.bitcoinj.utils.BtcFormatTest" time="0.0"/>
  <testcase name="symbolsCodesTest[152]" classname="org.bitcoinj.utils.BtcFormatTest" time="0.001"/>
  <testcase name="defaultLocaleTest[152]" classname="org.bitcoinj.utils.BtcFormatTest" time="0.0"/>
  <testcase name="parsePositionTest[152]" classname="org.bitcoinj.utils.BtcFormatTest" time="0.001"/>
  <testcase name="argumentTypeTest[152]" classname="org.bitcoinj.utils.BtcFormatTest" time="0.0">
    <skipped/>
  </testcase>
  <testcase name="characterIteratorTest[152]" classname="org.bitcoinj.utils.BtcFormatTest" time="0.0"/>
  <testcase name="repeatingPlaceTest[152]" classname="org.bitcoinj.utils.BtcFormatTest" time="0.001"/>
  <testcase name="currencyCodeTest[152]" classname="org.bitcoinj.utils.BtcFormatTest" time="0.0">
    <skipped/>
  </testcase>
  <testcase name="patternDecimalPlaces[152]" classname="org.bitcoinj.utils.BtcFormatTest" time="0.0"/>
  <testcase name="factoryArgumentsTest[153]" classname="org.bitcoinj.utils.BtcFormatTest" time="0.001"/>
  <testcase name="parseTest[153]" classname="org.bitcoinj.utils.BtcFormatTest" time="0.0">
    <skipped/>
  </testcase>
  <testcase name="microcoinScaleTest[153]" classname="org.bitcoinj.utils.BtcFormatTest" time="0.0"/>
  <testcase name="parseMetricTest[153]" classname="org.bitcoinj.utils.BtcFormatTest" time="0.002"/>
  <testcase name="coinScaleTest[153]" classname="org.bitcoinj.utils.BtcFormatTest" time="0.0"/>
  <testcase name="builderTest[153]" classname="org.bitcoinj.utils.BtcFormatTest" time="0.0">
    <skipped/>
  </testcase>
  <testcase name="attributeTest[153]" classname="org.bitcoinj.utils.BtcFormatTest" time="0.0">
    <skipped/>
  </testcase>
  <testcase name="prefixTest[153]" classname="org.bitcoinj.utils.BtcFormatTest" time="0.0"/>
  <testcase name="suffixTest[153]" classname="org.bitcoinj.utils.BtcFormatTest" time="0.0">
    <skipped/>
  </testcase>
  <testcase name="autoDecimalTest[153]" classname="org.bitcoinj.utils.BtcFormatTest" time="0.002"/>
  <testcase name="symbolCollisionTest[153]" classname="org.bitcoinj.utils.BtcFormatTest" time="0.003"/>
  <testcase name="equalityTest[153]" classname="org.bitcoinj.utils.BtcFormatTest" time="0.004"/>
  <testcase name="columnAlignmentTest[153]" classname="org.bitcoinj.utils.BtcFormatTest" time="0.001"/>
  <testcase name="factoryTest[153]" classname="org.bitcoinj.utils.BtcFormatTest" time="0.0"/>
  <testcase name="parse[153]" classname="org.bitcoinj.utils.BtcFormatTest" time="0.0"/>
  <testcase name="btcRounding[153]" classname="org.bitcoinj.utils.BtcFormatTest" time="0.003"/>
  <testcase name="negativeTest[153]" classname="org.bitcoinj.utils.BtcFormatTest" time="0.0">
    <skipped/>
  </testcase>
  <testcase name="millicoinScaleTest[153]" classname="org.bitcoinj.utils.BtcFormatTest" time="0.0"/>
  <testcase name="toStringTest[153]" classname="org.bitcoinj.utils.BtcFormatTest" time="0.0">
    <skipped/>
  </testcase>
  <testcase name="testGrouping[153]" classname="org.bitcoinj.utils.BtcFormatTest" time="0.001"/>
  <testcase name="symbolsCodesTest[153]" classname="org.bitcoinj.utils.BtcFormatTest" time="0.001"/>
  <testcase name="defaultLocaleTest[153]" classname="org.bitcoinj.utils.BtcFormatTest" time="0.0"/>
  <testcase name="parsePositionTest[153]" classname="org.bitcoinj.utils.BtcFormatTest" time="0.0"/>
  <testcase name="argumentTypeTest[153]" classname="org.bitcoinj.utils.BtcFormatTest" time="0.0">
    <skipped/>
  </testcase>
  <testcase name="characterIteratorTest[153]" classname="org.bitcoinj.utils.BtcFormatTest" time="0.001"/>
  <testcase name="repeatingPlaceTest[153]" classname="org.bitcoinj.utils.BtcFormatTest" time="0.0"/>
  <testcase name="currencyCodeTest[153]" classname="org.bitcoinj.utils.BtcFormatTest" time="0.0">
    <skipped/>
  </testcase>
  <testcase name="patternDecimalPlaces[153]" classname="org.bitcoinj.utils.BtcFormatTest" time="0.0"/>
  <testcase name="factoryArgumentsTest[154]" classname="org.bitcoinj.utils.BtcFormatTest" time="0.001"/>
  <testcase name="parseTest[154]" classname="org.bitcoinj.utils.BtcFormatTest" time="0.0">
    <skipped/>
  </testcase>
  <testcase name="microcoinScaleTest[154]" classname="org.bitcoinj.utils.BtcFormatTest" time="0.001"/>
  <testcase name="parseMetricTest[154]" classname="org.bitcoinj.utils.BtcFormatTest" time="0.001"/>
  <testcase name="coinScaleTest[154]" classname="org.bitcoinj.utils.BtcFormatTest" time="0.0"/>
  <testcase name="builderTest[154]" classname="org.bitcoinj.utils.BtcFormatTest" time="0.0">
    <skipped/>
  </testcase>
  <testcase name="attributeTest[154]" classname="org.bitcoinj.utils.BtcFormatTest" time="0.0">
    <skipped/>
  </testcase>
  <testcase name="prefixTest[154]" classname="org.bitcoinj.utils.BtcFormatTest" time="0.001"/>
  <testcase name="suffixTest[154]" classname="org.bitcoinj.utils.BtcFormatTest" time="0.001">
    <skipped/>
  </testcase>
  <testcase name="autoDecimalTest[154]" classname="org.bitcoinj.utils.BtcFormatTest" time="0.002"/>
  <testcase name="symbolCollisionTest[154]" classname="org.bitcoinj.utils.BtcFormatTest" time="0.004"/>
  <testcase name="equalityTest[154]" classname="org.bitcoinj.utils.BtcFormatTest" time="0.004"/>
  <testcase name="columnAlignmentTest[154]" classname="org.bitcoinj.utils.BtcFormatTest" time="0.0"/>
  <testcase name="factoryTest[154]" classname="org.bitcoinj.utils.BtcFormatTest" time="0.001"/>
  <testcase name="parse[154]" classname="org.bitcoinj.utils.BtcFormatTest" time="0.0"/>
  <testcase name="btcRounding[154]" classname="org.bitcoinj.utils.BtcFormatTest" time="0.002"/>
  <testcase name="negativeTest[154]" classname="org.bitcoinj.utils.BtcFormatTest" time="0.0">
    <skipped/>
  </testcase>
  <testcase name="millicoinScaleTest[154]" classname="org.bitcoinj.utils.BtcFormatTest" time="0.0"/>
  <testcase name="toStringTest[154]" classname="org.bitcoinj.utils.BtcFormatTest" time="0.0">
    <skipped/>
  </testcase>
  <testcase name="testGrouping[154]" classname="org.bitcoinj.utils.BtcFormatTest" time="0.001"/>
  <testcase name="symbolsCodesTest[154]" classname="org.bitcoinj.utils.BtcFormatTest" time="0.001"/>
  <testcase name="defaultLocaleTest[154]" classname="org.bitcoinj.utils.BtcFormatTest" time="0.0"/>
  <testcase name="parsePositionTest[154]" classname="org.bitcoinj.utils.BtcFormatTest" time="0.001"/>
  <testcase name="argumentTypeTest[154]" classname="org.bitcoinj.utils.BtcFormatTest" time="0.0">
    <skipped/>
  </testcase>
  <testcase name="characterIteratorTest[154]" classname="org.bitcoinj.utils.BtcFormatTest" time="0.0"/>
  <testcase name="repeatingPlaceTest[154]" classname="org.bitcoinj.utils.BtcFormatTest" time="0.001"/>
  <testcase name="currencyCodeTest[154]" classname="org.bitcoinj.utils.BtcFormatTest" time="0.0">
    <skipped/>
  </testcase>
  <testcase name="patternDecimalPlaces[154]" classname="org.bitcoinj.utils.BtcFormatTest" time="0.0"/>
  <testcase name="factoryArgumentsTest[155]" classname="org.bitcoinj.utils.BtcFormatTest" time="0.004"/>
  <testcase name="parseTest[155]" classname="org.bitcoinj.utils.BtcFormatTest" time="0.0">
    <skipped/>
  </testcase>
  <testcase name="microcoinScaleTest[155]" classname="org.bitcoinj.utils.BtcFormatTest" time="0.0"/>
  <testcase name="parseMetricTest[155]" classname="org.bitcoinj.utils.BtcFormatTest" time="0.003"/>
  <testcase name="coinScaleTest[155]" classname="org.bitcoinj.utils.BtcFormatTest" time="0.0"/>
  <testcase name="builderTest[155]" classname="org.bitcoinj.utils.BtcFormatTest" time="0.0">
    <skipped/>
  </testcase>
  <testcase name="attributeTest[155]" classname="org.bitcoinj.utils.BtcFormatTest" time="0.0">
    <skipped/>
  </testcase>
  <testcase name="prefixTest[155]" classname="org.bitcoinj.utils.BtcFormatTest" time="0.0"/>
  <testcase name="suffixTest[155]" classname="org.bitcoinj.utils.BtcFormatTest" time="0.0">
    <skipped/>
  </testcase>
  <testcase name="autoDecimalTest[155]" classname="org.bitcoinj.utils.BtcFormatTest" time="0.002"/>
  <testcase name="symbolCollisionTest[155]" classname="org.bitcoinj.utils.BtcFormatTest" time="0.003"/>
  <testcase name="equalityTest[155]" classname="org.bitcoinj.utils.BtcFormatTest" time="0.003"/>
  <testcase name="columnAlignmentTest[155]" classname="org.bitcoinj.utils.BtcFormatTest" time="0.0"/>
  <testcase name="factoryTest[155]" classname="org.bitcoinj.utils.BtcFormatTest" time="0.0"/>
  <testcase name="parse[155]" classname="org.bitcoinj.utils.BtcFormatTest" time="0.001"/>
  <testcase name="btcRounding[155]" classname="org.bitcoinj.utils.BtcFormatTest" time="0.001"/>
  <testcase name="negativeTest[155]" classname="org.bitcoinj.utils.BtcFormatTest" time="0.0">
    <skipped/>
  </testcase>
  <testcase name="millicoinScaleTest[155]" classname="org.bitcoinj.utils.BtcFormatTest" time="0.0"/>
  <testcase name="toStringTest[155]" classname="org.bitcoinj.utils.BtcFormatTest" time="0.0">
    <skipped/>
  </testcase>
  <testcase name="testGrouping[155]" classname="org.bitcoinj.utils.BtcFormatTest" time="0.001"/>
  <testcase name="symbolsCodesTest[155]" classname="org.bitcoinj.utils.BtcFormatTest" time="0.001"/>
  <testcase name="defaultLocaleTest[155]" classname="org.bitcoinj.utils.BtcFormatTest" time="0.0"/>
  <testcase name="parsePositionTest[155]" classname="org.bitcoinj.utils.BtcFormatTest" time="0.001"/>
  <testcase name="argumentTypeTest[155]" classname="org.bitcoinj.utils.BtcFormatTest" time="0.0">
    <skipped/>
  </testcase>
  <testcase name="characterIteratorTest[155]" classname="org.bitcoinj.utils.BtcFormatTest" time="0.0"/>
  <testcase name="repeatingPlaceTest[155]" classname="org.bitcoinj.utils.BtcFormatTest" time="0.001"/>
  <testcase name="currencyCodeTest[155]" classname="org.bitcoinj.utils.BtcFormatTest" time="0.0">
    <skipped/>
  </testcase>
  <testcase name="patternDecimalPlaces[155]" classname="org.bitcoinj.utils.BtcFormatTest" time="0.0"/>
  <testcase name="factoryArgumentsTest[156]" classname="org.bitcoinj.utils.BtcFormatTest" time="0.002"/>
  <testcase name="parseTest[156]" classname="org.bitcoinj.utils.BtcFormatTest" time="0.0">
    <skipped/>
  </testcase>
  <testcase name="microcoinScaleTest[156]" classname="org.bitcoinj.utils.BtcFormatTest" time="0.0"/>
  <testcase name="parseMetricTest[156]" classname="org.bitcoinj.utils.BtcFormatTest" time="0.001"/>
  <testcase name="coinScaleTest[156]" classname="org.bitcoinj.utils.BtcFormatTest" time="0.0"/>
  <testcase name="builderTest[156]" classname="org.bitcoinj.utils.BtcFormatTest" time="0.0">
    <skipped/>
  </testcase>
  <testcase name="attributeTest[156]" classname="org.bitcoinj.utils.BtcFormatTest" time="0.0">
    <skipped/>
  </testcase>
  <testcase name="prefixTest[156]" classname="org.bitcoinj.utils.BtcFormatTest" time="0.001"/>
  <testcase name="suffixTest[156]" classname="org.bitcoinj.utils.BtcFormatTest" time="0.0">
    <skipped/>
  </testcase>
  <testcase name="autoDecimalTest[156]" classname="org.bitcoinj.utils.BtcFormatTest" time="0.001"/>
  <testcase name="symbolCollisionTest[156]" classname="org.bitcoinj.utils.BtcFormatTest" time="0.003"/>
  <testcase name="equalityTest[156]" classname="org.bitcoinj.utils.BtcFormatTest" time="0.002"/>
  <testcase name="columnAlignmentTest[156]" classname="org.bitcoinj.utils.BtcFormatTest" time="0.0"/>
  <testcase name="factoryTest[156]" classname="org.bitcoinj.utils.BtcFormatTest" time="0.001"/>
  <testcase name="parse[156]" classname="org.bitcoinj.utils.BtcFormatTest" time="0.0"/>
  <testcase name="btcRounding[156]" classname="org.bitcoinj.utils.BtcFormatTest" time="0.002"/>
  <testcase name="negativeTest[156]" classname="org.bitcoinj.utils.BtcFormatTest" time="0.0">
    <skipped/>
  </testcase>
  <testcase name="millicoinScaleTest[156]" classname="org.bitcoinj.utils.BtcFormatTest" time="0.0"/>
  <testcase name="toStringTest[156]" classname="org.bitcoinj.utils.BtcFormatTest" time="0.0">
    <skipped/>
  </testcase>
  <testcase name="testGrouping[156]" classname="org.bitcoinj.utils.BtcFormatTest" time="0.0"/>
  <testcase name="symbolsCodesTest[156]" classname="org.bitcoinj.utils.BtcFormatTest" time="0.001"/>
  <testcase name="defaultLocaleTest[156]" classname="org.bitcoinj.utils.BtcFormatTest" time="0.001"/>
  <testcase name="parsePositionTest[156]" classname="org.bitcoinj.utils.BtcFormatTest" time="0.0"/>
  <testcase name="argumentTypeTest[156]" classname="org.bitcoinj.utils.BtcFormatTest" time="0.0">
    <skipped/>
  </testcase>
  <testcase name="characterIteratorTest[156]" classname="org.bitcoinj.utils.BtcFormatTest" time="0.001"/>
  <testcase name="repeatingPlaceTest[156]" classname="org.bitcoinj.utils.BtcFormatTest" time="0.0"/>
  <testcase name="currencyCodeTest[156]" classname="org.bitcoinj.utils.BtcFormatTest" time="0.0">
    <skipped/>
  </testcase>
  <testcase name="patternDecimalPlaces[156]" classname="org.bitcoinj.utils.BtcFormatTest" time="0.0"/>
  <testcase name="factoryArgumentsTest[157]" classname="org.bitcoinj.utils.BtcFormatTest" time="0.002"/>
  <testcase name="parseTest[157]" classname="org.bitcoinj.utils.BtcFormatTest" time="0.0">
    <skipped/>
  </testcase>
  <testcase name="microcoinScaleTest[157]" classname="org.bitcoinj.utils.BtcFormatTest" time="0.0"/>
  <testcase name="parseMetricTest[157]" classname="org.bitcoinj.utils.BtcFormatTest" time="0.002"/>
  <testcase name="coinScaleTest[157]" classname="org.bitcoinj.utils.BtcFormatTest" time="0.0"/>
  <testcase name="builderTest[157]" classname="org.bitcoinj.utils.BtcFormatTest" time="0.0">
    <skipped/>
  </testcase>
  <testcase name="attributeTest[157]" classname="org.bitcoinj.utils.BtcFormatTest" time="0.0">
    <skipped/>
  </testcase>
  <testcase name="prefixTest[157]" classname="org.bitcoinj.utils.BtcFormatTest" time="0.001"/>
  <testcase name="suffixTest[157]" classname="org.bitcoinj.utils.BtcFormatTest" time="0.0">
    <skipped/>
  </testcase>
  <testcase name="autoDecimalTest[157]" classname="org.bitcoinj.utils.BtcFormatTest" time="0.001"/>
  <testcase name="symbolCollisionTest[157]" classname="org.bitcoinj.utils.BtcFormatTest" time="0.004"/>
  <testcase name="equalityTest[157]" classname="org.bitcoinj.utils.BtcFormatTest" time="0.012"/>
  <testcase name="columnAlignmentTest[157]" classname="org.bitcoinj.utils.BtcFormatTest" time="0.001"/>
  <testcase name="factoryTest[157]" classname="org.bitcoinj.utils.BtcFormatTest" time="0.001"/>
  <testcase name="parse[157]" classname="org.bitcoinj.utils.BtcFormatTest" time="0.001"/>
  <testcase name="btcRounding[157]" classname="org.bitcoinj.utils.BtcFormatTest" time="0.003"/>
  <testcase name="negativeTest[157]" classname="org.bitcoinj.utils.BtcFormatTest" time="0.0">
    <skipped/>
  </testcase>
  <testcase name="millicoinScaleTest[157]" classname="org.bitcoinj.utils.BtcFormatTest" time="0.001"/>
  <testcase name="toStringTest[157]" classname="org.bitcoinj.utils.BtcFormatTest" time="0.0">
    <skipped/>
  </testcase>
  <testcase name="testGrouping[157]" classname="org.bitcoinj.utils.BtcFormatTest" time="0.0"/>
  <testcase name="symbolsCodesTest[157]" classname="org.bitcoinj.utils.BtcFormatTest" time="0.002"/>
  <testcase name="defaultLocaleTest[157]" classname="org.bitcoinj.utils.BtcFormatTest" time="0.0"/>
  <testcase name="parsePositionTest[157]" classname="org.bitcoinj.utils.BtcFormatTest" time="0.001"/>
  <testcase name="argumentTypeTest[157]" classname="org.bitcoinj.utils.BtcFormatTest" time="0.0">
    <skipped/>
  </testcase>
  <testcase name="characterIteratorTest[157]" classname="org.bitcoinj.utils.BtcFormatTest" time="0.0"/>
  <testcase name="repeatingPlaceTest[157]" classname="org.bitcoinj.utils.BtcFormatTest" time="0.0"/>
  <testcase name="currencyCodeTest[157]" classname="org.bitcoinj.utils.BtcFormatTest" time="0.0">
    <skipped/>
  </testcase>
  <testcase name="patternDecimalPlaces[157]" classname="org.bitcoinj.utils.BtcFormatTest" time="0.001"/>
  <testcase name="factoryArgumentsTest[158]" classname="org.bitcoinj.utils.BtcFormatTest" time="0.001"/>
  <testcase name="parseTest[158]" classname="org.bitcoinj.utils.BtcFormatTest" time="0.0">
    <skipped/>
  </testcase>
  <testcase name="microcoinScaleTest[158]" classname="org.bitcoinj.utils.BtcFormatTest" time="0.0"/>
  <testcase name="parseMetricTest[158]" classname="org.bitcoinj.utils.BtcFormatTest" time="0.002"/>
  <testcase name="coinScaleTest[158]" classname="org.bitcoinj.utils.BtcFormatTest" time="0.0"/>
  <testcase name="builderTest[158]" classname="org.bitcoinj.utils.BtcFormatTest" time="0.0">
    <skipped/>
  </testcase>
  <testcase name="attributeTest[158]" classname="org.bitcoinj.utils.BtcFormatTest" time="0.0">
    <skipped/>
  </testcase>
  <testcase name="prefixTest[158]" classname="org.bitcoinj.utils.BtcFormatTest" time="0.0"/>
  <testcase name="suffixTest[158]" classname="org.bitcoinj.utils.BtcFormatTest" time="0.0">
    <skipped/>
  </testcase>
  <testcase name="autoDecimalTest[158]" classname="org.bitcoinj.utils.BtcFormatTest" time="0.001"/>
  <testcase name="symbolCollisionTest[158]" classname="org.bitcoinj.utils.BtcFormatTest" time="0.004"/>
  <testcase name="equalityTest[158]" classname="org.bitcoinj.utils.BtcFormatTest" time="0.002"/>
  <testcase name="columnAlignmentTest[158]" classname="org.bitcoinj.utils.BtcFormatTest" time="0.001"/>
  <testcase name="factoryTest[158]" classname="org.bitcoinj.utils.BtcFormatTest" time="0.001"/>
  <testcase name="parse[158]" classname="org.bitcoinj.utils.BtcFormatTest" time="0.0"/>
  <testcase name="btcRounding[158]" classname="org.bitcoinj.utils.BtcFormatTest" time="0.002"/>
  <testcase name="negativeTest[158]" classname="org.bitcoinj.utils.BtcFormatTest" time="0.001">
    <skipped/>
  </testcase>
  <testcase name="millicoinScaleTest[158]" classname="org.bitcoinj.utils.BtcFormatTest" time="0.0"/>
  <testcase name="toStringTest[158]" classname="org.bitcoinj.utils.BtcFormatTest" time="0.0">
    <skipped/>
  </testcase>
  <testcase name="testGrouping[158]" classname="org.bitcoinj.utils.BtcFormatTest" time="0.0"/>
  <testcase name="symbolsCodesTest[158]" classname="org.bitcoinj.utils.BtcFormatTest" time="0.001"/>
  <testcase name="defaultLocaleTest[158]" classname="org.bitcoinj.utils.BtcFormatTest" time="0.001"/>
  <testcase name="parsePositionTest[158]" classname="org.bitcoinj.utils.BtcFormatTest" time="0.0"/>
  <testcase name="argumentTypeTest[158]" classname="org.bitcoinj.utils.BtcFormatTest" time="0.0">
    <skipped/>
  </testcase>
  <testcase name="characterIteratorTest[158]" classname="org.bitcoinj.utils.BtcFormatTest" time="0.001"/>
  <testcase name="repeatingPlaceTest[158]" classname="org.bitcoinj.utils.BtcFormatTest" time="0.0"/>
  <testcase name="currencyCodeTest[158]" classname="org.bitcoinj.utils.BtcFormatTest" time="0.0">
    <skipped/>
  </testcase>
  <testcase name="patternDecimalPlaces[158]" classname="org.bitcoinj.utils.BtcFormatTest" time="0.0"/>
  <testcase name="factoryArgumentsTest[159]" classname="org.bitcoinj.utils.BtcFormatTest" time="0.002"/>
  <testcase name="parseTest[159]" classname="org.bitcoinj.utils.BtcFormatTest" time="0.0">
    <skipped/>
  </testcase>
  <testcase name="microcoinScaleTest[159]" classname="org.bitcoinj.utils.BtcFormatTest" time="0.0"/>
  <testcase name="parseMetricTest[159]" classname="org.bitcoinj.utils.BtcFormatTest" time="0.001"/>
  <testcase name="coinScaleTest[159]" classname="org.bitcoinj.utils.BtcFormatTest" time="0.001"/>
  <testcase name="builderTest[159]" classname="org.bitcoinj.utils.BtcFormatTest" time="0.0">
    <skipped/>
  </testcase>
  <testcase name="attributeTest[159]" classname="org.bitcoinj.utils.BtcFormatTest" time="0.0">
    <skipped/>
  </testcase>
  <testcase name="prefixTest[159]" classname="org.bitcoinj.utils.BtcFormatTest" time="0.0"/>
  <testcase name="suffixTest[159]" classname="org.bitcoinj.utils.BtcFormatTest" time="0.0">
    <skipped/>
  </testcase>
  <testcase name="autoDecimalTest[159]" classname="org.bitcoinj.utils.BtcFormatTest" time="0.001"/>
  <testcase name="symbolCollisionTest[159]" classname="org.bitcoinj.utils.BtcFormatTest" time="0.002"/>
  <testcase name="equalityTest[159]" classname="org.bitcoinj.utils.BtcFormatTest" time="0.002"/>
  <testcase name="columnAlignmentTest[159]" classname="org.bitcoinj.utils.BtcFormatTest" time="0.001"/>
  <testcase name="factoryTest[159]" classname="org.bitcoinj.utils.BtcFormatTest" time="0.0"/>
  <testcase name="parse[159]" classname="org.bitcoinj.utils.BtcFormatTest" time="0.001"/>
  <testcase name="btcRounding[159]" classname="org.bitcoinj.utils.BtcFormatTest" time="0.002"/>
  <testcase name="negativeTest[159]" classname="org.bitcoinj.utils.BtcFormatTest" time="0.0">
    <skipped/>
  </testcase>
  <testcase name="millicoinScaleTest[159]" classname="org.bitcoinj.utils.BtcFormatTest" time="0.0"/>
  <testcase name="toStringTest[159]" classname="org.bitcoinj.utils.BtcFormatTest" time="0.0">
    <skipped/>
  </testcase>
  <testcase name="testGrouping[159]" classname="org.bitcoinj.utils.BtcFormatTest" time="0.0"/>
  <testcase name="symbolsCodesTest[159]" classname="org.bitcoinj.utils.BtcFormatTest" time="0.001"/>
  <testcase name="defaultLocaleTest[159]" classname="org.bitcoinj.utils.BtcFormatTest" time="0.0"/>
  <testcase name="parsePositionTest[159]" classname="org.bitcoinj.utils.BtcFormatTest" time="0.0"/>
  <testcase name="argumentTypeTest[159]" classname="org.bitcoinj.utils.BtcFormatTest" time="0.0">
    <skipped/>
  </testcase>
  <testcase name="characterIteratorTest[159]" classname="org.bitcoinj.utils.BtcFormatTest" time="0.0"/>
  <testcase name="repeatingPlaceTest[159]" classname="org.bitcoinj.utils.BtcFormatTest" time="0.0"/>
  <testcase name="currencyCodeTest[159]" classname="org.bitcoinj.utils.BtcFormatTest" time="0.0">
    <skipped/>
  </testcase>
  <testcase name="patternDecimalPlaces[159]" classname="org.bitcoinj.utils.BtcFormatTest" time="0.0"/>
  <testcase name="factoryArgumentsTest[160]" classname="org.bitcoinj.utils.BtcFormatTest" time="0.001"/>
  <testcase name="parseTest[160]" classname="org.bitcoinj.utils.BtcFormatTest" time="0.0">
    <skipped/>
  </testcase>
  <testcase name="microcoinScaleTest[160]" classname="org.bitcoinj.utils.BtcFormatTest" time="0.0"/>
  <testcase name="parseMetricTest[160]" classname="org.bitcoinj.utils.BtcFormatTest" time="0.001"/>
  <testcase name="coinScaleTest[160]" classname="org.bitcoinj.utils.BtcFormatTest" time="0.0"/>
  <testcase name="builderTest[160]" classname="org.bitcoinj.utils.BtcFormatTest" time="0.0">
    <skipped/>
  </testcase>
  <testcase name="attributeTest[160]" classname="org.bitcoinj.utils.BtcFormatTest" time="0.0">
    <skipped/>
  </testcase>
  <testcase name="prefixTest[160]" classname="org.bitcoinj.utils.BtcFormatTest" time="0.0"/>
  <testcase name="suffixTest[160]" classname="org.bitcoinj.utils.BtcFormatTest" time="0.0">
    <skipped/>
  </testcase>
  <testcase name="autoDecimalTest[160]" classname="org.bitcoinj.utils.BtcFormatTest" time="0.002"/>
  <testcase name="symbolCollisionTest[160]" classname="org.bitcoinj.utils.BtcFormatTest" time="0.004"/>
  <testcase name="equalityTest[160]" classname="org.bitcoinj.utils.BtcFormatTest" time="0.003"/>
  <testcase name="columnAlignmentTest[160]" classname="org.bitcoinj.utils.BtcFormatTest" time="0.0"/>
  <testcase name="factoryTest[160]" classname="org.bitcoinj.utils.BtcFormatTest" time="0.001"/>
  <testcase name="parse[160]" classname="org.bitcoinj.utils.BtcFormatTest" time="0.0"/>
  <testcase name="btcRounding[160]" classname="org.bitcoinj.utils.BtcFormatTest" time="0.002"/>
  <testcase name="negativeTest[160]" classname="org.bitcoinj.utils.BtcFormatTest" time="0.0">
    <skipped/>
  </testcase>
  <testcase name="millicoinScaleTest[160]" classname="org.bitcoinj.utils.BtcFormatTest" time="0.0"/>
  <testcase name="toStringTest[160]" classname="org.bitcoinj.utils.BtcFormatTest" time="0.0">
    <skipped/>
  </testcase>
  <testcase name="testGrouping[160]" classname="org.bitcoinj.utils.BtcFormatTest" time="0.001"/>
  <testcase name="symbolsCodesTest[160]" classname="org.bitcoinj.utils.BtcFormatTest" time="0.001"/>
  <testcase name="defaultLocaleTest[160]" classname="org.bitcoinj.utils.BtcFormatTest" time="0.0"/>
  <testcase name="parsePositionTest[160]" classname="org.bitcoinj.utils.BtcFormatTest" time="0.001"/>
  <testcase name="argumentTypeTest[160]" classname="org.bitcoinj.utils.BtcFormatTest" time="0.0">
    <skipped/>
  </testcase>
  <testcase name="characterIteratorTest[160]" classname="org.bitcoinj.utils.BtcFormatTest" time="0.0"/>
  <testcase name="repeatingPlaceTest[160]" classname="org.bitcoinj.utils.BtcFormatTest" time="0.001"/>
  <testcase name="currencyCodeTest[160]" classname="org.bitcoinj.utils.BtcFormatTest" time="0.0">
    <skipped/>
  </testcase>
  <testcase name="patternDecimalPlaces[160]" classname="org.bitcoinj.utils.BtcFormatTest" time="0.0"/>
  <testcase name="factoryArgumentsTest[161]" classname="org.bitcoinj.utils.BtcFormatTest" time="0.002"/>
  <testcase name="parseTest[161]" classname="org.bitcoinj.utils.BtcFormatTest" time="0.0">
    <skipped/>
  </testcase>
  <testcase name="microcoinScaleTest[161]" classname="org.bitcoinj.utils.BtcFormatTest" time="0.0"/>
  <testcase name="parseMetricTest[161]" classname="org.bitcoinj.utils.BtcFormatTest" time="0.002"/>
  <testcase name="coinScaleTest[161]" classname="org.bitcoinj.utils.BtcFormatTest" time="0.0"/>
  <testcase name="builderTest[161]" classname="org.bitcoinj.utils.BtcFormatTest" time="0.0">
    <skipped/>
  </testcase>
  <testcase name="attributeTest[161]" classname="org.bitcoinj.utils.BtcFormatTest" time="0.0">
    <skipped/>
  </testcase>
  <testcase name="prefixTest[161]" classname="org.bitcoinj.utils.BtcFormatTest" time="0.0"/>
  <testcase name="suffixTest[161]" classname="org.bitcoinj.utils.BtcFormatTest" time="0.0">
    <skipped/>
  </testcase>
  <testcase name="autoDecimalTest[161]" classname="org.bitcoinj.utils.BtcFormatTest" time="0.002"/>
  <testcase name="symbolCollisionTest[161]" classname="org.bitcoinj.utils.BtcFormatTest" time="0.004"/>
  <testcase name="equalityTest[161]" classname="org.bitcoinj.utils.BtcFormatTest" time="0.003"/>
  <testcase name="columnAlignmentTest[161]" classname="org.bitcoinj.utils.BtcFormatTest" time="0.0"/>
  <testcase name="factoryTest[161]" classname="org.bitcoinj.utils.BtcFormatTest" time="0.001"/>
  <testcase name="parse[161]" classname="org.bitcoinj.utils.BtcFormatTest" time="0.0"/>
  <testcase name="btcRounding[161]" classname="org.bitcoinj.utils.BtcFormatTest" time="0.003"/>
  <testcase name="negativeTest[161]" classname="org.bitcoinj.utils.BtcFormatTest" time="0.0">
    <skipped/>
  </testcase>
  <testcase name="millicoinScaleTest[161]" classname="org.bitcoinj.utils.BtcFormatTest" time="0.0"/>
  <testcase name="toStringTest[161]" classname="org.bitcoinj.utils.BtcFormatTest" time="0.0">
    <skipped/>
  </testcase>
  <testcase name="testGrouping[161]" classname="org.bitcoinj.utils.BtcFormatTest" time="0.001"/>
  <testcase name="symbolsCodesTest[161]" classname="org.bitcoinj.utils.BtcFormatTest" time="0.001"/>
  <testcase name="defaultLocaleTest[161]" classname="org.bitcoinj.utils.BtcFormatTest" time="0.0"/>
  <testcase name="parsePositionTest[161]" classname="org.bitcoinj.utils.BtcFormatTest" time="0.0"/>
  <testcase name="argumentTypeTest[161]" classname="org.bitcoinj.utils.BtcFormatTest" time="0.001">
    <skipped/>
  </testcase>
  <testcase name="characterIteratorTest[161]" classname="org.bitcoinj.utils.BtcFormatTest" time="0.0"/>
  <testcase name="repeatingPlaceTest[161]" classname="org.bitcoinj.utils.BtcFormatTest" time="0.0"/>
  <testcase name="currencyCodeTest[161]" classname="org.bitcoinj.utils.BtcFormatTest" time="0.0">
    <skipped/>
  </testcase>
  <testcase name="patternDecimalPlaces[161]" classname="org.bitcoinj.utils.BtcFormatTest" time="0.001"/>
  <testcase name="factoryArgumentsTest[162]" classname="org.bitcoinj.utils.BtcFormatTest" time="0.001"/>
  <testcase name="parseTest[162]" classname="org.bitcoinj.utils.BtcFormatTest" time="0.0">
    <skipped/>
  </testcase>
  <testcase name="microcoinScaleTest[162]" classname="org.bitcoinj.utils.BtcFormatTest" time="0.0"/>
  <testcase name="parseMetricTest[162]" classname="org.bitcoinj.utils.BtcFormatTest" time="0.001"/>
  <testcase name="coinScaleTest[162]" classname="org.bitcoinj.utils.BtcFormatTest" time="0.0"/>
  <testcase name="builderTest[162]" classname="org.bitcoinj.utils.BtcFormatTest" time="0.0">
    <skipped/>
  </testcase>
  <testcase name="attributeTest[162]" classname="org.bitcoinj.utils.BtcFormatTest" time="0.0">
    <skipped/>
  </testcase>
  <testcase name="prefixTest[162]" classname="org.bitcoinj.utils.BtcFormatTest" time="0.001"/>
  <testcase name="suffixTest[162]" classname="org.bitcoinj.utils.BtcFormatTest" time="0.0">
    <skipped/>
  </testcase>
  <testcase name="autoDecimalTest[162]" classname="org.bitcoinj.utils.BtcFormatTest" time="0.002"/>
  <testcase name="symbolCollisionTest[162]" classname="org.bitcoinj.utils.BtcFormatTest" time="0.003"/>
  <testcase name="equalityTest[162]" classname="org.bitcoinj.utils.BtcFormatTest" time="0.004"/>
  <testcase name="columnAlignmentTest[162]" classname="org.bitcoinj.utils.BtcFormatTest" time="0.0"/>
  <testcase name="factoryTest[162]" classname="org.bitcoinj.utils.BtcFormatTest" time="0.001"/>
  <testcase name="parse[162]" classname="org.bitcoinj.utils.BtcFormatTest" time="0.0"/>
  <testcase name="btcRounding[162]" classname="org.bitcoinj.utils.BtcFormatTest" time="0.002"/>
  <testcase name="negativeTest[162]" classname="org.bitcoinj.utils.BtcFormatTest" time="0.0">
    <skipped/>
  </testcase>
  <testcase name="millicoinScaleTest[162]" classname="org.bitcoinj.utils.BtcFormatTest" time="0.0"/>
  <testcase name="toStringTest[162]" classname="org.bitcoinj.utils.BtcFormatTest" time="0.0">
    <skipped/>
  </testcase>
  <testcase name="testGrouping[162]" classname="org.bitcoinj.utils.BtcFormatTest" time="0.001"/>
  <testcase name="symbolsCodesTest[162]" classname="org.bitcoinj.utils.BtcFormatTest" time="0.001"/>
  <testcase name="defaultLocaleTest[162]" classname="org.bitcoinj.utils.BtcFormatTest" time="0.0"/>
  <testcase name="parsePositionTest[162]" classname="org.bitcoinj.utils.BtcFormatTest" time="0.0"/>
  <testcase name="argumentTypeTest[162]" classname="org.bitcoinj.utils.BtcFormatTest" time="0.0">
    <skipped/>
  </testcase>
  <testcase name="characterIteratorTest[162]" classname="org.bitcoinj.utils.BtcFormatTest" time="0.001"/>
  <testcase name="repeatingPlaceTest[162]" classname="org.bitcoinj.utils.BtcFormatTest" time="0.0"/>
  <testcase name="currencyCodeTest[162]" classname="org.bitcoinj.utils.BtcFormatTest" time="0.0">
    <skipped/>
  </testcase>
  <testcase name="patternDecimalPlaces[162]" classname="org.bitcoinj.utils.BtcFormatTest" time="0.0"/>
  <testcase name="factoryArgumentsTest[163]" classname="org.bitcoinj.utils.BtcFormatTest" time="0.002"/>
  <testcase name="parseTest[163]" classname="org.bitcoinj.utils.BtcFormatTest" time="0.0">
    <skipped/>
  </testcase>
  <testcase name="microcoinScaleTest[163]" classname="org.bitcoinj.utils.BtcFormatTest" time="0.0"/>
  <testcase name="parseMetricTest[163]" classname="org.bitcoinj.utils.BtcFormatTest" time="0.002"/>
  <testcase name="coinScaleTest[163]" classname="org.bitcoinj.utils.BtcFormatTest" time="0.0"/>
  <testcase name="builderTest[163]" classname="org.bitcoinj.utils.BtcFormatTest" time="0.0">
    <skipped/>
  </testcase>
  <testcase name="attributeTest[163]" classname="org.bitcoinj.utils.BtcFormatTest" time="0.0">
    <skipped/>
  </testcase>
  <testcase name="prefixTest[163]" classname="org.bitcoinj.utils.BtcFormatTest" time="0.001"/>
  <testcase name="suffixTest[163]" classname="org.bitcoinj.utils.BtcFormatTest" time="0.0">
    <skipped/>
  </testcase>
  <testcase name="autoDecimalTest[163]" classname="org.bitcoinj.utils.BtcFormatTest" time="0.001"/>
  <testcase name="symbolCollisionTest[163]" classname="org.bitcoinj.utils.BtcFormatTest" time="0.002"/>
  <testcase name="equalityTest[163]" classname="org.bitcoinj.utils.BtcFormatTest" time="0.003"/>
  <testcase name="columnAlignmentTest[163]" classname="org.bitcoinj.utils.BtcFormatTest" time="0.0"/>
  <testcase name="factoryTest[163]" classname="org.bitcoinj.utils.BtcFormatTest" time="0.001"/>
  <testcase name="parse[163]" classname="org.bitcoinj.utils.BtcFormatTest" time="0.0"/>
  <testcase name="btcRounding[163]" classname="org.bitcoinj.utils.BtcFormatTest" time="0.003"/>
  <testcase name="negativeTest[163]" classname="org.bitcoinj.utils.BtcFormatTest" time="0.0">
    <skipped/>
  </testcase>
  <testcase name="millicoinScaleTest[163]" classname="org.bitcoinj.utils.BtcFormatTest" time="0.0"/>
  <testcase name="toStringTest[163]" classname="org.bitcoinj.utils.BtcFormatTest" time="0.0">
    <skipped/>
  </testcase>
  <testcase name="testGrouping[163]" classname="org.bitcoinj.utils.BtcFormatTest" time="0.0"/>
  <testcase name="symbolsCodesTest[163]" classname="org.bitcoinj.utils.BtcFormatTest" time="0.001"/>
  <testcase name="defaultLocaleTest[163]" classname="org.bitcoinj.utils.BtcFormatTest" time="0.0"/>
  <testcase name="parsePositionTest[163]" classname="org.bitcoinj.utils.BtcFormatTest" time="0.0"/>
  <testcase name="argumentTypeTest[163]" classname="org.bitcoinj.utils.BtcFormatTest" time="0.0">
    <skipped/>
  </testcase>
  <testcase name="characterIteratorTest[163]" classname="org.bitcoinj.utils.BtcFormatTest" time="0.001"/>
  <testcase name="repeatingPlaceTest[163]" classname="org.bitcoinj.utils.BtcFormatTest" time="0.0"/>
  <testcase name="currencyCodeTest[163]" classname="org.bitcoinj.utils.BtcFormatTest" time="0.0">
    <skipped/>
  </testcase>
  <testcase name="patternDecimalPlaces[163]" classname="org.bitcoinj.utils.BtcFormatTest" time="0.0"/>
  <testcase name="factoryArgumentsTest[164]" classname="org.bitcoinj.utils.BtcFormatTest" time="0.001"/>
  <testcase name="parseTest[164]" classname="org.bitcoinj.utils.BtcFormatTest" time="0.0">
    <skipped/>
  </testcase>
  <testcase name="microcoinScaleTest[164]" classname="org.bitcoinj.utils.BtcFormatTest" time="0.0"/>
  <testcase name="parseMetricTest[164]" classname="org.bitcoinj.utils.BtcFormatTest" time="0.002"/>
  <testcase name="coinScaleTest[164]" classname="org.bitcoinj.utils.BtcFormatTest" time="0.001"/>
  <testcase name="builderTest[164]" classname="org.bitcoinj.utils.BtcFormatTest" time="0.0">
    <skipped/>
  </testcase>
  <testcase name="attributeTest[164]" classname="org.bitcoinj.utils.BtcFormatTest" time="0.0">
    <skipped/>
  </testcase>
  <testcase name="prefixTest[164]" classname="org.bitcoinj.utils.BtcFormatTest" time="0.0"/>
  <testcase name="suffixTest[164]" classname="org.bitcoinj.utils.BtcFormatTest" time="0.0">
    <skipped/>
  </testcase>
  <testcase name="autoDecimalTest[164]" classname="org.bitcoinj.utils.BtcFormatTest" time="0.001"/>
  <testcase name="symbolCollisionTest[164]" classname="org.bitcoinj.utils.BtcFormatTest" time="0.004"/>
  <testcase name="equalityTest[164]" classname="org.bitcoinj.utils.BtcFormatTest" time="0.003"/>
  <testcase name="columnAlignmentTest[164]" classname="org.bitcoinj.utils.BtcFormatTest" time="0.001"/>
  <testcase name="factoryTest[164]" classname="org.bitcoinj.utils.BtcFormatTest" time="0.001"/>
  <testcase name="parse[164]" classname="org.bitcoinj.utils.BtcFormatTest" time="0.0"/>
  <testcase name="btcRounding[164]" classname="org.bitcoinj.utils.BtcFormatTest" time="0.002"/>
  <testcase name="negativeTest[164]" classname="org.bitcoinj.utils.BtcFormatTest" time="0.0">
    <skipped/>
  </testcase>
  <testcase name="millicoinScaleTest[164]" classname="org.bitcoinj.utils.BtcFormatTest" time="0.0"/>
  <testcase name="toStringTest[164]" classname="org.bitcoinj.utils.BtcFormatTest" time="0.0">
    <skipped/>
  </testcase>
  <testcase name="testGrouping[164]" classname="org.bitcoinj.utils.BtcFormatTest" time="0.001"/>
  <testcase name="symbolsCodesTest[164]" classname="org.bitcoinj.utils.BtcFormatTest" time="0.001"/>
  <testcase name="defaultLocaleTest[164]" classname="org.bitcoinj.utils.BtcFormatTest" time="0.001"/>
  <testcase name="parsePositionTest[164]" classname="org.bitcoinj.utils.BtcFormatTest" time="0.0"/>
  <testcase name="argumentTypeTest[164]" classname="org.bitcoinj.utils.BtcFormatTest" time="0.0">
    <skipped/>
  </testcase>
  <testcase name="characterIteratorTest[164]" classname="org.bitcoinj.utils.BtcFormatTest" time="0.001"/>
  <testcase name="repeatingPlaceTest[164]" classname="org.bitcoinj.utils.BtcFormatTest" time="0.0"/>
  <testcase name="currencyCodeTest[164]" classname="org.bitcoinj.utils.BtcFormatTest" time="0.0">
    <skipped/>
  </testcase>
  <testcase name="patternDecimalPlaces[164]" classname="org.bitcoinj.utils.BtcFormatTest" time="0.0"/>
  <testcase name="factoryArgumentsTest[165]" classname="org.bitcoinj.utils.BtcFormatTest" time="0.002"/>
  <testcase name="parseTest[165]" classname="org.bitcoinj.utils.BtcFormatTest" time="0.0">
    <skipped/>
  </testcase>
  <testcase name="microcoinScaleTest[165]" classname="org.bitcoinj.utils.BtcFormatTest" time="0.0"/>
  <testcase name="parseMetricTest[165]" classname="org.bitcoinj.utils.BtcFormatTest" time="0.001"/>
  <testcase name="coinScaleTest[165]" classname="org.bitcoinj.utils.BtcFormatTest" time="0.001"/>
  <testcase name="builderTest[165]" classname="org.bitcoinj.utils.BtcFormatTest" time="0.0">
    <skipped/>
  </testcase>
  <testcase name="attributeTest[165]" classname="org.bitcoinj.utils.BtcFormatTest" time="0.0">
    <skipped/>
  </testcase>
  <testcase name="prefixTest[165]" classname="org.bitcoinj.utils.BtcFormatTest" time="0.0"/>
  <testcase name="suffixTest[165]" classname="org.bitcoinj.utils.BtcFormatTest" time="0.0">
    <skipped/>
  </testcase>
  <testcase name="autoDecimalTest[165]" classname="org.bitcoinj.utils.BtcFormatTest" time="0.002"/>
  <testcase name="symbolCollisionTest[165]" classname="org.bitcoinj.utils.BtcFormatTest" time="0.005"/>
  <testcase name="equalityTest[165]" classname="org.bitcoinj.utils.BtcFormatTest" time="0.003"/>
  <testcase name="columnAlignmentTest[165]" classname="org.bitcoinj.utils.BtcFormatTest" time="0.001"/>
  <testcase name="factoryTest[165]" classname="org.bitcoinj.utils.BtcFormatTest" time="0.0"/>
  <testcase name="parse[165]" classname="org.bitcoinj.utils.BtcFormatTest" time="0.0"/>
  <testcase name="btcRounding[165]" classname="org.bitcoinj.utils.BtcFormatTest" time="0.003"/>
  <testcase name="negativeTest[165]" classname="org.bitcoinj.utils.BtcFormatTest" time="0.0">
    <skipped/>
  </testcase>
  <testcase name="millicoinScaleTest[165]" classname="org.bitcoinj.utils.BtcFormatTest" time="0.0"/>
  <testcase name="toStringTest[165]" classname="org.bitcoinj.utils.BtcFormatTest" time="0.0">
    <skipped/>
  </testcase>
  <testcase name="testGrouping[165]" classname="org.bitcoinj.utils.BtcFormatTest" time="0.001"/>
  <testcase name="symbolsCodesTest[165]" classname="org.bitcoinj.utils.BtcFormatTest" time="0.001"/>
  <testcase name="defaultLocaleTest[165]" classname="org.bitcoinj.utils.BtcFormatTest" time="0.0"/>
  <testcase name="parsePositionTest[165]" classname="org.bitcoinj.utils.BtcFormatTest" time="0.0"/>
  <testcase name="argumentTypeTest[165]" classname="org.bitcoinj.utils.BtcFormatTest" time="0.0">
    <skipped/>
  </testcase>
  <testcase name="characterIteratorTest[165]" classname="org.bitcoinj.utils.BtcFormatTest" time="0.001"/>
  <testcase name="repeatingPlaceTest[165]" classname="org.bitcoinj.utils.BtcFormatTest" time="0.0"/>
  <testcase name="currencyCodeTest[165]" classname="org.bitcoinj.utils.BtcFormatTest" time="0.0">
    <skipped/>
  </testcase>
  <testcase name="patternDecimalPlaces[165]" classname="org.bitcoinj.utils.BtcFormatTest" time="0.001"/>
  <testcase name="factoryArgumentsTest[166]" classname="org.bitcoinj.utils.BtcFormatTest" time="0.004"/>
  <testcase name="parseTest[166]" classname="org.bitcoinj.utils.BtcFormatTest" time="0.0">
    <skipped/>
  </testcase>
  <testcase name="microcoinScaleTest[166]" classname="org.bitcoinj.utils.BtcFormatTest" time="0.001"/>
  <testcase name="parseMetricTest[166]" classname="org.bitcoinj.utils.BtcFormatTest" time="0.003"/>
  <testcase name="coinScaleTest[166]" classname="org.bitcoinj.utils.BtcFormatTest" time="0.0"/>
  <testcase name="builderTest[166]" classname="org.bitcoinj.utils.BtcFormatTest" time="0.0">
    <skipped/>
  </testcase>
  <testcase name="attributeTest[166]" classname="org.bitcoinj.utils.BtcFormatTest" time="0.0">
    <skipped/>
  </testcase>
  <testcase name="prefixTest[166]" classname="org.bitcoinj.utils.BtcFormatTest" time="0.0"/>
  <testcase name="suffixTest[166]" classname="org.bitcoinj.utils.BtcFormatTest" time="0.0">
    <skipped/>
  </testcase>
  <testcase name="autoDecimalTest[166]" classname="org.bitcoinj.utils.BtcFormatTest" time="0.001"/>
  <testcase name="symbolCollisionTest[166]" classname="org.bitcoinj.utils.BtcFormatTest" time="0.003"/>
  <testcase name="equalityTest[166]" classname="org.bitcoinj.utils.BtcFormatTest" time="0.01"/>
  <testcase name="columnAlignmentTest[166]" classname="org.bitcoinj.utils.BtcFormatTest" time="0.0"/>
  <testcase name="factoryTest[166]" classname="org.bitcoinj.utils.BtcFormatTest" time="0.007"/>
  <testcase name="parse[166]" classname="org.bitcoinj.utils.BtcFormatTest" time="0.0"/>
  <testcase name="btcRounding[166]" classname="org.bitcoinj.utils.BtcFormatTest" time="0.005"/>
  <testcase name="negativeTest[166]" classname="org.bitcoinj.utils.BtcFormatTest" time="0.0">
    <skipped/>
  </testcase>
  <testcase name="millicoinScaleTest[166]" classname="org.bitcoinj.utils.BtcFormatTest" time="0.0"/>
  <testcase name="toStringTest[166]" classname="org.bitcoinj.utils.BtcFormatTest" time="0.0">
    <skipped/>
  </testcase>
  <testcase name="testGrouping[166]" classname="org.bitcoinj.utils.BtcFormatTest" time="0.001"/>
  <testcase name="symbolsCodesTest[166]" classname="org.bitcoinj.utils.BtcFormatTest" time="0.001"/>
  <testcase name="defaultLocaleTest[166]" classname="org.bitcoinj.utils.BtcFormatTest" time="0.0"/>
  <testcase name="parsePositionTest[166]" classname="org.bitcoinj.utils.BtcFormatTest" time="0.001"/>
  <testcase name="argumentTypeTest[166]" classname="org.bitcoinj.utils.BtcFormatTest" time="0.0">
    <skipped/>
  </testcase>
  <testcase name="characterIteratorTest[166]" classname="org.bitcoinj.utils.BtcFormatTest" time="0.001"/>
  <testcase name="repeatingPlaceTest[166]" classname="org.bitcoinj.utils.BtcFormatTest" time="0.0"/>
  <testcase name="currencyCodeTest[166]" classname="org.bitcoinj.utils.BtcFormatTest" time="0.0">
    <skipped/>
  </testcase>
  <testcase name="patternDecimalPlaces[166]" classname="org.bitcoinj.utils.BtcFormatTest" time="0.001"/>
  <testcase name="factoryArgumentsTest[167]" classname="org.bitcoinj.utils.BtcFormatTest" time="0.005"/>
  <testcase name="parseTest[167]" classname="org.bitcoinj.utils.BtcFormatTest" time="0.0">
    <skipped/>
  </testcase>
  <testcase name="microcoinScaleTest[167]" classname="org.bitcoinj.utils.BtcFormatTest" time="0.0"/>
  <testcase name="parseMetricTest[167]" classname="org.bitcoinj.utils.BtcFormatTest" time="0.006"/>
  <testcase name="coinScaleTest[167]" classname="org.bitcoinj.utils.BtcFormatTest" time="0.001"/>
  <testcase name="builderTest[167]" classname="org.bitcoinj.utils.BtcFormatTest" time="0.0">
    <skipped/>
  </testcase>
  <testcase name="attributeTest[167]" classname="org.bitcoinj.utils.BtcFormatTest" time="0.0">
    <skipped/>
  </testcase>
  <testcase name="prefixTest[167]" classname="org.bitcoinj.utils.BtcFormatTest" time="0.0"/>
  <testcase name="suffixTest[167]" classname="org.bitcoinj.utils.BtcFormatTest" time="0.0">
    <skipped/>
  </testcase>
  <testcase name="autoDecimalTest[167]" classname="org.bitcoinj.utils.BtcFormatTest" time="0.001"/>
  <testcase name="symbolCollisionTest[167]" classname="org.bitcoinj.utils.BtcFormatTest" time="0.006"/>
  <testcase name="equalityTest[167]" classname="org.bitcoinj.utils.BtcFormatTest" time="0.006"/>
  <testcase name="columnAlignmentTest[167]" classname="org.bitcoinj.utils.BtcFormatTest" time="0.002"/>
  <testcase name="factoryTest[167]" classname="org.bitcoinj.utils.BtcFormatTest" time="0.001"/>
  <testcase name="parse[167]" classname="org.bitcoinj.utils.BtcFormatTest" time="0.0"/>
  <testcase name="btcRounding[167]" classname="org.bitcoinj.utils.BtcFormatTest" time="0.003"/>
  <testcase name="negativeTest[167]" classname="org.bitcoinj.utils.BtcFormatTest" time="0.0">
    <skipped/>
  </testcase>
  <testcase name="millicoinScaleTest[167]" classname="org.bitcoinj.utils.BtcFormatTest" time="0.0"/>
  <testcase name="toStringTest[167]" classname="org.bitcoinj.utils.BtcFormatTest" time="0.0">
    <skipped/>
  </testcase>
  <testcase name="testGrouping[167]" classname="org.bitcoinj.utils.BtcFormatTest" time="0.001"/>
  <testcase name="symbolsCodesTest[167]" classname="org.bitcoinj.utils.BtcFormatTest" time="0.001"/>
  <testcase name="defaultLocaleTest[167]" classname="org.bitcoinj.utils.BtcFormatTest" time="0.0"/>
  <testcase name="parsePositionTest[167]" classname="org.bitcoinj.utils.BtcFormatTest" time="0.001"/>
  <testcase name="argumentTypeTest[167]" classname="org.bitcoinj.utils.BtcFormatTest" time="0.0">
    <skipped/>
  </testcase>
  <testcase name="characterIteratorTest[167]" classname="org.bitcoinj.utils.BtcFormatTest" time="0.001"/>
  <testcase name="repeatingPlaceTest[167]" classname="org.bitcoinj.utils.BtcFormatTest" time="0.0"/>
  <testcase name="currencyCodeTest[167]" classname="org.bitcoinj.utils.BtcFormatTest" time="0.0">
    <skipped/>
  </testcase>
  <testcase name="patternDecimalPlaces[167]" classname="org.bitcoinj.utils.BtcFormatTest" time="0.001"/>
  <testcase name="factoryArgumentsTest[168]" classname="org.bitcoinj.utils.BtcFormatTest" time="0.006"/>
  <testcase name="parseTest[168]" classname="org.bitcoinj.utils.BtcFormatTest" time="0.0">
    <skipped/>
  </testcase>
  <testcase name="microcoinScaleTest[168]" classname="org.bitcoinj.utils.BtcFormatTest" time="0.002"/>
  <testcase name="parseMetricTest[168]" classname="org.bitcoinj.utils.BtcFormatTest" time="0.002"/>
  <testcase name="coinScaleTest[168]" classname="org.bitcoinj.utils.BtcFormatTest" time="0.0"/>
  <testcase name="builderTest[168]" classname="org.bitcoinj.utils.BtcFormatTest" time="0.0">
    <skipped/>
  </testcase>
  <testcase name="attributeTest[168]" classname="org.bitcoinj.utils.BtcFormatTest" time="0.0">
    <skipped/>
  </testcase>
  <testcase name="prefixTest[168]" classname="org.bitcoinj.utils.BtcFormatTest" time="0.001"/>
  <testcase name="suffixTest[168]" classname="org.bitcoinj.utils.BtcFormatTest" time="0.0">
    <skipped/>
  </testcase>
  <testcase name="autoDecimalTest[168]" classname="org.bitcoinj.utils.BtcFormatTest" time="0.001"/>
  <testcase name="symbolCollisionTest[168]" classname="org.bitcoinj.utils.BtcFormatTest" time="0.004"/>
  <testcase name="equalityTest[168]" classname="org.bitcoinj.utils.BtcFormatTest" time="0.007"/>
  <testcase name="columnAlignmentTest[168]" classname="org.bitcoinj.utils.BtcFormatTest" time="0.001"/>
  <testcase name="factoryTest[168]" classname="org.bitcoinj.utils.BtcFormatTest" time="0.0"/>
  <testcase name="parse[168]" classname="org.bitcoinj.utils.BtcFormatTest" time="0.001"/>
  <testcase name="btcRounding[168]" classname="org.bitcoinj.utils.BtcFormatTest" time="0.002"/>
  <testcase name="negativeTest[168]" classname="org.bitcoinj.utils.BtcFormatTest" time="0.0">
    <skipped/>
  </testcase>
  <testcase name="millicoinScaleTest[168]" classname="org.bitcoinj.utils.BtcFormatTest" time="0.001"/>
  <testcase name="toStringTest[168]" classname="org.bitcoinj.utils.BtcFormatTest" time="0.0">
    <skipped/>
  </testcase>
  <testcase name="testGrouping[168]" classname="org.bitcoinj.utils.BtcFormatTest" time="0.0"/>
  <testcase name="symbolsCodesTest[168]" classname="org.bitcoinj.utils.BtcFormatTest" time="0.001"/>
  <testcase name="defaultLocaleTest[168]" classname="org.bitcoinj.utils.BtcFormatTest" time="0.001"/>
  <testcase name="parsePositionTest[168]" classname="org.bitcoinj.utils.BtcFormatTest" time="0.0"/>
  <testcase name="argumentTypeTest[168]" classname="org.bitcoinj.utils.BtcFormatTest" time="0.0">
    <skipped/>
  </testcase>
  <testcase name="characterIteratorTest[168]" classname="org.bitcoinj.utils.BtcFormatTest" time="0.001"/>
  <testcase name="repeatingPlaceTest[168]" classname="org.bitcoinj.utils.BtcFormatTest" time="0.0"/>
  <testcase name="currencyCodeTest[168]" classname="org.bitcoinj.utils.BtcFormatTest" time="0.0">
    <skipped/>
  </testcase>
  <testcase name="patternDecimalPlaces[168]" classname="org.bitcoinj.utils.BtcFormatTest" time="0.0"/>
  <testcase name="factoryArgumentsTest[169]" classname="org.bitcoinj.utils.BtcFormatTest" time="0.001"/>
  <testcase name="parseTest[169]" classname="org.bitcoinj.utils.BtcFormatTest" time="0.0">
    <skipped/>
  </testcase>
  <testcase name="microcoinScaleTest[169]" classname="org.bitcoinj.utils.BtcFormatTest" time="0.0"/>
  <testcase name="parseMetricTest[169]" classname="org.bitcoinj.utils.BtcFormatTest" time="0.006"/>
  <testcase name="coinScaleTest[169]" classname="org.bitcoinj.utils.BtcFormatTest" time="0.001"/>
  <testcase name="builderTest[169]" classname="org.bitcoinj.utils.BtcFormatTest" time="0.0">
    <skipped/>
  </testcase>
  <testcase name="attributeTest[169]" classname="org.bitcoinj.utils.BtcFormatTest" time="0.0">
    <skipped/>
  </testcase>
  <testcase name="prefixTest[169]" classname="org.bitcoinj.utils.BtcFormatTest" time="0.0"/>
  <testcase name="suffixTest[169]" classname="org.bitcoinj.utils.BtcFormatTest" time="0.0">
    <skipped/>
  </testcase>
  <testcase name="autoDecimalTest[169]" classname="org.bitcoinj.utils.BtcFormatTest" time="0.003"/>
  <testcase name="symbolCollisionTest[169]" classname="org.bitcoinj.utils.BtcFormatTest" time="0.006"/>
  <testcase name="equalityTest[169]" classname="org.bitcoinj.utils.BtcFormatTest" time="0.008"/>
  <testcase name="columnAlignmentTest[169]" classname="org.bitcoinj.utils.BtcFormatTest" time="0.002"/>
  <testcase name="factoryTest[169]" classname="org.bitcoinj.utils.BtcFormatTest" time="0.001"/>
  <testcase name="parse[169]" classname="org.bitcoinj.utils.BtcFormatTest" time="0.001"/>
  <testcase name="btcRounding[169]" classname="org.bitcoinj.utils.BtcFormatTest" time="0.002"/>
  <testcase name="negativeTest[169]" classname="org.bitcoinj.utils.BtcFormatTest" time="0.0">
    <skipped/>
  </testcase>
  <testcase name="millicoinScaleTest[169]" classname="org.bitcoinj.utils.BtcFormatTest" time="0.001"/>
  <testcase name="toStringTest[169]" classname="org.bitcoinj.utils.BtcFormatTest" time="0.0">
    <skipped/>
  </testcase>
  <testcase name="testGrouping[169]" classname="org.bitcoinj.utils.BtcFormatTest" time="0.0"/>
  <testcase name="symbolsCodesTest[169]" classname="org.bitcoinj.utils.BtcFormatTest" time="0.002"/>
  <testcase name="defaultLocaleTest[169]" classname="org.bitcoinj.utils.BtcFormatTest" time="0.0"/>
  <testcase name="parsePositionTest[169]" classname="org.bitcoinj.utils.BtcFormatTest" time="0.003"/>
  <testcase name="argumentTypeTest[169]" classname="org.bitcoinj.utils.BtcFormatTest" time="0.0">
    <skipped/>
  </testcase>
  <testcase name="characterIteratorTest[169]" classname="org.bitcoinj.utils.BtcFormatTest" time="0.002"/>
  <testcase name="repeatingPlaceTest[169]" classname="org.bitcoinj.utils.BtcFormatTest" time="0.0"/>
  <testcase name="currencyCodeTest[169]" classname="org.bitcoinj.utils.BtcFormatTest" time="0.0">
    <skipped/>
  </testcase>
  <testcase name="patternDecimalPlaces[169]" classname="org.bitcoinj.utils.BtcFormatTest" time="0.0"/>
  <testcase name="factoryArgumentsTest[170]" classname="org.bitcoinj.utils.BtcFormatTest" time="0.002"/>
  <testcase name="parseTest[170]" classname="org.bitcoinj.utils.BtcFormatTest" time="0.0">
    <skipped/>
  </testcase>
  <testcase name="microcoinScaleTest[170]" classname="org.bitcoinj.utils.BtcFormatTest" time="0.0"/>
  <testcase name="parseMetricTest[170]" classname="org.bitcoinj.utils.BtcFormatTest" time="0.002"/>
  <testcase name="coinScaleTest[170]" classname="org.bitcoinj.utils.BtcFormatTest" time="0.0"/>
  <testcase name="builderTest[170]" classname="org.bitcoinj.utils.BtcFormatTest" time="0.0">
    <skipped/>
  </testcase>
  <testcase name="attributeTest[170]" classname="org.bitcoinj.utils.BtcFormatTest" time="0.0">
    <skipped/>
  </testcase>
  <testcase name="prefixTest[170]" classname="org.bitcoinj.utils.BtcFormatTest" time="0.0"/>
  <testcase name="suffixTest[170]" classname="org.bitcoinj.utils.BtcFormatTest" time="0.0">
    <skipped/>
  </testcase>
  <testcase name="autoDecimalTest[170]" classname="org.bitcoinj.utils.BtcFormatTest" time="0.001"/>
  <testcase name="symbolCollisionTest[170]" classname="org.bitcoinj.utils.BtcFormatTest" time="0.005"/>
  <testcase name="equalityTest[170]" classname="org.bitcoinj.utils.BtcFormatTest" time="0.006"/>
  <testcase name="columnAlignmentTest[170]" classname="org.bitcoinj.utils.BtcFormatTest" time="0.001"/>
  <testcase name="factoryTest[170]" classname="org.bitcoinj.utils.BtcFormatTest" time="0.001"/>
  <testcase name="parse[170]" classname="org.bitcoinj.utils.BtcFormatTest" time="0.001"/>
  <testcase name="btcRounding[170]" classname="org.bitcoinj.utils.BtcFormatTest" time="0.002"/>
  <testcase name="negativeTest[170]" classname="org.bitcoinj.utils.BtcFormatTest" time="0.0">
    <skipped/>
  </testcase>
  <testcase name="millicoinScaleTest[170]" classname="org.bitcoinj.utils.BtcFormatTest" time="0.0"/>
  <testcase name="toStringTest[170]" classname="org.bitcoinj.utils.BtcFormatTest" time="0.0">
    <skipped/>
  </testcase>
  <testcase name="testGrouping[170]" classname="org.bitcoinj.utils.BtcFormatTest" time="0.0"/>
  <testcase name="symbolsCodesTest[170]" classname="org.bitcoinj.utils.BtcFormatTest" time="0.002"/>
  <testcase name="defaultLocaleTest[170]" classname="org.bitcoinj.utils.BtcFormatTest" time="0.0"/>
  <testcase name="parsePositionTest[170]" classname="org.bitcoinj.utils.BtcFormatTest" time="0.0"/>
  <testcase name="argumentTypeTest[170]" classname="org.bitcoinj.utils.BtcFormatTest" time="0.0">
    <skipped/>
  </testcase>
  <testcase name="characterIteratorTest[170]" classname="org.bitcoinj.utils.BtcFormatTest" time="0.002"/>
  <testcase name="repeatingPlaceTest[170]" classname="org.bitcoinj.utils.BtcFormatTest" time="0.001"/>
  <testcase name="currencyCodeTest[170]" classname="org.bitcoinj.utils.BtcFormatTest" time="0.0">
    <skipped/>
  </testcase>
  <testcase name="patternDecimalPlaces[170]" classname="org.bitcoinj.utils.BtcFormatTest" time="0.004"/>
  <testcase name="factoryArgumentsTest[171]" classname="org.bitcoinj.utils.BtcFormatTest" time="0.001"/>
  <testcase name="parseTest[171]" classname="org.bitcoinj.utils.BtcFormatTest" time="0.0">
    <skipped/>
  </testcase>
  <testcase name="microcoinScaleTest[171]" classname="org.bitcoinj.utils.BtcFormatTest" time="0.001"/>
  <testcase name="parseMetricTest[171]" classname="org.bitcoinj.utils.BtcFormatTest" time="0.001"/>
  <testcase name="coinScaleTest[171]" classname="org.bitcoinj.utils.BtcFormatTest" time="0.0"/>
  <testcase name="builderTest[171]" classname="org.bitcoinj.utils.BtcFormatTest" time="0.0">
    <skipped/>
  </testcase>
  <testcase name="attributeTest[171]" classname="org.bitcoinj.utils.BtcFormatTest" time="0.0">
    <skipped/>
  </testcase>
  <testcase name="prefixTest[171]" classname="org.bitcoinj.utils.BtcFormatTest" time="0.0"/>
  <testcase name="suffixTest[171]" classname="org.bitcoinj.utils.BtcFormatTest" time="0.0">
    <skipped/>
  </testcase>
  <testcase name="autoDecimalTest[171]" classname="org.bitcoinj.utils.BtcFormatTest" time="0.002"/>
  <testcase name="symbolCollisionTest[171]" classname="org.bitcoinj.utils.BtcFormatTest" time="0.002"/>
  <testcase name="equalityTest[171]" classname="org.bitcoinj.utils.BtcFormatTest" time="0.002"/>
  <testcase name="columnAlignmentTest[171]" classname="org.bitcoinj.utils.BtcFormatTest" time="0.0"/>
  <testcase name="factoryTest[171]" classname="org.bitcoinj.utils.BtcFormatTest" time="0.001"/>
  <testcase name="parse[171]" classname="org.bitcoinj.utils.BtcFormatTest" time="0.0"/>
  <testcase name="btcRounding[171]" classname="org.bitcoinj.utils.BtcFormatTest" time="0.005"/>
  <testcase name="negativeTest[171]" classname="org.bitcoinj.utils.BtcFormatTest" time="0.0">
    <skipped/>
  </testcase>
  <testcase name="millicoinScaleTest[171]" classname="org.bitcoinj.utils.BtcFormatTest" time="0.0"/>
  <testcase name="toStringTest[171]" classname="org.bitcoinj.utils.BtcFormatTest" time="0.0">
    <skipped/>
  </testcase>
  <testcase name="testGrouping[171]" classname="org.bitcoinj.utils.BtcFormatTest" time="0.0"/>
  <testcase name="symbolsCodesTest[171]" classname="org.bitcoinj.utils.BtcFormatTest" time="0.001"/>
  <testcase name="defaultLocaleTest[171]" classname="org.bitcoinj.utils.BtcFormatTest" time="0.0"/>
  <testcase name="parsePositionTest[171]" classname="org.bitcoinj.utils.BtcFormatTest" time="0.0"/>
  <testcase name="argumentTypeTest[171]" classname="org.bitcoinj.utils.BtcFormatTest" time="0.0">
    <skipped/>
  </testcase>
  <testcase name="characterIteratorTest[171]" classname="org.bitcoinj.utils.BtcFormatTest" time="0.001"/>
  <testcase name="repeatingPlaceTest[171]" classname="org.bitcoinj.utils.BtcFormatTest" time="0.001"/>
  <testcase name="currencyCodeTest[171]" classname="org.bitcoinj.utils.BtcFormatTest" time="0.0">
    <skipped/>
  </testcase>
  <testcase name="patternDecimalPlaces[171]" classname="org.bitcoinj.utils.BtcFormatTest" time="0.0"/>
  <testcase name="factoryArgumentsTest[172]" classname="org.bitcoinj.utils.BtcFormatTest" time="0.001"/>
  <testcase name="parseTest[172]" classname="org.bitcoinj.utils.BtcFormatTest" time="0.0">
    <skipped/>
  </testcase>
  <testcase name="microcoinScaleTest[172]" classname="org.bitcoinj.utils.BtcFormatTest" time="0.0"/>
  <testcase name="parseMetricTest[172]" classname="org.bitcoinj.utils.BtcFormatTest" time="0.002"/>
  <testcase name="coinScaleTest[172]" classname="org.bitcoinj.utils.BtcFormatTest" time="0.001"/>
  <testcase name="builderTest[172]" classname="org.bitcoinj.utils.BtcFormatTest" time="0.0">
    <skipped/>
  </testcase>
  <testcase name="attributeTest[172]" classname="org.bitcoinj.utils.BtcFormatTest" time="0.0">
    <skipped/>
  </testcase>
  <testcase name="prefixTest[172]" classname="org.bitcoinj.utils.BtcFormatTest" time="0.001"/>
  <testcase name="suffixTest[172]" classname="org.bitcoinj.utils.BtcFormatTest" time="0.0">
    <skipped/>
  </testcase>
  <testcase name="autoDecimalTest[172]" classname="org.bitcoinj.utils.BtcFormatTest" time="0.001"/>
  <testcase name="symbolCollisionTest[172]" classname="org.bitcoinj.utils.BtcFormatTest" time="0.003"/>
  <testcase name="equalityTest[172]" classname="org.bitcoinj.utils.BtcFormatTest" time="0.003"/>
  <testcase name="columnAlignmentTest[172]" classname="org.bitcoinj.utils.BtcFormatTest" time="0.001"/>
  <testcase name="factoryTest[172]" classname="org.bitcoinj.utils.BtcFormatTest" time="0.0"/>
  <testcase name="parse[172]" classname="org.bitcoinj.utils.BtcFormatTest" time="0.001"/>
  <testcase name="btcRounding[172]" classname="org.bitcoinj.utils.BtcFormatTest" time="0.002"/>
  <testcase name="negativeTest[172]" classname="org.bitcoinj.utils.BtcFormatTest" time="0.0">
    <skipped/>
  </testcase>
  <testcase name="millicoinScaleTest[172]" classname="org.bitcoinj.utils.BtcFormatTest" time="0.0"/>
  <testcase name="toStringTest[172]" classname="org.bitcoinj.utils.BtcFormatTest" time="0.0">
    <skipped/>
  </testcase>
  <testcase name="testGrouping[172]" classname="org.bitcoinj.utils.BtcFormatTest" time="0.001"/>
  <testcase name="symbolsCodesTest[172]" classname="org.bitcoinj.utils.BtcFormatTest" time="0.001"/>
  <testcase name="defaultLocaleTest[172]" classname="org.bitcoinj.utils.BtcFormatTest" time="0.0"/>
  <testcase name="parsePositionTest[172]" classname="org.bitcoinj.utils.BtcFormatTest" time="0.001"/>
  <testcase name="argumentTypeTest[172]" classname="org.bitcoinj.utils.BtcFormatTest" time="0.0">
    <skipped/>
  </testcase>
  <testcase name="characterIteratorTest[172]" classname="org.bitcoinj.utils.BtcFormatTest" time="0.001"/>
  <testcase name="repeatingPlaceTest[172]" classname="org.bitcoinj.utils.BtcFormatTest" time="0.0"/>
  <testcase name="currencyCodeTest[172]" classname="org.bitcoinj.utils.BtcFormatTest" time="0.0">
    <skipped/>
  </testcase>
  <testcase name="patternDecimalPlaces[172]" classname="org.bitcoinj.utils.BtcFormatTest" time="0.001"/>
  <testcase name="factoryArgumentsTest[173]" classname="org.bitcoinj.utils.BtcFormatTest" time="0.001"/>
  <testcase name="parseTest[173]" classname="org.bitcoinj.utils.BtcFormatTest" time="0.0">
    <skipped/>
  </testcase>
  <testcase name="microcoinScaleTest[173]" classname="org.bitcoinj.utils.BtcFormatTest" time="0.0"/>
  <testcase name="parseMetricTest[173]" classname="org.bitcoinj.utils.BtcFormatTest" time="0.002"/>
  <testcase name="coinScaleTest[173]" classname="org.bitcoinj.utils.BtcFormatTest" time="0.0"/>
  <testcase name="builderTest[173]" classname="org.bitcoinj.utils.BtcFormatTest" time="0.0">
    <skipped/>
  </testcase>
  <testcase name="attributeTest[173]" classname="org.bitcoinj.utils.BtcFormatTest" time="0.0">
    <skipped/>
  </testcase>
  <testcase name="prefixTest[173]" classname="org.bitcoinj.utils.BtcFormatTest" time="0.001"/>
  <testcase name="suffixTest[173]" classname="org.bitcoinj.utils.BtcFormatTest" time="0.0">
    <skipped/>
  </testcase>
  <testcase name="autoDecimalTest[173]" classname="org.bitcoinj.utils.BtcFormatTest" time="0.002"/>
  <testcase name="symbolCollisionTest[173]" classname="org.bitcoinj.utils.BtcFormatTest" time="0.003"/>
  <testcase name="equalityTest[173]" classname="org.bitcoinj.utils.BtcFormatTest" time="0.004"/>
  <testcase name="columnAlignmentTest[173]" classname="org.bitcoinj.utils.BtcFormatTest" time="0.0"/>
  <testcase name="factoryTest[173]" classname="org.bitcoinj.utils.BtcFormatTest" time="0.001"/>
  <testcase name="parse[173]" classname="org.bitcoinj.utils.BtcFormatTest" time="0.0"/>
  <testcase name="btcRounding[173]" classname="org.bitcoinj.utils.BtcFormatTest" time="0.002"/>
  <testcase name="negativeTest[173]" classname="org.bitcoinj.utils.BtcFormatTest" time="0.0">
    <skipped/>
  </testcase>
  <testcase name="millicoinScaleTest[173]" classname="org.bitcoinj.utils.BtcFormatTest" time="0.0"/>
  <testcase name="toStringTest[173]" classname="org.bitcoinj.utils.BtcFormatTest" time="0.0">
    <skipped/>
  </testcase>
  <testcase name="testGrouping[173]" classname="org.bitcoinj.utils.BtcFormatTest" time="0.0"/>
  <testcase name="symbolsCodesTest[173]" classname="org.bitcoinj.utils.BtcFormatTest" time="0.001"/>
  <testcase name="defaultLocaleTest[173]" classname="org.bitcoinj.utils.BtcFormatTest" time="0.0"/>
  <testcase name="parsePositionTest[173]" classname="org.bitcoinj.utils.BtcFormatTest" time="0.001"/>
  <testcase name="argumentTypeTest[173]" classname="org.bitcoinj.utils.BtcFormatTest" time="0.0">
    <skipped/>
  </testcase>
  <testcase name="characterIteratorTest[173]" classname="org.bitcoinj.utils.BtcFormatTest" time="0.001"/>
  <testcase name="repeatingPlaceTest[173]" classname="org.bitcoinj.utils.BtcFormatTest" time="0.0"/>
  <testcase name="currencyCodeTest[173]" classname="org.bitcoinj.utils.BtcFormatTest" time="0.0">
    <skipped/>
  </testcase>
  <testcase name="patternDecimalPlaces[173]" classname="org.bitcoinj.utils.BtcFormatTest" time="0.001"/>
  <testcase name="factoryArgumentsTest[174]" classname="org.bitcoinj.utils.BtcFormatTest" time="0.001"/>
  <testcase name="parseTest[174]" classname="org.bitcoinj.utils.BtcFormatTest" time="0.0">
    <skipped/>
  </testcase>
  <testcase name="microcoinScaleTest[174]" classname="org.bitcoinj.utils.BtcFormatTest" time="0.0"/>
  <testcase name="parseMetricTest[174]" classname="org.bitcoinj.utils.BtcFormatTest" time="0.002"/>
  <testcase name="coinScaleTest[174]" classname="org.bitcoinj.utils.BtcFormatTest" time="0.001"/>
  <testcase name="builderTest[174]" classname="org.bitcoinj.utils.BtcFormatTest" time="0.0">
    <skipped/>
  </testcase>
  <testcase name="attributeTest[174]" classname="org.bitcoinj.utils.BtcFormatTest" time="0.0">
    <skipped/>
  </testcase>
  <testcase name="prefixTest[174]" classname="org.bitcoinj.utils.BtcFormatTest" time="0.001"/>
  <testcase name="suffixTest[174]" classname="org.bitcoinj.utils.BtcFormatTest" time="0.0">
    <skipped/>
  </testcase>
  <testcase name="autoDecimalTest[174]" classname="org.bitcoinj.utils.BtcFormatTest" time="0.002"/>
  <testcase name="symbolCollisionTest[174]" classname="org.bitcoinj.utils.BtcFormatTest" time="0.006"/>
  <testcase name="equalityTest[174]" classname="org.bitcoinj.utils.BtcFormatTest" time="0.014"/>
  <testcase name="columnAlignmentTest[174]" classname="org.bitcoinj.utils.BtcFormatTest" time="0.001"/>
  <testcase name="factoryTest[174]" classname="org.bitcoinj.utils.BtcFormatTest" time="0.001"/>
  <testcase name="parse[174]" classname="org.bitcoinj.utils.BtcFormatTest" time="0.001"/>
  <testcase name="btcRounding[174]" classname="org.bitcoinj.utils.BtcFormatTest" time="0.003"/>
  <testcase name="negativeTest[174]" classname="org.bitcoinj.utils.BtcFormatTest" time="0.0">
    <skipped/>
  </testcase>
  <testcase name="millicoinScaleTest[174]" classname="org.bitcoinj.utils.BtcFormatTest" time="0.002"/>
  <testcase name="toStringTest[174]" classname="org.bitcoinj.utils.BtcFormatTest" time="0.001">
    <skipped/>
  </testcase>
  <testcase name="testGrouping[174]" classname="org.bitcoinj.utils.BtcFormatTest" time="0.001"/>
  <testcase name="symbolsCodesTest[174]" classname="org.bitcoinj.utils.BtcFormatTest" time="0.002"/>
  <testcase name="defaultLocaleTest[174]" classname="org.bitcoinj.utils.BtcFormatTest" time="0.0"/>
  <testcase name="parsePositionTest[174]" classname="org.bitcoinj.utils.BtcFormatTest" time="0.001"/>
  <testcase name="argumentTypeTest[174]" classname="org.bitcoinj.utils.BtcFormatTest" time="0.0">
    <skipped/>
  </testcase>
  <testcase name="characterIteratorTest[174]" classname="org.bitcoinj.utils.BtcFormatTest" time="0.002"/>
  <testcase name="repeatingPlaceTest[174]" classname="org.bitcoinj.utils.BtcFormatTest" time="0.0"/>
  <testcase name="currencyCodeTest[174]" classname="org.bitcoinj.utils.BtcFormatTest" time="0.001">
    <skipped/>
  </testcase>
  <testcase name="patternDecimalPlaces[174]" classname="org.bitcoinj.utils.BtcFormatTest" time="0.0"/>
  <testcase name="factoryArgumentsTest[175]" classname="org.bitcoinj.utils.BtcFormatTest" time="0.003"/>
  <testcase name="parseTest[175]" classname="org.bitcoinj.utils.BtcFormatTest" time="0.0">
    <skipped/>
  </testcase>
  <testcase name="microcoinScaleTest[175]" classname="org.bitcoinj.utils.BtcFormatTest" time="0.0"/>
  <testcase name="parseMetricTest[175]" classname="org.bitcoinj.utils.BtcFormatTest" time="0.002"/>
  <testcase name="coinScaleTest[175]" classname="org.bitcoinj.utils.BtcFormatTest" time="0.001"/>
  <testcase name="builderTest[175]" classname="org.bitcoinj.utils.BtcFormatTest" time="0.0">
    <skipped/>
  </testcase>
  <testcase name="attributeTest[175]" classname="org.bitcoinj.utils.BtcFormatTest" time="0.0">
    <skipped/>
  </testcase>
  <testcase name="prefixTest[175]" classname="org.bitcoinj.utils.BtcFormatTest" time="0.0"/>
  <testcase name="suffixTest[175]" classname="org.bitcoinj.utils.BtcFormatTest" time="0.0">
    <skipped/>
  </testcase>
  <testcase name="autoDecimalTest[175]" classname="org.bitcoinj.utils.BtcFormatTest" time="0.002"/>
  <testcase name="symbolCollisionTest[175]" classname="org.bitcoinj.utils.BtcFormatTest" time="0.003"/>
  <testcase name="equalityTest[175]" classname="org.bitcoinj.utils.BtcFormatTest" time="0.005"/>
  <testcase name="columnAlignmentTest[175]" classname="org.bitcoinj.utils.BtcFormatTest" time="0.0"/>
  <testcase name="factoryTest[175]" classname="org.bitcoinj.utils.BtcFormatTest" time="0.001"/>
  <testcase name="parse[175]" classname="org.bitcoinj.utils.BtcFormatTest" time="0.0"/>
  <testcase name="btcRounding[175]" classname="org.bitcoinj.utils.BtcFormatTest" time="0.003"/>
  <testcase name="negativeTest[175]" classname="org.bitcoinj.utils.BtcFormatTest" time="0.0">
    <skipped/>
  </testcase>
  <testcase name="millicoinScaleTest[175]" classname="org.bitcoinj.utils.BtcFormatTest" time="0.0"/>
  <testcase name="toStringTest[175]" classname="org.bitcoinj.utils.BtcFormatTest" time="0.0">
    <skipped/>
  </testcase>
  <testcase name="testGrouping[175]" classname="org.bitcoinj.utils.BtcFormatTest" time="0.001"/>
  <testcase name="symbolsCodesTest[175]" classname="org.bitcoinj.utils.BtcFormatTest" time="0.001"/>
  <testcase name="defaultLocaleTest[175]" classname="org.bitcoinj.utils.BtcFormatTest" time="0.0"/>
  <testcase name="parsePositionTest[175]" classname="org.bitcoinj.utils.BtcFormatTest" time="0.0"/>
  <testcase name="argumentTypeTest[175]" classname="org.bitcoinj.utils.BtcFormatTest" time="0.0">
    <skipped/>
  </testcase>
  <testcase name="characterIteratorTest[175]" classname="org.bitcoinj.utils.BtcFormatTest" time="0.001"/>
  <testcase name="repeatingPlaceTest[175]" classname="org.bitcoinj.utils.BtcFormatTest" time="0.0"/>
  <testcase name="currencyCodeTest[175]" classname="org.bitcoinj.utils.BtcFormatTest" time="0.0">
    <skipped/>
  </testcase>
  <testcase name="patternDecimalPlaces[175]" classname="org.bitcoinj.utils.BtcFormatTest" time="0.001"/>
  <testcase name="factoryArgumentsTest[176]" classname="org.bitcoinj.utils.BtcFormatTest" time="0.001"/>
  <testcase name="parseTest[176]" classname="org.bitcoinj.utils.BtcFormatTest" time="0.0">
    <skipped/>
  </testcase>
  <testcase name="microcoinScaleTest[176]" classname="org.bitcoinj.utils.BtcFormatTest" time="0.001"/>
  <testcase name="parseMetricTest[176]" classname="org.bitcoinj.utils.BtcFormatTest" time="0.002"/>
  <testcase name="coinScaleTest[176]" classname="org.bitcoinj.utils.BtcFormatTest" time="0.0"/>
  <testcase name="builderTest[176]" classname="org.bitcoinj.utils.BtcFormatTest" time="0.0">
    <skipped/>
  </testcase>
  <testcase name="attributeTest[176]" classname="org.bitcoinj.utils.BtcFormatTest" time="0.0">
    <skipped/>
  </testcase>
  <testcase name="prefixTest[176]" classname="org.bitcoinj.utils.BtcFormatTest" time="0.001"/>
  <testcase name="suffixTest[176]" classname="org.bitcoinj.utils.BtcFormatTest" time="0.0">
    <skipped/>
  </testcase>
  <testcase name="autoDecimalTest[176]" classname="org.bitcoinj.utils.BtcFormatTest" time="0.002"/>
  <testcase name="symbolCollisionTest[176]" classname="org.bitcoinj.utils.BtcFormatTest" time="0.005"/>
  <testcase name="equalityTest[176]" classname="org.bitcoinj.utils.BtcFormatTest" time="0.003"/>
  <testcase name="columnAlignmentTest[176]" classname="org.bitcoinj.utils.BtcFormatTest" time="0.0"/>
  <testcase name="factoryTest[176]" classname="org.bitcoinj.utils.BtcFormatTest" time="0.0"/>
  <testcase name="parse[176]" classname="org.bitcoinj.utils.BtcFormatTest" time="0.001"/>
  <testcase name="btcRounding[176]" classname="org.bitcoinj.utils.BtcFormatTest" time="0.001"/>
  <testcase name="negativeTest[176]" classname="org.bitcoinj.utils.BtcFormatTest" time="0.0">
    <skipped/>
  </testcase>
  <testcase name="millicoinScaleTest[176]" classname="org.bitcoinj.utils.BtcFormatTest" time="0.001"/>
  <testcase name="toStringTest[176]" classname="org.bitcoinj.utils.BtcFormatTest" time="0.0">
    <skipped/>
  </testcase>
  <testcase name="testGrouping[176]" classname="org.bitcoinj.utils.BtcFormatTest" time="0.0"/>
  <testcase name="symbolsCodesTest[176]" classname="org.bitcoinj.utils.BtcFormatTest" time="0.001"/>
  <testcase name="defaultLocaleTest[176]" classname="org.bitcoinj.utils.BtcFormatTest" time="0.0"/>
  <testcase name="parsePositionTest[176]" classname="org.bitcoinj.utils.BtcFormatTest" time="0.001"/>
  <testcase name="argumentTypeTest[176]" classname="org.bitcoinj.utils.BtcFormatTest" time="0.0">
    <skipped/>
  </testcase>
  <testcase name="characterIteratorTest[176]" classname="org.bitcoinj.utils.BtcFormatTest" time="0.0"/>
  <testcase name="repeatingPlaceTest[176]" classname="org.bitcoinj.utils.BtcFormatTest" time="0.001"/>
  <testcase name="currencyCodeTest[176]" classname="org.bitcoinj.utils.BtcFormatTest" time="0.001">
    <skipped/>
  </testcase>
  <testcase name="patternDecimalPlaces[176]" classname="org.bitcoinj.utils.BtcFormatTest" time="0.0"/>
  <testcase name="factoryArgumentsTest[177]" classname="org.bitcoinj.utils.BtcFormatTest" time="0.003"/>
  <testcase name="parseTest[177]" classname="org.bitcoinj.utils.BtcFormatTest" time="0.0">
    <skipped/>
  </testcase>
  <testcase name="microcoinScaleTest[177]" classname="org.bitcoinj.utils.BtcFormatTest" time="0.0"/>
  <testcase name="parseMetricTest[177]" classname="org.bitcoinj.utils.BtcFormatTest" time="0.002"/>
  <testcase name="coinScaleTest[177]" classname="org.bitcoinj.utils.BtcFormatTest" time="0.0"/>
  <testcase name="builderTest[177]" classname="org.bitcoinj.utils.BtcFormatTest" time="0.0">
    <skipped/>
  </testcase>
  <testcase name="attributeTest[177]" classname="org.bitcoinj.utils.BtcFormatTest" time="0.0">
    <skipped/>
  </testcase>
  <testcase name="prefixTest[177]" classname="org.bitcoinj.utils.BtcFormatTest" time="0.001"/>
  <testcase name="suffixTest[177]" classname="org.bitcoinj.utils.BtcFormatTest" time="0.0">
    <skipped/>
  </testcase>
  <testcase name="autoDecimalTest[177]" classname="org.bitcoinj.utils.BtcFormatTest" time="0.0"/>
  <testcase name="symbolCollisionTest[177]" classname="org.bitcoinj.utils.BtcFormatTest" time="0.001"/>
  <testcase name="equalityTest[177]" classname="org.bitcoinj.utils.BtcFormatTest" time="0.005"/>
  <testcase name="columnAlignmentTest[177]" classname="org.bitcoinj.utils.BtcFormatTest" time="0.001"/>
  <testcase name="factoryTest[177]" classname="org.bitcoinj.utils.BtcFormatTest" time="0.0"/>
  <testcase name="parse[177]" classname="org.bitcoinj.utils.BtcFormatTest" time="0.001"/>
  <testcase name="btcRounding[177]" classname="org.bitcoinj.utils.BtcFormatTest" time="0.002"/>
  <testcase name="negativeTest[177]" classname="org.bitcoinj.utils.BtcFormatTest" time="0.0">
    <skipped/>
  </testcase>
  <testcase name="millicoinScaleTest[177]" classname="org.bitcoinj.utils.BtcFormatTest" time="0.0"/>
  <testcase name="toStringTest[177]" classname="org.bitcoinj.utils.BtcFormatTest" time="0.0">
    <skipped/>
  </testcase>
  <testcase name="testGrouping[177]" classname="org.bitcoinj.utils.BtcFormatTest" time="0.0"/>
  <testcase name="symbolsCodesTest[177]" classname="org.bitcoinj.utils.BtcFormatTest" time="0.001"/>
  <testcase name="defaultLocaleTest[177]" classname="org.bitcoinj.utils.BtcFormatTest" time="0.001"/>
  <testcase name="parsePositionTest[177]" classname="org.bitcoinj.utils.BtcFormatTest" time="0.0"/>
  <testcase name="argumentTypeTest[177]" classname="org.bitcoinj.utils.BtcFormatTest" time="0.0">
    <skipped/>
  </testcase>
  <testcase name="characterIteratorTest[177]" classname="org.bitcoinj.utils.BtcFormatTest" time="0.001"/>
  <testcase name="repeatingPlaceTest[177]" classname="org.bitcoinj.utils.BtcFormatTest" time="0.0"/>
  <testcase name="currencyCodeTest[177]" classname="org.bitcoinj.utils.BtcFormatTest" time="0.0">
    <skipped/>
  </testcase>
  <testcase name="patternDecimalPlaces[177]" classname="org.bitcoinj.utils.BtcFormatTest" time="0.0"/>
  <testcase name="factoryArgumentsTest[178]" classname="org.bitcoinj.utils.BtcFormatTest" time="0.001"/>
  <testcase name="parseTest[178]" classname="org.bitcoinj.utils.BtcFormatTest" time="0.0">
    <skipped/>
  </testcase>
  <testcase name="microcoinScaleTest[178]" classname="org.bitcoinj.utils.BtcFormatTest" time="0.0"/>
  <testcase name="parseMetricTest[178]" classname="org.bitcoinj.utils.BtcFormatTest" time="0.003"/>
  <testcase name="coinScaleTest[178]" classname="org.bitcoinj.utils.BtcFormatTest" time="0.0"/>
  <testcase name="builderTest[178]" classname="org.bitcoinj.utils.BtcFormatTest" time="0.0">
    <skipped/>
  </testcase>
  <testcase name="attributeTest[178]" classname="org.bitcoinj.utils.BtcFormatTest" time="0.0">
    <skipped/>
  </testcase>
  <testcase name="prefixTest[178]" classname="org.bitcoinj.utils.BtcFormatTest" time="0.0"/>
  <testcase name="suffixTest[178]" classname="org.bitcoinj.utils.BtcFormatTest" time="0.0">
    <skipped/>
  </testcase>
  <testcase name="autoDecimalTest[178]" classname="org.bitcoinj.utils.BtcFormatTest" time="0.001"/>
  <testcase name="symbolCollisionTest[178]" classname="org.bitcoinj.utils.BtcFormatTest" time="0.004"/>
  <testcase name="equalityTest[178]" classname="org.bitcoinj.utils.BtcFormatTest" time="0.003"/>
  <testcase name="columnAlignmentTest[178]" classname="org.bitcoinj.utils.BtcFormatTest" time="0.0"/>
  <testcase name="factoryTest[178]" classname="org.bitcoinj.utils.BtcFormatTest" time="0.001"/>
  <testcase name="parse[178]" classname="org.bitcoinj.utils.BtcFormatTest" time="0.0"/>
  <testcase name="btcRounding[178]" classname="org.bitcoinj.utils.BtcFormatTest" time="0.002"/>
  <testcase name="negativeTest[178]" classname="org.bitcoinj.utils.BtcFormatTest" time="0.0">
    <skipped/>
  </testcase>
  <testcase name="millicoinScaleTest[178]" classname="org.bitcoinj.utils.BtcFormatTest" time="0.0"/>
  <testcase name="toStringTest[178]" classname="org.bitcoinj.utils.BtcFormatTest" time="0.0">
    <skipped/>
  </testcase>
  <testcase name="testGrouping[178]" classname="org.bitcoinj.utils.BtcFormatTest" time="0.0"/>
  <testcase name="symbolsCodesTest[178]" classname="org.bitcoinj.utils.BtcFormatTest" time="0.002"/>
  <testcase name="defaultLocaleTest[178]" classname="org.bitcoinj.utils.BtcFormatTest" time="0.001"/>
  <testcase name="parsePositionTest[178]" classname="org.bitcoinj.utils.BtcFormatTest" time="0.0"/>
  <testcase name="argumentTypeTest[178]" classname="org.bitcoinj.utils.BtcFormatTest" time="0.001">
    <skipped/>
  </testcase>
  <testcase name="characterIteratorTest[178]" classname="org.bitcoinj.utils.BtcFormatTest" time="0.0"/>
  <testcase name="repeatingPlaceTest[178]" classname="org.bitcoinj.utils.BtcFormatTest" time="0.001"/>
  <testcase name="currencyCodeTest[178]" classname="org.bitcoinj.utils.BtcFormatTest" time="0.0">
    <skipped/>
  </testcase>
  <testcase name="patternDecimalPlaces[178]" classname="org.bitcoinj.utils.BtcFormatTest" time="0.0"/>
  <testcase name="factoryArgumentsTest[179]" classname="org.bitcoinj.utils.BtcFormatTest" time="0.002"/>
  <testcase name="parseTest[179]" classname="org.bitcoinj.utils.BtcFormatTest" time="0.0">
    <skipped/>
  </testcase>
  <testcase name="microcoinScaleTest[179]" classname="org.bitcoinj.utils.BtcFormatTest" time="0.0"/>
  <testcase name="parseMetricTest[179]" classname="org.bitcoinj.utils.BtcFormatTest" time="0.002"/>
  <testcase name="coinScaleTest[179]" classname="org.bitcoinj.utils.BtcFormatTest" time="0.001"/>
  <testcase name="builderTest[179]" classname="org.bitcoinj.utils.BtcFormatTest" time="0.0">
    <skipped/>
  </testcase>
  <testcase name="attributeTest[179]" classname="org.bitcoinj.utils.BtcFormatTest" time="0.0">
    <skipped/>
  </testcase>
  <testcase name="prefixTest[179]" classname="org.bitcoinj.utils.BtcFormatTest" time="0.0"/>
  <testcase name="suffixTest[179]" classname="org.bitcoinj.utils.BtcFormatTest" time="0.0">
    <skipped/>
  </testcase>
  <testcase name="autoDecimalTest[179]" classname="org.bitcoinj.utils.BtcFormatTest" time="0.002"/>
  <testcase name="symbolCollisionTest[179]" classname="org.bitcoinj.utils.BtcFormatTest" time="0.003"/>
  <testcase name="equalityTest[179]" classname="org.bitcoinj.utils.BtcFormatTest" time="0.004"/>
  <testcase name="columnAlignmentTest[179]" classname="org.bitcoinj.utils.BtcFormatTest" time="0.001"/>
  <testcase name="factoryTest[179]" classname="org.bitcoinj.utils.BtcFormatTest" time="0.001"/>
  <testcase name="parse[179]" classname="org.bitcoinj.utils.BtcFormatTest" time="0.0"/>
  <testcase name="btcRounding[179]" classname="org.bitcoinj.utils.BtcFormatTest" time="0.003"/>
  <testcase name="negativeTest[179]" classname="org.bitcoinj.utils.BtcFormatTest" time="0.0">
    <skipped/>
  </testcase>
  <testcase name="millicoinScaleTest[179]" classname="org.bitcoinj.utils.BtcFormatTest" time="0.0"/>
  <testcase name="toStringTest[179]" classname="org.bitcoinj.utils.BtcFormatTest" time="0.0">
    <skipped/>
  </testcase>
  <testcase name="testGrouping[179]" classname="org.bitcoinj.utils.BtcFormatTest" time="0.001"/>
  <testcase name="symbolsCodesTest[179]" classname="org.bitcoinj.utils.BtcFormatTest" time="0.001"/>
  <testcase name="defaultLocaleTest[179]" classname="org.bitcoinj.utils.BtcFormatTest" time="0.001"/>
  <testcase name="parsePositionTest[179]" classname="org.bitcoinj.utils.BtcFormatTest" time="0.0"/>
  <testcase name="argumentTypeTest[179]" classname="org.bitcoinj.utils.BtcFormatTest" time="0.0">
    <skipped/>
  </testcase>
  <testcase name="characterIteratorTest[179]" classname="org.bitcoinj.utils.BtcFormatTest" time="0.001"/>
  <testcase name="repeatingPlaceTest[179]" classname="org.bitcoinj.utils.BtcFormatTest" time="0.001"/>
  <testcase name="currencyCodeTest[179]" classname="org.bitcoinj.utils.BtcFormatTest" time="0.003">
    <skipped/>
  </testcase>
  <testcase name="patternDecimalPlaces[179]" classname="org.bitcoinj.utils.BtcFormatTest" time="0.0"/>
  <testcase name="factoryArgumentsTest[180]" classname="org.bitcoinj.utils.BtcFormatTest" time="0.003"/>
  <testcase name="parseTest[180]" classname="org.bitcoinj.utils.BtcFormatTest" time="0.0">
    <skipped/>
  </testcase>
  <testcase name="microcoinScaleTest[180]" classname="org.bitcoinj.utils.BtcFormatTest" time="0.0"/>
  <testcase name="parseMetricTest[180]" classname="org.bitcoinj.utils.BtcFormatTest" time="0.003"/>
  <testcase name="coinScaleTest[180]" classname="org.bitcoinj.utils.BtcFormatTest" time="0.002"/>
  <testcase name="builderTest[180]" classname="org.bitcoinj.utils.BtcFormatTest" time="0.0">
    <skipped/>
  </testcase>
  <testcase name="attributeTest[180]" classname="org.bitcoinj.utils.BtcFormatTest" time="0.0">
    <skipped/>
  </testcase>
  <testcase name="prefixTest[180]" classname="org.bitcoinj.utils.BtcFormatTest" time="0.001"/>
  <testcase name="suffixTest[180]" classname="org.bitcoinj.utils.BtcFormatTest" time="0.0">
    <skipped/>
  </testcase>
  <testcase name="autoDecimalTest[180]" classname="org.bitcoinj.utils.BtcFormatTest" time="0.001"/>
  <testcase name="symbolCollisionTest[180]" classname="org.bitcoinj.utils.BtcFormatTest" time="0.007"/>
  <testcase name="equalityTest[180]" classname="org.bitcoinj.utils.BtcFormatTest" time="0.004"/>
  <testcase name="columnAlignmentTest[180]" classname="org.bitcoinj.utils.BtcFormatTest" time="0.001"/>
  <testcase name="factoryTest[180]" classname="org.bitcoinj.utils.BtcFormatTest" time="0.004"/>
  <testcase name="parse[180]" classname="org.bitcoinj.utils.BtcFormatTest" time="0.0"/>
  <testcase name="btcRounding[180]" classname="org.bitcoinj.utils.BtcFormatTest" time="0.002"/>
  <testcase name="negativeTest[180]" classname="org.bitcoinj.utils.BtcFormatTest" time="0.0">
    <skipped/>
  </testcase>
  <testcase name="millicoinScaleTest[180]" classname="org.bitcoinj.utils.BtcFormatTest" time="0.0"/>
  <testcase name="toStringTest[180]" classname="org.bitcoinj.utils.BtcFormatTest" time="0.0">
    <skipped/>
  </testcase>
  <testcase name="testGrouping[180]" classname="org.bitcoinj.utils.BtcFormatTest" time="0.001"/>
  <testcase name="symbolsCodesTest[180]" classname="org.bitcoinj.utils.BtcFormatTest" time="0.001"/>
  <testcase name="defaultLocaleTest[180]" classname="org.bitcoinj.utils.BtcFormatTest" time="0.0"/>
  <testcase name="parsePositionTest[180]" classname="org.bitcoinj.utils.BtcFormatTest" time="0.001"/>
  <testcase name="argumentTypeTest[180]" classname="org.bitcoinj.utils.BtcFormatTest" time="0.001">
    <skipped/>
  </testcase>
  <testcase name="characterIteratorTest[180]" classname="org.bitcoinj.utils.BtcFormatTest" time="0.002"/>
  <testcase name="repeatingPlaceTest[180]" classname="org.bitcoinj.utils.BtcFormatTest" time="0.0"/>
  <testcase name="currencyCodeTest[180]" classname="org.bitcoinj.utils.BtcFormatTest" time="0.0">
    <skipped/>
  </testcase>
  <testcase name="patternDecimalPlaces[180]" classname="org.bitcoinj.utils.BtcFormatTest" time="0.001"/>
  <testcase name="factoryArgumentsTest[181]" classname="org.bitcoinj.utils.BtcFormatTest" time="0.003"/>
  <testcase name="parseTest[181]" classname="org.bitcoinj.utils.BtcFormatTest" time="0.0">
    <skipped/>
  </testcase>
  <testcase name="microcoinScaleTest[181]" classname="org.bitcoinj.utils.BtcFormatTest" time="0.001"/>
  <testcase name="parseMetricTest[181]" classname="org.bitcoinj.utils.BtcFormatTest" time="0.003"/>
  <testcase name="coinScaleTest[181]" classname="org.bitcoinj.utils.BtcFormatTest" time="0.001"/>
  <testcase name="builderTest[181]" classname="org.bitcoinj.utils.BtcFormatTest" time="0.0">
    <skipped/>
  </testcase>
  <testcase name="attributeTest[181]" classname="org.bitcoinj.utils.BtcFormatTest" time="0.001">
    <skipped/>
  </testcase>
  <testcase name="prefixTest[181]" classname="org.bitcoinj.utils.BtcFormatTest" time="0.0"/>
  <testcase name="suffixTest[181]" classname="org.bitcoinj.utils.BtcFormatTest" time="0.001">
    <skipped/>
  </testcase>
  <testcase name="autoDecimalTest[181]" classname="org.bitcoinj.utils.BtcFormatTest" time="0.003"/>
  <testcase name="symbolCollisionTest[181]" classname="org.bitcoinj.utils.BtcFormatTest" time="0.007"/>
  <testcase name="equalityTest[181]" classname="org.bitcoinj.utils.BtcFormatTest" time="0.005"/>
  <testcase name="columnAlignmentTest[181]" classname="org.bitcoinj.utils.BtcFormatTest" time="0.0"/>
  <testcase name="factoryTest[181]" classname="org.bitcoinj.utils.BtcFormatTest" time="0.001"/>
  <testcase name="parse[181]" classname="org.bitcoinj.utils.BtcFormatTest" time="0.0"/>
  <testcase name="btcRounding[181]" classname="org.bitcoinj.utils.BtcFormatTest" time="0.008"/>
  <testcase name="negativeTest[181]" classname="org.bitcoinj.utils.BtcFormatTest" time="0.0">
    <skipped/>
  </testcase>
  <testcase name="millicoinScaleTest[181]" classname="org.bitcoinj.utils.BtcFormatTest" time="0.003"/>
  <testcase name="toStringTest[181]" classname="org.bitcoinj.utils.BtcFormatTest" time="0.0">
    <skipped/>
  </testcase>
  <testcase name="testGrouping[181]" classname="org.bitcoinj.utils.BtcFormatTest" time="0.001"/>
  <testcase name="symbolsCodesTest[181]" classname="org.bitcoinj.utils.BtcFormatTest" time="0.001"/>
  <testcase name="defaultLocaleTest[181]" classname="org.bitcoinj.utils.BtcFormatTest" time="0.0"/>
  <testcase name="parsePositionTest[181]" classname="org.bitcoinj.utils.BtcFormatTest" time="0.0"/>
  <testcase name="argumentTypeTest[181]" classname="org.bitcoinj.utils.BtcFormatTest" time="0.0">
    <skipped/>
  </testcase>
  <testcase name="characterIteratorTest[181]" classname="org.bitcoinj.utils.BtcFormatTest" time="0.001"/>
  <testcase name="repeatingPlaceTest[181]" classname="org.bitcoinj.utils.BtcFormatTest" time="0.001"/>
  <testcase name="currencyCodeTest[181]" classname="org.bitcoinj.utils.BtcFormatTest" time="0.0">
    <skipped/>
  </testcase>
  <testcase name="patternDecimalPlaces[181]" classname="org.bitcoinj.utils.BtcFormatTest" time="0.0"/>
  <testcase name="factoryArgumentsTest[182]" classname="org.bitcoinj.utils.BtcFormatTest" time="0.001"/>
  <testcase name="parseTest[182]" classname="org.bitcoinj.utils.BtcFormatTest" time="0.0">
    <skipped/>
  </testcase>
  <testcase name="microcoinScaleTest[182]" classname="org.bitcoinj.utils.BtcFormatTest" time="0.0"/>
  <testcase name="parseMetricTest[182]" classname="org.bitcoinj.utils.BtcFormatTest" time="0.015"/>
  <testcase name="coinScaleTest[182]" classname="org.bitcoinj.utils.BtcFormatTest" time="0.0"/>
  <testcase name="builderTest[182]" classname="org.bitcoinj.utils.BtcFormatTest" time="0.0">
    <skipped/>
  </testcase>
  <testcase name="attributeTest[182]" classname="org.bitcoinj.utils.BtcFormatTest" time="0.0">
    <skipped/>
  </testcase>
  <testcase name="prefixTest[182]" classname="org.bitcoinj.utils.BtcFormatTest" time="0.0"/>
  <testcase name="suffixTest[182]" classname="org.bitcoinj.utils.BtcFormatTest" time="0.0">
    <skipped/>
  </testcase>
  <testcase name="autoDecimalTest[182]" classname="org.bitcoinj.utils.BtcFormatTest" time="0.002"/>
  <testcase name="symbolCollisionTest[182]" classname="org.bitcoinj.utils.BtcFormatTest" time="0.004"/>
  <testcase name="equalityTest[182]" classname="org.bitcoinj.utils.BtcFormatTest" time="0.004"/>
  <testcase name="columnAlignmentTest[182]" classname="org.bitcoinj.utils.BtcFormatTest" time="0.0"/>
  <testcase name="factoryTest[182]" classname="org.bitcoinj.utils.BtcFormatTest" time="0.001"/>
  <testcase name="parse[182]" classname="org.bitcoinj.utils.BtcFormatTest" time="0.0"/>
  <testcase name="btcRounding[182]" classname="org.bitcoinj.utils.BtcFormatTest" time="0.003"/>
  <testcase name="negativeTest[182]" classname="org.bitcoinj.utils.BtcFormatTest" time="0.0">
    <skipped/>
  </testcase>
  <testcase name="millicoinScaleTest[182]" classname="org.bitcoinj.utils.BtcFormatTest" time="0.0"/>
  <testcase name="toStringTest[182]" classname="org.bitcoinj.utils.BtcFormatTest" time="0.0">
    <skipped/>
  </testcase>
  <testcase name="testGrouping[182]" classname="org.bitcoinj.utils.BtcFormatTest" time="0.0"/>
  <testcase name="symbolsCodesTest[182]" classname="org.bitcoinj.utils.BtcFormatTest" time="0.002"/>
  <testcase name="defaultLocaleTest[182]" classname="org.bitcoinj.utils.BtcFormatTest" time="0.0"/>
  <testcase name="parsePositionTest[182]" classname="org.bitcoinj.utils.BtcFormatTest" time="0.001"/>
  <testcase name="argumentTypeTest[182]" classname="org.bitcoinj.utils.BtcFormatTest" time="0.0">
    <skipped/>
  </testcase>
  <testcase name="characterIteratorTest[182]" classname="org.bitcoinj.utils.BtcFormatTest" time="0.006"/>
  <testcase name="repeatingPlaceTest[182]" classname="org.bitcoinj.utils.BtcFormatTest" time="0.0"/>
  <testcase name="currencyCodeTest[182]" classname="org.bitcoinj.utils.BtcFormatTest" time="0.0">
    <skipped/>
  </testcase>
  <testcase name="patternDecimalPlaces[182]" classname="org.bitcoinj.utils.BtcFormatTest" time="0.0"/>
  <testcase name="factoryArgumentsTest[183]" classname="org.bitcoinj.utils.BtcFormatTest" time="0.003"/>
  <testcase name="parseTest[183]" classname="org.bitcoinj.utils.BtcFormatTest" time="0.0">
    <skipped/>
  </testcase>
  <testcase name="microcoinScaleTest[183]" classname="org.bitcoinj.utils.BtcFormatTest" time="0.0"/>
  <testcase name="parseMetricTest[183]" classname="org.bitcoinj.utils.BtcFormatTest" time="0.003"/>
  <testcase name="coinScaleTest[183]" classname="org.bitcoinj.utils.BtcFormatTest" time="0.001"/>
  <testcase name="builderTest[183]" classname="org.bitcoinj.utils.BtcFormatTest" time="0.0">
    <skipped/>
  </testcase>
  <testcase name="attributeTest[183]" classname="org.bitcoinj.utils.BtcFormatTest" time="0.0">
    <skipped/>
  </testcase>
  <testcase name="prefixTest[183]" classname="org.bitcoinj.utils.BtcFormatTest" time="0.0"/>
  <testcase name="suffixTest[183]" classname="org.bitcoinj.utils.BtcFormatTest" time="0.0">
    <skipped/>
  </testcase>
  <testcase name="autoDecimalTest[183]" classname="org.bitcoinj.utils.BtcFormatTest" time="0.001"/>
  <testcase name="symbolCollisionTest[183]" classname="org.bitcoinj.utils.BtcFormatTest" time="0.004"/>
  <testcase name="equalityTest[183]" classname="org.bitcoinj.utils.BtcFormatTest" time="0.015"/>
  <testcase name="columnAlignmentTest[183]" classname="org.bitcoinj.utils.BtcFormatTest" time="0.004"/>
  <testcase name="factoryTest[183]" classname="org.bitcoinj.utils.BtcFormatTest" time="0.002"/>
  <testcase name="parse[183]" classname="org.bitcoinj.utils.BtcFormatTest" time="0.0"/>
  <testcase name="btcRounding[183]" classname="org.bitcoinj.utils.BtcFormatTest" time="0.003"/>
  <testcase name="negativeTest[183]" classname="org.bitcoinj.utils.BtcFormatTest" time="0.0">
    <skipped/>
  </testcase>
  <testcase name="millicoinScaleTest[183]" classname="org.bitcoinj.utils.BtcFormatTest" time="0.0"/>
  <testcase name="toStringTest[183]" classname="org.bitcoinj.utils.BtcFormatTest" time="0.0">
    <skipped/>
  </testcase>
  <testcase name="testGrouping[183]" classname="org.bitcoinj.utils.BtcFormatTest" time="0.001"/>
  <testcase name="symbolsCodesTest[183]" classname="org.bitcoinj.utils.BtcFormatTest" time="0.002"/>
  <testcase name="defaultLocaleTest[183]" classname="org.bitcoinj.utils.BtcFormatTest" time="0.0"/>
  <testcase name="parsePositionTest[183]" classname="org.bitcoinj.utils.BtcFormatTest" time="0.001"/>
  <testcase name="argumentTypeTest[183]" classname="org.bitcoinj.utils.BtcFormatTest" time="0.0">
    <skipped/>
  </testcase>
  <testcase name="characterIteratorTest[183]" classname="org.bitcoinj.utils.BtcFormatTest" time="0.0"/>
  <testcase name="repeatingPlaceTest[183]" classname="org.bitcoinj.utils.BtcFormatTest" time="0.0"/>
  <testcase name="currencyCodeTest[183]" classname="org.bitcoinj.utils.BtcFormatTest" time="0.0">
    <skipped/>
  </testcase>
  <testcase name="patternDecimalPlaces[183]" classname="org.bitcoinj.utils.BtcFormatTest" time="0.0"/>
  <testcase name="factoryArgumentsTest[184]" classname="org.bitcoinj.utils.BtcFormatTest" time="0.002"/>
  <testcase name="parseTest[184]" classname="org.bitcoinj.utils.BtcFormatTest" time="0.0">
    <skipped/>
  </testcase>
  <testcase name="microcoinScaleTest[184]" classname="org.bitcoinj.utils.BtcFormatTest" time="0.001"/>
  <testcase name="parseMetricTest[184]" classname="org.bitcoinj.utils.BtcFormatTest" time="0.001"/>
  <testcase name="coinScaleTest[184]" classname="org.bitcoinj.utils.BtcFormatTest" time="0.0"/>
  <testcase name="builderTest[184]" classname="org.bitcoinj.utils.BtcFormatTest" time="0.0">
    <skipped/>
  </testcase>
  <testcase name="attributeTest[184]" classname="org.bitcoinj.utils.BtcFormatTest" time="0.0">
    <skipped/>
  </testcase>
  <testcase name="prefixTest[184]" classname="org.bitcoinj.utils.BtcFormatTest" time="0.0"/>
  <testcase name="suffixTest[184]" classname="org.bitcoinj.utils.BtcFormatTest" time="0.0">
    <skipped/>
  </testcase>
  <testcase name="autoDecimalTest[184]" classname="org.bitcoinj.utils.BtcFormatTest" time="0.003"/>
  <testcase name="symbolCollisionTest[184]" classname="org.bitcoinj.utils.BtcFormatTest" time="0.004"/>
  <testcase name="equalityTest[184]" classname="org.bitcoinj.utils.BtcFormatTest" time="0.004"/>
  <testcase name="columnAlignmentTest[184]" classname="org.bitcoinj.utils.BtcFormatTest" time="0.001"/>
  <testcase name="factoryTest[184]" classname="org.bitcoinj.utils.BtcFormatTest" time="0.0"/>
  <testcase name="parse[184]" classname="org.bitcoinj.utils.BtcFormatTest" time="0.0"/>
  <testcase name="btcRounding[184]" classname="org.bitcoinj.utils.BtcFormatTest" time="0.002"/>
  <testcase name="negativeTest[184]" classname="org.bitcoinj.utils.BtcFormatTest" time="0.0">
    <skipped/>
  </testcase>
  <testcase name="millicoinScaleTest[184]" classname="org.bitcoinj.utils.BtcFormatTest" time="0.0"/>
  <testcase name="toStringTest[184]" classname="org.bitcoinj.utils.BtcFormatTest" time="0.0">
    <skipped/>
  </testcase>
  <testcase name="testGrouping[184]" classname="org.bitcoinj.utils.BtcFormatTest" time="0.0"/>
  <testcase name="symbolsCodesTest[184]" classname="org.bitcoinj.utils.BtcFormatTest" time="0.001"/>
  <testcase name="defaultLocaleTest[184]" classname="org.bitcoinj.utils.BtcFormatTest" time="0.0"/>
  <testcase name="parsePositionTest[184]" classname="org.bitcoinj.utils.BtcFormatTest" time="0.001"/>
  <testcase name="argumentTypeTest[184]" classname="org.bitcoinj.utils.BtcFormatTest" time="0.0">
    <skipped/>
  </testcase>
  <testcase name="characterIteratorTest[184]" classname="org.bitcoinj.utils.BtcFormatTest" time="0.0"/>
  <testcase name="repeatingPlaceTest[184]" classname="org.bitcoinj.utils.BtcFormatTest" time="0.001"/>
  <testcase name="currencyCodeTest[184]" classname="org.bitcoinj.utils.BtcFormatTest" time="0.0">
    <skipped/>
  </testcase>
  <testcase name="patternDecimalPlaces[184]" classname="org.bitcoinj.utils.BtcFormatTest" time="0.0"/>
  <testcase name="factoryArgumentsTest[185]" classname="org.bitcoinj.utils.BtcFormatTest" time="0.004"/>
  <testcase name="parseTest[185]" classname="org.bitcoinj.utils.BtcFormatTest" time="0.0">
    <skipped/>
  </testcase>
  <testcase name="microcoinScaleTest[185]" classname="org.bitcoinj.utils.BtcFormatTest" time="0.0"/>
  <testcase name="parseMetricTest[185]" classname="org.bitcoinj.utils.BtcFormatTest" time="0.002"/>
  <testcase name="coinScaleTest[185]" classname="org.bitcoinj.utils.BtcFormatTest" time="0.0"/>
  <testcase name="builderTest[185]" classname="org.bitcoinj.utils.BtcFormatTest" time="0.0">
    <skipped/>
  </testcase>
  <testcase name="attributeTest[185]" classname="org.bitcoinj.utils.BtcFormatTest" time="0.0">
    <skipped/>
  </testcase>
  <testcase name="prefixTest[185]" classname="org.bitcoinj.utils.BtcFormatTest" time="0.0"/>
  <testcase name="suffixTest[185]" classname="org.bitcoinj.utils.BtcFormatTest" time="0.0">
    <skipped/>
  </testcase>
  <testcase name="autoDecimalTest[185]" classname="org.bitcoinj.utils.BtcFormatTest" time="0.001"/>
  <testcase name="symbolCollisionTest[185]" classname="org.bitcoinj.utils.BtcFormatTest" time="0.004"/>
  <testcase name="equalityTest[185]" classname="org.bitcoinj.utils.BtcFormatTest" time="0.002"/>
  <testcase name="columnAlignmentTest[185]" classname="org.bitcoinj.utils.BtcFormatTest" time="0.0"/>
  <testcase name="factoryTest[185]" classname="org.bitcoinj.utils.BtcFormatTest" time="0.001"/>
  <testcase name="parse[185]" classname="org.bitcoinj.utils.BtcFormatTest" time="0.0"/>
  <testcase name="btcRounding[185]" classname="org.bitcoinj.utils.BtcFormatTest" time="0.002"/>
  <testcase name="negativeTest[185]" classname="org.bitcoinj.utils.BtcFormatTest" time="0.0">
    <skipped/>
  </testcase>
  <testcase name="millicoinScaleTest[185]" classname="org.bitcoinj.utils.BtcFormatTest" time="0.001"/>
  <testcase name="toStringTest[185]" classname="org.bitcoinj.utils.BtcFormatTest" time="0.0">
    <skipped/>
  </testcase>
  <testcase name="testGrouping[185]" classname="org.bitcoinj.utils.BtcFormatTest" time="0.001"/>
  <testcase name="symbolsCodesTest[185]" classname="org.bitcoinj.utils.BtcFormatTest" time="0.001"/>
  <testcase name="defaultLocaleTest[185]" classname="org.bitcoinj.utils.BtcFormatTest" time="0.0"/>
  <testcase name="parsePositionTest[185]" classname="org.bitcoinj.utils.BtcFormatTest" time="0.001"/>
  <testcase name="argumentTypeTest[185]" classname="org.bitcoinj.utils.BtcFormatTest" time="0.0">
    <skipped/>
  </testcase>
  <testcase name="characterIteratorTest[185]" classname="org.bitcoinj.utils.BtcFormatTest" time="0.0"/>
  <testcase name="repeatingPlaceTest[185]" classname="org.bitcoinj.utils.BtcFormatTest" time="0.001"/>
  <testcase name="currencyCodeTest[185]" classname="org.bitcoinj.utils.BtcFormatTest" time="0.0">
    <skipped/>
  </testcase>
  <testcase name="patternDecimalPlaces[185]" classname="org.bitcoinj.utils.BtcFormatTest" time="0.0"/>
  <testcase name="factoryArgumentsTest[186]" classname="org.bitcoinj.utils.BtcFormatTest" time="0.002"/>
  <testcase name="parseTest[186]" classname="org.bitcoinj.utils.BtcFormatTest" time="0.0">
    <skipped/>
  </testcase>
  <testcase name="microcoinScaleTest[186]" classname="org.bitcoinj.utils.BtcFormatTest" time="0.001"/>
  <testcase name="parseMetricTest[186]" classname="org.bitcoinj.utils.BtcFormatTest" time="0.002"/>
  <testcase name="coinScaleTest[186]" classname="org.bitcoinj.utils.BtcFormatTest" time="0.0"/>
  <testcase name="builderTest[186]" classname="org.bitcoinj.utils.BtcFormatTest" time="0.0">
    <skipped/>
  </testcase>
  <testcase name="attributeTest[186]" classname="org.bitcoinj.utils.BtcFormatTest" time="0.0">
    <skipped/>
  </testcase>
  <testcase name="prefixTest[186]" classname="org.bitcoinj.utils.BtcFormatTest" time="0.0"/>
  <testcase name="suffixTest[186]" classname="org.bitcoinj.utils.BtcFormatTest" time="0.0">
    <skipped/>
  </testcase>
  <testcase name="autoDecimalTest[186]" classname="org.bitcoinj.utils.BtcFormatTest" time="0.002"/>
  <testcase name="symbolCollisionTest[186]" classname="org.bitcoinj.utils.BtcFormatTest" time="0.003"/>
  <testcase name="equalityTest[186]" classname="org.bitcoinj.utils.BtcFormatTest" time="0.005"/>
  <testcase name="columnAlignmentTest[186]" classname="org.bitcoinj.utils.BtcFormatTest" time="0.0"/>
  <testcase name="factoryTest[186]" classname="org.bitcoinj.utils.BtcFormatTest" time="0.001"/>
  <testcase name="parse[186]" classname="org.bitcoinj.utils.BtcFormatTest" time="0.0"/>
  <testcase name="btcRounding[186]" classname="org.bitcoinj.utils.BtcFormatTest" time="0.005"/>
  <testcase name="negativeTest[186]" classname="org.bitcoinj.utils.BtcFormatTest" time="0.0">
    <skipped/>
  </testcase>
  <testcase name="millicoinScaleTest[186]" classname="org.bitcoinj.utils.BtcFormatTest" time="0.0"/>
  <testcase name="toStringTest[186]" classname="org.bitcoinj.utils.BtcFormatTest" time="0.0">
    <skipped/>
  </testcase>
  <testcase name="testGrouping[186]" classname="org.bitcoinj.utils.BtcFormatTest" time="0.0"/>
  <testcase name="symbolsCodesTest[186]" classname="org.bitcoinj.utils.BtcFormatTest" time="0.001"/>
  <testcase name="defaultLocaleTest[186]" classname="org.bitcoinj.utils.BtcFormatTest" time="0.0"/>
  <testcase name="parsePositionTest[186]" classname="org.bitcoinj.utils.BtcFormatTest" time="0.001"/>
  <testcase name="argumentTypeTest[186]" classname="org.bitcoinj.utils.BtcFormatTest" time="0.0">
    <skipped/>
  </testcase>
  <testcase name="characterIteratorTest[186]" classname="org.bitcoinj.utils.BtcFormatTest" time="0.0"/>
  <testcase name="repeatingPlaceTest[186]" classname="org.bitcoinj.utils.BtcFormatTest" time="0.0"/>
  <testcase name="currencyCodeTest[186]" classname="org.bitcoinj.utils.BtcFormatTest" time="0.0">
    <skipped/>
  </testcase>
  <testcase name="patternDecimalPlaces[186]" classname="org.bitcoinj.utils.BtcFormatTest" time="0.001"/>
  <testcase name="factoryArgumentsTest[187]" classname="org.bitcoinj.utils.BtcFormatTest" time="0.001"/>
  <testcase name="parseTest[187]" classname="org.bitcoinj.utils.BtcFormatTest" time="0.0">
    <skipped/>
  </testcase>
  <testcase name="microcoinScaleTest[187]" classname="org.bitcoinj.utils.BtcFormatTest" time="0.0"/>
  <testcase name="parseMetricTest[187]" classname="org.bitcoinj.utils.BtcFormatTest" time="0.002"/>
  <testcase name="coinScaleTest[187]" classname="org.bitcoinj.utils.BtcFormatTest" time="0.0"/>
  <testcase name="builderTest[187]" classname="org.bitcoinj.utils.BtcFormatTest" time="0.0">
    <skipped/>
  </testcase>
  <testcase name="attributeTest[187]" classname="org.bitcoinj.utils.BtcFormatTest" time="0.0">
    <skipped/>
  </testcase>
  <testcase name="prefixTest[187]" classname="org.bitcoinj.utils.BtcFormatTest" time="0.0"/>
  <testcase name="suffixTest[187]" classname="org.bitcoinj.utils.BtcFormatTest" time="0.0">
    <skipped/>
  </testcase>
  <testcase name="autoDecimalTest[187]" classname="org.bitcoinj.utils.BtcFormatTest" time="0.003"/>
  <testcase name="symbolCollisionTest[187]" classname="org.bitcoinj.utils.BtcFormatTest" time="0.005"/>
  <testcase name="equalityTest[187]" classname="org.bitcoinj.utils.BtcFormatTest" time="0.003"/>
  <testcase name="columnAlignmentTest[187]" classname="org.bitcoinj.utils.BtcFormatTest" time="0.0"/>
  <testcase name="factoryTest[187]" classname="org.bitcoinj.utils.BtcFormatTest" time="0.0"/>
  <testcase name="parse[187]" classname="org.bitcoinj.utils.BtcFormatTest" time="0.001"/>
  <testcase name="btcRounding[187]" classname="org.bitcoinj.utils.BtcFormatTest" time="0.002"/>
  <testcase name="negativeTest[187]" classname="org.bitcoinj.utils.BtcFormatTest" time="0.0">
    <skipped/>
  </testcase>
  <testcase name="millicoinScaleTest[187]" classname="org.bitcoinj.utils.BtcFormatTest" time="0.0"/>
  <testcase name="toStringTest[187]" classname="org.bitcoinj.utils.BtcFormatTest" time="0.0">
    <skipped/>
  </testcase>
  <testcase name="testGrouping[187]" classname="org.bitcoinj.utils.BtcFormatTest" time="0.0"/>
  <testcase name="symbolsCodesTest[187]" classname="org.bitcoinj.utils.BtcFormatTest" time="0.001"/>
  <testcase name="defaultLocaleTest[187]" classname="org.bitcoinj.utils.BtcFormatTest" time="0.001"/>
  <testcase name="parsePositionTest[187]" classname="org.bitcoinj.utils.BtcFormatTest" time="0.001"/>
  <testcase name="argumentTypeTest[187]" classname="org.bitcoinj.utils.BtcFormatTest" time="0.0">
    <skipped/>
  </testcase>
  <testcase name="characterIteratorTest[187]" classname="org.bitcoinj.utils.BtcFormatTest" time="0.001"/>
  <testcase name="repeatingPlaceTest[187]" classname="org.bitcoinj.utils.BtcFormatTest" time="0.0"/>
  <testcase name="currencyCodeTest[187]" classname="org.bitcoinj.utils.BtcFormatTest" time="0.0">
    <skipped/>
  </testcase>
  <testcase name="patternDecimalPlaces[187]" classname="org.bitcoinj.utils.BtcFormatTest" time="0.0"/>
  <testcase name="factoryArgumentsTest[188]" classname="org.bitcoinj.utils.BtcFormatTest" time="0.002"/>
  <testcase name="parseTest[188]" classname="org.bitcoinj.utils.BtcFormatTest" time="0.0">
    <skipped/>
  </testcase>
  <testcase name="microcoinScaleTest[188]" classname="org.bitcoinj.utils.BtcFormatTest" time="0.0"/>
  <testcase name="parseMetricTest[188]" classname="org.bitcoinj.utils.BtcFormatTest" time="0.002"/>
  <testcase name="coinScaleTest[188]" classname="org.bitcoinj.utils.BtcFormatTest" time="0.0"/>
  <testcase name="builderTest[188]" classname="org.bitcoinj.utils.BtcFormatTest" time="0.0">
    <skipped/>
  </testcase>
  <testcase name="attributeTest[188]" classname="org.bitcoinj.utils.BtcFormatTest" time="0.0">
    <skipped/>
  </testcase>
  <testcase name="prefixTest[188]" classname="org.bitcoinj.utils.BtcFormatTest" time="0.0"/>
  <testcase name="suffixTest[188]" classname="org.bitcoinj.utils.BtcFormatTest" time="0.0">
    <skipped/>
  </testcase>
  <testcase name="autoDecimalTest[188]" classname="org.bitcoinj.utils.BtcFormatTest" time="0.001"/>
  <testcase name="symbolCollisionTest[188]" classname="org.bitcoinj.utils.BtcFormatTest" time="0.002"/>
  <testcase name="equalityTest[188]" classname="org.bitcoinj.utils.BtcFormatTest" time="0.002"/>
  <testcase name="columnAlignmentTest[188]" classname="org.bitcoinj.utils.BtcFormatTest" time="0.001"/>
  <testcase name="factoryTest[188]" classname="org.bitcoinj.utils.BtcFormatTest" time="0.002"/>
  <testcase name="parse[188]" classname="org.bitcoinj.utils.BtcFormatTest" time="0.001"/>
  <testcase name="btcRounding[188]" classname="org.bitcoinj.utils.BtcFormatTest" time="0.003"/>
  <testcase name="negativeTest[188]" classname="org.bitcoinj.utils.BtcFormatTest" time="0.0">
    <skipped/>
  </testcase>
  <testcase name="millicoinScaleTest[188]" classname="org.bitcoinj.utils.BtcFormatTest" time="0.0"/>
  <testcase name="toStringTest[188]" classname="org.bitcoinj.utils.BtcFormatTest" time="0.0">
    <skipped/>
  </testcase>
  <testcase name="testGrouping[188]" classname="org.bitcoinj.utils.BtcFormatTest" time="0.0"/>
  <testcase name="symbolsCodesTest[188]" classname="org.bitcoinj.utils.BtcFormatTest" time="0.001"/>
  <testcase name="defaultLocaleTest[188]" classname="org.bitcoinj.utils.BtcFormatTest" time="0.002"/>
  <testcase name="parsePositionTest[188]" classname="org.bitcoinj.utils.BtcFormatTest" time="0.0"/>
  <testcase name="argumentTypeTest[188]" classname="org.bitcoinj.utils.BtcFormatTest" time="0.0">
    <skipped/>
  </testcase>
  <testcase name="characterIteratorTest[188]" classname="org.bitcoinj.utils.BtcFormatTest" time="0.0"/>
  <testcase name="repeatingPlaceTest[188]" classname="org.bitcoinj.utils.BtcFormatTest" time="0.001"/>
  <testcase name="currencyCodeTest[188]" classname="org.bitcoinj.utils.BtcFormatTest" time="0.0">
    <skipped/>
  </testcase>
  <testcase name="patternDecimalPlaces[188]" classname="org.bitcoinj.utils.BtcFormatTest" time="0.0"/>
  <testcase name="factoryArgumentsTest[189]" classname="org.bitcoinj.utils.BtcFormatTest" time="0.002"/>
  <testcase name="parseTest[189]" classname="org.bitcoinj.utils.BtcFormatTest" time="0.0">
    <skipped/>
  </testcase>
  <testcase name="microcoinScaleTest[189]" classname="org.bitcoinj.utils.BtcFormatTest" time="0.001"/>
  <testcase name="parseMetricTest[189]" classname="org.bitcoinj.utils.BtcFormatTest" time="0.002"/>
  <testcase name="coinScaleTest[189]" classname="org.bitcoinj.utils.BtcFormatTest" time="0.0"/>
  <testcase name="builderTest[189]" classname="org.bitcoinj.utils.BtcFormatTest" time="0.0">
    <skipped/>
  </testcase>
  <testcase name="attributeTest[189]" classname="org.bitcoinj.utils.BtcFormatTest" time="0.0">
    <skipped/>
  </testcase>
  <testcase name="prefixTest[189]" classname="org.bitcoinj.utils.BtcFormatTest" time="0.0"/>
  <testcase name="suffixTest[189]" classname="org.bitcoinj.utils.BtcFormatTest" time="0.0">
    <skipped/>
  </testcase>
  <testcase name="autoDecimalTest[189]" classname="org.bitcoinj.utils.BtcFormatTest" time="0.002"/>
  <testcase name="symbolCollisionTest[189]" classname="org.bitcoinj.utils.BtcFormatTest" time="0.004"/>
  <testcase name="equalityTest[189]" classname="org.bitcoinj.utils.BtcFormatTest" time="0.003"/>
  <testcase name="columnAlignmentTest[189]" classname="org.bitcoinj.utils.BtcFormatTest" time="0.002"/>
  <testcase name="factoryTest[189]" classname="org.bitcoinj.utils.BtcFormatTest" time="0.001"/>
  <testcase name="parse[189]" classname="org.bitcoinj.utils.BtcFormatTest" time="0.0"/>
  <testcase name="btcRounding[189]" classname="org.bitcoinj.utils.BtcFormatTest" time="0.003"/>
  <testcase name="negativeTest[189]" classname="org.bitcoinj.utils.BtcFormatTest" time="0.0">
    <skipped/>
  </testcase>
  <testcase name="millicoinScaleTest[189]" classname="org.bitcoinj.utils.BtcFormatTest" time="0.0"/>
  <testcase name="toStringTest[189]" classname="org.bitcoinj.utils.BtcFormatTest" time="0.0">
    <skipped/>
  </testcase>
  <testcase name="testGrouping[189]" classname="org.bitcoinj.utils.BtcFormatTest" time="0.0"/>
  <testcase name="symbolsCodesTest[189]" classname="org.bitcoinj.utils.BtcFormatTest" time="0.001"/>
  <testcase name="defaultLocaleTest[189]" classname="org.bitcoinj.utils.BtcFormatTest" time="0.001"/>
  <testcase name="parsePositionTest[189]" classname="org.bitcoinj.utils.BtcFormatTest" time="0.0"/>
  <testcase name="argumentTypeTest[189]" classname="org.bitcoinj.utils.BtcFormatTest" time="0.0">
    <skipped/>
  </testcase>
  <testcase name="characterIteratorTest[189]" classname="org.bitcoinj.utils.BtcFormatTest" time="0.001"/>
  <testcase name="repeatingPlaceTest[189]" classname="org.bitcoinj.utils.BtcFormatTest" time="0.001"/>
  <testcase name="currencyCodeTest[189]" classname="org.bitcoinj.utils.BtcFormatTest" time="0.0">
    <skipped/>
  </testcase>
  <testcase name="patternDecimalPlaces[189]" classname="org.bitcoinj.utils.BtcFormatTest" time="0.0"/>
  <testcase name="factoryArgumentsTest[190]" classname="org.bitcoinj.utils.BtcFormatTest" time="0.003"/>
  <testcase name="parseTest[190]" classname="org.bitcoinj.utils.BtcFormatTest" time="0.0">
    <skipped/>
  </testcase>
  <testcase name="microcoinScaleTest[190]" classname="org.bitcoinj.utils.BtcFormatTest" time="0.0"/>
  <testcase name="parseMetricTest[190]" classname="org.bitcoinj.utils.BtcFormatTest" time="0.003"/>
  <testcase name="coinScaleTest[190]" classname="org.bitcoinj.utils.BtcFormatTest" time="0.0"/>
  <testcase name="builderTest[190]" classname="org.bitcoinj.utils.BtcFormatTest" time="0.0">
    <skipped/>
  </testcase>
  <testcase name="attributeTest[190]" classname="org.bitcoinj.utils.BtcFormatTest" time="0.0">
    <skipped/>
  </testcase>
  <testcase name="prefixTest[190]" classname="org.bitcoinj.utils.BtcFormatTest" time="0.0"/>
  <testcase name="suffixTest[190]" classname="org.bitcoinj.utils.BtcFormatTest" time="0.0">
    <skipped/>
  </testcase>
  <testcase name="autoDecimalTest[190]" classname="org.bitcoinj.utils.BtcFormatTest" time="0.002"/>
  <testcase name="symbolCollisionTest[190]" classname="org.bitcoinj.utils.BtcFormatTest" time="0.002"/>
  <testcase name="equalityTest[190]" classname="org.bitcoinj.utils.BtcFormatTest" time="0.004"/>
  <testcase name="columnAlignmentTest[190]" classname="org.bitcoinj.utils.BtcFormatTest" time="0.0"/>
  <testcase name="factoryTest[190]" classname="org.bitcoinj.utils.BtcFormatTest" time="0.001"/>
  <testcase name="parse[190]" classname="org.bitcoinj.utils.BtcFormatTest" time="0.0"/>
  <testcase name="btcRounding[190]" classname="org.bitcoinj.utils.BtcFormatTest" time="0.005"/>
  <testcase name="negativeTest[190]" classname="org.bitcoinj.utils.BtcFormatTest" time="0.0">
    <skipped/>
  </testcase>
  <testcase name="millicoinScaleTest[190]" classname="org.bitcoinj.utils.BtcFormatTest" time="0.0"/>
  <testcase name="toStringTest[190]" classname="org.bitcoinj.utils.BtcFormatTest" time="0.0">
    <skipped/>
  </testcase>
  <testcase name="testGrouping[190]" classname="org.bitcoinj.utils.BtcFormatTest" time="0.0"/>
  <testcase name="symbolsCodesTest[190]" classname="org.bitcoinj.utils.BtcFormatTest" time="0.001"/>
  <testcase name="defaultLocaleTest[190]" classname="org.bitcoinj.utils.BtcFormatTest" time="0.001"/>
  <testcase name="parsePositionTest[190]" classname="org.bitcoinj.utils.BtcFormatTest" time="0.0"/>
  <testcase name="argumentTypeTest[190]" classname="org.bitcoinj.utils.BtcFormatTest" time="0.0">
    <skipped/>
  </testcase>
  <testcase name="characterIteratorTest[190]" classname="org.bitcoinj.utils.BtcFormatTest" time="0.002"/>
  <testcase name="repeatingPlaceTest[190]" classname="org.bitcoinj.utils.BtcFormatTest" time="0.0"/>
  <testcase name="currencyCodeTest[190]" classname="org.bitcoinj.utils.BtcFormatTest" time="0.0">
    <skipped/>
  </testcase>
  <testcase name="patternDecimalPlaces[190]" classname="org.bitcoinj.utils.BtcFormatTest" time="0.001"/>
  <testcase name="factoryArgumentsTest[191]" classname="org.bitcoinj.utils.BtcFormatTest" time="0.002"/>
  <testcase name="parseTest[191]" classname="org.bitcoinj.utils.BtcFormatTest" time="0.0">
    <skipped/>
  </testcase>
  <testcase name="microcoinScaleTest[191]" classname="org.bitcoinj.utils.BtcFormatTest" time="0.0"/>
  <testcase name="parseMetricTest[191]" classname="org.bitcoinj.utils.BtcFormatTest" time="0.001"/>
  <testcase name="coinScaleTest[191]" classname="org.bitcoinj.utils.BtcFormatTest" time="0.001"/>
  <testcase name="builderTest[191]" classname="org.bitcoinj.utils.BtcFormatTest" time="0.0">
    <skipped/>
  </testcase>
  <testcase name="attributeTest[191]" classname="org.bitcoinj.utils.BtcFormatTest" time="0.0">
    <skipped/>
  </testcase>
  <testcase name="prefixTest[191]" classname="org.bitcoinj.utils.BtcFormatTest" time="0.0"/>
  <testcase name="suffixTest[191]" classname="org.bitcoinj.utils.BtcFormatTest" time="0.0">
    <skipped/>
  </testcase>
  <testcase name="autoDecimalTest[191]" classname="org.bitcoinj.utils.BtcFormatTest" time="0.001"/>
  <testcase name="symbolCollisionTest[191]" classname="org.bitcoinj.utils.BtcFormatTest" time="0.003"/>
  <testcase name="equalityTest[191]" classname="org.bitcoinj.utils.BtcFormatTest" time="0.006"/>
  <testcase name="columnAlignmentTest[191]" classname="org.bitcoinj.utils.BtcFormatTest" time="0.0"/>
  <testcase name="factoryTest[191]" classname="org.bitcoinj.utils.BtcFormatTest" time="0.001"/>
  <testcase name="parse[191]" classname="org.bitcoinj.utils.BtcFormatTest" time="0.0"/>
  <testcase name="btcRounding[191]" classname="org.bitcoinj.utils.BtcFormatTest" time="0.002"/>
  <testcase name="negativeTest[191]" classname="org.bitcoinj.utils.BtcFormatTest" time="0.0">
    <skipped/>
  </testcase>
  <testcase name="millicoinScaleTest[191]" classname="org.bitcoinj.utils.BtcFormatTest" time="0.0"/>
  <testcase name="toStringTest[191]" classname="org.bitcoinj.utils.BtcFormatTest" time="0.0">
    <skipped/>
  </testcase>
  <testcase name="testGrouping[191]" classname="org.bitcoinj.utils.BtcFormatTest" time="0.0"/>
  <testcase name="symbolsCodesTest[191]" classname="org.bitcoinj.utils.BtcFormatTest" time="0.001"/>
  <testcase name="defaultLocaleTest[191]" classname="org.bitcoinj.utils.BtcFormatTest" time="0.0"/>
  <testcase name="parsePositionTest[191]" classname="org.bitcoinj.utils.BtcFormatTest" time="0.001"/>
  <testcase name="argumentTypeTest[191]" classname="org.bitcoinj.utils.BtcFormatTest" time="0.0">
    <skipped/>
  </testcase>
  <testcase name="characterIteratorTest[191]" classname="org.bitcoinj.utils.BtcFormatTest" time="0.0"/>
  <testcase name="repeatingPlaceTest[191]" classname="org.bitcoinj.utils.BtcFormatTest" time="0.0"/>
  <testcase name="currencyCodeTest[191]" classname="org.bitcoinj.utils.BtcFormatTest" time="0.0">
    <skipped/>
  </testcase>
  <testcase name="patternDecimalPlaces[191]" classname="org.bitcoinj.utils.BtcFormatTest" time="0.0"/>
  <testcase name="factoryArgumentsTest[192]" classname="org.bitcoinj.utils.BtcFormatTest" time="0.002"/>
  <testcase name="parseTest[192]" classname="org.bitcoinj.utils.BtcFormatTest" time="0.0">
    <skipped/>
  </testcase>
  <testcase name="microcoinScaleTest[192]" classname="org.bitcoinj.utils.BtcFormatTest" time="0.0"/>
  <testcase name="parseMetricTest[192]" classname="org.bitcoinj.utils.BtcFormatTest" time="0.002"/>
  <testcase name="coinScaleTest[192]" classname="org.bitcoinj.utils.BtcFormatTest" time="0.001"/>
  <testcase name="builderTest[192]" classname="org.bitcoinj.utils.BtcFormatTest" time="0.0">
    <skipped/>
  </testcase>
  <testcase name="attributeTest[192]" classname="org.bitcoinj.utils.BtcFormatTest" time="0.0">
    <skipped/>
  </testcase>
  <testcase name="prefixTest[192]" classname="org.bitcoinj.utils.BtcFormatTest" time="0.0"/>
  <testcase name="suffixTest[192]" classname="org.bitcoinj.utils.BtcFormatTest" time="0.0">
    <skipped/>
  </testcase>
  <testcase name="autoDecimalTest[192]" classname="org.bitcoinj.utils.BtcFormatTest" time="0.003"/>
  <testcase name="symbolCollisionTest[192]" classname="org.bitcoinj.utils.BtcFormatTest" time="0.002"/>
  <testcase name="equalityTest[192]" classname="org.bitcoinj.utils.BtcFormatTest" time="0.003"/>
  <testcase name="columnAlignmentTest[192]" classname="org.bitcoinj.utils.BtcFormatTest" time="0.001"/>
  <testcase name="factoryTest[192]" classname="org.bitcoinj.utils.BtcFormatTest" time="0.0"/>
  <testcase name="parse[192]" classname="org.bitcoinj.utils.BtcFormatTest" time="0.0"/>
  <testcase name="btcRounding[192]" classname="org.bitcoinj.utils.BtcFormatTest" time="0.002"/>
  <testcase name="negativeTest[192]" classname="org.bitcoinj.utils.BtcFormatTest" time="0.0">
    <skipped/>
  </testcase>
  <testcase name="millicoinScaleTest[192]" classname="org.bitcoinj.utils.BtcFormatTest" time="0.0"/>
  <testcase name="toStringTest[192]" classname="org.bitcoinj.utils.BtcFormatTest" time="0.0">
    <skipped/>
  </testcase>
  <testcase name="testGrouping[192]" classname="org.bitcoinj.utils.BtcFormatTest" time="0.0"/>
  <testcase name="symbolsCodesTest[192]" classname="org.bitcoinj.utils.BtcFormatTest" time="0.002"/>
  <testcase name="defaultLocaleTest[192]" classname="org.bitcoinj.utils.BtcFormatTest" time="0.0"/>
  <testcase name="parsePositionTest[192]" classname="org.bitcoinj.utils.BtcFormatTest" time="0.0"/>
  <testcase name="argumentTypeTest[192]" classname="org.bitcoinj.utils.BtcFormatTest" time="0.0">
    <skipped/>
  </testcase>
  <testcase name="characterIteratorTest[192]" classname="org.bitcoinj.utils.BtcFormatTest" time="0.001"/>
  <testcase name="repeatingPlaceTest[192]" classname="org.bitcoinj.utils.BtcFormatTest" time="0.001"/>
  <testcase name="currencyCodeTest[192]" classname="org.bitcoinj.utils.BtcFormatTest" time="0.0">
    <skipped/>
  </testcase>
  <testcase name="patternDecimalPlaces[192]" classname="org.bitcoinj.utils.BtcFormatTest" time="0.0"/>
  <testcase name="factoryArgumentsTest[193]" classname="org.bitcoinj.utils.BtcFormatTest" time="0.002"/>
  <testcase name="parseTest[193]" classname="org.bitcoinj.utils.BtcFormatTest" time="0.0">
    <skipped/>
  </testcase>
  <testcase name="microcoinScaleTest[193]" classname="org.bitcoinj.utils.BtcFormatTest" time="0.0"/>
  <testcase name="parseMetricTest[193]" classname="org.bitcoinj.utils.BtcFormatTest" time="0.001"/>
  <testcase name="coinScaleTest[193]" classname="org.bitcoinj.utils.BtcFormatTest" time="0.0"/>
  <testcase name="builderTest[193]" classname="org.bitcoinj.utils.BtcFormatTest" time="0.0">
    <skipped/>
  </testcase>
  <testcase name="attributeTest[193]" classname="org.bitcoinj.utils.BtcFormatTest" time="0.0">
    <skipped/>
  </testcase>
  <testcase name="prefixTest[193]" classname="org.bitcoinj.utils.BtcFormatTest" time="0.0"/>
  <testcase name="suffixTest[193]" classname="org.bitcoinj.utils.BtcFormatTest" time="0.0">
    <skipped/>
  </testcase>
  <testcase name="autoDecimalTest[193]" classname="org.bitcoinj.utils.BtcFormatTest" time="0.002"/>
  <testcase name="symbolCollisionTest[193]" classname="org.bitcoinj.utils.BtcFormatTest" time="0.003"/>
  <testcase name="equalityTest[193]" classname="org.bitcoinj.utils.BtcFormatTest" time="0.004"/>
  <testcase name="columnAlignmentTest[193]" classname="org.bitcoinj.utils.BtcFormatTest" time="0.0"/>
  <testcase name="factoryTest[193]" classname="org.bitcoinj.utils.BtcFormatTest" time="0.0"/>
  <testcase name="parse[193]" classname="org.bitcoinj.utils.BtcFormatTest" time="0.0"/>
  <testcase name="btcRounding[193]" classname="org.bitcoinj.utils.BtcFormatTest" time="0.002"/>
  <testcase name="negativeTest[193]" classname="org.bitcoinj.utils.BtcFormatTest" time="0.0">
    <skipped/>
  </testcase>
  <testcase name="millicoinScaleTest[193]" classname="org.bitcoinj.utils.BtcFormatTest" time="0.0"/>
  <testcase name="toStringTest[193]" classname="org.bitcoinj.utils.BtcFormatTest" time="0.0">
    <skipped/>
  </testcase>
  <testcase name="testGrouping[193]" classname="org.bitcoinj.utils.BtcFormatTest" time="0.001"/>
  <testcase name="symbolsCodesTest[193]" classname="org.bitcoinj.utils.BtcFormatTest" time="0.0"/>
  <testcase name="defaultLocaleTest[193]" classname="org.bitcoinj.utils.BtcFormatTest" time="0.001"/>
  <testcase name="parsePositionTest[193]" classname="org.bitcoinj.utils.BtcFormatTest" time="0.0"/>
  <testcase name="argumentTypeTest[193]" classname="org.bitcoinj.utils.BtcFormatTest" time="0.0">
    <skipped/>
  </testcase>
  <testcase name="characterIteratorTest[193]" classname="org.bitcoinj.utils.BtcFormatTest" time="0.0"/>
  <testcase name="repeatingPlaceTest[193]" classname="org.bitcoinj.utils.BtcFormatTest" time="0.001"/>
  <testcase name="currencyCodeTest[193]" classname="org.bitcoinj.utils.BtcFormatTest" time="0.0">
    <skipped/>
  </testcase>
  <testcase name="patternDecimalPlaces[193]" classname="org.bitcoinj.utils.BtcFormatTest" time="0.0"/>
  <testcase name="factoryArgumentsTest[194]" classname="org.bitcoinj.utils.BtcFormatTest" time="0.002"/>
  <testcase name="parseTest[194]" classname="org.bitcoinj.utils.BtcFormatTest" time="0.0">
    <skipped/>
  </testcase>
  <testcase name="microcoinScaleTest[194]" classname="org.bitcoinj.utils.BtcFormatTest" time="0.0"/>
  <testcase name="parseMetricTest[194]" classname="org.bitcoinj.utils.BtcFormatTest" time="0.002"/>
  <testcase name="coinScaleTest[194]" classname="org.bitcoinj.utils.BtcFormatTest" time="0.0"/>
  <testcase name="builderTest[194]" classname="org.bitcoinj.utils.BtcFormatTest" time="0.0">
    <skipped/>
  </testcase>
  <testcase name="attributeTest[194]" classname="org.bitcoinj.utils.BtcFormatTest" time="0.0">
    <skipped/>
  </testcase>
  <testcase name="prefixTest[194]" classname="org.bitcoinj.utils.BtcFormatTest" time="0.0"/>
  <testcase name="suffixTest[194]" classname="org.bitcoinj.utils.BtcFormatTest" time="0.0">
    <skipped/>
  </testcase>
  <testcase name="autoDecimalTest[194]" classname="org.bitcoinj.utils.BtcFormatTest" time="0.002"/>
  <testcase name="symbolCollisionTest[194]" classname="org.bitcoinj.utils.BtcFormatTest" time="0.004"/>
  <testcase name="equalityTest[194]" classname="org.bitcoinj.utils.BtcFormatTest" time="0.005"/>
  <testcase name="columnAlignmentTest[194]" classname="org.bitcoinj.utils.BtcFormatTest" time="0.0"/>
  <testcase name="factoryTest[194]" classname="org.bitcoinj.utils.BtcFormatTest" time="0.001"/>
  <testcase name="parse[194]" classname="org.bitcoinj.utils.BtcFormatTest" time="0.0"/>
  <testcase name="btcRounding[194]" classname="org.bitcoinj.utils.BtcFormatTest" time="0.003"/>
  <testcase name="negativeTest[194]" classname="org.bitcoinj.utils.BtcFormatTest" time="0.0">
    <skipped/>
  </testcase>
  <testcase name="millicoinScaleTest[194]" classname="org.bitcoinj.utils.BtcFormatTest" time="0.0"/>
  <testcase name="toStringTest[194]" classname="org.bitcoinj.utils.BtcFormatTest" time="0.0">
    <skipped/>
  </testcase>
  <testcase name="testGrouping[194]" classname="org.bitcoinj.utils.BtcFormatTest" time="0.0"/>
  <testcase name="symbolsCodesTest[194]" classname="org.bitcoinj.utils.BtcFormatTest" time="0.002"/>
  <testcase name="defaultLocaleTest[194]" classname="org.bitcoinj.utils.BtcFormatTest" time="0.0"/>
  <testcase name="parsePositionTest[194]" classname="org.bitcoinj.utils.BtcFormatTest" time="0.008"/>
  <testcase name="argumentTypeTest[194]" classname="org.bitcoinj.utils.BtcFormatTest" time="0.0">
    <skipped/>
  </testcase>
  <testcase name="characterIteratorTest[194]" classname="org.bitcoinj.utils.BtcFormatTest" time="0.001"/>
  <testcase name="repeatingPlaceTest[194]" classname="org.bitcoinj.utils.BtcFormatTest" time="0.0"/>
  <testcase name="currencyCodeTest[194]" classname="org.bitcoinj.utils.BtcFormatTest" time="0.0">
    <skipped/>
  </testcase>
  <testcase name="patternDecimalPlaces[194]" classname="org.bitcoinj.utils.BtcFormatTest" time="0.0"/>
  <testcase name="factoryArgumentsTest[195]" classname="org.bitcoinj.utils.BtcFormatTest" time="0.002"/>
  <testcase name="parseTest[195]" classname="org.bitcoinj.utils.BtcFormatTest" time="0.0">
    <skipped/>
  </testcase>
  <testcase name="microcoinScaleTest[195]" classname="org.bitcoinj.utils.BtcFormatTest" time="0.0"/>
  <testcase name="parseMetricTest[195]" classname="org.bitcoinj.utils.BtcFormatTest" time="0.002"/>
  <testcase name="coinScaleTest[195]" classname="org.bitcoinj.utils.BtcFormatTest" time="0.0"/>
  <testcase name="builderTest[195]" classname="org.bitcoinj.utils.BtcFormatTest" time="0.0">
    <skipped/>
  </testcase>
  <testcase name="attributeTest[195]" classname="org.bitcoinj.utils.BtcFormatTest" time="0.0">
    <skipped/>
  </testcase>
  <testcase name="prefixTest[195]" classname="org.bitcoinj.utils.BtcFormatTest" time="0.0"/>
  <testcase name="suffixTest[195]" classname="org.bitcoinj.utils.BtcFormatTest" time="0.0">
    <skipped/>
  </testcase>
  <testcase name="autoDecimalTest[195]" classname="org.bitcoinj.utils.BtcFormatTest" time="0.002"/>
  <testcase name="symbolCollisionTest[195]" classname="org.bitcoinj.utils.BtcFormatTest" time="0.003"/>
  <testcase name="equalityTest[195]" classname="org.bitcoinj.utils.BtcFormatTest" time="0.003"/>
  <testcase name="columnAlignmentTest[195]" classname="org.bitcoinj.utils.BtcFormatTest" time="0.0"/>
  <testcase name="factoryTest[195]" classname="org.bitcoinj.utils.BtcFormatTest" time="0.001"/>
  <testcase name="parse[195]" classname="org.bitcoinj.utils.BtcFormatTest" time="0.0"/>
  <testcase name="btcRounding[195]" classname="org.bitcoinj.utils.BtcFormatTest" time="0.002"/>
  <testcase name="negativeTest[195]" classname="org.bitcoinj.utils.BtcFormatTest" time="0.001">
    <skipped/>
  </testcase>
  <testcase name="millicoinScaleTest[195]" classname="org.bitcoinj.utils.BtcFormatTest" time="0.0"/>
  <testcase name="toStringTest[195]" classname="org.bitcoinj.utils.BtcFormatTest" time="0.0">
    <skipped/>
  </testcase>
  <testcase name="testGrouping[195]" classname="org.bitcoinj.utils.BtcFormatTest" time="0.002"/>
  <testcase name="symbolsCodesTest[195]" classname="org.bitcoinj.utils.BtcFormatTest" time="0.002"/>
  <testcase name="defaultLocaleTest[195]" classname="org.bitcoinj.utils.BtcFormatTest" time="0.003"/>
  <testcase name="parsePositionTest[195]" classname="org.bitcoinj.utils.BtcFormatTest" time="0.001"/>
  <testcase name="argumentTypeTest[195]" classname="org.bitcoinj.utils.BtcFormatTest" time="0.0">
    <skipped/>
  </testcase>
  <testcase name="characterIteratorTest[195]" classname="org.bitcoinj.utils.BtcFormatTest" time="0.001"/>
  <testcase name="repeatingPlaceTest[195]" classname="org.bitcoinj.utils.BtcFormatTest" time="0.0"/>
  <testcase name="currencyCodeTest[195]" classname="org.bitcoinj.utils.BtcFormatTest" time="0.0">
    <skipped/>
  </testcase>
  <testcase name="patternDecimalPlaces[195]" classname="org.bitcoinj.utils.BtcFormatTest" time="0.0"/>
  <testcase name="factoryArgumentsTest[196]" classname="org.bitcoinj.utils.BtcFormatTest" time="0.002"/>
  <testcase name="parseTest[196]" classname="org.bitcoinj.utils.BtcFormatTest" time="0.0">
    <skipped/>
  </testcase>
  <testcase name="microcoinScaleTest[196]" classname="org.bitcoinj.utils.BtcFormatTest" time="0.0"/>
  <testcase name="parseMetricTest[196]" classname="org.bitcoinj.utils.BtcFormatTest" time="0.002"/>
  <testcase name="coinScaleTest[196]" classname="org.bitcoinj.utils.BtcFormatTest" time="0.0"/>
  <testcase name="builderTest[196]" classname="org.bitcoinj.utils.BtcFormatTest" time="0.0">
    <skipped/>
  </testcase>
  <testcase name="attributeTest[196]" classname="org.bitcoinj.utils.BtcFormatTest" time="0.0">
    <skipped/>
  </testcase>
  <testcase name="prefixTest[196]" classname="org.bitcoinj.utils.BtcFormatTest" time="0.001"/>
  <testcase name="suffixTest[196]" classname="org.bitcoinj.utils.BtcFormatTest" time="0.0">
    <skipped/>
  </testcase>
  <testcase name="autoDecimalTest[196]" classname="org.bitcoinj.utils.BtcFormatTest" time="0.001"/>
  <testcase name="symbolCollisionTest[196]" classname="org.bitcoinj.utils.BtcFormatTest" time="0.003"/>
  <testcase name="equalityTest[196]" classname="org.bitcoinj.utils.BtcFormatTest" time="0.003"/>
  <testcase name="columnAlignmentTest[196]" classname="org.bitcoinj.utils.BtcFormatTest" time="0.001"/>
  <testcase name="factoryTest[196]" classname="org.bitcoinj.utils.BtcFormatTest" time="0.0"/>
  <testcase name="parse[196]" classname="org.bitcoinj.utils.BtcFormatTest" time="0.001"/>
  <testcase name="btcRounding[196]" classname="org.bitcoinj.utils.BtcFormatTest" time="0.001"/>
  <testcase name="negativeTest[196]" classname="org.bitcoinj.utils.BtcFormatTest" time="0.0">
    <skipped/>
  </testcase>
  <testcase name="millicoinScaleTest[196]" classname="org.bitcoinj.utils.BtcFormatTest" time="0.0"/>
  <testcase name="toStringTest[196]" classname="org.bitcoinj.utils.BtcFormatTest" time="0.0">
    <skipped/>
  </testcase>
  <testcase name="testGrouping[196]" classname="org.bitcoinj.utils.BtcFormatTest" time="0.0"/>
  <testcase name="symbolsCodesTest[196]" classname="org.bitcoinj.utils.BtcFormatTest" time="0.001"/>
  <testcase name="defaultLocaleTest[196]" classname="org.bitcoinj.utils.BtcFormatTest" time="0.0"/>
  <testcase name="parsePositionTest[196]" classname="org.bitcoinj.utils.BtcFormatTest" time="0.001"/>
  <testcase name="argumentTypeTest[196]" classname="org.bitcoinj.utils.BtcFormatTest" time="0.0">
    <skipped/>
  </testcase>
  <testcase name="characterIteratorTest[196]" classname="org.bitcoinj.utils.BtcFormatTest" time="0.0"/>
  <testcase name="repeatingPlaceTest[196]" classname="org.bitcoinj.utils.BtcFormatTest" time="0.0"/>
  <testcase name="currencyCodeTest[196]" classname="org.bitcoinj.utils.BtcFormatTest" time="0.0">
    <skipped/>
  </testcase>
  <testcase name="patternDecimalPlaces[196]" classname="org.bitcoinj.utils.BtcFormatTest" time="0.001"/>
  <testcase name="factoryArgumentsTest[197]" classname="org.bitcoinj.utils.BtcFormatTest" time="0.002"/>
  <testcase name="parseTest[197]" classname="org.bitcoinj.utils.BtcFormatTest" time="0.0">
    <skipped/>
  </testcase>
  <testcase name="microcoinScaleTest[197]" classname="org.bitcoinj.utils.BtcFormatTest" time="0.001"/>
  <testcase name="parseMetricTest[197]" classname="org.bitcoinj.utils.BtcFormatTest" time="0.002"/>
  <testcase name="coinScaleTest[197]" classname="org.bitcoinj.utils.BtcFormatTest" time="0.0"/>
  <testcase name="builderTest[197]" classname="org.bitcoinj.utils.BtcFormatTest" time="0.0">
    <skipped/>
  </testcase>
  <testcase name="attributeTest[197]" classname="org.bitcoinj.utils.BtcFormatTest" time="0.0">
    <skipped/>
  </testcase>
  <testcase name="prefixTest[197]" classname="org.bitcoinj.utils.BtcFormatTest" time="0.001"/>
  <testcase name="suffixTest[197]" classname="org.bitcoinj.utils.BtcFormatTest" time="0.0">
    <skipped/>
  </testcase>
  <testcase name="autoDecimalTest[197]" classname="org.bitcoinj.utils.BtcFormatTest" time="0.002"/>
  <testcase name="symbolCollisionTest[197]" classname="org.bitcoinj.utils.BtcFormatTest" time="0.003"/>
  <testcase name="equalityTest[197]" classname="org.bitcoinj.utils.BtcFormatTest" time="0.003"/>
  <testcase name="columnAlignmentTest[197]" classname="org.bitcoinj.utils.BtcFormatTest" time="0.001"/>
  <testcase name="factoryTest[197]" classname="org.bitcoinj.utils.BtcFormatTest" time="0.0"/>
  <testcase name="parse[197]" classname="org.bitcoinj.utils.BtcFormatTest" time="0.001"/>
  <testcase name="btcRounding[197]" classname="org.bitcoinj.utils.BtcFormatTest" time="0.002"/>
  <testcase name="negativeTest[197]" classname="org.bitcoinj.utils.BtcFormatTest" time="0.0">
    <skipped/>
  </testcase>
  <testcase name="millicoinScaleTest[197]" classname="org.bitcoinj.utils.BtcFormatTest" time="0.0"/>
  <testcase name="toStringTest[197]" classname="org.bitcoinj.utils.BtcFormatTest" time="0.001">
    <skipped/>
  </testcase>
  <testcase name="testGrouping[197]" classname="org.bitcoinj.utils.BtcFormatTest" time="0.0"/>
  <testcase name="symbolsCodesTest[197]" classname="org.bitcoinj.utils.BtcFormatTest" time="0.001"/>
  <testcase name="defaultLocaleTest[197]" classname="org.bitcoinj.utils.BtcFormatTest" time="0.0"/>
  <testcase name="parsePositionTest[197]" classname="org.bitcoinj.utils.BtcFormatTest" time="0.001"/>
  <testcase name="argumentTypeTest[197]" classname="org.bitcoinj.utils.BtcFormatTest" time="0.0">
    <skipped/>
  </testcase>
  <testcase name="characterIteratorTest[197]" classname="org.bitcoinj.utils.BtcFormatTest" time="0.0"/>
  <testcase name="repeatingPlaceTest[197]" classname="org.bitcoinj.utils.BtcFormatTest" time="0.001"/>
  <testcase name="currencyCodeTest[197]" classname="org.bitcoinj.utils.BtcFormatTest" time="0.0">
    <skipped/>
  </testcase>
  <testcase name="patternDecimalPlaces[197]" classname="org.bitcoinj.utils.BtcFormatTest" time="0.0"/>
  <testcase name="factoryArgumentsTest[198]" classname="org.bitcoinj.utils.BtcFormatTest" time="0.003"/>
  <testcase name="parseTest[198]" classname="org.bitcoinj.utils.BtcFormatTest" time="0.0">
    <skipped/>
  </testcase>
  <testcase name="microcoinScaleTest[198]" classname="org.bitcoinj.utils.BtcFormatTest" time="0.0"/>
  <testcase name="parseMetricTest[198]" classname="org.bitcoinj.utils.BtcFormatTest" time="0.001"/>
  <testcase name="coinScaleTest[198]" classname="org.bitcoinj.utils.BtcFormatTest" time="0.0"/>
  <testcase name="builderTest[198]" classname="org.bitcoinj.utils.BtcFormatTest" time="0.0">
    <skipped/>
  </testcase>
  <testcase name="attributeTest[198]" classname="org.bitcoinj.utils.BtcFormatTest" time="0.0">
    <skipped/>
  </testcase>
  <testcase name="prefixTest[198]" classname="org.bitcoinj.utils.BtcFormatTest" time="0.001"/>
  <testcase name="suffixTest[198]" classname="org.bitcoinj.utils.BtcFormatTest" time="0.0">
    <skipped/>
  </testcase>
  <testcase name="autoDecimalTest[198]" classname="org.bitcoinj.utils.BtcFormatTest" time="0.002"/>
  <testcase name="symbolCollisionTest[198]" classname="org.bitcoinj.utils.BtcFormatTest" time="0.003"/>
  <testcase name="equalityTest[198]" classname="org.bitcoinj.utils.BtcFormatTest" time="0.003"/>
  <testcase name="columnAlignmentTest[198]" classname="org.bitcoinj.utils.BtcFormatTest" time="0.001"/>
  <testcase name="factoryTest[198]" classname="org.bitcoinj.utils.BtcFormatTest" time="0.0"/>
  <testcase name="parse[198]" classname="org.bitcoinj.utils.BtcFormatTest" time="0.0"/>
  <testcase name="btcRounding[198]" classname="org.bitcoinj.utils.BtcFormatTest" time="0.003"/>
  <testcase name="negativeTest[198]" classname="org.bitcoinj.utils.BtcFormatTest" time="0.0">
    <skipped/>
  </testcase>
  <testcase name="millicoinScaleTest[198]" classname="org.bitcoinj.utils.BtcFormatTest" time="0.0"/>
  <testcase name="toStringTest[198]" classname="org.bitcoinj.utils.BtcFormatTest" time="0.0">
    <skipped/>
  </testcase>
  <testcase name="testGrouping[198]" classname="org.bitcoinj.utils.BtcFormatTest" time="0.0"/>
  <testcase name="symbolsCodesTest[198]" classname="org.bitcoinj.utils.BtcFormatTest" time="0.002"/>
  <testcase name="defaultLocaleTest[198]" classname="org.bitcoinj.utils.BtcFormatTest" time="0.004"/>
  <testcase name="parsePositionTest[198]" classname="org.bitcoinj.utils.BtcFormatTest" time="0.0"/>
  <testcase name="argumentTypeTest[198]" classname="org.bitcoinj.utils.BtcFormatTest" time="0.0">
    <skipped/>
  </testcase>
  <testcase name="characterIteratorTest[198]" classname="org.bitcoinj.utils.BtcFormatTest" time="0.001"/>
  <testcase name="repeatingPlaceTest[198]" classname="org.bitcoinj.utils.BtcFormatTest" time="0.004"/>
  <testcase name="currencyCodeTest[198]" classname="org.bitcoinj.utils.BtcFormatTest" time="0.0">
    <skipped/>
  </testcase>
  <testcase name="patternDecimalPlaces[198]" classname="org.bitcoinj.utils.BtcFormatTest" time="0.0"/>
  <testcase name="factoryArgumentsTest[199]" classname="org.bitcoinj.utils.BtcFormatTest" time="0.003"/>
  <testcase name="parseTest[199]" classname="org.bitcoinj.utils.BtcFormatTest" time="0.0">
    <skipped/>
  </testcase>
  <testcase name="microcoinScaleTest[199]" classname="org.bitcoinj.utils.BtcFormatTest" time="0.001"/>
  <testcase name="parseMetricTest[199]" classname="org.bitcoinj.utils.BtcFormatTest" time="0.003"/>
  <testcase name="coinScaleTest[199]" classname="org.bitcoinj.utils.BtcFormatTest" time="0.0"/>
  <testcase name="builderTest[199]" classname="org.bitcoinj.utils.BtcFormatTest" time="0.0">
    <skipped/>
  </testcase>
  <testcase name="attributeTest[199]" classname="org.bitcoinj.utils.BtcFormatTest" time="0.0">
    <skipped/>
  </testcase>
  <testcase name="prefixTest[199]" classname="org.bitcoinj.utils.BtcFormatTest" time="0.001"/>
  <testcase name="suffixTest[199]" classname="org.bitcoinj.utils.BtcFormatTest" time="0.0">
    <skipped/>
  </testcase>
  <testcase name="autoDecimalTest[199]" classname="org.bitcoinj.utils.BtcFormatTest" time="0.003"/>
  <testcase name="symbolCollisionTest[199]" classname="org.bitcoinj.utils.BtcFormatTest" time="0.003"/>
  <testcase name="equalityTest[199]" classname="org.bitcoinj.utils.BtcFormatTest" time="0.003"/>
  <testcase name="columnAlignmentTest[199]" classname="org.bitcoinj.utils.BtcFormatTest" time="0.0"/>
  <testcase name="factoryTest[199]" classname="org.bitcoinj.utils.BtcFormatTest" time="0.001"/>
  <testcase name="parse[199]" classname="org.bitcoinj.utils.BtcFormatTest" time="0.0"/>
  <testcase name="btcRounding[199]" classname="org.bitcoinj.utils.BtcFormatTest" time="0.002"/>
  <testcase name="negativeTest[199]" classname="org.bitcoinj.utils.BtcFormatTest" time="0.0">
    <skipped/>
  </testcase>
  <testcase name="millicoinScaleTest[199]" classname="org.bitcoinj.utils.BtcFormatTest" time="0.0"/>
  <testcase name="toStringTest[199]" classname="org.bitcoinj.utils.BtcFormatTest" time="0.0">
    <skipped/>
  </testcase>
  <testcase name="testGrouping[199]" classname="org.bitcoinj.utils.BtcFormatTest" time="0.0"/>
  <testcase name="symbolsCodesTest[199]" classname="org.bitcoinj.utils.BtcFormatTest" time="0.001"/>
  <testcase name="defaultLocaleTest[199]" classname="org.bitcoinj.utils.BtcFormatTest" time="0.0"/>
  <testcase name="parsePositionTest[199]" classname="org.bitcoinj.utils.BtcFormatTest" time="0.0"/>
  <testcase name="argumentTypeTest[199]" classname="org.bitcoinj.utils.BtcFormatTest" time="0.0">
    <skipped/>
  </testcase>
  <testcase name="characterIteratorTest[199]" classname="org.bitcoinj.utils.BtcFormatTest" time="0.001"/>
  <testcase name="repeatingPlaceTest[199]" classname="org.bitcoinj.utils.BtcFormatTest" time="0.0"/>
  <testcase name="currencyCodeTest[199]" classname="org.bitcoinj.utils.BtcFormatTest" time="0.0">
    <skipped/>
  </testcase>
  <testcase name="patternDecimalPlaces[199]" classname="org.bitcoinj.utils.BtcFormatTest" time="0.001"/>
  <testcase name="factoryArgumentsTest[200]" classname="org.bitcoinj.utils.BtcFormatTest" time="0.002"/>
  <testcase name="parseTest[200]" classname="org.bitcoinj.utils.BtcFormatTest" time="0.0">
    <skipped/>
  </testcase>
  <testcase name="microcoinScaleTest[200]" classname="org.bitcoinj.utils.BtcFormatTest" time="0.0"/>
  <testcase name="parseMetricTest[200]" classname="org.bitcoinj.utils.BtcFormatTest" time="0.002"/>
  <testcase name="coinScaleTest[200]" classname="org.bitcoinj.utils.BtcFormatTest" time="0.0"/>
  <testcase name="builderTest[200]" classname="org.bitcoinj.utils.BtcFormatTest" time="0.0">
    <skipped/>
  </testcase>
  <testcase name="attributeTest[200]" classname="org.bitcoinj.utils.BtcFormatTest" time="0.0">
    <skipped/>
  </testcase>
  <testcase name="prefixTest[200]" classname="org.bitcoinj.utils.BtcFormatTest" time="0.0"/>
  <testcase name="suffixTest[200]" classname="org.bitcoinj.utils.BtcFormatTest" time="0.0">
    <skipped/>
  </testcase>
  <testcase name="autoDecimalTest[200]" classname="org.bitcoinj.utils.BtcFormatTest" time="0.001"/>
  <testcase name="symbolCollisionTest[200]" classname="org.bitcoinj.utils.BtcFormatTest" time="0.004"/>
  <testcase name="equalityTest[200]" classname="org.bitcoinj.utils.BtcFormatTest" time="0.004"/>
  <testcase name="columnAlignmentTest[200]" classname="org.bitcoinj.utils.BtcFormatTest" time="0.0"/>
  <testcase name="factoryTest[200]" classname="org.bitcoinj.utils.BtcFormatTest" time="0.002"/>
  <testcase name="parse[200]" classname="org.bitcoinj.utils.BtcFormatTest" time="0.0"/>
  <testcase name="btcRounding[200]" classname="org.bitcoinj.utils.BtcFormatTest" time="0.014"/>
  <testcase name="negativeTest[200]" classname="org.bitcoinj.utils.BtcFormatTest" time="0.0">
    <skipped/>
  </testcase>
  <testcase name="millicoinScaleTest[200]" classname="org.bitcoinj.utils.BtcFormatTest" time="0.0"/>
  <testcase name="toStringTest[200]" classname="org.bitcoinj.utils.BtcFormatTest" time="0.0">
    <skipped/>
  </testcase>
  <testcase name="testGrouping[200]" classname="org.bitcoinj.utils.BtcFormatTest" time="0.0"/>
  <testcase name="symbolsCodesTest[200]" classname="org.bitcoinj.utils.BtcFormatTest" time="0.002"/>
  <testcase name="defaultLocaleTest[200]" classname="org.bitcoinj.utils.BtcFormatTest" time="0.0"/>
  <testcase name="parsePositionTest[200]" classname="org.bitcoinj.utils.BtcFormatTest" time="0.0"/>
  <testcase name="argumentTypeTest[200]" classname="org.bitcoinj.utils.BtcFormatTest" time="0.0">
    <skipped/>
  </testcase>
  <testcase name="characterIteratorTest[200]" classname="org.bitcoinj.utils.BtcFormatTest" time="0.0"/>
  <testcase name="repeatingPlaceTest[200]" classname="org.bitcoinj.utils.BtcFormatTest" time="0.0"/>
  <testcase name="currencyCodeTest[200]" classname="org.bitcoinj.utils.BtcFormatTest" time="0.0">
    <skipped/>
  </testcase>
  <testcase name="patternDecimalPlaces[200]" classname="org.bitcoinj.utils.BtcFormatTest" time="0.0"/>
  <testcase name="factoryArgumentsTest[201]" classname="org.bitcoinj.utils.BtcFormatTest" time="0.002"/>
  <testcase name="parseTest[201]" classname="org.bitcoinj.utils.BtcFormatTest" time="0.0">
    <skipped/>
  </testcase>
  <testcase name="microcoinScaleTest[201]" classname="org.bitcoinj.utils.BtcFormatTest" time="0.0"/>
  <testcase name="parseMetricTest[201]" classname="org.bitcoinj.utils.BtcFormatTest" time="0.003"/>
  <testcase name="coinScaleTest[201]" classname="org.bitcoinj.utils.BtcFormatTest" time="0.0"/>
  <testcase name="builderTest[201]" classname="org.bitcoinj.utils.BtcFormatTest" time="0.0">
    <skipped/>
  </testcase>
  <testcase name="attributeTest[201]" classname="org.bitcoinj.utils.BtcFormatTest" time="0.0">
    <skipped/>
  </testcase>
  <testcase name="prefixTest[201]" classname="org.bitcoinj.utils.BtcFormatTest" time="0.001"/>
  <testcase name="suffixTest[201]" classname="org.bitcoinj.utils.BtcFormatTest" time="0.0">
    <skipped/>
  </testcase>
  <testcase name="autoDecimalTest[201]" classname="org.bitcoinj.utils.BtcFormatTest" time="0.003"/>
  <testcase name="symbolCollisionTest[201]" classname="org.bitcoinj.utils.BtcFormatTest" time="0.005"/>
  <testcase name="equalityTest[201]" classname="org.bitcoinj.utils.BtcFormatTest" time="0.01"/>
  <testcase name="columnAlignmentTest[201]" classname="org.bitcoinj.utils.BtcFormatTest" time="0.0"/>
  <testcase name="factoryTest[201]" classname="org.bitcoinj.utils.BtcFormatTest" time="0.001"/>
  <testcase name="parse[201]" classname="org.bitcoinj.utils.BtcFormatTest" time="0.0"/>
  <testcase name="btcRounding[201]" classname="org.bitcoinj.utils.BtcFormatTest" time="0.003"/>
  <testcase name="negativeTest[201]" classname="org.bitcoinj.utils.BtcFormatTest" time="0.0">
    <skipped/>
  </testcase>
  <testcase name="millicoinScaleTest[201]" classname="org.bitcoinj.utils.BtcFormatTest" time="0.0"/>
  <testcase name="toStringTest[201]" classname="org.bitcoinj.utils.BtcFormatTest" time="0.0">
    <skipped/>
  </testcase>
  <testcase name="testGrouping[201]" classname="org.bitcoinj.utils.BtcFormatTest" time="0.002"/>
  <testcase name="symbolsCodesTest[201]" classname="org.bitcoinj.utils.BtcFormatTest" time="0.003"/>
  <testcase name="defaultLocaleTest[201]" classname="org.bitcoinj.utils.BtcFormatTest" time="0.0"/>
  <testcase name="parsePositionTest[201]" classname="org.bitcoinj.utils.BtcFormatTest" time="0.001"/>
  <testcase name="argumentTypeTest[201]" classname="org.bitcoinj.utils.BtcFormatTest" time="0.0">
    <skipped/>
  </testcase>
  <testcase name="characterIteratorTest[201]" classname="org.bitcoinj.utils.BtcFormatTest" time="0.0"/>
  <testcase name="repeatingPlaceTest[201]" classname="org.bitcoinj.utils.BtcFormatTest" time="0.001"/>
  <testcase name="currencyCodeTest[201]" classname="org.bitcoinj.utils.BtcFormatTest" time="0.0">
    <skipped/>
  </testcase>
  <testcase name="patternDecimalPlaces[201]" classname="org.bitcoinj.utils.BtcFormatTest" time="0.0"/>
  <testcase name="factoryArgumentsTest[202]" classname="org.bitcoinj.utils.BtcFormatTest" time="0.01"/>
  <testcase name="parseTest[202]" classname="org.bitcoinj.utils.BtcFormatTest" time="0.0">
    <skipped/>
  </testcase>
  <testcase name="microcoinScaleTest[202]" classname="org.bitcoinj.utils.BtcFormatTest" time="0.0"/>
  <testcase name="parseMetricTest[202]" classname="org.bitcoinj.utils.BtcFormatTest" time="0.002"/>
  <testcase name="coinScaleTest[202]" classname="org.bitcoinj.utils.BtcFormatTest" time="0.0"/>
  <testcase name="builderTest[202]" classname="org.bitcoinj.utils.BtcFormatTest" time="0.0">
    <skipped/>
  </testcase>
  <testcase name="attributeTest[202]" classname="org.bitcoinj.utils.BtcFormatTest" time="0.0">
    <skipped/>
  </testcase>
  <testcase name="prefixTest[202]" classname="org.bitcoinj.utils.BtcFormatTest" time="0.0"/>
  <testcase name="suffixTest[202]" classname="org.bitcoinj.utils.BtcFormatTest" time="0.0">
    <skipped/>
  </testcase>
  <testcase name="autoDecimalTest[202]" classname="org.bitcoinj.utils.BtcFormatTest" time="0.001"/>
  <testcase name="symbolCollisionTest[202]" classname="org.bitcoinj.utils.BtcFormatTest" time="0.01"/>
  <testcase name="equalityTest[202]" classname="org.bitcoinj.utils.BtcFormatTest" time="0.004"/>
  <testcase name="columnAlignmentTest[202]" classname="org.bitcoinj.utils.BtcFormatTest" time="0.0"/>
  <testcase name="factoryTest[202]" classname="org.bitcoinj.utils.BtcFormatTest" time="0.001"/>
  <testcase name="parse[202]" classname="org.bitcoinj.utils.BtcFormatTest" time="0.0"/>
  <testcase name="btcRounding[202]" classname="org.bitcoinj.utils.BtcFormatTest" time="0.004"/>
  <testcase name="negativeTest[202]" classname="org.bitcoinj.utils.BtcFormatTest" time="0.0">
    <skipped/>
  </testcase>
  <testcase name="millicoinScaleTest[202]" classname="org.bitcoinj.utils.BtcFormatTest" time="0.0"/>
  <testcase name="toStringTest[202]" classname="org.bitcoinj.utils.BtcFormatTest" time="0.0">
    <skipped/>
  </testcase>
  <testcase name="testGrouping[202]" classname="org.bitcoinj.utils.BtcFormatTest" time="0.002"/>
  <testcase name="symbolsCodesTest[202]" classname="org.bitcoinj.utils.BtcFormatTest" time="0.004"/>
  <testcase name="defaultLocaleTest[202]" classname="org.bitcoinj.utils.BtcFormatTest" time="0.001"/>
  <testcase name="parsePositionTest[202]" classname="org.bitcoinj.utils.BtcFormatTest" time="0.0"/>
  <testcase name="argumentTypeTest[202]" classname="org.bitcoinj.utils.BtcFormatTest" time="0.0">
    <skipped/>
  </testcase>
  <testcase name="characterIteratorTest[202]" classname="org.bitcoinj.utils.BtcFormatTest" time="0.001"/>
  <testcase name="repeatingPlaceTest[202]" classname="org.bitcoinj.utils.BtcFormatTest" time="0.002"/>
  <testcase name="currencyCodeTest[202]" classname="org.bitcoinj.utils.BtcFormatTest" time="0.0">
    <skipped/>
  </testcase>
  <testcase name="patternDecimalPlaces[202]" classname="org.bitcoinj.utils.BtcFormatTest" time="0.0"/>
  <testcase name="factoryArgumentsTest[203]" classname="org.bitcoinj.utils.BtcFormatTest" time="0.002"/>
  <testcase name="parseTest[203]" classname="org.bitcoinj.utils.BtcFormatTest" time="0.0">
    <skipped/>
  </testcase>
  <testcase name="microcoinScaleTest[203]" classname="org.bitcoinj.utils.BtcFormatTest" time="0.0"/>
  <testcase name="parseMetricTest[203]" classname="org.bitcoinj.utils.BtcFormatTest" time="0.002"/>
  <testcase name="coinScaleTest[203]" classname="org.bitcoinj.utils.BtcFormatTest" time="0.0"/>
  <testcase name="builderTest[203]" classname="org.bitcoinj.utils.BtcFormatTest" time="0.0">
    <skipped/>
  </testcase>
  <testcase name="attributeTest[203]" classname="org.bitcoinj.utils.BtcFormatTest" time="0.0">
    <skipped/>
  </testcase>
  <testcase name="prefixTest[203]" classname="org.bitcoinj.utils.BtcFormatTest" time="0.001"/>
  <testcase name="suffixTest[203]" classname="org.bitcoinj.utils.BtcFormatTest" time="0.0">
    <skipped/>
  </testcase>
  <testcase name="autoDecimalTest[203]" classname="org.bitcoinj.utils.BtcFormatTest" time="0.002"/>
  <testcase name="symbolCollisionTest[203]" classname="org.bitcoinj.utils.BtcFormatTest" time="0.011"/>
  <testcase name="equalityTest[203]" classname="org.bitcoinj.utils.BtcFormatTest" time="0.009"/>
  <testcase name="columnAlignmentTest[203]" classname="org.bitcoinj.utils.BtcFormatTest" time="0.0"/>
  <testcase name="factoryTest[203]" classname="org.bitcoinj.utils.BtcFormatTest" time="0.001"/>
  <testcase name="parse[203]" classname="org.bitcoinj.utils.BtcFormatTest" time="0.0"/>
  <testcase name="btcRounding[203]" classname="org.bitcoinj.utils.BtcFormatTest" time="0.002"/>
  <testcase name="negativeTest[203]" classname="org.bitcoinj.utils.BtcFormatTest" time="0.0">
    <skipped/>
  </testcase>
  <testcase name="millicoinScaleTest[203]" classname="org.bitcoinj.utils.BtcFormatTest" time="0.0"/>
  <testcase name="toStringTest[203]" classname="org.bitcoinj.utils.BtcFormatTest" time="0.0">
    <skipped/>
  </testcase>
  <testcase name="testGrouping[203]" classname="org.bitcoinj.utils.BtcFormatTest" time="0.0"/>
  <testcase name="symbolsCodesTest[203]" classname="org.bitcoinj.utils.BtcFormatTest" time="0.002"/>
  <testcase name="defaultLocaleTest[203]" classname="org.bitcoinj.utils.BtcFormatTest" time="0.0"/>
  <testcase name="parsePositionTest[203]" classname="org.bitcoinj.utils.BtcFormatTest" time="0.0"/>
  <testcase name="argumentTypeTest[203]" classname="org.bitcoinj.utils.BtcFormatTest" time="0.0">
    <skipped/>
  </testcase>
  <testcase name="characterIteratorTest[203]" classname="org.bitcoinj.utils.BtcFormatTest" time="0.001"/>
  <testcase name="repeatingPlaceTest[203]" classname="org.bitcoinj.utils.BtcFormatTest" time="0.0"/>
  <testcase name="currencyCodeTest[203]" classname="org.bitcoinj.utils.BtcFormatTest" time="0.0">
    <skipped/>
  </testcase>
  <testcase name="patternDecimalPlaces[203]" classname="org.bitcoinj.utils.BtcFormatTest" time="0.001"/>
  <testcase name="factoryArgumentsTest[204]" classname="org.bitcoinj.utils.BtcFormatTest" time="0.002"/>
  <testcase name="parseTest[204]" classname="org.bitcoinj.utils.BtcFormatTest" time="0.001">
    <skipped/>
  </testcase>
  <testcase name="microcoinScaleTest[204]" classname="org.bitcoinj.utils.BtcFormatTest" time="0.001"/>
  <testcase name="parseMetricTest[204]" classname="org.bitcoinj.utils.BtcFormatTest" time="0.003"/>
  <testcase name="coinScaleTest[204]" classname="org.bitcoinj.utils.BtcFormatTest" time="0.0"/>
  <testcase name="builderTest[204]" classname="org.bitcoinj.utils.BtcFormatTest" time="0.0">
    <skipped/>
  </testcase>
  <testcase name="attributeTest[204]" classname="org.bitcoinj.utils.BtcFormatTest" time="0.0">
    <skipped/>
  </testcase>
  <testcase name="prefixTest[204]" classname="org.bitcoinj.utils.BtcFormatTest" time="0.0"/>
  <testcase name="suffixTest[204]" classname="org.bitcoinj.utils.BtcFormatTest" time="0.001">
    <skipped/>
  </testcase>
  <testcase name="autoDecimalTest[204]" classname="org.bitcoinj.utils.BtcFormatTest" time="0.002"/>
  <testcase name="symbolCollisionTest[204]" classname="org.bitcoinj.utils.BtcFormatTest" time="0.007"/>
  <testcase name="equalityTest[204]" classname="org.bitcoinj.utils.BtcFormatTest" time="0.009"/>
  <testcase name="columnAlignmentTest[204]" classname="org.bitcoinj.utils.BtcFormatTest" time="0.001"/>
  <testcase name="factoryTest[204]" classname="org.bitcoinj.utils.BtcFormatTest" time="0.001"/>
  <testcase name="parse[204]" classname="org.bitcoinj.utils.BtcFormatTest" time="0.001"/>
  <testcase name="btcRounding[204]" classname="org.bitcoinj.utils.BtcFormatTest" time="0.008"/>
  <testcase name="negativeTest[204]" classname="org.bitcoinj.utils.BtcFormatTest" time="0.0">
    <skipped/>
  </testcase>
  <testcase name="millicoinScaleTest[204]" classname="org.bitcoinj.utils.BtcFormatTest" time="0.0"/>
  <testcase name="toStringTest[204]" classname="org.bitcoinj.utils.BtcFormatTest" time="0.0">
    <skipped/>
  </testcase>
  <testcase name="testGrouping[204]" classname="org.bitcoinj.utils.BtcFormatTest" time="0.001"/>
  <testcase name="symbolsCodesTest[204]" classname="org.bitcoinj.utils.BtcFormatTest" time="0.001"/>
  <testcase name="defaultLocaleTest[204]" classname="org.bitcoinj.utils.BtcFormatTest" time="0.003"/>
  <testcase name="parsePositionTest[204]" classname="org.bitcoinj.utils.BtcFormatTest" time="0.003"/>
  <testcase name="argumentTypeTest[204]" classname="org.bitcoinj.utils.BtcFormatTest" time="0.0">
    <skipped/>
  </testcase>
  <testcase name="characterIteratorTest[204]" classname="org.bitcoinj.utils.BtcFormatTest" time="0.001"/>
  <testcase name="repeatingPlaceTest[204]" classname="org.bitcoinj.utils.BtcFormatTest" time="0.002"/>
  <testcase name="currencyCodeTest[204]" classname="org.bitcoinj.utils.BtcFormatTest" time="0.0">
    <skipped/>
  </testcase>
  <testcase name="patternDecimalPlaces[204]" classname="org.bitcoinj.utils.BtcFormatTest" time="0.003"/>
  <testcase name="factoryArgumentsTest[205]" classname="org.bitcoinj.utils.BtcFormatTest" time="0.003"/>
  <testcase name="parseTest[205]" classname="org.bitcoinj.utils.BtcFormatTest" time="0.0">
    <skipped/>
  </testcase>
  <testcase name="microcoinScaleTest[205]" classname="org.bitcoinj.utils.BtcFormatTest" time="0.001"/>
  <testcase name="parseMetricTest[205]" classname="org.bitcoinj.utils.BtcFormatTest" time="0.002"/>
  <testcase name="coinScaleTest[205]" classname="org.bitcoinj.utils.BtcFormatTest" time="0.001"/>
  <testcase name="builderTest[205]" classname="org.bitcoinj.utils.BtcFormatTest" time="0.0">
    <skipped/>
  </testcase>
  <testcase name="attributeTest[205]" classname="org.bitcoinj.utils.BtcFormatTest" time="0.0">
    <skipped/>
  </testcase>
  <testcase name="prefixTest[205]" classname="org.bitcoinj.utils.BtcFormatTest" time="0.0"/>
  <testcase name="suffixTest[205]" classname="org.bitcoinj.utils.BtcFormatTest" time="0.0">
    <skipped/>
  </testcase>
  <testcase name="autoDecimalTest[205]" classname="org.bitcoinj.utils.BtcFormatTest" time="0.003"/>
  <testcase name="symbolCollisionTest[205]" classname="org.bitcoinj.utils.BtcFormatTest" time="0.005"/>
  <testcase name="equalityTest[205]" classname="org.bitcoinj.utils.BtcFormatTest" time="0.004"/>
  <testcase name="columnAlignmentTest[205]" classname="org.bitcoinj.utils.BtcFormatTest" time="0.001"/>
  <testcase name="factoryTest[205]" classname="org.bitcoinj.utils.BtcFormatTest" time="0.0"/>
  <testcase name="parse[205]" classname="org.bitcoinj.utils.BtcFormatTest" time="0.0"/>
  <testcase name="btcRounding[205]" classname="org.bitcoinj.utils.BtcFormatTest" time="0.003"/>
  <testcase name="negativeTest[205]" classname="org.bitcoinj.utils.BtcFormatTest" time="0.0">
    <skipped/>
  </testcase>
  <testcase name="millicoinScaleTest[205]" classname="org.bitcoinj.utils.BtcFormatTest" time="0.0"/>
  <testcase name="toStringTest[205]" classname="org.bitcoinj.utils.BtcFormatTest" time="0.0">
    <skipped/>
  </testcase>
  <testcase name="testGrouping[205]" classname="org.bitcoinj.utils.BtcFormatTest" time="0.001"/>
  <testcase name="symbolsCodesTest[205]" classname="org.bitcoinj.utils.BtcFormatTest" time="0.001"/>
  <testcase name="defaultLocaleTest[205]" classname="org.bitcoinj.utils.BtcFormatTest" time="0.0"/>
  <testcase name="parsePositionTest[205]" classname="org.bitcoinj.utils.BtcFormatTest" time="0.001"/>
  <testcase name="argumentTypeTest[205]" classname="org.bitcoinj.utils.BtcFormatTest" time="0.0">
    <skipped/>
  </testcase>
  <testcase name="characterIteratorTest[205]" classname="org.bitcoinj.utils.BtcFormatTest" time="0.0"/>
  <testcase name="repeatingPlaceTest[205]" classname="org.bitcoinj.utils.BtcFormatTest" time="0.0"/>
  <testcase name="currencyCodeTest[205]" classname="org.bitcoinj.utils.BtcFormatTest" time="0.0">
    <skipped/>
  </testcase>
  <testcase name="patternDecimalPlaces[205]" classname="org.bitcoinj.utils.BtcFormatTest" time="0.0"/>
  <testcase name="factoryArgumentsTest[206]" classname="org.bitcoinj.utils.BtcFormatTest" time="0.001"/>
  <testcase name="parseTest[206]" classname="org.bitcoinj.utils.BtcFormatTest" time="0.0">
    <skipped/>
  </testcase>
  <testcase name="microcoinScaleTest[206]" classname="org.bitcoinj.utils.BtcFormatTest" time="0.0"/>
  <testcase name="parseMetricTest[206]" classname="org.bitcoinj.utils.BtcFormatTest" time="0.002"/>
  <testcase name="coinScaleTest[206]" classname="org.bitcoinj.utils.BtcFormatTest" time="0.0"/>
  <testcase name="builderTest[206]" classname="org.bitcoinj.utils.BtcFormatTest" time="0.0">
    <skipped/>
  </testcase>
  <testcase name="attributeTest[206]" classname="org.bitcoinj.utils.BtcFormatTest" time="0.0">
    <skipped/>
  </testcase>
  <testcase name="prefixTest[206]" classname="org.bitcoinj.utils.BtcFormatTest" time="0.001"/>
  <testcase name="suffixTest[206]" classname="org.bitcoinj.utils.BtcFormatTest" time="0.0">
    <skipped/>
  </testcase>
  <testcase name="autoDecimalTest[206]" classname="org.bitcoinj.utils.BtcFormatTest" time="0.002"/>
  <testcase name="symbolCollisionTest[206]" classname="org.bitcoinj.utils.BtcFormatTest" time="0.004"/>
  <testcase name="equalityTest[206]" classname="org.bitcoinj.utils.BtcFormatTest" time="0.003"/>
  <testcase name="columnAlignmentTest[206]" classname="org.bitcoinj.utils.BtcFormatTest" time="0.0"/>
  <testcase name="factoryTest[206]" classname="org.bitcoinj.utils.BtcFormatTest" time="0.001"/>
  <testcase name="parse[206]" classname="org.bitcoinj.utils.BtcFormatTest" time="0.001"/>
  <testcase name="btcRounding[206]" classname="org.bitcoinj.utils.BtcFormatTest" time="0.002"/>
  <testcase name="negativeTest[206]" classname="org.bitcoinj.utils.BtcFormatTest" time="0.0">
    <skipped/>
  </testcase>
  <testcase name="millicoinScaleTest[206]" classname="org.bitcoinj.utils.BtcFormatTest" time="0.0"/>
  <testcase name="toStringTest[206]" classname="org.bitcoinj.utils.BtcFormatTest" time="0.0">
    <skipped/>
  </testcase>
  <testcase name="testGrouping[206]" classname="org.bitcoinj.utils.BtcFormatTest" time="0.001"/>
  <testcase name="symbolsCodesTest[206]" classname="org.bitcoinj.utils.BtcFormatTest" time="0.001"/>
  <testcase name="defaultLocaleTest[206]" classname="org.bitcoinj.utils.BtcFormatTest" time="0.001"/>
  <testcase name="parsePositionTest[206]" classname="org.bitcoinj.utils.BtcFormatTest" time="0.0"/>
  <testcase name="argumentTypeTest[206]" classname="org.bitcoinj.utils.BtcFormatTest" time="0.0">
    <skipped/>
  </testcase>
  <testcase name="characterIteratorTest[206]" classname="org.bitcoinj.utils.BtcFormatTest" time="0.001"/>
  <testcase name="repeatingPlaceTest[206]" classname="org.bitcoinj.utils.BtcFormatTest" time="0.0"/>
  <testcase name="currencyCodeTest[206]" classname="org.bitcoinj.utils.BtcFormatTest" time="0.0">
    <skipped/>
  </testcase>
  <testcase name="patternDecimalPlaces[206]" classname="org.bitcoinj.utils.BtcFormatTest" time="0.0"/>
  <testcase name="factoryArgumentsTest[207]" classname="org.bitcoinj.utils.BtcFormatTest" time="0.004"/>
  <testcase name="parseTest[207]" classname="org.bitcoinj.utils.BtcFormatTest" time="0.0">
    <skipped/>
  </testcase>
  <testcase name="microcoinScaleTest[207]" classname="org.bitcoinj.utils.BtcFormatTest" time="0.001"/>
  <testcase name="parseMetricTest[207]" classname="org.bitcoinj.utils.BtcFormatTest" time="0.002"/>
  <testcase name="coinScaleTest[207]" classname="org.bitcoinj.utils.BtcFormatTest" time="0.0"/>
  <testcase name="builderTest[207]" classname="org.bitcoinj.utils.BtcFormatTest" time="0.0">
    <skipped/>
  </testcase>
  <testcase name="attributeTest[207]" classname="org.bitcoinj.utils.BtcFormatTest" time="0.0">
    <skipped/>
  </testcase>
  <testcase name="prefixTest[207]" classname="org.bitcoinj.utils.BtcFormatTest" time="0.0"/>
  <testcase name="suffixTest[207]" classname="org.bitcoinj.utils.BtcFormatTest" time="0.0">
    <skipped/>
  </testcase>
  <testcase name="autoDecimalTest[207]" classname="org.bitcoinj.utils.BtcFormatTest" time="0.002"/>
  <testcase name="symbolCollisionTest[207]" classname="org.bitcoinj.utils.BtcFormatTest" time="0.005"/>
  <testcase name="equalityTest[207]" classname="org.bitcoinj.utils.BtcFormatTest" time="0.002"/>
  <testcase name="columnAlignmentTest[207]" classname="org.bitcoinj.utils.BtcFormatTest" time="0.001"/>
  <testcase name="factoryTest[207]" classname="org.bitcoinj.utils.BtcFormatTest" time="0.0"/>
  <testcase name="parse[207]" classname="org.bitcoinj.utils.BtcFormatTest" time="0.001"/>
  <testcase name="btcRounding[207]" classname="org.bitcoinj.utils.BtcFormatTest" time="0.006"/>
  <testcase name="negativeTest[207]" classname="org.bitcoinj.utils.BtcFormatTest" time="0.0">
    <skipped/>
  </testcase>
  <testcase name="millicoinScaleTest[207]" classname="org.bitcoinj.utils.BtcFormatTest" time="0.001"/>
  <testcase name="toStringTest[207]" classname="org.bitcoinj.utils.BtcFormatTest" time="0.0">
    <skipped/>
  </testcase>
  <testcase name="testGrouping[207]" classname="org.bitcoinj.utils.BtcFormatTest" time="0.0"/>
  <testcase name="symbolsCodesTest[207]" classname="org.bitcoinj.utils.BtcFormatTest" time="0.003"/>
  <testcase name="defaultLocaleTest[207]" classname="org.bitcoinj.utils.BtcFormatTest" time="0.001"/>
  <testcase name="parsePositionTest[207]" classname="org.bitcoinj.utils.BtcFormatTest" time="0.0"/>
  <testcase name="argumentTypeTest[207]" classname="org.bitcoinj.utils.BtcFormatTest" time="0.0">
    <skipped/>
  </testcase>
  <testcase name="characterIteratorTest[207]" classname="org.bitcoinj.utils.BtcFormatTest" time="0.001"/>
  <testcase name="repeatingPlaceTest[207]" classname="org.bitcoinj.utils.BtcFormatTest" time="0.0"/>
  <testcase name="currencyCodeTest[207]" classname="org.bitcoinj.utils.BtcFormatTest" time="0.0">
    <skipped/>
  </testcase>
  <testcase name="patternDecimalPlaces[207]" classname="org.bitcoinj.utils.BtcFormatTest" time="0.0"/>
  <testcase name="factoryArgumentsTest[208]" classname="org.bitcoinj.utils.BtcFormatTest" time="0.001"/>
  <testcase name="parseTest[208]" classname="org.bitcoinj.utils.BtcFormatTest" time="0.0">
    <skipped/>
  </testcase>
  <testcase name="microcoinScaleTest[208]" classname="org.bitcoinj.utils.BtcFormatTest" time="0.001"/>
  <testcase name="parseMetricTest[208]" classname="org.bitcoinj.utils.BtcFormatTest" time="0.001"/>
  <testcase name="coinScaleTest[208]" classname="org.bitcoinj.utils.BtcFormatTest" time="0.001"/>
  <testcase name="builderTest[208]" classname="org.bitcoinj.utils.BtcFormatTest" time="0.0">
    <skipped/>
  </testcase>
  <testcase name="attributeTest[208]" classname="org.bitcoinj.utils.BtcFormatTest" time="0.0">
    <skipped/>
  </testcase>
  <testcase name="prefixTest[208]" classname="org.bitcoinj.utils.BtcFormatTest" time="0.0"/>
  <testcase name="suffixTest[208]" classname="org.bitcoinj.utils.BtcFormatTest" time="0.0">
    <skipped/>
  </testcase>
  <testcase name="autoDecimalTest[208]" classname="org.bitcoinj.utils.BtcFormatTest" time="0.002"/>
  <testcase name="symbolCollisionTest[208]" classname="org.bitcoinj.utils.BtcFormatTest" time="0.002"/>
  <testcase name="equalityTest[208]" classname="org.bitcoinj.utils.BtcFormatTest" time="0.003"/>
  <testcase name="columnAlignmentTest[208]" classname="org.bitcoinj.utils.BtcFormatTest" time="0.0"/>
  <testcase name="factoryTest[208]" classname="org.bitcoinj.utils.BtcFormatTest" time="0.001"/>
  <testcase name="parse[208]" classname="org.bitcoinj.utils.BtcFormatTest" time="0.0"/>
  <testcase name="btcRounding[208]" classname="org.bitcoinj.utils.BtcFormatTest" time="0.003"/>
  <testcase name="negativeTest[208]" classname="org.bitcoinj.utils.BtcFormatTest" time="0.0">
    <skipped/>
  </testcase>
  <testcase name="millicoinScaleTest[208]" classname="org.bitcoinj.utils.BtcFormatTest" time="0.0"/>
  <testcase name="toStringTest[208]" classname="org.bitcoinj.utils.BtcFormatTest" time="0.0">
    <skipped/>
  </testcase>
  <testcase name="testGrouping[208]" classname="org.bitcoinj.utils.BtcFormatTest" time="0.0"/>
  <testcase name="symbolsCodesTest[208]" classname="org.bitcoinj.utils.BtcFormatTest" time="0.002"/>
  <testcase name="defaultLocaleTest[208]" classname="org.bitcoinj.utils.BtcFormatTest" time="0.0"/>
  <testcase name="parsePositionTest[208]" classname="org.bitcoinj.utils.BtcFormatTest" time="0.001"/>
  <testcase name="argumentTypeTest[208]" classname="org.bitcoinj.utils.BtcFormatTest" time="0.0">
    <skipped/>
  </testcase>
  <testcase name="characterIteratorTest[208]" classname="org.bitcoinj.utils.BtcFormatTest" time="0.001"/>
  <testcase name="repeatingPlaceTest[208]" classname="org.bitcoinj.utils.BtcFormatTest" time="0.0"/>
  <testcase name="currencyCodeTest[208]" classname="org.bitcoinj.utils.BtcFormatTest" time="0.0">
    <skipped/>
  </testcase>
  <testcase name="patternDecimalPlaces[208]" classname="org.bitcoinj.utils.BtcFormatTest" time="0.0"/>
  <testcase name="factoryArgumentsTest[209]" classname="org.bitcoinj.utils.BtcFormatTest" time="0.002"/>
  <testcase name="parseTest[209]" classname="org.bitcoinj.utils.BtcFormatTest" time="0.0">
    <skipped/>
  </testcase>
  <testcase name="microcoinScaleTest[209]" classname="org.bitcoinj.utils.BtcFormatTest" time="0.001"/>
  <testcase name="parseMetricTest[209]" classname="org.bitcoinj.utils.BtcFormatTest" time="0.001"/>
  <testcase name="coinScaleTest[209]" classname="org.bitcoinj.utils.BtcFormatTest" time="0.0"/>
  <testcase name="builderTest[209]" classname="org.bitcoinj.utils.BtcFormatTest" time="0.001">
    <skipped/>
  </testcase>
  <testcase name="attributeTest[209]" classname="org.bitcoinj.utils.BtcFormatTest" time="0.0">
    <skipped/>
  </testcase>
  <testcase name="prefixTest[209]" classname="org.bitcoinj.utils.BtcFormatTest" time="0.0"/>
  <testcase name="suffixTest[209]" classname="org.bitcoinj.utils.BtcFormatTest" time="0.0">
    <skipped/>
  </testcase>
  <testcase name="autoDecimalTest[209]" classname="org.bitcoinj.utils.BtcFormatTest" time="0.001"/>
  <testcase name="symbolCollisionTest[209]" classname="org.bitcoinj.utils.BtcFormatTest" time="0.003"/>
  <testcase name="equalityTest[209]" classname="org.bitcoinj.utils.BtcFormatTest" time="0.005"/>
  <testcase name="columnAlignmentTest[209]" classname="org.bitcoinj.utils.BtcFormatTest" time="0.0"/>
  <testcase name="factoryTest[209]" classname="org.bitcoinj.utils.BtcFormatTest" time="0.001"/>
  <testcase name="parse[209]" classname="org.bitcoinj.utils.BtcFormatTest" time="0.0"/>
  <testcase name="btcRounding[209]" classname="org.bitcoinj.utils.BtcFormatTest" time="0.002"/>
  <testcase name="negativeTest[209]" classname="org.bitcoinj.utils.BtcFormatTest" time="0.0">
    <skipped/>
  </testcase>
  <testcase name="millicoinScaleTest[209]" classname="org.bitcoinj.utils.BtcFormatTest" time="0.0"/>
  <testcase name="toStringTest[209]" classname="org.bitcoinj.utils.BtcFormatTest" time="0.0">
    <skipped/>
  </testcase>
  <testcase name="testGrouping[209]" classname="org.bitcoinj.utils.BtcFormatTest" time="0.0"/>
  <testcase name="symbolsCodesTest[209]" classname="org.bitcoinj.utils.BtcFormatTest" time="0.002"/>
  <testcase name="defaultLocaleTest[209]" classname="org.bitcoinj.utils.BtcFormatTest" time="0.0"/>
  <testcase name="parsePositionTest[209]" classname="org.bitcoinj.utils.BtcFormatTest" time="0.0"/>
  <testcase name="argumentTypeTest[209]" classname="org.bitcoinj.utils.BtcFormatTest" time="0.0">
    <skipped/>
  </testcase>
  <testcase name="characterIteratorTest[209]" classname="org.bitcoinj.utils.BtcFormatTest" time="0.001"/>
  <testcase name="repeatingPlaceTest[209]" classname="org.bitcoinj.utils.BtcFormatTest" time="0.0"/>
  <testcase name="currencyCodeTest[209]" classname="org.bitcoinj.utils.BtcFormatTest" time="0.0">
    <skipped/>
  </testcase>
  <testcase name="patternDecimalPlaces[209]" classname="org.bitcoinj.utils.BtcFormatTest" time="0.0"/>
  <testcase name="factoryArgumentsTest[210]" classname="org.bitcoinj.utils.BtcFormatTest" time="0.002"/>
  <testcase name="parseTest[210]" classname="org.bitcoinj.utils.BtcFormatTest" time="0.0">
    <skipped/>
  </testcase>
  <testcase name="microcoinScaleTest[210]" classname="org.bitcoinj.utils.BtcFormatTest" time="0.0"/>
  <testcase name="parseMetricTest[210]" classname="org.bitcoinj.utils.BtcFormatTest" time="0.004"/>
  <testcase name="coinScaleTest[210]" classname="org.bitcoinj.utils.BtcFormatTest" time="0.001"/>
  <testcase name="builderTest[210]" classname="org.bitcoinj.utils.BtcFormatTest" time="0.0">
    <skipped/>
  </testcase>
  <testcase name="attributeTest[210]" classname="org.bitcoinj.utils.BtcFormatTest" time="0.0">
    <skipped/>
  </testcase>
  <testcase name="prefixTest[210]" classname="org.bitcoinj.utils.BtcFormatTest" time="0.0"/>
  <testcase name="suffixTest[210]" classname="org.bitcoinj.utils.BtcFormatTest" time="0.0">
    <skipped/>
  </testcase>
  <testcase name="autoDecimalTest[210]" classname="org.bitcoinj.utils.BtcFormatTest" time="0.002"/>
  <testcase name="symbolCollisionTest[210]" classname="org.bitcoinj.utils.BtcFormatTest" time="0.004"/>
  <testcase name="equalityTest[210]" classname="org.bitcoinj.utils.BtcFormatTest" time="0.003"/>
  <testcase name="columnAlignmentTest[210]" classname="org.bitcoinj.utils.BtcFormatTest" time="0.0"/>
  <testcase name="factoryTest[210]" classname="org.bitcoinj.utils.BtcFormatTest" time="0.001"/>
  <testcase name="parse[210]" classname="org.bitcoinj.utils.BtcFormatTest" time="0.0"/>
  <testcase name="btcRounding[210]" classname="org.bitcoinj.utils.BtcFormatTest" time="0.001"/>
  <testcase name="negativeTest[210]" classname="org.bitcoinj.utils.BtcFormatTest" time="0.0">
    <skipped/>
  </testcase>
  <testcase name="millicoinScaleTest[210]" classname="org.bitcoinj.utils.BtcFormatTest" time="0.001"/>
  <testcase name="toStringTest[210]" classname="org.bitcoinj.utils.BtcFormatTest" time="0.0">
    <skipped/>
  </testcase>
  <testcase name="testGrouping[210]" classname="org.bitcoinj.utils.BtcFormatTest" time="0.003"/>
  <testcase name="symbolsCodesTest[210]" classname="org.bitcoinj.utils.BtcFormatTest" time="0.005"/>
  <testcase name="defaultLocaleTest[210]" classname="org.bitcoinj.utils.BtcFormatTest" time="0.002"/>
  <testcase name="parsePositionTest[210]" classname="org.bitcoinj.utils.BtcFormatTest" time="0.0"/>
  <testcase name="argumentTypeTest[210]" classname="org.bitcoinj.utils.BtcFormatTest" time="0.0">
    <skipped/>
  </testcase>
  <testcase name="characterIteratorTest[210]" classname="org.bitcoinj.utils.BtcFormatTest" time="0.001"/>
  <testcase name="repeatingPlaceTest[210]" classname="org.bitcoinj.utils.BtcFormatTest" time="0.0"/>
  <testcase name="currencyCodeTest[210]" classname="org.bitcoinj.utils.BtcFormatTest" time="0.0">
    <skipped/>
  </testcase>
  <testcase name="patternDecimalPlaces[210]" classname="org.bitcoinj.utils.BtcFormatTest" time="0.0"/>
  <testcase name="factoryArgumentsTest[211]" classname="org.bitcoinj.utils.BtcFormatTest" time="0.003"/>
  <testcase name="parseTest[211]" classname="org.bitcoinj.utils.BtcFormatTest" time="0.0">
    <skipped/>
  </testcase>
  <testcase name="microcoinScaleTest[211]" classname="org.bitcoinj.utils.BtcFormatTest" time="0.0"/>
  <testcase name="parseMetricTest[211]" classname="org.bitcoinj.utils.BtcFormatTest" time="0.002"/>
  <testcase name="coinScaleTest[211]" classname="org.bitcoinj.utils.BtcFormatTest" time="0.0"/>
  <testcase name="builderTest[211]" classname="org.bitcoinj.utils.BtcFormatTest" time="0.0">
    <skipped/>
  </testcase>
  <testcase name="attributeTest[211]" classname="org.bitcoinj.utils.BtcFormatTest" time="0.0">
    <skipped/>
  </testcase>
  <testcase name="prefixTest[211]" classname="org.bitcoinj.utils.BtcFormatTest" time="0.0"/>
  <testcase name="suffixTest[211]" classname="org.bitcoinj.utils.BtcFormatTest" time="0.0">
    <skipped/>
  </testcase>
  <testcase name="autoDecimalTest[211]" classname="org.bitcoinj.utils.BtcFormatTest" time="0.003"/>
  <testcase name="symbolCollisionTest[211]" classname="org.bitcoinj.utils.BtcFormatTest" time="0.005"/>
  <testcase name="equalityTest[211]" classname="org.bitcoinj.utils.BtcFormatTest" time="0.004"/>
  <testcase name="columnAlignmentTest[211]" classname="org.bitcoinj.utils.BtcFormatTest" time="0.0"/>
  <testcase name="factoryTest[211]" classname="org.bitcoinj.utils.BtcFormatTest" time="0.001"/>
  <testcase name="parse[211]" classname="org.bitcoinj.utils.BtcFormatTest" time="0.0"/>
  <testcase name="btcRounding[211]" classname="org.bitcoinj.utils.BtcFormatTest" time="0.002"/>
  <testcase name="negativeTest[211]" classname="org.bitcoinj.utils.BtcFormatTest" time="0.0">
    <skipped/>
  </testcase>
  <testcase name="millicoinScaleTest[211]" classname="org.bitcoinj.utils.BtcFormatTest" time="0.0"/>
  <testcase name="toStringTest[211]" classname="org.bitcoinj.utils.BtcFormatTest" time="0.0">
    <skipped/>
  </testcase>
  <testcase name="testGrouping[211]" classname="org.bitcoinj.utils.BtcFormatTest" time="0.0"/>
  <testcase name="symbolsCodesTest[211]" classname="org.bitcoinj.utils.BtcFormatTest" time="0.001"/>
  <testcase name="defaultLocaleTest[211]" classname="org.bitcoinj.utils.BtcFormatTest" time="0.0"/>
  <testcase name="parsePositionTest[211]" classname="org.bitcoinj.utils.BtcFormatTest" time="0.0"/>
  <testcase name="argumentTypeTest[211]" classname="org.bitcoinj.utils.BtcFormatTest" time="0.0">
    <skipped/>
  </testcase>
  <testcase name="characterIteratorTest[211]" classname="org.bitcoinj.utils.BtcFormatTest" time="0.001"/>
  <testcase name="repeatingPlaceTest[211]" classname="org.bitcoinj.utils.BtcFormatTest" time="0.0"/>
  <testcase name="currencyCodeTest[211]" classname="org.bitcoinj.utils.BtcFormatTest" time="0.0">
    <skipped/>
  </testcase>
  <testcase name="patternDecimalPlaces[211]" classname="org.bitcoinj.utils.BtcFormatTest" time="0.0"/>
  <testcase name="factoryArgumentsTest[212]" classname="org.bitcoinj.utils.BtcFormatTest" time="0.002"/>
  <testcase name="parseTest[212]" classname="org.bitcoinj.utils.BtcFormatTest" time="0.0">
    <skipped/>
  </testcase>
  <testcase name="microcoinScaleTest[212]" classname="org.bitcoinj.utils.BtcFormatTest" time="0.0"/>
  <testcase name="parseMetricTest[212]" classname="org.bitcoinj.utils.BtcFormatTest" time="0.002"/>
  <testcase name="coinScaleTest[212]" classname="org.bitcoinj.utils.BtcFormatTest" time="0.0"/>
  <testcase name="builderTest[212]" classname="org.bitcoinj.utils.BtcFormatTest" time="0.0">
    <skipped/>
  </testcase>
  <testcase name="attributeTest[212]" classname="org.bitcoinj.utils.BtcFormatTest" time="0.0">
    <skipped/>
  </testcase>
  <testcase name="prefixTest[212]" classname="org.bitcoinj.utils.BtcFormatTest" time="0.001"/>
  <testcase name="suffixTest[212]" classname="org.bitcoinj.utils.BtcFormatTest" time="0.0">
    <skipped/>
  </testcase>
  <testcase name="autoDecimalTest[212]" classname="org.bitcoinj.utils.BtcFormatTest" time="0.002"/>
  <testcase name="symbolCollisionTest[212]" classname="org.bitcoinj.utils.BtcFormatTest" time="0.003"/>
  <testcase name="equalityTest[212]" classname="org.bitcoinj.utils.BtcFormatTest" time="0.003"/>
  <testcase name="columnAlignmentTest[212]" classname="org.bitcoinj.utils.BtcFormatTest" time="0.0"/>
  <testcase name="factoryTest[212]" classname="org.bitcoinj.utils.BtcFormatTest" time="0.001"/>
  <testcase name="parse[212]" classname="org.bitcoinj.utils.BtcFormatTest" time="0.0"/>
  <testcase name="btcRounding[212]" classname="org.bitcoinj.utils.BtcFormatTest" time="0.004"/>
  <testcase name="negativeTest[212]" classname="org.bitcoinj.utils.BtcFormatTest" time="0.0">
    <skipped/>
  </testcase>
  <testcase name="millicoinScaleTest[212]" classname="org.bitcoinj.utils.BtcFormatTest" time="0.0"/>
  <testcase name="toStringTest[212]" classname="org.bitcoinj.utils.BtcFormatTest" time="0.0">
    <skipped/>
  </testcase>
  <testcase name="testGrouping[212]" classname="org.bitcoinj.utils.BtcFormatTest" time="0.0"/>
  <testcase name="symbolsCodesTest[212]" classname="org.bitcoinj.utils.BtcFormatTest" time="0.002"/>
  <testcase name="defaultLocaleTest[212]" classname="org.bitcoinj.utils.BtcFormatTest" time="0.001"/>
  <testcase name="parsePositionTest[212]" classname="org.bitcoinj.utils.BtcFormatTest" time="0.0"/>
  <testcase name="argumentTypeTest[212]" classname="org.bitcoinj.utils.BtcFormatTest" time="0.0">
    <skipped/>
  </testcase>
  <testcase name="characterIteratorTest[212]" classname="org.bitcoinj.utils.BtcFormatTest" time="0.001"/>
  <testcase name="repeatingPlaceTest[212]" classname="org.bitcoinj.utils.BtcFormatTest" time="0.0"/>
  <testcase name="currencyCodeTest[212]" classname="org.bitcoinj.utils.BtcFormatTest" time="0.0">
    <skipped/>
  </testcase>
  <testcase name="patternDecimalPlaces[212]" classname="org.bitcoinj.utils.BtcFormatTest" time="0.001"/>
  <testcase name="factoryArgumentsTest[213]" classname="org.bitcoinj.utils.BtcFormatTest" time="0.002"/>
  <testcase name="parseTest[213]" classname="org.bitcoinj.utils.BtcFormatTest" time="0.0">
    <skipped/>
  </testcase>
  <testcase name="microcoinScaleTest[213]" classname="org.bitcoinj.utils.BtcFormatTest" time="0.001"/>
  <testcase name="parseMetricTest[213]" classname="org.bitcoinj.utils.BtcFormatTest" time="0.001"/>
  <testcase name="coinScaleTest[213]" classname="org.bitcoinj.utils.BtcFormatTest" time="0.0"/>
  <testcase name="builderTest[213]" classname="org.bitcoinj.utils.BtcFormatTest" time="0.0">
    <skipped/>
  </testcase>
  <testcase name="attributeTest[213]" classname="org.bitcoinj.utils.BtcFormatTest" time="0.0">
    <skipped/>
  </testcase>
  <testcase name="prefixTest[213]" classname="org.bitcoinj.utils.BtcFormatTest" time="0.001"/>
  <testcase name="suffixTest[213]" classname="org.bitcoinj.utils.BtcFormatTest" time="0.0">
    <skipped/>
  </testcase>
  <testcase name="autoDecimalTest[213]" classname="org.bitcoinj.utils.BtcFormatTest" time="0.002"/>
  <testcase name="symbolCollisionTest[213]" classname="org.bitcoinj.utils.BtcFormatTest" time="0.007"/>
  <testcase name="equalityTest[213]" classname="org.bitcoinj.utils.BtcFormatTest" time="0.005"/>
  <testcase name="columnAlignmentTest[213]" classname="org.bitcoinj.utils.BtcFormatTest" time="0.001"/>
  <testcase name="factoryTest[213]" classname="org.bitcoinj.utils.BtcFormatTest" time="0.0"/>
  <testcase name="parse[213]" classname="org.bitcoinj.utils.BtcFormatTest" time="0.001"/>
  <testcase name="btcRounding[213]" classname="org.bitcoinj.utils.BtcFormatTest" time="0.003"/>
  <testcase name="negativeTest[213]" classname="org.bitcoinj.utils.BtcFormatTest" time="0.0">
    <skipped/>
  </testcase>
  <testcase name="millicoinScaleTest[213]" classname="org.bitcoinj.utils.BtcFormatTest" time="0.0"/>
  <testcase name="toStringTest[213]" classname="org.bitcoinj.utils.BtcFormatTest" time="0.0">
    <skipped/>
  </testcase>
  <testcase name="testGrouping[213]" classname="org.bitcoinj.utils.BtcFormatTest" time="0.001"/>
  <testcase name="symbolsCodesTest[213]" classname="org.bitcoinj.utils.BtcFormatTest" time="0.001"/>
  <testcase name="defaultLocaleTest[213]" classname="org.bitcoinj.utils.BtcFormatTest" time="0.0"/>
  <testcase name="parsePositionTest[213]" classname="org.bitcoinj.utils.BtcFormatTest" time="0.001"/>
  <testcase name="argumentTypeTest[213]" classname="org.bitcoinj.utils.BtcFormatTest" time="0.0">
    <skipped/>
  </testcase>
  <testcase name="characterIteratorTest[213]" classname="org.bitcoinj.utils.BtcFormatTest" time="0.0"/>
  <testcase name="repeatingPlaceTest[213]" classname="org.bitcoinj.utils.BtcFormatTest" time="0.001"/>
  <testcase name="currencyCodeTest[213]" classname="org.bitcoinj.utils.BtcFormatTest" time="0.0">
    <skipped/>
  </testcase>
  <testcase name="patternDecimalPlaces[213]" classname="org.bitcoinj.utils.BtcFormatTest" time="0.0"/>
  <testcase name="factoryArgumentsTest[214]" classname="org.bitcoinj.utils.BtcFormatTest" time="0.002"/>
  <testcase name="parseTest[214]" classname="org.bitcoinj.utils.BtcFormatTest" time="0.0">
    <skipped/>
  </testcase>
  <testcase name="microcoinScaleTest[214]" classname="org.bitcoinj.utils.BtcFormatTest" time="0.0"/>
  <testcase name="parseMetricTest[214]" classname="org.bitcoinj.utils.BtcFormatTest" time="0.003"/>
  <testcase name="coinScaleTest[214]" classname="org.bitcoinj.utils.BtcFormatTest" time="0.0"/>
  <testcase name="builderTest[214]" classname="org.bitcoinj.utils.BtcFormatTest" time="0.0">
    <skipped/>
  </testcase>
  <testcase name="attributeTest[214]" classname="org.bitcoinj.utils.BtcFormatTest" time="0.0">
    <skipped/>
  </testcase>
  <testcase name="prefixTest[214]" classname="org.bitcoinj.utils.BtcFormatTest" time="0.001"/>
  <testcase name="suffixTest[214]" classname="org.bitcoinj.utils.BtcFormatTest" time="0.0">
    <skipped/>
  </testcase>
  <testcase name="autoDecimalTest[214]" classname="org.bitcoinj.utils.BtcFormatTest" time="0.001"/>
  <testcase name="symbolCollisionTest[214]" classname="org.bitcoinj.utils.BtcFormatTest" time="0.005"/>
  <testcase name="equalityTest[214]" classname="org.bitcoinj.utils.BtcFormatTest" time="0.004"/>
  <testcase name="columnAlignmentTest[214]" classname="org.bitcoinj.utils.BtcFormatTest" time="0.001"/>
  <testcase name="factoryTest[214]" classname="org.bitcoinj.utils.BtcFormatTest" time="0.0"/>
  <testcase name="parse[214]" classname="org.bitcoinj.utils.BtcFormatTest" time="0.0"/>
  <testcase name="btcRounding[214]" classname="org.bitcoinj.utils.BtcFormatTest" time="0.002"/>
  <testcase name="negativeTest[214]" classname="org.bitcoinj.utils.BtcFormatTest" time="0.0">
    <skipped/>
  </testcase>
  <testcase name="millicoinScaleTest[214]" classname="org.bitcoinj.utils.BtcFormatTest" time="0.0"/>
  <testcase name="toStringTest[214]" classname="org.bitcoinj.utils.BtcFormatTest" time="0.0">
    <skipped/>
  </testcase>
  <testcase name="testGrouping[214]" classname="org.bitcoinj.utils.BtcFormatTest" time="0.0"/>
  <testcase name="symbolsCodesTest[214]" classname="org.bitcoinj.utils.BtcFormatTest" time="0.002"/>
  <testcase name="defaultLocaleTest[214]" classname="org.bitcoinj.utils.BtcFormatTest" time="0.0"/>
  <testcase name="parsePositionTest[214]" classname="org.bitcoinj.utils.BtcFormatTest" time="0.0"/>
  <testcase name="argumentTypeTest[214]" classname="org.bitcoinj.utils.BtcFormatTest" time="0.0">
    <skipped/>
  </testcase>
  <testcase name="characterIteratorTest[214]" classname="org.bitcoinj.utils.BtcFormatTest" time="0.001"/>
  <testcase name="repeatingPlaceTest[214]" classname="org.bitcoinj.utils.BtcFormatTest" time="0.0"/>
  <testcase name="currencyCodeTest[214]" classname="org.bitcoinj.utils.BtcFormatTest" time="0.0">
    <skipped/>
  </testcase>
  <testcase name="patternDecimalPlaces[214]" classname="org.bitcoinj.utils.BtcFormatTest" time="0.001"/>
  <testcase name="factoryArgumentsTest[215]" classname="org.bitcoinj.utils.BtcFormatTest" time="0.005"/>
  <testcase name="parseTest[215]" classname="org.bitcoinj.utils.BtcFormatTest" time="0.0">
    <skipped/>
  </testcase>
  <testcase name="microcoinScaleTest[215]" classname="org.bitcoinj.utils.BtcFormatTest" time="0.0"/>
  <testcase name="parseMetricTest[215]" classname="org.bitcoinj.utils.BtcFormatTest" time="0.002"/>
  <testcase name="coinScaleTest[215]" classname="org.bitcoinj.utils.BtcFormatTest" time="0.001"/>
  <testcase name="builderTest[215]" classname="org.bitcoinj.utils.BtcFormatTest" time="0.0">
    <skipped/>
  </testcase>
  <testcase name="attributeTest[215]" classname="org.bitcoinj.utils.BtcFormatTest" time="0.0">
    <skipped/>
  </testcase>
  <testcase name="prefixTest[215]" classname="org.bitcoinj.utils.BtcFormatTest" time="0.0"/>
  <testcase name="suffixTest[215]" classname="org.bitcoinj.utils.BtcFormatTest" time="0.0">
    <skipped/>
  </testcase>
  <testcase name="autoDecimalTest[215]" classname="org.bitcoinj.utils.BtcFormatTest" time="0.002"/>
  <testcase name="symbolCollisionTest[215]" classname="org.bitcoinj.utils.BtcFormatTest" time="0.003"/>
  <testcase name="equalityTest[215]" classname="org.bitcoinj.utils.BtcFormatTest" time="0.003"/>
  <testcase name="columnAlignmentTest[215]" classname="org.bitcoinj.utils.BtcFormatTest" time="0.001"/>
  <testcase name="factoryTest[215]" classname="org.bitcoinj.utils.BtcFormatTest" time="0.001"/>
  <testcase name="parse[215]" classname="org.bitcoinj.utils.BtcFormatTest" time="0.0"/>
  <testcase name="btcRounding[215]" classname="org.bitcoinj.utils.BtcFormatTest" time="0.004"/>
  <testcase name="negativeTest[215]" classname="org.bitcoinj.utils.BtcFormatTest" time="0.0">
    <skipped/>
  </testcase>
  <testcase name="millicoinScaleTest[215]" classname="org.bitcoinj.utils.BtcFormatTest" time="0.0"/>
  <testcase name="toStringTest[215]" classname="org.bitcoinj.utils.BtcFormatTest" time="0.0">
    <skipped/>
  </testcase>
  <testcase name="testGrouping[215]" classname="org.bitcoinj.utils.BtcFormatTest" time="0.001"/>
  <testcase name="symbolsCodesTest[215]" classname="org.bitcoinj.utils.BtcFormatTest" time="0.001"/>
  <testcase name="defaultLocaleTest[215]" classname="org.bitcoinj.utils.BtcFormatTest" time="0.001"/>
  <testcase name="parsePositionTest[215]" classname="org.bitcoinj.utils.BtcFormatTest" time="0.0"/>
  <testcase name="argumentTypeTest[215]" classname="org.bitcoinj.utils.BtcFormatTest" time="0.0">
    <skipped/>
  </testcase>
  <testcase name="characterIteratorTest[215]" classname="org.bitcoinj.utils.BtcFormatTest" time="0.001"/>
  <testcase name="repeatingPlaceTest[215]" classname="org.bitcoinj.utils.BtcFormatTest" time="0.0"/>
  <testcase name="currencyCodeTest[215]" classname="org.bitcoinj.utils.BtcFormatTest" time="0.0">
    <skipped/>
  </testcase>
  <testcase name="patternDecimalPlaces[215]" classname="org.bitcoinj.utils.BtcFormatTest" time="0.001"/>
  <testcase name="factoryArgumentsTest[216]" classname="org.bitcoinj.utils.BtcFormatTest" time="0.001"/>
  <testcase name="parseTest[216]" classname="org.bitcoinj.utils.BtcFormatTest" time="0.0">
    <skipped/>
  </testcase>
  <testcase name="microcoinScaleTest[216]" classname="org.bitcoinj.utils.BtcFormatTest" time="0.001"/>
  <testcase name="parseMetricTest[216]" classname="org.bitcoinj.utils.BtcFormatTest" time="0.001"/>
  <testcase name="coinScaleTest[216]" classname="org.bitcoinj.utils.BtcFormatTest" time="0.0"/>
  <testcase name="builderTest[216]" classname="org.bitcoinj.utils.BtcFormatTest" time="0.0">
    <skipped/>
  </testcase>
  <testcase name="attributeTest[216]" classname="org.bitcoinj.utils.BtcFormatTest" time="0.0">
    <skipped/>
  </testcase>
  <testcase name="prefixTest[216]" classname="org.bitcoinj.utils.BtcFormatTest" time="0.0"/>
  <testcase name="suffixTest[216]" classname="org.bitcoinj.utils.BtcFormatTest" time="0.0">
    <skipped/>
  </testcase>
  <testcase name="autoDecimalTest[216]" classname="org.bitcoinj.utils.BtcFormatTest" time="0.002"/>
  <testcase name="symbolCollisionTest[216]" classname="org.bitcoinj.utils.BtcFormatTest" time="0.005"/>
  <testcase name="equalityTest[216]" classname="org.bitcoinj.utils.BtcFormatTest" time="0.003"/>
  <testcase name="columnAlignmentTest[216]" classname="org.bitcoinj.utils.BtcFormatTest" time="0.001"/>
  <testcase name="factoryTest[216]" classname="org.bitcoinj.utils.BtcFormatTest" time="0.002"/>
  <testcase name="parse[216]" classname="org.bitcoinj.utils.BtcFormatTest" time="0.0"/>
  <testcase name="btcRounding[216]" classname="org.bitcoinj.utils.BtcFormatTest" time="0.003"/>
  <testcase name="negativeTest[216]" classname="org.bitcoinj.utils.BtcFormatTest" time="0.0">
    <skipped/>
  </testcase>
  <testcase name="millicoinScaleTest[216]" classname="org.bitcoinj.utils.BtcFormatTest" time="0.0"/>
  <testcase name="toStringTest[216]" classname="org.bitcoinj.utils.BtcFormatTest" time="0.0">
    <skipped/>
  </testcase>
  <testcase name="testGrouping[216]" classname="org.bitcoinj.utils.BtcFormatTest" time="0.0"/>
  <testcase name="symbolsCodesTest[216]" classname="org.bitcoinj.utils.BtcFormatTest" time="0.001"/>
  <testcase name="defaultLocaleTest[216]" classname="org.bitcoinj.utils.BtcFormatTest" time="0.001"/>
  <testcase name="parsePositionTest[216]" classname="org.bitcoinj.utils.BtcFormatTest" time="0.001"/>
  <testcase name="argumentTypeTest[216]" classname="org.bitcoinj.utils.BtcFormatTest" time="0.0">
    <skipped/>
  </testcase>
  <testcase name="characterIteratorTest[216]" classname="org.bitcoinj.utils.BtcFormatTest" time="0.0"/>
  <testcase name="repeatingPlaceTest[216]" classname="org.bitcoinj.utils.BtcFormatTest" time="0.001"/>
  <testcase name="currencyCodeTest[216]" classname="org.bitcoinj.utils.BtcFormatTest" time="0.0">
    <skipped/>
  </testcase>
  <testcase name="patternDecimalPlaces[216]" classname="org.bitcoinj.utils.BtcFormatTest" time="0.0"/>
  <testcase name="factoryArgumentsTest[217]" classname="org.bitcoinj.utils.BtcFormatTest" time="0.002"/>
  <testcase name="parseTest[217]" classname="org.bitcoinj.utils.BtcFormatTest" time="0.0">
    <skipped/>
  </testcase>
  <testcase name="microcoinScaleTest[217]" classname="org.bitcoinj.utils.BtcFormatTest" time="0.0"/>
  <testcase name="parseMetricTest[217]" classname="org.bitcoinj.utils.BtcFormatTest" time="0.002"/>
  <testcase name="coinScaleTest[217]" classname="org.bitcoinj.utils.BtcFormatTest" time="0.001"/>
  <testcase name="builderTest[217]" classname="org.bitcoinj.utils.BtcFormatTest" time="0.0">
    <skipped/>
  </testcase>
  <testcase name="attributeTest[217]" classname="org.bitcoinj.utils.BtcFormatTest" time="0.0">
    <skipped/>
  </testcase>
  <testcase name="prefixTest[217]" classname="org.bitcoinj.utils.BtcFormatTest" time="0.0"/>
  <testcase name="suffixTest[217]" classname="org.bitcoinj.utils.BtcFormatTest" time="0.0">
    <skipped/>
  </testcase>
  <testcase name="autoDecimalTest[217]" classname="org.bitcoinj.utils.BtcFormatTest" time="0.002"/>
  <testcase name="symbolCollisionTest[217]" classname="org.bitcoinj.utils.BtcFormatTest" time="0.006"/>
  <testcase name="equalityTest[217]" classname="org.bitcoinj.utils.BtcFormatTest" time="0.004"/>
  <testcase name="columnAlignmentTest[217]" classname="org.bitcoinj.utils.BtcFormatTest" time="0.0"/>
  <testcase name="factoryTest[217]" classname="org.bitcoinj.utils.BtcFormatTest" time="0.001"/>
  <testcase name="parse[217]" classname="org.bitcoinj.utils.BtcFormatTest" time="0.001"/>
  <testcase name="btcRounding[217]" classname="org.bitcoinj.utils.BtcFormatTest" time="0.003"/>
  <testcase name="negativeTest[217]" classname="org.bitcoinj.utils.BtcFormatTest" time="0.0">
    <skipped/>
  </testcase>
  <testcase name="millicoinScaleTest[217]" classname="org.bitcoinj.utils.BtcFormatTest" time="0.0"/>
  <testcase name="toStringTest[217]" classname="org.bitcoinj.utils.BtcFormatTest" time="0.0">
    <skipped/>
  </testcase>
  <testcase name="testGrouping[217]" classname="org.bitcoinj.utils.BtcFormatTest" time="0.0"/>
  <testcase name="symbolsCodesTest[217]" classname="org.bitcoinj.utils.BtcFormatTest" time="0.002"/>
  <testcase name="defaultLocaleTest[217]" classname="org.bitcoinj.utils.BtcFormatTest" time="0.0"/>
  <testcase name="parsePositionTest[217]" classname="org.bitcoinj.utils.BtcFormatTest" time="0.0"/>
  <testcase name="argumentTypeTest[217]" classname="org.bitcoinj.utils.BtcFormatTest" time="0.0">
    <skipped/>
  </testcase>
  <testcase name="characterIteratorTest[217]" classname="org.bitcoinj.utils.BtcFormatTest" time="0.001"/>
  <testcase name="repeatingPlaceTest[217]" classname="org.bitcoinj.utils.BtcFormatTest" time="0.001"/>
  <testcase name="currencyCodeTest[217]" classname="org.bitcoinj.utils.BtcFormatTest" time="0.0">
    <skipped/>
  </testcase>
  <testcase name="patternDecimalPlaces[217]" classname="org.bitcoinj.utils.BtcFormatTest" time="0.0"/>
  <testcase name="factoryArgumentsTest[218]" classname="org.bitcoinj.utils.BtcFormatTest" time="0.003"/>
  <testcase name="parseTest[218]" classname="org.bitcoinj.utils.BtcFormatTest" time="0.0">
    <skipped/>
  </testcase>
  <testcase name="microcoinScaleTest[218]" classname="org.bitcoinj.utils.BtcFormatTest" time="0.0"/>
  <testcase name="parseMetricTest[218]" classname="org.bitcoinj.utils.BtcFormatTest" time="0.002"/>
  <testcase name="coinScaleTest[218]" classname="org.bitcoinj.utils.BtcFormatTest" time="0.0"/>
  <testcase name="builderTest[218]" classname="org.bitcoinj.utils.BtcFormatTest" time="0.0">
    <skipped/>
  </testcase>
  <testcase name="attributeTest[218]" classname="org.bitcoinj.utils.BtcFormatTest" time="0.0">
    <skipped/>
  </testcase>
  <testcase name="prefixTest[218]" classname="org.bitcoinj.utils.BtcFormatTest" time="0.0"/>
  <testcase name="suffixTest[218]" classname="org.bitcoinj.utils.BtcFormatTest" time="0.0">
    <skipped/>
  </testcase>
  <testcase name="autoDecimalTest[218]" classname="org.bitcoinj.utils.BtcFormatTest" time="0.001"/>
  <testcase name="symbolCollisionTest[218]" classname="org.bitcoinj.utils.BtcFormatTest" time="0.007"/>
  <testcase name="equalityTest[218]" classname="org.bitcoinj.utils.BtcFormatTest" time="0.005"/>
  <testcase name="columnAlignmentTest[218]" classname="org.bitcoinj.utils.BtcFormatTest" time="0.0"/>
  <testcase name="factoryTest[218]" classname="org.bitcoinj.utils.BtcFormatTest" time="0.001"/>
  <testcase name="parse[218]" classname="org.bitcoinj.utils.BtcFormatTest" time="0.0"/>
  <testcase name="btcRounding[218]" classname="org.bitcoinj.utils.BtcFormatTest" time="0.002"/>
  <testcase name="negativeTest[218]" classname="org.bitcoinj.utils.BtcFormatTest" time="0.0">
    <skipped/>
  </testcase>
  <testcase name="millicoinScaleTest[218]" classname="org.bitcoinj.utils.BtcFormatTest" time="0.0"/>
  <testcase name="toStringTest[218]" classname="org.bitcoinj.utils.BtcFormatTest" time="0.0">
    <skipped/>
  </testcase>
  <testcase name="testGrouping[218]" classname="org.bitcoinj.utils.BtcFormatTest" time="0.001"/>
  <testcase name="symbolsCodesTest[218]" classname="org.bitcoinj.utils.BtcFormatTest" time="0.002"/>
  <testcase name="defaultLocaleTest[218]" classname="org.bitcoinj.utils.BtcFormatTest" time="0.001"/>
  <testcase name="parsePositionTest[218]" classname="org.bitcoinj.utils.BtcFormatTest" time="0.001"/>
  <testcase name="argumentTypeTest[218]" classname="org.bitcoinj.utils.BtcFormatTest" time="0.0">
    <skipped/>
  </testcase>
  <testcase name="characterIteratorTest[218]" classname="org.bitcoinj.utils.BtcFormatTest" time="0.003"/>
  <testcase name="repeatingPlaceTest[218]" classname="org.bitcoinj.utils.BtcFormatTest" time="0.0"/>
  <testcase name="currencyCodeTest[218]" classname="org.bitcoinj.utils.BtcFormatTest" time="0.0">
    <skipped/>
  </testcase>
  <testcase name="patternDecimalPlaces[218]" classname="org.bitcoinj.utils.BtcFormatTest" time="0.0"/>
  <testcase name="factoryArgumentsTest[219]" classname="org.bitcoinj.utils.BtcFormatTest" time="0.002"/>
  <testcase name="parseTest[219]" classname="org.bitcoinj.utils.BtcFormatTest" time="0.0">
    <skipped/>
  </testcase>
  <testcase name="microcoinScaleTest[219]" classname="org.bitcoinj.utils.BtcFormatTest" time="0.001"/>
  <testcase name="parseMetricTest[219]" classname="org.bitcoinj.utils.BtcFormatTest" time="0.002"/>
  <testcase name="coinScaleTest[219]" classname="org.bitcoinj.utils.BtcFormatTest" time="0.0"/>
  <testcase name="builderTest[219]" classname="org.bitcoinj.utils.BtcFormatTest" time="0.0">
    <skipped/>
  </testcase>
  <testcase name="attributeTest[219]" classname="org.bitcoinj.utils.BtcFormatTest" time="0.0">
    <skipped/>
  </testcase>
  <testcase name="prefixTest[219]" classname="org.bitcoinj.utils.BtcFormatTest" time="0.0"/>
  <testcase name="suffixTest[219]" classname="org.bitcoinj.utils.BtcFormatTest" time="0.0">
    <skipped/>
  </testcase>
  <testcase name="autoDecimalTest[219]" classname="org.bitcoinj.utils.BtcFormatTest" time="0.002"/>
  <testcase name="symbolCollisionTest[219]" classname="org.bitcoinj.utils.BtcFormatTest" time="0.004"/>
  <testcase name="equalityTest[219]" classname="org.bitcoinj.utils.BtcFormatTest" time="0.005"/>
  <testcase name="columnAlignmentTest[219]" classname="org.bitcoinj.utils.BtcFormatTest" time="0.001"/>
  <testcase name="factoryTest[219]" classname="org.bitcoinj.utils.BtcFormatTest" time="0.001"/>
  <testcase name="parse[219]" classname="org.bitcoinj.utils.BtcFormatTest" time="0.0"/>
  <testcase name="btcRounding[219]" classname="org.bitcoinj.utils.BtcFormatTest" time="0.002"/>
  <testcase name="negativeTest[219]" classname="org.bitcoinj.utils.BtcFormatTest" time="0.0">
    <skipped/>
  </testcase>
  <testcase name="millicoinScaleTest[219]" classname="org.bitcoinj.utils.BtcFormatTest" time="0.0"/>
  <testcase name="toStringTest[219]" classname="org.bitcoinj.utils.BtcFormatTest" time="0.0">
    <skipped/>
  </testcase>
  <testcase name="testGrouping[219]" classname="org.bitcoinj.utils.BtcFormatTest" time="0.001"/>
  <testcase name="symbolsCodesTest[219]" classname="org.bitcoinj.utils.BtcFormatTest" time="0.0"/>
  <testcase name="defaultLocaleTest[219]" classname="org.bitcoinj.utils.BtcFormatTest" time="0.001"/>
  <testcase name="parsePositionTest[219]" classname="org.bitcoinj.utils.BtcFormatTest" time="0.0"/>
  <testcase name="argumentTypeTest[219]" classname="org.bitcoinj.utils.BtcFormatTest" time="0.0">
    <skipped/>
  </testcase>
  <testcase name="characterIteratorTest[219]" classname="org.bitcoinj.utils.BtcFormatTest" time="0.001"/>
  <testcase name="repeatingPlaceTest[219]" classname="org.bitcoinj.utils.BtcFormatTest" time="0.0"/>
  <testcase name="currencyCodeTest[219]" classname="org.bitcoinj.utils.BtcFormatTest" time="0.0">
    <skipped/>
  </testcase>
  <testcase name="patternDecimalPlaces[219]" classname="org.bitcoinj.utils.BtcFormatTest" time="0.001"/>
  <testcase name="factoryArgumentsTest[220]" classname="org.bitcoinj.utils.BtcFormatTest" time="0.002"/>
  <testcase name="parseTest[220]" classname="org.bitcoinj.utils.BtcFormatTest" time="0.0">
    <skipped/>
  </testcase>
  <testcase name="microcoinScaleTest[220]" classname="org.bitcoinj.utils.BtcFormatTest" time="0.001"/>
  <testcase name="parseMetricTest[220]" classname="org.bitcoinj.utils.BtcFormatTest" time="0.001"/>
  <testcase name="coinScaleTest[220]" classname="org.bitcoinj.utils.BtcFormatTest" time="0.001"/>
  <testcase name="builderTest[220]" classname="org.bitcoinj.utils.BtcFormatTest" time="0.0">
    <skipped/>
  </testcase>
  <testcase name="attributeTest[220]" classname="org.bitcoinj.utils.BtcFormatTest" time="0.0">
    <skipped/>
  </testcase>
  <testcase name="prefixTest[220]" classname="org.bitcoinj.utils.BtcFormatTest" time="0.0"/>
  <testcase name="suffixTest[220]" classname="org.bitcoinj.utils.BtcFormatTest" time="0.0">
    <skipped/>
  </testcase>
  <testcase name="autoDecimalTest[220]" classname="org.bitcoinj.utils.BtcFormatTest" time="0.002"/>
  <testcase name="symbolCollisionTest[220]" classname="org.bitcoinj.utils.BtcFormatTest" time="0.003"/>
  <testcase name="equalityTest[220]" classname="org.bitcoinj.utils.BtcFormatTest" time="0.003"/>
  <testcase name="columnAlignmentTest[220]" classname="org.bitcoinj.utils.BtcFormatTest" time="0.001"/>
  <testcase name="factoryTest[220]" classname="org.bitcoinj.utils.BtcFormatTest" time="0.0"/>
  <testcase name="parse[220]" classname="org.bitcoinj.utils.BtcFormatTest" time="0.0"/>
  <testcase name="btcRounding[220]" classname="org.bitcoinj.utils.BtcFormatTest" time="0.002"/>
  <testcase name="negativeTest[220]" classname="org.bitcoinj.utils.BtcFormatTest" time="0.0">
    <skipped/>
  </testcase>
  <testcase name="millicoinScaleTest[220]" classname="org.bitcoinj.utils.BtcFormatTest" time="0.0"/>
  <testcase name="toStringTest[220]" classname="org.bitcoinj.utils.BtcFormatTest" time="0.0">
    <skipped/>
  </testcase>
  <testcase name="testGrouping[220]" classname="org.bitcoinj.utils.BtcFormatTest" time="0.001"/>
  <testcase name="symbolsCodesTest[220]" classname="org.bitcoinj.utils.BtcFormatTest" time="0.001"/>
  <testcase name="defaultLocaleTest[220]" classname="org.bitcoinj.utils.BtcFormatTest" time="0.0"/>
  <testcase name="parsePositionTest[220]" classname="org.bitcoinj.utils.BtcFormatTest" time="0.0"/>
  <testcase name="argumentTypeTest[220]" classname="org.bitcoinj.utils.BtcFormatTest" time="0.0">
    <skipped/>
  </testcase>
  <testcase name="characterIteratorTest[220]" classname="org.bitcoinj.utils.BtcFormatTest" time="0.001"/>
  <testcase name="repeatingPlaceTest[220]" classname="org.bitcoinj.utils.BtcFormatTest" time="0.0"/>
  <testcase name="currencyCodeTest[220]" classname="org.bitcoinj.utils.BtcFormatTest" time="0.0">
    <skipped/>
  </testcase>
  <testcase name="patternDecimalPlaces[220]" classname="org.bitcoinj.utils.BtcFormatTest" time="0.001"/>
  <testcase name="factoryArgumentsTest[221]" classname="org.bitcoinj.utils.BtcFormatTest" time="0.002"/>
  <testcase name="parseTest[221]" classname="org.bitcoinj.utils.BtcFormatTest" time="0.0">
    <skipped/>
  </testcase>
  <testcase name="microcoinScaleTest[221]" classname="org.bitcoinj.utils.BtcFormatTest" time="0.0"/>
  <testcase name="parseMetricTest[221]" classname="org.bitcoinj.utils.BtcFormatTest" time="0.002"/>
  <testcase name="coinScaleTest[221]" classname="org.bitcoinj.utils.BtcFormatTest" time="0.0"/>
  <testcase name="builderTest[221]" classname="org.bitcoinj.utils.BtcFormatTest" time="0.0">
    <skipped/>
  </testcase>
  <testcase name="attributeTest[221]" classname="org.bitcoinj.utils.BtcFormatTest" time="0.0">
    <skipped/>
  </testcase>
  <testcase name="prefixTest[221]" classname="org.bitcoinj.utils.BtcFormatTest" time="0.0"/>
  <testcase name="suffixTest[221]" classname="org.bitcoinj.utils.BtcFormatTest" time="0.0">
    <skipped/>
  </testcase>
  <testcase name="autoDecimalTest[221]" classname="org.bitcoinj.utils.BtcFormatTest" time="0.002"/>
  <testcase name="symbolCollisionTest[221]" classname="org.bitcoinj.utils.BtcFormatTest" time="0.004"/>
  <testcase name="equalityTest[221]" classname="org.bitcoinj.utils.BtcFormatTest" time="0.004"/>
  <testcase name="columnAlignmentTest[221]" classname="org.bitcoinj.utils.BtcFormatTest" time="0.0"/>
  <testcase name="factoryTest[221]" classname="org.bitcoinj.utils.BtcFormatTest" time="0.001"/>
  <testcase name="parse[221]" classname="org.bitcoinj.utils.BtcFormatTest" time="0.0"/>
  <testcase name="btcRounding[221]" classname="org.bitcoinj.utils.BtcFormatTest" time="0.002"/>
  <testcase name="negativeTest[221]" classname="org.bitcoinj.utils.BtcFormatTest" time="0.0">
    <skipped/>
  </testcase>
  <testcase name="millicoinScaleTest[221]" classname="org.bitcoinj.utils.BtcFormatTest" time="0.0"/>
  <testcase name="toStringTest[221]" classname="org.bitcoinj.utils.BtcFormatTest" time="0.0">
    <skipped/>
  </testcase>
  <testcase name="testGrouping[221]" classname="org.bitcoinj.utils.BtcFormatTest" time="0.001"/>
  <testcase name="symbolsCodesTest[221]" classname="org.bitcoinj.utils.BtcFormatTest" time="0.001"/>
  <testcase name="defaultLocaleTest[221]" classname="org.bitcoinj.utils.BtcFormatTest" time="0.0"/>
  <testcase name="parsePositionTest[221]" classname="org.bitcoinj.utils.BtcFormatTest" time="0.001"/>
  <testcase name="argumentTypeTest[221]" classname="org.bitcoinj.utils.BtcFormatTest" time="0.0">
    <skipped/>
  </testcase>
  <testcase name="characterIteratorTest[221]" classname="org.bitcoinj.utils.BtcFormatTest" time="0.0"/>
  <testcase name="repeatingPlaceTest[221]" classname="org.bitcoinj.utils.BtcFormatTest" time="0.001"/>
  <testcase name="currencyCodeTest[221]" classname="org.bitcoinj.utils.BtcFormatTest" time="0.0">
    <skipped/>
  </testcase>
  <testcase name="patternDecimalPlaces[221]" classname="org.bitcoinj.utils.BtcFormatTest" time="0.0"/>
  <testcase name="factoryArgumentsTest[222]" classname="org.bitcoinj.utils.BtcFormatTest" time="0.002"/>
  <testcase name="parseTest[222]" classname="org.bitcoinj.utils.BtcFormatTest" time="0.0">
    <skipped/>
  </testcase>
  <testcase name="microcoinScaleTest[222]" classname="org.bitcoinj.utils.BtcFormatTest" time="0.0"/>
  <testcase name="parseMetricTest[222]" classname="org.bitcoinj.utils.BtcFormatTest" time="0.001"/>
  <testcase name="coinScaleTest[222]" classname="org.bitcoinj.utils.BtcFormatTest" time="0.0"/>
  <testcase name="builderTest[222]" classname="org.bitcoinj.utils.BtcFormatTest" time="0.0">
    <skipped/>
  </testcase>
  <testcase name="attributeTest[222]" classname="org.bitcoinj.utils.BtcFormatTest" time="0.0">
    <skipped/>
  </testcase>
  <testcase name="prefixTest[222]" classname="org.bitcoinj.utils.BtcFormatTest" time="0.0"/>
  <testcase name="suffixTest[222]" classname="org.bitcoinj.utils.BtcFormatTest" time="0.0">
    <skipped/>
  </testcase>
  <testcase name="autoDecimalTest[222]" classname="org.bitcoinj.utils.BtcFormatTest" time="0.002"/>
  <testcase name="symbolCollisionTest[222]" classname="org.bitcoinj.utils.BtcFormatTest" time="0.006"/>
  <testcase name="equalityTest[222]" classname="org.bitcoinj.utils.BtcFormatTest" time="0.004"/>
  <testcase name="columnAlignmentTest[222]" classname="org.bitcoinj.utils.BtcFormatTest" time="0.001"/>
  <testcase name="factoryTest[222]" classname="org.bitcoinj.utils.BtcFormatTest" time="0.0"/>
  <testcase name="parse[222]" classname="org.bitcoinj.utils.BtcFormatTest" time="0.0"/>
  <testcase name="btcRounding[222]" classname="org.bitcoinj.utils.BtcFormatTest" time="0.002"/>
  <testcase name="negativeTest[222]" classname="org.bitcoinj.utils.BtcFormatTest" time="0.0">
    <skipped/>
  </testcase>
  <testcase name="millicoinScaleTest[222]" classname="org.bitcoinj.utils.BtcFormatTest" time="0.0"/>
  <testcase name="toStringTest[222]" classname="org.bitcoinj.utils.BtcFormatTest" time="0.0">
    <skipped/>
  </testcase>
  <testcase name="testGrouping[222]" classname="org.bitcoinj.utils.BtcFormatTest" time="0.001"/>
  <testcase name="symbolsCodesTest[222]" classname="org.bitcoinj.utils.BtcFormatTest" time="0.001"/>
  <testcase name="defaultLocaleTest[222]" classname="org.bitcoinj.utils.BtcFormatTest" time="0.0"/>
  <testcase name="parsePositionTest[222]" classname="org.bitcoinj.utils.BtcFormatTest" time="0.001"/>
  <testcase name="argumentTypeTest[222]" classname="org.bitcoinj.utils.BtcFormatTest" time="0.0">
    <skipped/>
  </testcase>
  <testcase name="characterIteratorTest[222]" classname="org.bitcoinj.utils.BtcFormatTest" time="0.001"/>
  <testcase name="repeatingPlaceTest[222]" classname="org.bitcoinj.utils.BtcFormatTest" time="0.0"/>
  <testcase name="currencyCodeTest[222]" classname="org.bitcoinj.utils.BtcFormatTest" time="0.0">
    <skipped/>
  </testcase>
  <testcase name="patternDecimalPlaces[222]" classname="org.bitcoinj.utils.BtcFormatTest" time="0.0"/>
  <testcase name="factoryArgumentsTest[223]" classname="org.bitcoinj.utils.BtcFormatTest" time="0.002"/>
  <testcase name="parseTest[223]" classname="org.bitcoinj.utils.BtcFormatTest" time="0.0">
    <skipped/>
  </testcase>
  <testcase name="microcoinScaleTest[223]" classname="org.bitcoinj.utils.BtcFormatTest" time="0.001"/>
  <testcase name="parseMetricTest[223]" classname="org.bitcoinj.utils.BtcFormatTest" time="0.001"/>
  <testcase name="coinScaleTest[223]" classname="org.bitcoinj.utils.BtcFormatTest" time="0.001"/>
  <testcase name="builderTest[223]" classname="org.bitcoinj.utils.BtcFormatTest" time="0.0">
    <skipped/>
  </testcase>
  <testcase name="attributeTest[223]" classname="org.bitcoinj.utils.BtcFormatTest" time="0.0">
    <skipped/>
  </testcase>
  <testcase name="prefixTest[223]" classname="org.bitcoinj.utils.BtcFormatTest" time="0.0"/>
  <testcase name="suffixTest[223]" classname="org.bitcoinj.utils.BtcFormatTest" time="0.0">
    <skipped/>
  </testcase>
  <testcase name="autoDecimalTest[223]" classname="org.bitcoinj.utils.BtcFormatTest" time="0.002"/>
  <testcase name="symbolCollisionTest[223]" classname="org.bitcoinj.utils.BtcFormatTest" time="0.004"/>
  <testcase name="equalityTest[223]" classname="org.bitcoinj.utils.BtcFormatTest" time="0.003"/>
  <testcase name="columnAlignmentTest[223]" classname="org.bitcoinj.utils.BtcFormatTest" time="0.001"/>
  <testcase name="factoryTest[223]" classname="org.bitcoinj.utils.BtcFormatTest" time="0.0"/>
  <testcase name="parse[223]" classname="org.bitcoinj.utils.BtcFormatTest" time="0.0"/>
  <testcase name="btcRounding[223]" classname="org.bitcoinj.utils.BtcFormatTest" time="0.002"/>
  <testcase name="negativeTest[223]" classname="org.bitcoinj.utils.BtcFormatTest" time="0.0">
    <skipped/>
  </testcase>
  <testcase name="millicoinScaleTest[223]" classname="org.bitcoinj.utils.BtcFormatTest" time="0.0"/>
  <testcase name="toStringTest[223]" classname="org.bitcoinj.utils.BtcFormatTest" time="0.0">
    <skipped/>
  </testcase>
  <testcase name="testGrouping[223]" classname="org.bitcoinj.utils.BtcFormatTest" time="0.0"/>
  <testcase name="symbolsCodesTest[223]" classname="org.bitcoinj.utils.BtcFormatTest" time="0.001"/>
  <testcase name="defaultLocaleTest[223]" classname="org.bitcoinj.utils.BtcFormatTest" time="0.0"/>
  <testcase name="parsePositionTest[223]" classname="org.bitcoinj.utils.BtcFormatTest" time="0.001"/>
  <testcase name="argumentTypeTest[223]" classname="org.bitcoinj.utils.BtcFormatTest" time="0.0">
    <skipped/>
  </testcase>
  <testcase name="characterIteratorTest[223]" classname="org.bitcoinj.utils.BtcFormatTest" time="0.0"/>
  <testcase name="repeatingPlaceTest[223]" classname="org.bitcoinj.utils.BtcFormatTest" time="0.001"/>
  <testcase name="currencyCodeTest[223]" classname="org.bitcoinj.utils.BtcFormatTest" time="0.0">
    <skipped/>
  </testcase>
  <testcase name="patternDecimalPlaces[223]" classname="org.bitcoinj.utils.BtcFormatTest" time="0.0"/>
  <testcase name="factoryArgumentsTest[224]" classname="org.bitcoinj.utils.BtcFormatTest" time="0.002"/>
  <testcase name="parseTest[224]" classname="org.bitcoinj.utils.BtcFormatTest" time="0.0">
    <skipped/>
  </testcase>
  <testcase name="microcoinScaleTest[224]" classname="org.bitcoinj.utils.BtcFormatTest" time="0.0"/>
  <testcase name="parseMetricTest[224]" classname="org.bitcoinj.utils.BtcFormatTest" time="0.002"/>
  <testcase name="coinScaleTest[224]" classname="org.bitcoinj.utils.BtcFormatTest" time="0.0"/>
  <testcase name="builderTest[224]" classname="org.bitcoinj.utils.BtcFormatTest" time="0.001">
    <skipped/>
  </testcase>
  <testcase name="attributeTest[224]" classname="org.bitcoinj.utils.BtcFormatTest" time="0.0">
    <skipped/>
  </testcase>
  <testcase name="prefixTest[224]" classname="org.bitcoinj.utils.BtcFormatTest" time="0.0"/>
  <testcase name="suffixTest[224]" classname="org.bitcoinj.utils.BtcFormatTest" time="0.0">
    <skipped/>
  </testcase>
  <testcase name="autoDecimalTest[224]" classname="org.bitcoinj.utils.BtcFormatTest" time="0.002"/>
  <testcase name="symbolCollisionTest[224]" classname="org.bitcoinj.utils.BtcFormatTest" time="0.002"/>
  <testcase name="equalityTest[224]" classname="org.bitcoinj.utils.BtcFormatTest" time="0.004"/>
  <testcase name="columnAlignmentTest[224]" classname="org.bitcoinj.utils.BtcFormatTest" time="0.001"/>
  <testcase name="factoryTest[224]" classname="org.bitcoinj.utils.BtcFormatTest" time="0.0"/>
  <testcase name="parse[224]" classname="org.bitcoinj.utils.BtcFormatTest" time="0.0"/>
  <testcase name="btcRounding[224]" classname="org.bitcoinj.utils.BtcFormatTest" time="0.002"/>
  <testcase name="negativeTest[224]" classname="org.bitcoinj.utils.BtcFormatTest" time="0.0">
    <skipped/>
  </testcase>
  <testcase name="millicoinScaleTest[224]" classname="org.bitcoinj.utils.BtcFormatTest" time="0.0"/>
  <testcase name="toStringTest[224]" classname="org.bitcoinj.utils.BtcFormatTest" time="0.0">
    <skipped/>
  </testcase>
  <testcase name="testGrouping[224]" classname="org.bitcoinj.utils.BtcFormatTest" time="0.0"/>
  <testcase name="symbolsCodesTest[224]" classname="org.bitcoinj.utils.BtcFormatTest" time="0.001"/>
  <testcase name="defaultLocaleTest[224]" classname="org.bitcoinj.utils.BtcFormatTest" time="0.0"/>
  <testcase name="parsePositionTest[224]" classname="org.bitcoinj.utils.BtcFormatTest" time="0.0"/>
  <testcase name="argumentTypeTest[224]" classname="org.bitcoinj.utils.BtcFormatTest" time="0.0">
    <skipped/>
  </testcase>
  <testcase name="characterIteratorTest[224]" classname="org.bitcoinj.utils.BtcFormatTest" time="0.001"/>
  <testcase name="repeatingPlaceTest[224]" classname="org.bitcoinj.utils.BtcFormatTest" time="0.0"/>
  <testcase name="currencyCodeTest[224]" classname="org.bitcoinj.utils.BtcFormatTest" time="0.0">
    <skipped/>
  </testcase>
  <testcase name="patternDecimalPlaces[224]" classname="org.bitcoinj.utils.BtcFormatTest" time="0.0"/>
  <testcase name="factoryArgumentsTest[225]" classname="org.bitcoinj.utils.BtcFormatTest" time="0.002"/>
  <testcase name="parseTest[225]" classname="org.bitcoinj.utils.BtcFormatTest" time="0.0">
    <skipped/>
  </testcase>
  <testcase name="microcoinScaleTest[225]" classname="org.bitcoinj.utils.BtcFormatTest" time="0.0"/>
  <testcase name="parseMetricTest[225]" classname="org.bitcoinj.utils.BtcFormatTest" time="0.002"/>
  <testcase name="coinScaleTest[225]" classname="org.bitcoinj.utils.BtcFormatTest" time="0.0"/>
  <testcase name="builderTest[225]" classname="org.bitcoinj.utils.BtcFormatTest" time="0.0">
    <skipped/>
  </testcase>
  <testcase name="attributeTest[225]" classname="org.bitcoinj.utils.BtcFormatTest" time="0.0">
    <skipped/>
  </testcase>
  <testcase name="prefixTest[225]" classname="org.bitcoinj.utils.BtcFormatTest" time="0.0"/>
  <testcase name="suffixTest[225]" classname="org.bitcoinj.utils.BtcFormatTest" time="0.0">
    <skipped/>
  </testcase>
  <testcase name="autoDecimalTest[225]" classname="org.bitcoinj.utils.BtcFormatTest" time="0.007"/>
  <testcase name="symbolCollisionTest[225]" classname="org.bitcoinj.utils.BtcFormatTest" time="0.004"/>
  <testcase name="equalityTest[225]" classname="org.bitcoinj.utils.BtcFormatTest" time="0.002"/>
  <testcase name="columnAlignmentTest[225]" classname="org.bitcoinj.utils.BtcFormatTest" time="0.0"/>
  <testcase name="factoryTest[225]" classname="org.bitcoinj.utils.BtcFormatTest" time="0.001"/>
  <testcase name="parse[225]" classname="org.bitcoinj.utils.BtcFormatTest" time="0.0"/>
  <testcase name="btcRounding[225]" classname="org.bitcoinj.utils.BtcFormatTest" time="0.002"/>
  <testcase name="negativeTest[225]" classname="org.bitcoinj.utils.BtcFormatTest" time="0.0">
    <skipped/>
  </testcase>
  <testcase name="millicoinScaleTest[225]" classname="org.bitcoinj.utils.BtcFormatTest" time="0.0"/>
  <testcase name="toStringTest[225]" classname="org.bitcoinj.utils.BtcFormatTest" time="0.0">
    <skipped/>
  </testcase>
  <testcase name="testGrouping[225]" classname="org.bitcoinj.utils.BtcFormatTest" time="0.001"/>
  <testcase name="symbolsCodesTest[225]" classname="org.bitcoinj.utils.BtcFormatTest" time="0.002"/>
  <testcase name="defaultLocaleTest[225]" classname="org.bitcoinj.utils.BtcFormatTest" time="0.0"/>
  <testcase name="parsePositionTest[225]" classname="org.bitcoinj.utils.BtcFormatTest" time="0.001"/>
  <testcase name="argumentTypeTest[225]" classname="org.bitcoinj.utils.BtcFormatTest" time="0.0">
    <skipped/>
  </testcase>
  <testcase name="characterIteratorTest[225]" classname="org.bitcoinj.utils.BtcFormatTest" time="0.0"/>
  <testcase name="repeatingPlaceTest[225]" classname="org.bitcoinj.utils.BtcFormatTest" time="0.0"/>
  <testcase name="currencyCodeTest[225]" classname="org.bitcoinj.utils.BtcFormatTest" time="0.0">
    <skipped/>
  </testcase>
  <testcase name="patternDecimalPlaces[225]" classname="org.bitcoinj.utils.BtcFormatTest" time="0.0"/>
  <testcase name="factoryArgumentsTest[226]" classname="org.bitcoinj.utils.BtcFormatTest" time="0.002"/>
  <testcase name="parseTest[226]" classname="org.bitcoinj.utils.BtcFormatTest" time="0.0">
    <skipped/>
  </testcase>
  <testcase name="microcoinScaleTest[226]" classname="org.bitcoinj.utils.BtcFormatTest" time="0.0"/>
  <testcase name="parseMetricTest[226]" classname="org.bitcoinj.utils.BtcFormatTest" time="0.002"/>
  <testcase name="coinScaleTest[226]" classname="org.bitcoinj.utils.BtcFormatTest" time="0.0"/>
  <testcase name="builderTest[226]" classname="org.bitcoinj.utils.BtcFormatTest" time="0.0">
    <skipped/>
  </testcase>
  <testcase name="attributeTest[226]" classname="org.bitcoinj.utils.BtcFormatTest" time="0.0">
    <skipped/>
  </testcase>
  <testcase name="prefixTest[226]" classname="org.bitcoinj.utils.BtcFormatTest" time="0.0"/>
  <testcase name="suffixTest[226]" classname="org.bitcoinj.utils.BtcFormatTest" time="0.0">
    <skipped/>
  </testcase>
  <testcase name="autoDecimalTest[226]" classname="org.bitcoinj.utils.BtcFormatTest" time="0.002"/>
  <testcase name="symbolCollisionTest[226]" classname="org.bitcoinj.utils.BtcFormatTest" time="0.004"/>
  <testcase name="equalityTest[226]" classname="org.bitcoinj.utils.BtcFormatTest" time="0.004"/>
  <testcase name="columnAlignmentTest[226]" classname="org.bitcoinj.utils.BtcFormatTest" time="0.001"/>
  <testcase name="factoryTest[226]" classname="org.bitcoinj.utils.BtcFormatTest" time="0.001"/>
  <testcase name="parse[226]" classname="org.bitcoinj.utils.BtcFormatTest" time="0.0"/>
  <testcase name="btcRounding[226]" classname="org.bitcoinj.utils.BtcFormatTest" time="0.003"/>
  <testcase name="negativeTest[226]" classname="org.bitcoinj.utils.BtcFormatTest" time="0.0">
    <skipped/>
  </testcase>
  <testcase name="millicoinScaleTest[226]" classname="org.bitcoinj.utils.BtcFormatTest" time="0.0"/>
  <testcase name="toStringTest[226]" classname="org.bitcoinj.utils.BtcFormatTest" time="0.0">
    <skipped/>
  </testcase>
  <testcase name="testGrouping[226]" classname="org.bitcoinj.utils.BtcFormatTest" time="0.001"/>
  <testcase name="symbolsCodesTest[226]" classname="org.bitcoinj.utils.BtcFormatTest" time="0.001"/>
  <testcase name="defaultLocaleTest[226]" classname="org.bitcoinj.utils.BtcFormatTest" time="0.0"/>
  <testcase name="parsePositionTest[226]" classname="org.bitcoinj.utils.BtcFormatTest" time="0.0"/>
  <testcase name="argumentTypeTest[226]" classname="org.bitcoinj.utils.BtcFormatTest" time="0.0">
    <skipped/>
  </testcase>
  <testcase name="characterIteratorTest[226]" classname="org.bitcoinj.utils.BtcFormatTest" time="0.001"/>
  <testcase name="repeatingPlaceTest[226]" classname="org.bitcoinj.utils.BtcFormatTest" time="0.001"/>
  <testcase name="currencyCodeTest[226]" classname="org.bitcoinj.utils.BtcFormatTest" time="0.0">
    <skipped/>
  </testcase>
  <testcase name="patternDecimalPlaces[226]" classname="org.bitcoinj.utils.BtcFormatTest" time="0.0"/>
  <testcase name="factoryArgumentsTest[227]" classname="org.bitcoinj.utils.BtcFormatTest" time="0.001"/>
  <testcase name="parseTest[227]" classname="org.bitcoinj.utils.BtcFormatTest" time="0.0">
    <skipped/>
  </testcase>
  <testcase name="microcoinScaleTest[227]" classname="org.bitcoinj.utils.BtcFormatTest" time="0.0"/>
  <testcase name="parseMetricTest[227]" classname="org.bitcoinj.utils.BtcFormatTest" time="0.001"/>
  <testcase name="coinScaleTest[227]" classname="org.bitcoinj.utils.BtcFormatTest" time="0.0"/>
  <testcase name="builderTest[227]" classname="org.bitcoinj.utils.BtcFormatTest" time="0.0">
    <skipped/>
  </testcase>
  <testcase name="attributeTest[227]" classname="org.bitcoinj.utils.BtcFormatTest" time="0.0">
    <skipped/>
  </testcase>
  <testcase name="prefixTest[227]" classname="org.bitcoinj.utils.BtcFormatTest" time="0.0"/>
  <testcase name="suffixTest[227]" classname="org.bitcoinj.utils.BtcFormatTest" time="0.0">
    <skipped/>
  </testcase>
  <testcase name="autoDecimalTest[227]" classname="org.bitcoinj.utils.BtcFormatTest" time="0.002"/>
  <testcase name="symbolCollisionTest[227]" classname="org.bitcoinj.utils.BtcFormatTest" time="0.002"/>
  <testcase name="equalityTest[227]" classname="org.bitcoinj.utils.BtcFormatTest" time="0.003"/>
  <testcase name="columnAlignmentTest[227]" classname="org.bitcoinj.utils.BtcFormatTest" time="0.0"/>
  <testcase name="factoryTest[227]" classname="org.bitcoinj.utils.BtcFormatTest" time="0.001"/>
  <testcase name="parse[227]" classname="org.bitcoinj.utils.BtcFormatTest" time="0.0"/>
  <testcase name="btcRounding[227]" classname="org.bitcoinj.utils.BtcFormatTest" time="0.004"/>
  <testcase name="negativeTest[227]" classname="org.bitcoinj.utils.BtcFormatTest" time="0.0">
    <skipped/>
  </testcase>
  <testcase name="millicoinScaleTest[227]" classname="org.bitcoinj.utils.BtcFormatTest" time="0.0"/>
  <testcase name="toStringTest[227]" classname="org.bitcoinj.utils.BtcFormatTest" time="0.0">
    <skipped/>
  </testcase>
  <testcase name="testGrouping[227]" classname="org.bitcoinj.utils.BtcFormatTest" time="0.0"/>
  <testcase name="symbolsCodesTest[227]" classname="org.bitcoinj.utils.BtcFormatTest" time="0.001"/>
  <testcase name="defaultLocaleTest[227]" classname="org.bitcoinj.utils.BtcFormatTest" time="0.0"/>
  <testcase name="parsePositionTest[227]" classname="org.bitcoinj.utils.BtcFormatTest" time="0.0"/>
  <testcase name="argumentTypeTest[227]" classname="org.bitcoinj.utils.BtcFormatTest" time="0.0">
    <skipped/>
  </testcase>
  <testcase name="characterIteratorTest[227]" classname="org.bitcoinj.utils.BtcFormatTest" time="0.001"/>
  <testcase name="repeatingPlaceTest[227]" classname="org.bitcoinj.utils.BtcFormatTest" time="0.0"/>
  <testcase name="currencyCodeTest[227]" classname="org.bitcoinj.utils.BtcFormatTest" time="0.0">
    <skipped/>
  </testcase>
  <testcase name="patternDecimalPlaces[227]" classname="org.bitcoinj.utils.BtcFormatTest" time="0.0"/>
  <testcase name="factoryArgumentsTest[228]" classname="org.bitcoinj.utils.BtcFormatTest" time="0.002"/>
  <testcase name="parseTest[228]" classname="org.bitcoinj.utils.BtcFormatTest" time="0.0">
    <skipped/>
  </testcase>
  <testcase name="microcoinScaleTest[228]" classname="org.bitcoinj.utils.BtcFormatTest" time="0.0"/>
  <testcase name="parseMetricTest[228]" classname="org.bitcoinj.utils.BtcFormatTest" time="0.002"/>
  <testcase name="coinScaleTest[228]" classname="org.bitcoinj.utils.BtcFormatTest" time="0.0"/>
  <testcase name="builderTest[228]" classname="org.bitcoinj.utils.BtcFormatTest" time="0.0">
    <skipped/>
  </testcase>
  <testcase name="attributeTest[228]" classname="org.bitcoinj.utils.BtcFormatTest" time="0.0">
    <skipped/>
  </testcase>
  <testcase name="prefixTest[228]" classname="org.bitcoinj.utils.BtcFormatTest" time="0.001"/>
  <testcase name="suffixTest[228]" classname="org.bitcoinj.utils.BtcFormatTest" time="0.0">
    <skipped/>
  </testcase>
  <testcase name="autoDecimalTest[228]" classname="org.bitcoinj.utils.BtcFormatTest" time="0.002"/>
  <testcase name="symbolCollisionTest[228]" classname="org.bitcoinj.utils.BtcFormatTest" time="0.002"/>
  <testcase name="equalityTest[228]" classname="org.bitcoinj.utils.BtcFormatTest" time="0.003"/>
  <testcase name="columnAlignmentTest[228]" classname="org.bitcoinj.utils.BtcFormatTest" time="0.0"/>
  <testcase name="factoryTest[228]" classname="org.bitcoinj.utils.BtcFormatTest" time="0.001"/>
  <testcase name="parse[228]" classname="org.bitcoinj.utils.BtcFormatTest" time="0.0"/>
  <testcase name="btcRounding[228]" classname="org.bitcoinj.utils.BtcFormatTest" time="0.002"/>
  <testcase name="negativeTest[228]" classname="org.bitcoinj.utils.BtcFormatTest" time="0.0">
    <skipped/>
  </testcase>
  <testcase name="millicoinScaleTest[228]" classname="org.bitcoinj.utils.BtcFormatTest" time="0.0"/>
  <testcase name="toStringTest[228]" classname="org.bitcoinj.utils.BtcFormatTest" time="0.0">
    <skipped/>
  </testcase>
  <testcase name="testGrouping[228]" classname="org.bitcoinj.utils.BtcFormatTest" time="0.0"/>
  <testcase name="symbolsCodesTest[228]" classname="org.bitcoinj.utils.BtcFormatTest" time="0.001"/>
  <testcase name="defaultLocaleTest[228]" classname="org.bitcoinj.utils.BtcFormatTest" time="0.001"/>
  <testcase name="parsePositionTest[228]" classname="org.bitcoinj.utils.BtcFormatTest" time="0.0"/>
  <testcase name="argumentTypeTest[228]" classname="org.bitcoinj.utils.BtcFormatTest" time="0.0">
    <skipped/>
  </testcase>
  <testcase name="characterIteratorTest[228]" classname="org.bitcoinj.utils.BtcFormatTest" time="0.0"/>
  <testcase name="repeatingPlaceTest[228]" classname="org.bitcoinj.utils.BtcFormatTest" time="0.001"/>
  <testcase name="currencyCodeTest[228]" classname="org.bitcoinj.utils.BtcFormatTest" time="0.0">
    <skipped/>
  </testcase>
  <testcase name="patternDecimalPlaces[228]" classname="org.bitcoinj.utils.BtcFormatTest" time="0.0"/>
  <testcase name="factoryArgumentsTest[229]" classname="org.bitcoinj.utils.BtcFormatTest" time="0.001"/>
  <testcase name="parseTest[229]" classname="org.bitcoinj.utils.BtcFormatTest" time="0.0">
    <skipped/>
  </testcase>
  <testcase name="microcoinScaleTest[229]" classname="org.bitcoinj.utils.BtcFormatTest" time="0.001"/>
  <testcase name="parseMetricTest[229]" classname="org.bitcoinj.utils.BtcFormatTest" time="0.001"/>
  <testcase name="coinScaleTest[229]" classname="org.bitcoinj.utils.BtcFormatTest" time="0.001"/>
  <testcase name="builderTest[229]" classname="org.bitcoinj.utils.BtcFormatTest" time="0.0">
    <skipped/>
  </testcase>
  <testcase name="attributeTest[229]" classname="org.bitcoinj.utils.BtcFormatTest" time="0.0">
    <skipped/>
  </testcase>
  <testcase name="prefixTest[229]" classname="org.bitcoinj.utils.BtcFormatTest" time="0.0"/>
  <testcase name="suffixTest[229]" classname="org.bitcoinj.utils.BtcFormatTest" time="0.0">
    <skipped/>
  </testcase>
  <testcase name="autoDecimalTest[229]" classname="org.bitcoinj.utils.BtcFormatTest" time="0.001"/>
  <testcase name="symbolCollisionTest[229]" classname="org.bitcoinj.utils.BtcFormatTest" time="0.004"/>
  <testcase name="equalityTest[229]" classname="org.bitcoinj.utils.BtcFormatTest" time="0.004"/>
  <testcase name="columnAlignmentTest[229]" classname="org.bitcoinj.utils.BtcFormatTest" time="0.0"/>
  <testcase name="factoryTest[229]" classname="org.bitcoinj.utils.BtcFormatTest" time="0.001"/>
  <testcase name="parse[229]" classname="org.bitcoinj.utils.BtcFormatTest" time="0.001"/>
  <testcase name="btcRounding[229]" classname="org.bitcoinj.utils.BtcFormatTest" time="0.002"/>
  <testcase name="negativeTest[229]" classname="org.bitcoinj.utils.BtcFormatTest" time="0.0">
    <skipped/>
  </testcase>
  <testcase name="millicoinScaleTest[229]" classname="org.bitcoinj.utils.BtcFormatTest" time="0.0"/>
  <testcase name="toStringTest[229]" classname="org.bitcoinj.utils.BtcFormatTest" time="0.0">
    <skipped/>
  </testcase>
  <testcase name="testGrouping[229]" classname="org.bitcoinj.utils.BtcFormatTest" time="0.0"/>
  <testcase name="symbolsCodesTest[229]" classname="org.bitcoinj.utils.BtcFormatTest" time="0.001"/>
  <testcase name="defaultLocaleTest[229]" classname="org.bitcoinj.utils.BtcFormatTest" time="0.0"/>
  <testcase name="parsePositionTest[229]" classname="org.bitcoinj.utils.BtcFormatTest" time="0.001"/>
  <testcase name="argumentTypeTest[229]" classname="org.bitcoinj.utils.BtcFormatTest" time="0.0">
    <skipped/>
  </testcase>
  <testcase name="characterIteratorTest[229]" classname="org.bitcoinj.utils.BtcFormatTest" time="0.0"/>
  <testcase name="repeatingPlaceTest[229]" classname="org.bitcoinj.utils.BtcFormatTest" time="0.001"/>
  <testcase name="currencyCodeTest[229]" classname="org.bitcoinj.utils.BtcFormatTest" time="0.0">
    <skipped/>
  </testcase>
  <testcase name="patternDecimalPlaces[229]" classname="org.bitcoinj.utils.BtcFormatTest" time="0.0"/>
  <testcase name="factoryArgumentsTest[230]" classname="org.bitcoinj.utils.BtcFormatTest" time="0.002"/>
  <testcase name="parseTest[230]" classname="org.bitcoinj.utils.BtcFormatTest" time="0.0">
    <skipped/>
  </testcase>
  <testcase name="microcoinScaleTest[230]" classname="org.bitcoinj.utils.BtcFormatTest" time="0.0"/>
  <testcase name="parseMetricTest[230]" classname="org.bitcoinj.utils.BtcFormatTest" time="0.002"/>
  <testcase name="coinScaleTest[230]" classname="org.bitcoinj.utils.BtcFormatTest" time="0.0"/>
  <testcase name="builderTest[230]" classname="org.bitcoinj.utils.BtcFormatTest" time="0.0">
    <skipped/>
  </testcase>
  <testcase name="attributeTest[230]" classname="org.bitcoinj.utils.BtcFormatTest" time="0.0">
    <skipped/>
  </testcase>
  <testcase name="prefixTest[230]" classname="org.bitcoinj.utils.BtcFormatTest" time="0.0"/>
  <testcase name="suffixTest[230]" classname="org.bitcoinj.utils.BtcFormatTest" time="0.0">
    <skipped/>
  </testcase>
  <testcase name="autoDecimalTest[230]" classname="org.bitcoinj.utils.BtcFormatTest" time="0.001"/>
  <testcase name="symbolCollisionTest[230]" classname="org.bitcoinj.utils.BtcFormatTest" time="0.005"/>
  <testcase name="equalityTest[230]" classname="org.bitcoinj.utils.BtcFormatTest" time="0.004"/>
  <testcase name="columnAlignmentTest[230]" classname="org.bitcoinj.utils.BtcFormatTest" time="0.0"/>
  <testcase name="factoryTest[230]" classname="org.bitcoinj.utils.BtcFormatTest" time="0.001"/>
  <testcase name="parse[230]" classname="org.bitcoinj.utils.BtcFormatTest" time="0.0"/>
  <testcase name="btcRounding[230]" classname="org.bitcoinj.utils.BtcFormatTest" time="0.004"/>
  <testcase name="negativeTest[230]" classname="org.bitcoinj.utils.BtcFormatTest" time="0.0">
    <skipped/>
  </testcase>
  <testcase name="millicoinScaleTest[230]" classname="org.bitcoinj.utils.BtcFormatTest" time="0.0"/>
  <testcase name="toStringTest[230]" classname="org.bitcoinj.utils.BtcFormatTest" time="0.0">
    <skipped/>
  </testcase>
  <testcase name="testGrouping[230]" classname="org.bitcoinj.utils.BtcFormatTest" time="0.001"/>
  <testcase name="symbolsCodesTest[230]" classname="org.bitcoinj.utils.BtcFormatTest" time="0.001"/>
  <testcase name="defaultLocaleTest[230]" classname="org.bitcoinj.utils.BtcFormatTest" time="0.0"/>
  <testcase name="parsePositionTest[230]" classname="org.bitcoinj.utils.BtcFormatTest" time="0.001"/>
  <testcase name="argumentTypeTest[230]" classname="org.bitcoinj.utils.BtcFormatTest" time="0.0">
    <skipped/>
  </testcase>
  <testcase name="characterIteratorTest[230]" classname="org.bitcoinj.utils.BtcFormatTest" time="0.0"/>
  <testcase name="repeatingPlaceTest[230]" classname="org.bitcoinj.utils.BtcFormatTest" time="0.0"/>
  <testcase name="currencyCodeTest[230]" classname="org.bitcoinj.utils.BtcFormatTest" time="0.0">
    <skipped/>
  </testcase>
  <testcase name="patternDecimalPlaces[230]" classname="org.bitcoinj.utils.BtcFormatTest" time="0.0"/>
  <testcase name="factoryArgumentsTest[231]" classname="org.bitcoinj.utils.BtcFormatTest" time="0.002"/>
  <testcase name="parseTest[231]" classname="org.bitcoinj.utils.BtcFormatTest" time="0.0">
    <skipped/>
  </testcase>
  <testcase name="microcoinScaleTest[231]" classname="org.bitcoinj.utils.BtcFormatTest" time="0.001"/>
  <testcase name="parseMetricTest[231]" classname="org.bitcoinj.utils.BtcFormatTest" time="0.001"/>
  <testcase name="coinScaleTest[231]" classname="org.bitcoinj.utils.BtcFormatTest" time="0.001"/>
  <testcase name="builderTest[231]" classname="org.bitcoinj.utils.BtcFormatTest" time="0.0">
    <skipped/>
  </testcase>
  <testcase name="attributeTest[231]" classname="org.bitcoinj.utils.BtcFormatTest" time="0.0">
    <skipped/>
  </testcase>
  <testcase name="prefixTest[231]" classname="org.bitcoinj.utils.BtcFormatTest" time="0.0"/>
  <testcase name="suffixTest[231]" classname="org.bitcoinj.utils.BtcFormatTest" time="0.0">
    <skipped/>
  </testcase>
  <testcase name="autoDecimalTest[231]" classname="org.bitcoinj.utils.BtcFormatTest" time="0.001"/>
  <testcase name="symbolCollisionTest[231]" classname="org.bitcoinj.utils.BtcFormatTest" time="0.002"/>
  <testcase name="equalityTest[231]" classname="org.bitcoinj.utils.BtcFormatTest" time="0.003"/>
  <testcase name="columnAlignmentTest[231]" classname="org.bitcoinj.utils.BtcFormatTest" time="0.001"/>
  <testcase name="factoryTest[231]" classname="org.bitcoinj.utils.BtcFormatTest" time="0.0"/>
  <testcase name="parse[231]" classname="org.bitcoinj.utils.BtcFormatTest" time="0.0"/>
  <testcase name="btcRounding[231]" classname="org.bitcoinj.utils.BtcFormatTest" time="0.003"/>
  <testcase name="negativeTest[231]" classname="org.bitcoinj.utils.BtcFormatTest" time="0.0">
    <skipped/>
  </testcase>
  <testcase name="millicoinScaleTest[231]" classname="org.bitcoinj.utils.BtcFormatTest" time="0.0"/>
  <testcase name="toStringTest[231]" classname="org.bitcoinj.utils.BtcFormatTest" time="0.0">
    <skipped/>
  </testcase>
  <testcase name="testGrouping[231]" classname="org.bitcoinj.utils.BtcFormatTest" time="0.0"/>
  <testcase name="symbolsCodesTest[231]" classname="org.bitcoinj.utils.BtcFormatTest" time="0.001"/>
  <testcase name="defaultLocaleTest[231]" classname="org.bitcoinj.utils.BtcFormatTest" time="0.001"/>
  <testcase name="parsePositionTest[231]" classname="org.bitcoinj.utils.BtcFormatTest" time="0.0"/>
  <testcase name="argumentTypeTest[231]" classname="org.bitcoinj.utils.BtcFormatTest" time="0.0">
    <skipped/>
  </testcase>
  <testcase name="characterIteratorTest[231]" classname="org.bitcoinj.utils.BtcFormatTest" time="0.0"/>
  <testcase name="repeatingPlaceTest[231]" classname="org.bitcoinj.utils.BtcFormatTest" time="0.001"/>
  <testcase name="currencyCodeTest[231]" classname="org.bitcoinj.utils.BtcFormatTest" time="0.0">
    <skipped/>
  </testcase>
  <testcase name="patternDecimalPlaces[231]" classname="org.bitcoinj.utils.BtcFormatTest" time="0.0"/>
  <testcase name="factoryArgumentsTest[232]" classname="org.bitcoinj.utils.BtcFormatTest" time="0.001"/>
  <testcase name="parseTest[232]" classname="org.bitcoinj.utils.BtcFormatTest" time="0.0">
    <skipped/>
  </testcase>
  <testcase name="microcoinScaleTest[232]" classname="org.bitcoinj.utils.BtcFormatTest" time="0.001"/>
  <testcase name="parseMetricTest[232]" classname="org.bitcoinj.utils.BtcFormatTest" time="0.001"/>
  <testcase name="coinScaleTest[232]" classname="org.bitcoinj.utils.BtcFormatTest" time="0.001"/>
  <testcase name="builderTest[232]" classname="org.bitcoinj.utils.BtcFormatTest" time="0.0">
    <skipped/>
  </testcase>
  <testcase name="attributeTest[232]" classname="org.bitcoinj.utils.BtcFormatTest" time="0.0">
    <skipped/>
  </testcase>
  <testcase name="prefixTest[232]" classname="org.bitcoinj.utils.BtcFormatTest" time="0.0"/>
  <testcase name="suffixTest[232]" classname="org.bitcoinj.utils.BtcFormatTest" time="0.0">
    <skipped/>
  </testcase>
  <testcase name="autoDecimalTest[232]" classname="org.bitcoinj.utils.BtcFormatTest" time="0.002"/>
  <testcase name="symbolCollisionTest[232]" classname="org.bitcoinj.utils.BtcFormatTest" time="0.005"/>
  <testcase name="equalityTest[232]" classname="org.bitcoinj.utils.BtcFormatTest" time="0.003"/>
  <testcase name="columnAlignmentTest[232]" classname="org.bitcoinj.utils.BtcFormatTest" time="0.0"/>
  <testcase name="factoryTest[232]" classname="org.bitcoinj.utils.BtcFormatTest" time="0.001"/>
  <testcase name="parse[232]" classname="org.bitcoinj.utils.BtcFormatTest" time="0.0"/>
  <testcase name="btcRounding[232]" classname="org.bitcoinj.utils.BtcFormatTest" time="0.001"/>
  <testcase name="negativeTest[232]" classname="org.bitcoinj.utils.BtcFormatTest" time="0.0">
    <skipped/>
  </testcase>
  <testcase name="millicoinScaleTest[232]" classname="org.bitcoinj.utils.BtcFormatTest" time="0.001"/>
  <testcase name="toStringTest[232]" classname="org.bitcoinj.utils.BtcFormatTest" time="0.0">
    <skipped/>
  </testcase>
  <testcase name="testGrouping[232]" classname="org.bitcoinj.utils.BtcFormatTest" time="0.0"/>
  <testcase name="symbolsCodesTest[232]" classname="org.bitcoinj.utils.BtcFormatTest" time="0.001"/>
  <testcase name="defaultLocaleTest[232]" classname="org.bitcoinj.utils.BtcFormatTest" time="0.0"/>
  <testcase name="parsePositionTest[232]" classname="org.bitcoinj.utils.BtcFormatTest" time="0.001"/>
  <testcase name="argumentTypeTest[232]" classname="org.bitcoinj.utils.BtcFormatTest" time="0.0">
    <skipped/>
  </testcase>
  <testcase name="characterIteratorTest[232]" classname="org.bitcoinj.utils.BtcFormatTest" time="0.0"/>
  <testcase name="repeatingPlaceTest[232]" classname="org.bitcoinj.utils.BtcFormatTest" time="0.0"/>
  <testcase name="currencyCodeTest[232]" classname="org.bitcoinj.utils.BtcFormatTest" time="0.0">
    <skipped/>
  </testcase>
  <testcase name="patternDecimalPlaces[232]" classname="org.bitcoinj.utils.BtcFormatTest" time="0.001"/>
  <testcase name="factoryArgumentsTest[233]" classname="org.bitcoinj.utils.BtcFormatTest" time="0.009"/>
  <testcase name="parseTest[233]" classname="org.bitcoinj.utils.BtcFormatTest" time="0.0">
    <skipped/>
  </testcase>
  <testcase name="microcoinScaleTest[233]" classname="org.bitcoinj.utils.BtcFormatTest" time="0.0"/>
  <testcase name="parseMetricTest[233]" classname="org.bitcoinj.utils.BtcFormatTest" time="0.002"/>
  <testcase name="coinScaleTest[233]" classname="org.bitcoinj.utils.BtcFormatTest" time="0.0"/>
  <testcase name="builderTest[233]" classname="org.bitcoinj.utils.BtcFormatTest" time="0.0">
    <skipped/>
  </testcase>
  <testcase name="attributeTest[233]" classname="org.bitcoinj.utils.BtcFormatTest" time="0.0">
    <skipped/>
  </testcase>
  <testcase name="prefixTest[233]" classname="org.bitcoinj.utils.BtcFormatTest" time="0.0"/>
  <testcase name="suffixTest[233]" classname="org.bitcoinj.utils.BtcFormatTest" time="0.0">
    <skipped/>
  </testcase>
  <testcase name="autoDecimalTest[233]" classname="org.bitcoinj.utils.BtcFormatTest" time="0.001"/>
  <testcase name="symbolCollisionTest[233]" classname="org.bitcoinj.utils.BtcFormatTest" time="0.004"/>
  <testcase name="equalityTest[233]" classname="org.bitcoinj.utils.BtcFormatTest" time="0.003"/>
  <testcase name="columnAlignmentTest[233]" classname="org.bitcoinj.utils.BtcFormatTest" time="0.0"/>
  <testcase name="factoryTest[233]" classname="org.bitcoinj.utils.BtcFormatTest" time="0.001"/>
  <testcase name="parse[233]" classname="org.bitcoinj.utils.BtcFormatTest" time="0.0"/>
  <testcase name="btcRounding[233]" classname="org.bitcoinj.utils.BtcFormatTest" time="0.003"/>
  <testcase name="negativeTest[233]" classname="org.bitcoinj.utils.BtcFormatTest" time="0.0">
    <skipped/>
  </testcase>
  <testcase name="millicoinScaleTest[233]" classname="org.bitcoinj.utils.BtcFormatTest" time="0.0"/>
  <testcase name="toStringTest[233]" classname="org.bitcoinj.utils.BtcFormatTest" time="0.0">
    <skipped/>
  </testcase>
  <testcase name="testGrouping[233]" classname="org.bitcoinj.utils.BtcFormatTest" time="0.001"/>
  <testcase name="symbolsCodesTest[233]" classname="org.bitcoinj.utils.BtcFormatTest" time="0.002"/>
  <testcase name="defaultLocaleTest[233]" classname="org.bitcoinj.utils.BtcFormatTest" time="0.0"/>
  <testcase name="parsePositionTest[233]" classname="org.bitcoinj.utils.BtcFormatTest" time="0.001"/>
  <testcase name="argumentTypeTest[233]" classname="org.bitcoinj.utils.BtcFormatTest" time="0.0">
    <skipped/>
  </testcase>
  <testcase name="characterIteratorTest[233]" classname="org.bitcoinj.utils.BtcFormatTest" time="0.001"/>
  <testcase name="repeatingPlaceTest[233]" classname="org.bitcoinj.utils.BtcFormatTest" time="0.0"/>
  <testcase name="currencyCodeTest[233]" classname="org.bitcoinj.utils.BtcFormatTest" time="0.0">
    <skipped/>
  </testcase>
  <testcase name="patternDecimalPlaces[233]" classname="org.bitcoinj.utils.BtcFormatTest" time="0.0"/>
  <testcase name="factoryArgumentsTest[234]" classname="org.bitcoinj.utils.BtcFormatTest" time="0.002"/>
  <testcase name="parseTest[234]" classname="org.bitcoinj.utils.BtcFormatTest" time="0.0">
    <skipped/>
  </testcase>
  <testcase name="microcoinScaleTest[234]" classname="org.bitcoinj.utils.BtcFormatTest" time="0.0"/>
  <testcase name="parseMetricTest[234]" classname="org.bitcoinj.utils.BtcFormatTest" time="0.001"/>
  <testcase name="coinScaleTest[234]" classname="org.bitcoinj.utils.BtcFormatTest" time="0.0"/>
  <testcase name="builderTest[234]" classname="org.bitcoinj.utils.BtcFormatTest" time="0.0">
    <skipped/>
  </testcase>
  <testcase name="attributeTest[234]" classname="org.bitcoinj.utils.BtcFormatTest" time="0.0">
    <skipped/>
  </testcase>
  <testcase name="prefixTest[234]" classname="org.bitcoinj.utils.BtcFormatTest" time="0.0"/>
  <testcase name="suffixTest[234]" classname="org.bitcoinj.utils.BtcFormatTest" time="0.0">
    <skipped/>
  </testcase>
  <testcase name="autoDecimalTest[234]" classname="org.bitcoinj.utils.BtcFormatTest" time="0.001"/>
  <testcase name="symbolCollisionTest[234]" classname="org.bitcoinj.utils.BtcFormatTest" time="0.003"/>
  <testcase name="equalityTest[234]" classname="org.bitcoinj.utils.BtcFormatTest" time="0.004"/>
  <testcase name="columnAlignmentTest[234]" classname="org.bitcoinj.utils.BtcFormatTest" time="0.0"/>
  <testcase name="factoryTest[234]" classname="org.bitcoinj.utils.BtcFormatTest" time="0.001"/>
  <testcase name="parse[234]" classname="org.bitcoinj.utils.BtcFormatTest" time="0.001"/>
  <testcase name="btcRounding[234]" classname="org.bitcoinj.utils.BtcFormatTest" time="0.002"/>
  <testcase name="negativeTest[234]" classname="org.bitcoinj.utils.BtcFormatTest" time="0.0">
    <skipped/>
  </testcase>
  <testcase name="millicoinScaleTest[234]" classname="org.bitcoinj.utils.BtcFormatTest" time="0.0"/>
  <testcase name="toStringTest[234]" classname="org.bitcoinj.utils.BtcFormatTest" time="0.0">
    <skipped/>
  </testcase>
  <testcase name="testGrouping[234]" classname="org.bitcoinj.utils.BtcFormatTest" time="0.0"/>
  <testcase name="symbolsCodesTest[234]" classname="org.bitcoinj.utils.BtcFormatTest" time="0.001"/>
  <testcase name="defaultLocaleTest[234]" classname="org.bitcoinj.utils.BtcFormatTest" time="0.0"/>
  <testcase name="parsePositionTest[234]" classname="org.bitcoinj.utils.BtcFormatTest" time="0.001"/>
  <testcase name="argumentTypeTest[234]" classname="org.bitcoinj.utils.BtcFormatTest" time="0.0">
    <skipped/>
  </testcase>
  <testcase name="characterIteratorTest[234]" classname="org.bitcoinj.utils.BtcFormatTest" time="0.0"/>
  <testcase name="repeatingPlaceTest[234]" classname="org.bitcoinj.utils.BtcFormatTest" time="0.0"/>
  <testcase name="currencyCodeTest[234]" classname="org.bitcoinj.utils.BtcFormatTest" time="0.0">
    <skipped/>
  </testcase>
  <testcase name="patternDecimalPlaces[234]" classname="org.bitcoinj.utils.BtcFormatTest" time="0.0"/>
  <testcase name="factoryArgumentsTest[235]" classname="org.bitcoinj.utils.BtcFormatTest" time="0.002"/>
  <testcase name="parseTest[235]" classname="org.bitcoinj.utils.BtcFormatTest" time="0.0">
    <skipped/>
  </testcase>
  <testcase name="microcoinScaleTest[235]" classname="org.bitcoinj.utils.BtcFormatTest" time="0.001"/>
  <testcase name="parseMetricTest[235]" classname="org.bitcoinj.utils.BtcFormatTest" time="0.002"/>
  <testcase name="coinScaleTest[235]" classname="org.bitcoinj.utils.BtcFormatTest" time="0.0"/>
  <testcase name="builderTest[235]" classname="org.bitcoinj.utils.BtcFormatTest" time="0.0">
    <skipped/>
  </testcase>
  <testcase name="attributeTest[235]" classname="org.bitcoinj.utils.BtcFormatTest" time="0.0">
    <skipped/>
  </testcase>
  <testcase name="prefixTest[235]" classname="org.bitcoinj.utils.BtcFormatTest" time="0.001"/>
  <testcase name="suffixTest[235]" classname="org.bitcoinj.utils.BtcFormatTest" time="0.0">
    <skipped/>
  </testcase>
  <testcase name="autoDecimalTest[235]" classname="org.bitcoinj.utils.BtcFormatTest" time="0.001"/>
  <testcase name="symbolCollisionTest[235]" classname="org.bitcoinj.utils.BtcFormatTest" time="0.003"/>
  <testcase name="equalityTest[235]" classname="org.bitcoinj.utils.BtcFormatTest" time="0.003"/>
  <testcase name="columnAlignmentTest[235]" classname="org.bitcoinj.utils.BtcFormatTest" time="0.0"/>
  <testcase name="factoryTest[235]" classname="org.bitcoinj.utils.BtcFormatTest" time="0.001"/>
  <testcase name="parse[235]" classname="org.bitcoinj.utils.BtcFormatTest" time="0.0"/>
  <testcase name="btcRounding[235]" classname="org.bitcoinj.utils.BtcFormatTest" time="0.003"/>
  <testcase name="negativeTest[235]" classname="org.bitcoinj.utils.BtcFormatTest" time="0.0">
    <skipped/>
  </testcase>
  <testcase name="millicoinScaleTest[235]" classname="org.bitcoinj.utils.BtcFormatTest" time="0.0"/>
  <testcase name="toStringTest[235]" classname="org.bitcoinj.utils.BtcFormatTest" time="0.0">
    <skipped/>
  </testcase>
  <testcase name="testGrouping[235]" classname="org.bitcoinj.utils.BtcFormatTest" time="0.001"/>
  <testcase name="symbolsCodesTest[235]" classname="org.bitcoinj.utils.BtcFormatTest" time="0.001"/>
  <testcase name="defaultLocaleTest[235]" classname="org.bitcoinj.utils.BtcFormatTest" time="0.001"/>
  <testcase name="parsePositionTest[235]" classname="org.bitcoinj.utils.BtcFormatTest" time="0.0"/>
  <testcase name="argumentTypeTest[235]" classname="org.bitcoinj.utils.BtcFormatTest" time="0.0">
    <skipped/>
  </testcase>
  <testcase name="characterIteratorTest[235]" classname="org.bitcoinj.utils.BtcFormatTest" time="0.0"/>
  <testcase name="repeatingPlaceTest[235]" classname="org.bitcoinj.utils.BtcFormatTest" time="0.0"/>
  <testcase name="currencyCodeTest[235]" classname="org.bitcoinj.utils.BtcFormatTest" time="0.0">
    <skipped/>
  </testcase>
  <testcase name="patternDecimalPlaces[235]" classname="org.bitcoinj.utils.BtcFormatTest" time="0.0"/>
  <testcase name="factoryArgumentsTest[236]" classname="org.bitcoinj.utils.BtcFormatTest" time="0.002"/>
  <testcase name="parseTest[236]" classname="org.bitcoinj.utils.BtcFormatTest" time="0.0">
    <skipped/>
  </testcase>
  <testcase name="microcoinScaleTest[236]" classname="org.bitcoinj.utils.BtcFormatTest" time="0.0"/>
  <testcase name="parseMetricTest[236]" classname="org.bitcoinj.utils.BtcFormatTest" time="0.002"/>
  <testcase name="coinScaleTest[236]" classname="org.bitcoinj.utils.BtcFormatTest" time="0.0"/>
  <testcase name="builderTest[236]" classname="org.bitcoinj.utils.BtcFormatTest" time="0.0">
    <skipped/>
  </testcase>
  <testcase name="attributeTest[236]" classname="org.bitcoinj.utils.BtcFormatTest" time="0.0">
    <skipped/>
  </testcase>
  <testcase name="prefixTest[236]" classname="org.bitcoinj.utils.BtcFormatTest" time="0.001"/>
  <testcase name="suffixTest[236]" classname="org.bitcoinj.utils.BtcFormatTest" time="0.0">
    <skipped/>
  </testcase>
  <testcase name="autoDecimalTest[236]" classname="org.bitcoinj.utils.BtcFormatTest" time="0.002"/>
  <testcase name="symbolCollisionTest[236]" classname="org.bitcoinj.utils.BtcFormatTest" time="0.022"/>
  <testcase name="equalityTest[236]" classname="org.bitcoinj.utils.BtcFormatTest" time="0.003"/>
  <testcase name="columnAlignmentTest[236]" classname="org.bitcoinj.utils.BtcFormatTest" time="0.0"/>
  <testcase name="factoryTest[236]" classname="org.bitcoinj.utils.BtcFormatTest" time="0.001"/>
  <testcase name="parse[236]" classname="org.bitcoinj.utils.BtcFormatTest" time="0.0"/>
  <testcase name="btcRounding[236]" classname="org.bitcoinj.utils.BtcFormatTest" time="0.005"/>
  <testcase name="negativeTest[236]" classname="org.bitcoinj.utils.BtcFormatTest" time="0.001">
    <skipped/>
  </testcase>
  <testcase name="millicoinScaleTest[236]" classname="org.bitcoinj.utils.BtcFormatTest" time="0.0"/>
  <testcase name="toStringTest[236]" classname="org.bitcoinj.utils.BtcFormatTest" time="0.0">
    <skipped/>
  </testcase>
  <testcase name="testGrouping[236]" classname="org.bitcoinj.utils.BtcFormatTest" time="0.0"/>
  <testcase name="symbolsCodesTest[236]" classname="org.bitcoinj.utils.BtcFormatTest" time="0.002"/>
  <testcase name="defaultLocaleTest[236]" classname="org.bitcoinj.utils.BtcFormatTest" time="0.002"/>
  <testcase name="parsePositionTest[236]" classname="org.bitcoinj.utils.BtcFormatTest" time="0.001"/>
  <testcase name="argumentTypeTest[236]" classname="org.bitcoinj.utils.BtcFormatTest" time="0.0">
    <skipped/>
  </testcase>
  <testcase name="characterIteratorTest[236]" classname="org.bitcoinj.utils.BtcFormatTest" time="0.004"/>
  <testcase name="repeatingPlaceTest[236]" classname="org.bitcoinj.utils.BtcFormatTest" time="0.005"/>
  <testcase name="currencyCodeTest[236]" classname="org.bitcoinj.utils.BtcFormatTest" time="0.0">
    <skipped/>
  </testcase>
  <testcase name="patternDecimalPlaces[236]" classname="org.bitcoinj.utils.BtcFormatTest" time="0.0"/>
  <testcase name="factoryArgumentsTest[237]" classname="org.bitcoinj.utils.BtcFormatTest" time="0.003"/>
  <testcase name="parseTest[237]" classname="org.bitcoinj.utils.BtcFormatTest" time="0.0">
    <skipped/>
  </testcase>
  <testcase name="microcoinScaleTest[237]" classname="org.bitcoinj.utils.BtcFormatTest" time="0.0"/>
  <testcase name="parseMetricTest[237]" classname="org.bitcoinj.utils.BtcFormatTest" time="0.002"/>
  <testcase name="coinScaleTest[237]" classname="org.bitcoinj.utils.BtcFormatTest" time="0.0"/>
  <testcase name="builderTest[237]" classname="org.bitcoinj.utils.BtcFormatTest" time="0.0">
    <skipped/>
  </testcase>
  <testcase name="attributeTest[237]" classname="org.bitcoinj.utils.BtcFormatTest" time="0.0">
    <skipped/>
  </testcase>
  <testcase name="prefixTest[237]" classname="org.bitcoinj.utils.BtcFormatTest" time="0.0"/>
  <testcase name="suffixTest[237]" classname="org.bitcoinj.utils.BtcFormatTest" time="0.0">
    <skipped/>
  </testcase>
  <testcase name="autoDecimalTest[237]" classname="org.bitcoinj.utils.BtcFormatTest" time="0.044"/>
  <testcase name="symbolCollisionTest[237]" classname="org.bitcoinj.utils.BtcFormatTest" time="0.005"/>
  <testcase name="equalityTest[237]" classname="org.bitcoinj.utils.BtcFormatTest" time="0.007"/>
  <testcase name="columnAlignmentTest[237]" classname="org.bitcoinj.utils.BtcFormatTest" time="0.0"/>
  <testcase name="factoryTest[237]" classname="org.bitcoinj.utils.BtcFormatTest" time="0.001"/>
  <testcase name="parse[237]" classname="org.bitcoinj.utils.BtcFormatTest" time="0.0"/>
  <testcase name="btcRounding[237]" classname="org.bitcoinj.utils.BtcFormatTest" time="0.004"/>
  <testcase name="negativeTest[237]" classname="org.bitcoinj.utils.BtcFormatTest" time="0.0">
    <skipped/>
  </testcase>
  <testcase name="millicoinScaleTest[237]" classname="org.bitcoinj.utils.BtcFormatTest" time="0.002"/>
  <testcase name="toStringTest[237]" classname="org.bitcoinj.utils.BtcFormatTest" time="0.0">
    <skipped/>
  </testcase>
  <testcase name="testGrouping[237]" classname="org.bitcoinj.utils.BtcFormatTest" time="0.001"/>
  <testcase name="symbolsCodesTest[237]" classname="org.bitcoinj.utils.BtcFormatTest" time="0.001"/>
  <testcase name="defaultLocaleTest[237]" classname="org.bitcoinj.utils.BtcFormatTest" time="0.001"/>
  <testcase name="parsePositionTest[237]" classname="org.bitcoinj.utils.BtcFormatTest" time="0.0"/>
  <testcase name="argumentTypeTest[237]" classname="org.bitcoinj.utils.BtcFormatTest" time="0.001">
    <skipped/>
  </testcase>
  <testcase name="characterIteratorTest[237]" classname="org.bitcoinj.utils.BtcFormatTest" time="0.001"/>
  <testcase name="repeatingPlaceTest[237]" classname="org.bitcoinj.utils.BtcFormatTest" time="0.004"/>
  <testcase name="currencyCodeTest[237]" classname="org.bitcoinj.utils.BtcFormatTest" time="0.0">
    <skipped/>
  </testcase>
  <testcase name="patternDecimalPlaces[237]" classname="org.bitcoinj.utils.BtcFormatTest" time="0.0"/>
  <testcase name="factoryArgumentsTest[238]" classname="org.bitcoinj.utils.BtcFormatTest" time="0.002"/>
  <testcase name="parseTest[238]" classname="org.bitcoinj.utils.BtcFormatTest" time="0.0">
    <skipped/>
  </testcase>
  <testcase name="microcoinScaleTest[238]" classname="org.bitcoinj.utils.BtcFormatTest" time="0.001"/>
  <testcase name="parseMetricTest[238]" classname="org.bitcoinj.utils.BtcFormatTest" time="0.001"/>
  <testcase name="coinScaleTest[238]" classname="org.bitcoinj.utils.BtcFormatTest" time="0.0"/>
  <testcase name="builderTest[238]" classname="org.bitcoinj.utils.BtcFormatTest" time="0.0">
    <skipped/>
  </testcase>
  <testcase name="attributeTest[238]" classname="org.bitcoinj.utils.BtcFormatTest" time="0.0">
    <skipped/>
  </testcase>
  <testcase name="prefixTest[238]" classname="org.bitcoinj.utils.BtcFormatTest" time="0.001"/>
  <testcase name="suffixTest[238]" classname="org.bitcoinj.utils.BtcFormatTest" time="0.0">
    <skipped/>
  </testcase>
  <testcase name="autoDecimalTest[238]" classname="org.bitcoinj.utils.BtcFormatTest" time="0.001"/>
  <testcase name="symbolCollisionTest[238]" classname="org.bitcoinj.utils.BtcFormatTest" time="0.005"/>
  <testcase name="equalityTest[238]" classname="org.bitcoinj.utils.BtcFormatTest" time="0.003"/>
  <testcase name="columnAlignmentTest[238]" classname="org.bitcoinj.utils.BtcFormatTest" time="0.0"/>
  <testcase name="factoryTest[238]" classname="org.bitcoinj.utils.BtcFormatTest" time="0.001"/>
  <testcase name="parse[238]" classname="org.bitcoinj.utils.BtcFormatTest" time="0.0"/>
  <testcase name="btcRounding[238]" classname="org.bitcoinj.utils.BtcFormatTest" time="0.003"/>
  <testcase name="negativeTest[238]" classname="org.bitcoinj.utils.BtcFormatTest" time="0.0">
    <skipped/>
  </testcase>
  <testcase name="millicoinScaleTest[238]" classname="org.bitcoinj.utils.BtcFormatTest" time="0.0"/>
  <testcase name="toStringTest[238]" classname="org.bitcoinj.utils.BtcFormatTest" time="0.0">
    <skipped/>
  </testcase>
  <testcase name="testGrouping[238]" classname="org.bitcoinj.utils.BtcFormatTest" time="0.0"/>
  <testcase name="symbolsCodesTest[238]" classname="org.bitcoinj.utils.BtcFormatTest" time="0.001"/>
  <testcase name="defaultLocaleTest[238]" classname="org.bitcoinj.utils.BtcFormatTest" time="0.001"/>
  <testcase name="parsePositionTest[238]" classname="org.bitcoinj.utils.BtcFormatTest" time="0.0"/>
  <testcase name="argumentTypeTest[238]" classname="org.bitcoinj.utils.BtcFormatTest" time="0.0">
    <skipped/>
  </testcase>
  <testcase name="characterIteratorTest[238]" classname="org.bitcoinj.utils.BtcFormatTest" time="0.001"/>
  <testcase name="repeatingPlaceTest[238]" classname="org.bitcoinj.utils.BtcFormatTest" time="0.0"/>
  <testcase name="currencyCodeTest[238]" classname="org.bitcoinj.utils.BtcFormatTest" time="0.0">
    <skipped/>
  </testcase>
  <testcase name="patternDecimalPlaces[238]" classname="org.bitcoinj.utils.BtcFormatTest" time="0.0"/>
  <testcase name="factoryArgumentsTest[239]" classname="org.bitcoinj.utils.BtcFormatTest" time="0.002"/>
  <testcase name="parseTest[239]" classname="org.bitcoinj.utils.BtcFormatTest" time="0.0">
    <skipped/>
  </testcase>
  <testcase name="microcoinScaleTest[239]" classname="org.bitcoinj.utils.BtcFormatTest" time="0.0"/>
  <testcase name="parseMetricTest[239]" classname="org.bitcoinj.utils.BtcFormatTest" time="0.002"/>
  <testcase name="coinScaleTest[239]" classname="org.bitcoinj.utils.BtcFormatTest" time="0.0"/>
  <testcase name="builderTest[239]" classname="org.bitcoinj.utils.BtcFormatTest" time="0.0">
    <skipped/>
  </testcase>
  <testcase name="attributeTest[239]" classname="org.bitcoinj.utils.BtcFormatTest" time="0.0">
    <skipped/>
  </testcase>
  <testcase name="prefixTest[239]" classname="org.bitcoinj.utils.BtcFormatTest" time="0.0"/>
  <testcase name="suffixTest[239]" classname="org.bitcoinj.utils.BtcFormatTest" time="0.0">
    <skipped/>
  </testcase>
  <testcase name="autoDecimalTest[239]" classname="org.bitcoinj.utils.BtcFormatTest" time="0.004"/>
  <testcase name="symbolCollisionTest[239]" classname="org.bitcoinj.utils.BtcFormatTest" time="0.004"/>
  <testcase name="equalityTest[239]" classname="org.bitcoinj.utils.BtcFormatTest" time="0.003"/>
  <testcase name="columnAlignmentTest[239]" classname="org.bitcoinj.utils.BtcFormatTest" time="0.0"/>
  <testcase name="factoryTest[239]" classname="org.bitcoinj.utils.BtcFormatTest" time="0.001"/>
  <testcase name="parse[239]" classname="org.bitcoinj.utils.BtcFormatTest" time="0.0"/>
  <testcase name="btcRounding[239]" classname="org.bitcoinj.utils.BtcFormatTest" time="0.004"/>
  <testcase name="negativeTest[239]" classname="org.bitcoinj.utils.BtcFormatTest" time="0.0">
    <skipped/>
  </testcase>
  <testcase name="millicoinScaleTest[239]" classname="org.bitcoinj.utils.BtcFormatTest" time="0.0"/>
  <testcase name="toStringTest[239]" classname="org.bitcoinj.utils.BtcFormatTest" time="0.0">
    <skipped/>
  </testcase>
  <testcase name="testGrouping[239]" classname="org.bitcoinj.utils.BtcFormatTest" time="0.001"/>
  <testcase name="symbolsCodesTest[239]" classname="org.bitcoinj.utils.BtcFormatTest" time="0.001"/>
  <testcase name="defaultLocaleTest[239]" classname="org.bitcoinj.utils.BtcFormatTest" time="0.001"/>
  <testcase name="parsePositionTest[239]" classname="org.bitcoinj.utils.BtcFormatTest" time="0.0"/>
  <testcase name="argumentTypeTest[239]" classname="org.bitcoinj.utils.BtcFormatTest" time="0.001">
    <skipped/>
  </testcase>
  <testcase name="characterIteratorTest[239]" classname="org.bitcoinj.utils.BtcFormatTest" time="0.0"/>
  <testcase name="repeatingPlaceTest[239]" classname="org.bitcoinj.utils.BtcFormatTest" time="0.001"/>
  <testcase name="currencyCodeTest[239]" classname="org.bitcoinj.utils.BtcFormatTest" time="0.0">
    <skipped/>
  </testcase>
  <testcase name="patternDecimalPlaces[239]" classname="org.bitcoinj.utils.BtcFormatTest" time="0.0"/>
  <testcase name="factoryArgumentsTest[240]" classname="org.bitcoinj.utils.BtcFormatTest" time="0.003"/>
  <testcase name="parseTest[240]" classname="org.bitcoinj.utils.BtcFormatTest" time="0.0">
    <skipped/>
  </testcase>
  <testcase name="microcoinScaleTest[240]" classname="org.bitcoinj.utils.BtcFormatTest" time="0.0"/>
  <testcase name="parseMetricTest[240]" classname="org.bitcoinj.utils.BtcFormatTest" time="0.002"/>
  <testcase name="coinScaleTest[240]" classname="org.bitcoinj.utils.BtcFormatTest" time="0.0"/>
  <testcase name="builderTest[240]" classname="org.bitcoinj.utils.BtcFormatTest" time="0.0">
    <skipped/>
  </testcase>
  <testcase name="attributeTest[240]" classname="org.bitcoinj.utils.BtcFormatTest" time="0.0">
    <skipped/>
  </testcase>
  <testcase name="prefixTest[240]" classname="org.bitcoinj.utils.BtcFormatTest" time="0.0"/>
  <testcase name="suffixTest[240]" classname="org.bitcoinj.utils.BtcFormatTest" time="0.0">
    <skipped/>
  </testcase>
  <testcase name="autoDecimalTest[240]" classname="org.bitcoinj.utils.BtcFormatTest" time="0.004"/>
  <testcase name="symbolCollisionTest[240]" classname="org.bitcoinj.utils.BtcFormatTest" time="0.006"/>
  <testcase name="equalityTest[240]" classname="org.bitcoinj.utils.BtcFormatTest" time="0.003"/>
  <testcase name="columnAlignmentTest[240]" classname="org.bitcoinj.utils.BtcFormatTest" time="0.0"/>
  <testcase name="factoryTest[240]" classname="org.bitcoinj.utils.BtcFormatTest" time="0.001"/>
  <testcase name="parse[240]" classname="org.bitcoinj.utils.BtcFormatTest" time="0.0"/>
  <testcase name="btcRounding[240]" classname="org.bitcoinj.utils.BtcFormatTest" time="0.002"/>
  <testcase name="negativeTest[240]" classname="org.bitcoinj.utils.BtcFormatTest" time="0.0">
    <skipped/>
  </testcase>
  <testcase name="millicoinScaleTest[240]" classname="org.bitcoinj.utils.BtcFormatTest" time="0.0"/>
  <testcase name="toStringTest[240]" classname="org.bitcoinj.utils.BtcFormatTest" time="0.0">
    <skipped/>
  </testcase>
  <testcase name="testGrouping[240]" classname="org.bitcoinj.utils.BtcFormatTest" time="0.0"/>
  <testcase name="symbolsCodesTest[240]" classname="org.bitcoinj.utils.BtcFormatTest" time="0.001"/>
  <testcase name="defaultLocaleTest[240]" classname="org.bitcoinj.utils.BtcFormatTest" time="0.001"/>
  <testcase name="parsePositionTest[240]" classname="org.bitcoinj.utils.BtcFormatTest" time="0.0"/>
  <testcase name="argumentTypeTest[240]" classname="org.bitcoinj.utils.BtcFormatTest" time="0.0">
    <skipped/>
  </testcase>
  <testcase name="characterIteratorTest[240]" classname="org.bitcoinj.utils.BtcFormatTest" time="0.001"/>
  <testcase name="repeatingPlaceTest[240]" classname="org.bitcoinj.utils.BtcFormatTest" time="0.0"/>
  <testcase name="currencyCodeTest[240]" classname="org.bitcoinj.utils.BtcFormatTest" time="0.0">
    <skipped/>
  </testcase>
  <testcase name="patternDecimalPlaces[240]" classname="org.bitcoinj.utils.BtcFormatTest" time="0.0"/>
  <testcase name="factoryArgumentsTest[241]" classname="org.bitcoinj.utils.BtcFormatTest" time="0.004"/>
  <testcase name="parseTest[241]" classname="org.bitcoinj.utils.BtcFormatTest" time="0.0">
    <skipped/>
  </testcase>
  <testcase name="microcoinScaleTest[241]" classname="org.bitcoinj.utils.BtcFormatTest" time="0.0"/>
  <testcase name="parseMetricTest[241]" classname="org.bitcoinj.utils.BtcFormatTest" time="0.002"/>
  <testcase name="coinScaleTest[241]" classname="org.bitcoinj.utils.BtcFormatTest" time="0.001"/>
  <testcase name="builderTest[241]" classname="org.bitcoinj.utils.BtcFormatTest" time="0.0">
    <skipped/>
  </testcase>
  <testcase name="attributeTest[241]" classname="org.bitcoinj.utils.BtcFormatTest" time="0.0">
    <skipped/>
  </testcase>
  <testcase name="prefixTest[241]" classname="org.bitcoinj.utils.BtcFormatTest" time="0.0"/>
  <testcase name="suffixTest[241]" classname="org.bitcoinj.utils.BtcFormatTest" time="0.0">
    <skipped/>
  </testcase>
  <testcase name="autoDecimalTest[241]" classname="org.bitcoinj.utils.BtcFormatTest" time="0.002"/>
  <testcase name="symbolCollisionTest[241]" classname="org.bitcoinj.utils.BtcFormatTest" time="0.005"/>
  <testcase name="equalityTest[241]" classname="org.bitcoinj.utils.BtcFormatTest" time="0.004"/>
  <testcase name="columnAlignmentTest[241]" classname="org.bitcoinj.utils.BtcFormatTest" time="0.001"/>
  <testcase name="factoryTest[241]" classname="org.bitcoinj.utils.BtcFormatTest" time="0.001"/>
  <testcase name="parse[241]" classname="org.bitcoinj.utils.BtcFormatTest" time="0.0"/>
  <testcase name="btcRounding[241]" classname="org.bitcoinj.utils.BtcFormatTest" time="0.003"/>
  <testcase name="negativeTest[241]" classname="org.bitcoinj.utils.BtcFormatTest" time="0.0">
    <skipped/>
  </testcase>
  <testcase name="millicoinScaleTest[241]" classname="org.bitcoinj.utils.BtcFormatTest" time="0.0"/>
  <testcase name="toStringTest[241]" classname="org.bitcoinj.utils.BtcFormatTest" time="0.0">
    <skipped/>
  </testcase>
  <testcase name="testGrouping[241]" classname="org.bitcoinj.utils.BtcFormatTest" time="0.001"/>
  <testcase name="symbolsCodesTest[241]" classname="org.bitcoinj.utils.BtcFormatTest" time="0.002"/>
  <testcase name="defaultLocaleTest[241]" classname="org.bitcoinj.utils.BtcFormatTest" time="0.001"/>
  <testcase name="parsePositionTest[241]" classname="org.bitcoinj.utils.BtcFormatTest" time="0.0"/>
  <testcase name="argumentTypeTest[241]" classname="org.bitcoinj.utils.BtcFormatTest" time="0.0">
    <skipped/>
  </testcase>
  <testcase name="characterIteratorTest[241]" classname="org.bitcoinj.utils.BtcFormatTest" time="0.001"/>
  <testcase name="repeatingPlaceTest[241]" classname="org.bitcoinj.utils.BtcFormatTest" time="0.0"/>
  <testcase name="currencyCodeTest[241]" classname="org.bitcoinj.utils.BtcFormatTest" time="0.0">
    <skipped/>
  </testcase>
  <testcase name="patternDecimalPlaces[241]" classname="org.bitcoinj.utils.BtcFormatTest" time="0.0"/>
  <testcase name="factoryArgumentsTest[242]" classname="org.bitcoinj.utils.BtcFormatTest" time="0.003"/>
  <testcase name="parseTest[242]" classname="org.bitcoinj.utils.BtcFormatTest" time="0.0">
    <skipped/>
  </testcase>
  <testcase name="microcoinScaleTest[242]" classname="org.bitcoinj.utils.BtcFormatTest" time="0.0"/>
  <testcase name="parseMetricTest[242]" classname="org.bitcoinj.utils.BtcFormatTest" time="0.004"/>
  <testcase name="coinScaleTest[242]" classname="org.bitcoinj.utils.BtcFormatTest" time="0.001"/>
  <testcase name="builderTest[242]" classname="org.bitcoinj.utils.BtcFormatTest" time="0.0">
    <skipped/>
  </testcase>
  <testcase name="attributeTest[242]" classname="org.bitcoinj.utils.BtcFormatTest" time="0.0">
    <skipped/>
  </testcase>
  <testcase name="prefixTest[242]" classname="org.bitcoinj.utils.BtcFormatTest" time="0.002"/>
  <testcase name="suffixTest[242]" classname="org.bitcoinj.utils.BtcFormatTest" time="0.0">
    <skipped/>
  </testcase>
  <testcase name="autoDecimalTest[242]" classname="org.bitcoinj.utils.BtcFormatTest" time="0.004"/>
  <testcase name="symbolCollisionTest[242]" classname="org.bitcoinj.utils.BtcFormatTest" time="0.004"/>
  <testcase name="equalityTest[242]" classname="org.bitcoinj.utils.BtcFormatTest" time="0.003"/>
  <testcase name="columnAlignmentTest[242]" classname="org.bitcoinj.utils.BtcFormatTest" time="0.001"/>
  <testcase name="factoryTest[242]" classname="org.bitcoinj.utils.BtcFormatTest" time="0.0"/>
  <testcase name="parse[242]" classname="org.bitcoinj.utils.BtcFormatTest" time="0.0"/>
  <testcase name="btcRounding[242]" classname="org.bitcoinj.utils.BtcFormatTest" time="0.015"/>
  <testcase name="negativeTest[242]" classname="org.bitcoinj.utils.BtcFormatTest" time="0.001">
    <skipped/>
  </testcase>
  <testcase name="millicoinScaleTest[242]" classname="org.bitcoinj.utils.BtcFormatTest" time="0.009"/>
  <testcase name="toStringTest[242]" classname="org.bitcoinj.utils.BtcFormatTest" time="0.0">
    <skipped/>
  </testcase>
  <testcase name="testGrouping[242]" classname="org.bitcoinj.utils.BtcFormatTest" time="0.011"/>
  <testcase name="symbolsCodesTest[242]" classname="org.bitcoinj.utils.BtcFormatTest" time="0.006"/>
  <testcase name="defaultLocaleTest[242]" classname="org.bitcoinj.utils.BtcFormatTest" time="0.0"/>
  <testcase name="parsePositionTest[242]" classname="org.bitcoinj.utils.BtcFormatTest" time="0.003"/>
  <testcase name="argumentTypeTest[242]" classname="org.bitcoinj.utils.BtcFormatTest" time="0.0">
    <skipped/>
  </testcase>
  <testcase name="characterIteratorTest[242]" classname="org.bitcoinj.utils.BtcFormatTest" time="0.001"/>
  <testcase name="repeatingPlaceTest[242]" classname="org.bitcoinj.utils.BtcFormatTest" time="0.002"/>
  <testcase name="currencyCodeTest[242]" classname="org.bitcoinj.utils.BtcFormatTest" time="0.0">
    <skipped/>
  </testcase>
  <testcase name="patternDecimalPlaces[242]" classname="org.bitcoinj.utils.BtcFormatTest" time="0.001"/>
  <testcase name="factoryArgumentsTest[243]" classname="org.bitcoinj.utils.BtcFormatTest" time="0.002"/>
  <testcase name="parseTest[243]" classname="org.bitcoinj.utils.BtcFormatTest" time="0.0">
    <skipped/>
  </testcase>
  <testcase name="microcoinScaleTest[243]" classname="org.bitcoinj.utils.BtcFormatTest" time="0.001"/>
  <testcase name="parseMetricTest[243]" classname="org.bitcoinj.utils.BtcFormatTest" time="0.002"/>
  <testcase name="coinScaleTest[243]" classname="org.bitcoinj.utils.BtcFormatTest" time="0.0"/>
  <testcase name="builderTest[243]" classname="org.bitcoinj.utils.BtcFormatTest" time="0.0">
    <skipped/>
  </testcase>
  <testcase name="attributeTest[243]" classname="org.bitcoinj.utils.BtcFormatTest" time="0.0">
    <skipped/>
  </testcase>
  <testcase name="prefixTest[243]" classname="org.bitcoinj.utils.BtcFormatTest" time="0.001"/>
  <testcase name="suffixTest[243]" classname="org.bitcoinj.utils.BtcFormatTest" time="0.0">
    <skipped/>
  </testcase>
  <testcase name="autoDecimalTest[243]" classname="org.bitcoinj.utils.BtcFormatTest" time="0.004"/>
  <testcase name="symbolCollisionTest[243]" classname="org.bitcoinj.utils.BtcFormatTest" time="0.018"/>
  <testcase name="equalityTest[243]" classname="org.bitcoinj.utils.BtcFormatTest" time="0.004"/>
  <testcase name="columnAlignmentTest[243]" classname="org.bitcoinj.utils.BtcFormatTest" time="0.0"/>
  <testcase name="factoryTest[243]" classname="org.bitcoinj.utils.BtcFormatTest" time="0.001"/>
  <testcase name="parse[243]" classname="org.bitcoinj.utils.BtcFormatTest" time="0.0"/>
  <testcase name="btcRounding[243]" classname="org.bitcoinj.utils.BtcFormatTest" time="0.004"/>
  <testcase name="negativeTest[243]" classname="org.bitcoinj.utils.BtcFormatTest" time="0.0">
    <skipped/>
  </testcase>
  <testcase name="millicoinScaleTest[243]" classname="org.bitcoinj.utils.BtcFormatTest" time="0.0"/>
  <testcase name="toStringTest[243]" classname="org.bitcoinj.utils.BtcFormatTest" time="0.0">
    <skipped/>
  </testcase>
  <testcase name="testGrouping[243]" classname="org.bitcoinj.utils.BtcFormatTest" time="0.001"/>
  <testcase name="symbolsCodesTest[243]" classname="org.bitcoinj.utils.BtcFormatTest" time="0.001"/>
  <testcase name="defaultLocaleTest[243]" classname="org.bitcoinj.utils.BtcFormatTest" time="0.0"/>
  <testcase name="parsePositionTest[243]" classname="org.bitcoinj.utils.BtcFormatTest" time="0.001"/>
  <testcase name="argumentTypeTest[243]" classname="org.bitcoinj.utils.BtcFormatTest" time="0.0">
    <skipped/>
  </testcase>
  <testcase name="characterIteratorTest[243]" classname="org.bitcoinj.utils.BtcFormatTest" time="0.0"/>
  <testcase name="repeatingPlaceTest[243]" classname="org.bitcoinj.utils.BtcFormatTest" time="0.001"/>
  <testcase name="currencyCodeTest[243]" classname="org.bitcoinj.utils.BtcFormatTest" time="0.0">
    <skipped/>
  </testcase>
  <testcase name="patternDecimalPlaces[243]" classname="org.bitcoinj.utils.BtcFormatTest" time="0.0"/>
  <testcase name="factoryArgumentsTest[244]" classname="org.bitcoinj.utils.BtcFormatTest" time="0.001"/>
  <testcase name="parseTest[244]" classname="org.bitcoinj.utils.BtcFormatTest" time="0.0">
    <skipped/>
  </testcase>
  <testcase name="microcoinScaleTest[244]" classname="org.bitcoinj.utils.BtcFormatTest" time="0.002"/>
  <testcase name="parseMetricTest[244]" classname="org.bitcoinj.utils.BtcFormatTest" time="0.004"/>
  <testcase name="coinScaleTest[244]" classname="org.bitcoinj.utils.BtcFormatTest" time="0.001"/>
  <testcase name="builderTest[244]" classname="org.bitcoinj.utils.BtcFormatTest" time="0.0">
    <skipped/>
  </testcase>
  <testcase name="attributeTest[244]" classname="org.bitcoinj.utils.BtcFormatTest" time="0.0">
    <skipped/>
  </testcase>
  <testcase name="prefixTest[244]" classname="org.bitcoinj.utils.BtcFormatTest" time="0.0"/>
  <testcase name="suffixTest[244]" classname="org.bitcoinj.utils.BtcFormatTest" time="0.0">
    <skipped/>
  </testcase>
  <testcase name="autoDecimalTest[244]" classname="org.bitcoinj.utils.BtcFormatTest" time="0.009"/>
  <testcase name="symbolCollisionTest[244]" classname="org.bitcoinj.utils.BtcFormatTest" time="0.004"/>
  <testcase name="equalityTest[244]" classname="org.bitcoinj.utils.BtcFormatTest" time="0.004"/>
  <testcase name="columnAlignmentTest[244]" classname="org.bitcoinj.utils.BtcFormatTest" time="0.001"/>
  <testcase name="factoryTest[244]" classname="org.bitcoinj.utils.BtcFormatTest" time="0.0"/>
  <testcase name="parse[244]" classname="org.bitcoinj.utils.BtcFormatTest" time="0.002"/>
  <testcase name="btcRounding[244]" classname="org.bitcoinj.utils.BtcFormatTest" time="0.011"/>
  <testcase name="negativeTest[244]" classname="org.bitcoinj.utils.BtcFormatTest" time="0.0">
    <skipped/>
  </testcase>
  <testcase name="millicoinScaleTest[244]" classname="org.bitcoinj.utils.BtcFormatTest" time="0.0"/>
  <testcase name="toStringTest[244]" classname="org.bitcoinj.utils.BtcFormatTest" time="0.0">
    <skipped/>
  </testcase>
  <testcase name="testGrouping[244]" classname="org.bitcoinj.utils.BtcFormatTest" time="0.001"/>
  <testcase name="symbolsCodesTest[244]" classname="org.bitcoinj.utils.BtcFormatTest" time="0.001"/>
  <testcase name="defaultLocaleTest[244]" classname="org.bitcoinj.utils.BtcFormatTest" time="0.001"/>
  <testcase name="parsePositionTest[244]" classname="org.bitcoinj.utils.BtcFormatTest" time="0.0"/>
  <testcase name="argumentTypeTest[244]" classname="org.bitcoinj.utils.BtcFormatTest" time="0.0">
    <skipped/>
  </testcase>
  <testcase name="characterIteratorTest[244]" classname="org.bitcoinj.utils.BtcFormatTest" time="0.001"/>
  <testcase name="repeatingPlaceTest[244]" classname="org.bitcoinj.utils.BtcFormatTest" time="0.0"/>
  <testcase name="currencyCodeTest[244]" classname="org.bitcoinj.utils.BtcFormatTest" time="0.0">
    <skipped/>
  </testcase>
  <testcase name="patternDecimalPlaces[244]" classname="org.bitcoinj.utils.BtcFormatTest" time="0.001"/>
  <testcase name="factoryArgumentsTest[245]" classname="org.bitcoinj.utils.BtcFormatTest" time="0.002"/>
  <testcase name="parseTest[245]" classname="org.bitcoinj.utils.BtcFormatTest" time="0.0">
    <skipped/>
  </testcase>
  <testcase name="microcoinScaleTest[245]" classname="org.bitcoinj.utils.BtcFormatTest" time="0.0"/>
  <testcase name="parseMetricTest[245]" classname="org.bitcoinj.utils.BtcFormatTest" time="0.002"/>
  <testcase name="coinScaleTest[245]" classname="org.bitcoinj.utils.BtcFormatTest" time="0.0"/>
  <testcase name="builderTest[245]" classname="org.bitcoinj.utils.BtcFormatTest" time="0.0">
    <skipped/>
  </testcase>
  <testcase name="attributeTest[245]" classname="org.bitcoinj.utils.BtcFormatTest" time="0.0">
    <skipped/>
  </testcase>
  <testcase name="prefixTest[245]" classname="org.bitcoinj.utils.BtcFormatTest" time="0.001"/>
  <testcase name="suffixTest[245]" classname="org.bitcoinj.utils.BtcFormatTest" time="0.0">
    <skipped/>
  </testcase>
  <testcase name="autoDecimalTest[245]" classname="org.bitcoinj.utils.BtcFormatTest" time="0.002"/>
  <testcase name="symbolCollisionTest[245]" classname="org.bitcoinj.utils.BtcFormatTest" time="0.004"/>
  <testcase name="equalityTest[245]" classname="org.bitcoinj.utils.BtcFormatTest" time="0.004"/>
  <testcase name="columnAlignmentTest[245]" classname="org.bitcoinj.utils.BtcFormatTest" time="0.001"/>
  <testcase name="factoryTest[245]" classname="org.bitcoinj.utils.BtcFormatTest" time="0.0"/>
  <testcase name="parse[245]" classname="org.bitcoinj.utils.BtcFormatTest" time="0.001"/>
  <testcase name="btcRounding[245]" classname="org.bitcoinj.utils.BtcFormatTest" time="0.002"/>
  <testcase name="negativeTest[245]" classname="org.bitcoinj.utils.BtcFormatTest" time="0.0">
    <skipped/>
  </testcase>
  <testcase name="millicoinScaleTest[245]" classname="org.bitcoinj.utils.BtcFormatTest" time="0.0"/>
  <testcase name="toStringTest[245]" classname="org.bitcoinj.utils.BtcFormatTest" time="0.0">
    <skipped/>
  </testcase>
  <testcase name="testGrouping[245]" classname="org.bitcoinj.utils.BtcFormatTest" time="0.003"/>
  <testcase name="symbolsCodesTest[245]" classname="org.bitcoinj.utils.BtcFormatTest" time="0.005"/>
  <testcase name="defaultLocaleTest[245]" classname="org.bitcoinj.utils.BtcFormatTest" time="0.0"/>
  <testcase name="parsePositionTest[245]" classname="org.bitcoinj.utils.BtcFormatTest" time="0.0"/>
  <testcase name="argumentTypeTest[245]" classname="org.bitcoinj.utils.BtcFormatTest" time="0.0">
    <skipped/>
  </testcase>
  <testcase name="characterIteratorTest[245]" classname="org.bitcoinj.utils.BtcFormatTest" time="0.001"/>
  <testcase name="repeatingPlaceTest[245]" classname="org.bitcoinj.utils.BtcFormatTest" time="0.001"/>
  <testcase name="currencyCodeTest[245]" classname="org.bitcoinj.utils.BtcFormatTest" time="0.0">
    <skipped/>
  </testcase>
  <testcase name="patternDecimalPlaces[245]" classname="org.bitcoinj.utils.BtcFormatTest" time="0.0"/>
  <testcase name="factoryArgumentsTest[246]" classname="org.bitcoinj.utils.BtcFormatTest" time="0.002"/>
  <testcase name="parseTest[246]" classname="org.bitcoinj.utils.BtcFormatTest" time="0.0">
    <skipped/>
  </testcase>
  <testcase name="microcoinScaleTest[246]" classname="org.bitcoinj.utils.BtcFormatTest" time="0.0"/>
  <testcase name="parseMetricTest[246]" classname="org.bitcoinj.utils.BtcFormatTest" time="0.002"/>
  <testcase name="coinScaleTest[246]" classname="org.bitcoinj.utils.BtcFormatTest" time="0.0"/>
  <testcase name="builderTest[246]" classname="org.bitcoinj.utils.BtcFormatTest" time="0.0">
    <skipped/>
  </testcase>
  <testcase name="attributeTest[246]" classname="org.bitcoinj.utils.BtcFormatTest" time="0.0">
    <skipped/>
  </testcase>
  <testcase name="prefixTest[246]" classname="org.bitcoinj.utils.BtcFormatTest" time="0.005"/>
  <testcase name="suffixTest[246]" classname="org.bitcoinj.utils.BtcFormatTest" time="0.0">
    <skipped/>
  </testcase>
  <testcase name="autoDecimalTest[246]" classname="org.bitcoinj.utils.BtcFormatTest" time="0.002"/>
  <testcase name="symbolCollisionTest[246]" classname="org.bitcoinj.utils.BtcFormatTest" time="0.004"/>
  <testcase name="equalityTest[246]" classname="org.bitcoinj.utils.BtcFormatTest" time="0.003"/>
  <testcase name="columnAlignmentTest[246]" classname="org.bitcoinj.utils.BtcFormatTest" time="0.001"/>
  <testcase name="factoryTest[246]" classname="org.bitcoinj.utils.BtcFormatTest" time="0.0"/>
  <testcase name="parse[246]" classname="org.bitcoinj.utils.BtcFormatTest" time="0.0"/>
  <testcase name="btcRounding[246]" classname="org.bitcoinj.utils.BtcFormatTest" time="0.002"/>
  <testcase name="negativeTest[246]" classname="org.bitcoinj.utils.BtcFormatTest" time="0.0">
    <skipped/>
  </testcase>
  <testcase name="millicoinScaleTest[246]" classname="org.bitcoinj.utils.BtcFormatTest" time="0.0"/>
  <testcase name="toStringTest[246]" classname="org.bitcoinj.utils.BtcFormatTest" time="0.0">
    <skipped/>
  </testcase>
  <testcase name="testGrouping[246]" classname="org.bitcoinj.utils.BtcFormatTest" time="0.0"/>
  <testcase name="symbolsCodesTest[246]" classname="org.bitcoinj.utils.BtcFormatTest" time="0.001"/>
  <testcase name="defaultLocaleTest[246]" classname="org.bitcoinj.utils.BtcFormatTest" time="0.0"/>
  <testcase name="parsePositionTest[246]" classname="org.bitcoinj.utils.BtcFormatTest" time="0.0"/>
  <testcase name="argumentTypeTest[246]" classname="org.bitcoinj.utils.BtcFormatTest" time="0.0">
    <skipped/>
  </testcase>
  <testcase name="characterIteratorTest[246]" classname="org.bitcoinj.utils.BtcFormatTest" time="0.001"/>
  <testcase name="repeatingPlaceTest[246]" classname="org.bitcoinj.utils.BtcFormatTest" time="0.0"/>
  <testcase name="currencyCodeTest[246]" classname="org.bitcoinj.utils.BtcFormatTest" time="0.0">
    <skipped/>
  </testcase>
  <testcase name="patternDecimalPlaces[246]" classname="org.bitcoinj.utils.BtcFormatTest" time="0.0"/>
  <testcase name="factoryArgumentsTest[247]" classname="org.bitcoinj.utils.BtcFormatTest" time="0.006"/>
  <testcase name="parseTest[247]" classname="org.bitcoinj.utils.BtcFormatTest" time="0.0">
    <skipped/>
  </testcase>
  <testcase name="microcoinScaleTest[247]" classname="org.bitcoinj.utils.BtcFormatTest" time="0.0"/>
  <testcase name="parseMetricTest[247]" classname="org.bitcoinj.utils.BtcFormatTest" time="0.002"/>
  <testcase name="coinScaleTest[247]" classname="org.bitcoinj.utils.BtcFormatTest" time="0.0"/>
  <testcase name="builderTest[247]" classname="org.bitcoinj.utils.BtcFormatTest" time="0.0">
    <skipped/>
  </testcase>
  <testcase name="attributeTest[247]" classname="org.bitcoinj.utils.BtcFormatTest" time="0.0">
    <skipped/>
  </testcase>
  <testcase name="prefixTest[247]" classname="org.bitcoinj.utils.BtcFormatTest" time="0.0"/>
  <testcase name="suffixTest[247]" classname="org.bitcoinj.utils.BtcFormatTest" time="0.0">
    <skipped/>
  </testcase>
  <testcase name="autoDecimalTest[247]" classname="org.bitcoinj.utils.BtcFormatTest" time="0.001"/>
  <testcase name="symbolCollisionTest[247]" classname="org.bitcoinj.utils.BtcFormatTest" time="0.028"/>
  <testcase name="equalityTest[247]" classname="org.bitcoinj.utils.BtcFormatTest" time="0.006"/>
  <testcase name="columnAlignmentTest[247]" classname="org.bitcoinj.utils.BtcFormatTest" time="0.001"/>
  <testcase name="factoryTest[247]" classname="org.bitcoinj.utils.BtcFormatTest" time="0.0"/>
  <testcase name="parse[247]" classname="org.bitcoinj.utils.BtcFormatTest" time="0.0"/>
  <testcase name="btcRounding[247]" classname="org.bitcoinj.utils.BtcFormatTest" time="0.003"/>
  <testcase name="negativeTest[247]" classname="org.bitcoinj.utils.BtcFormatTest" time="0.0">
    <skipped/>
  </testcase>
  <testcase name="millicoinScaleTest[247]" classname="org.bitcoinj.utils.BtcFormatTest" time="0.0"/>
  <testcase name="toStringTest[247]" classname="org.bitcoinj.utils.BtcFormatTest" time="0.0">
    <skipped/>
  </testcase>
  <testcase name="testGrouping[247]" classname="org.bitcoinj.utils.BtcFormatTest" time="0.002"/>
  <testcase name="symbolsCodesTest[247]" classname="org.bitcoinj.utils.BtcFormatTest" time="0.002"/>
  <testcase name="defaultLocaleTest[247]" classname="org.bitcoinj.utils.BtcFormatTest" time="0.0"/>
  <testcase name="parsePositionTest[247]" classname="org.bitcoinj.utils.BtcFormatTest" time="0.0"/>
  <testcase name="argumentTypeTest[247]" classname="org.bitcoinj.utils.BtcFormatTest" time="0.0">
    <skipped/>
  </testcase>
  <testcase name="characterIteratorTest[247]" classname="org.bitcoinj.utils.BtcFormatTest" time="0.0"/>
  <testcase name="repeatingPlaceTest[247]" classname="org.bitcoinj.utils.BtcFormatTest" time="0.0"/>
  <testcase name="currencyCodeTest[247]" classname="org.bitcoinj.utils.BtcFormatTest" time="0.0">
    <skipped/>
  </testcase>
  <testcase name="patternDecimalPlaces[247]" classname="org.bitcoinj.utils.BtcFormatTest" time="0.0"/>
  <testcase name="factoryArgumentsTest[248]" classname="org.bitcoinj.utils.BtcFormatTest" time="0.002"/>
  <testcase name="parseTest[248]" classname="org.bitcoinj.utils.BtcFormatTest" time="0.0">
    <skipped/>
  </testcase>
  <testcase name="microcoinScaleTest[248]" classname="org.bitcoinj.utils.BtcFormatTest" time="0.0"/>
  <testcase name="parseMetricTest[248]" classname="org.bitcoinj.utils.BtcFormatTest" time="0.005"/>
  <testcase name="coinScaleTest[248]" classname="org.bitcoinj.utils.BtcFormatTest" time="0.001"/>
  <testcase name="builderTest[248]" classname="org.bitcoinj.utils.BtcFormatTest" time="0.0">
    <skipped/>
  </testcase>
  <testcase name="attributeTest[248]" classname="org.bitcoinj.utils.BtcFormatTest" time="0.0">
    <skipped/>
  </testcase>
  <testcase name="prefixTest[248]" classname="org.bitcoinj.utils.BtcFormatTest" time="0.001"/>
  <testcase name="suffixTest[248]" classname="org.bitcoinj.utils.BtcFormatTest" time="0.0">
    <skipped/>
  </testcase>
  <testcase name="autoDecimalTest[248]" classname="org.bitcoinj.utils.BtcFormatTest" time="0.001"/>
  <testcase name="symbolCollisionTest[248]" classname="org.bitcoinj.utils.BtcFormatTest" time="0.011"/>
  <testcase name="equalityTest[248]" classname="org.bitcoinj.utils.BtcFormatTest" time="0.005"/>
  <testcase name="columnAlignmentTest[248]" classname="org.bitcoinj.utils.BtcFormatTest" time="0.001"/>
  <testcase name="factoryTest[248]" classname="org.bitcoinj.utils.BtcFormatTest" time="0.001"/>
  <testcase name="parse[248]" classname="org.bitcoinj.utils.BtcFormatTest" time="0.002"/>
  <testcase name="btcRounding[248]" classname="org.bitcoinj.utils.BtcFormatTest" time="0.002"/>
  <testcase name="negativeTest[248]" classname="org.bitcoinj.utils.BtcFormatTest" time="0.0">
    <skipped/>
  </testcase>
  <testcase name="millicoinScaleTest[248]" classname="org.bitcoinj.utils.BtcFormatTest" time="0.001"/>
  <testcase name="toStringTest[248]" classname="org.bitcoinj.utils.BtcFormatTest" time="0.0">
    <skipped/>
  </testcase>
  <testcase name="testGrouping[248]" classname="org.bitcoinj.utils.BtcFormatTest" time="0.001"/>
  <testcase name="symbolsCodesTest[248]" classname="org.bitcoinj.utils.BtcFormatTest" time="0.001"/>
  <testcase name="defaultLocaleTest[248]" classname="org.bitcoinj.utils.BtcFormatTest" time="0.002"/>
  <testcase name="parsePositionTest[248]" classname="org.bitcoinj.utils.BtcFormatTest" time="0.0"/>
  <testcase name="argumentTypeTest[248]" classname="org.bitcoinj.utils.BtcFormatTest" time="0.0">
    <skipped/>
  </testcase>
  <testcase name="characterIteratorTest[248]" classname="org.bitcoinj.utils.BtcFormatTest" time="0.005"/>
  <testcase name="repeatingPlaceTest[248]" classname="org.bitcoinj.utils.BtcFormatTest" time="0.012"/>
  <testcase name="currencyCodeTest[248]" classname="org.bitcoinj.utils.BtcFormatTest" time="0.0">
    <skipped/>
  </testcase>
  <testcase name="patternDecimalPlaces[248]" classname="org.bitcoinj.utils.BtcFormatTest" time="0.006"/>
  <testcase name="factoryArgumentsTest[249]" classname="org.bitcoinj.utils.BtcFormatTest" time="0.01"/>
  <testcase name="parseTest[249]" classname="org.bitcoinj.utils.BtcFormatTest" time="0.0">
    <skipped/>
  </testcase>
  <testcase name="microcoinScaleTest[249]" classname="org.bitcoinj.utils.BtcFormatTest" time="0.001"/>
  <testcase name="parseMetricTest[249]" classname="org.bitcoinj.utils.BtcFormatTest" time="0.002"/>
  <testcase name="coinScaleTest[249]" classname="org.bitcoinj.utils.BtcFormatTest" time="0.001"/>
  <testcase name="builderTest[249]" classname="org.bitcoinj.utils.BtcFormatTest" time="0.0">
    <skipped/>
  </testcase>
  <testcase name="attributeTest[249]" classname="org.bitcoinj.utils.BtcFormatTest" time="0.0">
    <skipped/>
  </testcase>
  <testcase name="prefixTest[249]" classname="org.bitcoinj.utils.BtcFormatTest" time="0.001"/>
  <testcase name="suffixTest[249]" classname="org.bitcoinj.utils.BtcFormatTest" time="0.0">
    <skipped/>
  </testcase>
  <testcase name="autoDecimalTest[249]" classname="org.bitcoinj.utils.BtcFormatTest" time="0.002"/>
  <testcase name="symbolCollisionTest[249]" classname="org.bitcoinj.utils.BtcFormatTest" time="0.009"/>
  <testcase name="equalityTest[249]" classname="org.bitcoinj.utils.BtcFormatTest" time="0.004"/>
  <testcase name="columnAlignmentTest[249]" classname="org.bitcoinj.utils.BtcFormatTest" time="0.0"/>
  <testcase name="factoryTest[249]" classname="org.bitcoinj.utils.BtcFormatTest" time="0.001"/>
  <testcase name="parse[249]" classname="org.bitcoinj.utils.BtcFormatTest" time="0.0"/>
  <testcase name="btcRounding[249]" classname="org.bitcoinj.utils.BtcFormatTest" time="0.004"/>
  <testcase name="negativeTest[249]" classname="org.bitcoinj.utils.BtcFormatTest" time="0.0">
    <skipped/>
  </testcase>
  <testcase name="millicoinScaleTest[249]" classname="org.bitcoinj.utils.BtcFormatTest" time="0.008"/>
  <testcase name="toStringTest[249]" classname="org.bitcoinj.utils.BtcFormatTest" time="0.0">
    <skipped/>
  </testcase>
  <testcase name="testGrouping[249]" classname="org.bitcoinj.utils.BtcFormatTest" time="0.0"/>
  <testcase name="symbolsCodesTest[249]" classname="org.bitcoinj.utils.BtcFormatTest" time="0.004"/>
  <testcase name="defaultLocaleTest[249]" classname="org.bitcoinj.utils.BtcFormatTest" time="0.0"/>
  <testcase name="parsePositionTest[249]" classname="org.bitcoinj.utils.BtcFormatTest" time="0.0"/>
  <testcase name="argumentTypeTest[249]" classname="org.bitcoinj.utils.BtcFormatTest" time="0.0">
    <skipped/>
  </testcase>
  <testcase name="characterIteratorTest[249]" classname="org.bitcoinj.utils.BtcFormatTest" time="0.0"/>
  <testcase name="repeatingPlaceTest[249]" classname="org.bitcoinj.utils.BtcFormatTest" time="0.001"/>
  <testcase name="currencyCodeTest[249]" classname="org.bitcoinj.utils.BtcFormatTest" time="0.0">
    <skipped/>
  </testcase>
  <testcase name="patternDecimalPlaces[249]" classname="org.bitcoinj.utils.BtcFormatTest" time="0.0"/>
  <testcase name="factoryArgumentsTest[250]" classname="org.bitcoinj.utils.BtcFormatTest" time="0.002"/>
  <testcase name="parseTest[250]" classname="org.bitcoinj.utils.BtcFormatTest" time="0.0">
    <skipped/>
  </testcase>
  <testcase name="microcoinScaleTest[250]" classname="org.bitcoinj.utils.BtcFormatTest" time="0.0"/>
  <testcase name="parseMetricTest[250]" classname="org.bitcoinj.utils.BtcFormatTest" time="0.006"/>
  <testcase name="coinScaleTest[250]" classname="org.bitcoinj.utils.BtcFormatTest" time="0.0"/>
  <testcase name="builderTest[250]" classname="org.bitcoinj.utils.BtcFormatTest" time="0.0">
    <skipped/>
  </testcase>
  <testcase name="attributeTest[250]" classname="org.bitcoinj.utils.BtcFormatTest" time="0.0">
    <skipped/>
  </testcase>
  <testcase name="prefixTest[250]" classname="org.bitcoinj.utils.BtcFormatTest" time="0.007"/>
  <testcase name="suffixTest[250]" classname="org.bitcoinj.utils.BtcFormatTest" time="0.0">
    <skipped/>
  </testcase>
  <testcase name="autoDecimalTest[250]" classname="org.bitcoinj.utils.BtcFormatTest" time="0.002"/>
  <testcase name="symbolCollisionTest[250]" classname="org.bitcoinj.utils.BtcFormatTest" time="0.017"/>
  <testcase name="equalityTest[250]" classname="org.bitcoinj.utils.BtcFormatTest" time="0.004"/>
  <testcase name="columnAlignmentTest[250]" classname="org.bitcoinj.utils.BtcFormatTest" time="0.001"/>
  <testcase name="factoryTest[250]" classname="org.bitcoinj.utils.BtcFormatTest" time="0.001"/>
  <testcase name="parse[250]" classname="org.bitcoinj.utils.BtcFormatTest" time="0.0"/>
  <testcase name="btcRounding[250]" classname="org.bitcoinj.utils.BtcFormatTest" time="0.003"/>
  <testcase name="negativeTest[250]" classname="org.bitcoinj.utils.BtcFormatTest" time="0.0">
    <skipped/>
  </testcase>
  <testcase name="millicoinScaleTest[250]" classname="org.bitcoinj.utils.BtcFormatTest" time="0.0"/>
  <testcase name="toStringTest[250]" classname="org.bitcoinj.utils.BtcFormatTest" time="0.0">
    <skipped/>
  </testcase>
  <testcase name="testGrouping[250]" classname="org.bitcoinj.utils.BtcFormatTest" time="0.0"/>
  <testcase name="symbolsCodesTest[250]" classname="org.bitcoinj.utils.BtcFormatTest" time="0.001"/>
  <testcase name="defaultLocaleTest[250]" classname="org.bitcoinj.utils.BtcFormatTest" time="0.0"/>
  <testcase name="parsePositionTest[250]" classname="org.bitcoinj.utils.BtcFormatTest" time="0.0"/>
  <testcase name="argumentTypeTest[250]" classname="org.bitcoinj.utils.BtcFormatTest" time="0.0">
    <skipped/>
  </testcase>
  <testcase name="characterIteratorTest[250]" classname="org.bitcoinj.utils.BtcFormatTest" time="0.001"/>
  <testcase name="repeatingPlaceTest[250]" classname="org.bitcoinj.utils.BtcFormatTest" time="0.0"/>
  <testcase name="currencyCodeTest[250]" classname="org.bitcoinj.utils.BtcFormatTest" time="0.0">
    <skipped/>
  </testcase>
  <testcase name="patternDecimalPlaces[250]" classname="org.bitcoinj.utils.BtcFormatTest" time="0.0"/>
  <testcase name="factoryArgumentsTest[251]" classname="org.bitcoinj.utils.BtcFormatTest" time="0.003"/>
  <testcase name="parseTest[251]" classname="org.bitcoinj.utils.BtcFormatTest" time="0.0">
    <skipped/>
  </testcase>
  <testcase name="microcoinScaleTest[251]" classname="org.bitcoinj.utils.BtcFormatTest" time="0.0"/>
  <testcase name="parseMetricTest[251]" classname="org.bitcoinj.utils.BtcFormatTest" time="0.004"/>
  <testcase name="coinScaleTest[251]" classname="org.bitcoinj.utils.BtcFormatTest" time="0.002"/>
  <testcase name="builderTest[251]" classname="org.bitcoinj.utils.BtcFormatTest" time="0.0">
    <skipped/>
  </testcase>
  <testcase name="attributeTest[251]" classname="org.bitcoinj.utils.BtcFormatTest" time="0.0">
    <skipped/>
  </testcase>
  <testcase name="prefixTest[251]" classname="org.bitcoinj.utils.BtcFormatTest" time="0.001"/>
  <testcase name="suffixTest[251]" classname="org.bitcoinj.utils.BtcFormatTest" time="0.0">
    <skipped/>
  </testcase>
  <testcase name="autoDecimalTest[251]" classname="org.bitcoinj.utils.BtcFormatTest" time="0.001"/>
  <testcase name="symbolCollisionTest[251]" classname="org.bitcoinj.utils.BtcFormatTest" time="0.003"/>
  <testcase name="equalityTest[251]" classname="org.bitcoinj.utils.BtcFormatTest" time="0.003"/>
  <testcase name="columnAlignmentTest[251]" classname="org.bitcoinj.utils.BtcFormatTest" time="0.001"/>
  <testcase name="factoryTest[251]" classname="org.bitcoinj.utils.BtcFormatTest" time="0.0"/>
  <testcase name="parse[251]" classname="org.bitcoinj.utils.BtcFormatTest" time="0.001"/>
  <testcase name="btcRounding[251]" classname="org.bitcoinj.utils.BtcFormatTest" time="0.002"/>
  <testcase name="negativeTest[251]" classname="org.bitcoinj.utils.BtcFormatTest" time="0.0">
    <skipped/>
  </testcase>
  <testcase name="millicoinScaleTest[251]" classname="org.bitcoinj.utils.BtcFormatTest" time="0.0"/>
  <testcase name="toStringTest[251]" classname="org.bitcoinj.utils.BtcFormatTest" time="0.0">
    <skipped/>
  </testcase>
  <testcase name="testGrouping[251]" classname="org.bitcoinj.utils.BtcFormatTest" time="0.001"/>
  <testcase name="symbolsCodesTest[251]" classname="org.bitcoinj.utils.BtcFormatTest" time="0.001"/>
  <testcase name="defaultLocaleTest[251]" classname="org.bitcoinj.utils.BtcFormatTest" time="0.0"/>
  <testcase name="parsePositionTest[251]" classname="org.bitcoinj.utils.BtcFormatTest" time="0.001"/>
  <testcase name="argumentTypeTest[251]" classname="org.bitcoinj.utils.BtcFormatTest" time="0.0">
    <skipped/>
  </testcase>
  <testcase name="characterIteratorTest[251]" classname="org.bitcoinj.utils.BtcFormatTest" time="0.001"/>
  <testcase name="repeatingPlaceTest[251]" classname="org.bitcoinj.utils.BtcFormatTest" time="0.001"/>
  <testcase name="currencyCodeTest[251]" classname="org.bitcoinj.utils.BtcFormatTest" time="0.0">
    <skipped/>
  </testcase>
  <testcase name="patternDecimalPlaces[251]" classname="org.bitcoinj.utils.BtcFormatTest" time="0.001"/>
  <testcase name="factoryArgumentsTest[252]" classname="org.bitcoinj.utils.BtcFormatTest" time="0.001"/>
  <testcase name="parseTest[252]" classname="org.bitcoinj.utils.BtcFormatTest" time="0.0">
    <skipped/>
  </testcase>
  <testcase name="microcoinScaleTest[252]" classname="org.bitcoinj.utils.BtcFormatTest" time="0.0"/>
  <testcase name="parseMetricTest[252]" classname="org.bitcoinj.utils.BtcFormatTest" time="0.002"/>
  <testcase name="coinScaleTest[252]" classname="org.bitcoinj.utils.BtcFormatTest" time="0.0"/>
  <testcase name="builderTest[252]" classname="org.bitcoinj.utils.BtcFormatTest" time="0.0">
    <skipped/>
  </testcase>
  <testcase name="attributeTest[252]" classname="org.bitcoinj.utils.BtcFormatTest" time="0.0">
    <skipped/>
  </testcase>
  <testcase name="prefixTest[252]" classname="org.bitcoinj.utils.BtcFormatTest" time="0.0"/>
  <testcase name="suffixTest[252]" classname="org.bitcoinj.utils.BtcFormatTest" time="0.0">
    <skipped/>
  </testcase>
  <testcase name="autoDecimalTest[252]" classname="org.bitcoinj.utils.BtcFormatTest" time="0.001"/>
  <testcase name="symbolCollisionTest[252]" classname="org.bitcoinj.utils.BtcFormatTest" time="0.01"/>
  <testcase name="equalityTest[252]" classname="org.bitcoinj.utils.BtcFormatTest" time="0.007"/>
  <testcase name="columnAlignmentTest[252]" classname="org.bitcoinj.utils.BtcFormatTest" time="0.001"/>
  <testcase name="factoryTest[252]" classname="org.bitcoinj.utils.BtcFormatTest" time="0.0"/>
  <testcase name="parse[252]" classname="org.bitcoinj.utils.BtcFormatTest" time="0.0"/>
  <testcase name="btcRounding[252]" classname="org.bitcoinj.utils.BtcFormatTest" time="0.003"/>
  <testcase name="negativeTest[252]" classname="org.bitcoinj.utils.BtcFormatTest" time="0.0">
    <skipped/>
  </testcase>
  <testcase name="millicoinScaleTest[252]" classname="org.bitcoinj.utils.BtcFormatTest" time="0.009"/>
  <testcase name="toStringTest[252]" classname="org.bitcoinj.utils.BtcFormatTest" time="0.0">
    <skipped/>
  </testcase>
  <testcase name="testGrouping[252]" classname="org.bitcoinj.utils.BtcFormatTest" time="0.0"/>
  <testcase name="symbolsCodesTest[252]" classname="org.bitcoinj.utils.BtcFormatTest" time="0.002"/>
  <testcase name="defaultLocaleTest[252]" classname="org.bitcoinj.utils.BtcFormatTest" time="0.0"/>
  <testcase name="parsePositionTest[252]" classname="org.bitcoinj.utils.BtcFormatTest" time="0.0"/>
  <testcase name="argumentTypeTest[252]" classname="org.bitcoinj.utils.BtcFormatTest" time="0.0">
    <skipped/>
  </testcase>
  <testcase name="characterIteratorTest[252]" classname="org.bitcoinj.utils.BtcFormatTest" time="0.001"/>
  <testcase name="repeatingPlaceTest[252]" classname="org.bitcoinj.utils.BtcFormatTest" time="0.0"/>
  <testcase name="currencyCodeTest[252]" classname="org.bitcoinj.utils.BtcFormatTest" time="0.0">
    <skipped/>
  </testcase>
  <testcase name="patternDecimalPlaces[252]" classname="org.bitcoinj.utils.BtcFormatTest" time="0.0"/>
  <testcase name="factoryArgumentsTest[253]" classname="org.bitcoinj.utils.BtcFormatTest" time="0.001"/>
  <testcase name="parseTest[253]" classname="org.bitcoinj.utils.BtcFormatTest" time="0.0">
    <skipped/>
  </testcase>
  <testcase name="microcoinScaleTest[253]" classname="org.bitcoinj.utils.BtcFormatTest" time="0.0"/>
  <testcase name="parseMetricTest[253]" classname="org.bitcoinj.utils.BtcFormatTest" time="0.001"/>
  <testcase name="coinScaleTest[253]" classname="org.bitcoinj.utils.BtcFormatTest" time="0.0"/>
  <testcase name="builderTest[253]" classname="org.bitcoinj.utils.BtcFormatTest" time="0.0">
    <skipped/>
  </testcase>
  <testcase name="attributeTest[253]" classname="org.bitcoinj.utils.BtcFormatTest" time="0.0">
    <skipped/>
  </testcase>
  <testcase name="prefixTest[253]" classname="org.bitcoinj.utils.BtcFormatTest" time="0.0"/>
  <testcase name="suffixTest[253]" classname="org.bitcoinj.utils.BtcFormatTest" time="0.0">
    <skipped/>
  </testcase>
  <testcase name="autoDecimalTest[253]" classname="org.bitcoinj.utils.BtcFormatTest" time="0.001"/>
  <testcase name="symbolCollisionTest[253]" classname="org.bitcoinj.utils.BtcFormatTest" time="0.003"/>
  <testcase name="equalityTest[253]" classname="org.bitcoinj.utils.BtcFormatTest" time="0.003"/>
  <testcase name="columnAlignmentTest[253]" classname="org.bitcoinj.utils.BtcFormatTest" time="0.0"/>
  <testcase name="factoryTest[253]" classname="org.bitcoinj.utils.BtcFormatTest" time="0.0"/>
  <testcase name="parse[253]" classname="org.bitcoinj.utils.BtcFormatTest" time="0.001"/>
  <testcase name="btcRounding[253]" classname="org.bitcoinj.utils.BtcFormatTest" time="0.001"/>
  <testcase name="negativeTest[253]" classname="org.bitcoinj.utils.BtcFormatTest" time="0.0">
    <skipped/>
  </testcase>
  <testcase name="millicoinScaleTest[253]" classname="org.bitcoinj.utils.BtcFormatTest" time="0.0"/>
  <testcase name="toStringTest[253]" classname="org.bitcoinj.utils.BtcFormatTest" time="0.0">
    <skipped/>
  </testcase>
  <testcase name="testGrouping[253]" classname="org.bitcoinj.utils.BtcFormatTest" time="0.0"/>
  <testcase name="symbolsCodesTest[253]" classname="org.bitcoinj.utils.BtcFormatTest" time="0.001"/>
  <testcase name="defaultLocaleTest[253]" classname="org.bitcoinj.utils.BtcFormatTest" time="0.0"/>
  <testcase name="parsePositionTest[253]" classname="org.bitcoinj.utils.BtcFormatTest" time="0.0"/>
  <testcase name="argumentTypeTest[253]" classname="org.bitcoinj.utils.BtcFormatTest" time="0.0">
    <skipped/>
  </testcase>
  <testcase name="characterIteratorTest[253]" classname="org.bitcoinj.utils.BtcFormatTest" time="0.001"/>
  <testcase name="repeatingPlaceTest[253]" classname="org.bitcoinj.utils.BtcFormatTest" time="0.0"/>
  <testcase name="currencyCodeTest[253]" classname="org.bitcoinj.utils.BtcFormatTest" time="0.0">
    <skipped/>
  </testcase>
  <testcase name="patternDecimalPlaces[253]" classname="org.bitcoinj.utils.BtcFormatTest" time="0.0"/>
  <testcase name="factoryArgumentsTest[254]" classname="org.bitcoinj.utils.BtcFormatTest" time="0.001"/>
  <testcase name="parseTest[254]" classname="org.bitcoinj.utils.BtcFormatTest" time="0.0">
    <skipped/>
  </testcase>
  <testcase name="microcoinScaleTest[254]" classname="org.bitcoinj.utils.BtcFormatTest" time="0.0"/>
  <testcase name="parseMetricTest[254]" classname="org.bitcoinj.utils.BtcFormatTest" time="0.003"/>
  <testcase name="coinScaleTest[254]" classname="org.bitcoinj.utils.BtcFormatTest" time="0.0"/>
  <testcase name="builderTest[254]" classname="org.bitcoinj.utils.BtcFormatTest" time="0.0">
    <skipped/>
  </testcase>
  <testcase name="attributeTest[254]" classname="org.bitcoinj.utils.BtcFormatTest" time="0.0">
    <skipped/>
  </testcase>
  <testcase name="prefixTest[254]" classname="org.bitcoinj.utils.BtcFormatTest" time="0.0"/>
  <testcase name="suffixTest[254]" classname="org.bitcoinj.utils.BtcFormatTest" time="0.0">
    <skipped/>
  </testcase>
  <testcase name="autoDecimalTest[254]" classname="org.bitcoinj.utils.BtcFormatTest" time="0.001"/>
  <testcase name="symbolCollisionTest[254]" classname="org.bitcoinj.utils.BtcFormatTest" time="0.003"/>
  <testcase name="equalityTest[254]" classname="org.bitcoinj.utils.BtcFormatTest" time="0.002"/>
  <testcase name="columnAlignmentTest[254]" classname="org.bitcoinj.utils.BtcFormatTest" time="0.001"/>
  <testcase name="factoryTest[254]" classname="org.bitcoinj.utils.BtcFormatTest" time="0.0"/>
  <testcase name="parse[254]" classname="org.bitcoinj.utils.BtcFormatTest" time="0.0"/>
  <testcase name="btcRounding[254]" classname="org.bitcoinj.utils.BtcFormatTest" time="0.001"/>
  <testcase name="negativeTest[254]" classname="org.bitcoinj.utils.BtcFormatTest" time="0.0">
    <skipped/>
  </testcase>
  <testcase name="millicoinScaleTest[254]" classname="org.bitcoinj.utils.BtcFormatTest" time="0.0"/>
  <testcase name="toStringTest[254]" classname="org.bitcoinj.utils.BtcFormatTest" time="0.0">
    <skipped/>
  </testcase>
  <testcase name="testGrouping[254]" classname="org.bitcoinj.utils.BtcFormatTest" time="0.0"/>
  <testcase name="symbolsCodesTest[254]" classname="org.bitcoinj.utils.BtcFormatTest" time="0.001"/>
  <testcase name="defaultLocaleTest[254]" classname="org.bitcoinj.utils.BtcFormatTest" time="0.0"/>
  <testcase name="parsePositionTest[254]" classname="org.bitcoinj.utils.BtcFormatTest" time="0.0"/>
  <testcase name="argumentTypeTest[254]" classname="org.bitcoinj.utils.BtcFormatTest" time="0.0">
    <skipped/>
  </testcase>
  <testcase name="characterIteratorTest[254]" classname="org.bitcoinj.utils.BtcFormatTest" time="0.001"/>
  <testcase name="repeatingPlaceTest[254]" classname="org.bitcoinj.utils.BtcFormatTest" time="0.0"/>
  <testcase name="currencyCodeTest[254]" classname="org.bitcoinj.utils.BtcFormatTest" time="0.0">
    <skipped/>
  </testcase>
  <testcase name="patternDecimalPlaces[254]" classname="org.bitcoinj.utils.BtcFormatTest" time="0.0"/>
  <testcase name="factoryArgumentsTest[255]" classname="org.bitcoinj.utils.BtcFormatTest" time="0.002"/>
  <testcase name="parseTest[255]" classname="org.bitcoinj.utils.BtcFormatTest" time="0.0">
    <skipped/>
  </testcase>
  <testcase name="microcoinScaleTest[255]" classname="org.bitcoinj.utils.BtcFormatTest" time="0.0"/>
  <testcase name="parseMetricTest[255]" classname="org.bitcoinj.utils.BtcFormatTest" time="0.001"/>
  <testcase name="coinScaleTest[255]" classname="org.bitcoinj.utils.BtcFormatTest" time="0.0"/>
  <testcase name="builderTest[255]" classname="org.bitcoinj.utils.BtcFormatTest" time="0.0">
    <skipped/>
  </testcase>
  <testcase name="attributeTest[255]" classname="org.bitcoinj.utils.BtcFormatTest" time="0.0">
    <skipped/>
  </testcase>
  <testcase name="prefixTest[255]" classname="org.bitcoinj.utils.BtcFormatTest" time="0.001"/>
  <testcase name="suffixTest[255]" classname="org.bitcoinj.utils.BtcFormatTest" time="0.0">
    <skipped/>
  </testcase>
  <testcase name="autoDecimalTest[255]" classname="org.bitcoinj.utils.BtcFormatTest" time="0.001"/>
  <testcase name="symbolCollisionTest[255]" classname="org.bitcoinj.utils.BtcFormatTest" time="0.002"/>
  <testcase name="equalityTest[255]" classname="org.bitcoinj.utils.BtcFormatTest" time="0.001"/>
  <testcase name="columnAlignmentTest[255]" classname="org.bitcoinj.utils.BtcFormatTest" time="0.001"/>
  <testcase name="factoryTest[255]" classname="org.bitcoinj.utils.BtcFormatTest" time="0.0"/>
  <testcase name="parse[255]" classname="org.bitcoinj.utils.BtcFormatTest" time="0.0"/>
  <testcase name="btcRounding[255]" classname="org.bitcoinj.utils.BtcFormatTest" time="0.004"/>
  <testcase name="negativeTest[255]" classname="org.bitcoinj.utils.BtcFormatTest" time="0.0">
    <skipped/>
  </testcase>
  <testcase name="millicoinScaleTest[255]" classname="org.bitcoinj.utils.BtcFormatTest" time="0.0"/>
  <testcase name="toStringTest[255]" classname="org.bitcoinj.utils.BtcFormatTest" time="0.0">
    <skipped/>
  </testcase>
  <testcase name="testGrouping[255]" classname="org.bitcoinj.utils.BtcFormatTest" time="0.0"/>
  <testcase name="symbolsCodesTest[255]" classname="org.bitcoinj.utils.BtcFormatTest" time="0.001"/>
  <testcase name="defaultLocaleTest[255]" classname="org.bitcoinj.utils.BtcFormatTest" time="0.0"/>
  <testcase name="parsePositionTest[255]" classname="org.bitcoinj.utils.BtcFormatTest" time="0.0"/>
  <testcase name="argumentTypeTest[255]" classname="org.bitcoinj.utils.BtcFormatTest" time="0.0">
    <skipped/>
  </testcase>
  <testcase name="characterIteratorTest[255]" classname="org.bitcoinj.utils.BtcFormatTest" time="0.001"/>
  <testcase name="repeatingPlaceTest[255]" classname="org.bitcoinj.utils.BtcFormatTest" time="0.0"/>
  <testcase name="currencyCodeTest[255]" classname="org.bitcoinj.utils.BtcFormatTest" time="0.0">
    <skipped/>
  </testcase>
  <testcase name="patternDecimalPlaces[255]" classname="org.bitcoinj.utils.BtcFormatTest" time="0.0"/>
  <testcase name="factoryArgumentsTest[256]" classname="org.bitcoinj.utils.BtcFormatTest" time="0.004"/>
  <testcase name="parseTest[256]" classname="org.bitcoinj.utils.BtcFormatTest" time="0.0">
    <skipped/>
  </testcase>
  <testcase name="microcoinScaleTest[256]" classname="org.bitcoinj.utils.BtcFormatTest" time="0.0"/>
  <testcase name="parseMetricTest[256]" classname="org.bitcoinj.utils.BtcFormatTest" time="0.003"/>
  <testcase name="coinScaleTest[256]" classname="org.bitcoinj.utils.BtcFormatTest" time="0.001"/>
  <testcase name="builderTest[256]" classname="org.bitcoinj.utils.BtcFormatTest" time="0.0">
    <skipped/>
  </testcase>
  <testcase name="attributeTest[256]" classname="org.bitcoinj.utils.BtcFormatTest" time="0.0">
    <skipped/>
  </testcase>
  <testcase name="prefixTest[256]" classname="org.bitcoinj.utils.BtcFormatTest" time="0.001"/>
  <testcase name="suffixTest[256]" classname="org.bitcoinj.utils.BtcFormatTest" time="0.001">
    <skipped/>
  </testcase>
  <testcase name="autoDecimalTest[256]" classname="org.bitcoinj.utils.BtcFormatTest" time="0.001"/>
  <testcase name="symbolCollisionTest[256]" classname="org.bitcoinj.utils.BtcFormatTest" time="0.005"/>
  <testcase name="equalityTest[256]" classname="org.bitcoinj.utils.BtcFormatTest" time="0.01"/>
  <testcase name="columnAlignmentTest[256]" classname="org.bitcoinj.utils.BtcFormatTest" time="0.0"/>
  <testcase name="factoryTest[256]" classname="org.bitcoinj.utils.BtcFormatTest" time="0.001"/>
  <testcase name="parse[256]" classname="org.bitcoinj.utils.BtcFormatTest" time="0.0"/>
  <testcase name="btcRounding[256]" classname="org.bitcoinj.utils.BtcFormatTest" time="0.009"/>
  <testcase name="negativeTest[256]" classname="org.bitcoinj.utils.BtcFormatTest" time="0.0">
    <skipped/>
  </testcase>
  <testcase name="millicoinScaleTest[256]" classname="org.bitcoinj.utils.BtcFormatTest" time="0.0"/>
  <testcase name="toStringTest[256]" classname="org.bitcoinj.utils.BtcFormatTest" time="0.0">
    <skipped/>
  </testcase>
  <testcase name="testGrouping[256]" classname="org.bitcoinj.utils.BtcFormatTest" time="0.001"/>
  <testcase name="symbolsCodesTest[256]" classname="org.bitcoinj.utils.BtcFormatTest" time="0.0"/>
  <testcase name="defaultLocaleTest[256]" classname="org.bitcoinj.utils.BtcFormatTest" time="0.001"/>
  <testcase name="parsePositionTest[256]" classname="org.bitcoinj.utils.BtcFormatTest" time="0.0"/>
  <testcase name="argumentTypeTest[256]" classname="org.bitcoinj.utils.BtcFormatTest" time="0.0">
    <skipped/>
  </testcase>
  <testcase name="characterIteratorTest[256]" classname="org.bitcoinj.utils.BtcFormatTest" time="0.001"/>
  <testcase name="repeatingPlaceTest[256]" classname="org.bitcoinj.utils.BtcFormatTest" time="0.0"/>
  <testcase name="currencyCodeTest[256]" classname="org.bitcoinj.utils.BtcFormatTest" time="0.0">
    <skipped/>
  </testcase>
  <testcase name="patternDecimalPlaces[256]" classname="org.bitcoinj.utils.BtcFormatTest" time="0.0"/>
  <testcase name="factoryArgumentsTest[257]" classname="org.bitcoinj.utils.BtcFormatTest" time="0.001"/>
  <testcase name="parseTest[257]" classname="org.bitcoinj.utils.BtcFormatTest" time="0.0">
    <skipped/>
  </testcase>
  <testcase name="microcoinScaleTest[257]" classname="org.bitcoinj.utils.BtcFormatTest" time="0.001"/>
  <testcase name="parseMetricTest[257]" classname="org.bitcoinj.utils.BtcFormatTest" time="0.001"/>
  <testcase name="coinScaleTest[257]" classname="org.bitcoinj.utils.BtcFormatTest" time="0.0"/>
  <testcase name="builderTest[257]" classname="org.bitcoinj.utils.BtcFormatTest" time="0.0">
    <skipped/>
  </testcase>
  <testcase name="attributeTest[257]" classname="org.bitcoinj.utils.BtcFormatTest" time="0.0">
    <skipped/>
  </testcase>
  <testcase name="prefixTest[257]" classname="org.bitcoinj.utils.BtcFormatTest" time="0.0"/>
  <testcase name="suffixTest[257]" classname="org.bitcoinj.utils.BtcFormatTest" time="0.0">
    <skipped/>
  </testcase>
  <testcase name="autoDecimalTest[257]" classname="org.bitcoinj.utils.BtcFormatTest" time="0.001"/>
  <testcase name="symbolCollisionTest[257]" classname="org.bitcoinj.utils.BtcFormatTest" time="0.001"/>
  <testcase name="equalityTest[257]" classname="org.bitcoinj.utils.BtcFormatTest" time="0.002"/>
  <testcase name="columnAlignmentTest[257]" classname="org.bitcoinj.utils.BtcFormatTest" time="0.0"/>
  <testcase name="factoryTest[257]" classname="org.bitcoinj.utils.BtcFormatTest" time="0.0"/>
  <testcase name="parse[257]" classname="org.bitcoinj.utils.BtcFormatTest" time="0.0"/>
  <testcase name="btcRounding[257]" classname="org.bitcoinj.utils.BtcFormatTest" time="0.001"/>
  <testcase name="negativeTest[257]" classname="org.bitcoinj.utils.BtcFormatTest" time="0.0">
    <skipped/>
  </testcase>
  <testcase name="millicoinScaleTest[257]" classname="org.bitcoinj.utils.BtcFormatTest" time="0.0"/>
  <testcase name="toStringTest[257]" classname="org.bitcoinj.utils.BtcFormatTest" time="0.0">
    <skipped/>
  </testcase>
  <testcase name="testGrouping[257]" classname="org.bitcoinj.utils.BtcFormatTest" time="0.001"/>
  <testcase name="symbolsCodesTest[257]" classname="org.bitcoinj.utils.BtcFormatTest" time="0.001"/>
  <testcase name="defaultLocaleTest[257]" classname="org.bitcoinj.utils.BtcFormatTest" time="0.0"/>
  <testcase name="parsePositionTest[257]" classname="org.bitcoinj.utils.BtcFormatTest" time="0.0"/>
  <testcase name="argumentTypeTest[257]" classname="org.bitcoinj.utils.BtcFormatTest" time="0.0">
    <skipped/>
  </testcase>
  <testcase name="characterIteratorTest[257]" classname="org.bitcoinj.utils.BtcFormatTest" time="0.001"/>
  <testcase name="repeatingPlaceTest[257]" classname="org.bitcoinj.utils.BtcFormatTest" time="0.0"/>
  <testcase name="currencyCodeTest[257]" classname="org.bitcoinj.utils.BtcFormatTest" time="0.0">
    <skipped/>
  </testcase>
  <testcase name="patternDecimalPlaces[257]" classname="org.bitcoinj.utils.BtcFormatTest" time="0.0"/>
  <testcase name="factoryArgumentsTest[258]" classname="org.bitcoinj.utils.BtcFormatTest" time="0.001"/>
  <testcase name="parseTest[258]" classname="org.bitcoinj.utils.BtcFormatTest" time="0.0">
    <skipped/>
  </testcase>
  <testcase name="microcoinScaleTest[258]" classname="org.bitcoinj.utils.BtcFormatTest" time="0.0"/>
  <testcase name="parseMetricTest[258]" classname="org.bitcoinj.utils.BtcFormatTest" time="0.002"/>
  <testcase name="coinScaleTest[258]" classname="org.bitcoinj.utils.BtcFormatTest" time="0.001"/>
  <testcase name="builderTest[258]" classname="org.bitcoinj.utils.BtcFormatTest" time="0.0">
    <skipped/>
  </testcase>
  <testcase name="attributeTest[258]" classname="org.bitcoinj.utils.BtcFormatTest" time="0.0">
    <skipped/>
  </testcase>
  <testcase name="prefixTest[258]" classname="org.bitcoinj.utils.BtcFormatTest" time="0.0"/>
  <testcase name="suffixTest[258]" classname="org.bitcoinj.utils.BtcFormatTest" time="0.0">
    <skipped/>
  </testcase>
  <testcase name="autoDecimalTest[258]" classname="org.bitcoinj.utils.BtcFormatTest" time="0.001"/>
  <testcase name="symbolCollisionTest[258]" classname="org.bitcoinj.utils.BtcFormatTest" time="0.005"/>
  <testcase name="equalityTest[258]" classname="org.bitcoinj.utils.BtcFormatTest" time="0.003"/>
  <testcase name="columnAlignmentTest[258]" classname="org.bitcoinj.utils.BtcFormatTest" time="0.0"/>
  <testcase name="factoryTest[258]" classname="org.bitcoinj.utils.BtcFormatTest" time="0.001"/>
  <testcase name="parse[258]" classname="org.bitcoinj.utils.BtcFormatTest" time="0.0"/>
  <testcase name="btcRounding[258]" classname="org.bitcoinj.utils.BtcFormatTest" time="0.001"/>
  <testcase name="negativeTest[258]" classname="org.bitcoinj.utils.BtcFormatTest" time="0.0">
    <skipped/>
  </testcase>
  <testcase name="millicoinScaleTest[258]" classname="org.bitcoinj.utils.BtcFormatTest" time="0.0"/>
  <testcase name="toStringTest[258]" classname="org.bitcoinj.utils.BtcFormatTest" time="0.0">
    <skipped/>
  </testcase>
  <testcase name="testGrouping[258]" classname="org.bitcoinj.utils.BtcFormatTest" time="0.001"/>
  <testcase name="symbolsCodesTest[258]" classname="org.bitcoinj.utils.BtcFormatTest" time="0.0"/>
  <testcase name="defaultLocaleTest[258]" classname="org.bitcoinj.utils.BtcFormatTest" time="0.001"/>
  <testcase name="parsePositionTest[258]" classname="org.bitcoinj.utils.BtcFormatTest" time="0.0"/>
  <testcase name="argumentTypeTest[258]" classname="org.bitcoinj.utils.BtcFormatTest" time="0.0">
    <skipped/>
  </testcase>
  <testcase name="characterIteratorTest[258]" classname="org.bitcoinj.utils.BtcFormatTest" time="0.0"/>
  <testcase name="repeatingPlaceTest[258]" classname="org.bitcoinj.utils.BtcFormatTest" time="0.0"/>
  <testcase name="currencyCodeTest[258]" classname="org.bitcoinj.utils.BtcFormatTest" time="0.0">
    <skipped/>
  </testcase>
  <testcase name="patternDecimalPlaces[258]" classname="org.bitcoinj.utils.BtcFormatTest" time="0.001"/>
  <testcase name="factoryArgumentsTest[259]" classname="org.bitcoinj.utils.BtcFormatTest" time="0.001"/>
  <testcase name="parseTest[259]" classname="org.bitcoinj.utils.BtcFormatTest" time="0.0">
    <skipped/>
  </testcase>
  <testcase name="microcoinScaleTest[259]" classname="org.bitcoinj.utils.BtcFormatTest" time="0.001"/>
  <testcase name="parseMetricTest[259]" classname="org.bitcoinj.utils.BtcFormatTest" time="0.001"/>
  <testcase name="coinScaleTest[259]" classname="org.bitcoinj.utils.BtcFormatTest" time="0.001"/>
  <testcase name="builderTest[259]" classname="org.bitcoinj.utils.BtcFormatTest" time="0.0">
    <skipped/>
  </testcase>
  <testcase name="attributeTest[259]" classname="org.bitcoinj.utils.BtcFormatTest" time="0.0">
    <skipped/>
  </testcase>
  <testcase name="prefixTest[259]" classname="org.bitcoinj.utils.BtcFormatTest" time="0.0"/>
  <testcase name="suffixTest[259]" classname="org.bitcoinj.utils.BtcFormatTest" time="0.0">
    <skipped/>
  </testcase>
  <testcase name="autoDecimalTest[259]" classname="org.bitcoinj.utils.BtcFormatTest" time="0.001"/>
  <testcase name="symbolCollisionTest[259]" classname="org.bitcoinj.utils.BtcFormatTest" time="0.002"/>
  <testcase name="equalityTest[259]" classname="org.bitcoinj.utils.BtcFormatTest" time="0.002"/>
  <testcase name="columnAlignmentTest[259]" classname="org.bitcoinj.utils.BtcFormatTest" time="0.0"/>
  <testcase name="factoryTest[259]" classname="org.bitcoinj.utils.BtcFormatTest" time="0.0"/>
  <testcase name="parse[259]" classname="org.bitcoinj.utils.BtcFormatTest" time="0.001"/>
  <testcase name="btcRounding[259]" classname="org.bitcoinj.utils.BtcFormatTest" time="0.001"/>
  <testcase name="negativeTest[259]" classname="org.bitcoinj.utils.BtcFormatTest" time="0.0">
    <skipped/>
  </testcase>
  <testcase name="millicoinScaleTest[259]" classname="org.bitcoinj.utils.BtcFormatTest" time="0.0"/>
  <testcase name="toStringTest[259]" classname="org.bitcoinj.utils.BtcFormatTest" time="0.0">
    <skipped/>
  </testcase>
  <testcase name="testGrouping[259]" classname="org.bitcoinj.utils.BtcFormatTest" time="0.001"/>
  <testcase name="symbolsCodesTest[259]" classname="org.bitcoinj.utils.BtcFormatTest" time="0.0"/>
  <testcase name="defaultLocaleTest[259]" classname="org.bitcoinj.utils.BtcFormatTest" time="0.001"/>
  <testcase name="parsePositionTest[259]" classname="org.bitcoinj.utils.BtcFormatTest" time="0.0"/>
  <testcase name="argumentTypeTest[259]" classname="org.bitcoinj.utils.BtcFormatTest" time="0.0">
    <skipped/>
  </testcase>
  <testcase name="characterIteratorTest[259]" classname="org.bitcoinj.utils.BtcFormatTest" time="0.0"/>
  <testcase name="repeatingPlaceTest[259]" classname="org.bitcoinj.utils.BtcFormatTest" time="0.0"/>
  <testcase name="currencyCodeTest[259]" classname="org.bitcoinj.utils.BtcFormatTest" time="0.0">
    <skipped/>
  </testcase>
  <testcase name="patternDecimalPlaces[259]" classname="org.bitcoinj.utils.BtcFormatTest" time="0.001"/>
  <testcase name="factoryArgumentsTest[260]" classname="org.bitcoinj.utils.BtcFormatTest" time="0.001"/>
  <testcase name="parseTest[260]" classname="org.bitcoinj.utils.BtcFormatTest" time="0.0">
    <skipped/>
  </testcase>
  <testcase name="microcoinScaleTest[260]" classname="org.bitcoinj.utils.BtcFormatTest" time="0.0"/>
  <testcase name="parseMetricTest[260]" classname="org.bitcoinj.utils.BtcFormatTest" time="0.001"/>
  <testcase name="coinScaleTest[260]" classname="org.bitcoinj.utils.BtcFormatTest" time="0.0"/>
  <testcase name="builderTest[260]" classname="org.bitcoinj.utils.BtcFormatTest" time="0.0">
    <skipped/>
  </testcase>
  <testcase name="attributeTest[260]" classname="org.bitcoinj.utils.BtcFormatTest" time="0.0">
    <skipped/>
  </testcase>
  <testcase name="prefixTest[260]" classname="org.bitcoinj.utils.BtcFormatTest" time="0.0"/>
  <testcase name="suffixTest[260]" classname="org.bitcoinj.utils.BtcFormatTest" time="0.0">
    <skipped/>
  </testcase>
  <testcase name="autoDecimalTest[260]" classname="org.bitcoinj.utils.BtcFormatTest" time="0.001"/>
  <testcase name="symbolCollisionTest[260]" classname="org.bitcoinj.utils.BtcFormatTest" time="0.003"/>
  <testcase name="equalityTest[260]" classname="org.bitcoinj.utils.BtcFormatTest" time="0.002"/>
  <testcase name="columnAlignmentTest[260]" classname="org.bitcoinj.utils.BtcFormatTest" time="0.001"/>
  <testcase name="factoryTest[260]" classname="org.bitcoinj.utils.BtcFormatTest" time="0.0"/>
  <testcase name="parse[260]" classname="org.bitcoinj.utils.BtcFormatTest" time="0.0"/>
  <testcase name="btcRounding[260]" classname="org.bitcoinj.utils.BtcFormatTest" time="0.001"/>
  <testcase name="negativeTest[260]" classname="org.bitcoinj.utils.BtcFormatTest" time="0.0">
    <skipped/>
  </testcase>
  <testcase name="millicoinScaleTest[260]" classname="org.bitcoinj.utils.BtcFormatTest" time="0.0"/>
  <testcase name="toStringTest[260]" classname="org.bitcoinj.utils.BtcFormatTest" time="0.0">
    <skipped/>
  </testcase>
  <testcase name="testGrouping[260]" classname="org.bitcoinj.utils.BtcFormatTest" time="0.001"/>
  <testcase name="symbolsCodesTest[260]" classname="org.bitcoinj.utils.BtcFormatTest" time="0.0"/>
  <testcase name="defaultLocaleTest[260]" classname="org.bitcoinj.utils.BtcFormatTest" time="0.001"/>
  <testcase name="parsePositionTest[260]" classname="org.bitcoinj.utils.BtcFormatTest" time="0.0"/>
  <testcase name="argumentTypeTest[260]" classname="org.bitcoinj.utils.BtcFormatTest" time="0.0">
    <skipped/>
  </testcase>
  <testcase name="characterIteratorTest[260]" classname="org.bitcoinj.utils.BtcFormatTest" time="0.0"/>
  <testcase name="repeatingPlaceTest[260]" classname="org.bitcoinj.utils.BtcFormatTest" time="0.001"/>
  <testcase name="currencyCodeTest[260]" classname="org.bitcoinj.utils.BtcFormatTest" time="0.0">
    <skipped/>
  </testcase>
  <testcase name="patternDecimalPlaces[260]" classname="org.bitcoinj.utils.BtcFormatTest" time="0.0"/>
  <testcase name="factoryArgumentsTest[261]" classname="org.bitcoinj.utils.BtcFormatTest" time="0.001"/>
  <testcase name="parseTest[261]" classname="org.bitcoinj.utils.BtcFormatTest" time="0.0">
    <skipped/>
  </testcase>
  <testcase name="microcoinScaleTest[261]" classname="org.bitcoinj.utils.BtcFormatTest" time="0.0"/>
  <testcase name="parseMetricTest[261]" classname="org.bitcoinj.utils.BtcFormatTest" time="0.001"/>
  <testcase name="coinScaleTest[261]" classname="org.bitcoinj.utils.BtcFormatTest" time="0.0"/>
  <testcase name="builderTest[261]" classname="org.bitcoinj.utils.BtcFormatTest" time="0.0">
    <skipped/>
  </testcase>
  <testcase name="attributeTest[261]" classname="org.bitcoinj.utils.BtcFormatTest" time="0.0">
    <skipped/>
  </testcase>
  <testcase name="prefixTest[261]" classname="org.bitcoinj.utils.BtcFormatTest" time="0.001"/>
  <testcase name="suffixTest[261]" classname="org.bitcoinj.utils.BtcFormatTest" time="0.0">
    <skipped/>
  </testcase>
  <testcase name="autoDecimalTest[261]" classname="org.bitcoinj.utils.BtcFormatTest" time="0.001"/>
  <testcase name="symbolCollisionTest[261]" classname="org.bitcoinj.utils.BtcFormatTest" time="0.001"/>
  <testcase name="equalityTest[261]" classname="org.bitcoinj.utils.BtcFormatTest" time="0.001"/>
  <testcase name="columnAlignmentTest[261]" classname="org.bitcoinj.utils.BtcFormatTest" time="0.001"/>
  <testcase name="factoryTest[261]" classname="org.bitcoinj.utils.BtcFormatTest" time="0.0"/>
  <testcase name="parse[261]" classname="org.bitcoinj.utils.BtcFormatTest" time="0.0"/>
  <testcase name="btcRounding[261]" classname="org.bitcoinj.utils.BtcFormatTest" time="0.001"/>
  <testcase name="negativeTest[261]" classname="org.bitcoinj.utils.BtcFormatTest" time="0.0">
    <skipped/>
  </testcase>
  <testcase name="millicoinScaleTest[261]" classname="org.bitcoinj.utils.BtcFormatTest" time="0.0"/>
  <testcase name="toStringTest[261]" classname="org.bitcoinj.utils.BtcFormatTest" time="0.0">
    <skipped/>
  </testcase>
  <testcase name="testGrouping[261]" classname="org.bitcoinj.utils.BtcFormatTest" time="0.001"/>
  <testcase name="symbolsCodesTest[261]" classname="org.bitcoinj.utils.BtcFormatTest" time="0.002"/>
  <testcase name="defaultLocaleTest[261]" classname="org.bitcoinj.utils.BtcFormatTest" time="0.001"/>
  <testcase name="parsePositionTest[261]" classname="org.bitcoinj.utils.BtcFormatTest" time="0.0"/>
  <testcase name="argumentTypeTest[261]" classname="org.bitcoinj.utils.BtcFormatTest" time="0.001">
    <skipped/>
  </testcase>
  <testcase name="characterIteratorTest[261]" classname="org.bitcoinj.utils.BtcFormatTest" time="0.0"/>
  <testcase name="repeatingPlaceTest[261]" classname="org.bitcoinj.utils.BtcFormatTest" time="0.001"/>
  <testcase name="currencyCodeTest[261]" classname="org.bitcoinj.utils.BtcFormatTest" time="0.0">
    <skipped/>
  </testcase>
  <testcase name="patternDecimalPlaces[261]" classname="org.bitcoinj.utils.BtcFormatTest" time="0.0"/>
  <testcase name="factoryArgumentsTest[262]" classname="org.bitcoinj.utils.BtcFormatTest" time="0.004"/>
  <testcase name="parseTest[262]" classname="org.bitcoinj.utils.BtcFormatTest" time="0.0">
    <skipped/>
  </testcase>
  <testcase name="microcoinScaleTest[262]" classname="org.bitcoinj.utils.BtcFormatTest" time="0.001"/>
  <testcase name="parseMetricTest[262]" classname="org.bitcoinj.utils.BtcFormatTest" time="0.002"/>
  <testcase name="coinScaleTest[262]" classname="org.bitcoinj.utils.BtcFormatTest" time="0.001"/>
  <testcase name="builderTest[262]" classname="org.bitcoinj.utils.BtcFormatTest" time="0.0">
    <skipped/>
  </testcase>
  <testcase name="attributeTest[262]" classname="org.bitcoinj.utils.BtcFormatTest" time="0.0">
    <skipped/>
  </testcase>
  <testcase name="prefixTest[262]" classname="org.bitcoinj.utils.BtcFormatTest" time="0.0"/>
  <testcase name="suffixTest[262]" classname="org.bitcoinj.utils.BtcFormatTest" time="0.0">
    <skipped/>
  </testcase>
  <testcase name="autoDecimalTest[262]" classname="org.bitcoinj.utils.BtcFormatTest" time="0.001"/>
  <testcase name="symbolCollisionTest[262]" classname="org.bitcoinj.utils.BtcFormatTest" time="0.003"/>
  <testcase name="equalityTest[262]" classname="org.bitcoinj.utils.BtcFormatTest" time="0.001"/>
  <testcase name="columnAlignmentTest[262]" classname="org.bitcoinj.utils.BtcFormatTest" time="0.0"/>
  <testcase name="factoryTest[262]" classname="org.bitcoinj.utils.BtcFormatTest" time="0.0"/>
  <testcase name="parse[262]" classname="org.bitcoinj.utils.BtcFormatTest" time="0.0"/>
  <testcase name="btcRounding[262]" classname="org.bitcoinj.utils.BtcFormatTest" time="0.002"/>
  <testcase name="negativeTest[262]" classname="org.bitcoinj.utils.BtcFormatTest" time="0.0">
    <skipped/>
  </testcase>
  <testcase name="millicoinScaleTest[262]" classname="org.bitcoinj.utils.BtcFormatTest" time="0.0"/>
  <testcase name="toStringTest[262]" classname="org.bitcoinj.utils.BtcFormatTest" time="0.0">
    <skipped/>
  </testcase>
  <testcase name="testGrouping[262]" classname="org.bitcoinj.utils.BtcFormatTest" time="0.0"/>
  <testcase name="symbolsCodesTest[262]" classname="org.bitcoinj.utils.BtcFormatTest" time="0.001"/>
  <testcase name="defaultLocaleTest[262]" classname="org.bitcoinj.utils.BtcFormatTest" time="0.0"/>
  <testcase name="parsePositionTest[262]" classname="org.bitcoinj.utils.BtcFormatTest" time="0.001"/>
  <testcase name="argumentTypeTest[262]" classname="org.bitcoinj.utils.BtcFormatTest" time="0.0">
    <skipped/>
  </testcase>
  <testcase name="characterIteratorTest[262]" classname="org.bitcoinj.utils.BtcFormatTest" time="0.001"/>
  <testcase name="repeatingPlaceTest[262]" classname="org.bitcoinj.utils.BtcFormatTest" time="0.0"/>
  <testcase name="currencyCodeTest[262]" classname="org.bitcoinj.utils.BtcFormatTest" time="0.0">
    <skipped/>
  </testcase>
  <testcase name="patternDecimalPlaces[262]" classname="org.bitcoinj.utils.BtcFormatTest" time="0.0"/>
  <testcase name="factoryArgumentsTest[263]" classname="org.bitcoinj.utils.BtcFormatTest" time="0.002"/>
  <testcase name="parseTest[263]" classname="org.bitcoinj.utils.BtcFormatTest" time="0.0">
    <skipped/>
  </testcase>
  <testcase name="microcoinScaleTest[263]" classname="org.bitcoinj.utils.BtcFormatTest" time="0.001"/>
  <testcase name="parseMetricTest[263]" classname="org.bitcoinj.utils.BtcFormatTest" time="0.001"/>
  <testcase name="coinScaleTest[263]" classname="org.bitcoinj.utils.BtcFormatTest" time="0.0"/>
  <testcase name="builderTest[263]" classname="org.bitcoinj.utils.BtcFormatTest" time="0.0">
    <skipped/>
  </testcase>
  <testcase name="attributeTest[263]" classname="org.bitcoinj.utils.BtcFormatTest" time="0.0">
    <skipped/>
  </testcase>
  <testcase name="prefixTest[263]" classname="org.bitcoinj.utils.BtcFormatTest" time="0.001"/>
  <testcase name="suffixTest[263]" classname="org.bitcoinj.utils.BtcFormatTest" time="0.0">
    <skipped/>
  </testcase>
  <testcase name="autoDecimalTest[263]" classname="org.bitcoinj.utils.BtcFormatTest" time="0.001"/>
  <testcase name="symbolCollisionTest[263]" classname="org.bitcoinj.utils.BtcFormatTest" time="0.002"/>
  <testcase name="equalityTest[263]" classname="org.bitcoinj.utils.BtcFormatTest" time="0.002"/>
  <testcase name="columnAlignmentTest[263]" classname="org.bitcoinj.utils.BtcFormatTest" time="0.0"/>
  <testcase name="factoryTest[263]" classname="org.bitcoinj.utils.BtcFormatTest" time="0.001"/>
  <testcase name="parse[263]" classname="org.bitcoinj.utils.BtcFormatTest" time="0.0"/>
  <testcase name="btcRounding[263]" classname="org.bitcoinj.utils.BtcFormatTest" time="0.001"/>
  <testcase name="negativeTest[263]" classname="org.bitcoinj.utils.BtcFormatTest" time="0.0">
    <skipped/>
  </testcase>
  <testcase name="millicoinScaleTest[263]" classname="org.bitcoinj.utils.BtcFormatTest" time="0.0"/>
  <testcase name="toStringTest[263]" classname="org.bitcoinj.utils.BtcFormatTest" time="0.0">
    <skipped/>
  </testcase>
  <testcase name="testGrouping[263]" classname="org.bitcoinj.utils.BtcFormatTest" time="0.001"/>
  <testcase name="symbolsCodesTest[263]" classname="org.bitcoinj.utils.BtcFormatTest" time="0.0"/>
  <testcase name="defaultLocaleTest[263]" classname="org.bitcoinj.utils.BtcFormatTest" time="0.0"/>
  <testcase name="parsePositionTest[263]" classname="org.bitcoinj.utils.BtcFormatTest" time="0.001"/>
  <testcase name="argumentTypeTest[263]" classname="org.bitcoinj.utils.BtcFormatTest" time="0.0">
    <skipped/>
  </testcase>
  <testcase name="characterIteratorTest[263]" classname="org.bitcoinj.utils.BtcFormatTest" time="0.0"/>
  <testcase name="repeatingPlaceTest[263]" classname="org.bitcoinj.utils.BtcFormatTest" time="0.0"/>
  <testcase name="currencyCodeTest[263]" classname="org.bitcoinj.utils.BtcFormatTest" time="0.0">
    <skipped/>
  </testcase>
  <testcase name="patternDecimalPlaces[263]" classname="org.bitcoinj.utils.BtcFormatTest" time="0.0"/>
  <testcase name="factoryArgumentsTest[264]" classname="org.bitcoinj.utils.BtcFormatTest" time="0.004"/>
  <testcase name="parseTest[264]" classname="org.bitcoinj.utils.BtcFormatTest" time="0.0">
    <skipped/>
  </testcase>
  <testcase name="microcoinScaleTest[264]" classname="org.bitcoinj.utils.BtcFormatTest" time="0.0"/>
  <testcase name="parseMetricTest[264]" classname="org.bitcoinj.utils.BtcFormatTest" time="0.001"/>
  <testcase name="coinScaleTest[264]" classname="org.bitcoinj.utils.BtcFormatTest" time="0.0"/>
  <testcase name="builderTest[264]" classname="org.bitcoinj.utils.BtcFormatTest" time="0.0">
    <skipped/>
  </testcase>
  <testcase name="attributeTest[264]" classname="org.bitcoinj.utils.BtcFormatTest" time="0.0">
    <skipped/>
  </testcase>
  <testcase name="prefixTest[264]" classname="org.bitcoinj.utils.BtcFormatTest" time="0.0"/>
  <testcase name="suffixTest[264]" classname="org.bitcoinj.utils.BtcFormatTest" time="0.0">
    <skipped/>
  </testcase>
  <testcase name="autoDecimalTest[264]" classname="org.bitcoinj.utils.BtcFormatTest" time="0.001"/>
  <testcase name="symbolCollisionTest[264]" classname="org.bitcoinj.utils.BtcFormatTest" time="0.002"/>
  <testcase name="equalityTest[264]" classname="org.bitcoinj.utils.BtcFormatTest" time="0.003"/>
  <testcase name="columnAlignmentTest[264]" classname="org.bitcoinj.utils.BtcFormatTest" time="0.0"/>
  <testcase name="factoryTest[264]" classname="org.bitcoinj.utils.BtcFormatTest" time="0.001"/>
  <testcase name="parse[264]" classname="org.bitcoinj.utils.BtcFormatTest" time="0.0"/>
  <testcase name="btcRounding[264]" classname="org.bitcoinj.utils.BtcFormatTest" time="0.002"/>
  <testcase name="negativeTest[264]" classname="org.bitcoinj.utils.BtcFormatTest" time="0.0">
    <skipped/>
  </testcase>
  <testcase name="millicoinScaleTest[264]" classname="org.bitcoinj.utils.BtcFormatTest" time="0.0"/>
  <testcase name="toStringTest[264]" classname="org.bitcoinj.utils.BtcFormatTest" time="0.0">
    <skipped/>
  </testcase>
  <testcase name="testGrouping[264]" classname="org.bitcoinj.utils.BtcFormatTest" time="0.0"/>
  <testcase name="symbolsCodesTest[264]" classname="org.bitcoinj.utils.BtcFormatTest" time="0.001"/>
  <testcase name="defaultLocaleTest[264]" classname="org.bitcoinj.utils.BtcFormatTest" time="0.0"/>
  <testcase name="parsePositionTest[264]" classname="org.bitcoinj.utils.BtcFormatTest" time="0.0"/>
  <testcase name="argumentTypeTest[264]" classname="org.bitcoinj.utils.BtcFormatTest" time="0.0">
    <skipped/>
  </testcase>
  <testcase name="characterIteratorTest[264]" classname="org.bitcoinj.utils.BtcFormatTest" time="0.001"/>
  <testcase name="repeatingPlaceTest[264]" classname="org.bitcoinj.utils.BtcFormatTest" time="0.0"/>
  <testcase name="currencyCodeTest[264]" classname="org.bitcoinj.utils.BtcFormatTest" time="0.0">
    <skipped/>
  </testcase>
  <testcase name="patternDecimalPlaces[264]" classname="org.bitcoinj.utils.BtcFormatTest" time="0.0"/>
  <testcase name="factoryArgumentsTest[265]" classname="org.bitcoinj.utils.BtcFormatTest" time="0.001"/>
  <testcase name="parseTest[265]" classname="org.bitcoinj.utils.BtcFormatTest" time="0.0">
    <skipped/>
  </testcase>
  <testcase name="microcoinScaleTest[265]" classname="org.bitcoinj.utils.BtcFormatTest" time="0.0"/>
  <testcase name="parseMetricTest[265]" classname="org.bitcoinj.utils.BtcFormatTest" time="0.001"/>
  <testcase name="coinScaleTest[265]" classname="org.bitcoinj.utils.BtcFormatTest" time="0.0"/>
  <testcase name="builderTest[265]" classname="org.bitcoinj.utils.BtcFormatTest" time="0.0">
    <skipped/>
  </testcase>
  <testcase name="attributeTest[265]" classname="org.bitcoinj.utils.BtcFormatTest" time="0.0">
    <skipped/>
  </testcase>
  <testcase name="prefixTest[265]" classname="org.bitcoinj.utils.BtcFormatTest" time="0.001"/>
  <testcase name="suffixTest[265]" classname="org.bitcoinj.utils.BtcFormatTest" time="0.0">
    <skipped/>
  </testcase>
  <testcase name="autoDecimalTest[265]" classname="org.bitcoinj.utils.BtcFormatTest" time="0.001"/>
  <testcase name="symbolCollisionTest[265]" classname="org.bitcoinj.utils.BtcFormatTest" time="0.001"/>
  <testcase name="equalityTest[265]" classname="org.bitcoinj.utils.BtcFormatTest" time="0.003"/>
  <testcase name="columnAlignmentTest[265]" classname="org.bitcoinj.utils.BtcFormatTest" time="0.0"/>
  <testcase name="factoryTest[265]" classname="org.bitcoinj.utils.BtcFormatTest" time="0.0"/>
  <testcase name="parse[265]" classname="org.bitcoinj.utils.BtcFormatTest" time="0.001"/>
  <testcase name="btcRounding[265]" classname="org.bitcoinj.utils.BtcFormatTest" time="0.001"/>
  <testcase name="negativeTest[265]" classname="org.bitcoinj.utils.BtcFormatTest" time="0.0">
    <skipped/>
  </testcase>
  <testcase name="millicoinScaleTest[265]" classname="org.bitcoinj.utils.BtcFormatTest" time="0.0"/>
  <testcase name="toStringTest[265]" classname="org.bitcoinj.utils.BtcFormatTest" time="0.0">
    <skipped/>
  </testcase>
  <testcase name="testGrouping[265]" classname="org.bitcoinj.utils.BtcFormatTest" time="0.0"/>
  <testcase name="symbolsCodesTest[265]" classname="org.bitcoinj.utils.BtcFormatTest" time="0.001"/>
  <testcase name="defaultLocaleTest[265]" classname="org.bitcoinj.utils.BtcFormatTest" time="0.0"/>
  <testcase name="parsePositionTest[265]" classname="org.bitcoinj.utils.BtcFormatTest" time="0.0"/>
  <testcase name="argumentTypeTest[265]" classname="org.bitcoinj.utils.BtcFormatTest" time="0.0">
    <skipped/>
  </testcase>
  <testcase name="characterIteratorTest[265]" classname="org.bitcoinj.utils.BtcFormatTest" time="0.001"/>
  <testcase name="repeatingPlaceTest[265]" classname="org.bitcoinj.utils.BtcFormatTest" time="0.0"/>
  <testcase name="currencyCodeTest[265]" classname="org.bitcoinj.utils.BtcFormatTest" time="0.0">
    <skipped/>
  </testcase>
  <testcase name="patternDecimalPlaces[265]" classname="org.bitcoinj.utils.BtcFormatTest" time="0.0"/>
  <testcase name="factoryArgumentsTest[266]" classname="org.bitcoinj.utils.BtcFormatTest" time="0.001"/>
  <testcase name="parseTest[266]" classname="org.bitcoinj.utils.BtcFormatTest" time="0.0">
    <skipped/>
  </testcase>
  <testcase name="microcoinScaleTest[266]" classname="org.bitcoinj.utils.BtcFormatTest" time="0.0"/>
  <testcase name="parseMetricTest[266]" classname="org.bitcoinj.utils.BtcFormatTest" time="0.001"/>
  <testcase name="coinScaleTest[266]" classname="org.bitcoinj.utils.BtcFormatTest" time="0.0"/>
  <testcase name="builderTest[266]" classname="org.bitcoinj.utils.BtcFormatTest" time="0.0">
    <skipped/>
  </testcase>
  <testcase name="attributeTest[266]" classname="org.bitcoinj.utils.BtcFormatTest" time="0.0">
    <skipped/>
  </testcase>
  <testcase name="prefixTest[266]" classname="org.bitcoinj.utils.BtcFormatTest" time="0.0"/>
  <testcase name="suffixTest[266]" classname="org.bitcoinj.utils.BtcFormatTest" time="0.0">
    <skipped/>
  </testcase>
  <testcase name="autoDecimalTest[266]" classname="org.bitcoinj.utils.BtcFormatTest" time="0.002"/>
  <testcase name="symbolCollisionTest[266]" classname="org.bitcoinj.utils.BtcFormatTest" time="0.002"/>
  <testcase name="equalityTest[266]" classname="org.bitcoinj.utils.BtcFormatTest" time="0.002"/>
  <testcase name="columnAlignmentTest[266]" classname="org.bitcoinj.utils.BtcFormatTest" time="0.0"/>
  <testcase name="factoryTest[266]" classname="org.bitcoinj.utils.BtcFormatTest" time="0.0"/>
  <testcase name="parse[266]" classname="org.bitcoinj.utils.BtcFormatTest" time="0.0"/>
  <testcase name="btcRounding[266]" classname="org.bitcoinj.utils.BtcFormatTest" time="0.002"/>
  <testcase name="negativeTest[266]" classname="org.bitcoinj.utils.BtcFormatTest" time="0.0">
    <skipped/>
  </testcase>
  <testcase name="millicoinScaleTest[266]" classname="org.bitcoinj.utils.BtcFormatTest" time="0.0"/>
  <testcase name="toStringTest[266]" classname="org.bitcoinj.utils.BtcFormatTest" time="0.0">
    <skipped/>
  </testcase>
  <testcase name="testGrouping[266]" classname="org.bitcoinj.utils.BtcFormatTest" time="0.0"/>
  <testcase name="symbolsCodesTest[266]" classname="org.bitcoinj.utils.BtcFormatTest" time="0.0"/>
  <testcase name="defaultLocaleTest[266]" classname="org.bitcoinj.utils.BtcFormatTest" time="0.001"/>
  <testcase name="parsePositionTest[266]" classname="org.bitcoinj.utils.BtcFormatTest" time="0.0"/>
  <testcase name="argumentTypeTest[266]" classname="org.bitcoinj.utils.BtcFormatTest" time="0.0">
    <skipped/>
  </testcase>
  <testcase name="characterIteratorTest[266]" classname="org.bitcoinj.utils.BtcFormatTest" time="0.0"/>
  <testcase name="repeatingPlaceTest[266]" classname="org.bitcoinj.utils.BtcFormatTest" time="0.001"/>
  <testcase name="currencyCodeTest[266]" classname="org.bitcoinj.utils.BtcFormatTest" time="0.0">
    <skipped/>
  </testcase>
  <testcase name="patternDecimalPlaces[266]" classname="org.bitcoinj.utils.BtcFormatTest" time="0.0"/>
  <testcase name="factoryArgumentsTest[267]" classname="org.bitcoinj.utils.BtcFormatTest" time="0.001"/>
  <testcase name="parseTest[267]" classname="org.bitcoinj.utils.BtcFormatTest" time="0.0">
    <skipped/>
  </testcase>
  <testcase name="microcoinScaleTest[267]" classname="org.bitcoinj.utils.BtcFormatTest" time="0.0"/>
  <testcase name="parseMetricTest[267]" classname="org.bitcoinj.utils.BtcFormatTest" time="0.002"/>
  <testcase name="coinScaleTest[267]" classname="org.bitcoinj.utils.BtcFormatTest" time="0.0"/>
  <testcase name="builderTest[267]" classname="org.bitcoinj.utils.BtcFormatTest" time="0.0">
    <skipped/>
  </testcase>
  <testcase name="attributeTest[267]" classname="org.bitcoinj.utils.BtcFormatTest" time="0.0">
    <skipped/>
  </testcase>
  <testcase name="prefixTest[267]" classname="org.bitcoinj.utils.BtcFormatTest" time="0.0"/>
  <testcase name="suffixTest[267]" classname="org.bitcoinj.utils.BtcFormatTest" time="0.0">
    <skipped/>
  </testcase>
  <testcase name="autoDecimalTest[267]" classname="org.bitcoinj.utils.BtcFormatTest" time="0.001"/>
  <testcase name="symbolCollisionTest[267]" classname="org.bitcoinj.utils.BtcFormatTest" time="0.002"/>
  <testcase name="equalityTest[267]" classname="org.bitcoinj.utils.BtcFormatTest" time="0.002"/>
  <testcase name="columnAlignmentTest[267]" classname="org.bitcoinj.utils.BtcFormatTest" time="0.001"/>
  <testcase name="factoryTest[267]" classname="org.bitcoinj.utils.BtcFormatTest" time="0.002"/>
  <testcase name="parse[267]" classname="org.bitcoinj.utils.BtcFormatTest" time="0.0"/>
  <testcase name="btcRounding[267]" classname="org.bitcoinj.utils.BtcFormatTest" time="0.002"/>
  <testcase name="negativeTest[267]" classname="org.bitcoinj.utils.BtcFormatTest" time="0.0">
    <skipped/>
  </testcase>
  <testcase name="millicoinScaleTest[267]" classname="org.bitcoinj.utils.BtcFormatTest" time="0.001"/>
  <testcase name="toStringTest[267]" classname="org.bitcoinj.utils.BtcFormatTest" time="0.0">
    <skipped/>
  </testcase>
  <testcase name="testGrouping[267]" classname="org.bitcoinj.utils.BtcFormatTest" time="0.0"/>
  <testcase name="symbolsCodesTest[267]" classname="org.bitcoinj.utils.BtcFormatTest" time="0.001"/>
  <testcase name="defaultLocaleTest[267]" classname="org.bitcoinj.utils.BtcFormatTest" time="0.002"/>
  <testcase name="parsePositionTest[267]" classname="org.bitcoinj.utils.BtcFormatTest" time="0.0"/>
  <testcase name="argumentTypeTest[267]" classname="org.bitcoinj.utils.BtcFormatTest" time="0.0">
    <skipped/>
  </testcase>
  <testcase name="characterIteratorTest[267]" classname="org.bitcoinj.utils.BtcFormatTest" time="0.001"/>
  <testcase name="repeatingPlaceTest[267]" classname="org.bitcoinj.utils.BtcFormatTest" time="0.0"/>
  <testcase name="currencyCodeTest[267]" classname="org.bitcoinj.utils.BtcFormatTest" time="0.0">
    <skipped/>
  </testcase>
  <testcase name="patternDecimalPlaces[267]" classname="org.bitcoinj.utils.BtcFormatTest" time="0.0"/>
  <testcase name="factoryArgumentsTest[268]" classname="org.bitcoinj.utils.BtcFormatTest" time="0.001"/>
  <testcase name="parseTest[268]" classname="org.bitcoinj.utils.BtcFormatTest" time="0.0">
    <skipped/>
  </testcase>
  <testcase name="microcoinScaleTest[268]" classname="org.bitcoinj.utils.BtcFormatTest" time="0.0"/>
  <testcase name="parseMetricTest[268]" classname="org.bitcoinj.utils.BtcFormatTest" time="0.003"/>
  <testcase name="coinScaleTest[268]" classname="org.bitcoinj.utils.BtcFormatTest" time="0.0"/>
  <testcase name="builderTest[268]" classname="org.bitcoinj.utils.BtcFormatTest" time="0.0">
    <skipped/>
  </testcase>
  <testcase name="attributeTest[268]" classname="org.bitcoinj.utils.BtcFormatTest" time="0.0">
    <skipped/>
  </testcase>
  <testcase name="prefixTest[268]" classname="org.bitcoinj.utils.BtcFormatTest" time="0.0"/>
  <testcase name="suffixTest[268]" classname="org.bitcoinj.utils.BtcFormatTest" time="0.001">
    <skipped/>
  </testcase>
  <testcase name="autoDecimalTest[268]" classname="org.bitcoinj.utils.BtcFormatTest" time="0.003"/>
  <testcase name="symbolCollisionTest[268]" classname="org.bitcoinj.utils.BtcFormatTest" time="0.003"/>
  <testcase name="equalityTest[268]" classname="org.bitcoinj.utils.BtcFormatTest" time="0.002"/>
  <testcase name="columnAlignmentTest[268]" classname="org.bitcoinj.utils.BtcFormatTest" time="0.001"/>
  <testcase name="factoryTest[268]" classname="org.bitcoinj.utils.BtcFormatTest" time="0.0"/>
  <testcase name="parse[268]" classname="org.bitcoinj.utils.BtcFormatTest" time="0.001"/>
  <testcase name="btcRounding[268]" classname="org.bitcoinj.utils.BtcFormatTest" time="0.002"/>
  <testcase name="negativeTest[268]" classname="org.bitcoinj.utils.BtcFormatTest" time="0.0">
    <skipped/>
  </testcase>
  <testcase name="millicoinScaleTest[268]" classname="org.bitcoinj.utils.BtcFormatTest" time="0.0"/>
  <testcase name="toStringTest[268]" classname="org.bitcoinj.utils.BtcFormatTest" time="0.0">
    <skipped/>
  </testcase>
  <testcase name="testGrouping[268]" classname="org.bitcoinj.utils.BtcFormatTest" time="0.0"/>
  <testcase name="symbolsCodesTest[268]" classname="org.bitcoinj.utils.BtcFormatTest" time="0.001"/>
  <testcase name="defaultLocaleTest[268]" classname="org.bitcoinj.utils.BtcFormatTest" time="0.0"/>
  <testcase name="parsePositionTest[268]" classname="org.bitcoinj.utils.BtcFormatTest" time="0.0"/>
  <testcase name="argumentTypeTest[268]" classname="org.bitcoinj.utils.BtcFormatTest" time="0.0">
    <skipped/>
  </testcase>
  <testcase name="characterIteratorTest[268]" classname="org.bitcoinj.utils.BtcFormatTest" time="0.001"/>
  <testcase name="repeatingPlaceTest[268]" classname="org.bitcoinj.utils.BtcFormatTest" time="0.0"/>
  <testcase name="currencyCodeTest[268]" classname="org.bitcoinj.utils.BtcFormatTest" time="0.0">
    <skipped/>
  </testcase>
  <testcase name="patternDecimalPlaces[268]" classname="org.bitcoinj.utils.BtcFormatTest" time="0.001"/>
  <testcase name="factoryArgumentsTest[269]" classname="org.bitcoinj.utils.BtcFormatTest" time="0.002"/>
  <testcase name="parseTest[269]" classname="org.bitcoinj.utils.BtcFormatTest" time="0.0">
    <skipped/>
  </testcase>
  <testcase name="microcoinScaleTest[269]" classname="org.bitcoinj.utils.BtcFormatTest" time="0.0"/>
  <testcase name="parseMetricTest[269]" classname="org.bitcoinj.utils.BtcFormatTest" time="0.001"/>
  <testcase name="coinScaleTest[269]" classname="org.bitcoinj.utils.BtcFormatTest" time="0.001"/>
  <testcase name="builderTest[269]" classname="org.bitcoinj.utils.BtcFormatTest" time="0.0">
    <skipped/>
  </testcase>
  <testcase name="attributeTest[269]" classname="org.bitcoinj.utils.BtcFormatTest" time="0.0">
    <skipped/>
  </testcase>
  <testcase name="prefixTest[269]" classname="org.bitcoinj.utils.BtcFormatTest" time="0.0"/>
  <testcase name="suffixTest[269]" classname="org.bitcoinj.utils.BtcFormatTest" time="0.0">
    <skipped/>
  </testcase>
  <testcase name="autoDecimalTest[269]" classname="org.bitcoinj.utils.BtcFormatTest" time="0.001"/>
  <testcase name="symbolCollisionTest[269]" classname="org.bitcoinj.utils.BtcFormatTest" time="0.003"/>
  <testcase name="equalityTest[269]" classname="org.bitcoinj.utils.BtcFormatTest" time="0.004"/>
  <testcase name="columnAlignmentTest[269]" classname="org.bitcoinj.utils.BtcFormatTest" time="0.0"/>
  <testcase name="factoryTest[269]" classname="org.bitcoinj.utils.BtcFormatTest" time="0.001"/>
  <testcase name="parse[269]" classname="org.bitcoinj.utils.BtcFormatTest" time="0.0"/>
  <testcase name="btcRounding[269]" classname="org.bitcoinj.utils.BtcFormatTest" time="0.011"/>
  <testcase name="negativeTest[269]" classname="org.bitcoinj.utils.BtcFormatTest" time="0.0">
    <skipped/>
  </testcase>
  <testcase name="millicoinScaleTest[269]" classname="org.bitcoinj.utils.BtcFormatTest" time="0.001"/>
  <testcase name="toStringTest[269]" classname="org.bitcoinj.utils.BtcFormatTest" time="0.0">
    <skipped/>
  </testcase>
  <testcase name="testGrouping[269]" classname="org.bitcoinj.utils.BtcFormatTest" time="0.001"/>
  <testcase name="symbolsCodesTest[269]" classname="org.bitcoinj.utils.BtcFormatTest" time="0.004"/>
  <testcase name="defaultLocaleTest[269]" classname="org.bitcoinj.utils.BtcFormatTest" time="0.0"/>
  <testcase name="parsePositionTest[269]" classname="org.bitcoinj.utils.BtcFormatTest" time="0.0"/>
  <testcase name="argumentTypeTest[269]" classname="org.bitcoinj.utils.BtcFormatTest" time="0.0">
    <skipped/>
  </testcase>
  <testcase name="characterIteratorTest[269]" classname="org.bitcoinj.utils.BtcFormatTest" time="0.001"/>
  <testcase name="repeatingPlaceTest[269]" classname="org.bitcoinj.utils.BtcFormatTest" time="0.001"/>
  <testcase name="currencyCodeTest[269]" classname="org.bitcoinj.utils.BtcFormatTest" time="0.0">
    <skipped/>
  </testcase>
  <testcase name="patternDecimalPlaces[269]" classname="org.bitcoinj.utils.BtcFormatTest" time="0.0"/>
  <testcase name="factoryArgumentsTest[270]" classname="org.bitcoinj.utils.BtcFormatTest" time="0.002"/>
  <testcase name="parseTest[270]" classname="org.bitcoinj.utils.BtcFormatTest" time="0.0">
    <skipped/>
  </testcase>
  <testcase name="microcoinScaleTest[270]" classname="org.bitcoinj.utils.BtcFormatTest" time="0.0"/>
  <testcase name="parseMetricTest[270]" classname="org.bitcoinj.utils.BtcFormatTest" time="0.001"/>
  <testcase name="coinScaleTest[270]" classname="org.bitcoinj.utils.BtcFormatTest" time="0.005"/>
  <testcase name="builderTest[270]" classname="org.bitcoinj.utils.BtcFormatTest" time="0.0">
    <skipped/>
  </testcase>
  <testcase name="attributeTest[270]" classname="org.bitcoinj.utils.BtcFormatTest" time="0.0">
    <skipped/>
  </testcase>
  <testcase name="prefixTest[270]" classname="org.bitcoinj.utils.BtcFormatTest" time="0.0"/>
  <testcase name="suffixTest[270]" classname="org.bitcoinj.utils.BtcFormatTest" time="0.0">
    <skipped/>
  </testcase>
  <testcase name="autoDecimalTest[270]" classname="org.bitcoinj.utils.BtcFormatTest" time="0.002"/>
  <testcase name="symbolCollisionTest[270]" classname="org.bitcoinj.utils.BtcFormatTest" time="0.002"/>
  <testcase name="equalityTest[270]" classname="org.bitcoinj.utils.BtcFormatTest" time="0.004"/>
  <testcase name="columnAlignmentTest[270]" classname="org.bitcoinj.utils.BtcFormatTest" time="0.001"/>
  <testcase name="factoryTest[270]" classname="org.bitcoinj.utils.BtcFormatTest" time="0.0"/>
  <testcase name="parse[270]" classname="org.bitcoinj.utils.BtcFormatTest" time="0.0"/>
  <testcase name="btcRounding[270]" classname="org.bitcoinj.utils.BtcFormatTest" time="0.005"/>
  <testcase name="negativeTest[270]" classname="org.bitcoinj.utils.BtcFormatTest" time="0.0">
    <skipped/>
  </testcase>
  <testcase name="millicoinScaleTest[270]" classname="org.bitcoinj.utils.BtcFormatTest" time="0.0"/>
  <testcase name="toStringTest[270]" classname="org.bitcoinj.utils.BtcFormatTest" time="0.0">
    <skipped/>
  </testcase>
  <testcase name="testGrouping[270]" classname="org.bitcoinj.utils.BtcFormatTest" time="0.0"/>
  <testcase name="symbolsCodesTest[270]" classname="org.bitcoinj.utils.BtcFormatTest" time="0.002"/>
  <testcase name="defaultLocaleTest[270]" classname="org.bitcoinj.utils.BtcFormatTest" time="0.001"/>
  <testcase name="parsePositionTest[270]" classname="org.bitcoinj.utils.BtcFormatTest" time="0.001"/>
  <testcase name="argumentTypeTest[270]" classname="org.bitcoinj.utils.BtcFormatTest" time="0.0">
    <skipped/>
  </testcase>
  <testcase name="characterIteratorTest[270]" classname="org.bitcoinj.utils.BtcFormatTest" time="0.0"/>
  <testcase name="repeatingPlaceTest[270]" classname="org.bitcoinj.utils.BtcFormatTest" time="0.001"/>
  <testcase name="currencyCodeTest[270]" classname="org.bitcoinj.utils.BtcFormatTest" time="0.0">
    <skipped/>
  </testcase>
  <testcase name="patternDecimalPlaces[270]" classname="org.bitcoinj.utils.BtcFormatTest" time="0.0"/>
  <testcase name="factoryArgumentsTest[271]" classname="org.bitcoinj.utils.BtcFormatTest" time="0.002"/>
  <testcase name="parseTest[271]" classname="org.bitcoinj.utils.BtcFormatTest" time="0.0">
    <skipped/>
  </testcase>
  <testcase name="microcoinScaleTest[271]" classname="org.bitcoinj.utils.BtcFormatTest" time="0.0"/>
  <testcase name="parseMetricTest[271]" classname="org.bitcoinj.utils.BtcFormatTest" time="0.003"/>
  <testcase name="coinScaleTest[271]" classname="org.bitcoinj.utils.BtcFormatTest" time="0.001"/>
  <testcase name="builderTest[271]" classname="org.bitcoinj.utils.BtcFormatTest" time="0.001">
    <skipped/>
  </testcase>
  <testcase name="attributeTest[271]" classname="org.bitcoinj.utils.BtcFormatTest" time="0.0">
    <skipped/>
  </testcase>
  <testcase name="prefixTest[271]" classname="org.bitcoinj.utils.BtcFormatTest" time="0.004"/>
  <testcase name="suffixTest[271]" classname="org.bitcoinj.utils.BtcFormatTest" time="0.0">
    <skipped/>
  </testcase>
  <testcase name="autoDecimalTest[271]" classname="org.bitcoinj.utils.BtcFormatTest" time="0.002"/>
  <testcase name="symbolCollisionTest[271]" classname="org.bitcoinj.utils.BtcFormatTest" time="0.003"/>
  <testcase name="equalityTest[271]" classname="org.bitcoinj.utils.BtcFormatTest" time="0.002"/>
  <testcase name="columnAlignmentTest[271]" classname="org.bitcoinj.utils.BtcFormatTest" time="0.0"/>
  <testcase name="factoryTest[271]" classname="org.bitcoinj.utils.BtcFormatTest" time="0.002"/>
  <testcase name="parse[271]" classname="org.bitcoinj.utils.BtcFormatTest" time="0.0"/>
  <testcase name="btcRounding[271]" classname="org.bitcoinj.utils.BtcFormatTest" time="0.005"/>
  <testcase name="negativeTest[271]" classname="org.bitcoinj.utils.BtcFormatTest" time="0.0">
    <skipped/>
  </testcase>
  <testcase name="millicoinScaleTest[271]" classname="org.bitcoinj.utils.BtcFormatTest" time="0.001"/>
  <testcase name="toStringTest[271]" classname="org.bitcoinj.utils.BtcFormatTest" time="0.0">
    <skipped/>
  </testcase>
  <testcase name="testGrouping[271]" classname="org.bitcoinj.utils.BtcFormatTest" time="0.0"/>
  <testcase name="symbolsCodesTest[271]" classname="org.bitcoinj.utils.BtcFormatTest" time="0.002"/>
  <testcase name="defaultLocaleTest[271]" classname="org.bitcoinj.utils.BtcFormatTest" time="0.001"/>
  <testcase name="parsePositionTest[271]" classname="org.bitcoinj.utils.BtcFormatTest" time="0.001"/>
  <testcase name="argumentTypeTest[271]" classname="org.bitcoinj.utils.BtcFormatTest" time="0.0">
    <skipped/>
  </testcase>
  <testcase name="characterIteratorTest[271]" classname="org.bitcoinj.utils.BtcFormatTest" time="0.001"/>
  <testcase name="repeatingPlaceTest[271]" classname="org.bitcoinj.utils.BtcFormatTest" time="0.001"/>
  <testcase name="currencyCodeTest[271]" classname="org.bitcoinj.utils.BtcFormatTest" time="0.0">
    <skipped/>
  </testcase>
  <testcase name="patternDecimalPlaces[271]" classname="org.bitcoinj.utils.BtcFormatTest" time="0.0"/>
  <testcase name="factoryArgumentsTest[272]" classname="org.bitcoinj.utils.BtcFormatTest" time="0.005"/>
  <testcase name="parseTest[272]" classname="org.bitcoinj.utils.BtcFormatTest" time="0.0">
    <skipped/>
  </testcase>
  <testcase name="microcoinScaleTest[272]" classname="org.bitcoinj.utils.BtcFormatTest" time="0.002"/>
  <testcase name="parseMetricTest[272]" classname="org.bitcoinj.utils.BtcFormatTest" time="0.011"/>
  <testcase name="coinScaleTest[272]" classname="org.bitcoinj.utils.BtcFormatTest" time="0.002"/>
  <testcase name="builderTest[272]" classname="org.bitcoinj.utils.BtcFormatTest" time="0.0">
    <skipped/>
  </testcase>
  <testcase name="attributeTest[272]" classname="org.bitcoinj.utils.BtcFormatTest" time="0.0">
    <skipped/>
  </testcase>
  <testcase name="prefixTest[272]" classname="org.bitcoinj.utils.BtcFormatTest" time="0.001"/>
  <testcase name="suffixTest[272]" classname="org.bitcoinj.utils.BtcFormatTest" time="0.0">
    <skipped/>
  </testcase>
  <testcase name="autoDecimalTest[272]" classname="org.bitcoinj.utils.BtcFormatTest" time="0.003"/>
  <testcase name="symbolCollisionTest[272]" classname="org.bitcoinj.utils.BtcFormatTest" time="0.002"/>
  <testcase name="equalityTest[272]" classname="org.bitcoinj.utils.BtcFormatTest" time="0.004"/>
  <testcase name="columnAlignmentTest[272]" classname="org.bitcoinj.utils.BtcFormatTest" time="0.0"/>
  <testcase name="factoryTest[272]" classname="org.bitcoinj.utils.BtcFormatTest" time="0.001"/>
  <testcase name="parse[272]" classname="org.bitcoinj.utils.BtcFormatTest" time="0.0"/>
  <testcase name="btcRounding[272]" classname="org.bitcoinj.utils.BtcFormatTest" time="0.001"/>
  <testcase name="negativeTest[272]" classname="org.bitcoinj.utils.BtcFormatTest" time="0.0">
    <skipped/>
  </testcase>
  <testcase name="millicoinScaleTest[272]" classname="org.bitcoinj.utils.BtcFormatTest" time="0.0"/>
  <testcase name="toStringTest[272]" classname="org.bitcoinj.utils.BtcFormatTest" time="0.0">
    <skipped/>
  </testcase>
  <testcase name="testGrouping[272]" classname="org.bitcoinj.utils.BtcFormatTest" time="0.001"/>
  <testcase name="symbolsCodesTest[272]" classname="org.bitcoinj.utils.BtcFormatTest" time="0.001"/>
  <testcase name="defaultLocaleTest[272]" classname="org.bitcoinj.utils.BtcFormatTest" time="0.002"/>
  <testcase name="parsePositionTest[272]" classname="org.bitcoinj.utils.BtcFormatTest" time="0.0"/>
  <testcase name="argumentTypeTest[272]" classname="org.bitcoinj.utils.BtcFormatTest" time="0.0">
    <skipped/>
  </testcase>
  <testcase name="characterIteratorTest[272]" classname="org.bitcoinj.utils.BtcFormatTest" time="0.002"/>
  <testcase name="repeatingPlaceTest[272]" classname="org.bitcoinj.utils.BtcFormatTest" time="0.0"/>
  <testcase name="currencyCodeTest[272]" classname="org.bitcoinj.utils.BtcFormatTest" time="0.0">
    <skipped/>
  </testcase>
  <testcase name="patternDecimalPlaces[272]" classname="org.bitcoinj.utils.BtcFormatTest" time="0.0"/>
  <testcase name="factoryArgumentsTest[273]" classname="org.bitcoinj.utils.BtcFormatTest" time="0.001"/>
  <testcase name="parseTest[273]" classname="org.bitcoinj.utils.BtcFormatTest" time="0.0">
    <skipped/>
  </testcase>
  <testcase name="microcoinScaleTest[273]" classname="org.bitcoinj.utils.BtcFormatTest" time="0.0"/>
  <testcase name="parseMetricTest[273]" classname="org.bitcoinj.utils.BtcFormatTest" time="0.001"/>
  <testcase name="coinScaleTest[273]" classname="org.bitcoinj.utils.BtcFormatTest" time="0.0"/>
  <testcase name="builderTest[273]" classname="org.bitcoinj.utils.BtcFormatTest" time="0.0">
    <skipped/>
  </testcase>
  <testcase name="attributeTest[273]" classname="org.bitcoinj.utils.BtcFormatTest" time="0.0">
    <skipped/>
  </testcase>
  <testcase name="prefixTest[273]" classname="org.bitcoinj.utils.BtcFormatTest" time="0.0"/>
  <testcase name="suffixTest[273]" classname="org.bitcoinj.utils.BtcFormatTest" time="0.0">
    <skipped/>
  </testcase>
  <testcase name="autoDecimalTest[273]" classname="org.bitcoinj.utils.BtcFormatTest" time="0.001"/>
  <testcase name="symbolCollisionTest[273]" classname="org.bitcoinj.utils.BtcFormatTest" time="0.003"/>
  <testcase name="equalityTest[273]" classname="org.bitcoinj.utils.BtcFormatTest" time="0.004"/>
  <testcase name="columnAlignmentTest[273]" classname="org.bitcoinj.utils.BtcFormatTest" time="0.001"/>
  <testcase name="factoryTest[273]" classname="org.bitcoinj.utils.BtcFormatTest" time="0.0"/>
  <testcase name="parse[273]" classname="org.bitcoinj.utils.BtcFormatTest" time="0.0"/>
  <testcase name="btcRounding[273]" classname="org.bitcoinj.utils.BtcFormatTest" time="0.003"/>
  <testcase name="negativeTest[273]" classname="org.bitcoinj.utils.BtcFormatTest" time="0.0">
    <skipped/>
  </testcase>
  <testcase name="millicoinScaleTest[273]" classname="org.bitcoinj.utils.BtcFormatTest" time="0.0"/>
  <testcase name="toStringTest[273]" classname="org.bitcoinj.utils.BtcFormatTest" time="0.0">
    <skipped/>
  </testcase>
  <testcase name="testGrouping[273]" classname="org.bitcoinj.utils.BtcFormatTest" time="0.001"/>
  <testcase name="symbolsCodesTest[273]" classname="org.bitcoinj.utils.BtcFormatTest" time="0.0"/>
  <testcase name="defaultLocaleTest[273]" classname="org.bitcoinj.utils.BtcFormatTest" time="0.001"/>
  <testcase name="parsePositionTest[273]" classname="org.bitcoinj.utils.BtcFormatTest" time="0.0"/>
  <testcase name="argumentTypeTest[273]" classname="org.bitcoinj.utils.BtcFormatTest" time="0.0">
    <skipped/>
  </testcase>
  <testcase name="characterIteratorTest[273]" classname="org.bitcoinj.utils.BtcFormatTest" time="0.0"/>
  <testcase name="repeatingPlaceTest[273]" classname="org.bitcoinj.utils.BtcFormatTest" time="0.0"/>
  <testcase name="currencyCodeTest[273]" classname="org.bitcoinj.utils.BtcFormatTest" time="0.0">
    <skipped/>
  </testcase>
  <testcase name="patternDecimalPlaces[273]" classname="org.bitcoinj.utils.BtcFormatTest" time="0.001"/>
  <testcase name="factoryArgumentsTest[274]" classname="org.bitcoinj.utils.BtcFormatTest" time="0.001"/>
  <testcase name="parseTest[274]" classname="org.bitcoinj.utils.BtcFormatTest" time="0.0">
    <skipped/>
  </testcase>
  <testcase name="microcoinScaleTest[274]" classname="org.bitcoinj.utils.BtcFormatTest" time="0.0"/>
  <testcase name="parseMetricTest[274]" classname="org.bitcoinj.utils.BtcFormatTest" time="0.001"/>
  <testcase name="coinScaleTest[274]" classname="org.bitcoinj.utils.BtcFormatTest" time="0.0"/>
  <testcase name="builderTest[274]" classname="org.bitcoinj.utils.BtcFormatTest" time="0.0">
    <skipped/>
  </testcase>
  <testcase name="attributeTest[274]" classname="org.bitcoinj.utils.BtcFormatTest" time="0.0">
    <skipped/>
  </testcase>
  <testcase name="prefixTest[274]" classname="org.bitcoinj.utils.BtcFormatTest" time="0.001"/>
  <testcase name="suffixTest[274]" classname="org.bitcoinj.utils.BtcFormatTest" time="0.0">
    <skipped/>
  </testcase>
  <testcase name="autoDecimalTest[274]" classname="org.bitcoinj.utils.BtcFormatTest" time="0.001"/>
  <testcase name="symbolCollisionTest[274]" classname="org.bitcoinj.utils.BtcFormatTest" time="0.003"/>
  <testcase name="equalityTest[274]" classname="org.bitcoinj.utils.BtcFormatTest" time="0.002"/>
  <testcase name="columnAlignmentTest[274]" classname="org.bitcoinj.utils.BtcFormatTest" time="0.0"/>
  <testcase name="factoryTest[274]" classname="org.bitcoinj.utils.BtcFormatTest" time="0.0"/>
  <testcase name="parse[274]" classname="org.bitcoinj.utils.BtcFormatTest" time="0.001"/>
  <testcase name="btcRounding[274]" classname="org.bitcoinj.utils.BtcFormatTest" time="0.001"/>
  <testcase name="negativeTest[274]" classname="org.bitcoinj.utils.BtcFormatTest" time="0.0">
    <skipped/>
  </testcase>
  <testcase name="millicoinScaleTest[274]" classname="org.bitcoinj.utils.BtcFormatTest" time="0.001"/>
  <testcase name="toStringTest[274]" classname="org.bitcoinj.utils.BtcFormatTest" time="0.0">
    <skipped/>
  </testcase>
  <testcase name="testGrouping[274]" classname="org.bitcoinj.utils.BtcFormatTest" time="0.001"/>
  <testcase name="symbolsCodesTest[274]" classname="org.bitcoinj.utils.BtcFormatTest" time="0.001"/>
  <testcase name="defaultLocaleTest[274]" classname="org.bitcoinj.utils.BtcFormatTest" time="0.001"/>
  <testcase name="parsePositionTest[274]" classname="org.bitcoinj.utils.BtcFormatTest" time="0.0"/>
  <testcase name="argumentTypeTest[274]" classname="org.bitcoinj.utils.BtcFormatTest" time="0.0">
    <skipped/>
  </testcase>
  <testcase name="characterIteratorTest[274]" classname="org.bitcoinj.utils.BtcFormatTest" time="0.0"/>
  <testcase name="repeatingPlaceTest[274]" classname="org.bitcoinj.utils.BtcFormatTest" time="0.0"/>
  <testcase name="currencyCodeTest[274]" classname="org.bitcoinj.utils.BtcFormatTest" time="0.0">
    <skipped/>
  </testcase>
  <testcase name="patternDecimalPlaces[274]" classname="org.bitcoinj.utils.BtcFormatTest" time="0.0"/>
  <testcase name="factoryArgumentsTest[275]" classname="org.bitcoinj.utils.BtcFormatTest" time="0.001"/>
  <testcase name="parseTest[275]" classname="org.bitcoinj.utils.BtcFormatTest" time="0.0">
    <skipped/>
  </testcase>
  <testcase name="microcoinScaleTest[275]" classname="org.bitcoinj.utils.BtcFormatTest" time="0.0"/>
  <testcase name="parseMetricTest[275]" classname="org.bitcoinj.utils.BtcFormatTest" time="0.002"/>
  <testcase name="coinScaleTest[275]" classname="org.bitcoinj.utils.BtcFormatTest" time="0.001"/>
  <testcase name="builderTest[275]" classname="org.bitcoinj.utils.BtcFormatTest" time="0.0">
    <skipped/>
  </testcase>
  <testcase name="attributeTest[275]" classname="org.bitcoinj.utils.BtcFormatTest" time="0.0">
    <skipped/>
  </testcase>
  <testcase name="prefixTest[275]" classname="org.bitcoinj.utils.BtcFormatTest" time="0.0"/>
  <testcase name="suffixTest[275]" classname="org.bitcoinj.utils.BtcFormatTest" time="0.0">
    <skipped/>
  </testcase>
  <testcase name="autoDecimalTest[275]" classname="org.bitcoinj.utils.BtcFormatTest" time="0.004"/>
  <testcase name="symbolCollisionTest[275]" classname="org.bitcoinj.utils.BtcFormatTest" time="0.002"/>
  <testcase name="equalityTest[275]" classname="org.bitcoinj.utils.BtcFormatTest" time="0.003"/>
  <testcase name="columnAlignmentTest[275]" classname="org.bitcoinj.utils.BtcFormatTest" time="0.001"/>
  <testcase name="factoryTest[275]" classname="org.bitcoinj.utils.BtcFormatTest" time="0.001"/>
  <testcase name="parse[275]" classname="org.bitcoinj.utils.BtcFormatTest" time="0.0"/>
  <testcase name="btcRounding[275]" classname="org.bitcoinj.utils.BtcFormatTest" time="0.002"/>
  <testcase name="negativeTest[275]" classname="org.bitcoinj.utils.BtcFormatTest" time="0.0">
    <skipped/>
  </testcase>
  <testcase name="millicoinScaleTest[275]" classname="org.bitcoinj.utils.BtcFormatTest" time="0.0"/>
  <testcase name="toStringTest[275]" classname="org.bitcoinj.utils.BtcFormatTest" time="0.0">
    <skipped/>
  </testcase>
  <testcase name="testGrouping[275]" classname="org.bitcoinj.utils.BtcFormatTest" time="0.0"/>
  <testcase name="symbolsCodesTest[275]" classname="org.bitcoinj.utils.BtcFormatTest" time="0.001"/>
  <testcase name="defaultLocaleTest[275]" classname="org.bitcoinj.utils.BtcFormatTest" time="0.001"/>
  <testcase name="parsePositionTest[275]" classname="org.bitcoinj.utils.BtcFormatTest" time="0.0"/>
  <testcase name="argumentTypeTest[275]" classname="org.bitcoinj.utils.BtcFormatTest" time="0.0">
    <skipped/>
  </testcase>
  <testcase name="characterIteratorTest[275]" classname="org.bitcoinj.utils.BtcFormatTest" time="0.003"/>
  <testcase name="repeatingPlaceTest[275]" classname="org.bitcoinj.utils.BtcFormatTest" time="0.0"/>
  <testcase name="currencyCodeTest[275]" classname="org.bitcoinj.utils.BtcFormatTest" time="0.0">
    <skipped/>
  </testcase>
  <testcase name="patternDecimalPlaces[275]" classname="org.bitcoinj.utils.BtcFormatTest" time="0.0"/>
  <testcase name="factoryArgumentsTest[276]" classname="org.bitcoinj.utils.BtcFormatTest" time="0.002"/>
  <testcase name="parseTest[276]" classname="org.bitcoinj.utils.BtcFormatTest" time="0.0">
    <skipped/>
  </testcase>
  <testcase name="microcoinScaleTest[276]" classname="org.bitcoinj.utils.BtcFormatTest" time="0.0"/>
  <testcase name="parseMetricTest[276]" classname="org.bitcoinj.utils.BtcFormatTest" time="0.006"/>
  <testcase name="coinScaleTest[276]" classname="org.bitcoinj.utils.BtcFormatTest" time="0.0"/>
  <testcase name="builderTest[276]" classname="org.bitcoinj.utils.BtcFormatTest" time="0.0">
    <skipped/>
  </testcase>
  <testcase name="attributeTest[276]" classname="org.bitcoinj.utils.BtcFormatTest" time="0.0">
    <skipped/>
  </testcase>
  <testcase name="prefixTest[276]" classname="org.bitcoinj.utils.BtcFormatTest" time="0.001"/>
  <testcase name="suffixTest[276]" classname="org.bitcoinj.utils.BtcFormatTest" time="0.0">
    <skipped/>
  </testcase>
  <testcase name="autoDecimalTest[276]" classname="org.bitcoinj.utils.BtcFormatTest" time="0.002"/>
  <testcase name="symbolCollisionTest[276]" classname="org.bitcoinj.utils.BtcFormatTest" time="0.002"/>
  <testcase name="equalityTest[276]" classname="org.bitcoinj.utils.BtcFormatTest" time="0.004"/>
  <testcase name="columnAlignmentTest[276]" classname="org.bitcoinj.utils.BtcFormatTest" time="0.0"/>
  <testcase name="factoryTest[276]" classname="org.bitcoinj.utils.BtcFormatTest" time="0.001"/>
  <testcase name="parse[276]" classname="org.bitcoinj.utils.BtcFormatTest" time="0.0"/>
  <testcase name="btcRounding[276]" classname="org.bitcoinj.utils.BtcFormatTest" time="0.003"/>
  <testcase name="negativeTest[276]" classname="org.bitcoinj.utils.BtcFormatTest" time="0.0">
    <skipped/>
  </testcase>
  <testcase name="millicoinScaleTest[276]" classname="org.bitcoinj.utils.BtcFormatTest" time="0.001"/>
  <testcase name="toStringTest[276]" classname="org.bitcoinj.utils.BtcFormatTest" time="0.0">
    <skipped/>
  </testcase>
  <testcase name="testGrouping[276]" classname="org.bitcoinj.utils.BtcFormatTest" time="0.002"/>
  <testcase name="symbolsCodesTest[276]" classname="org.bitcoinj.utils.BtcFormatTest" time="0.002"/>
  <testcase name="defaultLocaleTest[276]" classname="org.bitcoinj.utils.BtcFormatTest" time="0.0"/>
  <testcase name="parsePositionTest[276]" classname="org.bitcoinj.utils.BtcFormatTest" time="0.0"/>
  <testcase name="argumentTypeTest[276]" classname="org.bitcoinj.utils.BtcFormatTest" time="0.0">
    <skipped/>
  </testcase>
  <testcase name="characterIteratorTest[276]" classname="org.bitcoinj.utils.BtcFormatTest" time="0.001"/>
  <testcase name="repeatingPlaceTest[276]" classname="org.bitcoinj.utils.BtcFormatTest" time="0.0"/>
  <testcase name="currencyCodeTest[276]" classname="org.bitcoinj.utils.BtcFormatTest" time="0.0">
    <skipped/>
  </testcase>
  <testcase name="patternDecimalPlaces[276]" classname="org.bitcoinj.utils.BtcFormatTest" time="0.0"/>
  <testcase name="factoryArgumentsTest[277]" classname="org.bitcoinj.utils.BtcFormatTest" time="0.002"/>
  <testcase name="parseTest[277]" classname="org.bitcoinj.utils.BtcFormatTest" time="0.0">
    <skipped/>
  </testcase>
  <testcase name="microcoinScaleTest[277]" classname="org.bitcoinj.utils.BtcFormatTest" time="0.001"/>
  <testcase name="parseMetricTest[277]" classname="org.bitcoinj.utils.BtcFormatTest" time="0.008"/>
  <testcase name="coinScaleTest[277]" classname="org.bitcoinj.utils.BtcFormatTest" time="0.0"/>
  <testcase name="builderTest[277]" classname="org.bitcoinj.utils.BtcFormatTest" time="0.0">
    <skipped/>
  </testcase>
  <testcase name="attributeTest[277]" classname="org.bitcoinj.utils.BtcFormatTest" time="0.0">
    <skipped/>
  </testcase>
  <testcase name="prefixTest[277]" classname="org.bitcoinj.utils.BtcFormatTest" time="0.0"/>
  <testcase name="suffixTest[277]" classname="org.bitcoinj.utils.BtcFormatTest" time="0.0">
    <skipped/>
  </testcase>
  <testcase name="autoDecimalTest[277]" classname="org.bitcoinj.utils.BtcFormatTest" time="0.002"/>
  <testcase name="symbolCollisionTest[277]" classname="org.bitcoinj.utils.BtcFormatTest" time="0.004"/>
  <testcase name="equalityTest[277]" classname="org.bitcoinj.utils.BtcFormatTest" time="0.005"/>
  <testcase name="columnAlignmentTest[277]" classname="org.bitcoinj.utils.BtcFormatTest" time="0.0"/>
  <testcase name="factoryTest[277]" classname="org.bitcoinj.utils.BtcFormatTest" time="0.001"/>
  <testcase name="parse[277]" classname="org.bitcoinj.utils.BtcFormatTest" time="0.0"/>
  <testcase name="btcRounding[277]" classname="org.bitcoinj.utils.BtcFormatTest" time="0.004"/>
  <testcase name="negativeTest[277]" classname="org.bitcoinj.utils.BtcFormatTest" time="0.0">
    <skipped/>
  </testcase>
  <testcase name="millicoinScaleTest[277]" classname="org.bitcoinj.utils.BtcFormatTest" time="0.001"/>
  <testcase name="toStringTest[277]" classname="org.bitcoinj.utils.BtcFormatTest" time="0.0">
    <skipped/>
  </testcase>
  <testcase name="testGrouping[277]" classname="org.bitcoinj.utils.BtcFormatTest" time="0.0"/>
  <testcase name="symbolsCodesTest[277]" classname="org.bitcoinj.utils.BtcFormatTest" time="0.0"/>
  <testcase name="defaultLocaleTest[277]" classname="org.bitcoinj.utils.BtcFormatTest" time="0.001"/>
  <testcase name="parsePositionTest[277]" classname="org.bitcoinj.utils.BtcFormatTest" time="0.0"/>
  <testcase name="argumentTypeTest[277]" classname="org.bitcoinj.utils.BtcFormatTest" time="0.0">
    <skipped/>
  </testcase>
  <testcase name="characterIteratorTest[277]" classname="org.bitcoinj.utils.BtcFormatTest" time="0.0"/>
  <testcase name="repeatingPlaceTest[277]" classname="org.bitcoinj.utils.BtcFormatTest" time="0.0"/>
  <testcase name="currencyCodeTest[277]" classname="org.bitcoinj.utils.BtcFormatTest" time="0.0">
    <skipped/>
  </testcase>
  <testcase name="patternDecimalPlaces[277]" classname="org.bitcoinj.utils.BtcFormatTest" time="0.001"/>
  <testcase name="factoryArgumentsTest[278]" classname="org.bitcoinj.utils.BtcFormatTest" time="0.001"/>
  <testcase name="parseTest[278]" classname="org.bitcoinj.utils.BtcFormatTest" time="0.0">
    <skipped/>
  </testcase>
  <testcase name="microcoinScaleTest[278]" classname="org.bitcoinj.utils.BtcFormatTest" time="0.0"/>
  <testcase name="parseMetricTest[278]" classname="org.bitcoinj.utils.BtcFormatTest" time="0.001"/>
  <testcase name="coinScaleTest[278]" classname="org.bitcoinj.utils.BtcFormatTest" time="0.0"/>
  <testcase name="builderTest[278]" classname="org.bitcoinj.utils.BtcFormatTest" time="0.0">
    <skipped/>
  </testcase>
  <testcase name="attributeTest[278]" classname="org.bitcoinj.utils.BtcFormatTest" time="0.0">
    <skipped/>
  </testcase>
  <testcase name="prefixTest[278]" classname="org.bitcoinj.utils.BtcFormatTest" time="0.0"/>
  <testcase name="suffixTest[278]" classname="org.bitcoinj.utils.BtcFormatTest" time="0.0">
    <skipped/>
  </testcase>
  <testcase name="autoDecimalTest[278]" classname="org.bitcoinj.utils.BtcFormatTest" time="0.001"/>
  <testcase name="symbolCollisionTest[278]" classname="org.bitcoinj.utils.BtcFormatTest" time="0.004"/>
  <testcase name="equalityTest[278]" classname="org.bitcoinj.utils.BtcFormatTest" time="0.004"/>
  <testcase name="columnAlignmentTest[278]" classname="org.bitcoinj.utils.BtcFormatTest" time="0.0"/>
  <testcase name="factoryTest[278]" classname="org.bitcoinj.utils.BtcFormatTest" time="0.001"/>
  <testcase name="parse[278]" classname="org.bitcoinj.utils.BtcFormatTest" time="0.0"/>
  <testcase name="btcRounding[278]" classname="org.bitcoinj.utils.BtcFormatTest" time="0.002"/>
  <testcase name="negativeTest[278]" classname="org.bitcoinj.utils.BtcFormatTest" time="0.0">
    <skipped/>
  </testcase>
  <testcase name="millicoinScaleTest[278]" classname="org.bitcoinj.utils.BtcFormatTest" time="0.0"/>
  <testcase name="toStringTest[278]" classname="org.bitcoinj.utils.BtcFormatTest" time="0.0">
    <skipped/>
  </testcase>
  <testcase name="testGrouping[278]" classname="org.bitcoinj.utils.BtcFormatTest" time="0.0"/>
  <testcase name="symbolsCodesTest[278]" classname="org.bitcoinj.utils.BtcFormatTest" time="0.001"/>
  <testcase name="defaultLocaleTest[278]" classname="org.bitcoinj.utils.BtcFormatTest" time="0.0"/>
  <testcase name="parsePositionTest[278]" classname="org.bitcoinj.utils.BtcFormatTest" time="0.001"/>
  <testcase name="argumentTypeTest[278]" classname="org.bitcoinj.utils.BtcFormatTest" time="0.0">
    <skipped/>
  </testcase>
  <testcase name="characterIteratorTest[278]" classname="org.bitcoinj.utils.BtcFormatTest" time="0.0"/>
  <testcase name="repeatingPlaceTest[278]" classname="org.bitcoinj.utils.BtcFormatTest" time="0.0"/>
  <testcase name="currencyCodeTest[278]" classname="org.bitcoinj.utils.BtcFormatTest" time="0.0">
    <skipped/>
  </testcase>
  <testcase name="patternDecimalPlaces[278]" classname="org.bitcoinj.utils.BtcFormatTest" time="0.0"/>
  <testcase name="factoryArgumentsTest[279]" classname="org.bitcoinj.utils.BtcFormatTest" time="0.001"/>
  <testcase name="parseTest[279]" classname="org.bitcoinj.utils.BtcFormatTest" time="0.0">
    <skipped/>
  </testcase>
  <testcase name="microcoinScaleTest[279]" classname="org.bitcoinj.utils.BtcFormatTest" time="0.0"/>
  <testcase name="parseMetricTest[279]" classname="org.bitcoinj.utils.BtcFormatTest" time="0.002"/>
  <testcase name="coinScaleTest[279]" classname="org.bitcoinj.utils.BtcFormatTest" time="0.0"/>
  <testcase name="builderTest[279]" classname="org.bitcoinj.utils.BtcFormatTest" time="0.0">
    <skipped/>
  </testcase>
  <testcase name="attributeTest[279]" classname="org.bitcoinj.utils.BtcFormatTest" time="0.0">
    <skipped/>
  </testcase>
  <testcase name="prefixTest[279]" classname="org.bitcoinj.utils.BtcFormatTest" time="0.0"/>
  <testcase name="suffixTest[279]" classname="org.bitcoinj.utils.BtcFormatTest" time="0.0">
    <skipped/>
  </testcase>
  <testcase name="autoDecimalTest[279]" classname="org.bitcoinj.utils.BtcFormatTest" time="0.001"/>
  <testcase name="symbolCollisionTest[279]" classname="org.bitcoinj.utils.BtcFormatTest" time="0.002"/>
  <testcase name="equalityTest[279]" classname="org.bitcoinj.utils.BtcFormatTest" time="0.003"/>
  <testcase name="columnAlignmentTest[279]" classname="org.bitcoinj.utils.BtcFormatTest" time="0.001"/>
  <testcase name="factoryTest[279]" classname="org.bitcoinj.utils.BtcFormatTest" time="0.0"/>
  <testcase name="parse[279]" classname="org.bitcoinj.utils.BtcFormatTest" time="0.001"/>
  <testcase name="btcRounding[279]" classname="org.bitcoinj.utils.BtcFormatTest" time="0.003"/>
  <testcase name="negativeTest[279]" classname="org.bitcoinj.utils.BtcFormatTest" time="0.0">
    <skipped/>
  </testcase>
  <testcase name="millicoinScaleTest[279]" classname="org.bitcoinj.utils.BtcFormatTest" time="0.001"/>
  <testcase name="toStringTest[279]" classname="org.bitcoinj.utils.BtcFormatTest" time="0.0">
    <skipped/>
  </testcase>
  <testcase name="testGrouping[279]" classname="org.bitcoinj.utils.BtcFormatTest" time="0.002"/>
  <testcase name="symbolsCodesTest[279]" classname="org.bitcoinj.utils.BtcFormatTest" time="0.001"/>
  <testcase name="defaultLocaleTest[279]" classname="org.bitcoinj.utils.BtcFormatTest" time="0.0"/>
  <testcase name="parsePositionTest[279]" classname="org.bitcoinj.utils.BtcFormatTest" time="0.0"/>
  <testcase name="argumentTypeTest[279]" classname="org.bitcoinj.utils.BtcFormatTest" time="0.0">
    <skipped/>
  </testcase>
  <testcase name="characterIteratorTest[279]" classname="org.bitcoinj.utils.BtcFormatTest" time="0.001"/>
  <testcase name="repeatingPlaceTest[279]" classname="org.bitcoinj.utils.BtcFormatTest" time="0.0"/>
  <testcase name="currencyCodeTest[279]" classname="org.bitcoinj.utils.BtcFormatTest" time="0.0">
    <skipped/>
  </testcase>
  <testcase name="patternDecimalPlaces[279]" classname="org.bitcoinj.utils.BtcFormatTest" time="0.0"/>
  <testcase name="factoryArgumentsTest[280]" classname="org.bitcoinj.utils.BtcFormatTest" time="0.003"/>
  <testcase name="parseTest[280]" classname="org.bitcoinj.utils.BtcFormatTest" time="0.0">
    <skipped/>
  </testcase>
  <testcase name="microcoinScaleTest[280]" classname="org.bitcoinj.utils.BtcFormatTest" time="0.0"/>
  <testcase name="parseMetricTest[280]" classname="org.bitcoinj.utils.BtcFormatTest" time="0.007"/>
  <testcase name="coinScaleTest[280]" classname="org.bitcoinj.utils.BtcFormatTest" time="0.0"/>
  <testcase name="builderTest[280]" classname="org.bitcoinj.utils.BtcFormatTest" time="0.001">
    <skipped/>
  </testcase>
  <testcase name="attributeTest[280]" classname="org.bitcoinj.utils.BtcFormatTest" time="0.0">
    <skipped/>
  </testcase>
  <testcase name="prefixTest[280]" classname="org.bitcoinj.utils.BtcFormatTest" time="0.001"/>
  <testcase name="suffixTest[280]" classname="org.bitcoinj.utils.BtcFormatTest" time="0.0">
    <skipped/>
  </testcase>
  <testcase name="autoDecimalTest[280]" classname="org.bitcoinj.utils.BtcFormatTest" time="0.002"/>
  <testcase name="symbolCollisionTest[280]" classname="org.bitcoinj.utils.BtcFormatTest" time="0.007"/>
  <testcase name="equalityTest[280]" classname="org.bitcoinj.utils.BtcFormatTest" time="0.004"/>
  <testcase name="columnAlignmentTest[280]" classname="org.bitcoinj.utils.BtcFormatTest" time="0.0"/>
  <testcase name="factoryTest[280]" classname="org.bitcoinj.utils.BtcFormatTest" time="0.0"/>
  <testcase name="parse[280]" classname="org.bitcoinj.utils.BtcFormatTest" time="0.003"/>
  <testcase name="btcRounding[280]" classname="org.bitcoinj.utils.BtcFormatTest" time="0.004"/>
  <testcase name="negativeTest[280]" classname="org.bitcoinj.utils.BtcFormatTest" time="0.0">
    <skipped/>
  </testcase>
  <testcase name="millicoinScaleTest[280]" classname="org.bitcoinj.utils.BtcFormatTest" time="0.0"/>
  <testcase name="toStringTest[280]" classname="org.bitcoinj.utils.BtcFormatTest" time="0.0">
    <skipped/>
  </testcase>
  <testcase name="testGrouping[280]" classname="org.bitcoinj.utils.BtcFormatTest" time="0.001"/>
  <testcase name="symbolsCodesTest[280]" classname="org.bitcoinj.utils.BtcFormatTest" time="0.004"/>
  <testcase name="defaultLocaleTest[280]" classname="org.bitcoinj.utils.BtcFormatTest" time="0.002"/>
  <testcase name="parsePositionTest[280]" classname="org.bitcoinj.utils.BtcFormatTest" time="0.0"/>
  <testcase name="argumentTypeTest[280]" classname="org.bitcoinj.utils.BtcFormatTest" time="0.0">
    <skipped/>
  </testcase>
  <testcase name="characterIteratorTest[280]" classname="org.bitcoinj.utils.BtcFormatTest" time="0.0"/>
  <testcase name="repeatingPlaceTest[280]" classname="org.bitcoinj.utils.BtcFormatTest" time="0.001"/>
  <testcase name="currencyCodeTest[280]" classname="org.bitcoinj.utils.BtcFormatTest" time="0.0">
    <skipped/>
  </testcase>
  <testcase name="patternDecimalPlaces[280]" classname="org.bitcoinj.utils.BtcFormatTest" time="0.0"/>
  <testcase name="factoryArgumentsTest[281]" classname="org.bitcoinj.utils.BtcFormatTest" time="0.002"/>
  <testcase name="parseTest[281]" classname="org.bitcoinj.utils.BtcFormatTest" time="0.0">
    <skipped/>
  </testcase>
  <testcase name="microcoinScaleTest[281]" classname="org.bitcoinj.utils.BtcFormatTest" time="0.0"/>
  <testcase name="parseMetricTest[281]" classname="org.bitcoinj.utils.BtcFormatTest" time="0.002"/>
  <testcase name="coinScaleTest[281]" classname="org.bitcoinj.utils.BtcFormatTest" time="0.0"/>
  <testcase name="builderTest[281]" classname="org.bitcoinj.utils.BtcFormatTest" time="0.0">
    <skipped/>
  </testcase>
  <testcase name="attributeTest[281]" classname="org.bitcoinj.utils.BtcFormatTest" time="0.0">
    <skipped/>
  </testcase>
  <testcase name="prefixTest[281]" classname="org.bitcoinj.utils.BtcFormatTest" time="0.001"/>
  <testcase name="suffixTest[281]" classname="org.bitcoinj.utils.BtcFormatTest" time="0.0">
    <skipped/>
  </testcase>
  <testcase name="autoDecimalTest[281]" classname="org.bitcoinj.utils.BtcFormatTest" time="0.003"/>
  <testcase name="symbolCollisionTest[281]" classname="org.bitcoinj.utils.BtcFormatTest" time="0.003"/>
  <testcase name="equalityTest[281]" classname="org.bitcoinj.utils.BtcFormatTest" time="0.004"/>
  <testcase name="columnAlignmentTest[281]" classname="org.bitcoinj.utils.BtcFormatTest" time="0.0"/>
  <testcase name="factoryTest[281]" classname="org.bitcoinj.utils.BtcFormatTest" time="0.0"/>
  <testcase name="parse[281]" classname="org.bitcoinj.utils.BtcFormatTest" time="0.0"/>
  <testcase name="btcRounding[281]" classname="org.bitcoinj.utils.BtcFormatTest" time="0.001"/>
  <testcase name="negativeTest[281]" classname="org.bitcoinj.utils.BtcFormatTest" time="0.0">
    <skipped/>
  </testcase>
  <testcase name="millicoinScaleTest[281]" classname="org.bitcoinj.utils.BtcFormatTest" time="0.0"/>
  <testcase name="toStringTest[281]" classname="org.bitcoinj.utils.BtcFormatTest" time="0.0">
    <skipped/>
  </testcase>
  <testcase name="testGrouping[281]" classname="org.bitcoinj.utils.BtcFormatTest" time="0.001"/>
  <testcase name="symbolsCodesTest[281]" classname="org.bitcoinj.utils.BtcFormatTest" time="0.0"/>
  <testcase name="defaultLocaleTest[281]" classname="org.bitcoinj.utils.BtcFormatTest" time="0.001"/>
  <testcase name="parsePositionTest[281]" classname="org.bitcoinj.utils.BtcFormatTest" time="0.0"/>
  <testcase name="argumentTypeTest[281]" classname="org.bitcoinj.utils.BtcFormatTest" time="0.0">
    <skipped/>
  </testcase>
  <testcase name="characterIteratorTest[281]" classname="org.bitcoinj.utils.BtcFormatTest" time="0.0"/>
  <testcase name="repeatingPlaceTest[281]" classname="org.bitcoinj.utils.BtcFormatTest" time="0.001"/>
  <testcase name="currencyCodeTest[281]" classname="org.bitcoinj.utils.BtcFormatTest" time="0.0">
    <skipped/>
  </testcase>
  <testcase name="patternDecimalPlaces[281]" classname="org.bitcoinj.utils.BtcFormatTest" time="0.0"/>
  <testcase name="factoryArgumentsTest[282]" classname="org.bitcoinj.utils.BtcFormatTest" time="0.002"/>
  <testcase name="parseTest[282]" classname="org.bitcoinj.utils.BtcFormatTest" time="0.0">
    <skipped/>
  </testcase>
  <testcase name="microcoinScaleTest[282]" classname="org.bitcoinj.utils.BtcFormatTest" time="0.001"/>
  <testcase name="parseMetricTest[282]" classname="org.bitcoinj.utils.BtcFormatTest" time="0.001"/>
  <testcase name="coinScaleTest[282]" classname="org.bitcoinj.utils.BtcFormatTest" time="0.0"/>
  <testcase name="builderTest[282]" classname="org.bitcoinj.utils.BtcFormatTest" time="0.0">
    <skipped/>
  </testcase>
  <testcase name="attributeTest[282]" classname="org.bitcoinj.utils.BtcFormatTest" time="0.0">
    <skipped/>
  </testcase>
  <testcase name="prefixTest[282]" classname="org.bitcoinj.utils.BtcFormatTest" time="0.0"/>
  <testcase name="suffixTest[282]" classname="org.bitcoinj.utils.BtcFormatTest" time="0.0">
    <skipped/>
  </testcase>
  <testcase name="autoDecimalTest[282]" classname="org.bitcoinj.utils.BtcFormatTest" time="0.001"/>
  <testcase name="symbolCollisionTest[282]" classname="org.bitcoinj.utils.BtcFormatTest" time="0.002"/>
  <testcase name="equalityTest[282]" classname="org.bitcoinj.utils.BtcFormatTest" time="0.001"/>
  <testcase name="columnAlignmentTest[282]" classname="org.bitcoinj.utils.BtcFormatTest" time="0.0"/>
  <testcase name="factoryTest[282]" classname="org.bitcoinj.utils.BtcFormatTest" time="0.0"/>
  <testcase name="parse[282]" classname="org.bitcoinj.utils.BtcFormatTest" time="0.0"/>
  <testcase name="btcRounding[282]" classname="org.bitcoinj.utils.BtcFormatTest" time="0.002"/>
  <testcase name="negativeTest[282]" classname="org.bitcoinj.utils.BtcFormatTest" time="0.0">
    <skipped/>
  </testcase>
  <testcase name="millicoinScaleTest[282]" classname="org.bitcoinj.utils.BtcFormatTest" time="0.0"/>
  <testcase name="toStringTest[282]" classname="org.bitcoinj.utils.BtcFormatTest" time="0.0">
    <skipped/>
  </testcase>
  <testcase name="testGrouping[282]" classname="org.bitcoinj.utils.BtcFormatTest" time="0.0"/>
  <testcase name="symbolsCodesTest[282]" classname="org.bitcoinj.utils.BtcFormatTest" time="0.001"/>
  <testcase name="defaultLocaleTest[282]" classname="org.bitcoinj.utils.BtcFormatTest" time="0.0"/>
  <testcase name="parsePositionTest[282]" classname="org.bitcoinj.utils.BtcFormatTest" time="0.0"/>
  <testcase name="argumentTypeTest[282]" classname="org.bitcoinj.utils.BtcFormatTest" time="0.0">
    <skipped/>
  </testcase>
  <testcase name="characterIteratorTest[282]" classname="org.bitcoinj.utils.BtcFormatTest" time="0.0"/>
  <testcase name="repeatingPlaceTest[282]" classname="org.bitcoinj.utils.BtcFormatTest" time="0.001"/>
  <testcase name="currencyCodeTest[282]" classname="org.bitcoinj.utils.BtcFormatTest" time="0.0">
    <skipped/>
  </testcase>
  <testcase name="patternDecimalPlaces[282]" classname="org.bitcoinj.utils.BtcFormatTest" time="0.0"/>
  <testcase name="factoryArgumentsTest[283]" classname="org.bitcoinj.utils.BtcFormatTest" time="0.001"/>
  <testcase name="parseTest[283]" classname="org.bitcoinj.utils.BtcFormatTest" time="0.0">
    <skipped/>
  </testcase>
  <testcase name="microcoinScaleTest[283]" classname="org.bitcoinj.utils.BtcFormatTest" time="0.0"/>
  <testcase name="parseMetricTest[283]" classname="org.bitcoinj.utils.BtcFormatTest" time="0.002"/>
  <testcase name="coinScaleTest[283]" classname="org.bitcoinj.utils.BtcFormatTest" time="0.0"/>
  <testcase name="builderTest[283]" classname="org.bitcoinj.utils.BtcFormatTest" time="0.0">
    <skipped/>
  </testcase>
  <testcase name="attributeTest[283]" classname="org.bitcoinj.utils.BtcFormatTest" time="0.0">
    <skipped/>
  </testcase>
  <testcase name="prefixTest[283]" classname="org.bitcoinj.utils.BtcFormatTest" time="0.0"/>
  <testcase name="suffixTest[283]" classname="org.bitcoinj.utils.BtcFormatTest" time="0.0">
    <skipped/>
  </testcase>
  <testcase name="autoDecimalTest[283]" classname="org.bitcoinj.utils.BtcFormatTest" time="0.001"/>
  <testcase name="symbolCollisionTest[283]" classname="org.bitcoinj.utils.BtcFormatTest" time="0.002"/>
  <testcase name="equalityTest[283]" classname="org.bitcoinj.utils.BtcFormatTest" time="0.002"/>
  <testcase name="columnAlignmentTest[283]" classname="org.bitcoinj.utils.BtcFormatTest" time="0.001"/>
  <testcase name="factoryTest[283]" classname="org.bitcoinj.utils.BtcFormatTest" time="0.0"/>
  <testcase name="parse[283]" classname="org.bitcoinj.utils.BtcFormatTest" time="0.0"/>
  <testcase name="btcRounding[283]" classname="org.bitcoinj.utils.BtcFormatTest" time="0.001"/>
  <testcase name="negativeTest[283]" classname="org.bitcoinj.utils.BtcFormatTest" time="0.0">
    <skipped/>
  </testcase>
  <testcase name="millicoinScaleTest[283]" classname="org.bitcoinj.utils.BtcFormatTest" time="0.0"/>
  <testcase name="toStringTest[283]" classname="org.bitcoinj.utils.BtcFormatTest" time="0.0">
    <skipped/>
  </testcase>
  <testcase name="testGrouping[283]" classname="org.bitcoinj.utils.BtcFormatTest" time="0.0"/>
  <testcase name="symbolsCodesTest[283]" classname="org.bitcoinj.utils.BtcFormatTest" time="0.001"/>
  <testcase name="defaultLocaleTest[283]" classname="org.bitcoinj.utils.BtcFormatTest" time="0.0"/>
  <testcase name="parsePositionTest[283]" classname="org.bitcoinj.utils.BtcFormatTest" time="0.001"/>
  <testcase name="argumentTypeTest[283]" classname="org.bitcoinj.utils.BtcFormatTest" time="0.0">
    <skipped/>
  </testcase>
  <testcase name="characterIteratorTest[283]" classname="org.bitcoinj.utils.BtcFormatTest" time="0.0"/>
  <testcase name="repeatingPlaceTest[283]" classname="org.bitcoinj.utils.BtcFormatTest" time="0.0"/>
  <testcase name="currencyCodeTest[283]" classname="org.bitcoinj.utils.BtcFormatTest" time="0.0">
    <skipped/>
  </testcase>
  <testcase name="patternDecimalPlaces[283]" classname="org.bitcoinj.utils.BtcFormatTest" time="0.0"/>
  <testcase name="factoryArgumentsTest[284]" classname="org.bitcoinj.utils.BtcFormatTest" time="0.001"/>
  <testcase name="parseTest[284]" classname="org.bitcoinj.utils.BtcFormatTest" time="0.0">
    <skipped/>
  </testcase>
  <testcase name="microcoinScaleTest[284]" classname="org.bitcoinj.utils.BtcFormatTest" time="0.0"/>
  <testcase name="parseMetricTest[284]" classname="org.bitcoinj.utils.BtcFormatTest" time="0.001"/>
  <testcase name="coinScaleTest[284]" classname="org.bitcoinj.utils.BtcFormatTest" time="0.001"/>
  <testcase name="builderTest[284]" classname="org.bitcoinj.utils.BtcFormatTest" time="0.0">
    <skipped/>
  </testcase>
  <testcase name="attributeTest[284]" classname="org.bitcoinj.utils.BtcFormatTest" time="0.0">
    <skipped/>
  </testcase>
  <testcase name="prefixTest[284]" classname="org.bitcoinj.utils.BtcFormatTest" time="0.0"/>
  <testcase name="suffixTest[284]" classname="org.bitcoinj.utils.BtcFormatTest" time="0.0">
    <skipped/>
  </testcase>
  <testcase name="autoDecimalTest[284]" classname="org.bitcoinj.utils.BtcFormatTest" time="0.002"/>
  <testcase name="symbolCollisionTest[284]" classname="org.bitcoinj.utils.BtcFormatTest" time="0.002"/>
  <testcase name="equalityTest[284]" classname="org.bitcoinj.utils.BtcFormatTest" time="0.002"/>
  <testcase name="columnAlignmentTest[284]" classname="org.bitcoinj.utils.BtcFormatTest" time="0.0"/>
  <testcase name="factoryTest[284]" classname="org.bitcoinj.utils.BtcFormatTest" time="0.001"/>
  <testcase name="parse[284]" classname="org.bitcoinj.utils.BtcFormatTest" time="0.0"/>
  <testcase name="btcRounding[284]" classname="org.bitcoinj.utils.BtcFormatTest" time="0.001"/>
  <testcase name="negativeTest[284]" classname="org.bitcoinj.utils.BtcFormatTest" time="0.0">
    <skipped/>
  </testcase>
  <testcase name="millicoinScaleTest[284]" classname="org.bitcoinj.utils.BtcFormatTest" time="0.001"/>
  <testcase name="toStringTest[284]" classname="org.bitcoinj.utils.BtcFormatTest" time="0.0">
    <skipped/>
  </testcase>
  <testcase name="testGrouping[284]" classname="org.bitcoinj.utils.BtcFormatTest" time="0.0"/>
  <testcase name="symbolsCodesTest[284]" classname="org.bitcoinj.utils.BtcFormatTest" time="0.0"/>
  <testcase name="defaultLocaleTest[284]" classname="org.bitcoinj.utils.BtcFormatTest" time="0.0"/>
  <testcase name="parsePositionTest[284]" classname="org.bitcoinj.utils.BtcFormatTest" time="0.0"/>
  <testcase name="argumentTypeTest[284]" classname="org.bitcoinj.utils.BtcFormatTest" time="0.0">
    <skipped/>
  </testcase>
  <testcase name="characterIteratorTest[284]" classname="org.bitcoinj.utils.BtcFormatTest" time="0.0"/>
  <testcase name="repeatingPlaceTest[284]" classname="org.bitcoinj.utils.BtcFormatTest" time="0.001"/>
  <testcase name="currencyCodeTest[284]" classname="org.bitcoinj.utils.BtcFormatTest" time="0.0">
    <skipped/>
  </testcase>
  <testcase name="patternDecimalPlaces[284]" classname="org.bitcoinj.utils.BtcFormatTest" time="0.0"/>
  <testcase name="factoryArgumentsTest[285]" classname="org.bitcoinj.utils.BtcFormatTest" time="0.001"/>
  <testcase name="parseTest[285]" classname="org.bitcoinj.utils.BtcFormatTest" time="0.0">
    <skipped/>
  </testcase>
  <testcase name="microcoinScaleTest[285]" classname="org.bitcoinj.utils.BtcFormatTest" time="0.0"/>
  <testcase name="parseMetricTest[285]" classname="org.bitcoinj.utils.BtcFormatTest" time="0.001"/>
  <testcase name="coinScaleTest[285]" classname="org.bitcoinj.utils.BtcFormatTest" time="0.0"/>
  <testcase name="builderTest[285]" classname="org.bitcoinj.utils.BtcFormatTest" time="0.0">
    <skipped/>
  </testcase>
  <testcase name="attributeTest[285]" classname="org.bitcoinj.utils.BtcFormatTest" time="0.0">
    <skipped/>
  </testcase>
  <testcase name="prefixTest[285]" classname="org.bitcoinj.utils.BtcFormatTest" time="0.001"/>
  <testcase name="suffixTest[285]" classname="org.bitcoinj.utils.BtcFormatTest" time="0.0">
    <skipped/>
  </testcase>
  <testcase name="autoDecimalTest[285]" classname="org.bitcoinj.utils.BtcFormatTest" time="0.0"/>
  <testcase name="symbolCollisionTest[285]" classname="org.bitcoinj.utils.BtcFormatTest" time="0.002"/>
  <testcase name="equalityTest[285]" classname="org.bitcoinj.utils.BtcFormatTest" time="0.002"/>
  <testcase name="columnAlignmentTest[285]" classname="org.bitcoinj.utils.BtcFormatTest" time="0.0"/>
  <testcase name="factoryTest[285]" classname="org.bitcoinj.utils.BtcFormatTest" time="0.0"/>
  <testcase name="parse[285]" classname="org.bitcoinj.utils.BtcFormatTest" time="0.0"/>
  <testcase name="btcRounding[285]" classname="org.bitcoinj.utils.BtcFormatTest" time="0.002"/>
  <testcase name="negativeTest[285]" classname="org.bitcoinj.utils.BtcFormatTest" time="0.0">
    <skipped/>
  </testcase>
  <testcase name="millicoinScaleTest[285]" classname="org.bitcoinj.utils.BtcFormatTest" time="0.0"/>
  <testcase name="toStringTest[285]" classname="org.bitcoinj.utils.BtcFormatTest" time="0.0">
    <skipped/>
  </testcase>
  <testcase name="testGrouping[285]" classname="org.bitcoinj.utils.BtcFormatTest" time="0.0"/>
  <testcase name="symbolsCodesTest[285]" classname="org.bitcoinj.utils.BtcFormatTest" time="0.001"/>
  <testcase name="defaultLocaleTest[285]" classname="org.bitcoinj.utils.BtcFormatTest" time="0.0"/>
  <testcase name="parsePositionTest[285]" classname="org.bitcoinj.utils.BtcFormatTest" time="0.001"/>
  <testcase name="argumentTypeTest[285]" classname="org.bitcoinj.utils.BtcFormatTest" time="0.0">
    <skipped/>
  </testcase>
  <testcase name="characterIteratorTest[285]" classname="org.bitcoinj.utils.BtcFormatTest" time="0.0"/>
  <testcase name="repeatingPlaceTest[285]" classname="org.bitcoinj.utils.BtcFormatTest" time="0.0"/>
  <testcase name="currencyCodeTest[285]" classname="org.bitcoinj.utils.BtcFormatTest" time="0.0">
    <skipped/>
  </testcase>
  <testcase name="patternDecimalPlaces[285]" classname="org.bitcoinj.utils.BtcFormatTest" time="0.0"/>
  <testcase name="factoryArgumentsTest[286]" classname="org.bitcoinj.utils.BtcFormatTest" time="0.001"/>
  <testcase name="parseTest[286]" classname="org.bitcoinj.utils.BtcFormatTest" time="0.0">
    <skipped/>
  </testcase>
  <testcase name="microcoinScaleTest[286]" classname="org.bitcoinj.utils.BtcFormatTest" time="0.0"/>
  <testcase name="parseMetricTest[286]" classname="org.bitcoinj.utils.BtcFormatTest" time="0.007"/>
  <testcase name="coinScaleTest[286]" classname="org.bitcoinj.utils.BtcFormatTest" time="0.0"/>
  <testcase name="builderTest[286]" classname="org.bitcoinj.utils.BtcFormatTest" time="0.0">
    <skipped/>
  </testcase>
  <testcase name="attributeTest[286]" classname="org.bitcoinj.utils.BtcFormatTest" time="0.0">
    <skipped/>
  </testcase>
  <testcase name="prefixTest[286]" classname="org.bitcoinj.utils.BtcFormatTest" time="0.0"/>
  <testcase name="suffixTest[286]" classname="org.bitcoinj.utils.BtcFormatTest" time="0.0">
    <skipped/>
  </testcase>
  <testcase name="autoDecimalTest[286]" classname="org.bitcoinj.utils.BtcFormatTest" time="0.001"/>
  <testcase name="symbolCollisionTest[286]" classname="org.bitcoinj.utils.BtcFormatTest" time="0.002"/>
  <testcase name="equalityTest[286]" classname="org.bitcoinj.utils.BtcFormatTest" time="0.002"/>
  <testcase name="columnAlignmentTest[286]" classname="org.bitcoinj.utils.BtcFormatTest" time="0.0"/>
  <testcase name="factoryTest[286]" classname="org.bitcoinj.utils.BtcFormatTest" time="0.0"/>
  <testcase name="parse[286]" classname="org.bitcoinj.utils.BtcFormatTest" time="0.0"/>
  <testcase name="btcRounding[286]" classname="org.bitcoinj.utils.BtcFormatTest" time="0.001"/>
  <testcase name="negativeTest[286]" classname="org.bitcoinj.utils.BtcFormatTest" time="0.0">
    <skipped/>
  </testcase>
  <testcase name="millicoinScaleTest[286]" classname="org.bitcoinj.utils.BtcFormatTest" time="0.0"/>
  <testcase name="toStringTest[286]" classname="org.bitcoinj.utils.BtcFormatTest" time="0.0">
    <skipped/>
  </testcase>
  <testcase name="testGrouping[286]" classname="org.bitcoinj.utils.BtcFormatTest" time="0.0"/>
  <testcase name="symbolsCodesTest[286]" classname="org.bitcoinj.utils.BtcFormatTest" time="0.001"/>
  <testcase name="defaultLocaleTest[286]" classname="org.bitcoinj.utils.BtcFormatTest" time="0.0"/>
  <testcase name="parsePositionTest[286]" classname="org.bitcoinj.utils.BtcFormatTest" time="0.001"/>
  <testcase name="argumentTypeTest[286]" classname="org.bitcoinj.utils.BtcFormatTest" time="0.0">
    <skipped/>
  </testcase>
  <testcase name="characterIteratorTest[286]" classname="org.bitcoinj.utils.BtcFormatTest" time="0.0"/>
  <testcase name="repeatingPlaceTest[286]" classname="org.bitcoinj.utils.BtcFormatTest" time="0.0"/>
  <testcase name="currencyCodeTest[286]" classname="org.bitcoinj.utils.BtcFormatTest" time="0.0">
    <skipped/>
  </testcase>
  <testcase name="patternDecimalPlaces[286]" classname="org.bitcoinj.utils.BtcFormatTest" time="0.0"/>
  <testcase name="factoryArgumentsTest[287]" classname="org.bitcoinj.utils.BtcFormatTest" time="0.002"/>
  <testcase name="parseTest[287]" classname="org.bitcoinj.utils.BtcFormatTest" time="0.0">
    <skipped/>
  </testcase>
  <testcase name="microcoinScaleTest[287]" classname="org.bitcoinj.utils.BtcFormatTest" time="0.0"/>
  <testcase name="parseMetricTest[287]" classname="org.bitcoinj.utils.BtcFormatTest" time="0.002"/>
  <testcase name="coinScaleTest[287]" classname="org.bitcoinj.utils.BtcFormatTest" time="0.002"/>
  <testcase name="builderTest[287]" classname="org.bitcoinj.utils.BtcFormatTest" time="0.0">
    <skipped/>
  </testcase>
  <testcase name="attributeTest[287]" classname="org.bitcoinj.utils.BtcFormatTest" time="0.0">
    <skipped/>
  </testcase>
  <testcase name="prefixTest[287]" classname="org.bitcoinj.utils.BtcFormatTest" time="0.001"/>
  <testcase name="suffixTest[287]" classname="org.bitcoinj.utils.BtcFormatTest" time="0.0">
    <skipped/>
  </testcase>
  <testcase name="autoDecimalTest[287]" classname="org.bitcoinj.utils.BtcFormatTest" time="0.0"/>
  <testcase name="symbolCollisionTest[287]" classname="org.bitcoinj.utils.BtcFormatTest" time="0.003"/>
  <testcase name="equalityTest[287]" classname="org.bitcoinj.utils.BtcFormatTest" time="0.003"/>
  <testcase name="columnAlignmentTest[287]" classname="org.bitcoinj.utils.BtcFormatTest" time="0.0"/>
  <testcase name="factoryTest[287]" classname="org.bitcoinj.utils.BtcFormatTest" time="0.001"/>
  <testcase name="parse[287]" classname="org.bitcoinj.utils.BtcFormatTest" time="0.0"/>
  <testcase name="btcRounding[287]" classname="org.bitcoinj.utils.BtcFormatTest" time="0.002"/>
  <testcase name="negativeTest[287]" classname="org.bitcoinj.utils.BtcFormatTest" time="0.0">
    <skipped/>
  </testcase>
  <testcase name="millicoinScaleTest[287]" classname="org.bitcoinj.utils.BtcFormatTest" time="0.0"/>
  <testcase name="toStringTest[287]" classname="org.bitcoinj.utils.BtcFormatTest" time="0.0">
    <skipped/>
  </testcase>
  <testcase name="testGrouping[287]" classname="org.bitcoinj.utils.BtcFormatTest" time="0.0"/>
  <testcase name="symbolsCodesTest[287]" classname="org.bitcoinj.utils.BtcFormatTest" time="0.001"/>
  <testcase name="defaultLocaleTest[287]" classname="org.bitcoinj.utils.BtcFormatTest" time="0.0"/>
  <testcase name="parsePositionTest[287]" classname="org.bitcoinj.utils.BtcFormatTest" time="0.001"/>
  <testcase name="argumentTypeTest[287]" classname="org.bitcoinj.utils.BtcFormatTest" time="0.0">
    <skipped/>
  </testcase>
  <testcase name="characterIteratorTest[287]" classname="org.bitcoinj.utils.BtcFormatTest" time="0.001"/>
  <testcase name="repeatingPlaceTest[287]" classname="org.bitcoinj.utils.BtcFormatTest" time="0.0"/>
  <testcase name="currencyCodeTest[287]" classname="org.bitcoinj.utils.BtcFormatTest" time="0.0">
    <skipped/>
  </testcase>
  <testcase name="patternDecimalPlaces[287]" classname="org.bitcoinj.utils.BtcFormatTest" time="0.0"/>
  <testcase name="factoryArgumentsTest[288]" classname="org.bitcoinj.utils.BtcFormatTest" time="0.002"/>
  <testcase name="parseTest[288]" classname="org.bitcoinj.utils.BtcFormatTest" time="0.0">
    <skipped/>
  </testcase>
  <testcase name="microcoinScaleTest[288]" classname="org.bitcoinj.utils.BtcFormatTest" time="0.0"/>
  <testcase name="parseMetricTest[288]" classname="org.bitcoinj.utils.BtcFormatTest" time="0.002"/>
  <testcase name="coinScaleTest[288]" classname="org.bitcoinj.utils.BtcFormatTest" time="0.0"/>
  <testcase name="builderTest[288]" classname="org.bitcoinj.utils.BtcFormatTest" time="0.0">
    <skipped/>
  </testcase>
  <testcase name="attributeTest[288]" classname="org.bitcoinj.utils.BtcFormatTest" time="0.0">
    <skipped/>
  </testcase>
  <testcase name="prefixTest[288]" classname="org.bitcoinj.utils.BtcFormatTest" time="0.001"/>
  <testcase name="suffixTest[288]" classname="org.bitcoinj.utils.BtcFormatTest" time="0.0">
    <skipped/>
  </testcase>
  <testcase name="autoDecimalTest[288]" classname="org.bitcoinj.utils.BtcFormatTest" time="0.001"/>
  <testcase name="symbolCollisionTest[288]" classname="org.bitcoinj.utils.BtcFormatTest" time="0.003"/>
  <testcase name="equalityTest[288]" classname="org.bitcoinj.utils.BtcFormatTest" time="0.004"/>
  <testcase name="columnAlignmentTest[288]" classname="org.bitcoinj.utils.BtcFormatTest" time="0.0"/>
  <testcase name="factoryTest[288]" classname="org.bitcoinj.utils.BtcFormatTest" time="0.001"/>
  <testcase name="parse[288]" classname="org.bitcoinj.utils.BtcFormatTest" time="0.0"/>
  <testcase name="btcRounding[288]" classname="org.bitcoinj.utils.BtcFormatTest" time="0.001"/>
  <testcase name="negativeTest[288]" classname="org.bitcoinj.utils.BtcFormatTest" time="0.0">
    <skipped/>
  </testcase>
  <testcase name="millicoinScaleTest[288]" classname="org.bitcoinj.utils.BtcFormatTest" time="0.0"/>
  <testcase name="toStringTest[288]" classname="org.bitcoinj.utils.BtcFormatTest" time="0.001">
    <skipped/>
  </testcase>
  <testcase name="testGrouping[288]" classname="org.bitcoinj.utils.BtcFormatTest" time="0.0"/>
  <testcase name="symbolsCodesTest[288]" classname="org.bitcoinj.utils.BtcFormatTest" time="0.002"/>
  <testcase name="defaultLocaleTest[288]" classname="org.bitcoinj.utils.BtcFormatTest" time="0.0"/>
  <testcase name="parsePositionTest[288]" classname="org.bitcoinj.utils.BtcFormatTest" time="0.0"/>
  <testcase name="argumentTypeTest[288]" classname="org.bitcoinj.utils.BtcFormatTest" time="0.0">
    <skipped/>
  </testcase>
  <testcase name="characterIteratorTest[288]" classname="org.bitcoinj.utils.BtcFormatTest" time="0.001"/>
  <testcase name="repeatingPlaceTest[288]" classname="org.bitcoinj.utils.BtcFormatTest" time="0.0"/>
  <testcase name="currencyCodeTest[288]" classname="org.bitcoinj.utils.BtcFormatTest" time="0.0">
    <skipped/>
  </testcase>
  <testcase name="patternDecimalPlaces[288]" classname="org.bitcoinj.utils.BtcFormatTest" time="0.0"/>
  <testcase name="factoryArgumentsTest[289]" classname="org.bitcoinj.utils.BtcFormatTest" time="0.002"/>
  <testcase name="parseTest[289]" classname="org.bitcoinj.utils.BtcFormatTest" time="0.0">
    <skipped/>
  </testcase>
  <testcase name="microcoinScaleTest[289]" classname="org.bitcoinj.utils.BtcFormatTest" time="0.0"/>
  <testcase name="parseMetricTest[289]" classname="org.bitcoinj.utils.BtcFormatTest" time="0.001"/>
  <testcase name="coinScaleTest[289]" classname="org.bitcoinj.utils.BtcFormatTest" time="0.0"/>
  <testcase name="builderTest[289]" classname="org.bitcoinj.utils.BtcFormatTest" time="0.0">
    <skipped/>
  </testcase>
  <testcase name="attributeTest[289]" classname="org.bitcoinj.utils.BtcFormatTest" time="0.0">
    <skipped/>
  </testcase>
  <testcase name="prefixTest[289]" classname="org.bitcoinj.utils.BtcFormatTest" time="0.001"/>
  <testcase name="suffixTest[289]" classname="org.bitcoinj.utils.BtcFormatTest" time="0.0">
    <skipped/>
  </testcase>
  <testcase name="autoDecimalTest[289]" classname="org.bitcoinj.utils.BtcFormatTest" time="0.001"/>
  <testcase name="symbolCollisionTest[289]" classname="org.bitcoinj.utils.BtcFormatTest" time="0.006"/>
  <testcase name="equalityTest[289]" classname="org.bitcoinj.utils.BtcFormatTest" time="0.002"/>
  <testcase name="columnAlignmentTest[289]" classname="org.bitcoinj.utils.BtcFormatTest" time="0.0"/>
  <testcase name="factoryTest[289]" classname="org.bitcoinj.utils.BtcFormatTest" time="0.001"/>
  <testcase name="parse[289]" classname="org.bitcoinj.utils.BtcFormatTest" time="0.0"/>
  <testcase name="btcRounding[289]" classname="org.bitcoinj.utils.BtcFormatTest" time="0.001"/>
  <testcase name="negativeTest[289]" classname="org.bitcoinj.utils.BtcFormatTest" time="0.0">
    <skipped/>
  </testcase>
  <testcase name="millicoinScaleTest[289]" classname="org.bitcoinj.utils.BtcFormatTest" time="0.0"/>
  <testcase name="toStringTest[289]" classname="org.bitcoinj.utils.BtcFormatTest" time="0.0">
    <skipped/>
  </testcase>
  <testcase name="testGrouping[289]" classname="org.bitcoinj.utils.BtcFormatTest" time="0.0"/>
  <testcase name="symbolsCodesTest[289]" classname="org.bitcoinj.utils.BtcFormatTest" time="0.001"/>
  <testcase name="defaultLocaleTest[289]" classname="org.bitcoinj.utils.BtcFormatTest" time="0.0"/>
  <testcase name="parsePositionTest[289]" classname="org.bitcoinj.utils.BtcFormatTest" time="0.0"/>
  <testcase name="argumentTypeTest[289]" classname="org.bitcoinj.utils.BtcFormatTest" time="0.0">
    <skipped/>
  </testcase>
  <testcase name="characterIteratorTest[289]" classname="org.bitcoinj.utils.BtcFormatTest" time="0.001"/>
  <testcase name="repeatingPlaceTest[289]" classname="org.bitcoinj.utils.BtcFormatTest" time="0.0"/>
  <testcase name="currencyCodeTest[289]" classname="org.bitcoinj.utils.BtcFormatTest" time="0.0">
    <skipped/>
  </testcase>
  <testcase name="patternDecimalPlaces[289]" classname="org.bitcoinj.utils.BtcFormatTest" time="0.0"/>
  <testcase name="factoryArgumentsTest[290]" classname="org.bitcoinj.utils.BtcFormatTest" time="0.002"/>
  <testcase name="parseTest[290]" classname="org.bitcoinj.utils.BtcFormatTest" time="0.0">
    <skipped/>
  </testcase>
  <testcase name="microcoinScaleTest[290]" classname="org.bitcoinj.utils.BtcFormatTest" time="0.0"/>
  <testcase name="parseMetricTest[290]" classname="org.bitcoinj.utils.BtcFormatTest" time="0.001"/>
  <testcase name="coinScaleTest[290]" classname="org.bitcoinj.utils.BtcFormatTest" time="0.0"/>
  <testcase name="builderTest[290]" classname="org.bitcoinj.utils.BtcFormatTest" time="0.0">
    <skipped/>
  </testcase>
  <testcase name="attributeTest[290]" classname="org.bitcoinj.utils.BtcFormatTest" time="0.0">
    <skipped/>
  </testcase>
  <testcase name="prefixTest[290]" classname="org.bitcoinj.utils.BtcFormatTest" time="0.0"/>
  <testcase name="suffixTest[290]" classname="org.bitcoinj.utils.BtcFormatTest" time="0.0">
    <skipped/>
  </testcase>
  <testcase name="autoDecimalTest[290]" classname="org.bitcoinj.utils.BtcFormatTest" time="0.001"/>
  <testcase name="symbolCollisionTest[290]" classname="org.bitcoinj.utils.BtcFormatTest" time="0.002"/>
  <testcase name="equalityTest[290]" classname="org.bitcoinj.utils.BtcFormatTest" time="0.002"/>
  <testcase name="columnAlignmentTest[290]" classname="org.bitcoinj.utils.BtcFormatTest" time="0.001"/>
  <testcase name="factoryTest[290]" classname="org.bitcoinj.utils.BtcFormatTest" time="0.0"/>
  <testcase name="parse[290]" classname="org.bitcoinj.utils.BtcFormatTest" time="0.0"/>
  <testcase name="btcRounding[290]" classname="org.bitcoinj.utils.BtcFormatTest" time="0.002"/>
  <testcase name="negativeTest[290]" classname="org.bitcoinj.utils.BtcFormatTest" time="0.0">
    <skipped/>
  </testcase>
  <testcase name="millicoinScaleTest[290]" classname="org.bitcoinj.utils.BtcFormatTest" time="0.0"/>
  <testcase name="toStringTest[290]" classname="org.bitcoinj.utils.BtcFormatTest" time="0.0">
    <skipped/>
  </testcase>
  <testcase name="testGrouping[290]" classname="org.bitcoinj.utils.BtcFormatTest" time="0.001"/>
  <testcase name="symbolsCodesTest[290]" classname="org.bitcoinj.utils.BtcFormatTest" time="0.0"/>
  <testcase name="defaultLocaleTest[290]" classname="org.bitcoinj.utils.BtcFormatTest" time="0.001"/>
  <testcase name="parsePositionTest[290]" classname="org.bitcoinj.utils.BtcFormatTest" time="0.0"/>
  <testcase name="argumentTypeTest[290]" classname="org.bitcoinj.utils.BtcFormatTest" time="0.0">
    <skipped/>
  </testcase>
  <testcase name="characterIteratorTest[290]" classname="org.bitcoinj.utils.BtcFormatTest" time="0.0"/>
  <testcase name="repeatingPlaceTest[290]" classname="org.bitcoinj.utils.BtcFormatTest" time="0.0"/>
  <testcase name="currencyCodeTest[290]" classname="org.bitcoinj.utils.BtcFormatTest" time="0.0">
    <skipped/>
  </testcase>
  <testcase name="patternDecimalPlaces[290]" classname="org.bitcoinj.utils.BtcFormatTest" time="0.001"/>
  <testcase name="factoryArgumentsTest[291]" classname="org.bitcoinj.utils.BtcFormatTest" time="0.001"/>
  <testcase name="parseTest[291]" classname="org.bitcoinj.utils.BtcFormatTest" time="0.0">
    <skipped/>
  </testcase>
  <testcase name="microcoinScaleTest[291]" classname="org.bitcoinj.utils.BtcFormatTest" time="0.0"/>
  <testcase name="parseMetricTest[291]" classname="org.bitcoinj.utils.BtcFormatTest" time="0.002"/>
  <testcase name="coinScaleTest[291]" classname="org.bitcoinj.utils.BtcFormatTest" time="0.0"/>
  <testcase name="builderTest[291]" classname="org.bitcoinj.utils.BtcFormatTest" time="0.0">
    <skipped/>
  </testcase>
  <testcase name="attributeTest[291]" classname="org.bitcoinj.utils.BtcFormatTest" time="0.0">
    <skipped/>
  </testcase>
  <testcase name="prefixTest[291]" classname="org.bitcoinj.utils.BtcFormatTest" time="0.001"/>
  <testcase name="suffixTest[291]" classname="org.bitcoinj.utils.BtcFormatTest" time="0.0">
    <skipped/>
  </testcase>
  <testcase name="autoDecimalTest[291]" classname="org.bitcoinj.utils.BtcFormatTest" time="0.001"/>
  <testcase name="symbolCollisionTest[291]" classname="org.bitcoinj.utils.BtcFormatTest" time="0.002"/>
  <testcase name="equalityTest[291]" classname="org.bitcoinj.utils.BtcFormatTest" time="0.002"/>
  <testcase name="columnAlignmentTest[291]" classname="org.bitcoinj.utils.BtcFormatTest" time="0.0"/>
  <testcase name="factoryTest[291]" classname="org.bitcoinj.utils.BtcFormatTest" time="0.0"/>
  <testcase name="parse[291]" classname="org.bitcoinj.utils.BtcFormatTest" time="0.0"/>
  <testcase name="btcRounding[291]" classname="org.bitcoinj.utils.BtcFormatTest" time="0.002"/>
  <testcase name="negativeTest[291]" classname="org.bitcoinj.utils.BtcFormatTest" time="0.0">
    <skipped/>
  </testcase>
  <testcase name="millicoinScaleTest[291]" classname="org.bitcoinj.utils.BtcFormatTest" time="0.0"/>
  <testcase name="toStringTest[291]" classname="org.bitcoinj.utils.BtcFormatTest" time="0.0">
    <skipped/>
  </testcase>
  <testcase name="testGrouping[291]" classname="org.bitcoinj.utils.BtcFormatTest" time="0.0"/>
  <testcase name="symbolsCodesTest[291]" classname="org.bitcoinj.utils.BtcFormatTest" time="0.001"/>
  <testcase name="defaultLocaleTest[291]" classname="org.bitcoinj.utils.BtcFormatTest" time="0.0"/>
  <testcase name="parsePositionTest[291]" classname="org.bitcoinj.utils.BtcFormatTest" time="0.0"/>
  <testcase name="argumentTypeTest[291]" classname="org.bitcoinj.utils.BtcFormatTest" time="0.0">
    <skipped/>
  </testcase>
  <testcase name="characterIteratorTest[291]" classname="org.bitcoinj.utils.BtcFormatTest" time="0.001"/>
  <testcase name="repeatingPlaceTest[291]" classname="org.bitcoinj.utils.BtcFormatTest" time="0.0"/>
  <testcase name="currencyCodeTest[291]" classname="org.bitcoinj.utils.BtcFormatTest" time="0.0">
    <skipped/>
  </testcase>
  <testcase name="patternDecimalPlaces[291]" classname="org.bitcoinj.utils.BtcFormatTest" time="0.0"/>
  <testcase name="factoryArgumentsTest[292]" classname="org.bitcoinj.utils.BtcFormatTest" time="0.001"/>
  <testcase name="parseTest[292]" classname="org.bitcoinj.utils.BtcFormatTest" time="0.0">
    <skipped/>
  </testcase>
  <testcase name="microcoinScaleTest[292]" classname="org.bitcoinj.utils.BtcFormatTest" time="0.0"/>
  <testcase name="parseMetricTest[292]" classname="org.bitcoinj.utils.BtcFormatTest" time="0.001"/>
  <testcase name="coinScaleTest[292]" classname="org.bitcoinj.utils.BtcFormatTest" time="0.0"/>
  <testcase name="builderTest[292]" classname="org.bitcoinj.utils.BtcFormatTest" time="0.0">
    <skipped/>
  </testcase>
  <testcase name="attributeTest[292]" classname="org.bitcoinj.utils.BtcFormatTest" time="0.0">
    <skipped/>
  </testcase>
  <testcase name="prefixTest[292]" classname="org.bitcoinj.utils.BtcFormatTest" time="0.001"/>
  <testcase name="suffixTest[292]" classname="org.bitcoinj.utils.BtcFormatTest" time="0.0">
    <skipped/>
  </testcase>
  <testcase name="autoDecimalTest[292]" classname="org.bitcoinj.utils.BtcFormatTest" time="0.001"/>
  <testcase name="symbolCollisionTest[292]" classname="org.bitcoinj.utils.BtcFormatTest" time="0.001"/>
  <testcase name="equalityTest[292]" classname="org.bitcoinj.utils.BtcFormatTest" time="0.002"/>
  <testcase name="columnAlignmentTest[292]" classname="org.bitcoinj.utils.BtcFormatTest" time="0.0"/>
  <testcase name="factoryTest[292]" classname="org.bitcoinj.utils.BtcFormatTest" time="0.001"/>
  <testcase name="parse[292]" classname="org.bitcoinj.utils.BtcFormatTest" time="0.0"/>
  <testcase name="btcRounding[292]" classname="org.bitcoinj.utils.BtcFormatTest" time="0.001"/>
  <testcase name="negativeTest[292]" classname="org.bitcoinj.utils.BtcFormatTest" time="0.0">
    <skipped/>
  </testcase>
  <testcase name="millicoinScaleTest[292]" classname="org.bitcoinj.utils.BtcFormatTest" time="0.0"/>
  <testcase name="toStringTest[292]" classname="org.bitcoinj.utils.BtcFormatTest" time="0.0">
    <skipped/>
  </testcase>
  <testcase name="testGrouping[292]" classname="org.bitcoinj.utils.BtcFormatTest" time="0.001"/>
  <testcase name="symbolsCodesTest[292]" classname="org.bitcoinj.utils.BtcFormatTest" time="0.001"/>
  <testcase name="defaultLocaleTest[292]" classname="org.bitcoinj.utils.BtcFormatTest" time="0.0"/>
  <testcase name="parsePositionTest[292]" classname="org.bitcoinj.utils.BtcFormatTest" time="0.001"/>
  <testcase name="argumentTypeTest[292]" classname="org.bitcoinj.utils.BtcFormatTest" time="0.0">
    <skipped/>
  </testcase>
  <testcase name="characterIteratorTest[292]" classname="org.bitcoinj.utils.BtcFormatTest" time="0.001"/>
  <testcase name="repeatingPlaceTest[292]" classname="org.bitcoinj.utils.BtcFormatTest" time="0.0"/>
  <testcase name="currencyCodeTest[292]" classname="org.bitcoinj.utils.BtcFormatTest" time="0.0">
    <skipped/>
  </testcase>
  <testcase name="patternDecimalPlaces[292]" classname="org.bitcoinj.utils.BtcFormatTest" time="0.0"/>
  <testcase name="factoryArgumentsTest[293]" classname="org.bitcoinj.utils.BtcFormatTest" time="0.002"/>
  <testcase name="parseTest[293]" classname="org.bitcoinj.utils.BtcFormatTest" time="0.0">
    <skipped/>
  </testcase>
  <testcase name="microcoinScaleTest[293]" classname="org.bitcoinj.utils.BtcFormatTest" time="0.0"/>
  <testcase name="parseMetricTest[293]" classname="org.bitcoinj.utils.BtcFormatTest" time="0.001"/>
  <testcase name="coinScaleTest[293]" classname="org.bitcoinj.utils.BtcFormatTest" time="0.0"/>
  <testcase name="builderTest[293]" classname="org.bitcoinj.utils.BtcFormatTest" time="0.0">
    <skipped/>
  </testcase>
  <testcase name="attributeTest[293]" classname="org.bitcoinj.utils.BtcFormatTest" time="0.0">
    <skipped/>
  </testcase>
  <testcase name="prefixTest[293]" classname="org.bitcoinj.utils.BtcFormatTest" time="0.001"/>
  <testcase name="suffixTest[293]" classname="org.bitcoinj.utils.BtcFormatTest" time="0.0">
    <skipped/>
  </testcase>
  <testcase name="autoDecimalTest[293]" classname="org.bitcoinj.utils.BtcFormatTest" time="0.001"/>
  <testcase name="symbolCollisionTest[293]" classname="org.bitcoinj.utils.BtcFormatTest" time="0.002"/>
  <testcase name="equalityTest[293]" classname="org.bitcoinj.utils.BtcFormatTest" time="0.003"/>
  <testcase name="columnAlignmentTest[293]" classname="org.bitcoinj.utils.BtcFormatTest" time="0.0"/>
  <testcase name="factoryTest[293]" classname="org.bitcoinj.utils.BtcFormatTest" time="0.0"/>
  <testcase name="parse[293]" classname="org.bitcoinj.utils.BtcFormatTest" time="0.0"/>
  <testcase name="btcRounding[293]" classname="org.bitcoinj.utils.BtcFormatTest" time="0.002"/>
  <testcase name="negativeTest[293]" classname="org.bitcoinj.utils.BtcFormatTest" time="0.0">
    <skipped/>
  </testcase>
  <testcase name="millicoinScaleTest[293]" classname="org.bitcoinj.utils.BtcFormatTest" time="0.0"/>
  <testcase name="toStringTest[293]" classname="org.bitcoinj.utils.BtcFormatTest" time="0.0">
    <skipped/>
  </testcase>
  <testcase name="testGrouping[293]" classname="org.bitcoinj.utils.BtcFormatTest" time="0.0"/>
  <testcase name="symbolsCodesTest[293]" classname="org.bitcoinj.utils.BtcFormatTest" time="0.001"/>
  <testcase name="defaultLocaleTest[293]" classname="org.bitcoinj.utils.BtcFormatTest" time="0.0"/>
  <testcase name="parsePositionTest[293]" classname="org.bitcoinj.utils.BtcFormatTest" time="0.0"/>
  <testcase name="argumentTypeTest[293]" classname="org.bitcoinj.utils.BtcFormatTest" time="0.0">
    <skipped/>
  </testcase>
  <testcase name="characterIteratorTest[293]" classname="org.bitcoinj.utils.BtcFormatTest" time="0.001"/>
  <testcase name="repeatingPlaceTest[293]" classname="org.bitcoinj.utils.BtcFormatTest" time="0.0"/>
  <testcase name="currencyCodeTest[293]" classname="org.bitcoinj.utils.BtcFormatTest" time="0.0">
    <skipped/>
  </testcase>
  <testcase name="patternDecimalPlaces[293]" classname="org.bitcoinj.utils.BtcFormatTest" time="0.0"/>
  <testcase name="factoryArgumentsTest[294]" classname="org.bitcoinj.utils.BtcFormatTest" time="0.002"/>
  <testcase name="parseTest[294]" classname="org.bitcoinj.utils.BtcFormatTest" time="0.0">
    <skipped/>
  </testcase>
  <testcase name="microcoinScaleTest[294]" classname="org.bitcoinj.utils.BtcFormatTest" time="0.0"/>
  <testcase name="parseMetricTest[294]" classname="org.bitcoinj.utils.BtcFormatTest" time="0.001"/>
  <testcase name="coinScaleTest[294]" classname="org.bitcoinj.utils.BtcFormatTest" time="0.0"/>
  <testcase name="builderTest[294]" classname="org.bitcoinj.utils.BtcFormatTest" time="0.0">
    <skipped/>
  </testcase>
  <testcase name="attributeTest[294]" classname="org.bitcoinj.utils.BtcFormatTest" time="0.0">
    <skipped/>
  </testcase>
  <testcase name="prefixTest[294]" classname="org.bitcoinj.utils.BtcFormatTest" time="0.001"/>
  <testcase name="suffixTest[294]" classname="org.bitcoinj.utils.BtcFormatTest" time="0.0">
    <skipped/>
  </testcase>
  <testcase name="autoDecimalTest[294]" classname="org.bitcoinj.utils.BtcFormatTest" time="0.001"/>
  <testcase name="symbolCollisionTest[294]" classname="org.bitcoinj.utils.BtcFormatTest" time="0.002"/>
  <testcase name="equalityTest[294]" classname="org.bitcoinj.utils.BtcFormatTest" time="0.002"/>
  <testcase name="columnAlignmentTest[294]" classname="org.bitcoinj.utils.BtcFormatTest" time="0.0"/>
  <testcase name="factoryTest[294]" classname="org.bitcoinj.utils.BtcFormatTest" time="0.0"/>
  <testcase name="parse[294]" classname="org.bitcoinj.utils.BtcFormatTest" time="0.0"/>
  <testcase name="btcRounding[294]" classname="org.bitcoinj.utils.BtcFormatTest" time="0.002"/>
  <testcase name="negativeTest[294]" classname="org.bitcoinj.utils.BtcFormatTest" time="0.0">
    <skipped/>
  </testcase>
  <testcase name="millicoinScaleTest[294]" classname="org.bitcoinj.utils.BtcFormatTest" time="0.0"/>
  <testcase name="toStringTest[294]" classname="org.bitcoinj.utils.BtcFormatTest" time="0.0">
    <skipped/>
  </testcase>
  <testcase name="testGrouping[294]" classname="org.bitcoinj.utils.BtcFormatTest" time="0.0"/>
  <testcase name="symbolsCodesTest[294]" classname="org.bitcoinj.utils.BtcFormatTest" time="0.001"/>
  <testcase name="defaultLocaleTest[294]" classname="org.bitcoinj.utils.BtcFormatTest" time="0.0"/>
  <testcase name="parsePositionTest[294]" classname="org.bitcoinj.utils.BtcFormatTest" time="0.0"/>
  <testcase name="argumentTypeTest[294]" classname="org.bitcoinj.utils.BtcFormatTest" time="0.0">
    <skipped/>
  </testcase>
  <testcase name="characterIteratorTest[294]" classname="org.bitcoinj.utils.BtcFormatTest" time="0.001"/>
  <testcase name="repeatingPlaceTest[294]" classname="org.bitcoinj.utils.BtcFormatTest" time="0.0"/>
  <testcase name="currencyCodeTest[294]" classname="org.bitcoinj.utils.BtcFormatTest" time="0.0">
    <skipped/>
  </testcase>
  <testcase name="patternDecimalPlaces[294]" classname="org.bitcoinj.utils.BtcFormatTest" time="0.0"/>
  <testcase name="factoryArgumentsTest[295]" classname="org.bitcoinj.utils.BtcFormatTest" time="0.002"/>
  <testcase name="parseTest[295]" classname="org.bitcoinj.utils.BtcFormatTest" time="0.0">
    <skipped/>
  </testcase>
  <testcase name="microcoinScaleTest[295]" classname="org.bitcoinj.utils.BtcFormatTest" time="0.0"/>
  <testcase name="parseMetricTest[295]" classname="org.bitcoinj.utils.BtcFormatTest" time="0.001"/>
  <testcase name="coinScaleTest[295]" classname="org.bitcoinj.utils.BtcFormatTest" time="0.001"/>
  <testcase name="builderTest[295]" classname="org.bitcoinj.utils.BtcFormatTest" time="0.0">
    <skipped/>
  </testcase>
  <testcase name="attributeTest[295]" classname="org.bitcoinj.utils.BtcFormatTest" time="0.0">
    <skipped/>
  </testcase>
  <testcase name="prefixTest[295]" classname="org.bitcoinj.utils.BtcFormatTest" time="0.0"/>
  <testcase name="suffixTest[295]" classname="org.bitcoinj.utils.BtcFormatTest" time="0.0">
    <skipped/>
  </testcase>
  <testcase name="autoDecimalTest[295]" classname="org.bitcoinj.utils.BtcFormatTest" time="0.001"/>
  <testcase name="symbolCollisionTest[295]" classname="org.bitcoinj.utils.BtcFormatTest" time="0.002"/>
  <testcase name="equalityTest[295]" classname="org.bitcoinj.utils.BtcFormatTest" time="0.003"/>
  <testcase name="columnAlignmentTest[295]" classname="org.bitcoinj.utils.BtcFormatTest" time="0.0"/>
  <testcase name="factoryTest[295]" classname="org.bitcoinj.utils.BtcFormatTest" time="0.001"/>
  <testcase name="parse[295]" classname="org.bitcoinj.utils.BtcFormatTest" time="0.0"/>
  <testcase name="btcRounding[295]" classname="org.bitcoinj.utils.BtcFormatTest" time="0.002"/>
  <testcase name="negativeTest[295]" classname="org.bitcoinj.utils.BtcFormatTest" time="0.0">
    <skipped/>
  </testcase>
  <testcase name="millicoinScaleTest[295]" classname="org.bitcoinj.utils.BtcFormatTest" time="0.0"/>
  <testcase name="toStringTest[295]" classname="org.bitcoinj.utils.BtcFormatTest" time="0.0">
    <skipped/>
  </testcase>
  <testcase name="testGrouping[295]" classname="org.bitcoinj.utils.BtcFormatTest" time="0.0"/>
  <testcase name="symbolsCodesTest[295]" classname="org.bitcoinj.utils.BtcFormatTest" time="0.001"/>
  <testcase name="defaultLocaleTest[295]" classname="org.bitcoinj.utils.BtcFormatTest" time="0.0"/>
  <testcase name="parsePositionTest[295]" classname="org.bitcoinj.utils.BtcFormatTest" time="0.001"/>
  <testcase name="argumentTypeTest[295]" classname="org.bitcoinj.utils.BtcFormatTest" time="0.0">
    <skipped/>
  </testcase>
  <testcase name="characterIteratorTest[295]" classname="org.bitcoinj.utils.BtcFormatTest" time="0.001"/>
  <testcase name="repeatingPlaceTest[295]" classname="org.bitcoinj.utils.BtcFormatTest" time="0.0"/>
  <testcase name="currencyCodeTest[295]" classname="org.bitcoinj.utils.BtcFormatTest" time="0.0">
    <skipped/>
  </testcase>
  <testcase name="patternDecimalPlaces[295]" classname="org.bitcoinj.utils.BtcFormatTest" time="0.0"/>
  <testcase name="factoryArgumentsTest[296]" classname="org.bitcoinj.utils.BtcFormatTest" time="0.002"/>
  <testcase name="parseTest[296]" classname="org.bitcoinj.utils.BtcFormatTest" time="0.0">
    <skipped/>
  </testcase>
  <testcase name="microcoinScaleTest[296]" classname="org.bitcoinj.utils.BtcFormatTest" time="0.0"/>
  <testcase name="parseMetricTest[296]" classname="org.bitcoinj.utils.BtcFormatTest" time="0.001"/>
  <testcase name="coinScaleTest[296]" classname="org.bitcoinj.utils.BtcFormatTest" time="0.0"/>
  <testcase name="builderTest[296]" classname="org.bitcoinj.utils.BtcFormatTest" time="0.0">
    <skipped/>
  </testcase>
  <testcase name="attributeTest[296]" classname="org.bitcoinj.utils.BtcFormatTest" time="0.0">
    <skipped/>
  </testcase>
  <testcase name="prefixTest[296]" classname="org.bitcoinj.utils.BtcFormatTest" time="0.0"/>
  <testcase name="suffixTest[296]" classname="org.bitcoinj.utils.BtcFormatTest" time="0.0">
    <skipped/>
  </testcase>
  <testcase name="autoDecimalTest[296]" classname="org.bitcoinj.utils.BtcFormatTest" time="0.002"/>
  <testcase name="symbolCollisionTest[296]" classname="org.bitcoinj.utils.BtcFormatTest" time="0.003"/>
  <testcase name="equalityTest[296]" classname="org.bitcoinj.utils.BtcFormatTest" time="0.002"/>
  <testcase name="columnAlignmentTest[296]" classname="org.bitcoinj.utils.BtcFormatTest" time="0.001"/>
  <testcase name="factoryTest[296]" classname="org.bitcoinj.utils.BtcFormatTest" time="0.0"/>
  <testcase name="parse[296]" classname="org.bitcoinj.utils.BtcFormatTest" time="0.0"/>
  <testcase name="btcRounding[296]" classname="org.bitcoinj.utils.BtcFormatTest" time="0.002"/>
  <testcase name="negativeTest[296]" classname="org.bitcoinj.utils.BtcFormatTest" time="0.0">
    <skipped/>
  </testcase>
  <testcase name="millicoinScaleTest[296]" classname="org.bitcoinj.utils.BtcFormatTest" time="0.0"/>
  <testcase name="toStringTest[296]" classname="org.bitcoinj.utils.BtcFormatTest" time="0.0">
    <skipped/>
  </testcase>
  <testcase name="testGrouping[296]" classname="org.bitcoinj.utils.BtcFormatTest" time="0.0"/>
  <testcase name="symbolsCodesTest[296]" classname="org.bitcoinj.utils.BtcFormatTest" time="0.002"/>
  <testcase name="defaultLocaleTest[296]" classname="org.bitcoinj.utils.BtcFormatTest" time="0.0"/>
  <testcase name="parsePositionTest[296]" classname="org.bitcoinj.utils.BtcFormatTest" time="0.0"/>
  <testcase name="argumentTypeTest[296]" classname="org.bitcoinj.utils.BtcFormatTest" time="0.0">
    <skipped/>
  </testcase>
  <testcase name="characterIteratorTest[296]" classname="org.bitcoinj.utils.BtcFormatTest" time="0.0"/>
  <testcase name="repeatingPlaceTest[296]" classname="org.bitcoinj.utils.BtcFormatTest" time="0.001"/>
  <testcase name="currencyCodeTest[296]" classname="org.bitcoinj.utils.BtcFormatTest" time="0.0">
    <skipped/>
  </testcase>
  <testcase name="patternDecimalPlaces[296]" classname="org.bitcoinj.utils.BtcFormatTest" time="0.0"/>
  <testcase name="factoryArgumentsTest[297]" classname="org.bitcoinj.utils.BtcFormatTest" time="0.002"/>
  <testcase name="parseTest[297]" classname="org.bitcoinj.utils.BtcFormatTest" time="0.0">
    <skipped/>
  </testcase>
  <testcase name="microcoinScaleTest[297]" classname="org.bitcoinj.utils.BtcFormatTest" time="0.0"/>
  <testcase name="parseMetricTest[297]" classname="org.bitcoinj.utils.BtcFormatTest" time="0.002"/>
  <testcase name="coinScaleTest[297]" classname="org.bitcoinj.utils.BtcFormatTest" time="0.001"/>
  <testcase name="builderTest[297]" classname="org.bitcoinj.utils.BtcFormatTest" time="0.0">
    <skipped/>
  </testcase>
  <testcase name="attributeTest[297]" classname="org.bitcoinj.utils.BtcFormatTest" time="0.0">
    <skipped/>
  </testcase>
  <testcase name="prefixTest[297]" classname="org.bitcoinj.utils.BtcFormatTest" time="0.0"/>
  <testcase name="suffixTest[297]" classname="org.bitcoinj.utils.BtcFormatTest" time="0.0">
    <skipped/>
  </testcase>
  <testcase name="autoDecimalTest[297]" classname="org.bitcoinj.utils.BtcFormatTest" time="0.001"/>
  <testcase name="symbolCollisionTest[297]" classname="org.bitcoinj.utils.BtcFormatTest" time="0.001"/>
  <testcase name="equalityTest[297]" classname="org.bitcoinj.utils.BtcFormatTest" time="0.002"/>
  <testcase name="columnAlignmentTest[297]" classname="org.bitcoinj.utils.BtcFormatTest" time="0.0"/>
  <testcase name="factoryTest[297]" classname="org.bitcoinj.utils.BtcFormatTest" time="0.001"/>
  <testcase name="parse[297]" classname="org.bitcoinj.utils.BtcFormatTest" time="0.0"/>
  <testcase name="btcRounding[297]" classname="org.bitcoinj.utils.BtcFormatTest" time="0.001"/>
  <testcase name="negativeTest[297]" classname="org.bitcoinj.utils.BtcFormatTest" time="0.0">
    <skipped/>
  </testcase>
  <testcase name="millicoinScaleTest[297]" classname="org.bitcoinj.utils.BtcFormatTest" time="0.001"/>
  <testcase name="toStringTest[297]" classname="org.bitcoinj.utils.BtcFormatTest" time="0.0">
    <skipped/>
  </testcase>
  <testcase name="testGrouping[297]" classname="org.bitcoinj.utils.BtcFormatTest" time="0.0"/>
  <testcase name="symbolsCodesTest[297]" classname="org.bitcoinj.utils.BtcFormatTest" time="0.0"/>
  <testcase name="defaultLocaleTest[297]" classname="org.bitcoinj.utils.BtcFormatTest" time="0.001"/>
  <testcase name="parsePositionTest[297]" classname="org.bitcoinj.utils.BtcFormatTest" time="0.0"/>
  <testcase name="argumentTypeTest[297]" classname="org.bitcoinj.utils.BtcFormatTest" time="0.0">
    <skipped/>
  </testcase>
  <testcase name="characterIteratorTest[297]" classname="org.bitcoinj.utils.BtcFormatTest" time="0.0"/>
  <testcase name="repeatingPlaceTest[297]" classname="org.bitcoinj.utils.BtcFormatTest" time="0.0"/>
  <testcase name="currencyCodeTest[297]" classname="org.bitcoinj.utils.BtcFormatTest" time="0.0">
    <skipped/>
  </testcase>
  <testcase name="patternDecimalPlaces[297]" classname="org.bitcoinj.utils.BtcFormatTest" time="0.0"/>
  <testcase name="factoryArgumentsTest[298]" classname="org.bitcoinj.utils.BtcFormatTest" time="0.0"/>
  <testcase name="parseTest[298]" classname="org.bitcoinj.utils.BtcFormatTest" time="0.0">
    <skipped/>
  </testcase>
  <testcase name="microcoinScaleTest[298]" classname="org.bitcoinj.utils.BtcFormatTest" time="0.001"/>
  <testcase name="parseMetricTest[298]" classname="org.bitcoinj.utils.BtcFormatTest" time="0.001"/>
  <testcase name="coinScaleTest[298]" classname="org.bitcoinj.utils.BtcFormatTest" time="0.0"/>
  <testcase name="builderTest[298]" classname="org.bitcoinj.utils.BtcFormatTest" time="0.0">
    <skipped/>
  </testcase>
  <testcase name="attributeTest[298]" classname="org.bitcoinj.utils.BtcFormatTest" time="0.0">
    <skipped/>
  </testcase>
  <testcase name="prefixTest[298]" classname="org.bitcoinj.utils.BtcFormatTest" time="0.0"/>
  <testcase name="suffixTest[298]" classname="org.bitcoinj.utils.BtcFormatTest" time="0.0">
    <skipped/>
  </testcase>
  <testcase name="autoDecimalTest[298]" classname="org.bitcoinj.utils.BtcFormatTest" time="0.001"/>
  <testcase name="symbolCollisionTest[298]" classname="org.bitcoinj.utils.BtcFormatTest" time="0.001"/>
  <testcase name="equalityTest[298]" classname="org.bitcoinj.utils.BtcFormatTest" time="0.002"/>
  <testcase name="columnAlignmentTest[298]" classname="org.bitcoinj.utils.BtcFormatTest" time="0.0"/>
  <testcase name="factoryTest[298]" classname="org.bitcoinj.utils.BtcFormatTest" time="0.001"/>
  <testcase name="parse[298]" classname="org.bitcoinj.utils.BtcFormatTest" time="0.0"/>
  <testcase name="btcRounding[298]" classname="org.bitcoinj.utils.BtcFormatTest" time="0.001"/>
  <testcase name="negativeTest[298]" classname="org.bitcoinj.utils.BtcFormatTest" time="0.0">
    <skipped/>
  </testcase>
  <testcase name="millicoinScaleTest[298]" classname="org.bitcoinj.utils.BtcFormatTest" time="0.0"/>
  <testcase name="toStringTest[298]" classname="org.bitcoinj.utils.BtcFormatTest" time="0.0">
    <skipped/>
  </testcase>
  <testcase name="testGrouping[298]" classname="org.bitcoinj.utils.BtcFormatTest" time="0.001"/>
  <testcase name="symbolsCodesTest[298]" classname="org.bitcoinj.utils.BtcFormatTest" time="0.0"/>
  <testcase name="defaultLocaleTest[298]" classname="org.bitcoinj.utils.BtcFormatTest" time="0.0"/>
  <testcase name="parsePositionTest[298]" classname="org.bitcoinj.utils.BtcFormatTest" time="0.001"/>
  <testcase name="argumentTypeTest[298]" classname="org.bitcoinj.utils.BtcFormatTest" time="0.0">
    <skipped/>
  </testcase>
  <testcase name="characterIteratorTest[298]" classname="org.bitcoinj.utils.BtcFormatTest" time="0.0"/>
  <testcase name="repeatingPlaceTest[298]" classname="org.bitcoinj.utils.BtcFormatTest" time="0.0"/>
  <testcase name="currencyCodeTest[298]" classname="org.bitcoinj.utils.BtcFormatTest" time="0.0">
    <skipped/>
  </testcase>
  <testcase name="patternDecimalPlaces[298]" classname="org.bitcoinj.utils.BtcFormatTest" time="0.0"/>
  <testcase name="factoryArgumentsTest[299]" classname="org.bitcoinj.utils.BtcFormatTest" time="0.001"/>
  <testcase name="parseTest[299]" classname="org.bitcoinj.utils.BtcFormatTest" time="0.0">
    <skipped/>
  </testcase>
  <testcase name="microcoinScaleTest[299]" classname="org.bitcoinj.utils.BtcFormatTest" time="0.0"/>
  <testcase name="parseMetricTest[299]" classname="org.bitcoinj.utils.BtcFormatTest" time="0.003"/>
  <testcase name="coinScaleTest[299]" classname="org.bitcoinj.utils.BtcFormatTest" time="0.0"/>
  <testcase name="builderTest[299]" classname="org.bitcoinj.utils.BtcFormatTest" time="0.0">
    <skipped/>
  </testcase>
  <testcase name="attributeTest[299]" classname="org.bitcoinj.utils.BtcFormatTest" time="0.0">
    <skipped/>
  </testcase>
  <testcase name="prefixTest[299]" classname="org.bitcoinj.utils.BtcFormatTest" time="0.0"/>
  <testcase name="suffixTest[299]" classname="org.bitcoinj.utils.BtcFormatTest" time="0.0">
    <skipped/>
  </testcase>
  <testcase name="autoDecimalTest[299]" classname="org.bitcoinj.utils.BtcFormatTest" time="0.001"/>
  <testcase name="symbolCollisionTest[299]" classname="org.bitcoinj.utils.BtcFormatTest" time="0.002"/>
  <testcase name="equalityTest[299]" classname="org.bitcoinj.utils.BtcFormatTest" time="0.002"/>
  <testcase name="columnAlignmentTest[299]" classname="org.bitcoinj.utils.BtcFormatTest" time="0.0"/>
  <testcase name="factoryTest[299]" classname="org.bitcoinj.utils.BtcFormatTest" time="0.001"/>
  <testcase name="parse[299]" classname="org.bitcoinj.utils.BtcFormatTest" time="0.0"/>
  <testcase name="btcRounding[299]" classname="org.bitcoinj.utils.BtcFormatTest" time="0.001"/>
  <testcase name="negativeTest[299]" classname="org.bitcoinj.utils.BtcFormatTest" time="0.0">
    <skipped/>
  </testcase>
  <testcase name="millicoinScaleTest[299]" classname="org.bitcoinj.utils.BtcFormatTest" time="0.001"/>
  <testcase name="toStringTest[299]" classname="org.bitcoinj.utils.BtcFormatTest" time="0.0">
    <skipped/>
  </testcase>
  <testcase name="testGrouping[299]" classname="org.bitcoinj.utils.BtcFormatTest" time="0.0"/>
  <testcase name="symbolsCodesTest[299]" classname="org.bitcoinj.utils.BtcFormatTest" time="0.001"/>
  <testcase name="defaultLocaleTest[299]" classname="org.bitcoinj.utils.BtcFormatTest" time="0.0"/>
  <testcase name="parsePositionTest[299]" classname="org.bitcoinj.utils.BtcFormatTest" time="0.0"/>
  <testcase name="argumentTypeTest[299]" classname="org.bitcoinj.utils.BtcFormatTest" time="0.0">
    <skipped/>
  </testcase>
  <testcase name="characterIteratorTest[299]" classname="org.bitcoinj.utils.BtcFormatTest" time="0.0"/>
  <testcase name="repeatingPlaceTest[299]" classname="org.bitcoinj.utils.BtcFormatTest" time="0.001"/>
  <testcase name="currencyCodeTest[299]" classname="org.bitcoinj.utils.BtcFormatTest" time="0.0">
    <skipped/>
  </testcase>
  <testcase name="patternDecimalPlaces[299]" classname="org.bitcoinj.utils.BtcFormatTest" time="0.0"/>
  <testcase name="factoryArgumentsTest[300]" classname="org.bitcoinj.utils.BtcFormatTest" time="0.001"/>
  <testcase name="parseTest[300]" classname="org.bitcoinj.utils.BtcFormatTest" time="0.0">
    <skipped/>
  </testcase>
  <testcase name="microcoinScaleTest[300]" classname="org.bitcoinj.utils.BtcFormatTest" time="0.0"/>
  <testcase name="parseMetricTest[300]" classname="org.bitcoinj.utils.BtcFormatTest" time="0.001"/>
  <testcase name="coinScaleTest[300]" classname="org.bitcoinj.utils.BtcFormatTest" time="0.0"/>
  <testcase name="builderTest[300]" classname="org.bitcoinj.utils.BtcFormatTest" time="0.0">
    <skipped/>
  </testcase>
  <testcase name="attributeTest[300]" classname="org.bitcoinj.utils.BtcFormatTest" time="0.0">
    <skipped/>
  </testcase>
  <testcase name="prefixTest[300]" classname="org.bitcoinj.utils.BtcFormatTest" time="0.0"/>
  <testcase name="suffixTest[300]" classname="org.bitcoinj.utils.BtcFormatTest" time="0.0">
    <skipped/>
  </testcase>
  <testcase name="autoDecimalTest[300]" classname="org.bitcoinj.utils.BtcFormatTest" time="0.001"/>
  <testcase name="symbolCollisionTest[300]" classname="org.bitcoinj.utils.BtcFormatTest" time="0.003"/>
  <testcase name="equalityTest[300]" classname="org.bitcoinj.utils.BtcFormatTest" time="0.002"/>
  <testcase name="columnAlignmentTest[300]" classname="org.bitcoinj.utils.BtcFormatTest" time="0.0"/>
  <testcase name="factoryTest[300]" classname="org.bitcoinj.utils.BtcFormatTest" time="0.0"/>
  <testcase name="parse[300]" classname="org.bitcoinj.utils.BtcFormatTest" time="0.0"/>
  <testcase name="btcRounding[300]" classname="org.bitcoinj.utils.BtcFormatTest" time="0.002"/>
  <testcase name="negativeTest[300]" classname="org.bitcoinj.utils.BtcFormatTest" time="0.0">
    <skipped/>
  </testcase>
  <testcase name="millicoinScaleTest[300]" classname="org.bitcoinj.utils.BtcFormatTest" time="0.0"/>
  <testcase name="toStringTest[300]" classname="org.bitcoinj.utils.BtcFormatTest" time="0.0">
    <skipped/>
  </testcase>
  <testcase name="testGrouping[300]" classname="org.bitcoinj.utils.BtcFormatTest" time="0.0"/>
  <testcase name="symbolsCodesTest[300]" classname="org.bitcoinj.utils.BtcFormatTest" time="0.001"/>
  <testcase name="defaultLocaleTest[300]" classname="org.bitcoinj.utils.BtcFormatTest" time="0.0"/>
  <testcase name="parsePositionTest[300]" classname="org.bitcoinj.utils.BtcFormatTest" time="0.0"/>
  <testcase name="argumentTypeTest[300]" classname="org.bitcoinj.utils.BtcFormatTest" time="0.0">
    <skipped/>
  </testcase>
  <testcase name="characterIteratorTest[300]" classname="org.bitcoinj.utils.BtcFormatTest" time="0.001"/>
  <testcase name="repeatingPlaceTest[300]" classname="org.bitcoinj.utils.BtcFormatTest" time="0.0"/>
  <testcase name="currencyCodeTest[300]" classname="org.bitcoinj.utils.BtcFormatTest" time="0.0">
    <skipped/>
  </testcase>
  <testcase name="patternDecimalPlaces[300]" classname="org.bitcoinj.utils.BtcFormatTest" time="0.001"/>
  <testcase name="factoryArgumentsTest[301]" classname="org.bitcoinj.utils.BtcFormatTest" time="0.002"/>
  <testcase name="parseTest[301]" classname="org.bitcoinj.utils.BtcFormatTest" time="0.0">
    <skipped/>
  </testcase>
  <testcase name="microcoinScaleTest[301]" classname="org.bitcoinj.utils.BtcFormatTest" time="0.0"/>
  <testcase name="parseMetricTest[301]" classname="org.bitcoinj.utils.BtcFormatTest" time="0.002"/>
  <testcase name="coinScaleTest[301]" classname="org.bitcoinj.utils.BtcFormatTest" time="0.0"/>
  <testcase name="builderTest[301]" classname="org.bitcoinj.utils.BtcFormatTest" time="0.0">
    <skipped/>
  </testcase>
  <testcase name="attributeTest[301]" classname="org.bitcoinj.utils.BtcFormatTest" time="0.0">
    <skipped/>
  </testcase>
  <testcase name="prefixTest[301]" classname="org.bitcoinj.utils.BtcFormatTest" time="0.0"/>
  <testcase name="suffixTest[301]" classname="org.bitcoinj.utils.BtcFormatTest" time="0.0">
    <skipped/>
  </testcase>
  <testcase name="autoDecimalTest[301]" classname="org.bitcoinj.utils.BtcFormatTest" time="0.002"/>
  <testcase name="symbolCollisionTest[301]" classname="org.bitcoinj.utils.BtcFormatTest" time="0.005"/>
  <testcase name="equalityTest[301]" classname="org.bitcoinj.utils.BtcFormatTest" time="0.003"/>
  <testcase name="columnAlignmentTest[301]" classname="org.bitcoinj.utils.BtcFormatTest" time="0.001"/>
  <testcase name="factoryTest[301]" classname="org.bitcoinj.utils.BtcFormatTest" time="0.001"/>
  <testcase name="parse[301]" classname="org.bitcoinj.utils.BtcFormatTest" time="0.0"/>
  <testcase name="btcRounding[301]" classname="org.bitcoinj.utils.BtcFormatTest" time="0.002"/>
  <testcase name="negativeTest[301]" classname="org.bitcoinj.utils.BtcFormatTest" time="0.0">
    <skipped/>
  </testcase>
  <testcase name="millicoinScaleTest[301]" classname="org.bitcoinj.utils.BtcFormatTest" time="0.0"/>
  <testcase name="toStringTest[301]" classname="org.bitcoinj.utils.BtcFormatTest" time="0.0">
    <skipped/>
  </testcase>
  <testcase name="testGrouping[301]" classname="org.bitcoinj.utils.BtcFormatTest" time="0.0"/>
  <testcase name="symbolsCodesTest[301]" classname="org.bitcoinj.utils.BtcFormatTest" time="0.001"/>
  <testcase name="defaultLocaleTest[301]" classname="org.bitcoinj.utils.BtcFormatTest" time="0.0"/>
  <testcase name="parsePositionTest[301]" classname="org.bitcoinj.utils.BtcFormatTest" time="0.001"/>
  <testcase name="argumentTypeTest[301]" classname="org.bitcoinj.utils.BtcFormatTest" time="0.0">
    <skipped/>
  </testcase>
  <testcase name="characterIteratorTest[301]" classname="org.bitcoinj.utils.BtcFormatTest" time="0.0"/>
  <testcase name="repeatingPlaceTest[301]" classname="org.bitcoinj.utils.BtcFormatTest" time="0.001"/>
  <testcase name="currencyCodeTest[301]" classname="org.bitcoinj.utils.BtcFormatTest" time="0.0">
    <skipped/>
  </testcase>
  <testcase name="patternDecimalPlaces[301]" classname="org.bitcoinj.utils.BtcFormatTest" time="0.0"/>
  <testcase name="factoryArgumentsTest[302]" classname="org.bitcoinj.utils.BtcFormatTest" time="0.002"/>
  <testcase name="parseTest[302]" classname="org.bitcoinj.utils.BtcFormatTest" time="0.0">
    <skipped/>
  </testcase>
  <testcase name="microcoinScaleTest[302]" classname="org.bitcoinj.utils.BtcFormatTest" time="0.0"/>
  <testcase name="parseMetricTest[302]" classname="org.bitcoinj.utils.BtcFormatTest" time="0.001"/>
  <testcase name="coinScaleTest[302]" classname="org.bitcoinj.utils.BtcFormatTest" time="0.0"/>
  <testcase name="builderTest[302]" classname="org.bitcoinj.utils.BtcFormatTest" time="0.0">
    <skipped/>
  </testcase>
  <testcase name="attributeTest[302]" classname="org.bitcoinj.utils.BtcFormatTest" time="0.0">
    <skipped/>
  </testcase>
  <testcase name="prefixTest[302]" classname="org.bitcoinj.utils.BtcFormatTest" time="0.0"/>
  <testcase name="suffixTest[302]" classname="org.bitcoinj.utils.BtcFormatTest" time="0.0">
    <skipped/>
  </testcase>
  <testcase name="autoDecimalTest[302]" classname="org.bitcoinj.utils.BtcFormatTest" time="0.001"/>
  <testcase name="symbolCollisionTest[302]" classname="org.bitcoinj.utils.BtcFormatTest" time="0.002"/>
  <testcase name="equalityTest[302]" classname="org.bitcoinj.utils.BtcFormatTest" time="0.003"/>
  <testcase name="columnAlignmentTest[302]" classname="org.bitcoinj.utils.BtcFormatTest" time="0.001"/>
  <testcase name="factoryTest[302]" classname="org.bitcoinj.utils.BtcFormatTest" time="0.0"/>
  <testcase name="parse[302]" classname="org.bitcoinj.utils.BtcFormatTest" time="0.0"/>
  <testcase name="btcRounding[302]" classname="org.bitcoinj.utils.BtcFormatTest" time="0.002"/>
  <testcase name="negativeTest[302]" classname="org.bitcoinj.utils.BtcFormatTest" time="0.0">
    <skipped/>
  </testcase>
  <testcase name="millicoinScaleTest[302]" classname="org.bitcoinj.utils.BtcFormatTest" time="0.001"/>
  <testcase name="toStringTest[302]" classname="org.bitcoinj.utils.BtcFormatTest" time="0.0">
    <skipped/>
  </testcase>
  <testcase name="testGrouping[302]" classname="org.bitcoinj.utils.BtcFormatTest" time="0.0"/>
  <testcase name="symbolsCodesTest[302]" classname="org.bitcoinj.utils.BtcFormatTest" time="0.001"/>
  <testcase name="defaultLocaleTest[302]" classname="org.bitcoinj.utils.BtcFormatTest" time="0.001"/>
  <testcase name="parsePositionTest[302]" classname="org.bitcoinj.utils.BtcFormatTest" time="0.0"/>
  <testcase name="argumentTypeTest[302]" classname="org.bitcoinj.utils.BtcFormatTest" time="0.0">
    <skipped/>
  </testcase>
  <testcase name="characterIteratorTest[302]" classname="org.bitcoinj.utils.BtcFormatTest" time="0.001"/>
  <testcase name="repeatingPlaceTest[302]" classname="org.bitcoinj.utils.BtcFormatTest" time="0.0"/>
  <testcase name="currencyCodeTest[302]" classname="org.bitcoinj.utils.BtcFormatTest" time="0.0">
    <skipped/>
  </testcase>
  <testcase name="patternDecimalPlaces[302]" classname="org.bitcoinj.utils.BtcFormatTest" time="0.001"/>
  <testcase name="factoryArgumentsTest[303]" classname="org.bitcoinj.utils.BtcFormatTest" time="0.001"/>
  <testcase name="parseTest[303]" classname="org.bitcoinj.utils.BtcFormatTest" time="0.0">
    <skipped/>
  </testcase>
  <testcase name="microcoinScaleTest[303]" classname="org.bitcoinj.utils.BtcFormatTest" time="0.0"/>
  <testcase name="parseMetricTest[303]" classname="org.bitcoinj.utils.BtcFormatTest" time="0.001"/>
  <testcase name="coinScaleTest[303]" classname="org.bitcoinj.utils.BtcFormatTest" time="0.0"/>
  <testcase name="builderTest[303]" classname="org.bitcoinj.utils.BtcFormatTest" time="0.0">
    <skipped/>
  </testcase>
  <testcase name="attributeTest[303]" classname="org.bitcoinj.utils.BtcFormatTest" time="0.0">
    <skipped/>
  </testcase>
  <testcase name="prefixTest[303]" classname="org.bitcoinj.utils.BtcFormatTest" time="0.0"/>
  <testcase name="suffixTest[303]" classname="org.bitcoinj.utils.BtcFormatTest" time="0.0">
    <skipped/>
  </testcase>
  <testcase name="autoDecimalTest[303]" classname="org.bitcoinj.utils.BtcFormatTest" time="0.002"/>
  <testcase name="symbolCollisionTest[303]" classname="org.bitcoinj.utils.BtcFormatTest" time="0.002"/>
  <testcase name="equalityTest[303]" classname="org.bitcoinj.utils.BtcFormatTest" time="0.003"/>
  <testcase name="columnAlignmentTest[303]" classname="org.bitcoinj.utils.BtcFormatTest" time="0.0"/>
  <testcase name="factoryTest[303]" classname="org.bitcoinj.utils.BtcFormatTest" time="0.001"/>
  <testcase name="parse[303]" classname="org.bitcoinj.utils.BtcFormatTest" time="0.0"/>
  <testcase name="btcRounding[303]" classname="org.bitcoinj.utils.BtcFormatTest" time="0.002"/>
  <testcase name="negativeTest[303]" classname="org.bitcoinj.utils.BtcFormatTest" time="0.0">
    <skipped/>
  </testcase>
  <testcase name="millicoinScaleTest[303]" classname="org.bitcoinj.utils.BtcFormatTest" time="0.0"/>
  <testcase name="toStringTest[303]" classname="org.bitcoinj.utils.BtcFormatTest" time="0.0">
    <skipped/>
  </testcase>
  <testcase name="testGrouping[303]" classname="org.bitcoinj.utils.BtcFormatTest" time="0.0"/>
  <testcase name="symbolsCodesTest[303]" classname="org.bitcoinj.utils.BtcFormatTest" time="0.0"/>
  <testcase name="defaultLocaleTest[303]" classname="org.bitcoinj.utils.BtcFormatTest" time="0.0"/>
  <testcase name="parsePositionTest[303]" classname="org.bitcoinj.utils.BtcFormatTest" time="0.001"/>
  <testcase name="argumentTypeTest[303]" classname="org.bitcoinj.utils.BtcFormatTest" time="0.0">
    <skipped/>
  </testcase>
  <testcase name="characterIteratorTest[303]" classname="org.bitcoinj.utils.BtcFormatTest" time="0.001"/>
  <testcase name="repeatingPlaceTest[303]" classname="org.bitcoinj.utils.BtcFormatTest" time="0.0"/>
  <testcase name="currencyCodeTest[303]" classname="org.bitcoinj.utils.BtcFormatTest" time="0.0">
    <skipped/>
  </testcase>
  <testcase name="patternDecimalPlaces[303]" classname="org.bitcoinj.utils.BtcFormatTest" time="0.001"/>
  <testcase name="factoryArgumentsTest[304]" classname="org.bitcoinj.utils.BtcFormatTest" time="0.001"/>
  <testcase name="parseTest[304]" classname="org.bitcoinj.utils.BtcFormatTest" time="0.0">
    <skipped/>
  </testcase>
  <testcase name="microcoinScaleTest[304]" classname="org.bitcoinj.utils.BtcFormatTest" time="0.001"/>
  <testcase name="parseMetricTest[304]" classname="org.bitcoinj.utils.BtcFormatTest" time="0.001"/>
  <testcase name="coinScaleTest[304]" classname="org.bitcoinj.utils.BtcFormatTest" time="0.0"/>
  <testcase name="builderTest[304]" classname="org.bitcoinj.utils.BtcFormatTest" time="0.0">
    <skipped/>
  </testcase>
  <testcase name="attributeTest[304]" classname="org.bitcoinj.utils.BtcFormatTest" time="0.0">
    <skipped/>
  </testcase>
  <testcase name="prefixTest[304]" classname="org.bitcoinj.utils.BtcFormatTest" time="0.001"/>
  <testcase name="suffixTest[304]" classname="org.bitcoinj.utils.BtcFormatTest" time="0.0">
    <skipped/>
  </testcase>
  <testcase name="autoDecimalTest[304]" classname="org.bitcoinj.utils.BtcFormatTest" time="0.003"/>
  <testcase name="symbolCollisionTest[304]" classname="org.bitcoinj.utils.BtcFormatTest" time="0.003"/>
  <testcase name="equalityTest[304]" classname="org.bitcoinj.utils.BtcFormatTest" time="0.003"/>
  <testcase name="columnAlignmentTest[304]" classname="org.bitcoinj.utils.BtcFormatTest" time="0.0"/>
  <testcase name="factoryTest[304]" classname="org.bitcoinj.utils.BtcFormatTest" time="0.001"/>
  <testcase name="parse[304]" classname="org.bitcoinj.utils.BtcFormatTest" time="0.0"/>
  <testcase name="btcRounding[304]" classname="org.bitcoinj.utils.BtcFormatTest" time="0.001"/>
  <testcase name="negativeTest[304]" classname="org.bitcoinj.utils.BtcFormatTest" time="0.0">
    <skipped/>
  </testcase>
  <testcase name="millicoinScaleTest[304]" classname="org.bitcoinj.utils.BtcFormatTest" time="0.0"/>
  <testcase name="toStringTest[304]" classname="org.bitcoinj.utils.BtcFormatTest" time="0.0">
    <skipped/>
  </testcase>
  <testcase name="testGrouping[304]" classname="org.bitcoinj.utils.BtcFormatTest" time="0.001"/>
  <testcase name="symbolsCodesTest[304]" classname="org.bitcoinj.utils.BtcFormatTest" time="0.0"/>
  <testcase name="defaultLocaleTest[304]" classname="org.bitcoinj.utils.BtcFormatTest" time="0.001"/>
  <testcase name="parsePositionTest[304]" classname="org.bitcoinj.utils.BtcFormatTest" time="0.0"/>
  <testcase name="argumentTypeTest[304]" classname="org.bitcoinj.utils.BtcFormatTest" time="0.0">
    <skipped/>
  </testcase>
  <testcase name="characterIteratorTest[304]" classname="org.bitcoinj.utils.BtcFormatTest" time="0.0"/>
  <testcase name="repeatingPlaceTest[304]" classname="org.bitcoinj.utils.BtcFormatTest" time="0.001"/>
  <testcase name="currencyCodeTest[304]" classname="org.bitcoinj.utils.BtcFormatTest" time="0.0">
    <skipped/>
  </testcase>
  <testcase name="patternDecimalPlaces[304]" classname="org.bitcoinj.utils.BtcFormatTest" time="0.0"/>
  <testcase name="factoryArgumentsTest[305]" classname="org.bitcoinj.utils.BtcFormatTest" time="0.001"/>
  <testcase name="parseTest[305]" classname="org.bitcoinj.utils.BtcFormatTest" time="0.0">
    <skipped/>
  </testcase>
  <testcase name="microcoinScaleTest[305]" classname="org.bitcoinj.utils.BtcFormatTest" time="0.0"/>
  <testcase name="parseMetricTest[305]" classname="org.bitcoinj.utils.BtcFormatTest" time="0.001"/>
  <testcase name="coinScaleTest[305]" classname="org.bitcoinj.utils.BtcFormatTest" time="0.0"/>
  <testcase name="builderTest[305]" classname="org.bitcoinj.utils.BtcFormatTest" time="0.0">
    <skipped/>
  </testcase>
  <testcase name="attributeTest[305]" classname="org.bitcoinj.utils.BtcFormatTest" time="0.0">
    <skipped/>
  </testcase>
  <testcase name="prefixTest[305]" classname="org.bitcoinj.utils.BtcFormatTest" time="0.0"/>
  <testcase name="suffixTest[305]" classname="org.bitcoinj.utils.BtcFormatTest" time="0.0">
    <skipped/>
  </testcase>
  <testcase name="autoDecimalTest[305]" classname="org.bitcoinj.utils.BtcFormatTest" time="0.001"/>
  <testcase name="symbolCollisionTest[305]" classname="org.bitcoinj.utils.BtcFormatTest" time="0.003"/>
  <testcase name="equalityTest[305]" classname="org.bitcoinj.utils.BtcFormatTest" time="0.003"/>
  <testcase name="columnAlignmentTest[305]" classname="org.bitcoinj.utils.BtcFormatTest" time="0.0"/>
  <testcase name="factoryTest[305]" classname="org.bitcoinj.utils.BtcFormatTest" time="0.0"/>
  <testcase name="parse[305]" classname="org.bitcoinj.utils.BtcFormatTest" time="0.0"/>
  <testcase name="btcRounding[305]" classname="org.bitcoinj.utils.BtcFormatTest" time="0.004"/>
  <testcase name="negativeTest[305]" classname="org.bitcoinj.utils.BtcFormatTest" time="0.0">
    <skipped/>
  </testcase>
  <testcase name="millicoinScaleTest[305]" classname="org.bitcoinj.utils.BtcFormatTest" time="0.0"/>
  <testcase name="toStringTest[305]" classname="org.bitcoinj.utils.BtcFormatTest" time="0.0">
    <skipped/>
  </testcase>
  <testcase name="testGrouping[305]" classname="org.bitcoinj.utils.BtcFormatTest" time="0.0"/>
  <testcase name="symbolsCodesTest[305]" classname="org.bitcoinj.utils.BtcFormatTest" time="0.002"/>
  <testcase name="defaultLocaleTest[305]" classname="org.bitcoinj.utils.BtcFormatTest" time="0.0"/>
  <testcase name="parsePositionTest[305]" classname="org.bitcoinj.utils.BtcFormatTest" time="0.0"/>
  <testcase name="argumentTypeTest[305]" classname="org.bitcoinj.utils.BtcFormatTest" time="0.0">
    <skipped/>
  </testcase>
  <testcase name="characterIteratorTest[305]" classname="org.bitcoinj.utils.BtcFormatTest" time="0.001"/>
  <testcase name="repeatingPlaceTest[305]" classname="org.bitcoinj.utils.BtcFormatTest" time="0.0"/>
  <testcase name="currencyCodeTest[305]" classname="org.bitcoinj.utils.BtcFormatTest" time="0.0">
    <skipped/>
  </testcase>
  <testcase name="patternDecimalPlaces[305]" classname="org.bitcoinj.utils.BtcFormatTest" time="0.0"/>
  <testcase name="factoryArgumentsTest[306]" classname="org.bitcoinj.utils.BtcFormatTest" time="0.002"/>
  <testcase name="parseTest[306]" classname="org.bitcoinj.utils.BtcFormatTest" time="0.0">
    <skipped/>
  </testcase>
  <testcase name="microcoinScaleTest[306]" classname="org.bitcoinj.utils.BtcFormatTest" time="0.0"/>
  <testcase name="parseMetricTest[306]" classname="org.bitcoinj.utils.BtcFormatTest" time="0.001"/>
  <testcase name="coinScaleTest[306]" classname="org.bitcoinj.utils.BtcFormatTest" time="0.0"/>
  <testcase name="builderTest[306]" classname="org.bitcoinj.utils.BtcFormatTest" time="0.0">
    <skipped/>
  </testcase>
  <testcase name="attributeTest[306]" classname="org.bitcoinj.utils.BtcFormatTest" time="0.0">
    <skipped/>
  </testcase>
  <testcase name="prefixTest[306]" classname="org.bitcoinj.utils.BtcFormatTest" time="0.001"/>
  <testcase name="suffixTest[306]" classname="org.bitcoinj.utils.BtcFormatTest" time="0.0">
    <skipped/>
  </testcase>
  <testcase name="autoDecimalTest[306]" classname="org.bitcoinj.utils.BtcFormatTest" time="0.001"/>
  <testcase name="symbolCollisionTest[306]" classname="org.bitcoinj.utils.BtcFormatTest" time="0.003"/>
  <testcase name="equalityTest[306]" classname="org.bitcoinj.utils.BtcFormatTest" time="0.002"/>
  <testcase name="columnAlignmentTest[306]" classname="org.bitcoinj.utils.BtcFormatTest" time="0.001"/>
  <testcase name="factoryTest[306]" classname="org.bitcoinj.utils.BtcFormatTest" time="0.0"/>
  <testcase name="parse[306]" classname="org.bitcoinj.utils.BtcFormatTest" time="0.0"/>
  <testcase name="btcRounding[306]" classname="org.bitcoinj.utils.BtcFormatTest" time="0.001"/>
  <testcase name="negativeTest[306]" classname="org.bitcoinj.utils.BtcFormatTest" time="0.0">
    <skipped/>
  </testcase>
  <testcase name="millicoinScaleTest[306]" classname="org.bitcoinj.utils.BtcFormatTest" time="0.001"/>
  <testcase name="toStringTest[306]" classname="org.bitcoinj.utils.BtcFormatTest" time="0.0">
    <skipped/>
  </testcase>
  <testcase name="testGrouping[306]" classname="org.bitcoinj.utils.BtcFormatTest" time="0.0"/>
  <testcase name="symbolsCodesTest[306]" classname="org.bitcoinj.utils.BtcFormatTest" time="0.001"/>
  <testcase name="defaultLocaleTest[306]" classname="org.bitcoinj.utils.BtcFormatTest" time="0.0"/>
  <testcase name="parsePositionTest[306]" classname="org.bitcoinj.utils.BtcFormatTest" time="0.001"/>
  <testcase name="argumentTypeTest[306]" classname="org.bitcoinj.utils.BtcFormatTest" time="0.0">
    <skipped/>
  </testcase>
  <testcase name="characterIteratorTest[306]" classname="org.bitcoinj.utils.BtcFormatTest" time="0.0"/>
  <testcase name="repeatingPlaceTest[306]" classname="org.bitcoinj.utils.BtcFormatTest" time="0.0"/>
  <testcase name="currencyCodeTest[306]" classname="org.bitcoinj.utils.BtcFormatTest" time="0.0">
    <skipped/>
  </testcase>
  <testcase name="patternDecimalPlaces[306]" classname="org.bitcoinj.utils.BtcFormatTest" time="0.0"/>
  <testcase name="factoryArgumentsTest[307]" classname="org.bitcoinj.utils.BtcFormatTest" time="0.001"/>
  <testcase name="parseTest[307]" classname="org.bitcoinj.utils.BtcFormatTest" time="0.0">
    <skipped/>
  </testcase>
  <testcase name="microcoinScaleTest[307]" classname="org.bitcoinj.utils.BtcFormatTest" time="0.0"/>
  <testcase name="parseMetricTest[307]" classname="org.bitcoinj.utils.BtcFormatTest" time="0.002"/>
  <testcase name="coinScaleTest[307]" classname="org.bitcoinj.utils.BtcFormatTest" time="0.0"/>
  <testcase name="builderTest[307]" classname="org.bitcoinj.utils.BtcFormatTest" time="0.0">
    <skipped/>
  </testcase>
  <testcase name="attributeTest[307]" classname="org.bitcoinj.utils.BtcFormatTest" time="0.0">
    <skipped/>
  </testcase>
  <testcase name="prefixTest[307]" classname="org.bitcoinj.utils.BtcFormatTest" time="0.0"/>
  <testcase name="suffixTest[307]" classname="org.bitcoinj.utils.BtcFormatTest" time="0.0">
    <skipped/>
  </testcase>
  <testcase name="autoDecimalTest[307]" classname="org.bitcoinj.utils.BtcFormatTest" time="0.001"/>
  <testcase name="symbolCollisionTest[307]" classname="org.bitcoinj.utils.BtcFormatTest" time="0.002"/>
  <testcase name="equalityTest[307]" classname="org.bitcoinj.utils.BtcFormatTest" time="0.004"/>
  <testcase name="columnAlignmentTest[307]" classname="org.bitcoinj.utils.BtcFormatTest" time="0.0"/>
  <testcase name="factoryTest[307]" classname="org.bitcoinj.utils.BtcFormatTest" time="0.001"/>
  <testcase name="parse[307]" classname="org.bitcoinj.utils.BtcFormatTest" time="0.0"/>
  <testcase name="btcRounding[307]" classname="org.bitcoinj.utils.BtcFormatTest" time="0.002"/>
  <testcase name="negativeTest[307]" classname="org.bitcoinj.utils.BtcFormatTest" time="0.0">
    <skipped/>
  </testcase>
  <testcase name="millicoinScaleTest[307]" classname="org.bitcoinj.utils.BtcFormatTest" time="0.0"/>
  <testcase name="toStringTest[307]" classname="org.bitcoinj.utils.BtcFormatTest" time="0.0">
    <skipped/>
  </testcase>
  <testcase name="testGrouping[307]" classname="org.bitcoinj.utils.BtcFormatTest" time="0.001"/>
  <testcase name="symbolsCodesTest[307]" classname="org.bitcoinj.utils.BtcFormatTest" time="0.001"/>
  <testcase name="defaultLocaleTest[307]" classname="org.bitcoinj.utils.BtcFormatTest" time="0.0"/>
  <testcase name="parsePositionTest[307]" classname="org.bitcoinj.utils.BtcFormatTest" time="0.0"/>
  <testcase name="argumentTypeTest[307]" classname="org.bitcoinj.utils.BtcFormatTest" time="0.0">
    <skipped/>
  </testcase>
  <testcase name="characterIteratorTest[307]" classname="org.bitcoinj.utils.BtcFormatTest" time="0.001"/>
  <testcase name="repeatingPlaceTest[307]" classname="org.bitcoinj.utils.BtcFormatTest" time="0.0"/>
  <testcase name="currencyCodeTest[307]" classname="org.bitcoinj.utils.BtcFormatTest" time="0.0">
    <skipped/>
  </testcase>
  <testcase name="patternDecimalPlaces[307]" classname="org.bitcoinj.utils.BtcFormatTest" time="0.0"/>
  <testcase name="factoryArgumentsTest[308]" classname="org.bitcoinj.utils.BtcFormatTest" time="0.002"/>
  <testcase name="parseTest[308]" classname="org.bitcoinj.utils.BtcFormatTest" time="0.0">
    <skipped/>
  </testcase>
  <testcase name="microcoinScaleTest[308]" classname="org.bitcoinj.utils.BtcFormatTest" time="0.0"/>
  <testcase name="parseMetricTest[308]" classname="org.bitcoinj.utils.BtcFormatTest" time="0.001"/>
  <testcase name="coinScaleTest[308]" classname="org.bitcoinj.utils.BtcFormatTest" time="0.0"/>
  <testcase name="builderTest[308]" classname="org.bitcoinj.utils.BtcFormatTest" time="0.0">
    <skipped/>
  </testcase>
  <testcase name="attributeTest[308]" classname="org.bitcoinj.utils.BtcFormatTest" time="0.0">
    <skipped/>
  </testcase>
  <testcase name="prefixTest[308]" classname="org.bitcoinj.utils.BtcFormatTest" time="0.0"/>
  <testcase name="suffixTest[308]" classname="org.bitcoinj.utils.BtcFormatTest" time="0.0">
    <skipped/>
  </testcase>
  <testcase name="autoDecimalTest[308]" classname="org.bitcoinj.utils.BtcFormatTest" time="0.002"/>
  <testcase name="symbolCollisionTest[308]" classname="org.bitcoinj.utils.BtcFormatTest" time="0.004"/>
  <testcase name="equalityTest[308]" classname="org.bitcoinj.utils.BtcFormatTest" time="0.003"/>
  <testcase name="columnAlignmentTest[308]" classname="org.bitcoinj.utils.BtcFormatTest" time="0.0"/>
  <testcase name="factoryTest[308]" classname="org.bitcoinj.utils.BtcFormatTest" time="0.001"/>
  <testcase name="parse[308]" classname="org.bitcoinj.utils.BtcFormatTest" time="0.0"/>
  <testcase name="btcRounding[308]" classname="org.bitcoinj.utils.BtcFormatTest" time="0.003"/>
  <testcase name="negativeTest[308]" classname="org.bitcoinj.utils.BtcFormatTest" time="0.0">
    <skipped/>
  </testcase>
  <testcase name="millicoinScaleTest[308]" classname="org.bitcoinj.utils.BtcFormatTest" time="0.0"/>
  <testcase name="toStringTest[308]" classname="org.bitcoinj.utils.BtcFormatTest" time="0.0">
    <skipped/>
  </testcase>
  <testcase name="testGrouping[308]" classname="org.bitcoinj.utils.BtcFormatTest" time="0.0"/>
  <testcase name="symbolsCodesTest[308]" classname="org.bitcoinj.utils.BtcFormatTest" time="0.001"/>
  <testcase name="defaultLocaleTest[308]" classname="org.bitcoinj.utils.BtcFormatTest" time="0.0"/>
  <testcase name="parsePositionTest[308]" classname="org.bitcoinj.utils.BtcFormatTest" time="0.0"/>
  <testcase name="argumentTypeTest[308]" classname="org.bitcoinj.utils.BtcFormatTest" time="0.0">
    <skipped/>
  </testcase>
  <testcase name="characterIteratorTest[308]" classname="org.bitcoinj.utils.BtcFormatTest" time="0.001"/>
  <testcase name="repeatingPlaceTest[308]" classname="org.bitcoinj.utils.BtcFormatTest" time="0.0"/>
  <testcase name="currencyCodeTest[308]" classname="org.bitcoinj.utils.BtcFormatTest" time="0.0">
    <skipped/>
  </testcase>
  <testcase name="patternDecimalPlaces[308]" classname="org.bitcoinj.utils.BtcFormatTest" time="0.0"/>
  <testcase name="factoryArgumentsTest[309]" classname="org.bitcoinj.utils.BtcFormatTest" time="0.002"/>
  <testcase name="parseTest[309]" classname="org.bitcoinj.utils.BtcFormatTest" time="0.0">
    <skipped/>
  </testcase>
  <testcase name="microcoinScaleTest[309]" classname="org.bitcoinj.utils.BtcFormatTest" time="0.0"/>
  <testcase name="parseMetricTest[309]" classname="org.bitcoinj.utils.BtcFormatTest" time="0.002"/>
  <testcase name="coinScaleTest[309]" classname="org.bitcoinj.utils.BtcFormatTest" time="0.001"/>
  <testcase name="builderTest[309]" classname="org.bitcoinj.utils.BtcFormatTest" time="0.0">
    <skipped/>
  </testcase>
  <testcase name="attributeTest[309]" classname="org.bitcoinj.utils.BtcFormatTest" time="0.0">
    <skipped/>
  </testcase>
  <testcase name="prefixTest[309]" classname="org.bitcoinj.utils.BtcFormatTest" time="0.001"/>
  <testcase name="suffixTest[309]" classname="org.bitcoinj.utils.BtcFormatTest" time="0.0">
    <skipped/>
  </testcase>
  <testcase name="autoDecimalTest[309]" classname="org.bitcoinj.utils.BtcFormatTest" time="0.001"/>
  <testcase name="symbolCollisionTest[309]" classname="org.bitcoinj.utils.BtcFormatTest" time="0.002"/>
  <testcase name="equalityTest[309]" classname="org.bitcoinj.utils.BtcFormatTest" time="0.003"/>
  <testcase name="columnAlignmentTest[309]" classname="org.bitcoinj.utils.BtcFormatTest" time="0.0"/>
  <testcase name="factoryTest[309]" classname="org.bitcoinj.utils.BtcFormatTest" time="0.001"/>
  <testcase name="parse[309]" classname="org.bitcoinj.utils.BtcFormatTest" time="0.0"/>
  <testcase name="btcRounding[309]" classname="org.bitcoinj.utils.BtcFormatTest" time="0.001"/>
  <testcase name="negativeTest[309]" classname="org.bitcoinj.utils.BtcFormatTest" time="0.0">
    <skipped/>
  </testcase>
  <testcase name="millicoinScaleTest[309]" classname="org.bitcoinj.utils.BtcFormatTest" time="0.0"/>
  <testcase name="toStringTest[309]" classname="org.bitcoinj.utils.BtcFormatTest" time="0.0">
    <skipped/>
  </testcase>
  <testcase name="testGrouping[309]" classname="org.bitcoinj.utils.BtcFormatTest" time="0.0"/>
  <testcase name="symbolsCodesTest[309]" classname="org.bitcoinj.utils.BtcFormatTest" time="0.001"/>
  <testcase name="defaultLocaleTest[309]" classname="org.bitcoinj.utils.BtcFormatTest" time="0.0"/>
  <testcase name="parsePositionTest[309]" classname="org.bitcoinj.utils.BtcFormatTest" time="0.001"/>
  <testcase name="argumentTypeTest[309]" classname="org.bitcoinj.utils.BtcFormatTest" time="0.0">
    <skipped/>
  </testcase>
  <testcase name="characterIteratorTest[309]" classname="org.bitcoinj.utils.BtcFormatTest" time="0.0"/>
  <testcase name="repeatingPlaceTest[309]" classname="org.bitcoinj.utils.BtcFormatTest" time="0.001"/>
  <testcase name="currencyCodeTest[309]" classname="org.bitcoinj.utils.BtcFormatTest" time="0.0">
    <skipped/>
  </testcase>
  <testcase name="patternDecimalPlaces[309]" classname="org.bitcoinj.utils.BtcFormatTest" time="0.0"/>
  <testcase name="factoryArgumentsTest[310]" classname="org.bitcoinj.utils.BtcFormatTest" time="0.002"/>
  <testcase name="parseTest[310]" classname="org.bitcoinj.utils.BtcFormatTest" time="0.0">
    <skipped/>
  </testcase>
  <testcase name="microcoinScaleTest[310]" classname="org.bitcoinj.utils.BtcFormatTest" time="0.0"/>
  <testcase name="parseMetricTest[310]" classname="org.bitcoinj.utils.BtcFormatTest" time="0.002"/>
  <testcase name="coinScaleTest[310]" classname="org.bitcoinj.utils.BtcFormatTest" time="0.0"/>
  <testcase name="builderTest[310]" classname="org.bitcoinj.utils.BtcFormatTest" time="0.0">
    <skipped/>
  </testcase>
  <testcase name="attributeTest[310]" classname="org.bitcoinj.utils.BtcFormatTest" time="0.0">
    <skipped/>
  </testcase>
  <testcase name="prefixTest[310]" classname="org.bitcoinj.utils.BtcFormatTest" time="0.001"/>
  <testcase name="suffixTest[310]" classname="org.bitcoinj.utils.BtcFormatTest" time="0.0">
    <skipped/>
  </testcase>
  <testcase name="autoDecimalTest[310]" classname="org.bitcoinj.utils.BtcFormatTest" time="0.002"/>
  <testcase name="symbolCollisionTest[310]" classname="org.bitcoinj.utils.BtcFormatTest" time="0.006"/>
  <testcase name="equalityTest[310]" classname="org.bitcoinj.utils.BtcFormatTest" time="0.003"/>
  <testcase name="columnAlignmentTest[310]" classname="org.bitcoinj.utils.BtcFormatTest" time="0.001"/>
  <testcase name="factoryTest[310]" classname="org.bitcoinj.utils.BtcFormatTest" time="0.0"/>
  <testcase name="parse[310]" classname="org.bitcoinj.utils.BtcFormatTest" time="0.0"/>
  <testcase name="btcRounding[310]" classname="org.bitcoinj.utils.BtcFormatTest" time="0.003"/>
  <testcase name="negativeTest[310]" classname="org.bitcoinj.utils.BtcFormatTest" time="0.0">
    <skipped/>
  </testcase>
  <testcase name="millicoinScaleTest[310]" classname="org.bitcoinj.utils.BtcFormatTest" time="0.0"/>
  <testcase name="toStringTest[310]" classname="org.bitcoinj.utils.BtcFormatTest" time="0.0">
    <skipped/>
  </testcase>
  <testcase name="testGrouping[310]" classname="org.bitcoinj.utils.BtcFormatTest" time="0.0"/>
  <testcase name="symbolsCodesTest[310]" classname="org.bitcoinj.utils.BtcFormatTest" time="0.001"/>
  <testcase name="defaultLocaleTest[310]" classname="org.bitcoinj.utils.BtcFormatTest" time="0.001"/>
  <testcase name="parsePositionTest[310]" classname="org.bitcoinj.utils.BtcFormatTest" time="0.0"/>
  <testcase name="argumentTypeTest[310]" classname="org.bitcoinj.utils.BtcFormatTest" time="0.0">
    <skipped/>
  </testcase>
  <testcase name="characterIteratorTest[310]" classname="org.bitcoinj.utils.BtcFormatTest" time="0.001"/>
  <testcase name="repeatingPlaceTest[310]" classname="org.bitcoinj.utils.BtcFormatTest" time="0.001"/>
  <testcase name="currencyCodeTest[310]" classname="org.bitcoinj.utils.BtcFormatTest" time="0.0">
    <skipped/>
  </testcase>
  <testcase name="patternDecimalPlaces[310]" classname="org.bitcoinj.utils.BtcFormatTest" time="0.0"/>
  <testcase name="factoryArgumentsTest[311]" classname="org.bitcoinj.utils.BtcFormatTest" time="0.001"/>
  <testcase name="parseTest[311]" classname="org.bitcoinj.utils.BtcFormatTest" time="0.0">
    <skipped/>
  </testcase>
  <testcase name="microcoinScaleTest[311]" classname="org.bitcoinj.utils.BtcFormatTest" time="0.0"/>
  <testcase name="parseMetricTest[311]" classname="org.bitcoinj.utils.BtcFormatTest" time="0.001"/>
  <testcase name="coinScaleTest[311]" classname="org.bitcoinj.utils.BtcFormatTest" time="0.0"/>
  <testcase name="builderTest[311]" classname="org.bitcoinj.utils.BtcFormatTest" time="0.0">
    <skipped/>
  </testcase>
  <testcase name="attributeTest[311]" classname="org.bitcoinj.utils.BtcFormatTest" time="0.0">
    <skipped/>
  </testcase>
  <testcase name="prefixTest[311]" classname="org.bitcoinj.utils.BtcFormatTest" time="0.0"/>
  <testcase name="suffixTest[311]" classname="org.bitcoinj.utils.BtcFormatTest" time="0.0">
    <skipped/>
  </testcase>
  <testcase name="autoDecimalTest[311]" classname="org.bitcoinj.utils.BtcFormatTest" time="0.0"/>
  <testcase name="symbolCollisionTest[311]" classname="org.bitcoinj.utils.BtcFormatTest" time="0.005"/>
  <testcase name="equalityTest[311]" classname="org.bitcoinj.utils.BtcFormatTest" time="0.012"/>
  <testcase name="columnAlignmentTest[311]" classname="org.bitcoinj.utils.BtcFormatTest" time="0.0"/>
  <testcase name="factoryTest[311]" classname="org.bitcoinj.utils.BtcFormatTest" time="0.0"/>
  <testcase name="parse[311]" classname="org.bitcoinj.utils.BtcFormatTest" time="0.0"/>
  <testcase name="btcRounding[311]" classname="org.bitcoinj.utils.BtcFormatTest" time="0.002"/>
  <testcase name="negativeTest[311]" classname="org.bitcoinj.utils.BtcFormatTest" time="0.0">
    <skipped/>
  </testcase>
  <testcase name="millicoinScaleTest[311]" classname="org.bitcoinj.utils.BtcFormatTest" time="0.0"/>
  <testcase name="toStringTest[311]" classname="org.bitcoinj.utils.BtcFormatTest" time="0.0">
    <skipped/>
  </testcase>
  <testcase name="testGrouping[311]" classname="org.bitcoinj.utils.BtcFormatTest" time="0.001"/>
  <testcase name="symbolsCodesTest[311]" classname="org.bitcoinj.utils.BtcFormatTest" time="0.001"/>
  <testcase name="defaultLocaleTest[311]" classname="org.bitcoinj.utils.BtcFormatTest" time="0.0"/>
  <testcase name="parsePositionTest[311]" classname="org.bitcoinj.utils.BtcFormatTest" time="0.001"/>
  <testcase name="argumentTypeTest[311]" classname="org.bitcoinj.utils.BtcFormatTest" time="0.0">
    <skipped/>
  </testcase>
  <testcase name="characterIteratorTest[311]" classname="org.bitcoinj.utils.BtcFormatTest" time="0.0"/>
  <testcase name="repeatingPlaceTest[311]" classname="org.bitcoinj.utils.BtcFormatTest" time="0.001"/>
  <testcase name="currencyCodeTest[311]" classname="org.bitcoinj.utils.BtcFormatTest" time="0.0">
    <skipped/>
  </testcase>
  <testcase name="patternDecimalPlaces[311]" classname="org.bitcoinj.utils.BtcFormatTest" time="0.0"/>
  <testcase name="factoryArgumentsTest[312]" classname="org.bitcoinj.utils.BtcFormatTest" time="0.002"/>
  <testcase name="parseTest[312]" classname="org.bitcoinj.utils.BtcFormatTest" time="0.0">
    <skipped/>
  </testcase>
  <testcase name="microcoinScaleTest[312]" classname="org.bitcoinj.utils.BtcFormatTest" time="0.0"/>
  <testcase name="parseMetricTest[312]" classname="org.bitcoinj.utils.BtcFormatTest" time="0.002"/>
  <testcase name="coinScaleTest[312]" classname="org.bitcoinj.utils.BtcFormatTest" time="0.0"/>
  <testcase name="builderTest[312]" classname="org.bitcoinj.utils.BtcFormatTest" time="0.0">
    <skipped/>
  </testcase>
  <testcase name="attributeTest[312]" classname="org.bitcoinj.utils.BtcFormatTest" time="0.0">
    <skipped/>
  </testcase>
  <testcase name="prefixTest[312]" classname="org.bitcoinj.utils.BtcFormatTest" time="0.0"/>
  <testcase name="suffixTest[312]" classname="org.bitcoinj.utils.BtcFormatTest" time="0.0">
    <skipped/>
  </testcase>
  <testcase name="autoDecimalTest[312]" classname="org.bitcoinj.utils.BtcFormatTest" time="0.002"/>
  <testcase name="symbolCollisionTest[312]" classname="org.bitcoinj.utils.BtcFormatTest" time="0.002"/>
  <testcase name="equalityTest[312]" classname="org.bitcoinj.utils.BtcFormatTest" time="0.003"/>
  <testcase name="columnAlignmentTest[312]" classname="org.bitcoinj.utils.BtcFormatTest" time="0.0"/>
  <testcase name="factoryTest[312]" classname="org.bitcoinj.utils.BtcFormatTest" time="0.0"/>
  <testcase name="parse[312]" classname="org.bitcoinj.utils.BtcFormatTest" time="0.0"/>
  <testcase name="btcRounding[312]" classname="org.bitcoinj.utils.BtcFormatTest" time="0.001"/>
  <testcase name="negativeTest[312]" classname="org.bitcoinj.utils.BtcFormatTest" time="0.0">
    <skipped/>
  </testcase>
  <testcase name="millicoinScaleTest[312]" classname="org.bitcoinj.utils.BtcFormatTest" time="0.0"/>
  <testcase name="toStringTest[312]" classname="org.bitcoinj.utils.BtcFormatTest" time="0.0">
    <skipped/>
  </testcase>
  <testcase name="testGrouping[312]" classname="org.bitcoinj.utils.BtcFormatTest" time="0.0"/>
  <testcase name="symbolsCodesTest[312]" classname="org.bitcoinj.utils.BtcFormatTest" time="0.001"/>
  <testcase name="defaultLocaleTest[312]" classname="org.bitcoinj.utils.BtcFormatTest" time="0.002"/>
  <testcase name="parsePositionTest[312]" classname="org.bitcoinj.utils.BtcFormatTest" time="0.001"/>
  <testcase name="argumentTypeTest[312]" classname="org.bitcoinj.utils.BtcFormatTest" time="0.0">
    <skipped/>
  </testcase>
  <testcase name="characterIteratorTest[312]" classname="org.bitcoinj.utils.BtcFormatTest" time="0.0"/>
  <testcase name="repeatingPlaceTest[312]" classname="org.bitcoinj.utils.BtcFormatTest" time="0.0"/>
  <testcase name="currencyCodeTest[312]" classname="org.bitcoinj.utils.BtcFormatTest" time="0.0">
    <skipped/>
  </testcase>
  <testcase name="patternDecimalPlaces[312]" classname="org.bitcoinj.utils.BtcFormatTest" time="0.0"/>
  <testcase name="factoryArgumentsTest[313]" classname="org.bitcoinj.utils.BtcFormatTest" time="0.002"/>
  <testcase name="parseTest[313]" classname="org.bitcoinj.utils.BtcFormatTest" time="0.0">
    <skipped/>
  </testcase>
  <testcase name="microcoinScaleTest[313]" classname="org.bitcoinj.utils.BtcFormatTest" time="0.0"/>
  <testcase name="parseMetricTest[313]" classname="org.bitcoinj.utils.BtcFormatTest" time="0.002"/>
  <testcase name="coinScaleTest[313]" classname="org.bitcoinj.utils.BtcFormatTest" time="0.0"/>
  <testcase name="builderTest[313]" classname="org.bitcoinj.utils.BtcFormatTest" time="0.0">
    <skipped/>
  </testcase>
  <testcase name="attributeTest[313]" classname="org.bitcoinj.utils.BtcFormatTest" time="0.0">
    <skipped/>
  </testcase>
  <testcase name="prefixTest[313]" classname="org.bitcoinj.utils.BtcFormatTest" time="0.0"/>
  <testcase name="suffixTest[313]" classname="org.bitcoinj.utils.BtcFormatTest" time="0.0">
    <skipped/>
  </testcase>
  <testcase name="autoDecimalTest[313]" classname="org.bitcoinj.utils.BtcFormatTest" time="0.003"/>
  <testcase name="symbolCollisionTest[313]" classname="org.bitcoinj.utils.BtcFormatTest" time="0.004"/>
  <testcase name="equalityTest[313]" classname="org.bitcoinj.utils.BtcFormatTest" time="0.002"/>
  <testcase name="columnAlignmentTest[313]" classname="org.bitcoinj.utils.BtcFormatTest" time="0.0"/>
  <testcase name="factoryTest[313]" classname="org.bitcoinj.utils.BtcFormatTest" time="0.0"/>
  <testcase name="parse[313]" classname="org.bitcoinj.utils.BtcFormatTest" time="0.0"/>
  <testcase name="btcRounding[313]" classname="org.bitcoinj.utils.BtcFormatTest" time="0.003"/>
  <testcase name="negativeTest[313]" classname="org.bitcoinj.utils.BtcFormatTest" time="0.0">
    <skipped/>
  </testcase>
  <testcase name="millicoinScaleTest[313]" classname="org.bitcoinj.utils.BtcFormatTest" time="0.0"/>
  <testcase name="toStringTest[313]" classname="org.bitcoinj.utils.BtcFormatTest" time="0.0">
    <skipped/>
  </testcase>
  <testcase name="testGrouping[313]" classname="org.bitcoinj.utils.BtcFormatTest" time="0.001"/>
  <testcase name="symbolsCodesTest[313]" classname="org.bitcoinj.utils.BtcFormatTest" time="0.0"/>
  <testcase name="defaultLocaleTest[313]" classname="org.bitcoinj.utils.BtcFormatTest" time="0.001"/>
  <testcase name="parsePositionTest[313]" classname="org.bitcoinj.utils.BtcFormatTest" time="0.0"/>
  <testcase name="argumentTypeTest[313]" classname="org.bitcoinj.utils.BtcFormatTest" time="0.0">
    <skipped/>
  </testcase>
  <testcase name="characterIteratorTest[313]" classname="org.bitcoinj.utils.BtcFormatTest" time="0.0"/>
  <testcase name="repeatingPlaceTest[313]" classname="org.bitcoinj.utils.BtcFormatTest" time="0.0"/>
  <testcase name="currencyCodeTest[313]" classname="org.bitcoinj.utils.BtcFormatTest" time="0.0">
    <skipped/>
  </testcase>
  <testcase name="patternDecimalPlaces[313]" classname="org.bitcoinj.utils.BtcFormatTest" time="0.001"/>
  <testcase name="factoryArgumentsTest[314]" classname="org.bitcoinj.utils.BtcFormatTest" time="0.001"/>
  <testcase name="parseTest[314]" classname="org.bitcoinj.utils.BtcFormatTest" time="0.0">
    <skipped/>
  </testcase>
  <testcase name="microcoinScaleTest[314]" classname="org.bitcoinj.utils.BtcFormatTest" time="0.0"/>
  <testcase name="parseMetricTest[314]" classname="org.bitcoinj.utils.BtcFormatTest" time="0.001"/>
  <testcase name="coinScaleTest[314]" classname="org.bitcoinj.utils.BtcFormatTest" time="0.0"/>
  <testcase name="builderTest[314]" classname="org.bitcoinj.utils.BtcFormatTest" time="0.0">
    <skipped/>
  </testcase>
  <testcase name="attributeTest[314]" classname="org.bitcoinj.utils.BtcFormatTest" time="0.001">
    <skipped/>
  </testcase>
  <testcase name="prefixTest[314]" classname="org.bitcoinj.utils.BtcFormatTest" time="0.0"/>
  <testcase name="suffixTest[314]" classname="org.bitcoinj.utils.BtcFormatTest" time="0.0">
    <skipped/>
  </testcase>
  <testcase name="autoDecimalTest[314]" classname="org.bitcoinj.utils.BtcFormatTest" time="0.001"/>
  <testcase name="symbolCollisionTest[314]" classname="org.bitcoinj.utils.BtcFormatTest" time="0.003"/>
  <testcase name="equalityTest[314]" classname="org.bitcoinj.utils.BtcFormatTest" time="0.004"/>
  <testcase name="columnAlignmentTest[314]" classname="org.bitcoinj.utils.BtcFormatTest" time="0.0"/>
  <testcase name="factoryTest[314]" classname="org.bitcoinj.utils.BtcFormatTest" time="0.002"/>
  <testcase name="parse[314]" classname="org.bitcoinj.utils.BtcFormatTest" time="0.0"/>
  <testcase name="btcRounding[314]" classname="org.bitcoinj.utils.BtcFormatTest" time="0.004"/>
  <testcase name="negativeTest[314]" classname="org.bitcoinj.utils.BtcFormatTest" time="0.0">
    <skipped/>
  </testcase>
  <testcase name="millicoinScaleTest[314]" classname="org.bitcoinj.utils.BtcFormatTest" time="0.0"/>
  <testcase name="toStringTest[314]" classname="org.bitcoinj.utils.BtcFormatTest" time="0.0">
    <skipped/>
  </testcase>
  <testcase name="testGrouping[314]" classname="org.bitcoinj.utils.BtcFormatTest" time="0.001"/>
  <testcase name="symbolsCodesTest[314]" classname="org.bitcoinj.utils.BtcFormatTest" time="0.001"/>
  <testcase name="defaultLocaleTest[314]" classname="org.bitcoinj.utils.BtcFormatTest" time="0.0"/>
  <testcase name="parsePositionTest[314]" classname="org.bitcoinj.utils.BtcFormatTest" time="0.001"/>
  <testcase name="argumentTypeTest[314]" classname="org.bitcoinj.utils.BtcFormatTest" time="0.0">
    <skipped/>
  </testcase>
  <testcase name="characterIteratorTest[314]" classname="org.bitcoinj.utils.BtcFormatTest" time="0.002"/>
  <testcase name="repeatingPlaceTest[314]" classname="org.bitcoinj.utils.BtcFormatTest" time="0.0"/>
  <testcase name="currencyCodeTest[314]" classname="org.bitcoinj.utils.BtcFormatTest" time="0.0">
    <skipped/>
  </testcase>
  <testcase name="patternDecimalPlaces[314]" classname="org.bitcoinj.utils.BtcFormatTest" time="0.0"/>
  <testcase name="factoryArgumentsTest[315]" classname="org.bitcoinj.utils.BtcFormatTest" time="0.002"/>
  <testcase name="parseTest[315]" classname="org.bitcoinj.utils.BtcFormatTest" time="0.0">
    <skipped/>
  </testcase>
  <testcase name="microcoinScaleTest[315]" classname="org.bitcoinj.utils.BtcFormatTest" time="0.0"/>
  <testcase name="parseMetricTest[315]" classname="org.bitcoinj.utils.BtcFormatTest" time="0.002"/>
  <testcase name="coinScaleTest[315]" classname="org.bitcoinj.utils.BtcFormatTest" time="0.0"/>
  <testcase name="builderTest[315]" classname="org.bitcoinj.utils.BtcFormatTest" time="0.0">
    <skipped/>
  </testcase>
  <testcase name="attributeTest[315]" classname="org.bitcoinj.utils.BtcFormatTest" time="0.0">
    <skipped/>
  </testcase>
  <testcase name="prefixTest[315]" classname="org.bitcoinj.utils.BtcFormatTest" time="0.001"/>
  <testcase name="suffixTest[315]" classname="org.bitcoinj.utils.BtcFormatTest" time="0.0">
    <skipped/>
  </testcase>
  <testcase name="autoDecimalTest[315]" classname="org.bitcoinj.utils.BtcFormatTest" time="0.001"/>
  <testcase name="symbolCollisionTest[315]" classname="org.bitcoinj.utils.BtcFormatTest" time="0.003"/>
  <testcase name="equalityTest[315]" classname="org.bitcoinj.utils.BtcFormatTest" time="0.003"/>
  <testcase name="columnAlignmentTest[315]" classname="org.bitcoinj.utils.BtcFormatTest" time="0.0"/>
  <testcase name="factoryTest[315]" classname="org.bitcoinj.utils.BtcFormatTest" time="0.001"/>
  <testcase name="parse[315]" classname="org.bitcoinj.utils.BtcFormatTest" time="0.0"/>
  <testcase name="btcRounding[315]" classname="org.bitcoinj.utils.BtcFormatTest" time="0.002"/>
  <testcase name="negativeTest[315]" classname="org.bitcoinj.utils.BtcFormatTest" time="0.0">
    <skipped/>
  </testcase>
  <testcase name="millicoinScaleTest[315]" classname="org.bitcoinj.utils.BtcFormatTest" time="0.0"/>
  <testcase name="toStringTest[315]" classname="org.bitcoinj.utils.BtcFormatTest" time="0.0">
    <skipped/>
  </testcase>
  <testcase name="testGrouping[315]" classname="org.bitcoinj.utils.BtcFormatTest" time="0.001"/>
  <testcase name="symbolsCodesTest[315]" classname="org.bitcoinj.utils.BtcFormatTest" time="0.001"/>
  <testcase name="defaultLocaleTest[315]" classname="org.bitcoinj.utils.BtcFormatTest" time="0.0"/>
  <testcase name="parsePositionTest[315]" classname="org.bitcoinj.utils.BtcFormatTest" time="0.0"/>
  <testcase name="argumentTypeTest[315]" classname="org.bitcoinj.utils.BtcFormatTest" time="0.0">
    <skipped/>
  </testcase>
  <testcase name="characterIteratorTest[315]" classname="org.bitcoinj.utils.BtcFormatTest" time="0.002"/>
  <testcase name="repeatingPlaceTest[315]" classname="org.bitcoinj.utils.BtcFormatTest" time="0.0"/>
  <testcase name="currencyCodeTest[315]" classname="org.bitcoinj.utils.BtcFormatTest" time="0.0">
    <skipped/>
  </testcase>
  <testcase name="patternDecimalPlaces[315]" classname="org.bitcoinj.utils.BtcFormatTest" time="0.001"/>
  <testcase name="factoryArgumentsTest[316]" classname="org.bitcoinj.utils.BtcFormatTest" time="0.002"/>
  <testcase name="parseTest[316]" classname="org.bitcoinj.utils.BtcFormatTest" time="0.0">
    <skipped/>
  </testcase>
  <testcase name="microcoinScaleTest[316]" classname="org.bitcoinj.utils.BtcFormatTest" time="0.0"/>
  <testcase name="parseMetricTest[316]" classname="org.bitcoinj.utils.BtcFormatTest" time="0.005"/>
  <testcase name="coinScaleTest[316]" classname="org.bitcoinj.utils.BtcFormatTest" time="0.0"/>
  <testcase name="builderTest[316]" classname="org.bitcoinj.utils.BtcFormatTest" time="0.0">
    <skipped/>
  </testcase>
  <testcase name="attributeTest[316]" classname="org.bitcoinj.utils.BtcFormatTest" time="0.0">
    <skipped/>
  </testcase>
  <testcase name="prefixTest[316]" classname="org.bitcoinj.utils.BtcFormatTest" time="0.001"/>
  <testcase name="suffixTest[316]" classname="org.bitcoinj.utils.BtcFormatTest" time="0.0">
    <skipped/>
  </testcase>
  <testcase name="autoDecimalTest[316]" classname="org.bitcoinj.utils.BtcFormatTest" time="0.003"/>
  <testcase name="symbolCollisionTest[316]" classname="org.bitcoinj.utils.BtcFormatTest" time="0.003"/>
  <testcase name="equalityTest[316]" classname="org.bitcoinj.utils.BtcFormatTest" time="0.002"/>
  <testcase name="columnAlignmentTest[316]" classname="org.bitcoinj.utils.BtcFormatTest" time="0.0"/>
  <testcase name="factoryTest[316]" classname="org.bitcoinj.utils.BtcFormatTest" time="0.0"/>
  <testcase name="parse[316]" classname="org.bitcoinj.utils.BtcFormatTest" time="0.0"/>
  <testcase name="btcRounding[316]" classname="org.bitcoinj.utils.BtcFormatTest" time="0.002"/>
  <testcase name="negativeTest[316]" classname="org.bitcoinj.utils.BtcFormatTest" time="0.0">
    <skipped/>
  </testcase>
  <testcase name="millicoinScaleTest[316]" classname="org.bitcoinj.utils.BtcFormatTest" time="0.001"/>
  <testcase name="toStringTest[316]" classname="org.bitcoinj.utils.BtcFormatTest" time="0.0">
    <skipped/>
  </testcase>
  <testcase name="testGrouping[316]" classname="org.bitcoinj.utils.BtcFormatTest" time="0.0"/>
  <testcase name="symbolsCodesTest[316]" classname="org.bitcoinj.utils.BtcFormatTest" time="0.002"/>
  <testcase name="defaultLocaleTest[316]" classname="org.bitcoinj.utils.BtcFormatTest" time="0.0"/>
  <testcase name="parsePositionTest[316]" classname="org.bitcoinj.utils.BtcFormatTest" time="0.0"/>
  <testcase name="argumentTypeTest[316]" classname="org.bitcoinj.utils.BtcFormatTest" time="0.0">
    <skipped/>
  </testcase>
  <testcase name="characterIteratorTest[316]" classname="org.bitcoinj.utils.BtcFormatTest" time="0.001"/>
  <testcase name="repeatingPlaceTest[316]" classname="org.bitcoinj.utils.BtcFormatTest" time="0.001"/>
  <testcase name="currencyCodeTest[316]" classname="org.bitcoinj.utils.BtcFormatTest" time="0.0">
    <skipped/>
  </testcase>
  <testcase name="patternDecimalPlaces[316]" classname="org.bitcoinj.utils.BtcFormatTest" time="0.0"/>
  <testcase name="factoryArgumentsTest[317]" classname="org.bitcoinj.utils.BtcFormatTest" time="0.003"/>
  <testcase name="parseTest[317]" classname="org.bitcoinj.utils.BtcFormatTest" time="0.0">
    <skipped/>
  </testcase>
  <testcase name="microcoinScaleTest[317]" classname="org.bitcoinj.utils.BtcFormatTest" time="0.0"/>
  <testcase name="parseMetricTest[317]" classname="org.bitcoinj.utils.BtcFormatTest" time="0.002"/>
  <testcase name="coinScaleTest[317]" classname="org.bitcoinj.utils.BtcFormatTest" time="0.001"/>
  <testcase name="builderTest[317]" classname="org.bitcoinj.utils.BtcFormatTest" time="0.0">
    <skipped/>
  </testcase>
  <testcase name="attributeTest[317]" classname="org.bitcoinj.utils.BtcFormatTest" time="0.0">
    <skipped/>
  </testcase>
  <testcase name="prefixTest[317]" classname="org.bitcoinj.utils.BtcFormatTest" time="0.0"/>
  <testcase name="suffixTest[317]" classname="org.bitcoinj.utils.BtcFormatTest" time="0.0">
    <skipped/>
  </testcase>
  <testcase name="autoDecimalTest[317]" classname="org.bitcoinj.utils.BtcFormatTest" time="0.002"/>
  <testcase name="symbolCollisionTest[317]" classname="org.bitcoinj.utils.BtcFormatTest" time="0.004"/>
  <testcase name="equalityTest[317]" classname="org.bitcoinj.utils.BtcFormatTest" time="0.004"/>
  <testcase name="columnAlignmentTest[317]" classname="org.bitcoinj.utils.BtcFormatTest" time="0.0"/>
  <testcase name="factoryTest[317]" classname="org.bitcoinj.utils.BtcFormatTest" time="0.001"/>
  <testcase name="parse[317]" classname="org.bitcoinj.utils.BtcFormatTest" time="0.0"/>
  <testcase name="btcRounding[317]" classname="org.bitcoinj.utils.BtcFormatTest" time="0.003"/>
  <testcase name="negativeTest[317]" classname="org.bitcoinj.utils.BtcFormatTest" time="0.0">
    <skipped/>
  </testcase>
  <testcase name="millicoinScaleTest[317]" classname="org.bitcoinj.utils.BtcFormatTest" time="0.0"/>
  <testcase name="toStringTest[317]" classname="org.bitcoinj.utils.BtcFormatTest" time="0.0">
    <skipped/>
  </testcase>
  <testcase name="testGrouping[317]" classname="org.bitcoinj.utils.BtcFormatTest" time="0.001"/>
  <testcase name="symbolsCodesTest[317]" classname="org.bitcoinj.utils.BtcFormatTest" time="0.0"/>
  <testcase name="defaultLocaleTest[317]" classname="org.bitcoinj.utils.BtcFormatTest" time="0.001"/>
  <testcase name="parsePositionTest[317]" classname="org.bitcoinj.utils.BtcFormatTest" time="0.0"/>
  <testcase name="argumentTypeTest[317]" classname="org.bitcoinj.utils.BtcFormatTest" time="0.0">
    <skipped/>
  </testcase>
  <testcase name="characterIteratorTest[317]" classname="org.bitcoinj.utils.BtcFormatTest" time="0.0"/>
  <testcase name="repeatingPlaceTest[317]" classname="org.bitcoinj.utils.BtcFormatTest" time="0.001"/>
  <testcase name="currencyCodeTest[317]" classname="org.bitcoinj.utils.BtcFormatTest" time="0.0">
    <skipped/>
  </testcase>
  <testcase name="patternDecimalPlaces[317]" classname="org.bitcoinj.utils.BtcFormatTest" time="0.0"/>
  <testcase name="factoryArgumentsTest[318]" classname="org.bitcoinj.utils.BtcFormatTest" time="0.002"/>
  <testcase name="parseTest[318]" classname="org.bitcoinj.utils.BtcFormatTest" time="0.0">
    <skipped/>
  </testcase>
  <testcase name="microcoinScaleTest[318]" classname="org.bitcoinj.utils.BtcFormatTest" time="0.001"/>
  <testcase name="parseMetricTest[318]" classname="org.bitcoinj.utils.BtcFormatTest" time="0.001"/>
  <testcase name="coinScaleTest[318]" classname="org.bitcoinj.utils.BtcFormatTest" time="0.0"/>
  <testcase name="builderTest[318]" classname="org.bitcoinj.utils.BtcFormatTest" time="0.0">
    <skipped/>
  </testcase>
  <testcase name="attributeTest[318]" classname="org.bitcoinj.utils.BtcFormatTest" time="0.0">
    <skipped/>
  </testcase>
  <testcase name="prefixTest[318]" classname="org.bitcoinj.utils.BtcFormatTest" time="0.0"/>
  <testcase name="suffixTest[318]" classname="org.bitcoinj.utils.BtcFormatTest" time="0.0">
    <skipped/>
  </testcase>
  <testcase name="autoDecimalTest[318]" classname="org.bitcoinj.utils.BtcFormatTest" time="0.001"/>
  <testcase name="symbolCollisionTest[318]" classname="org.bitcoinj.utils.BtcFormatTest" time="0.003"/>
  <testcase name="equalityTest[318]" classname="org.bitcoinj.utils.BtcFormatTest" time="0.002"/>
  <testcase name="columnAlignmentTest[318]" classname="org.bitcoinj.utils.BtcFormatTest" time="0.0"/>
  <testcase name="factoryTest[318]" classname="org.bitcoinj.utils.BtcFormatTest" time="0.001"/>
  <testcase name="parse[318]" classname="org.bitcoinj.utils.BtcFormatTest" time="0.0"/>
  <testcase name="btcRounding[318]" classname="org.bitcoinj.utils.BtcFormatTest" time="0.002"/>
  <testcase name="negativeTest[318]" classname="org.bitcoinj.utils.BtcFormatTest" time="0.0">
    <skipped/>
  </testcase>
  <testcase name="millicoinScaleTest[318]" classname="org.bitcoinj.utils.BtcFormatTest" time="0.0"/>
  <testcase name="toStringTest[318]" classname="org.bitcoinj.utils.BtcFormatTest" time="0.0">
    <skipped/>
  </testcase>
  <testcase name="testGrouping[318]" classname="org.bitcoinj.utils.BtcFormatTest" time="0.0"/>
  <testcase name="symbolsCodesTest[318]" classname="org.bitcoinj.utils.BtcFormatTest" time="0.002"/>
  <testcase name="defaultLocaleTest[318]" classname="org.bitcoinj.utils.BtcFormatTest" time="0.001"/>
  <testcase name="parsePositionTest[318]" classname="org.bitcoinj.utils.BtcFormatTest" time="0.0"/>
  <testcase name="argumentTypeTest[318]" classname="org.bitcoinj.utils.BtcFormatTest" time="0.0">
    <skipped/>
  </testcase>
  <testcase name="characterIteratorTest[318]" classname="org.bitcoinj.utils.BtcFormatTest" time="0.001"/>
  <testcase name="repeatingPlaceTest[318]" classname="org.bitcoinj.utils.BtcFormatTest" time="0.0"/>
  <testcase name="currencyCodeTest[318]" classname="org.bitcoinj.utils.BtcFormatTest" time="0.0">
    <skipped/>
  </testcase>
  <testcase name="patternDecimalPlaces[318]" classname="org.bitcoinj.utils.BtcFormatTest" time="0.0"/>
  <testcase name="factoryArgumentsTest[319]" classname="org.bitcoinj.utils.BtcFormatTest" time="0.002"/>
  <testcase name="parseTest[319]" classname="org.bitcoinj.utils.BtcFormatTest" time="0.0">
    <skipped/>
  </testcase>
  <testcase name="microcoinScaleTest[319]" classname="org.bitcoinj.utils.BtcFormatTest" time="0.0"/>
  <testcase name="parseMetricTest[319]" classname="org.bitcoinj.utils.BtcFormatTest" time="0.001"/>
  <testcase name="coinScaleTest[319]" classname="org.bitcoinj.utils.BtcFormatTest" time="0.0"/>
  <testcase name="builderTest[319]" classname="org.bitcoinj.utils.BtcFormatTest" time="0.0">
    <skipped/>
  </testcase>
  <testcase name="attributeTest[319]" classname="org.bitcoinj.utils.BtcFormatTest" time="0.0">
    <skipped/>
  </testcase>
  <testcase name="prefixTest[319]" classname="org.bitcoinj.utils.BtcFormatTest" time="0.001"/>
  <testcase name="suffixTest[319]" classname="org.bitcoinj.utils.BtcFormatTest" time="0.0">
    <skipped/>
  </testcase>
  <testcase name="autoDecimalTest[319]" classname="org.bitcoinj.utils.BtcFormatTest" time="0.001"/>
  <testcase name="symbolCollisionTest[319]" classname="org.bitcoinj.utils.BtcFormatTest" time="0.003"/>
  <testcase name="equalityTest[319]" classname="org.bitcoinj.utils.BtcFormatTest" time="0.006"/>
  <testcase name="columnAlignmentTest[319]" classname="org.bitcoinj.utils.BtcFormatTest" time="0.0"/>
  <testcase name="factoryTest[319]" classname="org.bitcoinj.utils.BtcFormatTest" time="0.001"/>
  <testcase name="parse[319]" classname="org.bitcoinj.utils.BtcFormatTest" time="0.0"/>
  <testcase name="btcRounding[319]" classname="org.bitcoinj.utils.BtcFormatTest" time="0.001"/>
  <testcase name="negativeTest[319]" classname="org.bitcoinj.utils.BtcFormatTest" time="0.0">
    <skipped/>
  </testcase>
  <testcase name="millicoinScaleTest[319]" classname="org.bitcoinj.utils.BtcFormatTest" time="0.0"/>
  <testcase name="toStringTest[319]" classname="org.bitcoinj.utils.BtcFormatTest" time="0.0">
    <skipped/>
  </testcase>
  <testcase name="testGrouping[319]" classname="org.bitcoinj.utils.BtcFormatTest" time="0.001"/>
  <testcase name="symbolsCodesTest[319]" classname="org.bitcoinj.utils.BtcFormatTest" time="0.001"/>
  <testcase name="defaultLocaleTest[319]" classname="org.bitcoinj.utils.BtcFormatTest" time="0.0"/>
  <testcase name="parsePositionTest[319]" classname="org.bitcoinj.utils.BtcFormatTest" time="0.001"/>
  <testcase name="argumentTypeTest[319]" classname="org.bitcoinj.utils.BtcFormatTest" time="0.0">
    <skipped/>
  </testcase>
  <testcase name="characterIteratorTest[319]" classname="org.bitcoinj.utils.BtcFormatTest" time="0.001"/>
  <testcase name="repeatingPlaceTest[319]" classname="org.bitcoinj.utils.BtcFormatTest" time="0.001"/>
  <testcase name="currencyCodeTest[319]" classname="org.bitcoinj.utils.BtcFormatTest" time="0.0">
    <skipped/>
  </testcase>
  <testcase name="patternDecimalPlaces[319]" classname="org.bitcoinj.utils.BtcFormatTest" time="0.0"/>
  <testcase name="factoryArgumentsTest[320]" classname="org.bitcoinj.utils.BtcFormatTest" time="0.001"/>
  <testcase name="parseTest[320]" classname="org.bitcoinj.utils.BtcFormatTest" time="0.0">
    <skipped/>
  </testcase>
  <testcase name="microcoinScaleTest[320]" classname="org.bitcoinj.utils.BtcFormatTest" time="0.0"/>
  <testcase name="parseMetricTest[320]" classname="org.bitcoinj.utils.BtcFormatTest" time="0.002"/>
  <testcase name="coinScaleTest[320]" classname="org.bitcoinj.utils.BtcFormatTest" time="0.0"/>
  <testcase name="builderTest[320]" classname="org.bitcoinj.utils.BtcFormatTest" time="0.0">
    <skipped/>
  </testcase>
  <testcase name="attributeTest[320]" classname="org.bitcoinj.utils.BtcFormatTest" time="0.0">
    <skipped/>
  </testcase>
  <testcase name="prefixTest[320]" classname="org.bitcoinj.utils.BtcFormatTest" time="0.0"/>
  <testcase name="suffixTest[320]" classname="org.bitcoinj.utils.BtcFormatTest" time="0.0">
    <skipped/>
  </testcase>
  <testcase name="autoDecimalTest[320]" classname="org.bitcoinj.utils.BtcFormatTest" time="0.001"/>
  <testcase name="symbolCollisionTest[320]" classname="org.bitcoinj.utils.BtcFormatTest" time="0.002"/>
  <testcase name="equalityTest[320]" classname="org.bitcoinj.utils.BtcFormatTest" time="0.004"/>
  <testcase name="columnAlignmentTest[320]" classname="org.bitcoinj.utils.BtcFormatTest" time="0.0"/>
  <testcase name="factoryTest[320]" classname="org.bitcoinj.utils.BtcFormatTest" time="0.001"/>
  <testcase name="parse[320]" classname="org.bitcoinj.utils.BtcFormatTest" time="0.002"/>
  <testcase name="btcRounding[320]" classname="org.bitcoinj.utils.BtcFormatTest" time="0.002"/>
  <testcase name="negativeTest[320]" classname="org.bitcoinj.utils.BtcFormatTest" time="0.0">
    <skipped/>
  </testcase>
  <testcase name="millicoinScaleTest[320]" classname="org.bitcoinj.utils.BtcFormatTest" time="0.0"/>
  <testcase name="toStringTest[320]" classname="org.bitcoinj.utils.BtcFormatTest" time="0.0">
    <skipped/>
  </testcase>
  <testcase name="testGrouping[320]" classname="org.bitcoinj.utils.BtcFormatTest" time="0.0"/>
  <testcase name="symbolsCodesTest[320]" classname="org.bitcoinj.utils.BtcFormatTest" time="0.001"/>
  <testcase name="defaultLocaleTest[320]" classname="org.bitcoinj.utils.BtcFormatTest" time="0.001"/>
  <testcase name="parsePositionTest[320]" classname="org.bitcoinj.utils.BtcFormatTest" time="0.0"/>
  <testcase name="argumentTypeTest[320]" classname="org.bitcoinj.utils.BtcFormatTest" time="0.0">
    <skipped/>
  </testcase>
  <testcase name="characterIteratorTest[320]" classname="org.bitcoinj.utils.BtcFormatTest" time="0.001"/>
  <testcase name="repeatingPlaceTest[320]" classname="org.bitcoinj.utils.BtcFormatTest" time="0.0"/>
  <testcase name="currencyCodeTest[320]" classname="org.bitcoinj.utils.BtcFormatTest" time="0.0">
    <skipped/>
  </testcase>
  <testcase name="patternDecimalPlaces[320]" classname="org.bitcoinj.utils.BtcFormatTest" time="0.0"/>
  <testcase name="factoryArgumentsTest[321]" classname="org.bitcoinj.utils.BtcFormatTest" time="0.002"/>
  <testcase name="parseTest[321]" classname="org.bitcoinj.utils.BtcFormatTest" time="0.0">
    <skipped/>
  </testcase>
  <testcase name="microcoinScaleTest[321]" classname="org.bitcoinj.utils.BtcFormatTest" time="0.0"/>
  <testcase name="parseMetricTest[321]" classname="org.bitcoinj.utils.BtcFormatTest" time="0.001"/>
  <testcase name="coinScaleTest[321]" classname="org.bitcoinj.utils.BtcFormatTest" time="0.0"/>
  <testcase name="builderTest[321]" classname="org.bitcoinj.utils.BtcFormatTest" time="0.0">
    <skipped/>
  </testcase>
  <testcase name="attributeTest[321]" classname="org.bitcoinj.utils.BtcFormatTest" time="0.001">
    <skipped/>
  </testcase>
  <testcase name="prefixTest[321]" classname="org.bitcoinj.utils.BtcFormatTest" time="0.0"/>
  <testcase name="suffixTest[321]" classname="org.bitcoinj.utils.BtcFormatTest" time="0.0">
    <skipped/>
  </testcase>
  <testcase name="autoDecimalTest[321]" classname="org.bitcoinj.utils.BtcFormatTest" time="0.001"/>
  <testcase name="symbolCollisionTest[321]" classname="org.bitcoinj.utils.BtcFormatTest" time="0.002"/>
  <testcase name="equalityTest[321]" classname="org.bitcoinj.utils.BtcFormatTest" time="0.002"/>
  <testcase name="columnAlignmentTest[321]" classname="org.bitcoinj.utils.BtcFormatTest" time="0.0"/>
  <testcase name="factoryTest[321]" classname="org.bitcoinj.utils.BtcFormatTest" time="0.0"/>
  <testcase name="parse[321]" classname="org.bitcoinj.utils.BtcFormatTest" time="0.0"/>
  <testcase name="btcRounding[321]" classname="org.bitcoinj.utils.BtcFormatTest" time="0.001"/>
  <testcase name="negativeTest[321]" classname="org.bitcoinj.utils.BtcFormatTest" time="0.0">
    <skipped/>
  </testcase>
  <testcase name="millicoinScaleTest[321]" classname="org.bitcoinj.utils.BtcFormatTest" time="0.0"/>
  <testcase name="toStringTest[321]" classname="org.bitcoinj.utils.BtcFormatTest" time="0.0">
    <skipped/>
  </testcase>
  <testcase name="testGrouping[321]" classname="org.bitcoinj.utils.BtcFormatTest" time="0.0"/>
  <testcase name="symbolsCodesTest[321]" classname="org.bitcoinj.utils.BtcFormatTest" time="0.0"/>
  <testcase name="defaultLocaleTest[321]" classname="org.bitcoinj.utils.BtcFormatTest" time="0.001"/>
  <testcase name="parsePositionTest[321]" classname="org.bitcoinj.utils.BtcFormatTest" time="0.0"/>
  <testcase name="argumentTypeTest[321]" classname="org.bitcoinj.utils.BtcFormatTest" time="0.0">
    <skipped/>
  </testcase>
  <testcase name="characterIteratorTest[321]" classname="org.bitcoinj.utils.BtcFormatTest" time="0.0"/>
  <testcase name="repeatingPlaceTest[321]" classname="org.bitcoinj.utils.BtcFormatTest" time="0.001"/>
  <testcase name="currencyCodeTest[321]" classname="org.bitcoinj.utils.BtcFormatTest" time="0.0">
    <skipped/>
  </testcase>
  <testcase name="patternDecimalPlaces[321]" classname="org.bitcoinj.utils.BtcFormatTest" time="0.0"/>
  <testcase name="factoryArgumentsTest[322]" classname="org.bitcoinj.utils.BtcFormatTest" time="0.001"/>
  <testcase name="parseTest[322]" classname="org.bitcoinj.utils.BtcFormatTest" time="0.0">
    <skipped/>
  </testcase>
  <testcase name="microcoinScaleTest[322]" classname="org.bitcoinj.utils.BtcFormatTest" time="0.0"/>
  <testcase name="parseMetricTest[322]" classname="org.bitcoinj.utils.BtcFormatTest" time="0.002"/>
  <testcase name="coinScaleTest[322]" classname="org.bitcoinj.utils.BtcFormatTest" time="0.0"/>
  <testcase name="builderTest[322]" classname="org.bitcoinj.utils.BtcFormatTest" time="0.0">
    <skipped/>
  </testcase>
  <testcase name="attributeTest[322]" classname="org.bitcoinj.utils.BtcFormatTest" time="0.0">
    <skipped/>
  </testcase>
  <testcase name="prefixTest[322]" classname="org.bitcoinj.utils.BtcFormatTest" time="0.0"/>
  <testcase name="suffixTest[322]" classname="org.bitcoinj.utils.BtcFormatTest" time="0.0">
    <skipped/>
  </testcase>
  <testcase name="autoDecimalTest[322]" classname="org.bitcoinj.utils.BtcFormatTest" time="0.001"/>
  <testcase name="symbolCollisionTest[322]" classname="org.bitcoinj.utils.BtcFormatTest" time="0.002"/>
  <testcase name="equalityTest[322]" classname="org.bitcoinj.utils.BtcFormatTest" time="0.004"/>
  <testcase name="columnAlignmentTest[322]" classname="org.bitcoinj.utils.BtcFormatTest" time="0.0"/>
  <testcase name="factoryTest[322]" classname="org.bitcoinj.utils.BtcFormatTest" time="0.0"/>
  <testcase name="parse[322]" classname="org.bitcoinj.utils.BtcFormatTest" time="0.0"/>
  <testcase name="btcRounding[322]" classname="org.bitcoinj.utils.BtcFormatTest" time="0.005"/>
  <testcase name="negativeTest[322]" classname="org.bitcoinj.utils.BtcFormatTest" time="0.0">
    <skipped/>
  </testcase>
  <testcase name="millicoinScaleTest[322]" classname="org.bitcoinj.utils.BtcFormatTest" time="0.0"/>
  <testcase name="toStringTest[322]" classname="org.bitcoinj.utils.BtcFormatTest" time="0.0">
    <skipped/>
  </testcase>
  <testcase name="testGrouping[322]" classname="org.bitcoinj.utils.BtcFormatTest" time="0.0"/>
  <testcase name="symbolsCodesTest[322]" classname="org.bitcoinj.utils.BtcFormatTest" time="0.002"/>
  <testcase name="defaultLocaleTest[322]" classname="org.bitcoinj.utils.BtcFormatTest" time="0.0"/>
  <testcase name="parsePositionTest[322]" classname="org.bitcoinj.utils.BtcFormatTest" time="0.0"/>
  <testcase name="argumentTypeTest[322]" classname="org.bitcoinj.utils.BtcFormatTest" time="0.0">
    <skipped/>
  </testcase>
  <testcase name="characterIteratorTest[322]" classname="org.bitcoinj.utils.BtcFormatTest" time="0.001"/>
  <testcase name="repeatingPlaceTest[322]" classname="org.bitcoinj.utils.BtcFormatTest" time="0.0"/>
  <testcase name="currencyCodeTest[322]" classname="org.bitcoinj.utils.BtcFormatTest" time="0.0">
    <skipped/>
  </testcase>
  <testcase name="patternDecimalPlaces[322]" classname="org.bitcoinj.utils.BtcFormatTest" time="0.0"/>
  <testcase name="factoryArgumentsTest[323]" classname="org.bitcoinj.utils.BtcFormatTest" time="0.002"/>
  <testcase name="parseTest[323]" classname="org.bitcoinj.utils.BtcFormatTest" time="0.0">
    <skipped/>
  </testcase>
  <testcase name="microcoinScaleTest[323]" classname="org.bitcoinj.utils.BtcFormatTest" time="0.0"/>
  <testcase name="parseMetricTest[323]" classname="org.bitcoinj.utils.BtcFormatTest" time="0.002"/>
  <testcase name="coinScaleTest[323]" classname="org.bitcoinj.utils.BtcFormatTest" time="0.0"/>
  <testcase name="builderTest[323]" classname="org.bitcoinj.utils.BtcFormatTest" time="0.0">
    <skipped/>
  </testcase>
  <testcase name="attributeTest[323]" classname="org.bitcoinj.utils.BtcFormatTest" time="0.0">
    <skipped/>
  </testcase>
  <testcase name="prefixTest[323]" classname="org.bitcoinj.utils.BtcFormatTest" time="0.001"/>
  <testcase name="suffixTest[323]" classname="org.bitcoinj.utils.BtcFormatTest" time="0.0">
    <skipped/>
  </testcase>
  <testcase name="autoDecimalTest[323]" classname="org.bitcoinj.utils.BtcFormatTest" time="0.001"/>
  <testcase name="symbolCollisionTest[323]" classname="org.bitcoinj.utils.BtcFormatTest" time="0.004"/>
  <testcase name="equalityTest[323]" classname="org.bitcoinj.utils.BtcFormatTest" time="0.004"/>
  <testcase name="columnAlignmentTest[323]" classname="org.bitcoinj.utils.BtcFormatTest" time="0.0"/>
  <testcase name="factoryTest[323]" classname="org.bitcoinj.utils.BtcFormatTest" time="0.001"/>
  <testcase name="parse[323]" classname="org.bitcoinj.utils.BtcFormatTest" time="0.0"/>
  <testcase name="btcRounding[323]" classname="org.bitcoinj.utils.BtcFormatTest" time="0.004"/>
  <testcase name="negativeTest[323]" classname="org.bitcoinj.utils.BtcFormatTest" time="0.0">
    <skipped/>
  </testcase>
  <testcase name="millicoinScaleTest[323]" classname="org.bitcoinj.utils.BtcFormatTest" time="0.0"/>
  <testcase name="toStringTest[323]" classname="org.bitcoinj.utils.BtcFormatTest" time="0.001">
    <skipped/>
  </testcase>
  <testcase name="testGrouping[323]" classname="org.bitcoinj.utils.BtcFormatTest" time="0.0"/>
  <testcase name="symbolsCodesTest[323]" classname="org.bitcoinj.utils.BtcFormatTest" time="0.003"/>
  <testcase name="defaultLocaleTest[323]" classname="org.bitcoinj.utils.BtcFormatTest" time="0.0"/>
  <testcase name="parsePositionTest[323]" classname="org.bitcoinj.utils.BtcFormatTest" time="0.001"/>
  <testcase name="argumentTypeTest[323]" classname="org.bitcoinj.utils.BtcFormatTest" time="0.0">
    <skipped/>
  </testcase>
  <testcase name="characterIteratorTest[323]" classname="org.bitcoinj.utils.BtcFormatTest" time="0.001"/>
  <testcase name="repeatingPlaceTest[323]" classname="org.bitcoinj.utils.BtcFormatTest" time="0.0"/>
  <testcase name="currencyCodeTest[323]" classname="org.bitcoinj.utils.BtcFormatTest" time="0.0">
    <skipped/>
  </testcase>
  <testcase name="patternDecimalPlaces[323]" classname="org.bitcoinj.utils.BtcFormatTest" time="0.0"/>
  <testcase name="factoryArgumentsTest[324]" classname="org.bitcoinj.utils.BtcFormatTest" time="0.002"/>
  <testcase name="parseTest[324]" classname="org.bitcoinj.utils.BtcFormatTest" time="0.0">
    <skipped/>
  </testcase>
  <testcase name="microcoinScaleTest[324]" classname="org.bitcoinj.utils.BtcFormatTest" time="0.0"/>
  <testcase name="parseMetricTest[324]" classname="org.bitcoinj.utils.BtcFormatTest" time="0.002"/>
  <testcase name="coinScaleTest[324]" classname="org.bitcoinj.utils.BtcFormatTest" time="0.0"/>
  <testcase name="builderTest[324]" classname="org.bitcoinj.utils.BtcFormatTest" time="0.0">
    <skipped/>
  </testcase>
  <testcase name="attributeTest[324]" classname="org.bitcoinj.utils.BtcFormatTest" time="0.0">
    <skipped/>
  </testcase>
  <testcase name="prefixTest[324]" classname="org.bitcoinj.utils.BtcFormatTest" time="0.0"/>
  <testcase name="suffixTest[324]" classname="org.bitcoinj.utils.BtcFormatTest" time="0.0">
    <skipped/>
  </testcase>
  <testcase name="autoDecimalTest[324]" classname="org.bitcoinj.utils.BtcFormatTest" time="0.001"/>
  <testcase name="symbolCollisionTest[324]" classname="org.bitcoinj.utils.BtcFormatTest" time="0.003"/>
  <testcase name="equalityTest[324]" classname="org.bitcoinj.utils.BtcFormatTest" time="0.003"/>
  <testcase name="columnAlignmentTest[324]" classname="org.bitcoinj.utils.BtcFormatTest" time="0.0"/>
  <testcase name="factoryTest[324]" classname="org.bitcoinj.utils.BtcFormatTest" time="0.001"/>
  <testcase name="parse[324]" classname="org.bitcoinj.utils.BtcFormatTest" time="0.0"/>
  <testcase name="btcRounding[324]" classname="org.bitcoinj.utils.BtcFormatTest" time="0.002"/>
  <testcase name="negativeTest[324]" classname="org.bitcoinj.utils.BtcFormatTest" time="0.0">
    <skipped/>
  </testcase>
  <testcase name="millicoinScaleTest[324]" classname="org.bitcoinj.utils.BtcFormatTest" time="0.0"/>
  <testcase name="toStringTest[324]" classname="org.bitcoinj.utils.BtcFormatTest" time="0.0">
    <skipped/>
  </testcase>
  <testcase name="testGrouping[324]" classname="org.bitcoinj.utils.BtcFormatTest" time="0.0"/>
  <testcase name="symbolsCodesTest[324]" classname="org.bitcoinj.utils.BtcFormatTest" time="0.001"/>
  <testcase name="defaultLocaleTest[324]" classname="org.bitcoinj.utils.BtcFormatTest" time="0.0"/>
  <testcase name="parsePositionTest[324]" classname="org.bitcoinj.utils.BtcFormatTest" time="0.001"/>
  <testcase name="argumentTypeTest[324]" classname="org.bitcoinj.utils.BtcFormatTest" time="0.0">
    <skipped/>
  </testcase>
  <testcase name="characterIteratorTest[324]" classname="org.bitcoinj.utils.BtcFormatTest" time="0.0"/>
  <testcase name="repeatingPlaceTest[324]" classname="org.bitcoinj.utils.BtcFormatTest" time="0.0"/>
  <testcase name="currencyCodeTest[324]" classname="org.bitcoinj.utils.BtcFormatTest" time="0.0">
    <skipped/>
  </testcase>
  <testcase name="patternDecimalPlaces[324]" classname="org.bitcoinj.utils.BtcFormatTest" time="0.0"/>
  <testcase name="factoryArgumentsTest[325]" classname="org.bitcoinj.utils.BtcFormatTest" time="0.002"/>
  <testcase name="parseTest[325]" classname="org.bitcoinj.utils.BtcFormatTest" time="0.0">
    <skipped/>
  </testcase>
  <testcase name="microcoinScaleTest[325]" classname="org.bitcoinj.utils.BtcFormatTest" time="0.0"/>
  <testcase name="parseMetricTest[325]" classname="org.bitcoinj.utils.BtcFormatTest" time="0.001"/>
  <testcase name="coinScaleTest[325]" classname="org.bitcoinj.utils.BtcFormatTest" time="0.001"/>
  <testcase name="builderTest[325]" classname="org.bitcoinj.utils.BtcFormatTest" time="0.0">
    <skipped/>
  </testcase>
  <testcase name="attributeTest[325]" classname="org.bitcoinj.utils.BtcFormatTest" time="0.0">
    <skipped/>
  </testcase>
  <testcase name="prefixTest[325]" classname="org.bitcoinj.utils.BtcFormatTest" time="0.0"/>
  <testcase name="suffixTest[325]" classname="org.bitcoinj.utils.BtcFormatTest" time="0.0">
    <skipped/>
  </testcase>
  <testcase name="autoDecimalTest[325]" classname="org.bitcoinj.utils.BtcFormatTest" time="0.001"/>
  <testcase name="symbolCollisionTest[325]" classname="org.bitcoinj.utils.BtcFormatTest" time="0.003"/>
  <testcase name="equalityTest[325]" classname="org.bitcoinj.utils.BtcFormatTest" time="0.002"/>
  <testcase name="columnAlignmentTest[325]" classname="org.bitcoinj.utils.BtcFormatTest" time="0.001"/>
  <testcase name="factoryTest[325]" classname="org.bitcoinj.utils.BtcFormatTest" time="0.0"/>
  <testcase name="parse[325]" classname="org.bitcoinj.utils.BtcFormatTest" time="0.0"/>
  <testcase name="btcRounding[325]" classname="org.bitcoinj.utils.BtcFormatTest" time="0.002"/>
  <testcase name="negativeTest[325]" classname="org.bitcoinj.utils.BtcFormatTest" time="0.0">
    <skipped/>
  </testcase>
  <testcase name="millicoinScaleTest[325]" classname="org.bitcoinj.utils.BtcFormatTest" time="0.0"/>
  <testcase name="toStringTest[325]" classname="org.bitcoinj.utils.BtcFormatTest" time="0.0">
    <skipped/>
  </testcase>
  <testcase name="testGrouping[325]" classname="org.bitcoinj.utils.BtcFormatTest" time="0.0"/>
  <testcase name="symbolsCodesTest[325]" classname="org.bitcoinj.utils.BtcFormatTest" time="0.001"/>
  <testcase name="defaultLocaleTest[325]" classname="org.bitcoinj.utils.BtcFormatTest" time="0.0"/>
  <testcase name="parsePositionTest[325]" classname="org.bitcoinj.utils.BtcFormatTest" time="0.001"/>
  <testcase name="argumentTypeTest[325]" classname="org.bitcoinj.utils.BtcFormatTest" time="0.0">
    <skipped/>
  </testcase>
  <testcase name="characterIteratorTest[325]" classname="org.bitcoinj.utils.BtcFormatTest" time="0.002"/>
  <testcase name="repeatingPlaceTest[325]" classname="org.bitcoinj.utils.BtcFormatTest" time="0.001"/>
  <testcase name="currencyCodeTest[325]" classname="org.bitcoinj.utils.BtcFormatTest" time="0.0">
    <skipped/>
  </testcase>
  <testcase name="patternDecimalPlaces[325]" classname="org.bitcoinj.utils.BtcFormatTest" time="0.0"/>
  <testcase name="factoryArgumentsTest[326]" classname="org.bitcoinj.utils.BtcFormatTest" time="0.002"/>
  <testcase name="parseTest[326]" classname="org.bitcoinj.utils.BtcFormatTest" time="0.0">
    <skipped/>
  </testcase>
  <testcase name="microcoinScaleTest[326]" classname="org.bitcoinj.utils.BtcFormatTest" time="0.0"/>
  <testcase name="parseMetricTest[326]" classname="org.bitcoinj.utils.BtcFormatTest" time="0.001"/>
  <testcase name="coinScaleTest[326]" classname="org.bitcoinj.utils.BtcFormatTest" time="0.0"/>
  <testcase name="builderTest[326]" classname="org.bitcoinj.utils.BtcFormatTest" time="0.0">
    <skipped/>
  </testcase>
  <testcase name="attributeTest[326]" classname="org.bitcoinj.utils.BtcFormatTest" time="0.001">
    <skipped/>
  </testcase>
  <testcase name="prefixTest[326]" classname="org.bitcoinj.utils.BtcFormatTest" time="0.0"/>
  <testcase name="suffixTest[326]" classname="org.bitcoinj.utils.BtcFormatTest" time="0.0">
    <skipped/>
  </testcase>
  <testcase name="autoDecimalTest[326]" classname="org.bitcoinj.utils.BtcFormatTest" time="0.001"/>
  <testcase name="symbolCollisionTest[326]" classname="org.bitcoinj.utils.BtcFormatTest" time="0.003"/>
  <testcase name="equalityTest[326]" classname="org.bitcoinj.utils.BtcFormatTest" time="0.002"/>
  <testcase name="columnAlignmentTest[326]" classname="org.bitcoinj.utils.BtcFormatTest" time="0.0"/>
  <testcase name="factoryTest[326]" classname="org.bitcoinj.utils.BtcFormatTest" time="0.001"/>
  <testcase name="parse[326]" classname="org.bitcoinj.utils.BtcFormatTest" time="0.0"/>
  <testcase name="btcRounding[326]" classname="org.bitcoinj.utils.BtcFormatTest" time="0.002"/>
  <testcase name="negativeTest[326]" classname="org.bitcoinj.utils.BtcFormatTest" time="0.0">
    <skipped/>
  </testcase>
  <testcase name="millicoinScaleTest[326]" classname="org.bitcoinj.utils.BtcFormatTest" time="0.0"/>
  <testcase name="toStringTest[326]" classname="org.bitcoinj.utils.BtcFormatTest" time="0.0">
    <skipped/>
  </testcase>
  <testcase name="testGrouping[326]" classname="org.bitcoinj.utils.BtcFormatTest" time="0.001"/>
  <testcase name="symbolsCodesTest[326]" classname="org.bitcoinj.utils.BtcFormatTest" time="0.0"/>
  <testcase name="defaultLocaleTest[326]" classname="org.bitcoinj.utils.BtcFormatTest" time="0.0"/>
  <testcase name="parsePositionTest[326]" classname="org.bitcoinj.utils.BtcFormatTest" time="0.0"/>
  <testcase name="argumentTypeTest[326]" classname="org.bitcoinj.utils.BtcFormatTest" time="0.0">
    <skipped/>
  </testcase>
  <testcase name="characterIteratorTest[326]" classname="org.bitcoinj.utils.BtcFormatTest" time="0.0"/>
  <testcase name="repeatingPlaceTest[326]" classname="org.bitcoinj.utils.BtcFormatTest" time="0.0"/>
  <testcase name="currencyCodeTest[326]" classname="org.bitcoinj.utils.BtcFormatTest" time="0.0">
    <skipped/>
  </testcase>
  <testcase name="patternDecimalPlaces[326]" classname="org.bitcoinj.utils.BtcFormatTest" time="0.0"/>
  <testcase name="factoryArgumentsTest[327]" classname="org.bitcoinj.utils.BtcFormatTest" time="0.001"/>
  <testcase name="parseTest[327]" classname="org.bitcoinj.utils.BtcFormatTest" time="0.0">
    <skipped/>
  </testcase>
  <testcase name="microcoinScaleTest[327]" classname="org.bitcoinj.utils.BtcFormatTest" time="0.0"/>
  <testcase name="parseMetricTest[327]" classname="org.bitcoinj.utils.BtcFormatTest" time="0.001"/>
  <testcase name="coinScaleTest[327]" classname="org.bitcoinj.utils.BtcFormatTest" time="0.0"/>
  <testcase name="builderTest[327]" classname="org.bitcoinj.utils.BtcFormatTest" time="0.0">
    <skipped/>
  </testcase>
  <testcase name="attributeTest[327]" classname="org.bitcoinj.utils.BtcFormatTest" time="0.0">
    <skipped/>
  </testcase>
  <testcase name="prefixTest[327]" classname="org.bitcoinj.utils.BtcFormatTest" time="0.0"/>
  <testcase name="suffixTest[327]" classname="org.bitcoinj.utils.BtcFormatTest" time="0.0">
    <skipped/>
  </testcase>
  <testcase name="autoDecimalTest[327]" classname="org.bitcoinj.utils.BtcFormatTest" time="0.001"/>
  <testcase name="symbolCollisionTest[327]" classname="org.bitcoinj.utils.BtcFormatTest" time="0.003"/>
  <testcase name="equalityTest[327]" classname="org.bitcoinj.utils.BtcFormatTest" time="0.001"/>
  <testcase name="columnAlignmentTest[327]" classname="org.bitcoinj.utils.BtcFormatTest" time="0.0"/>
  <testcase name="factoryTest[327]" classname="org.bitcoinj.utils.BtcFormatTest" time="0.0"/>
  <testcase name="parse[327]" classname="org.bitcoinj.utils.BtcFormatTest" time="0.0"/>
  <testcase name="btcRounding[327]" classname="org.bitcoinj.utils.BtcFormatTest" time="0.002"/>
  <testcase name="negativeTest[327]" classname="org.bitcoinj.utils.BtcFormatTest" time="0.0">
    <skipped/>
  </testcase>
  <testcase name="millicoinScaleTest[327]" classname="org.bitcoinj.utils.BtcFormatTest" time="0.0"/>
  <testcase name="toStringTest[327]" classname="org.bitcoinj.utils.BtcFormatTest" time="0.0">
    <skipped/>
  </testcase>
  <testcase name="testGrouping[327]" classname="org.bitcoinj.utils.BtcFormatTest" time="0.001"/>
  <testcase name="symbolsCodesTest[327]" classname="org.bitcoinj.utils.BtcFormatTest" time="0.001"/>
  <testcase name="defaultLocaleTest[327]" classname="org.bitcoinj.utils.BtcFormatTest" time="0.0"/>
  <testcase name="parsePositionTest[327]" classname="org.bitcoinj.utils.BtcFormatTest" time="0.001"/>
  <testcase name="argumentTypeTest[327]" classname="org.bitcoinj.utils.BtcFormatTest" time="0.0">
    <skipped/>
  </testcase>
  <testcase name="characterIteratorTest[327]" classname="org.bitcoinj.utils.BtcFormatTest" time="0.0"/>
  <testcase name="repeatingPlaceTest[327]" classname="org.bitcoinj.utils.BtcFormatTest" time="0.0"/>
  <testcase name="currencyCodeTest[327]" classname="org.bitcoinj.utils.BtcFormatTest" time="0.0">
    <skipped/>
  </testcase>
  <testcase name="patternDecimalPlaces[327]" classname="org.bitcoinj.utils.BtcFormatTest" time="0.001"/>
  <testcase name="factoryArgumentsTest[328]" classname="org.bitcoinj.utils.BtcFormatTest" time="0.001"/>
  <testcase name="parseTest[328]" classname="org.bitcoinj.utils.BtcFormatTest" time="0.0">
    <skipped/>
  </testcase>
  <testcase name="microcoinScaleTest[328]" classname="org.bitcoinj.utils.BtcFormatTest" time="0.0"/>
  <testcase name="parseMetricTest[328]" classname="org.bitcoinj.utils.BtcFormatTest" time="0.001"/>
  <testcase name="coinScaleTest[328]" classname="org.bitcoinj.utils.BtcFormatTest" time="0.001"/>
  <testcase name="builderTest[328]" classname="org.bitcoinj.utils.BtcFormatTest" time="0.0">
    <skipped/>
  </testcase>
  <testcase name="attributeTest[328]" classname="org.bitcoinj.utils.BtcFormatTest" time="0.0">
    <skipped/>
  </testcase>
  <testcase name="prefixTest[328]" classname="org.bitcoinj.utils.BtcFormatTest" time="0.0"/>
  <testcase name="suffixTest[328]" classname="org.bitcoinj.utils.BtcFormatTest" time="0.0">
    <skipped/>
  </testcase>
  <testcase name="autoDecimalTest[328]" classname="org.bitcoinj.utils.BtcFormatTest" time="0.001"/>
  <testcase name="symbolCollisionTest[328]" classname="org.bitcoinj.utils.BtcFormatTest" time="0.003"/>
  <testcase name="equalityTest[328]" classname="org.bitcoinj.utils.BtcFormatTest" time="0.002"/>
  <testcase name="columnAlignmentTest[328]" classname="org.bitcoinj.utils.BtcFormatTest" time="0.0"/>
  <testcase name="factoryTest[328]" classname="org.bitcoinj.utils.BtcFormatTest" time="0.001"/>
  <testcase name="parse[328]" classname="org.bitcoinj.utils.BtcFormatTest" time="0.0"/>
  <testcase name="btcRounding[328]" classname="org.bitcoinj.utils.BtcFormatTest" time="0.001"/>
  <testcase name="negativeTest[328]" classname="org.bitcoinj.utils.BtcFormatTest" time="0.0">
    <skipped/>
  </testcase>
  <testcase name="millicoinScaleTest[328]" classname="org.bitcoinj.utils.BtcFormatTest" time="0.001"/>
  <testcase name="toStringTest[328]" classname="org.bitcoinj.utils.BtcFormatTest" time="0.0">
    <skipped/>
  </testcase>
  <testcase name="testGrouping[328]" classname="org.bitcoinj.utils.BtcFormatTest" time="0.0"/>
  <testcase name="symbolsCodesTest[328]" classname="org.bitcoinj.utils.BtcFormatTest" time="0.001"/>
  <testcase name="defaultLocaleTest[328]" classname="org.bitcoinj.utils.BtcFormatTest" time="0.0"/>
  <testcase name="parsePositionTest[328]" classname="org.bitcoinj.utils.BtcFormatTest" time="0.001"/>
  <testcase name="argumentTypeTest[328]" classname="org.bitcoinj.utils.BtcFormatTest" time="0.0">
    <skipped/>
  </testcase>
  <testcase name="characterIteratorTest[328]" classname="org.bitcoinj.utils.BtcFormatTest" time="0.001"/>
  <testcase name="repeatingPlaceTest[328]" classname="org.bitcoinj.utils.BtcFormatTest" time="0.0"/>
  <testcase name="currencyCodeTest[328]" classname="org.bitcoinj.utils.BtcFormatTest" time="0.0">
    <skipped/>
  </testcase>
  <testcase name="patternDecimalPlaces[328]" classname="org.bitcoinj.utils.BtcFormatTest" time="0.0"/>
  <testcase name="factoryArgumentsTest[329]" classname="org.bitcoinj.utils.BtcFormatTest" time="0.002"/>
  <testcase name="parseTest[329]" classname="org.bitcoinj.utils.BtcFormatTest" time="0.0">
    <skipped/>
  </testcase>
  <testcase name="microcoinScaleTest[329]" classname="org.bitcoinj.utils.BtcFormatTest" time="0.0"/>
  <testcase name="parseMetricTest[329]" classname="org.bitcoinj.utils.BtcFormatTest" time="0.001"/>
  <testcase name="coinScaleTest[329]" classname="org.bitcoinj.utils.BtcFormatTest" time="0.001"/>
  <testcase name="builderTest[329]" classname="org.bitcoinj.utils.BtcFormatTest" time="0.0">
    <skipped/>
  </testcase>
  <testcase name="attributeTest[329]" classname="org.bitcoinj.utils.BtcFormatTest" time="0.0">
    <skipped/>
  </testcase>
  <testcase name="prefixTest[329]" classname="org.bitcoinj.utils.BtcFormatTest" time="0.0"/>
  <testcase name="suffixTest[329]" classname="org.bitcoinj.utils.BtcFormatTest" time="0.0">
    <skipped/>
  </testcase>
  <testcase name="autoDecimalTest[329]" classname="org.bitcoinj.utils.BtcFormatTest" time="0.003"/>
  <testcase name="symbolCollisionTest[329]" classname="org.bitcoinj.utils.BtcFormatTest" time="0.002"/>
  <testcase name="equalityTest[329]" classname="org.bitcoinj.utils.BtcFormatTest" time="0.003"/>
  <testcase name="columnAlignmentTest[329]" classname="org.bitcoinj.utils.BtcFormatTest" time="0.001"/>
  <testcase name="factoryTest[329]" classname="org.bitcoinj.utils.BtcFormatTest" time="0.001"/>
  <testcase name="parse[329]" classname="org.bitcoinj.utils.BtcFormatTest" time="0.0"/>
  <testcase name="btcRounding[329]" classname="org.bitcoinj.utils.BtcFormatTest" time="0.002"/>
  <testcase name="negativeTest[329]" classname="org.bitcoinj.utils.BtcFormatTest" time="0.0">
    <skipped/>
  </testcase>
  <testcase name="millicoinScaleTest[329]" classname="org.bitcoinj.utils.BtcFormatTest" time="0.0"/>
  <testcase name="toStringTest[329]" classname="org.bitcoinj.utils.BtcFormatTest" time="0.0">
    <skipped/>
  </testcase>
  <testcase name="testGrouping[329]" classname="org.bitcoinj.utils.BtcFormatTest" time="0.001"/>
  <testcase name="symbolsCodesTest[329]" classname="org.bitcoinj.utils.BtcFormatTest" time="0.001"/>
  <testcase name="defaultLocaleTest[329]" classname="org.bitcoinj.utils.BtcFormatTest" time="0.0"/>
  <testcase name="parsePositionTest[329]" classname="org.bitcoinj.utils.BtcFormatTest" time="0.0"/>
  <testcase name="argumentTypeTest[329]" classname="org.bitcoinj.utils.BtcFormatTest" time="0.0">
    <skipped/>
  </testcase>
  <testcase name="characterIteratorTest[329]" classname="org.bitcoinj.utils.BtcFormatTest" time="0.001"/>
  <testcase name="repeatingPlaceTest[329]" classname="org.bitcoinj.utils.BtcFormatTest" time="0.0"/>
  <testcase name="currencyCodeTest[329]" classname="org.bitcoinj.utils.BtcFormatTest" time="0.0">
    <skipped/>
  </testcase>
  <testcase name="patternDecimalPlaces[329]" classname="org.bitcoinj.utils.BtcFormatTest" time="0.0"/>
  <testcase name="factoryArgumentsTest[330]" classname="org.bitcoinj.utils.BtcFormatTest" time="0.001"/>
  <testcase name="parseTest[330]" classname="org.bitcoinj.utils.BtcFormatTest" time="0.0">
    <skipped/>
  </testcase>
  <testcase name="microcoinScaleTest[330]" classname="org.bitcoinj.utils.BtcFormatTest" time="0.0"/>
  <testcase name="parseMetricTest[330]" classname="org.bitcoinj.utils.BtcFormatTest" time="0.002"/>
  <testcase name="coinScaleTest[330]" classname="org.bitcoinj.utils.BtcFormatTest" time="0.0"/>
  <testcase name="builderTest[330]" classname="org.bitcoinj.utils.BtcFormatTest" time="0.0">
    <skipped/>
  </testcase>
  <testcase name="attributeTest[330]" classname="org.bitcoinj.utils.BtcFormatTest" time="0.0">
    <skipped/>
  </testcase>
  <testcase name="prefixTest[330]" classname="org.bitcoinj.utils.BtcFormatTest" time="0.0"/>
  <testcase name="suffixTest[330]" classname="org.bitcoinj.utils.BtcFormatTest" time="0.0">
    <skipped/>
  </testcase>
  <testcase name="autoDecimalTest[330]" classname="org.bitcoinj.utils.BtcFormatTest" time="0.001"/>
  <testcase name="symbolCollisionTest[330]" classname="org.bitcoinj.utils.BtcFormatTest" time="0.003"/>
  <testcase name="equalityTest[330]" classname="org.bitcoinj.utils.BtcFormatTest" time="0.003"/>
  <testcase name="columnAlignmentTest[330]" classname="org.bitcoinj.utils.BtcFormatTest" time="0.0"/>
  <testcase name="factoryTest[330]" classname="org.bitcoinj.utils.BtcFormatTest" time="0.001"/>
  <testcase name="parse[330]" classname="org.bitcoinj.utils.BtcFormatTest" time="0.0"/>
  <testcase name="btcRounding[330]" classname="org.bitcoinj.utils.BtcFormatTest" time="0.002"/>
  <testcase name="negativeTest[330]" classname="org.bitcoinj.utils.BtcFormatTest" time="0.0">
    <skipped/>
  </testcase>
  <testcase name="millicoinScaleTest[330]" classname="org.bitcoinj.utils.BtcFormatTest" time="0.0"/>
  <testcase name="toStringTest[330]" classname="org.bitcoinj.utils.BtcFormatTest" time="0.0">
    <skipped/>
  </testcase>
  <testcase name="testGrouping[330]" classname="org.bitcoinj.utils.BtcFormatTest" time="0.0"/>
  <testcase name="symbolsCodesTest[330]" classname="org.bitcoinj.utils.BtcFormatTest" time="0.001"/>
  <testcase name="defaultLocaleTest[330]" classname="org.bitcoinj.utils.BtcFormatTest" time="0.0"/>
  <testcase name="parsePositionTest[330]" classname="org.bitcoinj.utils.BtcFormatTest" time="0.0"/>
  <testcase name="argumentTypeTest[330]" classname="org.bitcoinj.utils.BtcFormatTest" time="0.0">
    <skipped/>
  </testcase>
  <testcase name="characterIteratorTest[330]" classname="org.bitcoinj.utils.BtcFormatTest" time="0.001"/>
  <testcase name="repeatingPlaceTest[330]" classname="org.bitcoinj.utils.BtcFormatTest" time="0.0"/>
  <testcase name="currencyCodeTest[330]" classname="org.bitcoinj.utils.BtcFormatTest" time="0.0">
    <skipped/>
  </testcase>
  <testcase name="patternDecimalPlaces[330]" classname="org.bitcoinj.utils.BtcFormatTest" time="0.0"/>
  <testcase name="factoryArgumentsTest[331]" classname="org.bitcoinj.utils.BtcFormatTest" time="0.002"/>
  <testcase name="parseTest[331]" classname="org.bitcoinj.utils.BtcFormatTest" time="0.0">
    <skipped/>
  </testcase>
  <testcase name="microcoinScaleTest[331]" classname="org.bitcoinj.utils.BtcFormatTest" time="0.0"/>
  <testcase name="parseMetricTest[331]" classname="org.bitcoinj.utils.BtcFormatTest" time="0.001"/>
  <testcase name="coinScaleTest[331]" classname="org.bitcoinj.utils.BtcFormatTest" time="0.0"/>
  <testcase name="builderTest[331]" classname="org.bitcoinj.utils.BtcFormatTest" time="0.0">
    <skipped/>
  </testcase>
  <testcase name="attributeTest[331]" classname="org.bitcoinj.utils.BtcFormatTest" time="0.0">
    <skipped/>
  </testcase>
  <testcase name="prefixTest[331]" classname="org.bitcoinj.utils.BtcFormatTest" time="0.0"/>
  <testcase name="suffixTest[331]" classname="org.bitcoinj.utils.BtcFormatTest" time="0.0">
    <skipped/>
  </testcase>
  <testcase name="autoDecimalTest[331]" classname="org.bitcoinj.utils.BtcFormatTest" time="0.001"/>
  <testcase name="symbolCollisionTest[331]" classname="org.bitcoinj.utils.BtcFormatTest" time="0.002"/>
  <testcase name="equalityTest[331]" classname="org.bitcoinj.utils.BtcFormatTest" time="0.002"/>
  <testcase name="columnAlignmentTest[331]" classname="org.bitcoinj.utils.BtcFormatTest" time="0.0"/>
  <testcase name="factoryTest[331]" classname="org.bitcoinj.utils.BtcFormatTest" time="0.0"/>
  <testcase name="parse[331]" classname="org.bitcoinj.utils.BtcFormatTest" time="0.0"/>
  <testcase name="btcRounding[331]" classname="org.bitcoinj.utils.BtcFormatTest" time="0.002"/>
  <testcase name="negativeTest[331]" classname="org.bitcoinj.utils.BtcFormatTest" time="0.0">
    <skipped/>
  </testcase>
  <testcase name="millicoinScaleTest[331]" classname="org.bitcoinj.utils.BtcFormatTest" time="0.0"/>
  <testcase name="toStringTest[331]" classname="org.bitcoinj.utils.BtcFormatTest" time="0.0">
    <skipped/>
  </testcase>
  <testcase name="testGrouping[331]" classname="org.bitcoinj.utils.BtcFormatTest" time="0.0"/>
  <testcase name="symbolsCodesTest[331]" classname="org.bitcoinj.utils.BtcFormatTest" time="0.001"/>
  <testcase name="defaultLocaleTest[331]" classname="org.bitcoinj.utils.BtcFormatTest" time="0.0"/>
  <testcase name="parsePositionTest[331]" classname="org.bitcoinj.utils.BtcFormatTest" time="0.0"/>
  <testcase name="argumentTypeTest[331]" classname="org.bitcoinj.utils.BtcFormatTest" time="0.0">
    <skipped/>
  </testcase>
  <testcase name="characterIteratorTest[331]" classname="org.bitcoinj.utils.BtcFormatTest" time="0.001"/>
  <testcase name="repeatingPlaceTest[331]" classname="org.bitcoinj.utils.BtcFormatTest" time="0.0"/>
  <testcase name="currencyCodeTest[331]" classname="org.bitcoinj.utils.BtcFormatTest" time="0.0">
    <skipped/>
  </testcase>
  <testcase name="patternDecimalPlaces[331]" classname="org.bitcoinj.utils.BtcFormatTest" time="0.0"/>
  <testcase name="factoryArgumentsTest[332]" classname="org.bitcoinj.utils.BtcFormatTest" time="0.001"/>
  <testcase name="parseTest[332]" classname="org.bitcoinj.utils.BtcFormatTest" time="0.0">
    <skipped/>
  </testcase>
  <testcase name="microcoinScaleTest[332]" classname="org.bitcoinj.utils.BtcFormatTest" time="0.0"/>
  <testcase name="parseMetricTest[332]" classname="org.bitcoinj.utils.BtcFormatTest" time="0.002"/>
  <testcase name="coinScaleTest[332]" classname="org.bitcoinj.utils.BtcFormatTest" time="0.0"/>
  <testcase name="builderTest[332]" classname="org.bitcoinj.utils.BtcFormatTest" time="0.0">
    <skipped/>
  </testcase>
  <testcase name="attributeTest[332]" classname="org.bitcoinj.utils.BtcFormatTest" time="0.0">
    <skipped/>
  </testcase>
  <testcase name="prefixTest[332]" classname="org.bitcoinj.utils.BtcFormatTest" time="0.0"/>
  <testcase name="suffixTest[332]" classname="org.bitcoinj.utils.BtcFormatTest" time="0.0">
    <skipped/>
  </testcase>
  <testcase name="autoDecimalTest[332]" classname="org.bitcoinj.utils.BtcFormatTest" time="0.001"/>
  <testcase name="symbolCollisionTest[332]" classname="org.bitcoinj.utils.BtcFormatTest" time="0.002"/>
  <testcase name="equalityTest[332]" classname="org.bitcoinj.utils.BtcFormatTest" time="0.002"/>
  <testcase name="columnAlignmentTest[332]" classname="org.bitcoinj.utils.BtcFormatTest" time="0.001"/>
  <testcase name="factoryTest[332]" classname="org.bitcoinj.utils.BtcFormatTest" time="0.0"/>
  <testcase name="parse[332]" classname="org.bitcoinj.utils.BtcFormatTest" time="0.0"/>
  <testcase name="btcRounding[332]" classname="org.bitcoinj.utils.BtcFormatTest" time="0.003"/>
  <testcase name="negativeTest[332]" classname="org.bitcoinj.utils.BtcFormatTest" time="0.0">
    <skipped/>
  </testcase>
  <testcase name="millicoinScaleTest[332]" classname="org.bitcoinj.utils.BtcFormatTest" time="0.0"/>
  <testcase name="toStringTest[332]" classname="org.bitcoinj.utils.BtcFormatTest" time="0.0">
    <skipped/>
  </testcase>
  <testcase name="testGrouping[332]" classname="org.bitcoinj.utils.BtcFormatTest" time="0.0"/>
  <testcase name="symbolsCodesTest[332]" classname="org.bitcoinj.utils.BtcFormatTest" time="0.001"/>
  <testcase name="defaultLocaleTest[332]" classname="org.bitcoinj.utils.BtcFormatTest" time="0.0"/>
  <testcase name="parsePositionTest[332]" classname="org.bitcoinj.utils.BtcFormatTest" time="0.0"/>
  <testcase name="argumentTypeTest[332]" classname="org.bitcoinj.utils.BtcFormatTest" time="0.0">
    <skipped/>
  </testcase>
  <testcase name="characterIteratorTest[332]" classname="org.bitcoinj.utils.BtcFormatTest" time="0.001"/>
  <testcase name="repeatingPlaceTest[332]" classname="org.bitcoinj.utils.BtcFormatTest" time="0.0"/>
  <testcase name="currencyCodeTest[332]" classname="org.bitcoinj.utils.BtcFormatTest" time="0.0">
    <skipped/>
  </testcase>
  <testcase name="patternDecimalPlaces[332]" classname="org.bitcoinj.utils.BtcFormatTest" time="0.0"/>
  <testcase name="factoryArgumentsTest[333]" classname="org.bitcoinj.utils.BtcFormatTest" time="0.001"/>
  <testcase name="parseTest[333]" classname="org.bitcoinj.utils.BtcFormatTest" time="0.0">
    <skipped/>
  </testcase>
  <testcase name="microcoinScaleTest[333]" classname="org.bitcoinj.utils.BtcFormatTest" time="0.0"/>
  <testcase name="parseMetricTest[333]" classname="org.bitcoinj.utils.BtcFormatTest" time="0.001"/>
  <testcase name="coinScaleTest[333]" classname="org.bitcoinj.utils.BtcFormatTest" time="0.0"/>
  <testcase name="builderTest[333]" classname="org.bitcoinj.utils.BtcFormatTest" time="0.0">
    <skipped/>
  </testcase>
  <testcase name="attributeTest[333]" classname="org.bitcoinj.utils.BtcFormatTest" time="0.0">
    <skipped/>
  </testcase>
  <testcase name="prefixTest[333]" classname="org.bitcoinj.utils.BtcFormatTest" time="0.0"/>
  <testcase name="suffixTest[333]" classname="org.bitcoinj.utils.BtcFormatTest" time="0.0">
    <skipped/>
  </testcase>
  <testcase name="autoDecimalTest[333]" classname="org.bitcoinj.utils.BtcFormatTest" time="0.005"/>
  <testcase name="symbolCollisionTest[333]" classname="org.bitcoinj.utils.BtcFormatTest" time="0.002"/>
  <testcase name="equalityTest[333]" classname="org.bitcoinj.utils.BtcFormatTest" time="0.003"/>
  <testcase name="columnAlignmentTest[333]" classname="org.bitcoinj.utils.BtcFormatTest" time="0.0"/>
  <testcase name="factoryTest[333]" classname="org.bitcoinj.utils.BtcFormatTest" time="0.001"/>
  <testcase name="parse[333]" classname="org.bitcoinj.utils.BtcFormatTest" time="0.0"/>
  <testcase name="btcRounding[333]" classname="org.bitcoinj.utils.BtcFormatTest" time="0.001"/>
  <testcase name="negativeTest[333]" classname="org.bitcoinj.utils.BtcFormatTest" time="0.0">
    <skipped/>
  </testcase>
  <testcase name="millicoinScaleTest[333]" classname="org.bitcoinj.utils.BtcFormatTest" time="0.0"/>
  <testcase name="toStringTest[333]" classname="org.bitcoinj.utils.BtcFormatTest" time="0.0">
    <skipped/>
  </testcase>
  <testcase name="testGrouping[333]" classname="org.bitcoinj.utils.BtcFormatTest" time="0.0"/>
  <testcase name="symbolsCodesTest[333]" classname="org.bitcoinj.utils.BtcFormatTest" time="0.001"/>
  <testcase name="defaultLocaleTest[333]" classname="org.bitcoinj.utils.BtcFormatTest" time="0.001"/>
  <testcase name="parsePositionTest[333]" classname="org.bitcoinj.utils.BtcFormatTest" time="0.0"/>
  <testcase name="argumentTypeTest[333]" classname="org.bitcoinj.utils.BtcFormatTest" time="0.0">
    <skipped/>
  </testcase>
  <testcase name="characterIteratorTest[333]" classname="org.bitcoinj.utils.BtcFormatTest" time="0.001"/>
  <testcase name="repeatingPlaceTest[333]" classname="org.bitcoinj.utils.BtcFormatTest" time="0.0"/>
  <testcase name="currencyCodeTest[333]" classname="org.bitcoinj.utils.BtcFormatTest" time="0.0">
    <skipped/>
  </testcase>
  <testcase name="patternDecimalPlaces[333]" classname="org.bitcoinj.utils.BtcFormatTest" time="0.0"/>
  <testcase name="factoryArgumentsTest[334]" classname="org.bitcoinj.utils.BtcFormatTest" time="0.002"/>
  <testcase name="parseTest[334]" classname="org.bitcoinj.utils.BtcFormatTest" time="0.0">
    <skipped/>
  </testcase>
  <testcase name="microcoinScaleTest[334]" classname="org.bitcoinj.utils.BtcFormatTest" time="0.0"/>
  <testcase name="parseMetricTest[334]" classname="org.bitcoinj.utils.BtcFormatTest" time="0.001"/>
  <testcase name="coinScaleTest[334]" classname="org.bitcoinj.utils.BtcFormatTest" time="0.001"/>
  <testcase name="builderTest[334]" classname="org.bitcoinj.utils.BtcFormatTest" time="0.0">
    <skipped/>
  </testcase>
  <testcase name="attributeTest[334]" classname="org.bitcoinj.utils.BtcFormatTest" time="0.0">
    <skipped/>
  </testcase>
  <testcase name="prefixTest[334]" classname="org.bitcoinj.utils.BtcFormatTest" time="0.0"/>
  <testcase name="suffixTest[334]" classname="org.bitcoinj.utils.BtcFormatTest" time="0.0">
    <skipped/>
  </testcase>
  <testcase name="autoDecimalTest[334]" classname="org.bitcoinj.utils.BtcFormatTest" time="0.001"/>
  <testcase name="symbolCollisionTest[334]" classname="org.bitcoinj.utils.BtcFormatTest" time="0.004"/>
  <testcase name="equalityTest[334]" classname="org.bitcoinj.utils.BtcFormatTest" time="0.003"/>
  <testcase name="columnAlignmentTest[334]" classname="org.bitcoinj.utils.BtcFormatTest" time="0.0"/>
  <testcase name="factoryTest[334]" classname="org.bitcoinj.utils.BtcFormatTest" time="0.001"/>
  <testcase name="parse[334]" classname="org.bitcoinj.utils.BtcFormatTest" time="0.001"/>
  <testcase name="btcRounding[334]" classname="org.bitcoinj.utils.BtcFormatTest" time="0.002"/>
  <testcase name="negativeTest[334]" classname="org.bitcoinj.utils.BtcFormatTest" time="0.0">
    <skipped/>
  </testcase>
  <testcase name="millicoinScaleTest[334]" classname="org.bitcoinj.utils.BtcFormatTest" time="0.0"/>
  <testcase name="toStringTest[334]" classname="org.bitcoinj.utils.BtcFormatTest" time="0.0">
    <skipped/>
  </testcase>
  <testcase name="testGrouping[334]" classname="org.bitcoinj.utils.BtcFormatTest" time="0.0"/>
  <testcase name="symbolsCodesTest[334]" classname="org.bitcoinj.utils.BtcFormatTest" time="0.001"/>
  <testcase name="defaultLocaleTest[334]" classname="org.bitcoinj.utils.BtcFormatTest" time="0.0"/>
  <testcase name="parsePositionTest[334]" classname="org.bitcoinj.utils.BtcFormatTest" time="0.001"/>
  <testcase name="argumentTypeTest[334]" classname="org.bitcoinj.utils.BtcFormatTest" time="0.0">
    <skipped/>
  </testcase>
  <testcase name="characterIteratorTest[334]" classname="org.bitcoinj.utils.BtcFormatTest" time="0.0"/>
  <testcase name="repeatingPlaceTest[334]" classname="org.bitcoinj.utils.BtcFormatTest" time="0.001"/>
  <testcase name="currencyCodeTest[334]" classname="org.bitcoinj.utils.BtcFormatTest" time="0.0">
    <skipped/>
  </testcase>
  <testcase name="patternDecimalPlaces[334]" classname="org.bitcoinj.utils.BtcFormatTest" time="0.0"/>
  <testcase name="factoryArgumentsTest[335]" classname="org.bitcoinj.utils.BtcFormatTest" time="0.001"/>
  <testcase name="parseTest[335]" classname="org.bitcoinj.utils.BtcFormatTest" time="0.0">
    <skipped/>
  </testcase>
  <testcase name="microcoinScaleTest[335]" classname="org.bitcoinj.utils.BtcFormatTest" time="0.0"/>
  <testcase name="parseMetricTest[335]" classname="org.bitcoinj.utils.BtcFormatTest" time="0.002"/>
  <testcase name="coinScaleTest[335]" classname="org.bitcoinj.utils.BtcFormatTest" time="0.001"/>
  <testcase name="builderTest[335]" classname="org.bitcoinj.utils.BtcFormatTest" time="0.0">
    <skipped/>
  </testcase>
  <testcase name="attributeTest[335]" classname="org.bitcoinj.utils.BtcFormatTest" time="0.0">
    <skipped/>
  </testcase>
  <testcase name="prefixTest[335]" classname="org.bitcoinj.utils.BtcFormatTest" time="0.0"/>
  <testcase name="suffixTest[335]" classname="org.bitcoinj.utils.BtcFormatTest" time="0.0">
    <skipped/>
  </testcase>
  <testcase name="autoDecimalTest[335]" classname="org.bitcoinj.utils.BtcFormatTest" time="0.001"/>
  <testcase name="symbolCollisionTest[335]" classname="org.bitcoinj.utils.BtcFormatTest" time="0.002"/>
  <testcase name="equalityTest[335]" classname="org.bitcoinj.utils.BtcFormatTest" time="0.001"/>
  <testcase name="columnAlignmentTest[335]" classname="org.bitcoinj.utils.BtcFormatTest" time="0.001"/>
  <testcase name="factoryTest[335]" classname="org.bitcoinj.utils.BtcFormatTest" time="0.0"/>
  <testcase name="parse[335]" classname="org.bitcoinj.utils.BtcFormatTest" time="0.0"/>
  <testcase name="btcRounding[335]" classname="org.bitcoinj.utils.BtcFormatTest" time="0.002"/>
  <testcase name="negativeTest[335]" classname="org.bitcoinj.utils.BtcFormatTest" time="0.0">
    <skipped/>
  </testcase>
  <testcase name="millicoinScaleTest[335]" classname="org.bitcoinj.utils.BtcFormatTest" time="0.0"/>
  <testcase name="toStringTest[335]" classname="org.bitcoinj.utils.BtcFormatTest" time="0.0">
    <skipped/>
  </testcase>
  <testcase name="testGrouping[335]" classname="org.bitcoinj.utils.BtcFormatTest" time="0.0"/>
  <testcase name="symbolsCodesTest[335]" classname="org.bitcoinj.utils.BtcFormatTest" time="0.001"/>
  <testcase name="defaultLocaleTest[335]" classname="org.bitcoinj.utils.BtcFormatTest" time="0.001"/>
  <testcase name="parsePositionTest[335]" classname="org.bitcoinj.utils.BtcFormatTest" time="0.0"/>
  <testcase name="argumentTypeTest[335]" classname="org.bitcoinj.utils.BtcFormatTest" time="0.0">
    <skipped/>
  </testcase>
  <testcase name="characterIteratorTest[335]" classname="org.bitcoinj.utils.BtcFormatTest" time="0.001"/>
  <testcase name="repeatingPlaceTest[335]" classname="org.bitcoinj.utils.BtcFormatTest" time="0.0"/>
  <testcase name="currencyCodeTest[335]" classname="org.bitcoinj.utils.BtcFormatTest" time="0.0">
    <skipped/>
  </testcase>
  <testcase name="patternDecimalPlaces[335]" classname="org.bitcoinj.utils.BtcFormatTest" time="0.001"/>
  <testcase name="factoryArgumentsTest[336]" classname="org.bitcoinj.utils.BtcFormatTest" time="0.001"/>
  <testcase name="parseTest[336]" classname="org.bitcoinj.utils.BtcFormatTest" time="0.0">
    <skipped/>
  </testcase>
  <testcase name="microcoinScaleTest[336]" classname="org.bitcoinj.utils.BtcFormatTest" time="0.0"/>
  <testcase name="parseMetricTest[336]" classname="org.bitcoinj.utils.BtcFormatTest" time="0.003"/>
  <testcase name="coinScaleTest[336]" classname="org.bitcoinj.utils.BtcFormatTest" time="0.001"/>
  <testcase name="builderTest[336]" classname="org.bitcoinj.utils.BtcFormatTest" time="0.0">
    <skipped/>
  </testcase>
  <testcase name="attributeTest[336]" classname="org.bitcoinj.utils.BtcFormatTest" time="0.0">
    <skipped/>
  </testcase>
  <testcase name="prefixTest[336]" classname="org.bitcoinj.utils.BtcFormatTest" time="0.0"/>
  <testcase name="suffixTest[336]" classname="org.bitcoinj.utils.BtcFormatTest" time="0.0">
    <skipped/>
  </testcase>
  <testcase name="autoDecimalTest[336]" classname="org.bitcoinj.utils.BtcFormatTest" time="0.002"/>
  <testcase name="symbolCollisionTest[336]" classname="org.bitcoinj.utils.BtcFormatTest" time="0.005"/>
  <testcase name="equalityTest[336]" classname="org.bitcoinj.utils.BtcFormatTest" time="0.003"/>
  <testcase name="columnAlignmentTest[336]" classname="org.bitcoinj.utils.BtcFormatTest" time="0.0"/>
  <testcase name="factoryTest[336]" classname="org.bitcoinj.utils.BtcFormatTest" time="0.001"/>
  <testcase name="parse[336]" classname="org.bitcoinj.utils.BtcFormatTest" time="0.0"/>
  <testcase name="btcRounding[336]" classname="org.bitcoinj.utils.BtcFormatTest" time="0.001"/>
  <testcase name="negativeTest[336]" classname="org.bitcoinj.utils.BtcFormatTest" time="0.0">
    <skipped/>
  </testcase>
  <testcase name="millicoinScaleTest[336]" classname="org.bitcoinj.utils.BtcFormatTest" time="0.0"/>
  <testcase name="toStringTest[336]" classname="org.bitcoinj.utils.BtcFormatTest" time="0.0">
    <skipped/>
  </testcase>
  <testcase name="testGrouping[336]" classname="org.bitcoinj.utils.BtcFormatTest" time="0.0"/>
  <testcase name="symbolsCodesTest[336]" classname="org.bitcoinj.utils.BtcFormatTest" time="0.0"/>
  <testcase name="defaultLocaleTest[336]" classname="org.bitcoinj.utils.BtcFormatTest" time="0.001"/>
  <testcase name="parsePositionTest[336]" classname="org.bitcoinj.utils.BtcFormatTest" time="0.0"/>
  <testcase name="argumentTypeTest[336]" classname="org.bitcoinj.utils.BtcFormatTest" time="0.0">
    <skipped/>
  </testcase>
  <testcase name="characterIteratorTest[336]" classname="org.bitcoinj.utils.BtcFormatTest" time="0.0"/>
  <testcase name="repeatingPlaceTest[336]" classname="org.bitcoinj.utils.BtcFormatTest" time="0.0"/>
  <testcase name="currencyCodeTest[336]" classname="org.bitcoinj.utils.BtcFormatTest" time="0.001">
    <skipped/>
  </testcase>
  <testcase name="patternDecimalPlaces[336]" classname="org.bitcoinj.utils.BtcFormatTest" time="0.0"/>
  <testcase name="factoryArgumentsTest[337]" classname="org.bitcoinj.utils.BtcFormatTest" time="0.001"/>
  <testcase name="parseTest[337]" classname="org.bitcoinj.utils.BtcFormatTest" time="0.0">
    <skipped/>
  </testcase>
  <testcase name="microcoinScaleTest[337]" classname="org.bitcoinj.utils.BtcFormatTest" time="0.0"/>
  <testcase name="parseMetricTest[337]" classname="org.bitcoinj.utils.BtcFormatTest" time="0.002"/>
  <testcase name="coinScaleTest[337]" classname="org.bitcoinj.utils.BtcFormatTest" time="0.0"/>
  <testcase name="builderTest[337]" classname="org.bitcoinj.utils.BtcFormatTest" time="0.0">
    <skipped/>
  </testcase>
  <testcase name="attributeTest[337]" classname="org.bitcoinj.utils.BtcFormatTest" time="0.0">
    <skipped/>
  </testcase>
  <testcase name="prefixTest[337]" classname="org.bitcoinj.utils.BtcFormatTest" time="0.001"/>
  <testcase name="suffixTest[337]" classname="org.bitcoinj.utils.BtcFormatTest" time="0.0">
    <skipped/>
  </testcase>
  <testcase name="autoDecimalTest[337]" classname="org.bitcoinj.utils.BtcFormatTest" time="0.001"/>
  <testcase name="symbolCollisionTest[337]" classname="org.bitcoinj.utils.BtcFormatTest" time="0.005"/>
  <testcase name="equalityTest[337]" classname="org.bitcoinj.utils.BtcFormatTest" time="0.003"/>
  <testcase name="columnAlignmentTest[337]" classname="org.bitcoinj.utils.BtcFormatTest" time="0.0"/>
  <testcase name="factoryTest[337]" classname="org.bitcoinj.utils.BtcFormatTest" time="0.0"/>
  <testcase name="parse[337]" classname="org.bitcoinj.utils.BtcFormatTest" time="0.0"/>
  <testcase name="btcRounding[337]" classname="org.bitcoinj.utils.BtcFormatTest" time="0.002"/>
  <testcase name="negativeTest[337]" classname="org.bitcoinj.utils.BtcFormatTest" time="0.0">
    <skipped/>
  </testcase>
  <testcase name="millicoinScaleTest[337]" classname="org.bitcoinj.utils.BtcFormatTest" time="0.0"/>
  <testcase name="toStringTest[337]" classname="org.bitcoinj.utils.BtcFormatTest" time="0.0">
    <skipped/>
  </testcase>
  <testcase name="testGrouping[337]" classname="org.bitcoinj.utils.BtcFormatTest" time="0.0"/>
  <testcase name="symbolsCodesTest[337]" classname="org.bitcoinj.utils.BtcFormatTest" time="0.001"/>
  <testcase name="defaultLocaleTest[337]" classname="org.bitcoinj.utils.BtcFormatTest" time="0.001"/>
  <testcase name="parsePositionTest[337]" classname="org.bitcoinj.utils.BtcFormatTest" time="0.0"/>
  <testcase name="argumentTypeTest[337]" classname="org.bitcoinj.utils.BtcFormatTest" time="0.0">
    <skipped/>
  </testcase>
  <testcase name="characterIteratorTest[337]" classname="org.bitcoinj.utils.BtcFormatTest" time="0.0"/>
  <testcase name="repeatingPlaceTest[337]" classname="org.bitcoinj.utils.BtcFormatTest" time="0.001"/>
  <testcase name="currencyCodeTest[337]" classname="org.bitcoinj.utils.BtcFormatTest" time="0.0">
    <skipped/>
  </testcase>
  <testcase name="patternDecimalPlaces[337]" classname="org.bitcoinj.utils.BtcFormatTest" time="0.0"/>
  <testcase name="factoryArgumentsTest[338]" classname="org.bitcoinj.utils.BtcFormatTest" time="0.002"/>
  <testcase name="parseTest[338]" classname="org.bitcoinj.utils.BtcFormatTest" time="0.0">
    <skipped/>
  </testcase>
  <testcase name="microcoinScaleTest[338]" classname="org.bitcoinj.utils.BtcFormatTest" time="0.0"/>
  <testcase name="parseMetricTest[338]" classname="org.bitcoinj.utils.BtcFormatTest" time="0.001"/>
  <testcase name="coinScaleTest[338]" classname="org.bitcoinj.utils.BtcFormatTest" time="0.0"/>
  <testcase name="builderTest[338]" classname="org.bitcoinj.utils.BtcFormatTest" time="0.0">
    <skipped/>
  </testcase>
  <testcase name="attributeTest[338]" classname="org.bitcoinj.utils.BtcFormatTest" time="0.0">
    <skipped/>
  </testcase>
  <testcase name="prefixTest[338]" classname="org.bitcoinj.utils.BtcFormatTest" time="0.0"/>
  <testcase name="suffixTest[338]" classname="org.bitcoinj.utils.BtcFormatTest" time="0.0">
    <skipped/>
  </testcase>
  <testcase name="autoDecimalTest[338]" classname="org.bitcoinj.utils.BtcFormatTest" time="0.002"/>
  <testcase name="symbolCollisionTest[338]" classname="org.bitcoinj.utils.BtcFormatTest" time="0.002"/>
  <testcase name="equalityTest[338]" classname="org.bitcoinj.utils.BtcFormatTest" time="0.003"/>
  <testcase name="columnAlignmentTest[338]" classname="org.bitcoinj.utils.BtcFormatTest" time="0.0"/>
  <testcase name="factoryTest[338]" classname="org.bitcoinj.utils.BtcFormatTest" time="0.0"/>
  <testcase name="parse[338]" classname="org.bitcoinj.utils.BtcFormatTest" time="0.0"/>
  <testcase name="btcRounding[338]" classname="org.bitcoinj.utils.BtcFormatTest" time="0.002"/>
  <testcase name="negativeTest[338]" classname="org.bitcoinj.utils.BtcFormatTest" time="0.0">
    <skipped/>
  </testcase>
  <testcase name="millicoinScaleTest[338]" classname="org.bitcoinj.utils.BtcFormatTest" time="0.0"/>
  <testcase name="toStringTest[338]" classname="org.bitcoinj.utils.BtcFormatTest" time="0.0">
    <skipped/>
  </testcase>
  <testcase name="testGrouping[338]" classname="org.bitcoinj.utils.BtcFormatTest" time="0.0"/>
  <testcase name="symbolsCodesTest[338]" classname="org.bitcoinj.utils.BtcFormatTest" time="0.001"/>
  <testcase name="defaultLocaleTest[338]" classname="org.bitcoinj.utils.BtcFormatTest" time="0.001"/>
  <testcase name="parsePositionTest[338]" classname="org.bitcoinj.utils.BtcFormatTest" time="0.0"/>
  <testcase name="argumentTypeTest[338]" classname="org.bitcoinj.utils.BtcFormatTest" time="0.0">
    <skipped/>
  </testcase>
  <testcase name="characterIteratorTest[338]" classname="org.bitcoinj.utils.BtcFormatTest" time="0.0"/>
  <testcase name="repeatingPlaceTest[338]" classname="org.bitcoinj.utils.BtcFormatTest" time="0.001"/>
  <testcase name="currencyCodeTest[338]" classname="org.bitcoinj.utils.BtcFormatTest" time="0.0">
    <skipped/>
  </testcase>
  <testcase name="patternDecimalPlaces[338]" classname="org.bitcoinj.utils.BtcFormatTest" time="0.0"/>
  <testcase name="factoryArgumentsTest[339]" classname="org.bitcoinj.utils.BtcFormatTest" time="0.002"/>
  <testcase name="parseTest[339]" classname="org.bitcoinj.utils.BtcFormatTest" time="0.0">
    <skipped/>
  </testcase>
  <testcase name="microcoinScaleTest[339]" classname="org.bitcoinj.utils.BtcFormatTest" time="0.0"/>
  <testcase name="parseMetricTest[339]" classname="org.bitcoinj.utils.BtcFormatTest" time="0.002"/>
  <testcase name="coinScaleTest[339]" classname="org.bitcoinj.utils.BtcFormatTest" time="0.0"/>
  <testcase name="builderTest[339]" classname="org.bitcoinj.utils.BtcFormatTest" time="0.0">
    <skipped/>
  </testcase>
  <testcase name="attributeTest[339]" classname="org.bitcoinj.utils.BtcFormatTest" time="0.0">
    <skipped/>
  </testcase>
  <testcase name="prefixTest[339]" classname="org.bitcoinj.utils.BtcFormatTest" time="0.0"/>
  <testcase name="suffixTest[339]" classname="org.bitcoinj.utils.BtcFormatTest" time="0.0">
    <skipped/>
  </testcase>
  <testcase name="autoDecimalTest[339]" classname="org.bitcoinj.utils.BtcFormatTest" time="0.001"/>
  <testcase name="symbolCollisionTest[339]" classname="org.bitcoinj.utils.BtcFormatTest" time="0.002"/>
  <testcase name="equalityTest[339]" classname="org.bitcoinj.utils.BtcFormatTest" time="0.001"/>
  <testcase name="columnAlignmentTest[339]" classname="org.bitcoinj.utils.BtcFormatTest" time="0.0"/>
  <testcase name="factoryTest[339]" classname="org.bitcoinj.utils.BtcFormatTest" time="0.001"/>
  <testcase name="parse[339]" classname="org.bitcoinj.utils.BtcFormatTest" time="0.0"/>
  <testcase name="btcRounding[339]" classname="org.bitcoinj.utils.BtcFormatTest" time="0.003"/>
  <testcase name="negativeTest[339]" classname="org.bitcoinj.utils.BtcFormatTest" time="0.0">
    <skipped/>
  </testcase>
  <testcase name="millicoinScaleTest[339]" classname="org.bitcoinj.utils.BtcFormatTest" time="0.0"/>
  <testcase name="toStringTest[339]" classname="org.bitcoinj.utils.BtcFormatTest" time="0.0">
    <skipped/>
  </testcase>
  <testcase name="testGrouping[339]" classname="org.bitcoinj.utils.BtcFormatTest" time="0.0"/>
  <testcase name="symbolsCodesTest[339]" classname="org.bitcoinj.utils.BtcFormatTest" time="0.001"/>
  <testcase name="defaultLocaleTest[339]" classname="org.bitcoinj.utils.BtcFormatTest" time="0.0"/>
  <testcase name="parsePositionTest[339]" classname="org.bitcoinj.utils.BtcFormatTest" time="0.0"/>
  <testcase name="argumentTypeTest[339]" classname="org.bitcoinj.utils.BtcFormatTest" time="0.0">
    <skipped/>
  </testcase>
  <testcase name="characterIteratorTest[339]" classname="org.bitcoinj.utils.BtcFormatTest" time="0.0"/>
  <testcase name="repeatingPlaceTest[339]" classname="org.bitcoinj.utils.BtcFormatTest" time="0.001"/>
  <testcase name="currencyCodeTest[339]" classname="org.bitcoinj.utils.BtcFormatTest" time="0.0">
    <skipped/>
  </testcase>
  <testcase name="patternDecimalPlaces[339]" classname="org.bitcoinj.utils.BtcFormatTest" time="0.0"/>
  <testcase name="factoryArgumentsTest[340]" classname="org.bitcoinj.utils.BtcFormatTest" time="0.001"/>
  <testcase name="parseTest[340]" classname="org.bitcoinj.utils.BtcFormatTest" time="0.0">
    <skipped/>
  </testcase>
  <testcase name="microcoinScaleTest[340]" classname="org.bitcoinj.utils.BtcFormatTest" time="0.0"/>
  <testcase name="parseMetricTest[340]" classname="org.bitcoinj.utils.BtcFormatTest" time="0.002"/>
  <testcase name="coinScaleTest[340]" classname="org.bitcoinj.utils.BtcFormatTest" time="0.0"/>
  <testcase name="builderTest[340]" classname="org.bitcoinj.utils.BtcFormatTest" time="0.0">
    <skipped/>
  </testcase>
  <testcase name="attributeTest[340]" classname="org.bitcoinj.utils.BtcFormatTest" time="0.0">
    <skipped/>
  </testcase>
  <testcase name="prefixTest[340]" classname="org.bitcoinj.utils.BtcFormatTest" time="0.0"/>
  <testcase name="suffixTest[340]" classname="org.bitcoinj.utils.BtcFormatTest" time="0.0">
    <skipped/>
  </testcase>
  <testcase name="autoDecimalTest[340]" classname="org.bitcoinj.utils.BtcFormatTest" time="0.001"/>
  <testcase name="symbolCollisionTest[340]" classname="org.bitcoinj.utils.BtcFormatTest" time="0.003"/>
  <testcase name="equalityTest[340]" classname="org.bitcoinj.utils.BtcFormatTest" time="0.004"/>
  <testcase name="columnAlignmentTest[340]" classname="org.bitcoinj.utils.BtcFormatTest" time="0.0"/>
  <testcase name="factoryTest[340]" classname="org.bitcoinj.utils.BtcFormatTest" time="0.0"/>
  <testcase name="parse[340]" classname="org.bitcoinj.utils.BtcFormatTest" time="0.0"/>
  <testcase name="btcRounding[340]" classname="org.bitcoinj.utils.BtcFormatTest" time="0.002"/>
  <testcase name="negativeTest[340]" classname="org.bitcoinj.utils.BtcFormatTest" time="0.0">
    <skipped/>
  </testcase>
  <testcase name="millicoinScaleTest[340]" classname="org.bitcoinj.utils.BtcFormatTest" time="0.0"/>
  <testcase name="toStringTest[340]" classname="org.bitcoinj.utils.BtcFormatTest" time="0.0">
    <skipped/>
  </testcase>
  <testcase name="testGrouping[340]" classname="org.bitcoinj.utils.BtcFormatTest" time="0.0"/>
  <testcase name="symbolsCodesTest[340]" classname="org.bitcoinj.utils.BtcFormatTest" time="0.001"/>
  <testcase name="defaultLocaleTest[340]" classname="org.bitcoinj.utils.BtcFormatTest" time="0.0"/>
  <testcase name="parsePositionTest[340]" classname="org.bitcoinj.utils.BtcFormatTest" time="0.0"/>
  <testcase name="argumentTypeTest[340]" classname="org.bitcoinj.utils.BtcFormatTest" time="0.0">
    <skipped/>
  </testcase>
  <testcase name="characterIteratorTest[340]" classname="org.bitcoinj.utils.BtcFormatTest" time="0.001"/>
  <testcase name="repeatingPlaceTest[340]" classname="org.bitcoinj.utils.BtcFormatTest" time="0.0"/>
  <testcase name="currencyCodeTest[340]" classname="org.bitcoinj.utils.BtcFormatTest" time="0.0">
    <skipped/>
  </testcase>
  <testcase name="patternDecimalPlaces[340]" classname="org.bitcoinj.utils.BtcFormatTest" time="0.0"/>
  <testcase name="factoryArgumentsTest[341]" classname="org.bitcoinj.utils.BtcFormatTest" time="0.002"/>
  <testcase name="parseTest[341]" classname="org.bitcoinj.utils.BtcFormatTest" time="0.0">
    <skipped/>
  </testcase>
  <testcase name="microcoinScaleTest[341]" classname="org.bitcoinj.utils.BtcFormatTest" time="0.0"/>
  <testcase name="parseMetricTest[341]" classname="org.bitcoinj.utils.BtcFormatTest" time="0.001"/>
  <testcase name="coinScaleTest[341]" classname="org.bitcoinj.utils.BtcFormatTest" time="0.001"/>
  <testcase name="builderTest[341]" classname="org.bitcoinj.utils.BtcFormatTest" time="0.0">
    <skipped/>
  </testcase>
  <testcase name="attributeTest[341]" classname="org.bitcoinj.utils.BtcFormatTest" time="0.0">
    <skipped/>
  </testcase>
  <testcase name="prefixTest[341]" classname="org.bitcoinj.utils.BtcFormatTest" time="0.0"/>
  <testcase name="suffixTest[341]" classname="org.bitcoinj.utils.BtcFormatTest" time="0.0">
    <skipped/>
  </testcase>
  <testcase name="autoDecimalTest[341]" classname="org.bitcoinj.utils.BtcFormatTest" time="0.0"/>
  <testcase name="symbolCollisionTest[341]" classname="org.bitcoinj.utils.BtcFormatTest" time="0.002"/>
  <testcase name="equalityTest[341]" classname="org.bitcoinj.utils.BtcFormatTest" time="0.001"/>
  <testcase name="columnAlignmentTest[341]" classname="org.bitcoinj.utils.BtcFormatTest" time="0.0"/>
  <testcase name="factoryTest[341]" classname="org.bitcoinj.utils.BtcFormatTest" time="0.001"/>
  <testcase name="parse[341]" classname="org.bitcoinj.utils.BtcFormatTest" time="0.0"/>
  <testcase name="btcRounding[341]" classname="org.bitcoinj.utils.BtcFormatTest" time="0.001"/>
  <testcase name="negativeTest[341]" classname="org.bitcoinj.utils.BtcFormatTest" time="0.0">
    <skipped/>
  </testcase>
  <testcase name="millicoinScaleTest[341]" classname="org.bitcoinj.utils.BtcFormatTest" time="0.0"/>
  <testcase name="toStringTest[341]" classname="org.bitcoinj.utils.BtcFormatTest" time="0.0">
    <skipped/>
  </testcase>
  <testcase name="testGrouping[341]" classname="org.bitcoinj.utils.BtcFormatTest" time="0.0"/>
  <testcase name="symbolsCodesTest[341]" classname="org.bitcoinj.utils.BtcFormatTest" time="0.0"/>
  <testcase name="defaultLocaleTest[341]" classname="org.bitcoinj.utils.BtcFormatTest" time="0.0"/>
  <testcase name="parsePositionTest[341]" classname="org.bitcoinj.utils.BtcFormatTest" time="0.001"/>
  <testcase name="argumentTypeTest[341]" classname="org.bitcoinj.utils.BtcFormatTest" time="0.0">
    <skipped/>
  </testcase>
  <testcase name="characterIteratorTest[341]" classname="org.bitcoinj.utils.BtcFormatTest" time="0.0"/>
  <testcase name="repeatingPlaceTest[341]" classname="org.bitcoinj.utils.BtcFormatTest" time="0.0"/>
  <testcase name="currencyCodeTest[341]" classname="org.bitcoinj.utils.BtcFormatTest" time="0.0">
    <skipped/>
  </testcase>
  <testcase name="patternDecimalPlaces[341]" classname="org.bitcoinj.utils.BtcFormatTest" time="0.0"/>
  <testcase name="factoryArgumentsTest[342]" classname="org.bitcoinj.utils.BtcFormatTest" time="0.001"/>
  <testcase name="parseTest[342]" classname="org.bitcoinj.utils.BtcFormatTest" time="0.0">
    <skipped/>
  </testcase>
  <testcase name="microcoinScaleTest[342]" classname="org.bitcoinj.utils.BtcFormatTest" time="0.0"/>
  <testcase name="parseMetricTest[342]" classname="org.bitcoinj.utils.BtcFormatTest" time="0.001"/>
  <testcase name="coinScaleTest[342]" classname="org.bitcoinj.utils.BtcFormatTest" time="0.0"/>
  <testcase name="builderTest[342]" classname="org.bitcoinj.utils.BtcFormatTest" time="0.0">
    <skipped/>
  </testcase>
  <testcase name="attributeTest[342]" classname="org.bitcoinj.utils.BtcFormatTest" time="0.0">
    <skipped/>
  </testcase>
  <testcase name="prefixTest[342]" classname="org.bitcoinj.utils.BtcFormatTest" time="0.0"/>
  <testcase name="suffixTest[342]" classname="org.bitcoinj.utils.BtcFormatTest" time="0.0">
    <skipped/>
  </testcase>
  <testcase name="autoDecimalTest[342]" classname="org.bitcoinj.utils.BtcFormatTest" time="0.003"/>
  <testcase name="symbolCollisionTest[342]" classname="org.bitcoinj.utils.BtcFormatTest" time="0.002"/>
  <testcase name="equalityTest[342]" classname="org.bitcoinj.utils.BtcFormatTest" time="0.003"/>
  <testcase name="columnAlignmentTest[342]" classname="org.bitcoinj.utils.BtcFormatTest" time="0.0"/>
  <testcase name="factoryTest[342]" classname="org.bitcoinj.utils.BtcFormatTest" time="0.0"/>
  <testcase name="parse[342]" classname="org.bitcoinj.utils.BtcFormatTest" time="0.0"/>
  <testcase name="btcRounding[342]" classname="org.bitcoinj.utils.BtcFormatTest" time="0.001"/>
  <testcase name="negativeTest[342]" classname="org.bitcoinj.utils.BtcFormatTest" time="0.0">
    <skipped/>
  </testcase>
  <testcase name="millicoinScaleTest[342]" classname="org.bitcoinj.utils.BtcFormatTest" time="0.001"/>
  <testcase name="toStringTest[342]" classname="org.bitcoinj.utils.BtcFormatTest" time="0.0">
    <skipped/>
  </testcase>
  <testcase name="testGrouping[342]" classname="org.bitcoinj.utils.BtcFormatTest" time="0.0"/>
  <testcase name="symbolsCodesTest[342]" classname="org.bitcoinj.utils.BtcFormatTest" time="0.0"/>
  <testcase name="defaultLocaleTest[342]" classname="org.bitcoinj.utils.BtcFormatTest" time="0.001"/>
  <testcase name="parsePositionTest[342]" classname="org.bitcoinj.utils.BtcFormatTest" time="0.0"/>
  <testcase name="argumentTypeTest[342]" classname="org.bitcoinj.utils.BtcFormatTest" time="0.0">
    <skipped/>
  </testcase>
  <testcase name="characterIteratorTest[342]" classname="org.bitcoinj.utils.BtcFormatTest" time="0.0"/>
  <testcase name="repeatingPlaceTest[342]" classname="org.bitcoinj.utils.BtcFormatTest" time="0.001"/>
  <testcase name="currencyCodeTest[342]" classname="org.bitcoinj.utils.BtcFormatTest" time="0.0">
    <skipped/>
  </testcase>
  <testcase name="patternDecimalPlaces[342]" classname="org.bitcoinj.utils.BtcFormatTest" time="0.0"/>
  <testcase name="factoryArgumentsTest[343]" classname="org.bitcoinj.utils.BtcFormatTest" time="0.001"/>
  <testcase name="parseTest[343]" classname="org.bitcoinj.utils.BtcFormatTest" time="0.0">
    <skipped/>
  </testcase>
  <testcase name="microcoinScaleTest[343]" classname="org.bitcoinj.utils.BtcFormatTest" time="0.0"/>
  <testcase name="parseMetricTest[343]" classname="org.bitcoinj.utils.BtcFormatTest" time="0.001"/>
  <testcase name="coinScaleTest[343]" classname="org.bitcoinj.utils.BtcFormatTest" time="0.0"/>
  <testcase name="builderTest[343]" classname="org.bitcoinj.utils.BtcFormatTest" time="0.0">
    <skipped/>
  </testcase>
  <testcase name="attributeTest[343]" classname="org.bitcoinj.utils.BtcFormatTest" time="0.0">
    <skipped/>
  </testcase>
  <testcase name="prefixTest[343]" classname="org.bitcoinj.utils.BtcFormatTest" time="0.0"/>
  <testcase name="suffixTest[343]" classname="org.bitcoinj.utils.BtcFormatTest" time="0.0">
    <skipped/>
  </testcase>
  <testcase name="autoDecimalTest[343]" classname="org.bitcoinj.utils.BtcFormatTest" time="0.001"/>
  <testcase name="symbolCollisionTest[343]" classname="org.bitcoinj.utils.BtcFormatTest" time="0.003"/>
  <testcase name="equalityTest[343]" classname="org.bitcoinj.utils.BtcFormatTest" time="0.001"/>
  <testcase name="columnAlignmentTest[343]" classname="org.bitcoinj.utils.BtcFormatTest" time="0.001"/>
  <testcase name="factoryTest[343]" classname="org.bitcoinj.utils.BtcFormatTest" time="0.001"/>
  <testcase name="parse[343]" classname="org.bitcoinj.utils.BtcFormatTest" time="0.0"/>
  <testcase name="btcRounding[343]" classname="org.bitcoinj.utils.BtcFormatTest" time="0.001"/>
  <testcase name="negativeTest[343]" classname="org.bitcoinj.utils.BtcFormatTest" time="0.0">
    <skipped/>
  </testcase>
  <testcase name="millicoinScaleTest[343]" classname="org.bitcoinj.utils.BtcFormatTest" time="0.0"/>
  <testcase name="toStringTest[343]" classname="org.bitcoinj.utils.BtcFormatTest" time="0.0">
    <skipped/>
  </testcase>
  <testcase name="testGrouping[343]" classname="org.bitcoinj.utils.BtcFormatTest" time="0.0"/>
  <testcase name="symbolsCodesTest[343]" classname="org.bitcoinj.utils.BtcFormatTest" time="0.001"/>
  <testcase name="defaultLocaleTest[343]" classname="org.bitcoinj.utils.BtcFormatTest" time="0.0"/>
  <testcase name="parsePositionTest[343]" classname="org.bitcoinj.utils.BtcFormatTest" time="0.0"/>
  <testcase name="argumentTypeTest[343]" classname="org.bitcoinj.utils.BtcFormatTest" time="0.0">
    <skipped/>
  </testcase>
  <testcase name="characterIteratorTest[343]" classname="org.bitcoinj.utils.BtcFormatTest" time="0.001"/>
  <testcase name="repeatingPlaceTest[343]" classname="org.bitcoinj.utils.BtcFormatTest" time="0.0"/>
  <testcase name="currencyCodeTest[343]" classname="org.bitcoinj.utils.BtcFormatTest" time="0.0">
    <skipped/>
  </testcase>
  <testcase name="patternDecimalPlaces[343]" classname="org.bitcoinj.utils.BtcFormatTest" time="0.0"/>
  <testcase name="factoryArgumentsTest[344]" classname="org.bitcoinj.utils.BtcFormatTest" time="0.001"/>
  <testcase name="parseTest[344]" classname="org.bitcoinj.utils.BtcFormatTest" time="0.0">
    <skipped/>
  </testcase>
  <testcase name="microcoinScaleTest[344]" classname="org.bitcoinj.utils.BtcFormatTest" time="0.0"/>
  <testcase name="parseMetricTest[344]" classname="org.bitcoinj.utils.BtcFormatTest" time="0.002"/>
  <testcase name="coinScaleTest[344]" classname="org.bitcoinj.utils.BtcFormatTest" time="0.0"/>
  <testcase name="builderTest[344]" classname="org.bitcoinj.utils.BtcFormatTest" time="0.0">
    <skipped/>
  </testcase>
  <testcase name="attributeTest[344]" classname="org.bitcoinj.utils.BtcFormatTest" time="0.0">
    <skipped/>
  </testcase>
  <testcase name="prefixTest[344]" classname="org.bitcoinj.utils.BtcFormatTest" time="0.0"/>
  <testcase name="suffixTest[344]" classname="org.bitcoinj.utils.BtcFormatTest" time="0.0">
    <skipped/>
  </testcase>
  <testcase name="autoDecimalTest[344]" classname="org.bitcoinj.utils.BtcFormatTest" time="0.001"/>
  <testcase name="symbolCollisionTest[344]" classname="org.bitcoinj.utils.BtcFormatTest" time="0.001"/>
  <testcase name="equalityTest[344]" classname="org.bitcoinj.utils.BtcFormatTest" time="0.001"/>
  <testcase name="columnAlignmentTest[344]" classname="org.bitcoinj.utils.BtcFormatTest" time="0.0"/>
  <testcase name="factoryTest[344]" classname="org.bitcoinj.utils.BtcFormatTest" time="0.001"/>
  <testcase name="parse[344]" classname="org.bitcoinj.utils.BtcFormatTest" time="0.0"/>
  <testcase name="btcRounding[344]" classname="org.bitcoinj.utils.BtcFormatTest" time="0.001"/>
  <testcase name="negativeTest[344]" classname="org.bitcoinj.utils.BtcFormatTest" time="0.0">
    <skipped/>
  </testcase>
  <testcase name="millicoinScaleTest[344]" classname="org.bitcoinj.utils.BtcFormatTest" time="0.0"/>
  <testcase name="toStringTest[344]" classname="org.bitcoinj.utils.BtcFormatTest" time="0.0">
    <skipped/>
  </testcase>
  <testcase name="testGrouping[344]" classname="org.bitcoinj.utils.BtcFormatTest" time="0.0"/>
  <testcase name="symbolsCodesTest[344]" classname="org.bitcoinj.utils.BtcFormatTest" time="0.001"/>
  <testcase name="defaultLocaleTest[344]" classname="org.bitcoinj.utils.BtcFormatTest" time="0.0"/>
  <testcase name="parsePositionTest[344]" classname="org.bitcoinj.utils.BtcFormatTest" time="0.001"/>
  <testcase name="argumentTypeTest[344]" classname="org.bitcoinj.utils.BtcFormatTest" time="0.0">
    <skipped/>
  </testcase>
  <testcase name="characterIteratorTest[344]" classname="org.bitcoinj.utils.BtcFormatTest" time="0.0"/>
  <testcase name="repeatingPlaceTest[344]" classname="org.bitcoinj.utils.BtcFormatTest" time="0.0"/>
  <testcase name="currencyCodeTest[344]" classname="org.bitcoinj.utils.BtcFormatTest" time="0.0">
    <skipped/>
  </testcase>
  <testcase name="patternDecimalPlaces[344]" classname="org.bitcoinj.utils.BtcFormatTest" time="0.0"/>
  <testcase name="factoryArgumentsTest[345]" classname="org.bitcoinj.utils.BtcFormatTest" time="0.001"/>
  <testcase name="parseTest[345]" classname="org.bitcoinj.utils.BtcFormatTest" time="0.0">
    <skipped/>
  </testcase>
  <testcase name="microcoinScaleTest[345]" classname="org.bitcoinj.utils.BtcFormatTest" time="0.001"/>
  <testcase name="parseMetricTest[345]" classname="org.bitcoinj.utils.BtcFormatTest" time="0.001"/>
  <testcase name="coinScaleTest[345]" classname="org.bitcoinj.utils.BtcFormatTest" time="0.0"/>
  <testcase name="builderTest[345]" classname="org.bitcoinj.utils.BtcFormatTest" time="0.0">
    <skipped/>
  </testcase>
  <testcase name="attributeTest[345]" classname="org.bitcoinj.utils.BtcFormatTest" time="0.0">
    <skipped/>
  </testcase>
  <testcase name="prefixTest[345]" classname="org.bitcoinj.utils.BtcFormatTest" time="0.0"/>
  <testcase name="suffixTest[345]" classname="org.bitcoinj.utils.BtcFormatTest" time="0.0">
    <skipped/>
  </testcase>
  <testcase name="autoDecimalTest[345]" classname="org.bitcoinj.utils.BtcFormatTest" time="0.001"/>
  <testcase name="symbolCollisionTest[345]" classname="org.bitcoinj.utils.BtcFormatTest" time="0.002"/>
  <testcase name="equalityTest[345]" classname="org.bitcoinj.utils.BtcFormatTest" time="0.001"/>
  <testcase name="columnAlignmentTest[345]" classname="org.bitcoinj.utils.BtcFormatTest" time="0.0"/>
  <testcase name="factoryTest[345]" classname="org.bitcoinj.utils.BtcFormatTest" time="0.001"/>
  <testcase name="parse[345]" classname="org.bitcoinj.utils.BtcFormatTest" time="0.0"/>
  <testcase name="btcRounding[345]" classname="org.bitcoinj.utils.BtcFormatTest" time="0.001"/>
  <testcase name="negativeTest[345]" classname="org.bitcoinj.utils.BtcFormatTest" time="0.0">
    <skipped/>
  </testcase>
  <testcase name="millicoinScaleTest[345]" classname="org.bitcoinj.utils.BtcFormatTest" time="0.0"/>
  <testcase name="toStringTest[345]" classname="org.bitcoinj.utils.BtcFormatTest" time="0.0">
    <skipped/>
  </testcase>
  <testcase name="testGrouping[345]" classname="org.bitcoinj.utils.BtcFormatTest" time="0.001"/>
  <testcase name="symbolsCodesTest[345]" classname="org.bitcoinj.utils.BtcFormatTest" time="0.001"/>
  <testcase name="defaultLocaleTest[345]" classname="org.bitcoinj.utils.BtcFormatTest" time="0.0"/>
  <testcase name="parsePositionTest[345]" classname="org.bitcoinj.utils.BtcFormatTest" time="0.001"/>
  <testcase name="argumentTypeTest[345]" classname="org.bitcoinj.utils.BtcFormatTest" time="0.0">
    <skipped/>
  </testcase>
  <testcase name="characterIteratorTest[345]" classname="org.bitcoinj.utils.BtcFormatTest" time="0.0"/>
  <testcase name="repeatingPlaceTest[345]" classname="org.bitcoinj.utils.BtcFormatTest" time="0.0"/>
  <testcase name="currencyCodeTest[345]" classname="org.bitcoinj.utils.BtcFormatTest" time="0.0">
    <skipped/>
  </testcase>
  <testcase name="patternDecimalPlaces[345]" classname="org.bitcoinj.utils.BtcFormatTest" time="0.001"/>
  <testcase name="factoryArgumentsTest[346]" classname="org.bitcoinj.utils.BtcFormatTest" time="0.0"/>
  <testcase name="parseTest[346]" classname="org.bitcoinj.utils.BtcFormatTest" time="0.0">
    <skipped/>
  </testcase>
  <testcase name="microcoinScaleTest[346]" classname="org.bitcoinj.utils.BtcFormatTest" time="0.001"/>
  <testcase name="parseMetricTest[346]" classname="org.bitcoinj.utils.BtcFormatTest" time="0.001"/>
  <testcase name="coinScaleTest[346]" classname="org.bitcoinj.utils.BtcFormatTest" time="0.0"/>
  <testcase name="builderTest[346]" classname="org.bitcoinj.utils.BtcFormatTest" time="0.0">
    <skipped/>
  </testcase>
  <testcase name="attributeTest[346]" classname="org.bitcoinj.utils.BtcFormatTest" time="0.0">
    <skipped/>
  </testcase>
  <testcase name="prefixTest[346]" classname="org.bitcoinj.utils.BtcFormatTest" time="0.001"/>
  <testcase name="suffixTest[346]" classname="org.bitcoinj.utils.BtcFormatTest" time="0.0">
    <skipped/>
  </testcase>
  <testcase name="autoDecimalTest[346]" classname="org.bitcoinj.utils.BtcFormatTest" time="0.0"/>
  <testcase name="symbolCollisionTest[346]" classname="org.bitcoinj.utils.BtcFormatTest" time="0.002"/>
  <testcase name="equalityTest[346]" classname="org.bitcoinj.utils.BtcFormatTest" time="0.003"/>
  <testcase name="columnAlignmentTest[346]" classname="org.bitcoinj.utils.BtcFormatTest" time="0.0"/>
  <testcase name="factoryTest[346]" classname="org.bitcoinj.utils.BtcFormatTest" time="0.001"/>
  <testcase name="parse[346]" classname="org.bitcoinj.utils.BtcFormatTest" time="0.0"/>
  <testcase name="btcRounding[346]" classname="org.bitcoinj.utils.BtcFormatTest" time="0.001"/>
  <testcase name="negativeTest[346]" classname="org.bitcoinj.utils.BtcFormatTest" time="0.0">
    <skipped/>
  </testcase>
  <testcase name="millicoinScaleTest[346]" classname="org.bitcoinj.utils.BtcFormatTest" time="0.0"/>
  <testcase name="toStringTest[346]" classname="org.bitcoinj.utils.BtcFormatTest" time="0.0">
    <skipped/>
  </testcase>
  <testcase name="testGrouping[346]" classname="org.bitcoinj.utils.BtcFormatTest" time="0.001"/>
  <testcase name="symbolsCodesTest[346]" classname="org.bitcoinj.utils.BtcFormatTest" time="0.0"/>
  <testcase name="defaultLocaleTest[346]" classname="org.bitcoinj.utils.BtcFormatTest" time="0.0"/>
  <testcase name="parsePositionTest[346]" classname="org.bitcoinj.utils.BtcFormatTest" time="0.001"/>
  <testcase name="argumentTypeTest[346]" classname="org.bitcoinj.utils.BtcFormatTest" time="0.0">
    <skipped/>
  </testcase>
  <testcase name="characterIteratorTest[346]" classname="org.bitcoinj.utils.BtcFormatTest" time="0.0"/>
  <testcase name="repeatingPlaceTest[346]" classname="org.bitcoinj.utils.BtcFormatTest" time="0.0"/>
  <testcase name="currencyCodeTest[346]" classname="org.bitcoinj.utils.BtcFormatTest" time="0.0">
    <skipped/>
  </testcase>
  <testcase name="patternDecimalPlaces[346]" classname="org.bitcoinj.utils.BtcFormatTest" time="0.0"/>
  <testcase name="factoryArgumentsTest[347]" classname="org.bitcoinj.utils.BtcFormatTest" time="0.001"/>
  <testcase name="parseTest[347]" classname="org.bitcoinj.utils.BtcFormatTest" time="0.0">
    <skipped/>
  </testcase>
  <testcase name="microcoinScaleTest[347]" classname="org.bitcoinj.utils.BtcFormatTest" time="0.0"/>
  <testcase name="parseMetricTest[347]" classname="org.bitcoinj.utils.BtcFormatTest" time="0.001"/>
  <testcase name="coinScaleTest[347]" classname="org.bitcoinj.utils.BtcFormatTest" time="0.0"/>
  <testcase name="builderTest[347]" classname="org.bitcoinj.utils.BtcFormatTest" time="0.001">
    <skipped/>
  </testcase>
  <testcase name="attributeTest[347]" classname="org.bitcoinj.utils.BtcFormatTest" time="0.0">
    <skipped/>
  </testcase>
  <testcase name="prefixTest[347]" classname="org.bitcoinj.utils.BtcFormatTest" time="0.0"/>
  <testcase name="suffixTest[347]" classname="org.bitcoinj.utils.BtcFormatTest" time="0.0">
    <skipped/>
  </testcase>
  <testcase name="autoDecimalTest[347]" classname="org.bitcoinj.utils.BtcFormatTest" time="0.001"/>
  <testcase name="symbolCollisionTest[347]" classname="org.bitcoinj.utils.BtcFormatTest" time="0.001"/>
  <testcase name="equalityTest[347]" classname="org.bitcoinj.utils.BtcFormatTest" time="0.002"/>
  <testcase name="columnAlignmentTest[347]" classname="org.bitcoinj.utils.BtcFormatTest" time="0.0"/>
  <testcase name="factoryTest[347]" classname="org.bitcoinj.utils.BtcFormatTest" time="0.001"/>
  <testcase name="parse[347]" classname="org.bitcoinj.utils.BtcFormatTest" time="0.0"/>
  <testcase name="btcRounding[347]" classname="org.bitcoinj.utils.BtcFormatTest" time="0.002"/>
  <testcase name="negativeTest[347]" classname="org.bitcoinj.utils.BtcFormatTest" time="0.0">
    <skipped/>
  </testcase>
  <testcase name="millicoinScaleTest[347]" classname="org.bitcoinj.utils.BtcFormatTest" time="0.001"/>
  <testcase name="toStringTest[347]" classname="org.bitcoinj.utils.BtcFormatTest" time="0.0">
    <skipped/>
  </testcase>
  <testcase name="testGrouping[347]" classname="org.bitcoinj.utils.BtcFormatTest" time="0.0"/>
  <testcase name="symbolsCodesTest[347]" classname="org.bitcoinj.utils.BtcFormatTest" time="0.001"/>
  <testcase name="defaultLocaleTest[347]" classname="org.bitcoinj.utils.BtcFormatTest" time="0.0"/>
  <testcase name="parsePositionTest[347]" classname="org.bitcoinj.utils.BtcFormatTest" time="0.0"/>
  <testcase name="argumentTypeTest[347]" classname="org.bitcoinj.utils.BtcFormatTest" time="0.0">
    <skipped/>
  </testcase>
  <testcase name="characterIteratorTest[347]" classname="org.bitcoinj.utils.BtcFormatTest" time="0.001"/>
  <testcase name="repeatingPlaceTest[347]" classname="org.bitcoinj.utils.BtcFormatTest" time="0.0"/>
  <testcase name="currencyCodeTest[347]" classname="org.bitcoinj.utils.BtcFormatTest" time="0.0">
    <skipped/>
  </testcase>
  <testcase name="patternDecimalPlaces[347]" classname="org.bitcoinj.utils.BtcFormatTest" time="0.0"/>
  <testcase name="factoryArgumentsTest[348]" classname="org.bitcoinj.utils.BtcFormatTest" time="0.002"/>
  <testcase name="parseTest[348]" classname="org.bitcoinj.utils.BtcFormatTest" time="0.001">
    <skipped/>
  </testcase>
  <testcase name="microcoinScaleTest[348]" classname="org.bitcoinj.utils.BtcFormatTest" time="0.0"/>
  <testcase name="parseMetricTest[348]" classname="org.bitcoinj.utils.BtcFormatTest" time="0.002"/>
  <testcase name="coinScaleTest[348]" classname="org.bitcoinj.utils.BtcFormatTest" time="0.0"/>
  <testcase name="builderTest[348]" classname="org.bitcoinj.utils.BtcFormatTest" time="0.0">
    <skipped/>
  </testcase>
  <testcase name="attributeTest[348]" classname="org.bitcoinj.utils.BtcFormatTest" time="0.0">
    <skipped/>
  </testcase>
  <testcase name="prefixTest[348]" classname="org.bitcoinj.utils.BtcFormatTest" time="0.0"/>
  <testcase name="suffixTest[348]" classname="org.bitcoinj.utils.BtcFormatTest" time="0.0">
    <skipped/>
  </testcase>
  <testcase name="autoDecimalTest[348]" classname="org.bitcoinj.utils.BtcFormatTest" time="0.001"/>
  <testcase name="symbolCollisionTest[348]" classname="org.bitcoinj.utils.BtcFormatTest" time="0.003"/>
  <testcase name="equalityTest[348]" classname="org.bitcoinj.utils.BtcFormatTest" time="0.002"/>
  <testcase name="columnAlignmentTest[348]" classname="org.bitcoinj.utils.BtcFormatTest" time="0.001"/>
  <testcase name="factoryTest[348]" classname="org.bitcoinj.utils.BtcFormatTest" time="0.0"/>
  <testcase name="parse[348]" classname="org.bitcoinj.utils.BtcFormatTest" time="0.0"/>
  <testcase name="btcRounding[348]" classname="org.bitcoinj.utils.BtcFormatTest" time="0.001"/>
  <testcase name="negativeTest[348]" classname="org.bitcoinj.utils.BtcFormatTest" time="0.0">
    <skipped/>
  </testcase>
  <testcase name="millicoinScaleTest[348]" classname="org.bitcoinj.utils.BtcFormatTest" time="0.001"/>
  <testcase name="toStringTest[348]" classname="org.bitcoinj.utils.BtcFormatTest" time="0.0">
    <skipped/>
  </testcase>
  <testcase name="testGrouping[348]" classname="org.bitcoinj.utils.BtcFormatTest" time="0.0"/>
  <testcase name="symbolsCodesTest[348]" classname="org.bitcoinj.utils.BtcFormatTest" time="0.001"/>
  <testcase name="defaultLocaleTest[348]" classname="org.bitcoinj.utils.BtcFormatTest" time="0.001"/>
  <testcase name="parsePositionTest[348]" classname="org.bitcoinj.utils.BtcFormatTest" time="0.0"/>
  <testcase name="argumentTypeTest[348]" classname="org.bitcoinj.utils.BtcFormatTest" time="0.0">
    <skipped/>
  </testcase>
  <testcase name="characterIteratorTest[348]" classname="org.bitcoinj.utils.BtcFormatTest" time="0.001"/>
  <testcase name="repeatingPlaceTest[348]" classname="org.bitcoinj.utils.BtcFormatTest" time="0.0"/>
  <testcase name="currencyCodeTest[348]" classname="org.bitcoinj.utils.BtcFormatTest" time="0.0">
    <skipped/>
  </testcase>
  <testcase name="patternDecimalPlaces[348]" classname="org.bitcoinj.utils.BtcFormatTest" time="0.0"/>
  <testcase name="factoryArgumentsTest[349]" classname="org.bitcoinj.utils.BtcFormatTest" time="0.001"/>
  <testcase name="parseTest[349]" classname="org.bitcoinj.utils.BtcFormatTest" time="0.0">
    <skipped/>
  </testcase>
  <testcase name="microcoinScaleTest[349]" classname="org.bitcoinj.utils.BtcFormatTest" time="0.0"/>
  <testcase name="parseMetricTest[349]" classname="org.bitcoinj.utils.BtcFormatTest" time="0.001"/>
  <testcase name="coinScaleTest[349]" classname="org.bitcoinj.utils.BtcFormatTest" time="0.0"/>
  <testcase name="builderTest[349]" classname="org.bitcoinj.utils.BtcFormatTest" time="0.0">
    <skipped/>
  </testcase>
  <testcase name="attributeTest[349]" classname="org.bitcoinj.utils.BtcFormatTest" time="0.0">
    <skipped/>
  </testcase>
  <testcase name="prefixTest[349]" classname="org.bitcoinj.utils.BtcFormatTest" time="0.0"/>
  <testcase name="suffixTest[349]" classname="org.bitcoinj.utils.BtcFormatTest" time="0.0">
    <skipped/>
  </testcase>
  <testcase name="autoDecimalTest[349]" classname="org.bitcoinj.utils.BtcFormatTest" time="0.001"/>
  <testcase name="symbolCollisionTest[349]" classname="org.bitcoinj.utils.BtcFormatTest" time="0.002"/>
  <testcase name="equalityTest[349]" classname="org.bitcoinj.utils.BtcFormatTest" time="0.001"/>
  <testcase name="columnAlignmentTest[349]" classname="org.bitcoinj.utils.BtcFormatTest" time="0.001"/>
  <testcase name="factoryTest[349]" classname="org.bitcoinj.utils.BtcFormatTest" time="0.0"/>
  <testcase name="parse[349]" classname="org.bitcoinj.utils.BtcFormatTest" time="0.0"/>
  <testcase name="btcRounding[349]" classname="org.bitcoinj.utils.BtcFormatTest" time="0.001"/>
  <testcase name="negativeTest[349]" classname="org.bitcoinj.utils.BtcFormatTest" time="0.0">
    <skipped/>
  </testcase>
  <testcase name="millicoinScaleTest[349]" classname="org.bitcoinj.utils.BtcFormatTest" time="0.001"/>
  <testcase name="toStringTest[349]" classname="org.bitcoinj.utils.BtcFormatTest" time="0.0">
    <skipped/>
  </testcase>
  <testcase name="testGrouping[349]" classname="org.bitcoinj.utils.BtcFormatTest" time="0.0"/>
  <testcase name="symbolsCodesTest[349]" classname="org.bitcoinj.utils.BtcFormatTest" time="0.001"/>
  <testcase name="defaultLocaleTest[349]" classname="org.bitcoinj.utils.BtcFormatTest" time="0.0"/>
  <testcase name="parsePositionTest[349]" classname="org.bitcoinj.utils.BtcFormatTest" time="0.0"/>
  <testcase name="argumentTypeTest[349]" classname="org.bitcoinj.utils.BtcFormatTest" time="0.0">
    <skipped/>
  </testcase>
  <testcase name="characterIteratorTest[349]" classname="org.bitcoinj.utils.BtcFormatTest" time="0.001"/>
  <testcase name="repeatingPlaceTest[349]" classname="org.bitcoinj.utils.BtcFormatTest" time="0.0"/>
  <testcase name="currencyCodeTest[349]" classname="org.bitcoinj.utils.BtcFormatTest" time="0.0">
    <skipped/>
  </testcase>
  <testcase name="patternDecimalPlaces[349]" classname="org.bitcoinj.utils.BtcFormatTest" time="0.0"/>
  <testcase name="factoryArgumentsTest[350]" classname="org.bitcoinj.utils.BtcFormatTest" time="0.002"/>
  <testcase name="parseTest[350]" classname="org.bitcoinj.utils.BtcFormatTest" time="0.0">
    <skipped/>
  </testcase>
  <testcase name="microcoinScaleTest[350]" classname="org.bitcoinj.utils.BtcFormatTest" time="0.002"/>
  <testcase name="parseMetricTest[350]" classname="org.bitcoinj.utils.BtcFormatTest" time="0.001"/>
  <testcase name="coinScaleTest[350]" classname="org.bitcoinj.utils.BtcFormatTest" time="0.0"/>
  <testcase name="builderTest[350]" classname="org.bitcoinj.utils.BtcFormatTest" time="0.0">
    <skipped/>
  </testcase>
  <testcase name="attributeTest[350]" classname="org.bitcoinj.utils.BtcFormatTest" time="0.0">
    <skipped/>
  </testcase>
  <testcase name="prefixTest[350]" classname="org.bitcoinj.utils.BtcFormatTest" time="0.0"/>
  <testcase name="suffixTest[350]" classname="org.bitcoinj.utils.BtcFormatTest" time="0.0">
    <skipped/>
  </testcase>
  <testcase name="autoDecimalTest[350]" classname="org.bitcoinj.utils.BtcFormatTest" time="0.001"/>
  <testcase name="symbolCollisionTest[350]" classname="org.bitcoinj.utils.BtcFormatTest" time="0.003"/>
  <testcase name="equalityTest[350]" classname="org.bitcoinj.utils.BtcFormatTest" time="0.001"/>
  <testcase name="columnAlignmentTest[350]" classname="org.bitcoinj.utils.BtcFormatTest" time="0.001"/>
  <testcase name="factoryTest[350]" classname="org.bitcoinj.utils.BtcFormatTest" time="0.0"/>
  <testcase name="parse[350]" classname="org.bitcoinj.utils.BtcFormatTest" time="0.0"/>
  <testcase name="btcRounding[350]" classname="org.bitcoinj.utils.BtcFormatTest" time="0.001"/>
  <testcase name="negativeTest[350]" classname="org.bitcoinj.utils.BtcFormatTest" time="0.0">
    <skipped/>
  </testcase>
  <testcase name="millicoinScaleTest[350]" classname="org.bitcoinj.utils.BtcFormatTest" time="0.0"/>
  <testcase name="toStringTest[350]" classname="org.bitcoinj.utils.BtcFormatTest" time="0.0">
    <skipped/>
  </testcase>
  <testcase name="testGrouping[350]" classname="org.bitcoinj.utils.BtcFormatTest" time="0.0"/>
  <testcase name="symbolsCodesTest[350]" classname="org.bitcoinj.utils.BtcFormatTest" time="0.001"/>
  <testcase name="defaultLocaleTest[350]" classname="org.bitcoinj.utils.BtcFormatTest" time="0.0"/>
  <testcase name="parsePositionTest[350]" classname="org.bitcoinj.utils.BtcFormatTest" time="0.0"/>
  <testcase name="argumentTypeTest[350]" classname="org.bitcoinj.utils.BtcFormatTest" time="0.0">
    <skipped/>
  </testcase>
  <testcase name="characterIteratorTest[350]" classname="org.bitcoinj.utils.BtcFormatTest" time="0.0"/>
  <testcase name="repeatingPlaceTest[350]" classname="org.bitcoinj.utils.BtcFormatTest" time="0.0"/>
  <testcase name="currencyCodeTest[350]" classname="org.bitcoinj.utils.BtcFormatTest" time="0.0">
    <skipped/>
  </testcase>
  <testcase name="patternDecimalPlaces[350]" classname="org.bitcoinj.utils.BtcFormatTest" time="0.0"/>
  <testcase name="factoryArgumentsTest[351]" classname="org.bitcoinj.utils.BtcFormatTest" time="0.002"/>
  <testcase name="parseTest[351]" classname="org.bitcoinj.utils.BtcFormatTest" time="0.0">
    <skipped/>
  </testcase>
  <testcase name="microcoinScaleTest[351]" classname="org.bitcoinj.utils.BtcFormatTest" time="0.0"/>
  <testcase name="parseMetricTest[351]" classname="org.bitcoinj.utils.BtcFormatTest" time="0.001"/>
  <testcase name="coinScaleTest[351]" classname="org.bitcoinj.utils.BtcFormatTest" time="0.0"/>
  <testcase name="builderTest[351]" classname="org.bitcoinj.utils.BtcFormatTest" time="0.0">
    <skipped/>
  </testcase>
  <testcase name="attributeTest[351]" classname="org.bitcoinj.utils.BtcFormatTest" time="0.0">
    <skipped/>
  </testcase>
  <testcase name="prefixTest[351]" classname="org.bitcoinj.utils.BtcFormatTest" time="0.001"/>
  <testcase name="suffixTest[351]" classname="org.bitcoinj.utils.BtcFormatTest" time="0.0">
    <skipped/>
  </testcase>
  <testcase name="autoDecimalTest[351]" classname="org.bitcoinj.utils.BtcFormatTest" time="0.0"/>
  <testcase name="symbolCollisionTest[351]" classname="org.bitcoinj.utils.BtcFormatTest" time="0.002"/>
  <testcase name="equalityTest[351]" classname="org.bitcoinj.utils.BtcFormatTest" time="0.002"/>
  <testcase name="columnAlignmentTest[351]" classname="org.bitcoinj.utils.BtcFormatTest" time="0.001"/>
  <testcase name="factoryTest[351]" classname="org.bitcoinj.utils.BtcFormatTest" time="0.0"/>
  <testcase name="parse[351]" classname="org.bitcoinj.utils.BtcFormatTest" time="0.0"/>
  <testcase name="btcRounding[351]" classname="org.bitcoinj.utils.BtcFormatTest" time="0.001"/>
  <testcase name="negativeTest[351]" classname="org.bitcoinj.utils.BtcFormatTest" time="0.0">
    <skipped/>
  </testcase>
  <testcase name="millicoinScaleTest[351]" classname="org.bitcoinj.utils.BtcFormatTest" time="0.0"/>
  <testcase name="toStringTest[351]" classname="org.bitcoinj.utils.BtcFormatTest" time="0.0">
    <skipped/>
  </testcase>
  <testcase name="testGrouping[351]" classname="org.bitcoinj.utils.BtcFormatTest" time="0.0"/>
  <testcase name="symbolsCodesTest[351]" classname="org.bitcoinj.utils.BtcFormatTest" time="0.001"/>
  <testcase name="defaultLocaleTest[351]" classname="org.bitcoinj.utils.BtcFormatTest" time="0.001"/>
  <testcase name="parsePositionTest[351]" classname="org.bitcoinj.utils.BtcFormatTest" time="0.0"/>
  <testcase name="argumentTypeTest[351]" classname="org.bitcoinj.utils.BtcFormatTest" time="0.0">
    <skipped/>
  </testcase>
  <testcase name="characterIteratorTest[351]" classname="org.bitcoinj.utils.BtcFormatTest" time="0.0"/>
  <testcase name="repeatingPlaceTest[351]" classname="org.bitcoinj.utils.BtcFormatTest" time="0.0"/>
  <testcase name="currencyCodeTest[351]" classname="org.bitcoinj.utils.BtcFormatTest" time="0.0">
    <skipped/>
  </testcase>
  <testcase name="patternDecimalPlaces[351]" classname="org.bitcoinj.utils.BtcFormatTest" time="0.001"/>
  <testcase name="factoryArgumentsTest[352]" classname="org.bitcoinj.utils.BtcFormatTest" time="0.008"/>
  <testcase name="parseTest[352]" classname="org.bitcoinj.utils.BtcFormatTest" time="0.0">
    <skipped/>
  </testcase>
  <testcase name="microcoinScaleTest[352]" classname="org.bitcoinj.utils.BtcFormatTest" time="0.0"/>
  <testcase name="parseMetricTest[352]" classname="org.bitcoinj.utils.BtcFormatTest" time="0.001"/>
  <testcase name="coinScaleTest[352]" classname="org.bitcoinj.utils.BtcFormatTest" time="0.0"/>
  <testcase name="builderTest[352]" classname="org.bitcoinj.utils.BtcFormatTest" time="0.0">
    <skipped/>
  </testcase>
  <testcase name="attributeTest[352]" classname="org.bitcoinj.utils.BtcFormatTest" time="0.0">
    <skipped/>
  </testcase>
  <testcase name="prefixTest[352]" classname="org.bitcoinj.utils.BtcFormatTest" time="0.001"/>
  <testcase name="suffixTest[352]" classname="org.bitcoinj.utils.BtcFormatTest" time="0.0">
    <skipped/>
  </testcase>
  <testcase name="autoDecimalTest[352]" classname="org.bitcoinj.utils.BtcFormatTest" time="0.0"/>
  <testcase name="symbolCollisionTest[352]" classname="org.bitcoinj.utils.BtcFormatTest" time="0.002"/>
  <testcase name="equalityTest[352]" classname="org.bitcoinj.utils.BtcFormatTest" time="0.002"/>
  <testcase name="columnAlignmentTest[352]" classname="org.bitcoinj.utils.BtcFormatTest" time="0.001"/>
  <testcase name="factoryTest[352]" classname="org.bitcoinj.utils.BtcFormatTest" time="0.0"/>
  <testcase name="parse[352]" classname="org.bitcoinj.utils.BtcFormatTest" time="0.0"/>
  <testcase name="btcRounding[352]" classname="org.bitcoinj.utils.BtcFormatTest" time="0.001"/>
  <testcase name="negativeTest[352]" classname="org.bitcoinj.utils.BtcFormatTest" time="0.0">
    <skipped/>
  </testcase>
  <testcase name="millicoinScaleTest[352]" classname="org.bitcoinj.utils.BtcFormatTest" time="0.0"/>
  <testcase name="toStringTest[352]" classname="org.bitcoinj.utils.BtcFormatTest" time="0.0">
    <skipped/>
  </testcase>
  <testcase name="testGrouping[352]" classname="org.bitcoinj.utils.BtcFormatTest" time="0.001"/>
  <testcase name="symbolsCodesTest[352]" classname="org.bitcoinj.utils.BtcFormatTest" time="0.0"/>
  <testcase name="defaultLocaleTest[352]" classname="org.bitcoinj.utils.BtcFormatTest" time="0.001"/>
  <testcase name="parsePositionTest[352]" classname="org.bitcoinj.utils.BtcFormatTest" time="0.0"/>
  <testcase name="argumentTypeTest[352]" classname="org.bitcoinj.utils.BtcFormatTest" time="0.0">
    <skipped/>
  </testcase>
  <testcase name="characterIteratorTest[352]" classname="org.bitcoinj.utils.BtcFormatTest" time="0.001"/>
  <testcase name="repeatingPlaceTest[352]" classname="org.bitcoinj.utils.BtcFormatTest" time="0.0"/>
  <testcase name="currencyCodeTest[352]" classname="org.bitcoinj.utils.BtcFormatTest" time="0.0">
    <skipped/>
  </testcase>
  <testcase name="patternDecimalPlaces[352]" classname="org.bitcoinj.utils.BtcFormatTest" time="0.0"/>
  <testcase name="factoryArgumentsTest[353]" classname="org.bitcoinj.utils.BtcFormatTest" time="0.001"/>
  <testcase name="parseTest[353]" classname="org.bitcoinj.utils.BtcFormatTest" time="0.0">
    <skipped/>
  </testcase>
  <testcase name="microcoinScaleTest[353]" classname="org.bitcoinj.utils.BtcFormatTest" time="0.0"/>
  <testcase name="parseMetricTest[353]" classname="org.bitcoinj.utils.BtcFormatTest" time="0.001"/>
  <testcase name="coinScaleTest[353]" classname="org.bitcoinj.utils.BtcFormatTest" time="0.0"/>
  <testcase name="builderTest[353]" classname="org.bitcoinj.utils.BtcFormatTest" time="0.0">
    <skipped/>
  </testcase>
  <testcase name="attributeTest[353]" classname="org.bitcoinj.utils.BtcFormatTest" time="0.0">
    <skipped/>
  </testcase>
  <testcase name="prefixTest[353]" classname="org.bitcoinj.utils.BtcFormatTest" time="0.001"/>
  <testcase name="suffixTest[353]" classname="org.bitcoinj.utils.BtcFormatTest" time="0.0">
    <skipped/>
  </testcase>
  <testcase name="autoDecimalTest[353]" classname="org.bitcoinj.utils.BtcFormatTest" time="0.0"/>
  <testcase name="symbolCollisionTest[353]" classname="org.bitcoinj.utils.BtcFormatTest" time="0.003"/>
  <testcase name="equalityTest[353]" classname="org.bitcoinj.utils.BtcFormatTest" time="0.003"/>
  <testcase name="columnAlignmentTest[353]" classname="org.bitcoinj.utils.BtcFormatTest" time="0.0"/>
  <testcase name="factoryTest[353]" classname="org.bitcoinj.utils.BtcFormatTest" time="0.001"/>
  <testcase name="parse[353]" classname="org.bitcoinj.utils.BtcFormatTest" time="0.0"/>
  <testcase name="btcRounding[353]" classname="org.bitcoinj.utils.BtcFormatTest" time="0.001"/>
  <testcase name="negativeTest[353]" classname="org.bitcoinj.utils.BtcFormatTest" time="0.0">
    <skipped/>
  </testcase>
  <testcase name="millicoinScaleTest[353]" classname="org.bitcoinj.utils.BtcFormatTest" time="0.0"/>
  <testcase name="toStringTest[353]" classname="org.bitcoinj.utils.BtcFormatTest" time="0.0">
    <skipped/>
  </testcase>
  <testcase name="testGrouping[353]" classname="org.bitcoinj.utils.BtcFormatTest" time="0.0"/>
  <testcase name="symbolsCodesTest[353]" classname="org.bitcoinj.utils.BtcFormatTest" time="0.001"/>
  <testcase name="defaultLocaleTest[353]" classname="org.bitcoinj.utils.BtcFormatTest" time="0.0"/>
  <testcase name="parsePositionTest[353]" classname="org.bitcoinj.utils.BtcFormatTest" time="0.0"/>
  <testcase name="argumentTypeTest[353]" classname="org.bitcoinj.utils.BtcFormatTest" time="0.0">
    <skipped/>
  </testcase>
  <testcase name="characterIteratorTest[353]" classname="org.bitcoinj.utils.BtcFormatTest" time="0.001"/>
  <testcase name="repeatingPlaceTest[353]" classname="org.bitcoinj.utils.BtcFormatTest" time="0.0"/>
  <testcase name="currencyCodeTest[353]" classname="org.bitcoinj.utils.BtcFormatTest" time="0.0">
    <skipped/>
  </testcase>
  <testcase name="patternDecimalPlaces[353]" classname="org.bitcoinj.utils.BtcFormatTest" time="0.0"/>
  <testcase name="factoryArgumentsTest[354]" classname="org.bitcoinj.utils.BtcFormatTest" time="0.001"/>
  <testcase name="parseTest[354]" classname="org.bitcoinj.utils.BtcFormatTest" time="0.0">
    <skipped/>
  </testcase>
  <testcase name="microcoinScaleTest[354]" classname="org.bitcoinj.utils.BtcFormatTest" time="0.0"/>
  <testcase name="parseMetricTest[354]" classname="org.bitcoinj.utils.BtcFormatTest" time="0.001"/>
  <testcase name="coinScaleTest[354]" classname="org.bitcoinj.utils.BtcFormatTest" time="0.0"/>
  <testcase name="builderTest[354]" classname="org.bitcoinj.utils.BtcFormatTest" time="0.0">
    <skipped/>
  </testcase>
  <testcase name="attributeTest[354]" classname="org.bitcoinj.utils.BtcFormatTest" time="0.0">
    <skipped/>
  </testcase>
  <testcase name="prefixTest[354]" classname="org.bitcoinj.utils.BtcFormatTest" time="0.0"/>
  <testcase name="suffixTest[354]" classname="org.bitcoinj.utils.BtcFormatTest" time="0.0">
    <skipped/>
  </testcase>
  <testcase name="autoDecimalTest[354]" classname="org.bitcoinj.utils.BtcFormatTest" time="0.001"/>
  <testcase name="symbolCollisionTest[354]" classname="org.bitcoinj.utils.BtcFormatTest" time="0.003"/>
  <testcase name="equalityTest[354]" classname="org.bitcoinj.utils.BtcFormatTest" time="0.002"/>
  <testcase name="columnAlignmentTest[354]" classname="org.bitcoinj.utils.BtcFormatTest" time="0.0"/>
  <testcase name="factoryTest[354]" classname="org.bitcoinj.utils.BtcFormatTest" time="0.001"/>
  <testcase name="parse[354]" classname="org.bitcoinj.utils.BtcFormatTest" time="0.0"/>
  <testcase name="btcRounding[354]" classname="org.bitcoinj.utils.BtcFormatTest" time="0.001"/>
  <testcase name="negativeTest[354]" classname="org.bitcoinj.utils.BtcFormatTest" time="0.0">
    <skipped/>
  </testcase>
  <testcase name="millicoinScaleTest[354]" classname="org.bitcoinj.utils.BtcFormatTest" time="0.0"/>
  <testcase name="toStringTest[354]" classname="org.bitcoinj.utils.BtcFormatTest" time="0.0">
    <skipped/>
  </testcase>
  <testcase name="testGrouping[354]" classname="org.bitcoinj.utils.BtcFormatTest" time="0.0"/>
  <testcase name="symbolsCodesTest[354]" classname="org.bitcoinj.utils.BtcFormatTest" time="0.001"/>
  <testcase name="defaultLocaleTest[354]" classname="org.bitcoinj.utils.BtcFormatTest" time="0.0"/>
  <testcase name="parsePositionTest[354]" classname="org.bitcoinj.utils.BtcFormatTest" time="0.0"/>
  <testcase name="argumentTypeTest[354]" classname="org.bitcoinj.utils.BtcFormatTest" time="0.0">
    <skipped/>
  </testcase>
  <testcase name="characterIteratorTest[354]" classname="org.bitcoinj.utils.BtcFormatTest" time="0.001"/>
  <testcase name="repeatingPlaceTest[354]" classname="org.bitcoinj.utils.BtcFormatTest" time="0.0"/>
  <testcase name="currencyCodeTest[354]" classname="org.bitcoinj.utils.BtcFormatTest" time="0.0">
    <skipped/>
  </testcase>
  <testcase name="patternDecimalPlaces[354]" classname="org.bitcoinj.utils.BtcFormatTest" time="0.0"/>
  <testcase name="factoryArgumentsTest[355]" classname="org.bitcoinj.utils.BtcFormatTest" time="0.002"/>
  <testcase name="parseTest[355]" classname="org.bitcoinj.utils.BtcFormatTest" time="0.0">
    <skipped/>
  </testcase>
  <testcase name="microcoinScaleTest[355]" classname="org.bitcoinj.utils.BtcFormatTest" time="0.0"/>
  <testcase name="parseMetricTest[355]" classname="org.bitcoinj.utils.BtcFormatTest" time="0.001"/>
  <testcase name="coinScaleTest[355]" classname="org.bitcoinj.utils.BtcFormatTest" time="0.001"/>
  <testcase name="builderTest[355]" classname="org.bitcoinj.utils.BtcFormatTest" time="0.0">
    <skipped/>
  </testcase>
  <testcase name="attributeTest[355]" classname="org.bitcoinj.utils.BtcFormatTest" time="0.0">
    <skipped/>
  </testcase>
  <testcase name="prefixTest[355]" classname="org.bitcoinj.utils.BtcFormatTest" time="0.0"/>
  <testcase name="suffixTest[355]" classname="org.bitcoinj.utils.BtcFormatTest" time="0.0">
    <skipped/>
  </testcase>
  <testcase name="autoDecimalTest[355]" classname="org.bitcoinj.utils.BtcFormatTest" time="0.001"/>
  <testcase name="symbolCollisionTest[355]" classname="org.bitcoinj.utils.BtcFormatTest" time="0.002"/>
  <testcase name="equalityTest[355]" classname="org.bitcoinj.utils.BtcFormatTest" time="0.003"/>
  <testcase name="columnAlignmentTest[355]" classname="org.bitcoinj.utils.BtcFormatTest" time="0.0"/>
  <testcase name="factoryTest[355]" classname="org.bitcoinj.utils.BtcFormatTest" time="0.0"/>
  <testcase name="parse[355]" classname="org.bitcoinj.utils.BtcFormatTest" time="0.0"/>
  <testcase name="btcRounding[355]" classname="org.bitcoinj.utils.BtcFormatTest" time="0.001"/>
  <testcase name="negativeTest[355]" classname="org.bitcoinj.utils.BtcFormatTest" time="0.0">
    <skipped/>
  </testcase>
  <testcase name="millicoinScaleTest[355]" classname="org.bitcoinj.utils.BtcFormatTest" time="0.0"/>
  <testcase name="toStringTest[355]" classname="org.bitcoinj.utils.BtcFormatTest" time="0.0">
    <skipped/>
  </testcase>
  <testcase name="testGrouping[355]" classname="org.bitcoinj.utils.BtcFormatTest" time="0.001"/>
  <testcase name="symbolsCodesTest[355]" classname="org.bitcoinj.utils.BtcFormatTest" time="0.001"/>
  <testcase name="defaultLocaleTest[355]" classname="org.bitcoinj.utils.BtcFormatTest" time="0.0"/>
  <testcase name="parsePositionTest[355]" classname="org.bitcoinj.utils.BtcFormatTest" time="0.001"/>
  <testcase name="argumentTypeTest[355]" classname="org.bitcoinj.utils.BtcFormatTest" time="0.0">
    <skipped/>
  </testcase>
  <testcase name="characterIteratorTest[355]" classname="org.bitcoinj.utils.BtcFormatTest" time="0.0"/>
  <testcase name="repeatingPlaceTest[355]" classname="org.bitcoinj.utils.BtcFormatTest" time="0.001"/>
  <testcase name="currencyCodeTest[355]" classname="org.bitcoinj.utils.BtcFormatTest" time="0.0">
    <skipped/>
  </testcase>
  <testcase name="patternDecimalPlaces[355]" classname="org.bitcoinj.utils.BtcFormatTest" time="0.0"/>
  <testcase name="factoryArgumentsTest[356]" classname="org.bitcoinj.utils.BtcFormatTest" time="0.001"/>
  <testcase name="parseTest[356]" classname="org.bitcoinj.utils.BtcFormatTest" time="0.0">
    <skipped/>
  </testcase>
  <testcase name="microcoinScaleTest[356]" classname="org.bitcoinj.utils.BtcFormatTest" time="0.0"/>
  <testcase name="parseMetricTest[356]" classname="org.bitcoinj.utils.BtcFormatTest" time="0.001"/>
  <testcase name="coinScaleTest[356]" classname="org.bitcoinj.utils.BtcFormatTest" time="0.0"/>
  <testcase name="builderTest[356]" classname="org.bitcoinj.utils.BtcFormatTest" time="0.0">
    <skipped/>
  </testcase>
  <testcase name="attributeTest[356]" classname="org.bitcoinj.utils.BtcFormatTest" time="0.0">
    <skipped/>
  </testcase>
  <testcase name="prefixTest[356]" classname="org.bitcoinj.utils.BtcFormatTest" time="0.0"/>
  <testcase name="suffixTest[356]" classname="org.bitcoinj.utils.BtcFormatTest" time="0.0">
    <skipped/>
  </testcase>
  <testcase name="autoDecimalTest[356]" classname="org.bitcoinj.utils.BtcFormatTest" time="0.001"/>
  <testcase name="symbolCollisionTest[356]" classname="org.bitcoinj.utils.BtcFormatTest" time="0.002"/>
  <testcase name="equalityTest[356]" classname="org.bitcoinj.utils.BtcFormatTest" time="0.002"/>
  <testcase name="columnAlignmentTest[356]" classname="org.bitcoinj.utils.BtcFormatTest" time="0.0"/>
  <testcase name="factoryTest[356]" classname="org.bitcoinj.utils.BtcFormatTest" time="0.0"/>
  <testcase name="parse[356]" classname="org.bitcoinj.utils.BtcFormatTest" time="0.001"/>
  <testcase name="btcRounding[356]" classname="org.bitcoinj.utils.BtcFormatTest" time="0.002"/>
  <testcase name="negativeTest[356]" classname="org.bitcoinj.utils.BtcFormatTest" time="0.0">
    <skipped/>
  </testcase>
  <testcase name="millicoinScaleTest[356]" classname="org.bitcoinj.utils.BtcFormatTest" time="0.0"/>
  <testcase name="toStringTest[356]" classname="org.bitcoinj.utils.BtcFormatTest" time="0.0">
    <skipped/>
  </testcase>
  <testcase name="testGrouping[356]" classname="org.bitcoinj.utils.BtcFormatTest" time="0.001"/>
  <testcase name="symbolsCodesTest[356]" classname="org.bitcoinj.utils.BtcFormatTest" time="0.0"/>
  <testcase name="defaultLocaleTest[356]" classname="org.bitcoinj.utils.BtcFormatTest" time="0.001"/>
  <testcase name="parsePositionTest[356]" classname="org.bitcoinj.utils.BtcFormatTest" time="0.0"/>
  <testcase name="argumentTypeTest[356]" classname="org.bitcoinj.utils.BtcFormatTest" time="0.0">
    <skipped/>
  </testcase>
  <testcase name="characterIteratorTest[356]" classname="org.bitcoinj.utils.BtcFormatTest" time="0.0"/>
  <testcase name="repeatingPlaceTest[356]" classname="org.bitcoinj.utils.BtcFormatTest" time="0.0"/>
  <testcase name="currencyCodeTest[356]" classname="org.bitcoinj.utils.BtcFormatTest" time="0.001">
    <skipped/>
  </testcase>
  <testcase name="patternDecimalPlaces[356]" classname="org.bitcoinj.utils.BtcFormatTest" time="0.0"/>
  <testcase name="factoryArgumentsTest[357]" classname="org.bitcoinj.utils.BtcFormatTest" time="0.001"/>
  <testcase name="parseTest[357]" classname="org.bitcoinj.utils.BtcFormatTest" time="0.0">
    <skipped/>
  </testcase>
  <testcase name="microcoinScaleTest[357]" classname="org.bitcoinj.utils.BtcFormatTest" time="0.0"/>
  <testcase name="parseMetricTest[357]" classname="org.bitcoinj.utils.BtcFormatTest" time="0.001"/>
  <testcase name="coinScaleTest[357]" classname="org.bitcoinj.utils.BtcFormatTest" time="0.0"/>
  <testcase name="builderTest[357]" classname="org.bitcoinj.utils.BtcFormatTest" time="0.0">
    <skipped/>
  </testcase>
  <testcase name="attributeTest[357]" classname="org.bitcoinj.utils.BtcFormatTest" time="0.0">
    <skipped/>
  </testcase>
  <testcase name="prefixTest[357]" classname="org.bitcoinj.utils.BtcFormatTest" time="0.0"/>
  <testcase name="suffixTest[357]" classname="org.bitcoinj.utils.BtcFormatTest" time="0.0">
    <skipped/>
  </testcase>
  <testcase name="autoDecimalTest[357]" classname="org.bitcoinj.utils.BtcFormatTest" time="0.001"/>
  <testcase name="symbolCollisionTest[357]" classname="org.bitcoinj.utils.BtcFormatTest" time="0.002"/>
  <testcase name="equalityTest[357]" classname="org.bitcoinj.utils.BtcFormatTest" time="0.002"/>
  <testcase name="columnAlignmentTest[357]" classname="org.bitcoinj.utils.BtcFormatTest" time="0.001"/>
  <testcase name="factoryTest[357]" classname="org.bitcoinj.utils.BtcFormatTest" time="0.0"/>
  <testcase name="parse[357]" classname="org.bitcoinj.utils.BtcFormatTest" time="0.0"/>
  <testcase name="btcRounding[357]" classname="org.bitcoinj.utils.BtcFormatTest" time="0.001"/>
  <testcase name="negativeTest[357]" classname="org.bitcoinj.utils.BtcFormatTest" time="0.0">
    <skipped/>
  </testcase>
  <testcase name="millicoinScaleTest[357]" classname="org.bitcoinj.utils.BtcFormatTest" time="0.0"/>
  <testcase name="toStringTest[357]" classname="org.bitcoinj.utils.BtcFormatTest" time="0.0">
    <skipped/>
  </testcase>
  <testcase name="testGrouping[357]" classname="org.bitcoinj.utils.BtcFormatTest" time="0.001"/>
  <testcase name="symbolsCodesTest[357]" classname="org.bitcoinj.utils.BtcFormatTest" time="0.0"/>
  <testcase name="defaultLocaleTest[357]" classname="org.bitcoinj.utils.BtcFormatTest" time="0.0"/>
  <testcase name="parsePositionTest[357]" classname="org.bitcoinj.utils.BtcFormatTest" time="0.001"/>
  <testcase name="argumentTypeTest[357]" classname="org.bitcoinj.utils.BtcFormatTest" time="0.0">
    <skipped/>
  </testcase>
  <testcase name="characterIteratorTest[357]" classname="org.bitcoinj.utils.BtcFormatTest" time="0.0"/>
  <testcase name="repeatingPlaceTest[357]" classname="org.bitcoinj.utils.BtcFormatTest" time="0.0"/>
  <testcase name="currencyCodeTest[357]" classname="org.bitcoinj.utils.BtcFormatTest" time="0.0">
    <skipped/>
  </testcase>
  <testcase name="patternDecimalPlaces[357]" classname="org.bitcoinj.utils.BtcFormatTest" time="0.0"/>
  <testcase name="factoryArgumentsTest[358]" classname="org.bitcoinj.utils.BtcFormatTest" time="0.001"/>
  <testcase name="parseTest[358]" classname="org.bitcoinj.utils.BtcFormatTest" time="0.0">
    <skipped/>
  </testcase>
  <testcase name="microcoinScaleTest[358]" classname="org.bitcoinj.utils.BtcFormatTest" time="0.0"/>
  <testcase name="parseMetricTest[358]" classname="org.bitcoinj.utils.BtcFormatTest" time="0.002"/>
  <testcase name="coinScaleTest[358]" classname="org.bitcoinj.utils.BtcFormatTest" time="0.0"/>
  <testcase name="builderTest[358]" classname="org.bitcoinj.utils.BtcFormatTest" time="0.0">
    <skipped/>
  </testcase>
  <testcase name="attributeTest[358]" classname="org.bitcoinj.utils.BtcFormatTest" time="0.0">
    <skipped/>
  </testcase>
  <testcase name="prefixTest[358]" classname="org.bitcoinj.utils.BtcFormatTest" time="0.0"/>
  <testcase name="suffixTest[358]" classname="org.bitcoinj.utils.BtcFormatTest" time="0.0">
    <skipped/>
  </testcase>
  <testcase name="autoDecimalTest[358]" classname="org.bitcoinj.utils.BtcFormatTest" time="0.001"/>
  <testcase name="symbolCollisionTest[358]" classname="org.bitcoinj.utils.BtcFormatTest" time="0.002"/>
  <testcase name="equalityTest[358]" classname="org.bitcoinj.utils.BtcFormatTest" time="0.002"/>
  <testcase name="columnAlignmentTest[358]" classname="org.bitcoinj.utils.BtcFormatTest" time="0.0"/>
  <testcase name="factoryTest[358]" classname="org.bitcoinj.utils.BtcFormatTest" time="0.0"/>
  <testcase name="parse[358]" classname="org.bitcoinj.utils.BtcFormatTest" time="0.0"/>
  <testcase name="btcRounding[358]" classname="org.bitcoinj.utils.BtcFormatTest" time="0.002"/>
  <testcase name="negativeTest[358]" classname="org.bitcoinj.utils.BtcFormatTest" time="0.0">
    <skipped/>
  </testcase>
  <testcase name="millicoinScaleTest[358]" classname="org.bitcoinj.utils.BtcFormatTest" time="0.0"/>
  <testcase name="toStringTest[358]" classname="org.bitcoinj.utils.BtcFormatTest" time="0.0">
    <skipped/>
  </testcase>
  <testcase name="testGrouping[358]" classname="org.bitcoinj.utils.BtcFormatTest" time="0.001"/>
  <testcase name="symbolsCodesTest[358]" classname="org.bitcoinj.utils.BtcFormatTest" time="0.0"/>
  <testcase name="defaultLocaleTest[358]" classname="org.bitcoinj.utils.BtcFormatTest" time="0.0"/>
  <testcase name="parsePositionTest[358]" classname="org.bitcoinj.utils.BtcFormatTest" time="0.001"/>
  <testcase name="argumentTypeTest[358]" classname="org.bitcoinj.utils.BtcFormatTest" time="0.0">
    <skipped/>
  </testcase>
  <testcase name="characterIteratorTest[358]" classname="org.bitcoinj.utils.BtcFormatTest" time="0.0"/>
  <testcase name="repeatingPlaceTest[358]" classname="org.bitcoinj.utils.BtcFormatTest" time="0.0"/>
  <testcase name="currencyCodeTest[358]" classname="org.bitcoinj.utils.BtcFormatTest" time="0.0">
    <skipped/>
  </testcase>
  <testcase name="patternDecimalPlaces[358]" classname="org.bitcoinj.utils.BtcFormatTest" time="0.0"/>
  <testcase name="factoryArgumentsTest[359]" classname="org.bitcoinj.utils.BtcFormatTest" time="0.001"/>
  <testcase name="parseTest[359]" classname="org.bitcoinj.utils.BtcFormatTest" time="0.0">
    <skipped/>
  </testcase>
  <testcase name="microcoinScaleTest[359]" classname="org.bitcoinj.utils.BtcFormatTest" time="0.0"/>
  <testcase name="parseMetricTest[359]" classname="org.bitcoinj.utils.BtcFormatTest" time="0.001"/>
  <testcase name="coinScaleTest[359]" classname="org.bitcoinj.utils.BtcFormatTest" time="0.0"/>
  <testcase name="builderTest[359]" classname="org.bitcoinj.utils.BtcFormatTest" time="0.0">
    <skipped/>
  </testcase>
  <testcase name="attributeTest[359]" classname="org.bitcoinj.utils.BtcFormatTest" time="0.001">
    <skipped/>
  </testcase>
  <testcase name="prefixTest[359]" classname="org.bitcoinj.utils.BtcFormatTest" time="0.0"/>
  <testcase name="suffixTest[359]" classname="org.bitcoinj.utils.BtcFormatTest" time="0.0">
    <skipped/>
  </testcase>
  <testcase name="autoDecimalTest[359]" classname="org.bitcoinj.utils.BtcFormatTest" time="0.0"/>
  <testcase name="symbolCollisionTest[359]" classname="org.bitcoinj.utils.BtcFormatTest" time="0.002"/>
  <testcase name="equalityTest[359]" classname="org.bitcoinj.utils.BtcFormatTest" time="0.002"/>
  <testcase name="columnAlignmentTest[359]" classname="org.bitcoinj.utils.BtcFormatTest" time="0.0"/>
  <testcase name="factoryTest[359]" classname="org.bitcoinj.utils.BtcFormatTest" time="0.001"/>
  <testcase name="parse[359]" classname="org.bitcoinj.utils.BtcFormatTest" time="0.0"/>
  <testcase name="btcRounding[359]" classname="org.bitcoinj.utils.BtcFormatTest" time="0.001"/>
  <testcase name="negativeTest[359]" classname="org.bitcoinj.utils.BtcFormatTest" time="0.001">
    <skipped/>
  </testcase>
  <testcase name="millicoinScaleTest[359]" classname="org.bitcoinj.utils.BtcFormatTest" time="0.0"/>
  <testcase name="toStringTest[359]" classname="org.bitcoinj.utils.BtcFormatTest" time="0.0">
    <skipped/>
  </testcase>
  <testcase name="testGrouping[359]" classname="org.bitcoinj.utils.BtcFormatTest" time="0.0"/>
  <testcase name="symbolsCodesTest[359]" classname="org.bitcoinj.utils.BtcFormatTest" time="0.001"/>
  <testcase name="defaultLocaleTest[359]" classname="org.bitcoinj.utils.BtcFormatTest" time="0.001"/>
  <testcase name="parsePositionTest[359]" classname="org.bitcoinj.utils.BtcFormatTest" time="0.0"/>
  <testcase name="argumentTypeTest[359]" classname="org.bitcoinj.utils.BtcFormatTest" time="0.0">
    <skipped/>
  </testcase>
  <testcase name="characterIteratorTest[359]" classname="org.bitcoinj.utils.BtcFormatTest" time="0.001"/>
  <testcase name="repeatingPlaceTest[359]" classname="org.bitcoinj.utils.BtcFormatTest" time="0.0"/>
  <testcase name="currencyCodeTest[359]" classname="org.bitcoinj.utils.BtcFormatTest" time="0.0">
    <skipped/>
  </testcase>
  <testcase name="patternDecimalPlaces[359]" classname="org.bitcoinj.utils.BtcFormatTest" time="0.0"/>
  <testcase name="factoryArgumentsTest[360]" classname="org.bitcoinj.utils.BtcFormatTest" time="0.001"/>
  <testcase name="parseTest[360]" classname="org.bitcoinj.utils.BtcFormatTest" time="0.0">
    <skipped/>
  </testcase>
  <testcase name="microcoinScaleTest[360]" classname="org.bitcoinj.utils.BtcFormatTest" time="0.0"/>
  <testcase name="parseMetricTest[360]" classname="org.bitcoinj.utils.BtcFormatTest" time="0.001"/>
  <testcase name="coinScaleTest[360]" classname="org.bitcoinj.utils.BtcFormatTest" time="0.0"/>
  <testcase name="builderTest[360]" classname="org.bitcoinj.utils.BtcFormatTest" time="0.0">
    <skipped/>
  </testcase>
  <testcase name="attributeTest[360]" classname="org.bitcoinj.utils.BtcFormatTest" time="0.0">
    <skipped/>
  </testcase>
  <testcase name="prefixTest[360]" classname="org.bitcoinj.utils.BtcFormatTest" time="0.0"/>
  <testcase name="suffixTest[360]" classname="org.bitcoinj.utils.BtcFormatTest" time="0.0">
    <skipped/>
  </testcase>
  <testcase name="autoDecimalTest[360]" classname="org.bitcoinj.utils.BtcFormatTest" time="0.0"/>
  <testcase name="symbolCollisionTest[360]" classname="org.bitcoinj.utils.BtcFormatTest" time="0.002"/>
  <testcase name="equalityTest[360]" classname="org.bitcoinj.utils.BtcFormatTest" time="0.002"/>
  <testcase name="columnAlignmentTest[360]" classname="org.bitcoinj.utils.BtcFormatTest" time="0.0"/>
  <testcase name="factoryTest[360]" classname="org.bitcoinj.utils.BtcFormatTest" time="0.0"/>
  <testcase name="parse[360]" classname="org.bitcoinj.utils.BtcFormatTest" time="0.0"/>
  <testcase name="btcRounding[360]" classname="org.bitcoinj.utils.BtcFormatTest" time="0.001"/>
  <testcase name="negativeTest[360]" classname="org.bitcoinj.utils.BtcFormatTest" time="0.0">
    <skipped/>
  </testcase>
  <testcase name="millicoinScaleTest[360]" classname="org.bitcoinj.utils.BtcFormatTest" time="0.0"/>
  <testcase name="toStringTest[360]" classname="org.bitcoinj.utils.BtcFormatTest" time="0.0">
    <skipped/>
  </testcase>
  <testcase name="testGrouping[360]" classname="org.bitcoinj.utils.BtcFormatTest" time="0.001"/>
  <testcase name="symbolsCodesTest[360]" classname="org.bitcoinj.utils.BtcFormatTest" time="0.0"/>
  <testcase name="defaultLocaleTest[360]" classname="org.bitcoinj.utils.BtcFormatTest" time="0.0"/>
  <testcase name="parsePositionTest[360]" classname="org.bitcoinj.utils.BtcFormatTest" time="0.001"/>
  <testcase name="argumentTypeTest[360]" classname="org.bitcoinj.utils.BtcFormatTest" time="0.0">
    <skipped/>
  </testcase>
  <testcase name="characterIteratorTest[360]" classname="org.bitcoinj.utils.BtcFormatTest" time="0.0"/>
  <testcase name="repeatingPlaceTest[360]" classname="org.bitcoinj.utils.BtcFormatTest" time="0.0"/>
  <testcase name="currencyCodeTest[360]" classname="org.bitcoinj.utils.BtcFormatTest" time="0.0">
    <skipped/>
  </testcase>
  <testcase name="patternDecimalPlaces[360]" classname="org.bitcoinj.utils.BtcFormatTest" time="0.0"/>
  <testcase name="factoryArgumentsTest[361]" classname="org.bitcoinj.utils.BtcFormatTest" time="0.001"/>
  <testcase name="parseTest[361]" classname="org.bitcoinj.utils.BtcFormatTest" time="0.0">
    <skipped/>
  </testcase>
  <testcase name="microcoinScaleTest[361]" classname="org.bitcoinj.utils.BtcFormatTest" time="0.001"/>
  <testcase name="parseMetricTest[361]" classname="org.bitcoinj.utils.BtcFormatTest" time="0.001"/>
  <testcase name="coinScaleTest[361]" classname="org.bitcoinj.utils.BtcFormatTest" time="0.0"/>
  <testcase name="builderTest[361]" classname="org.bitcoinj.utils.BtcFormatTest" time="0.0">
    <skipped/>
  </testcase>
  <testcase name="attributeTest[361]" classname="org.bitcoinj.utils.BtcFormatTest" time="0.0">
    <skipped/>
  </testcase>
  <testcase name="prefixTest[361]" classname="org.bitcoinj.utils.BtcFormatTest" time="0.0"/>
  <testcase name="suffixTest[361]" classname="org.bitcoinj.utils.BtcFormatTest" time="0.0">
    <skipped/>
  </testcase>
  <testcase name="autoDecimalTest[361]" classname="org.bitcoinj.utils.BtcFormatTest" time="0.001"/>
  <testcase name="symbolCollisionTest[361]" classname="org.bitcoinj.utils.BtcFormatTest" time="0.001"/>
  <testcase name="equalityTest[361]" classname="org.bitcoinj.utils.BtcFormatTest" time="0.002"/>
  <testcase name="columnAlignmentTest[361]" classname="org.bitcoinj.utils.BtcFormatTest" time="0.0"/>
  <testcase name="factoryTest[361]" classname="org.bitcoinj.utils.BtcFormatTest" time="0.001"/>
  <testcase name="parse[361]" classname="org.bitcoinj.utils.BtcFormatTest" time="0.0"/>
  <testcase name="btcRounding[361]" classname="org.bitcoinj.utils.BtcFormatTest" time="0.002"/>
  <testcase name="negativeTest[361]" classname="org.bitcoinj.utils.BtcFormatTest" time="0.0">
    <skipped/>
  </testcase>
  <testcase name="millicoinScaleTest[361]" classname="org.bitcoinj.utils.BtcFormatTest" time="0.0"/>
  <testcase name="toStringTest[361]" classname="org.bitcoinj.utils.BtcFormatTest" time="0.0">
    <skipped/>
  </testcase>
  <testcase name="testGrouping[361]" classname="org.bitcoinj.utils.BtcFormatTest" time="0.0"/>
  <testcase name="symbolsCodesTest[361]" classname="org.bitcoinj.utils.BtcFormatTest" time="0.001"/>
  <testcase name="defaultLocaleTest[361]" classname="org.bitcoinj.utils.BtcFormatTest" time="0.0"/>
  <testcase name="parsePositionTest[361]" classname="org.bitcoinj.utils.BtcFormatTest" time="0.0"/>
  <testcase name="argumentTypeTest[361]" classname="org.bitcoinj.utils.BtcFormatTest" time="0.0">
    <skipped/>
  </testcase>
  <testcase name="characterIteratorTest[361]" classname="org.bitcoinj.utils.BtcFormatTest" time="0.0"/>
  <testcase name="repeatingPlaceTest[361]" classname="org.bitcoinj.utils.BtcFormatTest" time="0.001"/>
  <testcase name="currencyCodeTest[361]" classname="org.bitcoinj.utils.BtcFormatTest" time="0.0">
    <skipped/>
  </testcase>
  <testcase name="patternDecimalPlaces[361]" classname="org.bitcoinj.utils.BtcFormatTest" time="0.0"/>
  <testcase name="factoryArgumentsTest[362]" classname="org.bitcoinj.utils.BtcFormatTest" time="0.003"/>
  <testcase name="parseTest[362]" classname="org.bitcoinj.utils.BtcFormatTest" time="0.0">
    <skipped/>
  </testcase>
  <testcase name="microcoinScaleTest[362]" classname="org.bitcoinj.utils.BtcFormatTest" time="0.0"/>
  <testcase name="parseMetricTest[362]" classname="org.bitcoinj.utils.BtcFormatTest" time="0.001"/>
  <testcase name="coinScaleTest[362]" classname="org.bitcoinj.utils.BtcFormatTest" time="0.0"/>
  <testcase name="builderTest[362]" classname="org.bitcoinj.utils.BtcFormatTest" time="0.0">
    <skipped/>
  </testcase>
  <testcase name="attributeTest[362]" classname="org.bitcoinj.utils.BtcFormatTest" time="0.0">
    <skipped/>
  </testcase>
  <testcase name="prefixTest[362]" classname="org.bitcoinj.utils.BtcFormatTest" time="0.001"/>
  <testcase name="suffixTest[362]" classname="org.bitcoinj.utils.BtcFormatTest" time="0.0">
    <skipped/>
  </testcase>
  <testcase name="autoDecimalTest[362]" classname="org.bitcoinj.utils.BtcFormatTest" time="0.0"/>
  <testcase name="symbolCollisionTest[362]" classname="org.bitcoinj.utils.BtcFormatTest" time="0.002"/>
  <testcase name="equalityTest[362]" classname="org.bitcoinj.utils.BtcFormatTest" time="0.002"/>
  <testcase name="columnAlignmentTest[362]" classname="org.bitcoinj.utils.BtcFormatTest" time="0.0"/>
  <testcase name="factoryTest[362]" classname="org.bitcoinj.utils.BtcFormatTest" time="0.0"/>
  <testcase name="parse[362]" classname="org.bitcoinj.utils.BtcFormatTest" time="0.0"/>
  <testcase name="btcRounding[362]" classname="org.bitcoinj.utils.BtcFormatTest" time="0.002"/>
  <testcase name="negativeTest[362]" classname="org.bitcoinj.utils.BtcFormatTest" time="0.0">
    <skipped/>
  </testcase>
  <testcase name="millicoinScaleTest[362]" classname="org.bitcoinj.utils.BtcFormatTest" time="0.0"/>
  <testcase name="toStringTest[362]" classname="org.bitcoinj.utils.BtcFormatTest" time="0.0">
    <skipped/>
  </testcase>
  <testcase name="testGrouping[362]" classname="org.bitcoinj.utils.BtcFormatTest" time="0.0"/>
  <testcase name="symbolsCodesTest[362]" classname="org.bitcoinj.utils.BtcFormatTest" time="0.001"/>
  <testcase name="defaultLocaleTest[362]" classname="org.bitcoinj.utils.BtcFormatTest" time="0.0"/>
  <testcase name="parsePositionTest[362]" classname="org.bitcoinj.utils.BtcFormatTest" time="0.0"/>
  <testcase name="argumentTypeTest[362]" classname="org.bitcoinj.utils.BtcFormatTest" time="0.0">
    <skipped/>
  </testcase>
  <testcase name="characterIteratorTest[362]" classname="org.bitcoinj.utils.BtcFormatTest" time="0.001"/>
  <testcase name="repeatingPlaceTest[362]" classname="org.bitcoinj.utils.BtcFormatTest" time="0.0"/>
  <testcase name="currencyCodeTest[362]" classname="org.bitcoinj.utils.BtcFormatTest" time="0.0">
    <skipped/>
  </testcase>
  <testcase name="patternDecimalPlaces[362]" classname="org.bitcoinj.utils.BtcFormatTest" time="0.0"/>
  <testcase name="factoryArgumentsTest[363]" classname="org.bitcoinj.utils.BtcFormatTest" time="0.001"/>
  <testcase name="parseTest[363]" classname="org.bitcoinj.utils.BtcFormatTest" time="0.0">
    <skipped/>
  </testcase>
  <testcase name="microcoinScaleTest[363]" classname="org.bitcoinj.utils.BtcFormatTest" time="0.0"/>
  <testcase name="parseMetricTest[363]" classname="org.bitcoinj.utils.BtcFormatTest" time="0.001"/>
  <testcase name="coinScaleTest[363]" classname="org.bitcoinj.utils.BtcFormatTest" time="0.0"/>
  <testcase name="builderTest[363]" classname="org.bitcoinj.utils.BtcFormatTest" time="0.0">
    <skipped/>
  </testcase>
  <testcase name="attributeTest[363]" classname="org.bitcoinj.utils.BtcFormatTest" time="0.0">
    <skipped/>
  </testcase>
  <testcase name="prefixTest[363]" classname="org.bitcoinj.utils.BtcFormatTest" time="0.0"/>
  <testcase name="suffixTest[363]" classname="org.bitcoinj.utils.BtcFormatTest" time="0.0">
    <skipped/>
  </testcase>
  <testcase name="autoDecimalTest[363]" classname="org.bitcoinj.utils.BtcFormatTest" time="0.001"/>
  <testcase name="symbolCollisionTest[363]" classname="org.bitcoinj.utils.BtcFormatTest" time="0.001"/>
  <testcase name="equalityTest[363]" classname="org.bitcoinj.utils.BtcFormatTest" time="0.002"/>
  <testcase name="columnAlignmentTest[363]" classname="org.bitcoinj.utils.BtcFormatTest" time="0.0"/>
  <testcase name="factoryTest[363]" classname="org.bitcoinj.utils.BtcFormatTest" time="0.0"/>
  <testcase name="parse[363]" classname="org.bitcoinj.utils.BtcFormatTest" time="0.001"/>
  <testcase name="btcRounding[363]" classname="org.bitcoinj.utils.BtcFormatTest" time="0.001"/>
  <testcase name="negativeTest[363]" classname="org.bitcoinj.utils.BtcFormatTest" time="0.0">
    <skipped/>
  </testcase>
  <testcase name="millicoinScaleTest[363]" classname="org.bitcoinj.utils.BtcFormatTest" time="0.0"/>
  <testcase name="toStringTest[363]" classname="org.bitcoinj.utils.BtcFormatTest" time="0.0">
    <skipped/>
  </testcase>
  <testcase name="testGrouping[363]" classname="org.bitcoinj.utils.BtcFormatTest" time="0.0"/>
  <testcase name="symbolsCodesTest[363]" classname="org.bitcoinj.utils.BtcFormatTest" time="0.001"/>
  <testcase name="defaultLocaleTest[363]" classname="org.bitcoinj.utils.BtcFormatTest" time="0.001"/>
  <testcase name="parsePositionTest[363]" classname="org.bitcoinj.utils.BtcFormatTest" time="0.0"/>
  <testcase name="argumentTypeTest[363]" classname="org.bitcoinj.utils.BtcFormatTest" time="0.0">
    <skipped/>
  </testcase>
  <testcase name="characterIteratorTest[363]" classname="org.bitcoinj.utils.BtcFormatTest" time="0.0"/>
  <testcase name="repeatingPlaceTest[363]" classname="org.bitcoinj.utils.BtcFormatTest" time="0.001"/>
  <testcase name="currencyCodeTest[363]" classname="org.bitcoinj.utils.BtcFormatTest" time="0.0">
    <skipped/>
  </testcase>
  <testcase name="patternDecimalPlaces[363]" classname="org.bitcoinj.utils.BtcFormatTest" time="0.0"/>
  <testcase name="factoryArgumentsTest[364]" classname="org.bitcoinj.utils.BtcFormatTest" time="0.001"/>
  <testcase name="parseTest[364]" classname="org.bitcoinj.utils.BtcFormatTest" time="0.0">
    <skipped/>
  </testcase>
  <testcase name="microcoinScaleTest[364]" classname="org.bitcoinj.utils.BtcFormatTest" time="0.001"/>
  <testcase name="parseMetricTest[364]" classname="org.bitcoinj.utils.BtcFormatTest" time="0.001"/>
  <testcase name="coinScaleTest[364]" classname="org.bitcoinj.utils.BtcFormatTest" time="0.0"/>
  <testcase name="builderTest[364]" classname="org.bitcoinj.utils.BtcFormatTest" time="0.0">
    <skipped/>
  </testcase>
  <testcase name="attributeTest[364]" classname="org.bitcoinj.utils.BtcFormatTest" time="0.0">
    <skipped/>
  </testcase>
  <testcase name="prefixTest[364]" classname="org.bitcoinj.utils.BtcFormatTest" time="0.0"/>
  <testcase name="suffixTest[364]" classname="org.bitcoinj.utils.BtcFormatTest" time="0.0">
    <skipped/>
  </testcase>
  <testcase name="autoDecimalTest[364]" classname="org.bitcoinj.utils.BtcFormatTest" time="0.001"/>
  <testcase name="symbolCollisionTest[364]" classname="org.bitcoinj.utils.BtcFormatTest" time="0.002"/>
  <testcase name="equalityTest[364]" classname="org.bitcoinj.utils.BtcFormatTest" time="0.002"/>
  <testcase name="columnAlignmentTest[364]" classname="org.bitcoinj.utils.BtcFormatTest" time="0.0"/>
  <testcase name="factoryTest[364]" classname="org.bitcoinj.utils.BtcFormatTest" time="0.0"/>
  <testcase name="parse[364]" classname="org.bitcoinj.utils.BtcFormatTest" time="0.0"/>
  <testcase name="btcRounding[364]" classname="org.bitcoinj.utils.BtcFormatTest" time="0.002"/>
  <testcase name="negativeTest[364]" classname="org.bitcoinj.utils.BtcFormatTest" time="0.0">
    <skipped/>
  </testcase>
  <testcase name="millicoinScaleTest[364]" classname="org.bitcoinj.utils.BtcFormatTest" time="0.0"/>
  <testcase name="toStringTest[364]" classname="org.bitcoinj.utils.BtcFormatTest" time="0.0">
    <skipped/>
  </testcase>
  <testcase name="testGrouping[364]" classname="org.bitcoinj.utils.BtcFormatTest" time="0.0"/>
  <testcase name="symbolsCodesTest[364]" classname="org.bitcoinj.utils.BtcFormatTest" time="0.001"/>
  <testcase name="defaultLocaleTest[364]" classname="org.bitcoinj.utils.BtcFormatTest" time="0.0"/>
  <testcase name="parsePositionTest[364]" classname="org.bitcoinj.utils.BtcFormatTest" time="0.0"/>
  <testcase name="argumentTypeTest[364]" classname="org.bitcoinj.utils.BtcFormatTest" time="0.0">
    <skipped/>
  </testcase>
  <testcase name="characterIteratorTest[364]" classname="org.bitcoinj.utils.BtcFormatTest" time="0.0"/>
  <testcase name="repeatingPlaceTest[364]" classname="org.bitcoinj.utils.BtcFormatTest" time="0.001"/>
  <testcase name="currencyCodeTest[364]" classname="org.bitcoinj.utils.BtcFormatTest" time="0.0">
    <skipped/>
  </testcase>
  <testcase name="patternDecimalPlaces[364]" classname="org.bitcoinj.utils.BtcFormatTest" time="0.0"/>
  <testcase name="factoryArgumentsTest[365]" classname="org.bitcoinj.utils.BtcFormatTest" time="0.001"/>
  <testcase name="parseTest[365]" classname="org.bitcoinj.utils.BtcFormatTest" time="0.0">
    <skipped/>
  </testcase>
  <testcase name="microcoinScaleTest[365]" classname="org.bitcoinj.utils.BtcFormatTest" time="0.0"/>
  <testcase name="parseMetricTest[365]" classname="org.bitcoinj.utils.BtcFormatTest" time="0.001"/>
  <testcase name="coinScaleTest[365]" classname="org.bitcoinj.utils.BtcFormatTest" time="0.001"/>
  <testcase name="builderTest[365]" classname="org.bitcoinj.utils.BtcFormatTest" time="0.0">
    <skipped/>
  </testcase>
  <testcase name="attributeTest[365]" classname="org.bitcoinj.utils.BtcFormatTest" time="0.0">
    <skipped/>
  </testcase>
  <testcase name="prefixTest[365]" classname="org.bitcoinj.utils.BtcFormatTest" time="0.0"/>
  <testcase name="suffixTest[365]" classname="org.bitcoinj.utils.BtcFormatTest" time="0.0">
    <skipped/>
  </testcase>
  <testcase name="autoDecimalTest[365]" classname="org.bitcoinj.utils.BtcFormatTest" time="0.003"/>
  <testcase name="symbolCollisionTest[365]" classname="org.bitcoinj.utils.BtcFormatTest" time="0.003"/>
  <testcase name="equalityTest[365]" classname="org.bitcoinj.utils.BtcFormatTest" time="0.002"/>
  <testcase name="columnAlignmentTest[365]" classname="org.bitcoinj.utils.BtcFormatTest" time="0.0"/>
  <testcase name="factoryTest[365]" classname="org.bitcoinj.utils.BtcFormatTest" time="0.0"/>
  <testcase name="parse[365]" classname="org.bitcoinj.utils.BtcFormatTest" time="0.0"/>
  <testcase name="btcRounding[365]" classname="org.bitcoinj.utils.BtcFormatTest" time="0.001"/>
  <testcase name="negativeTest[365]" classname="org.bitcoinj.utils.BtcFormatTest" time="0.0">
    <skipped/>
  </testcase>
  <testcase name="millicoinScaleTest[365]" classname="org.bitcoinj.utils.BtcFormatTest" time="0.001"/>
  <testcase name="toStringTest[365]" classname="org.bitcoinj.utils.BtcFormatTest" time="0.0">
    <skipped/>
  </testcase>
  <testcase name="testGrouping[365]" classname="org.bitcoinj.utils.BtcFormatTest" time="0.0"/>
  <testcase name="symbolsCodesTest[365]" classname="org.bitcoinj.utils.BtcFormatTest" time="0.0"/>
  <testcase name="defaultLocaleTest[365]" classname="org.bitcoinj.utils.BtcFormatTest" time="0.001"/>
  <testcase name="parsePositionTest[365]" classname="org.bitcoinj.utils.BtcFormatTest" time="0.0"/>
  <testcase name="argumentTypeTest[365]" classname="org.bitcoinj.utils.BtcFormatTest" time="0.0">
    <skipped/>
  </testcase>
  <testcase name="characterIteratorTest[365]" classname="org.bitcoinj.utils.BtcFormatTest" time="0.0"/>
  <testcase name="repeatingPlaceTest[365]" classname="org.bitcoinj.utils.BtcFormatTest" time="0.0"/>
  <testcase name="currencyCodeTest[365]" classname="org.bitcoinj.utils.BtcFormatTest" time="0.0">
    <skipped/>
  </testcase>
  <testcase name="patternDecimalPlaces[365]" classname="org.bitcoinj.utils.BtcFormatTest" time="0.001"/>
  <testcase name="factoryArgumentsTest[366]" classname="org.bitcoinj.utils.BtcFormatTest" time="0.001"/>
  <testcase name="parseTest[366]" classname="org.bitcoinj.utils.BtcFormatTest" time="0.0">
    <skipped/>
  </testcase>
  <testcase name="microcoinScaleTest[366]" classname="org.bitcoinj.utils.BtcFormatTest" time="0.0"/>
  <testcase name="parseMetricTest[366]" classname="org.bitcoinj.utils.BtcFormatTest" time="0.001"/>
  <testcase name="coinScaleTest[366]" classname="org.bitcoinj.utils.BtcFormatTest" time="0.0"/>
  <testcase name="builderTest[366]" classname="org.bitcoinj.utils.BtcFormatTest" time="0.0">
    <skipped/>
  </testcase>
  <testcase name="attributeTest[366]" classname="org.bitcoinj.utils.BtcFormatTest" time="0.0">
    <skipped/>
  </testcase>
  <testcase name="prefixTest[366]" classname="org.bitcoinj.utils.BtcFormatTest" time="0.001"/>
  <testcase name="suffixTest[366]" classname="org.bitcoinj.utils.BtcFormatTest" time="0.0">
    <skipped/>
  </testcase>
  <testcase name="autoDecimalTest[366]" classname="org.bitcoinj.utils.BtcFormatTest" time="0.001"/>
  <testcase name="symbolCollisionTest[366]" classname="org.bitcoinj.utils.BtcFormatTest" time="0.002"/>
  <testcase name="equalityTest[366]" classname="org.bitcoinj.utils.BtcFormatTest" time="0.002"/>
  <testcase name="columnAlignmentTest[366]" classname="org.bitcoinj.utils.BtcFormatTest" time="0.0"/>
  <testcase name="factoryTest[366]" classname="org.bitcoinj.utils.BtcFormatTest" time="0.001"/>
  <testcase name="parse[366]" classname="org.bitcoinj.utils.BtcFormatTest" time="0.0"/>
  <testcase name="btcRounding[366]" classname="org.bitcoinj.utils.BtcFormatTest" time="0.001"/>
  <testcase name="negativeTest[366]" classname="org.bitcoinj.utils.BtcFormatTest" time="0.0">
    <skipped/>
  </testcase>
  <testcase name="millicoinScaleTest[366]" classname="org.bitcoinj.utils.BtcFormatTest" time="0.0"/>
  <testcase name="toStringTest[366]" classname="org.bitcoinj.utils.BtcFormatTest" time="0.0">
    <skipped/>
  </testcase>
  <testcase name="testGrouping[366]" classname="org.bitcoinj.utils.BtcFormatTest" time="0.0"/>
  <testcase name="symbolsCodesTest[366]" classname="org.bitcoinj.utils.BtcFormatTest" time="0.001"/>
  <testcase name="defaultLocaleTest[366]" classname="org.bitcoinj.utils.BtcFormatTest" time="0.0"/>
  <testcase name="parsePositionTest[366]" classname="org.bitcoinj.utils.BtcFormatTest" time="0.001"/>
  <testcase name="argumentTypeTest[366]" classname="org.bitcoinj.utils.BtcFormatTest" time="0.0">
    <skipped/>
  </testcase>
  <testcase name="characterIteratorTest[366]" classname="org.bitcoinj.utils.BtcFormatTest" time="0.0"/>
  <testcase name="repeatingPlaceTest[366]" classname="org.bitcoinj.utils.BtcFormatTest" time="0.0"/>
  <testcase name="currencyCodeTest[366]" classname="org.bitcoinj.utils.BtcFormatTest" time="0.0">
    <skipped/>
  </testcase>
  <testcase name="patternDecimalPlaces[366]" classname="org.bitcoinj.utils.BtcFormatTest" time="0.0"/>
  <testcase name="factoryArgumentsTest[367]" classname="org.bitcoinj.utils.BtcFormatTest" time="0.001"/>
  <testcase name="parseTest[367]" classname="org.bitcoinj.utils.BtcFormatTest" time="0.0">
    <skipped/>
  </testcase>
  <testcase name="microcoinScaleTest[367]" classname="org.bitcoinj.utils.BtcFormatTest" time="0.0"/>
  <testcase name="parseMetricTest[367]" classname="org.bitcoinj.utils.BtcFormatTest" time="0.0"/>
  <testcase name="coinScaleTest[367]" classname="org.bitcoinj.utils.BtcFormatTest" time="0.001"/>
  <testcase name="builderTest[367]" classname="org.bitcoinj.utils.BtcFormatTest" time="0.0">
    <skipped/>
  </testcase>
  <testcase name="attributeTest[367]" classname="org.bitcoinj.utils.BtcFormatTest" time="0.0">
    <skipped/>
  </testcase>
  <testcase name="prefixTest[367]" classname="org.bitcoinj.utils.BtcFormatTest" time="0.0"/>
  <testcase name="suffixTest[367]" classname="org.bitcoinj.utils.BtcFormatTest" time="0.0">
    <skipped/>
  </testcase>
  <testcase name="autoDecimalTest[367]" classname="org.bitcoinj.utils.BtcFormatTest" time="0.0"/>
  <testcase name="symbolCollisionTest[367]" classname="org.bitcoinj.utils.BtcFormatTest" time="0.002"/>
  <testcase name="equalityTest[367]" classname="org.bitcoinj.utils.BtcFormatTest" time="0.003"/>
  <testcase name="columnAlignmentTest[367]" classname="org.bitcoinj.utils.BtcFormatTest" time="0.0"/>
  <testcase name="factoryTest[367]" classname="org.bitcoinj.utils.BtcFormatTest" time="0.0"/>
  <testcase name="parse[367]" classname="org.bitcoinj.utils.BtcFormatTest" time="0.001"/>
  <testcase name="btcRounding[367]" classname="org.bitcoinj.utils.BtcFormatTest" time="0.001"/>
  <testcase name="negativeTest[367]" classname="org.bitcoinj.utils.BtcFormatTest" time="0.0">
    <skipped/>
  </testcase>
  <testcase name="millicoinScaleTest[367]" classname="org.bitcoinj.utils.BtcFormatTest" time="0.0"/>
  <testcase name="toStringTest[367]" classname="org.bitcoinj.utils.BtcFormatTest" time="0.0">
    <skipped/>
  </testcase>
  <testcase name="testGrouping[367]" classname="org.bitcoinj.utils.BtcFormatTest" time="0.0"/>
  <testcase name="symbolsCodesTest[367]" classname="org.bitcoinj.utils.BtcFormatTest" time="0.001"/>
  <testcase name="defaultLocaleTest[367]" classname="org.bitcoinj.utils.BtcFormatTest" time="0.0"/>
  <testcase name="parsePositionTest[367]" classname="org.bitcoinj.utils.BtcFormatTest" time="0.0"/>
  <testcase name="argumentTypeTest[367]" classname="org.bitcoinj.utils.BtcFormatTest" time="0.0">
    <skipped/>
  </testcase>
  <testcase name="characterIteratorTest[367]" classname="org.bitcoinj.utils.BtcFormatTest" time="0.001"/>
  <testcase name="repeatingPlaceTest[367]" classname="org.bitcoinj.utils.BtcFormatTest" time="0.0"/>
  <testcase name="currencyCodeTest[367]" classname="org.bitcoinj.utils.BtcFormatTest" time="0.0">
    <skipped/>
  </testcase>
  <testcase name="patternDecimalPlaces[367]" classname="org.bitcoinj.utils.BtcFormatTest" time="0.0"/>
  <testcase name="factoryArgumentsTest[368]" classname="org.bitcoinj.utils.BtcFormatTest" time="0.001"/>
  <testcase name="parseTest[368]" classname="org.bitcoinj.utils.BtcFormatTest" time="0.0">
    <skipped/>
  </testcase>
  <testcase name="microcoinScaleTest[368]" classname="org.bitcoinj.utils.BtcFormatTest" time="0.0"/>
  <testcase name="parseMetricTest[368]" classname="org.bitcoinj.utils.BtcFormatTest" time="0.001"/>
  <testcase name="coinScaleTest[368]" classname="org.bitcoinj.utils.BtcFormatTest" time="0.0"/>
  <testcase name="builderTest[368]" classname="org.bitcoinj.utils.BtcFormatTest" time="0.0">
    <skipped/>
  </testcase>
  <testcase name="attributeTest[368]" classname="org.bitcoinj.utils.BtcFormatTest" time="0.0">
    <skipped/>
  </testcase>
  <testcase name="prefixTest[368]" classname="org.bitcoinj.utils.BtcFormatTest" time="0.0"/>
  <testcase name="suffixTest[368]" classname="org.bitcoinj.utils.BtcFormatTest" time="0.0">
    <skipped/>
  </testcase>
  <testcase name="autoDecimalTest[368]" classname="org.bitcoinj.utils.BtcFormatTest" time="0.001"/>
  <testcase name="symbolCollisionTest[368]" classname="org.bitcoinj.utils.BtcFormatTest" time="0.002"/>
  <testcase name="equalityTest[368]" classname="org.bitcoinj.utils.BtcFormatTest" time="0.001"/>
  <testcase name="columnAlignmentTest[368]" classname="org.bitcoinj.utils.BtcFormatTest" time="0.0"/>
  <testcase name="factoryTest[368]" classname="org.bitcoinj.utils.BtcFormatTest" time="0.001"/>
  <testcase name="parse[368]" classname="org.bitcoinj.utils.BtcFormatTest" time="0.0"/>
  <testcase name="btcRounding[368]" classname="org.bitcoinj.utils.BtcFormatTest" time="0.001"/>
  <testcase name="negativeTest[368]" classname="org.bitcoinj.utils.BtcFormatTest" time="0.0">
    <skipped/>
  </testcase>
  <testcase name="millicoinScaleTest[368]" classname="org.bitcoinj.utils.BtcFormatTest" time="0.001"/>
  <testcase name="toStringTest[368]" classname="org.bitcoinj.utils.BtcFormatTest" time="0.0">
    <skipped/>
  </testcase>
  <testcase name="testGrouping[368]" classname="org.bitcoinj.utils.BtcFormatTest" time="0.0"/>
  <testcase name="symbolsCodesTest[368]" classname="org.bitcoinj.utils.BtcFormatTest" time="0.0"/>
  <testcase name="defaultLocaleTest[368]" classname="org.bitcoinj.utils.BtcFormatTest" time="0.001"/>
  <testcase name="parsePositionTest[368]" classname="org.bitcoinj.utils.BtcFormatTest" time="0.0"/>
  <testcase name="argumentTypeTest[368]" classname="org.bitcoinj.utils.BtcFormatTest" time="0.0">
    <skipped/>
  </testcase>
  <testcase name="characterIteratorTest[368]" classname="org.bitcoinj.utils.BtcFormatTest" time="0.001"/>
  <testcase name="repeatingPlaceTest[368]" classname="org.bitcoinj.utils.BtcFormatTest" time="0.0"/>
  <testcase name="currencyCodeTest[368]" classname="org.bitcoinj.utils.BtcFormatTest" time="0.0">
    <skipped/>
  </testcase>
  <testcase name="patternDecimalPlaces[368]" classname="org.bitcoinj.utils.BtcFormatTest" time="0.0"/>
  <testcase name="factoryArgumentsTest[369]" classname="org.bitcoinj.utils.BtcFormatTest" time="0.001"/>
  <testcase name="parseTest[369]" classname="org.bitcoinj.utils.BtcFormatTest" time="0.0">
    <skipped/>
  </testcase>
  <testcase name="microcoinScaleTest[369]" classname="org.bitcoinj.utils.BtcFormatTest" time="0.0"/>
  <testcase name="parseMetricTest[369]" classname="org.bitcoinj.utils.BtcFormatTest" time="0.001"/>
  <testcase name="coinScaleTest[369]" classname="org.bitcoinj.utils.BtcFormatTest" time="0.0"/>
  <testcase name="builderTest[369]" classname="org.bitcoinj.utils.BtcFormatTest" time="0.001">
    <skipped/>
  </testcase>
  <testcase name="attributeTest[369]" classname="org.bitcoinj.utils.BtcFormatTest" time="0.0">
    <skipped/>
  </testcase>
  <testcase name="prefixTest[369]" classname="org.bitcoinj.utils.BtcFormatTest" time="0.0"/>
  <testcase name="suffixTest[369]" classname="org.bitcoinj.utils.BtcFormatTest" time="0.0">
    <skipped/>
  </testcase>
  <testcase name="autoDecimalTest[369]" classname="org.bitcoinj.utils.BtcFormatTest" time="0.0"/>
  <testcase name="symbolCollisionTest[369]" classname="org.bitcoinj.utils.BtcFormatTest" time="0.002"/>
  <testcase name="equalityTest[369]" classname="org.bitcoinj.utils.BtcFormatTest" time="0.002"/>
  <testcase name="columnAlignmentTest[369]" classname="org.bitcoinj.utils.BtcFormatTest" time="0.0"/>
  <testcase name="factoryTest[369]" classname="org.bitcoinj.utils.BtcFormatTest" time="0.0"/>
  <testcase name="parse[369]" classname="org.bitcoinj.utils.BtcFormatTest" time="0.0"/>
  <testcase name="btcRounding[369]" classname="org.bitcoinj.utils.BtcFormatTest" time="0.002"/>
  <testcase name="negativeTest[369]" classname="org.bitcoinj.utils.BtcFormatTest" time="0.0">
    <skipped/>
  </testcase>
  <testcase name="millicoinScaleTest[369]" classname="org.bitcoinj.utils.BtcFormatTest" time="0.0"/>
  <testcase name="toStringTest[369]" classname="org.bitcoinj.utils.BtcFormatTest" time="0.0">
    <skipped/>
  </testcase>
  <testcase name="testGrouping[369]" classname="org.bitcoinj.utils.BtcFormatTest" time="0.0"/>
  <testcase name="symbolsCodesTest[369]" classname="org.bitcoinj.utils.BtcFormatTest" time="0.0"/>
  <testcase name="defaultLocaleTest[369]" classname="org.bitcoinj.utils.BtcFormatTest" time="0.001"/>
  <testcase name="parsePositionTest[369]" classname="org.bitcoinj.utils.BtcFormatTest" time="0.0"/>
  <testcase name="argumentTypeTest[369]" classname="org.bitcoinj.utils.BtcFormatTest" time="0.0">
    <skipped/>
  </testcase>
  <testcase name="characterIteratorTest[369]" classname="org.bitcoinj.utils.BtcFormatTest" time="0.0"/>
  <testcase name="repeatingPlaceTest[369]" classname="org.bitcoinj.utils.BtcFormatTest" time="0.0"/>
  <testcase name="currencyCodeTest[369]" classname="org.bitcoinj.utils.BtcFormatTest" time="0.0">
    <skipped/>
  </testcase>
  <testcase name="patternDecimalPlaces[369]" classname="org.bitcoinj.utils.BtcFormatTest" time="0.0"/>
  <testcase name="factoryArgumentsTest[370]" classname="org.bitcoinj.utils.BtcFormatTest" time="0.001"/>
  <testcase name="parseTest[370]" classname="org.bitcoinj.utils.BtcFormatTest" time="0.0">
    <skipped/>
  </testcase>
  <testcase name="microcoinScaleTest[370]" classname="org.bitcoinj.utils.BtcFormatTest" time="0.001"/>
  <testcase name="parseMetricTest[370]" classname="org.bitcoinj.utils.BtcFormatTest" time="0.0"/>
  <testcase name="coinScaleTest[370]" classname="org.bitcoinj.utils.BtcFormatTest" time="0.0"/>
  <testcase name="builderTest[370]" classname="org.bitcoinj.utils.BtcFormatTest" time="0.0">
    <skipped/>
  </testcase>
  <testcase name="attributeTest[370]" classname="org.bitcoinj.utils.BtcFormatTest" time="0.0">
    <skipped/>
  </testcase>
  <testcase name="prefixTest[370]" classname="org.bitcoinj.utils.BtcFormatTest" time="0.0"/>
  <testcase name="suffixTest[370]" classname="org.bitcoinj.utils.BtcFormatTest" time="0.0">
    <skipped/>
  </testcase>
  <testcase name="autoDecimalTest[370]" classname="org.bitcoinj.utils.BtcFormatTest" time="0.001"/>
  <testcase name="symbolCollisionTest[370]" classname="org.bitcoinj.utils.BtcFormatTest" time="0.002"/>
  <testcase name="equalityTest[370]" classname="org.bitcoinj.utils.BtcFormatTest" time="0.002"/>
  <testcase name="columnAlignmentTest[370]" classname="org.bitcoinj.utils.BtcFormatTest" time="0.0"/>
  <testcase name="factoryTest[370]" classname="org.bitcoinj.utils.BtcFormatTest" time="0.001"/>
  <testcase name="parse[370]" classname="org.bitcoinj.utils.BtcFormatTest" time="0.0"/>
  <testcase name="btcRounding[370]" classname="org.bitcoinj.utils.BtcFormatTest" time="0.001"/>
  <testcase name="negativeTest[370]" classname="org.bitcoinj.utils.BtcFormatTest" time="0.0">
    <skipped/>
  </testcase>
  <testcase name="millicoinScaleTest[370]" classname="org.bitcoinj.utils.BtcFormatTest" time="0.0"/>
  <testcase name="toStringTest[370]" classname="org.bitcoinj.utils.BtcFormatTest" time="0.0">
    <skipped/>
  </testcase>
  <testcase name="testGrouping[370]" classname="org.bitcoinj.utils.BtcFormatTest" time="0.0"/>
  <testcase name="symbolsCodesTest[370]" classname="org.bitcoinj.utils.BtcFormatTest" time="0.001"/>
  <testcase name="defaultLocaleTest[370]" classname="org.bitcoinj.utils.BtcFormatTest" time="0.0"/>
  <testcase name="parsePositionTest[370]" classname="org.bitcoinj.utils.BtcFormatTest" time="0.001"/>
  <testcase name="argumentTypeTest[370]" classname="org.bitcoinj.utils.BtcFormatTest" time="0.0">
    <skipped/>
  </testcase>
  <testcase name="characterIteratorTest[370]" classname="org.bitcoinj.utils.BtcFormatTest" time="0.0"/>
  <testcase name="repeatingPlaceTest[370]" classname="org.bitcoinj.utils.BtcFormatTest" time="0.0"/>
  <testcase name="currencyCodeTest[370]" classname="org.bitcoinj.utils.BtcFormatTest" time="0.0">
    <skipped/>
  </testcase>
  <testcase name="patternDecimalPlaces[370]" classname="org.bitcoinj.utils.BtcFormatTest" time="0.0"/>
  <testcase name="factoryArgumentsTest[371]" classname="org.bitcoinj.utils.BtcFormatTest" time="0.001"/>
  <testcase name="parseTest[371]" classname="org.bitcoinj.utils.BtcFormatTest" time="0.0">
    <skipped/>
  </testcase>
  <testcase name="microcoinScaleTest[371]" classname="org.bitcoinj.utils.BtcFormatTest" time="0.001"/>
  <testcase name="parseMetricTest[371]" classname="org.bitcoinj.utils.BtcFormatTest" time="0.001"/>
  <testcase name="coinScaleTest[371]" classname="org.bitcoinj.utils.BtcFormatTest" time="0.0"/>
  <testcase name="builderTest[371]" classname="org.bitcoinj.utils.BtcFormatTest" time="0.0">
    <skipped/>
  </testcase>
  <testcase name="attributeTest[371]" classname="org.bitcoinj.utils.BtcFormatTest" time="0.0">
    <skipped/>
  </testcase>
  <testcase name="prefixTest[371]" classname="org.bitcoinj.utils.BtcFormatTest" time="0.0"/>
  <testcase name="suffixTest[371]" classname="org.bitcoinj.utils.BtcFormatTest" time="0.0">
    <skipped/>
  </testcase>
  <testcase name="autoDecimalTest[371]" classname="org.bitcoinj.utils.BtcFormatTest" time="0.001"/>
  <testcase name="symbolCollisionTest[371]" classname="org.bitcoinj.utils.BtcFormatTest" time="0.002"/>
  <testcase name="equalityTest[371]" classname="org.bitcoinj.utils.BtcFormatTest" time="0.001"/>
  <testcase name="columnAlignmentTest[371]" classname="org.bitcoinj.utils.BtcFormatTest" time="0.0"/>
  <testcase name="factoryTest[371]" classname="org.bitcoinj.utils.BtcFormatTest" time="0.001"/>
  <testcase name="parse[371]" classname="org.bitcoinj.utils.BtcFormatTest" time="0.0"/>
  <testcase name="btcRounding[371]" classname="org.bitcoinj.utils.BtcFormatTest" time="0.001"/>
  <testcase name="negativeTest[371]" classname="org.bitcoinj.utils.BtcFormatTest" time="0.0">
    <skipped/>
  </testcase>
  <testcase name="millicoinScaleTest[371]" classname="org.bitcoinj.utils.BtcFormatTest" time="0.0"/>
  <testcase name="toStringTest[371]" classname="org.bitcoinj.utils.BtcFormatTest" time="0.0">
    <skipped/>
  </testcase>
  <testcase name="testGrouping[371]" classname="org.bitcoinj.utils.BtcFormatTest" time="0.001"/>
  <testcase name="symbolsCodesTest[371]" classname="org.bitcoinj.utils.BtcFormatTest" time="0.001"/>
  <testcase name="defaultLocaleTest[371]" classname="org.bitcoinj.utils.BtcFormatTest" time="0.0"/>
  <testcase name="parsePositionTest[371]" classname="org.bitcoinj.utils.BtcFormatTest" time="0.0"/>
  <testcase name="argumentTypeTest[371]" classname="org.bitcoinj.utils.BtcFormatTest" time="0.0">
    <skipped/>
  </testcase>
  <testcase name="characterIteratorTest[371]" classname="org.bitcoinj.utils.BtcFormatTest" time="0.0"/>
  <testcase name="repeatingPlaceTest[371]" classname="org.bitcoinj.utils.BtcFormatTest" time="0.001"/>
  <testcase name="currencyCodeTest[371]" classname="org.bitcoinj.utils.BtcFormatTest" time="0.0">
    <skipped/>
  </testcase>
  <testcase name="patternDecimalPlaces[371]" classname="org.bitcoinj.utils.BtcFormatTest" time="0.0"/>
  <testcase name="factoryArgumentsTest[372]" classname="org.bitcoinj.utils.BtcFormatTest" time="0.001"/>
  <testcase name="parseTest[372]" classname="org.bitcoinj.utils.BtcFormatTest" time="0.0">
    <skipped/>
  </testcase>
  <testcase name="microcoinScaleTest[372]" classname="org.bitcoinj.utils.BtcFormatTest" time="0.0"/>
  <testcase name="parseMetricTest[372]" classname="org.bitcoinj.utils.BtcFormatTest" time="0.001"/>
  <testcase name="coinScaleTest[372]" classname="org.bitcoinj.utils.BtcFormatTest" time="0.0"/>
  <testcase name="builderTest[372]" classname="org.bitcoinj.utils.BtcFormatTest" time="0.0">
    <skipped/>
  </testcase>
  <testcase name="attributeTest[372]" classname="org.bitcoinj.utils.BtcFormatTest" time="0.0">
    <skipped/>
  </testcase>
  <testcase name="prefixTest[372]" classname="org.bitcoinj.utils.BtcFormatTest" time="0.0"/>
  <testcase name="suffixTest[372]" classname="org.bitcoinj.utils.BtcFormatTest" time="0.0">
    <skipped/>
  </testcase>
  <testcase name="autoDecimalTest[372]" classname="org.bitcoinj.utils.BtcFormatTest" time="0.001"/>
  <testcase name="symbolCollisionTest[372]" classname="org.bitcoinj.utils.BtcFormatTest" time="0.001"/>
  <testcase name="equalityTest[372]" classname="org.bitcoinj.utils.BtcFormatTest" time="0.002"/>
  <testcase name="columnAlignmentTest[372]" classname="org.bitcoinj.utils.BtcFormatTest" time="0.0"/>
  <testcase name="factoryTest[372]" classname="org.bitcoinj.utils.BtcFormatTest" time="0.001"/>
  <testcase name="parse[372]" classname="org.bitcoinj.utils.BtcFormatTest" time="0.0"/>
  <testcase name="btcRounding[372]" classname="org.bitcoinj.utils.BtcFormatTest" time="0.001"/>
  <testcase name="negativeTest[372]" classname="org.bitcoinj.utils.BtcFormatTest" time="0.0">
    <skipped/>
  </testcase>
  <testcase name="millicoinScaleTest[372]" classname="org.bitcoinj.utils.BtcFormatTest" time="0.0"/>
  <testcase name="toStringTest[372]" classname="org.bitcoinj.utils.BtcFormatTest" time="0.0">
    <skipped/>
  </testcase>
  <testcase name="testGrouping[372]" classname="org.bitcoinj.utils.BtcFormatTest" time="0.0"/>
  <testcase name="symbolsCodesTest[372]" classname="org.bitcoinj.utils.BtcFormatTest" time="0.001"/>
  <testcase name="defaultLocaleTest[372]" classname="org.bitcoinj.utils.BtcFormatTest" time="0.0"/>
  <testcase name="parsePositionTest[372]" classname="org.bitcoinj.utils.BtcFormatTest" time="0.0"/>
  <testcase name="argumentTypeTest[372]" classname="org.bitcoinj.utils.BtcFormatTest" time="0.0">
    <skipped/>
  </testcase>
  <testcase name="characterIteratorTest[372]" classname="org.bitcoinj.utils.BtcFormatTest" time="0.0"/>
  <testcase name="repeatingPlaceTest[372]" classname="org.bitcoinj.utils.BtcFormatTest" time="0.0"/>
  <testcase name="currencyCodeTest[372]" classname="org.bitcoinj.utils.BtcFormatTest" time="0.0">
    <skipped/>
  </testcase>
  <testcase name="patternDecimalPlaces[372]" classname="org.bitcoinj.utils.BtcFormatTest" time="0.0"/>
  <testcase name="factoryArgumentsTest[373]" classname="org.bitcoinj.utils.BtcFormatTest" time="0.001"/>
  <testcase name="parseTest[373]" classname="org.bitcoinj.utils.BtcFormatTest" time="0.0">
    <skipped/>
  </testcase>
  <testcase name="microcoinScaleTest[373]" classname="org.bitcoinj.utils.BtcFormatTest" time="0.0"/>
  <testcase name="parseMetricTest[373]" classname="org.bitcoinj.utils.BtcFormatTest" time="0.001"/>
  <testcase name="coinScaleTest[373]" classname="org.bitcoinj.utils.BtcFormatTest" time="0.0"/>
  <testcase name="builderTest[373]" classname="org.bitcoinj.utils.BtcFormatTest" time="0.0">
    <skipped/>
  </testcase>
  <testcase name="attributeTest[373]" classname="org.bitcoinj.utils.BtcFormatTest" time="0.0">
    <skipped/>
  </testcase>
  <testcase name="prefixTest[373]" classname="org.bitcoinj.utils.BtcFormatTest" time="0.0"/>
  <testcase name="suffixTest[373]" classname="org.bitcoinj.utils.BtcFormatTest" time="0.0">
    <skipped/>
  </testcase>
  <testcase name="autoDecimalTest[373]" classname="org.bitcoinj.utils.BtcFormatTest" time="0.0"/>
  <testcase name="symbolCollisionTest[373]" classname="org.bitcoinj.utils.BtcFormatTest" time="0.002"/>
  <testcase name="equalityTest[373]" classname="org.bitcoinj.utils.BtcFormatTest" time="0.002"/>
  <testcase name="columnAlignmentTest[373]" classname="org.bitcoinj.utils.BtcFormatTest" time="0.001"/>
  <testcase name="factoryTest[373]" classname="org.bitcoinj.utils.BtcFormatTest" time="0.001"/>
  <testcase name="parse[373]" classname="org.bitcoinj.utils.BtcFormatTest" time="0.0"/>
  <testcase name="btcRounding[373]" classname="org.bitcoinj.utils.BtcFormatTest" time="0.002"/>
  <testcase name="negativeTest[373]" classname="org.bitcoinj.utils.BtcFormatTest" time="0.0">
    <skipped/>
  </testcase>
  <testcase name="millicoinScaleTest[373]" classname="org.bitcoinj.utils.BtcFormatTest" time="0.0"/>
  <testcase name="toStringTest[373]" classname="org.bitcoinj.utils.BtcFormatTest" time="0.0">
    <skipped/>
  </testcase>
  <testcase name="testGrouping[373]" classname="org.bitcoinj.utils.BtcFormatTest" time="0.001"/>
  <testcase name="symbolsCodesTest[373]" classname="org.bitcoinj.utils.BtcFormatTest" time="0.0"/>
  <testcase name="defaultLocaleTest[373]" classname="org.bitcoinj.utils.BtcFormatTest" time="0.001"/>
  <testcase name="parsePositionTest[373]" classname="org.bitcoinj.utils.BtcFormatTest" time="0.0"/>
  <testcase name="argumentTypeTest[373]" classname="org.bitcoinj.utils.BtcFormatTest" time="0.0">
    <skipped/>
  </testcase>
  <testcase name="characterIteratorTest[373]" classname="org.bitcoinj.utils.BtcFormatTest" time="0.0"/>
  <testcase name="repeatingPlaceTest[373]" classname="org.bitcoinj.utils.BtcFormatTest" time="0.0"/>
  <testcase name="currencyCodeTest[373]" classname="org.bitcoinj.utils.BtcFormatTest" time="0.0">
    <skipped/>
  </testcase>
  <testcase name="patternDecimalPlaces[373]" classname="org.bitcoinj.utils.BtcFormatTest" time="0.0"/>
  <testcase name="factoryArgumentsTest[374]" classname="org.bitcoinj.utils.BtcFormatTest" time="0.001"/>
  <testcase name="parseTest[374]" classname="org.bitcoinj.utils.BtcFormatTest" time="0.0">
    <skipped/>
  </testcase>
  <testcase name="microcoinScaleTest[374]" classname="org.bitcoinj.utils.BtcFormatTest" time="0.001"/>
  <testcase name="parseMetricTest[374]" classname="org.bitcoinj.utils.BtcFormatTest" time="0.001"/>
  <testcase name="coinScaleTest[374]" classname="org.bitcoinj.utils.BtcFormatTest" time="0.0"/>
  <testcase name="builderTest[374]" classname="org.bitcoinj.utils.BtcFormatTest" time="0.0">
    <skipped/>
  </testcase>
  <testcase name="attributeTest[374]" classname="org.bitcoinj.utils.BtcFormatTest" time="0.0">
    <skipped/>
  </testcase>
  <testcase name="prefixTest[374]" classname="org.bitcoinj.utils.BtcFormatTest" time="0.0"/>
  <testcase name="suffixTest[374]" classname="org.bitcoinj.utils.BtcFormatTest" time="0.0">
    <skipped/>
  </testcase>
  <testcase name="autoDecimalTest[374]" classname="org.bitcoinj.utils.BtcFormatTest" time="0.001"/>
  <testcase name="symbolCollisionTest[374]" classname="org.bitcoinj.utils.BtcFormatTest" time="0.001"/>
  <testcase name="equalityTest[374]" classname="org.bitcoinj.utils.BtcFormatTest" time="0.003"/>
  <testcase name="columnAlignmentTest[374]" classname="org.bitcoinj.utils.BtcFormatTest" time="0.0"/>
  <testcase name="factoryTest[374]" classname="org.bitcoinj.utils.BtcFormatTest" time="0.001"/>
  <testcase name="parse[374]" classname="org.bitcoinj.utils.BtcFormatTest" time="0.0"/>
  <testcase name="btcRounding[374]" classname="org.bitcoinj.utils.BtcFormatTest" time="0.001"/>
  <testcase name="negativeTest[374]" classname="org.bitcoinj.utils.BtcFormatTest" time="0.0">
    <skipped/>
  </testcase>
  <testcase name="millicoinScaleTest[374]" classname="org.bitcoinj.utils.BtcFormatTest" time="0.0"/>
  <testcase name="toStringTest[374]" classname="org.bitcoinj.utils.BtcFormatTest" time="0.0">
    <skipped/>
  </testcase>
  <testcase name="testGrouping[374]" classname="org.bitcoinj.utils.BtcFormatTest" time="0.001"/>
  <testcase name="symbolsCodesTest[374]" classname="org.bitcoinj.utils.BtcFormatTest" time="0.0"/>
  <testcase name="defaultLocaleTest[374]" classname="org.bitcoinj.utils.BtcFormatTest" time="0.001"/>
  <testcase name="parsePositionTest[374]" classname="org.bitcoinj.utils.BtcFormatTest" time="0.0"/>
  <testcase name="argumentTypeTest[374]" classname="org.bitcoinj.utils.BtcFormatTest" time="0.0">
    <skipped/>
  </testcase>
  <testcase name="characterIteratorTest[374]" classname="org.bitcoinj.utils.BtcFormatTest" time="0.0"/>
  <testcase name="repeatingPlaceTest[374]" classname="org.bitcoinj.utils.BtcFormatTest" time="0.001"/>
  <testcase name="currencyCodeTest[374]" classname="org.bitcoinj.utils.BtcFormatTest" time="0.0">
    <skipped/>
  </testcase>
  <testcase name="patternDecimalPlaces[374]" classname="org.bitcoinj.utils.BtcFormatTest" time="0.0"/>
  <testcase name="factoryArgumentsTest[375]" classname="org.bitcoinj.utils.BtcFormatTest" time="0.002"/>
  <testcase name="parseTest[375]" classname="org.bitcoinj.utils.BtcFormatTest" time="0.0">
    <skipped/>
  </testcase>
  <testcase name="microcoinScaleTest[375]" classname="org.bitcoinj.utils.BtcFormatTest" time="0.0"/>
  <testcase name="parseMetricTest[375]" classname="org.bitcoinj.utils.BtcFormatTest" time="0.001"/>
  <testcase name="coinScaleTest[375]" classname="org.bitcoinj.utils.BtcFormatTest" time="0.001"/>
  <testcase name="builderTest[375]" classname="org.bitcoinj.utils.BtcFormatTest" time="0.0">
    <skipped/>
  </testcase>
  <testcase name="attributeTest[375]" classname="org.bitcoinj.utils.BtcFormatTest" time="0.0">
    <skipped/>
  </testcase>
  <testcase name="prefixTest[375]" classname="org.bitcoinj.utils.BtcFormatTest" time="0.0"/>
  <testcase name="suffixTest[375]" classname="org.bitcoinj.utils.BtcFormatTest" time="0.0">
    <skipped/>
  </testcase>
  <testcase name="autoDecimalTest[375]" classname="org.bitcoinj.utils.BtcFormatTest" time="0.001"/>
  <testcase name="symbolCollisionTest[375]" classname="org.bitcoinj.utils.BtcFormatTest" time="0.003"/>
  <testcase name="equalityTest[375]" classname="org.bitcoinj.utils.BtcFormatTest" time="0.004"/>
  <testcase name="columnAlignmentTest[375]" classname="org.bitcoinj.utils.BtcFormatTest" time="0.0"/>
  <testcase name="factoryTest[375]" classname="org.bitcoinj.utils.BtcFormatTest" time="0.001"/>
  <testcase name="parse[375]" classname="org.bitcoinj.utils.BtcFormatTest" time="0.0"/>
  <testcase name="btcRounding[375]" classname="org.bitcoinj.utils.BtcFormatTest" time="0.001"/>
  <testcase name="negativeTest[375]" classname="org.bitcoinj.utils.BtcFormatTest" time="0.0">
    <skipped/>
  </testcase>
  <testcase name="millicoinScaleTest[375]" classname="org.bitcoinj.utils.BtcFormatTest" time="0.0"/>
  <testcase name="toStringTest[375]" classname="org.bitcoinj.utils.BtcFormatTest" time="0.001">
    <skipped/>
  </testcase>
  <testcase name="testGrouping[375]" classname="org.bitcoinj.utils.BtcFormatTest" time="0.0"/>
  <testcase name="symbolsCodesTest[375]" classname="org.bitcoinj.utils.BtcFormatTest" time="0.0"/>
  <testcase name="defaultLocaleTest[375]" classname="org.bitcoinj.utils.BtcFormatTest" time="0.001"/>
  <testcase name="parsePositionTest[375]" classname="org.bitcoinj.utils.BtcFormatTest" time="0.0"/>
  <testcase name="argumentTypeTest[375]" classname="org.bitcoinj.utils.BtcFormatTest" time="0.0">
    <skipped/>
  </testcase>
  <testcase name="characterIteratorTest[375]" classname="org.bitcoinj.utils.BtcFormatTest" time="0.0"/>
  <testcase name="repeatingPlaceTest[375]" classname="org.bitcoinj.utils.BtcFormatTest" time="0.0"/>
  <testcase name="currencyCodeTest[375]" classname="org.bitcoinj.utils.BtcFormatTest" time="0.0">
    <skipped/>
  </testcase>
  <testcase name="patternDecimalPlaces[375]" classname="org.bitcoinj.utils.BtcFormatTest" time="0.0"/>
  <testcase name="factoryArgumentsTest[376]" classname="org.bitcoinj.utils.BtcFormatTest" time="0.001"/>
  <testcase name="parseTest[376]" classname="org.bitcoinj.utils.BtcFormatTest" time="0.0">
    <skipped/>
  </testcase>
  <testcase name="microcoinScaleTest[376]" classname="org.bitcoinj.utils.BtcFormatTest" time="0.0"/>
  <testcase name="parseMetricTest[376]" classname="org.bitcoinj.utils.BtcFormatTest" time="0.001"/>
  <testcase name="coinScaleTest[376]" classname="org.bitcoinj.utils.BtcFormatTest" time="0.0"/>
  <testcase name="builderTest[376]" classname="org.bitcoinj.utils.BtcFormatTest" time="0.0">
    <skipped/>
  </testcase>
  <testcase name="attributeTest[376]" classname="org.bitcoinj.utils.BtcFormatTest" time="0.0">
    <skipped/>
  </testcase>
  <testcase name="prefixTest[376]" classname="org.bitcoinj.utils.BtcFormatTest" time="0.001"/>
  <testcase name="suffixTest[376]" classname="org.bitcoinj.utils.BtcFormatTest" time="0.0">
    <skipped/>
  </testcase>
  <testcase name="autoDecimalTest[376]" classname="org.bitcoinj.utils.BtcFormatTest" time="0.0"/>
  <testcase name="symbolCollisionTest[376]" classname="org.bitcoinj.utils.BtcFormatTest" time="0.002"/>
  <testcase name="equalityTest[376]" classname="org.bitcoinj.utils.BtcFormatTest" time="0.002"/>
  <testcase name="columnAlignmentTest[376]" classname="org.bitcoinj.utils.BtcFormatTest" time="0.0"/>
  <testcase name="factoryTest[376]" classname="org.bitcoinj.utils.BtcFormatTest" time="0.001"/>
  <testcase name="parse[376]" classname="org.bitcoinj.utils.BtcFormatTest" time="0.0"/>
  <testcase name="btcRounding[376]" classname="org.bitcoinj.utils.BtcFormatTest" time="0.001"/>
  <testcase name="negativeTest[376]" classname="org.bitcoinj.utils.BtcFormatTest" time="0.0">
    <skipped/>
  </testcase>
  <testcase name="millicoinScaleTest[376]" classname="org.bitcoinj.utils.BtcFormatTest" time="0.0"/>
  <testcase name="toStringTest[376]" classname="org.bitcoinj.utils.BtcFormatTest" time="0.0">
    <skipped/>
  </testcase>
  <testcase name="testGrouping[376]" classname="org.bitcoinj.utils.BtcFormatTest" time="0.0"/>
  <testcase name="symbolsCodesTest[376]" classname="org.bitcoinj.utils.BtcFormatTest" time="0.001"/>
  <testcase name="defaultLocaleTest[376]" classname="org.bitcoinj.utils.BtcFormatTest" time="0.0"/>
  <testcase name="parsePositionTest[376]" classname="org.bitcoinj.utils.BtcFormatTest" time="0.0"/>
  <testcase name="argumentTypeTest[376]" classname="org.bitcoinj.utils.BtcFormatTest" time="0.0">
    <skipped/>
  </testcase>
  <testcase name="characterIteratorTest[376]" classname="org.bitcoinj.utils.BtcFormatTest" time="0.001"/>
  <testcase name="repeatingPlaceTest[376]" classname="org.bitcoinj.utils.BtcFormatTest" time="0.001"/>
  <testcase name="currencyCodeTest[376]" classname="org.bitcoinj.utils.BtcFormatTest" time="0.0">
    <skipped/>
  </testcase>
  <testcase name="patternDecimalPlaces[376]" classname="org.bitcoinj.utils.BtcFormatTest" time="0.0"/>
  <testcase name="factoryArgumentsTest[377]" classname="org.bitcoinj.utils.BtcFormatTest" time="0.001"/>
  <testcase name="parseTest[377]" classname="org.bitcoinj.utils.BtcFormatTest" time="0.0">
    <skipped/>
  </testcase>
  <testcase name="microcoinScaleTest[377]" classname="org.bitcoinj.utils.BtcFormatTest" time="0.0"/>
  <testcase name="parseMetricTest[377]" classname="org.bitcoinj.utils.BtcFormatTest" time="0.001"/>
  <testcase name="coinScaleTest[377]" classname="org.bitcoinj.utils.BtcFormatTest" time="0.0"/>
  <testcase name="builderTest[377]" classname="org.bitcoinj.utils.BtcFormatTest" time="0.0">
    <skipped/>
  </testcase>
  <testcase name="attributeTest[377]" classname="org.bitcoinj.utils.BtcFormatTest" time="0.0">
    <skipped/>
  </testcase>
  <testcase name="prefixTest[377]" classname="org.bitcoinj.utils.BtcFormatTest" time="0.0"/>
  <testcase name="suffixTest[377]" classname="org.bitcoinj.utils.BtcFormatTest" time="0.0">
    <skipped/>
  </testcase>
  <testcase name="autoDecimalTest[377]" classname="org.bitcoinj.utils.BtcFormatTest" time="0.001"/>
  <testcase name="symbolCollisionTest[377]" classname="org.bitcoinj.utils.BtcFormatTest" time="0.001"/>
  <testcase name="equalityTest[377]" classname="org.bitcoinj.utils.BtcFormatTest" time="0.002"/>
  <testcase name="columnAlignmentTest[377]" classname="org.bitcoinj.utils.BtcFormatTest" time="0.0"/>
  <testcase name="factoryTest[377]" classname="org.bitcoinj.utils.BtcFormatTest" time="0.0"/>
  <testcase name="parse[377]" classname="org.bitcoinj.utils.BtcFormatTest" time="0.0"/>
  <testcase name="btcRounding[377]" classname="org.bitcoinj.utils.BtcFormatTest" time="0.001"/>
  <testcase name="negativeTest[377]" classname="org.bitcoinj.utils.BtcFormatTest" time="0.0">
    <skipped/>
  </testcase>
  <testcase name="millicoinScaleTest[377]" classname="org.bitcoinj.utils.BtcFormatTest" time="0.0"/>
  <testcase name="toStringTest[377]" classname="org.bitcoinj.utils.BtcFormatTest" time="0.0">
    <skipped/>
  </testcase>
  <testcase name="testGrouping[377]" classname="org.bitcoinj.utils.BtcFormatTest" time="0.001"/>
  <testcase name="symbolsCodesTest[377]" classname="org.bitcoinj.utils.BtcFormatTest" time="0.0"/>
  <testcase name="defaultLocaleTest[377]" classname="org.bitcoinj.utils.BtcFormatTest" time="0.001"/>
  <testcase name="parsePositionTest[377]" classname="org.bitcoinj.utils.BtcFormatTest" time="0.0"/>
  <testcase name="argumentTypeTest[377]" classname="org.bitcoinj.utils.BtcFormatTest" time="0.0">
    <skipped/>
  </testcase>
  <testcase name="characterIteratorTest[377]" classname="org.bitcoinj.utils.BtcFormatTest" time="0.0"/>
  <testcase name="repeatingPlaceTest[377]" classname="org.bitcoinj.utils.BtcFormatTest" time="0.0"/>
  <testcase name="currencyCodeTest[377]" classname="org.bitcoinj.utils.BtcFormatTest" time="0.0">
    <skipped/>
  </testcase>
  <testcase name="patternDecimalPlaces[377]" classname="org.bitcoinj.utils.BtcFormatTest" time="0.0"/>
  <testcase name="factoryArgumentsTest[378]" classname="org.bitcoinj.utils.BtcFormatTest" time="0.001"/>
  <testcase name="parseTest[378]" classname="org.bitcoinj.utils.BtcFormatTest" time="0.0">
    <skipped/>
  </testcase>
  <testcase name="microcoinScaleTest[378]" classname="org.bitcoinj.utils.BtcFormatTest" time="0.0"/>
  <testcase name="parseMetricTest[378]" classname="org.bitcoinj.utils.BtcFormatTest" time="0.001"/>
  <testcase name="coinScaleTest[378]" classname="org.bitcoinj.utils.BtcFormatTest" time="0.001"/>
  <testcase name="builderTest[378]" classname="org.bitcoinj.utils.BtcFormatTest" time="0.0">
    <skipped/>
  </testcase>
  <testcase name="attributeTest[378]" classname="org.bitcoinj.utils.BtcFormatTest" time="0.0">
    <skipped/>
  </testcase>
  <testcase name="prefixTest[378]" classname="org.bitcoinj.utils.BtcFormatTest" time="0.0"/>
  <testcase name="suffixTest[378]" classname="org.bitcoinj.utils.BtcFormatTest" time="0.0">
    <skipped/>
  </testcase>
  <testcase name="autoDecimalTest[378]" classname="org.bitcoinj.utils.BtcFormatTest" time="0.0"/>
  <testcase name="symbolCollisionTest[378]" classname="org.bitcoinj.utils.BtcFormatTest" time="0.003"/>
  <testcase name="equalityTest[378]" classname="org.bitcoinj.utils.BtcFormatTest" time="0.002"/>
  <testcase name="columnAlignmentTest[378]" classname="org.bitcoinj.utils.BtcFormatTest" time="0.001"/>
  <testcase name="factoryTest[378]" classname="org.bitcoinj.utils.BtcFormatTest" time="0.0"/>
  <testcase name="parse[378]" classname="org.bitcoinj.utils.BtcFormatTest" time="0.0"/>
  <testcase name="btcRounding[378]" classname="org.bitcoinj.utils.BtcFormatTest" time="0.001"/>
  <testcase name="negativeTest[378]" classname="org.bitcoinj.utils.BtcFormatTest" time="0.0">
    <skipped/>
  </testcase>
  <testcase name="millicoinScaleTest[378]" classname="org.bitcoinj.utils.BtcFormatTest" time="0.0"/>
  <testcase name="toStringTest[378]" classname="org.bitcoinj.utils.BtcFormatTest" time="0.0">
    <skipped/>
  </testcase>
  <testcase name="testGrouping[378]" classname="org.bitcoinj.utils.BtcFormatTest" time="0.001"/>
  <testcase name="symbolsCodesTest[378]" classname="org.bitcoinj.utils.BtcFormatTest" time="0.0"/>
  <testcase name="defaultLocaleTest[378]" classname="org.bitcoinj.utils.BtcFormatTest" time="0.0"/>
  <testcase name="parsePositionTest[378]" classname="org.bitcoinj.utils.BtcFormatTest" time="0.001"/>
  <testcase name="argumentTypeTest[378]" classname="org.bitcoinj.utils.BtcFormatTest" time="0.0">
    <skipped/>
  </testcase>
  <testcase name="characterIteratorTest[378]" classname="org.bitcoinj.utils.BtcFormatTest" time="0.0"/>
  <testcase name="repeatingPlaceTest[378]" classname="org.bitcoinj.utils.BtcFormatTest" time="0.0"/>
  <testcase name="currencyCodeTest[378]" classname="org.bitcoinj.utils.BtcFormatTest" time="0.0">
    <skipped/>
  </testcase>
  <testcase name="patternDecimalPlaces[378]" classname="org.bitcoinj.utils.BtcFormatTest" time="0.001"/>
  <testcase name="factoryArgumentsTest[379]" classname="org.bitcoinj.utils.BtcFormatTest" time="0.001"/>
  <testcase name="parseTest[379]" classname="org.bitcoinj.utils.BtcFormatTest" time="0.0">
    <skipped/>
  </testcase>
  <testcase name="microcoinScaleTest[379]" classname="org.bitcoinj.utils.BtcFormatTest" time="0.0"/>
  <testcase name="parseMetricTest[379]" classname="org.bitcoinj.utils.BtcFormatTest" time="0.001"/>
  <testcase name="coinScaleTest[379]" classname="org.bitcoinj.utils.BtcFormatTest" time="0.0"/>
  <testcase name="builderTest[379]" classname="org.bitcoinj.utils.BtcFormatTest" time="0.0">
    <skipped/>
  </testcase>
  <testcase name="attributeTest[379]" classname="org.bitcoinj.utils.BtcFormatTest" time="0.0">
    <skipped/>
  </testcase>
  <testcase name="prefixTest[379]" classname="org.bitcoinj.utils.BtcFormatTest" time="0.0"/>
  <testcase name="suffixTest[379]" classname="org.bitcoinj.utils.BtcFormatTest" time="0.0">
    <skipped/>
  </testcase>
  <testcase name="autoDecimalTest[379]" classname="org.bitcoinj.utils.BtcFormatTest" time="0.001"/>
  <testcase name="symbolCollisionTest[379]" classname="org.bitcoinj.utils.BtcFormatTest" time="0.001"/>
  <testcase name="equalityTest[379]" classname="org.bitcoinj.utils.BtcFormatTest" time="0.002"/>
  <testcase name="columnAlignmentTest[379]" classname="org.bitcoinj.utils.BtcFormatTest" time="0.0"/>
  <testcase name="factoryTest[379]" classname="org.bitcoinj.utils.BtcFormatTest" time="0.001"/>
  <testcase name="parse[379]" classname="org.bitcoinj.utils.BtcFormatTest" time="0.0"/>
  <testcase name="btcRounding[379]" classname="org.bitcoinj.utils.BtcFormatTest" time="0.001"/>
  <testcase name="negativeTest[379]" classname="org.bitcoinj.utils.BtcFormatTest" time="0.0">
    <skipped/>
  </testcase>
  <testcase name="millicoinScaleTest[379]" classname="org.bitcoinj.utils.BtcFormatTest" time="0.0"/>
  <testcase name="toStringTest[379]" classname="org.bitcoinj.utils.BtcFormatTest" time="0.0">
    <skipped/>
  </testcase>
  <testcase name="testGrouping[379]" classname="org.bitcoinj.utils.BtcFormatTest" time="0.0"/>
  <testcase name="symbolsCodesTest[379]" classname="org.bitcoinj.utils.BtcFormatTest" time="0.001"/>
  <testcase name="defaultLocaleTest[379]" classname="org.bitcoinj.utils.BtcFormatTest" time="0.0"/>
  <testcase name="parsePositionTest[379]" classname="org.bitcoinj.utils.BtcFormatTest" time="0.0"/>
  <testcase name="argumentTypeTest[379]" classname="org.bitcoinj.utils.BtcFormatTest" time="0.0">
    <skipped/>
  </testcase>
  <testcase name="characterIteratorTest[379]" classname="org.bitcoinj.utils.BtcFormatTest" time="0.0"/>
  <testcase name="repeatingPlaceTest[379]" classname="org.bitcoinj.utils.BtcFormatTest" time="0.0"/>
  <testcase name="currencyCodeTest[379]" classname="org.bitcoinj.utils.BtcFormatTest" time="0.0">
    <skipped/>
  </testcase>
  <testcase name="patternDecimalPlaces[379]" classname="org.bitcoinj.utils.BtcFormatTest" time="0.001"/>
  <testcase name="factoryArgumentsTest[380]" classname="org.bitcoinj.utils.BtcFormatTest" time="0.0"/>
  <testcase name="parseTest[380]" classname="org.bitcoinj.utils.BtcFormatTest" time="0.0">
    <skipped/>
  </testcase>
  <testcase name="microcoinScaleTest[380]" classname="org.bitcoinj.utils.BtcFormatTest" time="0.001"/>
  <testcase name="parseMetricTest[380]" classname="org.bitcoinj.utils.BtcFormatTest" time="0.001"/>
  <testcase name="coinScaleTest[380]" classname="org.bitcoinj.utils.BtcFormatTest" time="0.0"/>
  <testcase name="builderTest[380]" classname="org.bitcoinj.utils.BtcFormatTest" time="0.0">
    <skipped/>
  </testcase>
  <testcase name="attributeTest[380]" classname="org.bitcoinj.utils.BtcFormatTest" time="0.0">
    <skipped/>
  </testcase>
  <testcase name="prefixTest[380]" classname="org.bitcoinj.utils.BtcFormatTest" time="0.0"/>
  <testcase name="suffixTest[380]" classname="org.bitcoinj.utils.BtcFormatTest" time="0.0">
    <skipped/>
  </testcase>
  <testcase name="autoDecimalTest[380]" classname="org.bitcoinj.utils.BtcFormatTest" time="0.001"/>
  <testcase name="symbolCollisionTest[380]" classname="org.bitcoinj.utils.BtcFormatTest" time="0.001"/>
  <testcase name="equalityTest[380]" classname="org.bitcoinj.utils.BtcFormatTest" time="0.002"/>
  <testcase name="columnAlignmentTest[380]" classname="org.bitcoinj.utils.BtcFormatTest" time="0.0"/>
  <testcase name="factoryTest[380]" classname="org.bitcoinj.utils.BtcFormatTest" time="0.0"/>
  <testcase name="parse[380]" classname="org.bitcoinj.utils.BtcFormatTest" time="0.0"/>
  <testcase name="btcRounding[380]" classname="org.bitcoinj.utils.BtcFormatTest" time="0.001"/>
  <testcase name="negativeTest[380]" classname="org.bitcoinj.utils.BtcFormatTest" time="0.0">
    <skipped/>
  </testcase>
  <testcase name="millicoinScaleTest[380]" classname="org.bitcoinj.utils.BtcFormatTest" time="0.0"/>
  <testcase name="toStringTest[380]" classname="org.bitcoinj.utils.BtcFormatTest" time="0.0">
    <skipped/>
  </testcase>
  <testcase name="testGrouping[380]" classname="org.bitcoinj.utils.BtcFormatTest" time="0.001"/>
  <testcase name="symbolsCodesTest[380]" classname="org.bitcoinj.utils.BtcFormatTest" time="0.0"/>
  <testcase name="defaultLocaleTest[380]" classname="org.bitcoinj.utils.BtcFormatTest" time="0.0"/>
  <testcase name="parsePositionTest[380]" classname="org.bitcoinj.utils.BtcFormatTest" time="0.001"/>
  <testcase name="argumentTypeTest[380]" classname="org.bitcoinj.utils.BtcFormatTest" time="0.0">
    <skipped/>
  </testcase>
  <testcase name="characterIteratorTest[380]" classname="org.bitcoinj.utils.BtcFormatTest" time="0.0"/>
  <testcase name="repeatingPlaceTest[380]" classname="org.bitcoinj.utils.BtcFormatTest" time="0.0"/>
  <testcase name="currencyCodeTest[380]" classname="org.bitcoinj.utils.BtcFormatTest" time="0.0">
    <skipped/>
  </testcase>
  <testcase name="patternDecimalPlaces[380]" classname="org.bitcoinj.utils.BtcFormatTest" time="0.0"/>
  <testcase name="factoryArgumentsTest[381]" classname="org.bitcoinj.utils.BtcFormatTest" time="0.001"/>
  <testcase name="parseTest[381]" classname="org.bitcoinj.utils.BtcFormatTest" time="0.0">
    <skipped/>
  </testcase>
  <testcase name="microcoinScaleTest[381]" classname="org.bitcoinj.utils.BtcFormatTest" time="0.0"/>
  <testcase name="parseMetricTest[381]" classname="org.bitcoinj.utils.BtcFormatTest" time="0.001"/>
  <testcase name="coinScaleTest[381]" classname="org.bitcoinj.utils.BtcFormatTest" time="0.001"/>
  <testcase name="builderTest[381]" classname="org.bitcoinj.utils.BtcFormatTest" time="0.0">
    <skipped/>
  </testcase>
  <testcase name="attributeTest[381]" classname="org.bitcoinj.utils.BtcFormatTest" time="0.0">
    <skipped/>
  </testcase>
  <testcase name="prefixTest[381]" classname="org.bitcoinj.utils.BtcFormatTest" time="0.001"/>
  <testcase name="suffixTest[381]" classname="org.bitcoinj.utils.BtcFormatTest" time="0.0">
    <skipped/>
  </testcase>
  <testcase name="autoDecimalTest[381]" classname="org.bitcoinj.utils.BtcFormatTest" time="0.003"/>
  <testcase name="symbolCollisionTest[381]" classname="org.bitcoinj.utils.BtcFormatTest" time="0.002"/>
  <testcase name="equalityTest[381]" classname="org.bitcoinj.utils.BtcFormatTest" time="0.002"/>
  <testcase name="columnAlignmentTest[381]" classname="org.bitcoinj.utils.BtcFormatTest" time="0.0"/>
  <testcase name="factoryTest[381]" classname="org.bitcoinj.utils.BtcFormatTest" time="0.0"/>
  <testcase name="parse[381]" classname="org.bitcoinj.utils.BtcFormatTest" time="0.0"/>
  <testcase name="btcRounding[381]" classname="org.bitcoinj.utils.BtcFormatTest" time="0.002"/>
  <testcase name="negativeTest[381]" classname="org.bitcoinj.utils.BtcFormatTest" time="0.0">
    <skipped/>
  </testcase>
  <testcase name="millicoinScaleTest[381]" classname="org.bitcoinj.utils.BtcFormatTest" time="0.0"/>
  <testcase name="toStringTest[381]" classname="org.bitcoinj.utils.BtcFormatTest" time="0.0">
    <skipped/>
  </testcase>
  <testcase name="testGrouping[381]" classname="org.bitcoinj.utils.BtcFormatTest" time="0.0"/>
  <testcase name="symbolsCodesTest[381]" classname="org.bitcoinj.utils.BtcFormatTest" time="0.001"/>
  <testcase name="defaultLocaleTest[381]" classname="org.bitcoinj.utils.BtcFormatTest" time="0.0"/>
  <testcase name="parsePositionTest[381]" classname="org.bitcoinj.utils.BtcFormatTest" time="0.0"/>
  <testcase name="argumentTypeTest[381]" classname="org.bitcoinj.utils.BtcFormatTest" time="0.0">
    <skipped/>
  </testcase>
  <testcase name="characterIteratorTest[381]" classname="org.bitcoinj.utils.BtcFormatTest" time="0.0"/>
  <testcase name="repeatingPlaceTest[381]" classname="org.bitcoinj.utils.BtcFormatTest" time="0.0"/>
  <testcase name="currencyCodeTest[381]" classname="org.bitcoinj.utils.BtcFormatTest" time="0.0">
    <skipped/>
  </testcase>
  <testcase name="patternDecimalPlaces[381]" classname="org.bitcoinj.utils.BtcFormatTest" time="0.0"/>
  <testcase name="factoryArgumentsTest[382]" classname="org.bitcoinj.utils.BtcFormatTest" time="0.0"/>
  <testcase name="parseTest[382]" classname="org.bitcoinj.utils.BtcFormatTest" time="0.0">
    <skipped/>
  </testcase>
  <testcase name="microcoinScaleTest[382]" classname="org.bitcoinj.utils.BtcFormatTest" time="0.0"/>
  <testcase name="parseMetricTest[382]" classname="org.bitcoinj.utils.BtcFormatTest" time="0.001"/>
  <testcase name="coinScaleTest[382]" classname="org.bitcoinj.utils.BtcFormatTest" time="0.0"/>
  <testcase name="builderTest[382]" classname="org.bitcoinj.utils.BtcFormatTest" time="0.0">
    <skipped/>
  </testcase>
  <testcase name="attributeTest[382]" classname="org.bitcoinj.utils.BtcFormatTest" time="0.0">
    <skipped/>
  </testcase>
  <testcase name="prefixTest[382]" classname="org.bitcoinj.utils.BtcFormatTest" time="0.001"/>
  <testcase name="suffixTest[382]" classname="org.bitcoinj.utils.BtcFormatTest" time="0.0">
    <skipped/>
  </testcase>
  <testcase name="autoDecimalTest[382]" classname="org.bitcoinj.utils.BtcFormatTest" time="0.001"/>
  <testcase name="symbolCollisionTest[382]" classname="org.bitcoinj.utils.BtcFormatTest" time="0.002"/>
  <testcase name="equalityTest[382]" classname="org.bitcoinj.utils.BtcFormatTest" time="0.002"/>
  <testcase name="columnAlignmentTest[382]" classname="org.bitcoinj.utils.BtcFormatTest" time="0.0"/>
  <testcase name="factoryTest[382]" classname="org.bitcoinj.utils.BtcFormatTest" time="0.0"/>
  <testcase name="parse[382]" classname="org.bitcoinj.utils.BtcFormatTest" time="0.001"/>
  <testcase name="btcRounding[382]" classname="org.bitcoinj.utils.BtcFormatTest" time="0.001"/>
  <testcase name="negativeTest[382]" classname="org.bitcoinj.utils.BtcFormatTest" time="0.0">
    <skipped/>
  </testcase>
  <testcase name="millicoinScaleTest[382]" classname="org.bitcoinj.utils.BtcFormatTest" time="0.0"/>
  <testcase name="toStringTest[382]" classname="org.bitcoinj.utils.BtcFormatTest" time="0.0">
    <skipped/>
  </testcase>
  <testcase name="testGrouping[382]" classname="org.bitcoinj.utils.BtcFormatTest" time="0.0"/>
  <testcase name="symbolsCodesTest[382]" classname="org.bitcoinj.utils.BtcFormatTest" time="0.001"/>
  <testcase name="defaultLocaleTest[382]" classname="org.bitcoinj.utils.BtcFormatTest" time="0.0"/>
  <testcase name="parsePositionTest[382]" classname="org.bitcoinj.utils.BtcFormatTest" time="0.0"/>
  <testcase name="argumentTypeTest[382]" classname="org.bitcoinj.utils.BtcFormatTest" time="0.0">
    <skipped/>
  </testcase>
  <testcase name="characterIteratorTest[382]" classname="org.bitcoinj.utils.BtcFormatTest" time="0.0"/>
  <testcase name="repeatingPlaceTest[382]" classname="org.bitcoinj.utils.BtcFormatTest" time="0.001"/>
  <testcase name="currencyCodeTest[382]" classname="org.bitcoinj.utils.BtcFormatTest" time="0.0">
    <skipped/>
  </testcase>
  <testcase name="patternDecimalPlaces[382]" classname="org.bitcoinj.utils.BtcFormatTest" time="0.0"/>
  <testcase name="factoryArgumentsTest[383]" classname="org.bitcoinj.utils.BtcFormatTest" time="0.001"/>
  <testcase name="parseTest[383]" classname="org.bitcoinj.utils.BtcFormatTest" time="0.0">
    <skipped/>
  </testcase>
  <testcase name="microcoinScaleTest[383]" classname="org.bitcoinj.utils.BtcFormatTest" time="0.0"/>
  <testcase name="parseMetricTest[383]" classname="org.bitcoinj.utils.BtcFormatTest" time="0.001"/>
  <testcase name="coinScaleTest[383]" classname="org.bitcoinj.utils.BtcFormatTest" time="0.0"/>
  <testcase name="builderTest[383]" classname="org.bitcoinj.utils.BtcFormatTest" time="0.0">
    <skipped/>
  </testcase>
  <testcase name="attributeTest[383]" classname="org.bitcoinj.utils.BtcFormatTest" time="0.0">
    <skipped/>
  </testcase>
  <testcase name="prefixTest[383]" classname="org.bitcoinj.utils.BtcFormatTest" time="0.0"/>
  <testcase name="suffixTest[383]" classname="org.bitcoinj.utils.BtcFormatTest" time="0.0">
    <skipped/>
  </testcase>
  <testcase name="autoDecimalTest[383]" classname="org.bitcoinj.utils.BtcFormatTest" time="0.001"/>
  <testcase name="symbolCollisionTest[383]" classname="org.bitcoinj.utils.BtcFormatTest" time="0.001"/>
  <testcase name="equalityTest[383]" classname="org.bitcoinj.utils.BtcFormatTest" time="0.001"/>
  <testcase name="columnAlignmentTest[383]" classname="org.bitcoinj.utils.BtcFormatTest" time="0.0"/>
  <testcase name="factoryTest[383]" classname="org.bitcoinj.utils.BtcFormatTest" time="0.0"/>
  <testcase name="parse[383]" classname="org.bitcoinj.utils.BtcFormatTest" time="0.001"/>
  <testcase name="btcRounding[383]" classname="org.bitcoinj.utils.BtcFormatTest" time="0.002"/>
  <testcase name="negativeTest[383]" classname="org.bitcoinj.utils.BtcFormatTest" time="0.0">
    <skipped/>
  </testcase>
  <testcase name="millicoinScaleTest[383]" classname="org.bitcoinj.utils.BtcFormatTest" time="0.0"/>
  <testcase name="toStringTest[383]" classname="org.bitcoinj.utils.BtcFormatTest" time="0.0">
    <skipped/>
  </testcase>
  <testcase name="testGrouping[383]" classname="org.bitcoinj.utils.BtcFormatTest" time="0.0"/>
  <testcase name="symbolsCodesTest[383]" classname="org.bitcoinj.utils.BtcFormatTest" time="0.0"/>
  <testcase name="defaultLocaleTest[383]" classname="org.bitcoinj.utils.BtcFormatTest" time="0.0"/>
  <testcase name="parsePositionTest[383]" classname="org.bitcoinj.utils.BtcFormatTest" time="0.001"/>
  <testcase name="argumentTypeTest[383]" classname="org.bitcoinj.utils.BtcFormatTest" time="0.0">
    <skipped/>
  </testcase>
  <testcase name="characterIteratorTest[383]" classname="org.bitcoinj.utils.BtcFormatTest" time="0.0"/>
  <testcase name="repeatingPlaceTest[383]" classname="org.bitcoinj.utils.BtcFormatTest" time="0.0"/>
  <testcase name="currencyCodeTest[383]" classname="org.bitcoinj.utils.BtcFormatTest" time="0.0">
    <skipped/>
  </testcase>
  <testcase name="patternDecimalPlaces[383]" classname="org.bitcoinj.utils.BtcFormatTest" time="0.0"/>
  <testcase name="factoryArgumentsTest[384]" classname="org.bitcoinj.utils.BtcFormatTest" time="0.001"/>
  <testcase name="parseTest[384]" classname="org.bitcoinj.utils.BtcFormatTest" time="0.0">
    <skipped/>
  </testcase>
  <testcase name="microcoinScaleTest[384]" classname="org.bitcoinj.utils.BtcFormatTest" time="0.0"/>
  <testcase name="parseMetricTest[384]" classname="org.bitcoinj.utils.BtcFormatTest" time="0.001"/>
  <testcase name="coinScaleTest[384]" classname="org.bitcoinj.utils.BtcFormatTest" time="0.0"/>
  <testcase name="builderTest[384]" classname="org.bitcoinj.utils.BtcFormatTest" time="0.0">
    <skipped/>
  </testcase>
  <testcase name="attributeTest[384]" classname="org.bitcoinj.utils.BtcFormatTest" time="0.0">
    <skipped/>
  </testcase>
  <testcase name="prefixTest[384]" classname="org.bitcoinj.utils.BtcFormatTest" time="0.0"/>
  <testcase name="suffixTest[384]" classname="org.bitcoinj.utils.BtcFormatTest" time="0.0">
    <skipped/>
  </testcase>
  <testcase name="autoDecimalTest[384]" classname="org.bitcoinj.utils.BtcFormatTest" time="0.001"/>
  <testcase name="symbolCollisionTest[384]" classname="org.bitcoinj.utils.BtcFormatTest" time="0.002"/>
  <testcase name="equalityTest[384]" classname="org.bitcoinj.utils.BtcFormatTest" time="0.001"/>
  <testcase name="columnAlignmentTest[384]" classname="org.bitcoinj.utils.BtcFormatTest" time="0.001"/>
  <testcase name="factoryTest[384]" classname="org.bitcoinj.utils.BtcFormatTest" time="0.0"/>
  <testcase name="parse[384]" classname="org.bitcoinj.utils.BtcFormatTest" time="0.0"/>
  <testcase name="btcRounding[384]" classname="org.bitcoinj.utils.BtcFormatTest" time="0.002"/>
  <testcase name="negativeTest[384]" classname="org.bitcoinj.utils.BtcFormatTest" time="0.0">
    <skipped/>
  </testcase>
  <testcase name="millicoinScaleTest[384]" classname="org.bitcoinj.utils.BtcFormatTest" time="0.0"/>
  <testcase name="toStringTest[384]" classname="org.bitcoinj.utils.BtcFormatTest" time="0.0">
    <skipped/>
  </testcase>
  <testcase name="testGrouping[384]" classname="org.bitcoinj.utils.BtcFormatTest" time="0.0"/>
  <testcase name="symbolsCodesTest[384]" classname="org.bitcoinj.utils.BtcFormatTest" time="0.001"/>
  <testcase name="defaultLocaleTest[384]" classname="org.bitcoinj.utils.BtcFormatTest" time="0.0"/>
  <testcase name="parsePositionTest[384]" classname="org.bitcoinj.utils.BtcFormatTest" time="0.0"/>
  <testcase name="argumentTypeTest[384]" classname="org.bitcoinj.utils.BtcFormatTest" time="0.0">
    <skipped/>
  </testcase>
  <testcase name="characterIteratorTest[384]" classname="org.bitcoinj.utils.BtcFormatTest" time="0.001"/>
  <testcase name="repeatingPlaceTest[384]" classname="org.bitcoinj.utils.BtcFormatTest" time="0.0"/>
  <testcase name="currencyCodeTest[384]" classname="org.bitcoinj.utils.BtcFormatTest" time="0.0">
    <skipped/>
  </testcase>
  <testcase name="patternDecimalPlaces[384]" classname="org.bitcoinj.utils.BtcFormatTest" time="0.0"/>
  <testcase name="factoryArgumentsTest[385]" classname="org.bitcoinj.utils.BtcFormatTest" time="0.001"/>
  <testcase name="parseTest[385]" classname="org.bitcoinj.utils.BtcFormatTest" time="0.0">
    <skipped/>
  </testcase>
  <testcase name="microcoinScaleTest[385]" classname="org.bitcoinj.utils.BtcFormatTest" time="0.0"/>
  <testcase name="parseMetricTest[385]" classname="org.bitcoinj.utils.BtcFormatTest" time="0.001"/>
  <testcase name="coinScaleTest[385]" classname="org.bitcoinj.utils.BtcFormatTest" time="0.0"/>
  <testcase name="builderTest[385]" classname="org.bitcoinj.utils.BtcFormatTest" time="0.0">
    <skipped/>
  </testcase>
  <testcase name="attributeTest[385]" classname="org.bitcoinj.utils.BtcFormatTest" time="0.0">
    <skipped/>
  </testcase>
  <testcase name="prefixTest[385]" classname="org.bitcoinj.utils.BtcFormatTest" time="0.0"/>
  <testcase name="suffixTest[385]" classname="org.bitcoinj.utils.BtcFormatTest" time="0.0">
    <skipped/>
  </testcase>
  <testcase name="autoDecimalTest[385]" classname="org.bitcoinj.utils.BtcFormatTest" time="0.001"/>
  <testcase name="symbolCollisionTest[385]" classname="org.bitcoinj.utils.BtcFormatTest" time="0.002"/>
  <testcase name="equalityTest[385]" classname="org.bitcoinj.utils.BtcFormatTest" time="0.001"/>
  <testcase name="columnAlignmentTest[385]" classname="org.bitcoinj.utils.BtcFormatTest" time="0.0"/>
  <testcase name="factoryTest[385]" classname="org.bitcoinj.utils.BtcFormatTest" time="0.001"/>
  <testcase name="parse[385]" classname="org.bitcoinj.utils.BtcFormatTest" time="0.0"/>
  <testcase name="btcRounding[385]" classname="org.bitcoinj.utils.BtcFormatTest" time="0.001"/>
  <testcase name="negativeTest[385]" classname="org.bitcoinj.utils.BtcFormatTest" time="0.0">
    <skipped/>
  </testcase>
  <testcase name="millicoinScaleTest[385]" classname="org.bitcoinj.utils.BtcFormatTest" time="0.0"/>
  <testcase name="toStringTest[385]" classname="org.bitcoinj.utils.BtcFormatTest" time="0.0">
    <skipped/>
  </testcase>
  <testcase name="testGrouping[385]" classname="org.bitcoinj.utils.BtcFormatTest" time="0.0"/>
  <testcase name="symbolsCodesTest[385]" classname="org.bitcoinj.utils.BtcFormatTest" time="0.001"/>
  <testcase name="defaultLocaleTest[385]" classname="org.bitcoinj.utils.BtcFormatTest" time="0.0"/>
  <testcase name="parsePositionTest[385]" classname="org.bitcoinj.utils.BtcFormatTest" time="0.0"/>
  <testcase name="argumentTypeTest[385]" classname="org.bitcoinj.utils.BtcFormatTest" time="0.0">
    <skipped/>
  </testcase>
  <testcase name="characterIteratorTest[385]" classname="org.bitcoinj.utils.BtcFormatTest" time="0.0"/>
  <testcase name="repeatingPlaceTest[385]" classname="org.bitcoinj.utils.BtcFormatTest" time="0.0"/>
  <testcase name="currencyCodeTest[385]" classname="org.bitcoinj.utils.BtcFormatTest" time="0.0">
    <skipped/>
  </testcase>
  <testcase name="patternDecimalPlaces[385]" classname="org.bitcoinj.utils.BtcFormatTest" time="0.0"/>
  <testcase name="factoryArgumentsTest[386]" classname="org.bitcoinj.utils.BtcFormatTest" time="0.001"/>
  <testcase name="parseTest[386]" classname="org.bitcoinj.utils.BtcFormatTest" time="0.0">
    <skipped/>
  </testcase>
  <testcase name="microcoinScaleTest[386]" classname="org.bitcoinj.utils.BtcFormatTest" time="0.0"/>
  <testcase name="parseMetricTest[386]" classname="org.bitcoinj.utils.BtcFormatTest" time="0.001"/>
  <testcase name="coinScaleTest[386]" classname="org.bitcoinj.utils.BtcFormatTest" time="0.0"/>
  <testcase name="builderTest[386]" classname="org.bitcoinj.utils.BtcFormatTest" time="0.0">
    <skipped/>
  </testcase>
  <testcase name="attributeTest[386]" classname="org.bitcoinj.utils.BtcFormatTest" time="0.001">
    <skipped/>
  </testcase>
  <testcase name="prefixTest[386]" classname="org.bitcoinj.utils.BtcFormatTest" time="0.0"/>
  <testcase name="suffixTest[386]" classname="org.bitcoinj.utils.BtcFormatTest" time="0.0">
    <skipped/>
  </testcase>
  <testcase name="autoDecimalTest[386]" classname="org.bitcoinj.utils.BtcFormatTest" time="0.001"/>
  <testcase name="symbolCollisionTest[386]" classname="org.bitcoinj.utils.BtcFormatTest" time="0.002"/>
  <testcase name="equalityTest[386]" classname="org.bitcoinj.utils.BtcFormatTest" time="0.001"/>
  <testcase name="columnAlignmentTest[386]" classname="org.bitcoinj.utils.BtcFormatTest" time="0.001"/>
  <testcase name="factoryTest[386]" classname="org.bitcoinj.utils.BtcFormatTest" time="0.0"/>
  <testcase name="parse[386]" classname="org.bitcoinj.utils.BtcFormatTest" time="0.0"/>
  <testcase name="btcRounding[386]" classname="org.bitcoinj.utils.BtcFormatTest" time="0.001"/>
  <testcase name="negativeTest[386]" classname="org.bitcoinj.utils.BtcFormatTest" time="0.0">
    <skipped/>
  </testcase>
  <testcase name="millicoinScaleTest[386]" classname="org.bitcoinj.utils.BtcFormatTest" time="0.0"/>
  <testcase name="toStringTest[386]" classname="org.bitcoinj.utils.BtcFormatTest" time="0.0">
    <skipped/>
  </testcase>
  <testcase name="testGrouping[386]" classname="org.bitcoinj.utils.BtcFormatTest" time="0.001"/>
  <testcase name="symbolsCodesTest[386]" classname="org.bitcoinj.utils.BtcFormatTest" time="0.0"/>
  <testcase name="defaultLocaleTest[386]" classname="org.bitcoinj.utils.BtcFormatTest" time="0.0"/>
  <testcase name="parsePositionTest[386]" classname="org.bitcoinj.utils.BtcFormatTest" time="0.001"/>
  <testcase name="argumentTypeTest[386]" classname="org.bitcoinj.utils.BtcFormatTest" time="0.0">
    <skipped/>
  </testcase>
  <testcase name="characterIteratorTest[386]" classname="org.bitcoinj.utils.BtcFormatTest" time="0.0"/>
  <testcase name="repeatingPlaceTest[386]" classname="org.bitcoinj.utils.BtcFormatTest" time="0.0"/>
  <testcase name="currencyCodeTest[386]" classname="org.bitcoinj.utils.BtcFormatTest" time="0.0">
    <skipped/>
  </testcase>
  <testcase name="patternDecimalPlaces[386]" classname="org.bitcoinj.utils.BtcFormatTest" time="0.0"/>
  <testcase name="factoryArgumentsTest[387]" classname="org.bitcoinj.utils.BtcFormatTest" time="0.001"/>
  <testcase name="parseTest[387]" classname="org.bitcoinj.utils.BtcFormatTest" time="0.0">
    <skipped/>
  </testcase>
  <testcase name="microcoinScaleTest[387]" classname="org.bitcoinj.utils.BtcFormatTest" time="0.0"/>
  <testcase name="parseMetricTest[387]" classname="org.bitcoinj.utils.BtcFormatTest" time="0.001"/>
  <testcase name="coinScaleTest[387]" classname="org.bitcoinj.utils.BtcFormatTest" time="0.001"/>
  <testcase name="builderTest[387]" classname="org.bitcoinj.utils.BtcFormatTest" time="0.0">
    <skipped/>
  </testcase>
  <testcase name="attributeTest[387]" classname="org.bitcoinj.utils.BtcFormatTest" time="0.0">
    <skipped/>
  </testcase>
  <testcase name="prefixTest[387]" classname="org.bitcoinj.utils.BtcFormatTest" time="0.0"/>
  <testcase name="suffixTest[387]" classname="org.bitcoinj.utils.BtcFormatTest" time="0.0">
    <skipped/>
  </testcase>
  <testcase name="autoDecimalTest[387]" classname="org.bitcoinj.utils.BtcFormatTest" time="0.0"/>
  <testcase name="symbolCollisionTest[387]" classname="org.bitcoinj.utils.BtcFormatTest" time="0.002"/>
  <testcase name="equalityTest[387]" classname="org.bitcoinj.utils.BtcFormatTest" time="0.001"/>
  <testcase name="columnAlignmentTest[387]" classname="org.bitcoinj.utils.BtcFormatTest" time="0.0"/>
  <testcase name="factoryTest[387]" classname="org.bitcoinj.utils.BtcFormatTest" time="0.001"/>
  <testcase name="parse[387]" classname="org.bitcoinj.utils.BtcFormatTest" time="0.0"/>
  <testcase name="btcRounding[387]" classname="org.bitcoinj.utils.BtcFormatTest" time="0.001"/>
  <testcase name="negativeTest[387]" classname="org.bitcoinj.utils.BtcFormatTest" time="0.0">
    <skipped/>
  </testcase>
  <testcase name="millicoinScaleTest[387]" classname="org.bitcoinj.utils.BtcFormatTest" time="0.0"/>
  <testcase name="toStringTest[387]" classname="org.bitcoinj.utils.BtcFormatTest" time="0.0">
    <skipped/>
  </testcase>
  <testcase name="testGrouping[387]" classname="org.bitcoinj.utils.BtcFormatTest" time="0.0"/>
  <testcase name="symbolsCodesTest[387]" classname="org.bitcoinj.utils.BtcFormatTest" time="0.001"/>
  <testcase name="defaultLocaleTest[387]" classname="org.bitcoinj.utils.BtcFormatTest" time="0.0"/>
  <testcase name="parsePositionTest[387]" classname="org.bitcoinj.utils.BtcFormatTest" time="0.0"/>
  <testcase name="argumentTypeTest[387]" classname="org.bitcoinj.utils.BtcFormatTest" time="0.0">
    <skipped/>
  </testcase>
  <testcase name="characterIteratorTest[387]" classname="org.bitcoinj.utils.BtcFormatTest" time="0.001"/>
  <testcase name="repeatingPlaceTest[387]" classname="org.bitcoinj.utils.BtcFormatTest" time="0.0"/>
  <testcase name="currencyCodeTest[387]" classname="org.bitcoinj.utils.BtcFormatTest" time="0.0">
    <skipped/>
  </testcase>
  <testcase name="patternDecimalPlaces[387]" classname="org.bitcoinj.utils.BtcFormatTest" time="0.0"/>
  <testcase name="factoryArgumentsTest[388]" classname="org.bitcoinj.utils.BtcFormatTest" time="0.001"/>
  <testcase name="parseTest[388]" classname="org.bitcoinj.utils.BtcFormatTest" time="0.0">
    <skipped/>
  </testcase>
  <testcase name="microcoinScaleTest[388]" classname="org.bitcoinj.utils.BtcFormatTest" time="0.0"/>
  <testcase name="parseMetricTest[388]" classname="org.bitcoinj.utils.BtcFormatTest" time="0.001"/>
  <testcase name="coinScaleTest[388]" classname="org.bitcoinj.utils.BtcFormatTest" time="0.0"/>
  <testcase name="builderTest[388]" classname="org.bitcoinj.utils.BtcFormatTest" time="0.0">
    <skipped/>
  </testcase>
  <testcase name="attributeTest[388]" classname="org.bitcoinj.utils.BtcFormatTest" time="0.0">
    <skipped/>
  </testcase>
  <testcase name="prefixTest[388]" classname="org.bitcoinj.utils.BtcFormatTest" time="0.0"/>
  <testcase name="suffixTest[388]" classname="org.bitcoinj.utils.BtcFormatTest" time="0.0">
    <skipped/>
  </testcase>
  <testcase name="autoDecimalTest[388]" classname="org.bitcoinj.utils.BtcFormatTest" time="0.002"/>
  <testcase name="symbolCollisionTest[388]" classname="org.bitcoinj.utils.BtcFormatTest" time="0.001"/>
  <testcase name="equalityTest[388]" classname="org.bitcoinj.utils.BtcFormatTest" time="0.002"/>
  <testcase name="columnAlignmentTest[388]" classname="org.bitcoinj.utils.BtcFormatTest" time="0.0"/>
  <testcase name="factoryTest[388]" classname="org.bitcoinj.utils.BtcFormatTest" time="0.0"/>
  <testcase name="parse[388]" classname="org.bitcoinj.utils.BtcFormatTest" time="0.0"/>
  <testcase name="btcRounding[388]" classname="org.bitcoinj.utils.BtcFormatTest" time="0.002"/>
  <testcase name="negativeTest[388]" classname="org.bitcoinj.utils.BtcFormatTest" time="0.0">
    <skipped/>
  </testcase>
  <testcase name="millicoinScaleTest[388]" classname="org.bitcoinj.utils.BtcFormatTest" time="0.0"/>
  <testcase name="toStringTest[388]" classname="org.bitcoinj.utils.BtcFormatTest" time="0.0">
    <skipped/>
  </testcase>
  <testcase name="testGrouping[388]" classname="org.bitcoinj.utils.BtcFormatTest" time="0.0"/>
  <testcase name="symbolsCodesTest[388]" classname="org.bitcoinj.utils.BtcFormatTest" time="0.001"/>
  <testcase name="defaultLocaleTest[388]" classname="org.bitcoinj.utils.BtcFormatTest" time="0.0"/>
  <testcase name="parsePositionTest[388]" classname="org.bitcoinj.utils.BtcFormatTest" time="0.0"/>
  <testcase name="argumentTypeTest[388]" classname="org.bitcoinj.utils.BtcFormatTest" time="0.0">
    <skipped/>
  </testcase>
  <testcase name="characterIteratorTest[388]" classname="org.bitcoinj.utils.BtcFormatTest" time="0.0"/>
  <testcase name="repeatingPlaceTest[388]" classname="org.bitcoinj.utils.BtcFormatTest" time="0.0"/>
  <testcase name="currencyCodeTest[388]" classname="org.bitcoinj.utils.BtcFormatTest" time="0.0">
    <skipped/>
  </testcase>
  <testcase name="patternDecimalPlaces[388]" classname="org.bitcoinj.utils.BtcFormatTest" time="0.0"/>
  <testcase name="factoryArgumentsTest[389]" classname="org.bitcoinj.utils.BtcFormatTest" time="0.001"/>
  <testcase name="parseTest[389]" classname="org.bitcoinj.utils.BtcFormatTest" time="0.0">
    <skipped/>
  </testcase>
  <testcase name="microcoinScaleTest[389]" classname="org.bitcoinj.utils.BtcFormatTest" time="0.0"/>
  <testcase name="parseMetricTest[389]" classname="org.bitcoinj.utils.BtcFormatTest" time="0.001"/>
  <testcase name="coinScaleTest[389]" classname="org.bitcoinj.utils.BtcFormatTest" time="0.0"/>
  <testcase name="builderTest[389]" classname="org.bitcoinj.utils.BtcFormatTest" time="0.0">
    <skipped/>
  </testcase>
  <testcase name="attributeTest[389]" classname="org.bitcoinj.utils.BtcFormatTest" time="0.0">
    <skipped/>
  </testcase>
  <testcase name="prefixTest[389]" classname="org.bitcoinj.utils.BtcFormatTest" time="0.001"/>
  <testcase name="suffixTest[389]" classname="org.bitcoinj.utils.BtcFormatTest" time="0.0">
    <skipped/>
  </testcase>
  <testcase name="autoDecimalTest[389]" classname="org.bitcoinj.utils.BtcFormatTest" time="0.0"/>
  <testcase name="symbolCollisionTest[389]" classname="org.bitcoinj.utils.BtcFormatTest" time="0.002"/>
  <testcase name="equalityTest[389]" classname="org.bitcoinj.utils.BtcFormatTest" time="0.002"/>
  <testcase name="columnAlignmentTest[389]" classname="org.bitcoinj.utils.BtcFormatTest" time="0.0"/>
  <testcase name="factoryTest[389]" classname="org.bitcoinj.utils.BtcFormatTest" time="0.0"/>
  <testcase name="parse[389]" classname="org.bitcoinj.utils.BtcFormatTest" time="0.0"/>
  <testcase name="btcRounding[389]" classname="org.bitcoinj.utils.BtcFormatTest" time="0.002"/>
  <testcase name="negativeTest[389]" classname="org.bitcoinj.utils.BtcFormatTest" time="0.0">
    <skipped/>
  </testcase>
  <testcase name="millicoinScaleTest[389]" classname="org.bitcoinj.utils.BtcFormatTest" time="0.0"/>
  <testcase name="toStringTest[389]" classname="org.bitcoinj.utils.BtcFormatTest" time="0.0">
    <skipped/>
  </testcase>
  <testcase name="testGrouping[389]" classname="org.bitcoinj.utils.BtcFormatTest" time="0.0"/>
  <testcase name="symbolsCodesTest[389]" classname="org.bitcoinj.utils.BtcFormatTest" time="0.001"/>
  <testcase name="defaultLocaleTest[389]" classname="org.bitcoinj.utils.BtcFormatTest" time="0.0"/>
  <testcase name="parsePositionTest[389]" classname="org.bitcoinj.utils.BtcFormatTest" time="0.0"/>
  <testcase name="argumentTypeTest[389]" classname="org.bitcoinj.utils.BtcFormatTest" time="0.0">
    <skipped/>
  </testcase>
  <testcase name="characterIteratorTest[389]" classname="org.bitcoinj.utils.BtcFormatTest" time="0.0"/>
  <testcase name="repeatingPlaceTest[389]" classname="org.bitcoinj.utils.BtcFormatTest" time="0.001"/>
  <testcase name="currencyCodeTest[389]" classname="org.bitcoinj.utils.BtcFormatTest" time="0.0">
    <skipped/>
  </testcase>
  <testcase name="patternDecimalPlaces[389]" classname="org.bitcoinj.utils.BtcFormatTest" time="0.0"/>
  <testcase name="factoryArgumentsTest[390]" classname="org.bitcoinj.utils.BtcFormatTest" time="0.0"/>
  <testcase name="parseTest[390]" classname="org.bitcoinj.utils.BtcFormatTest" time="0.0">
    <skipped/>
  </testcase>
  <testcase name="microcoinScaleTest[390]" classname="org.bitcoinj.utils.BtcFormatTest" time="0.0"/>
  <testcase name="parseMetricTest[390]" classname="org.bitcoinj.utils.BtcFormatTest" time="0.001"/>
  <testcase name="coinScaleTest[390]" classname="org.bitcoinj.utils.BtcFormatTest" time="0.0"/>
  <testcase name="builderTest[390]" classname="org.bitcoinj.utils.BtcFormatTest" time="0.0">
    <skipped/>
  </testcase>
  <testcase name="attributeTest[390]" classname="org.bitcoinj.utils.BtcFormatTest" time="0.0">
    <skipped/>
  </testcase>
  <testcase name="prefixTest[390]" classname="org.bitcoinj.utils.BtcFormatTest" time="0.001"/>
  <testcase name="suffixTest[390]" classname="org.bitcoinj.utils.BtcFormatTest" time="0.0">
    <skipped/>
  </testcase>
  <testcase name="autoDecimalTest[390]" classname="org.bitcoinj.utils.BtcFormatTest" time="0.0"/>
  <testcase name="symbolCollisionTest[390]" classname="org.bitcoinj.utils.BtcFormatTest" time="0.002"/>
  <testcase name="equalityTest[390]" classname="org.bitcoinj.utils.BtcFormatTest" time="0.002"/>
  <testcase name="columnAlignmentTest[390]" classname="org.bitcoinj.utils.BtcFormatTest" time="0.0"/>
  <testcase name="factoryTest[390]" classname="org.bitcoinj.utils.BtcFormatTest" time="0.001"/>
  <testcase name="parse[390]" classname="org.bitcoinj.utils.BtcFormatTest" time="0.0"/>
  <testcase name="btcRounding[390]" classname="org.bitcoinj.utils.BtcFormatTest" time="0.002"/>
  <testcase name="negativeTest[390]" classname="org.bitcoinj.utils.BtcFormatTest" time="0.0">
    <skipped/>
  </testcase>
  <testcase name="millicoinScaleTest[390]" classname="org.bitcoinj.utils.BtcFormatTest" time="0.0"/>
  <testcase name="toStringTest[390]" classname="org.bitcoinj.utils.BtcFormatTest" time="0.0">
    <skipped/>
  </testcase>
  <testcase name="testGrouping[390]" classname="org.bitcoinj.utils.BtcFormatTest" time="0.0"/>
  <testcase name="symbolsCodesTest[390]" classname="org.bitcoinj.utils.BtcFormatTest" time="0.0"/>
  <testcase name="defaultLocaleTest[390]" classname="org.bitcoinj.utils.BtcFormatTest" time="0.0"/>
  <testcase name="parsePositionTest[390]" classname="org.bitcoinj.utils.BtcFormatTest" time="0.001"/>
  <testcase name="argumentTypeTest[390]" classname="org.bitcoinj.utils.BtcFormatTest" time="0.0">
    <skipped/>
  </testcase>
  <testcase name="characterIteratorTest[390]" classname="org.bitcoinj.utils.BtcFormatTest" time="0.0"/>
  <testcase name="repeatingPlaceTest[390]" classname="org.bitcoinj.utils.BtcFormatTest" time="0.0"/>
  <testcase name="currencyCodeTest[390]" classname="org.bitcoinj.utils.BtcFormatTest" time="0.0">
    <skipped/>
  </testcase>
  <testcase name="patternDecimalPlaces[390]" classname="org.bitcoinj.utils.BtcFormatTest" time="0.0"/>
  <testcase name="factoryArgumentsTest[391]" classname="org.bitcoinj.utils.BtcFormatTest" time="0.001"/>
  <testcase name="parseTest[391]" classname="org.bitcoinj.utils.BtcFormatTest" time="0.0">
    <skipped/>
  </testcase>
  <testcase name="microcoinScaleTest[391]" classname="org.bitcoinj.utils.BtcFormatTest" time="0.0"/>
  <testcase name="parseMetricTest[391]" classname="org.bitcoinj.utils.BtcFormatTest" time="0.001"/>
  <testcase name="coinScaleTest[391]" classname="org.bitcoinj.utils.BtcFormatTest" time="0.0"/>
  <testcase name="builderTest[391]" classname="org.bitcoinj.utils.BtcFormatTest" time="0.0">
    <skipped/>
  </testcase>
  <testcase name="attributeTest[391]" classname="org.bitcoinj.utils.BtcFormatTest" time="0.0">
    <skipped/>
  </testcase>
  <testcase name="prefixTest[391]" classname="org.bitcoinj.utils.BtcFormatTest" time="0.0"/>
  <testcase name="suffixTest[391]" classname="org.bitcoinj.utils.BtcFormatTest" time="0.0">
    <skipped/>
  </testcase>
  <testcase name="autoDecimalTest[391]" classname="org.bitcoinj.utils.BtcFormatTest" time="0.001"/>
  <testcase name="symbolCollisionTest[391]" classname="org.bitcoinj.utils.BtcFormatTest" time="0.002"/>
  <testcase name="equalityTest[391]" classname="org.bitcoinj.utils.BtcFormatTest" time="0.002"/>
  <testcase name="columnAlignmentTest[391]" classname="org.bitcoinj.utils.BtcFormatTest" time="0.0"/>
  <testcase name="factoryTest[391]" classname="org.bitcoinj.utils.BtcFormatTest" time="0.0"/>
  <testcase name="parse[391]" classname="org.bitcoinj.utils.BtcFormatTest" time="0.0"/>
  <testcase name="btcRounding[391]" classname="org.bitcoinj.utils.BtcFormatTest" time="0.001"/>
  <testcase name="negativeTest[391]" classname="org.bitcoinj.utils.BtcFormatTest" time="0.0">
    <skipped/>
  </testcase>
  <testcase name="millicoinScaleTest[391]" classname="org.bitcoinj.utils.BtcFormatTest" time="0.001"/>
  <testcase name="toStringTest[391]" classname="org.bitcoinj.utils.BtcFormatTest" time="0.0">
    <skipped/>
  </testcase>
  <testcase name="testGrouping[391]" classname="org.bitcoinj.utils.BtcFormatTest" time="0.0"/>
  <testcase name="symbolsCodesTest[391]" classname="org.bitcoinj.utils.BtcFormatTest" time="0.0"/>
  <testcase name="defaultLocaleTest[391]" classname="org.bitcoinj.utils.BtcFormatTest" time="0.0"/>
  <testcase name="parsePositionTest[391]" classname="org.bitcoinj.utils.BtcFormatTest" time="0.001"/>
  <testcase name="argumentTypeTest[391]" classname="org.bitcoinj.utils.BtcFormatTest" time="0.0">
    <skipped/>
  </testcase>
  <testcase name="characterIteratorTest[391]" classname="org.bitcoinj.utils.BtcFormatTest" time="0.0"/>
  <testcase name="repeatingPlaceTest[391]" classname="org.bitcoinj.utils.BtcFormatTest" time="0.0"/>
  <testcase name="currencyCodeTest[391]" classname="org.bitcoinj.utils.BtcFormatTest" time="0.0">
    <skipped/>
  </testcase>
  <testcase name="patternDecimalPlaces[391]" classname="org.bitcoinj.utils.BtcFormatTest" time="0.0"/>
  <testcase name="factoryArgumentsTest[392]" classname="org.bitcoinj.utils.BtcFormatTest" time="0.002"/>
  <testcase name="parseTest[392]" classname="org.bitcoinj.utils.BtcFormatTest" time="0.0">
    <skipped/>
  </testcase>
  <testcase name="microcoinScaleTest[392]" classname="org.bitcoinj.utils.BtcFormatTest" time="0.0"/>
  <testcase name="parseMetricTest[392]" classname="org.bitcoinj.utils.BtcFormatTest" time="0.001"/>
  <testcase name="coinScaleTest[392]" classname="org.bitcoinj.utils.BtcFormatTest" time="0.0"/>
  <testcase name="builderTest[392]" classname="org.bitcoinj.utils.BtcFormatTest" time="0.0">
    <skipped/>
  </testcase>
  <testcase name="attributeTest[392]" classname="org.bitcoinj.utils.BtcFormatTest" time="0.001">
    <skipped/>
  </testcase>
  <testcase name="prefixTest[392]" classname="org.bitcoinj.utils.BtcFormatTest" time="0.0"/>
  <testcase name="suffixTest[392]" classname="org.bitcoinj.utils.BtcFormatTest" time="0.0">
    <skipped/>
  </testcase>
  <testcase name="autoDecimalTest[392]" classname="org.bitcoinj.utils.BtcFormatTest" time="0.001"/>
  <testcase name="symbolCollisionTest[392]" classname="org.bitcoinj.utils.BtcFormatTest" time="0.002"/>
  <testcase name="equalityTest[392]" classname="org.bitcoinj.utils.BtcFormatTest" time="0.009"/>
  <testcase name="columnAlignmentTest[392]" classname="org.bitcoinj.utils.BtcFormatTest" time="0.0"/>
  <testcase name="factoryTest[392]" classname="org.bitcoinj.utils.BtcFormatTest" time="0.001"/>
  <testcase name="parse[392]" classname="org.bitcoinj.utils.BtcFormatTest" time="0.0"/>
  <testcase name="btcRounding[392]" classname="org.bitcoinj.utils.BtcFormatTest" time="0.001"/>
  <testcase name="negativeTest[392]" classname="org.bitcoinj.utils.BtcFormatTest" time="0.0">
    <skipped/>
  </testcase>
  <testcase name="millicoinScaleTest[392]" classname="org.bitcoinj.utils.BtcFormatTest" time="0.0"/>
  <testcase name="toStringTest[392]" classname="org.bitcoinj.utils.BtcFormatTest" time="0.0">
    <skipped/>
  </testcase>
  <testcase name="testGrouping[392]" classname="org.bitcoinj.utils.BtcFormatTest" time="0.0"/>
  <testcase name="symbolsCodesTest[392]" classname="org.bitcoinj.utils.BtcFormatTest" time="0.001"/>
  <testcase name="defaultLocaleTest[392]" classname="org.bitcoinj.utils.BtcFormatTest" time="0.0"/>
  <testcase name="parsePositionTest[392]" classname="org.bitcoinj.utils.BtcFormatTest" time="0.0"/>
  <testcase name="argumentTypeTest[392]" classname="org.bitcoinj.utils.BtcFormatTest" time="0.0">
    <skipped/>
  </testcase>
  <testcase name="characterIteratorTest[392]" classname="org.bitcoinj.utils.BtcFormatTest" time="0.001"/>
  <testcase name="repeatingPlaceTest[392]" classname="org.bitcoinj.utils.BtcFormatTest" time="0.0"/>
  <testcase name="currencyCodeTest[392]" classname="org.bitcoinj.utils.BtcFormatTest" time="0.0">
    <skipped/>
  </testcase>
  <testcase name="patternDecimalPlaces[392]" classname="org.bitcoinj.utils.BtcFormatTest" time="0.0"/>
  <testcase name="factoryArgumentsTest[393]" classname="org.bitcoinj.utils.BtcFormatTest" time="0.001"/>
  <testcase name="parseTest[393]" classname="org.bitcoinj.utils.BtcFormatTest" time="0.0">
    <skipped/>
  </testcase>
  <testcase name="microcoinScaleTest[393]" classname="org.bitcoinj.utils.BtcFormatTest" time="0.0"/>
  <testcase name="parseMetricTest[393]" classname="org.bitcoinj.utils.BtcFormatTest" time="0.001"/>
  <testcase name="coinScaleTest[393]" classname="org.bitcoinj.utils.BtcFormatTest" time="0.0"/>
  <testcase name="builderTest[393]" classname="org.bitcoinj.utils.BtcFormatTest" time="0.0">
    <skipped/>
  </testcase>
  <testcase name="attributeTest[393]" classname="org.bitcoinj.utils.BtcFormatTest" time="0.0">
    <skipped/>
  </testcase>
  <testcase name="prefixTest[393]" classname="org.bitcoinj.utils.BtcFormatTest" time="0.001"/>
  <testcase name="suffixTest[393]" classname="org.bitcoinj.utils.BtcFormatTest" time="0.0">
    <skipped/>
  </testcase>
  <testcase name="autoDecimalTest[393]" classname="org.bitcoinj.utils.BtcFormatTest" time="0.0"/>
  <testcase name="symbolCollisionTest[393]" classname="org.bitcoinj.utils.BtcFormatTest" time="0.002"/>
  <testcase name="equalityTest[393]" classname="org.bitcoinj.utils.BtcFormatTest" time="0.002"/>
  <testcase name="columnAlignmentTest[393]" classname="org.bitcoinj.utils.BtcFormatTest" time="0.0"/>
  <testcase name="factoryTest[393]" classname="org.bitcoinj.utils.BtcFormatTest" time="0.0"/>
  <testcase name="parse[393]" classname="org.bitcoinj.utils.BtcFormatTest" time="0.0"/>
  <testcase name="btcRounding[393]" classname="org.bitcoinj.utils.BtcFormatTest" time="0.001"/>
  <testcase name="negativeTest[393]" classname="org.bitcoinj.utils.BtcFormatTest" time="0.0">
    <skipped/>
  </testcase>
  <testcase name="millicoinScaleTest[393]" classname="org.bitcoinj.utils.BtcFormatTest" time="0.001"/>
  <testcase name="toStringTest[393]" classname="org.bitcoinj.utils.BtcFormatTest" time="0.0">
    <skipped/>
  </testcase>
  <testcase name="testGrouping[393]" classname="org.bitcoinj.utils.BtcFormatTest" time="0.0"/>
  <testcase name="symbolsCodesTest[393]" classname="org.bitcoinj.utils.BtcFormatTest" time="0.0"/>
  <testcase name="defaultLocaleTest[393]" classname="org.bitcoinj.utils.BtcFormatTest" time="0.001"/>
  <testcase name="parsePositionTest[393]" classname="org.bitcoinj.utils.BtcFormatTest" time="0.0"/>
  <testcase name="argumentTypeTest[393]" classname="org.bitcoinj.utils.BtcFormatTest" time="0.0">
    <skipped/>
  </testcase>
  <testcase name="characterIteratorTest[393]" classname="org.bitcoinj.utils.BtcFormatTest" time="0.0"/>
  <testcase name="repeatingPlaceTest[393]" classname="org.bitcoinj.utils.BtcFormatTest" time="0.0"/>
  <testcase name="currencyCodeTest[393]" classname="org.bitcoinj.utils.BtcFormatTest" time="0.0">
    <skipped/>
  </testcase>
  <testcase name="patternDecimalPlaces[393]" classname="org.bitcoinj.utils.BtcFormatTest" time="0.0"/>
  <testcase name="factoryArgumentsTest[394]" classname="org.bitcoinj.utils.BtcFormatTest" time="0.002"/>
  <testcase name="parseTest[394]" classname="org.bitcoinj.utils.BtcFormatTest" time="0.0">
    <skipped/>
  </testcase>
  <testcase name="microcoinScaleTest[394]" classname="org.bitcoinj.utils.BtcFormatTest" time="0.0"/>
  <testcase name="parseMetricTest[394]" classname="org.bitcoinj.utils.BtcFormatTest" time="0.001"/>
  <testcase name="coinScaleTest[394]" classname="org.bitcoinj.utils.BtcFormatTest" time="0.001"/>
  <testcase name="builderTest[394]" classname="org.bitcoinj.utils.BtcFormatTest" time="0.0">
    <skipped/>
  </testcase>
  <testcase name="attributeTest[394]" classname="org.bitcoinj.utils.BtcFormatTest" time="0.0">
    <skipped/>
  </testcase>
  <testcase name="prefixTest[394]" classname="org.bitcoinj.utils.BtcFormatTest" time="0.0"/>
  <testcase name="suffixTest[394]" classname="org.bitcoinj.utils.BtcFormatTest" time="0.0">
    <skipped/>
  </testcase>
  <testcase name="autoDecimalTest[394]" classname="org.bitcoinj.utils.BtcFormatTest" time="0.001"/>
  <testcase name="symbolCollisionTest[394]" classname="org.bitcoinj.utils.BtcFormatTest" time="0.001"/>
  <testcase name="equalityTest[394]" classname="org.bitcoinj.utils.BtcFormatTest" time="0.002"/>
  <testcase name="columnAlignmentTest[394]" classname="org.bitcoinj.utils.BtcFormatTest" time="0.0"/>
  <testcase name="factoryTest[394]" classname="org.bitcoinj.utils.BtcFormatTest" time="0.001"/>
  <testcase name="parse[394]" classname="org.bitcoinj.utils.BtcFormatTest" time="0.0"/>
  <testcase name="btcRounding[394]" classname="org.bitcoinj.utils.BtcFormatTest" time="0.001"/>
  <testcase name="negativeTest[394]" classname="org.bitcoinj.utils.BtcFormatTest" time="0.0">
    <skipped/>
  </testcase>
  <testcase name="millicoinScaleTest[394]" classname="org.bitcoinj.utils.BtcFormatTest" time="0.0"/>
  <testcase name="toStringTest[394]" classname="org.bitcoinj.utils.BtcFormatTest" time="0.0">
    <skipped/>
  </testcase>
  <testcase name="testGrouping[394]" classname="org.bitcoinj.utils.BtcFormatTest" time="0.0"/>
  <testcase name="symbolsCodesTest[394]" classname="org.bitcoinj.utils.BtcFormatTest" time="0.001"/>
  <testcase name="defaultLocaleTest[394]" classname="org.bitcoinj.utils.BtcFormatTest" time="0.0"/>
  <testcase name="parsePositionTest[394]" classname="org.bitcoinj.utils.BtcFormatTest" time="0.0"/>
  <testcase name="argumentTypeTest[394]" classname="org.bitcoinj.utils.BtcFormatTest" time="0.0">
    <skipped/>
  </testcase>
  <testcase name="characterIteratorTest[394]" classname="org.bitcoinj.utils.BtcFormatTest" time="0.001"/>
  <testcase name="repeatingPlaceTest[394]" classname="org.bitcoinj.utils.BtcFormatTest" time="0.0"/>
  <testcase name="currencyCodeTest[394]" classname="org.bitcoinj.utils.BtcFormatTest" time="0.0">
    <skipped/>
  </testcase>
  <testcase name="patternDecimalPlaces[394]" classname="org.bitcoinj.utils.BtcFormatTest" time="0.0"/>
  <testcase name="factoryArgumentsTest[395]" classname="org.bitcoinj.utils.BtcFormatTest" time="0.001"/>
  <testcase name="parseTest[395]" classname="org.bitcoinj.utils.BtcFormatTest" time="0.0">
    <skipped/>
  </testcase>
  <testcase name="microcoinScaleTest[395]" classname="org.bitcoinj.utils.BtcFormatTest" time="0.0"/>
  <testcase name="parseMetricTest[395]" classname="org.bitcoinj.utils.BtcFormatTest" time="0.001"/>
  <testcase name="coinScaleTest[395]" classname="org.bitcoinj.utils.BtcFormatTest" time="0.0"/>
  <testcase name="builderTest[395]" classname="org.bitcoinj.utils.BtcFormatTest" time="0.0">
    <skipped/>
  </testcase>
  <testcase name="attributeTest[395]" classname="org.bitcoinj.utils.BtcFormatTest" time="0.0">
    <skipped/>
  </testcase>
  <testcase name="prefixTest[395]" classname="org.bitcoinj.utils.BtcFormatTest" time="0.0"/>
  <testcase name="suffixTest[395]" classname="org.bitcoinj.utils.BtcFormatTest" time="0.0">
    <skipped/>
  </testcase>
  <testcase name="autoDecimalTest[395]" classname="org.bitcoinj.utils.BtcFormatTest" time="0.001"/>
  <testcase name="symbolCollisionTest[395]" classname="org.bitcoinj.utils.BtcFormatTest" time="0.002"/>
  <testcase name="equalityTest[395]" classname="org.bitcoinj.utils.BtcFormatTest" time="0.002"/>
  <testcase name="columnAlignmentTest[395]" classname="org.bitcoinj.utils.BtcFormatTest" time="0.0"/>
  <testcase name="factoryTest[395]" classname="org.bitcoinj.utils.BtcFormatTest" time="0.001"/>
  <testcase name="parse[395]" classname="org.bitcoinj.utils.BtcFormatTest" time="0.0"/>
  <testcase name="btcRounding[395]" classname="org.bitcoinj.utils.BtcFormatTest" time="0.001"/>
  <testcase name="negativeTest[395]" classname="org.bitcoinj.utils.BtcFormatTest" time="0.0">
    <skipped/>
  </testcase>
  <testcase name="millicoinScaleTest[395]" classname="org.bitcoinj.utils.BtcFormatTest" time="0.0"/>
  <testcase name="toStringTest[395]" classname="org.bitcoinj.utils.BtcFormatTest" time="0.0">
    <skipped/>
  </testcase>
  <testcase name="testGrouping[395]" classname="org.bitcoinj.utils.BtcFormatTest" time="0.001"/>
  <testcase name="symbolsCodesTest[395]" classname="org.bitcoinj.utils.BtcFormatTest" time="0.0"/>
  <testcase name="defaultLocaleTest[395]" classname="org.bitcoinj.utils.BtcFormatTest" time="0.0"/>
  <testcase name="parsePositionTest[395]" classname="org.bitcoinj.utils.BtcFormatTest" time="0.001"/>
  <testcase name="argumentTypeTest[395]" classname="org.bitcoinj.utils.BtcFormatTest" time="0.0">
    <skipped/>
  </testcase>
  <testcase name="characterIteratorTest[395]" classname="org.bitcoinj.utils.BtcFormatTest" time="0.0"/>
  <testcase name="repeatingPlaceTest[395]" classname="org.bitcoinj.utils.BtcFormatTest" time="0.0"/>
  <testcase name="currencyCodeTest[395]" classname="org.bitcoinj.utils.BtcFormatTest" time="0.0">
    <skipped/>
  </testcase>
  <testcase name="patternDecimalPlaces[395]" classname="org.bitcoinj.utils.BtcFormatTest" time="0.0"/>
  <testcase name="factoryArgumentsTest[396]" classname="org.bitcoinj.utils.BtcFormatTest" time="0.002"/>
  <testcase name="parseTest[396]" classname="org.bitcoinj.utils.BtcFormatTest" time="0.0">
    <skipped/>
  </testcase>
  <testcase name="microcoinScaleTest[396]" classname="org.bitcoinj.utils.BtcFormatTest" time="0.0"/>
  <testcase name="parseMetricTest[396]" classname="org.bitcoinj.utils.BtcFormatTest" time="0.001"/>
  <testcase name="coinScaleTest[396]" classname="org.bitcoinj.utils.BtcFormatTest" time="0.0"/>
  <testcase name="builderTest[396]" classname="org.bitcoinj.utils.BtcFormatTest" time="0.0">
    <skipped/>
  </testcase>
  <testcase name="attributeTest[396]" classname="org.bitcoinj.utils.BtcFormatTest" time="0.0">
    <skipped/>
  </testcase>
  <testcase name="prefixTest[396]" classname="org.bitcoinj.utils.BtcFormatTest" time="0.0"/>
  <testcase name="suffixTest[396]" classname="org.bitcoinj.utils.BtcFormatTest" time="0.0">
    <skipped/>
  </testcase>
  <testcase name="autoDecimalTest[396]" classname="org.bitcoinj.utils.BtcFormatTest" time="0.001"/>
  <testcase name="symbolCollisionTest[396]" classname="org.bitcoinj.utils.BtcFormatTest" time="0.001"/>
  <testcase name="equalityTest[396]" classname="org.bitcoinj.utils.BtcFormatTest" time="0.002"/>
  <testcase name="columnAlignmentTest[396]" classname="org.bitcoinj.utils.BtcFormatTest" time="0.0"/>
  <testcase name="factoryTest[396]" classname="org.bitcoinj.utils.BtcFormatTest" time="0.0"/>
  <testcase name="parse[396]" classname="org.bitcoinj.utils.BtcFormatTest" time="0.0"/>
  <testcase name="btcRounding[396]" classname="org.bitcoinj.utils.BtcFormatTest" time="0.001"/>
  <testcase name="negativeTest[396]" classname="org.bitcoinj.utils.BtcFormatTest" time="0.0">
    <skipped/>
  </testcase>
  <testcase name="millicoinScaleTest[396]" classname="org.bitcoinj.utils.BtcFormatTest" time="0.0"/>
  <testcase name="toStringTest[396]" classname="org.bitcoinj.utils.BtcFormatTest" time="0.0">
    <skipped/>
  </testcase>
  <testcase name="testGrouping[396]" classname="org.bitcoinj.utils.BtcFormatTest" time="0.001"/>
  <testcase name="symbolsCodesTest[396]" classname="org.bitcoinj.utils.BtcFormatTest" time="0.0"/>
  <testcase name="defaultLocaleTest[396]" classname="org.bitcoinj.utils.BtcFormatTest" time="0.0"/>
  <testcase name="parsePositionTest[396]" classname="org.bitcoinj.utils.BtcFormatTest" time="0.0"/>
  <testcase name="argumentTypeTest[396]" classname="org.bitcoinj.utils.BtcFormatTest" time="0.0">
    <skipped/>
  </testcase>
  <testcase name="characterIteratorTest[396]" classname="org.bitcoinj.utils.BtcFormatTest" time="0.0"/>
  <testcase name="repeatingPlaceTest[396]" classname="org.bitcoinj.utils.BtcFormatTest" time="0.0"/>
  <testcase name="currencyCodeTest[396]" classname="org.bitcoinj.utils.BtcFormatTest" time="0.0">
    <skipped/>
  </testcase>
  <testcase name="patternDecimalPlaces[396]" classname="org.bitcoinj.utils.BtcFormatTest" time="0.0"/>
  <testcase name="factoryArgumentsTest[397]" classname="org.bitcoinj.utils.BtcFormatTest" time="0.001"/>
  <testcase name="parseTest[397]" classname="org.bitcoinj.utils.BtcFormatTest" time="0.0">
    <skipped/>
  </testcase>
  <testcase name="microcoinScaleTest[397]" classname="org.bitcoinj.utils.BtcFormatTest" time="0.0"/>
  <testcase name="parseMetricTest[397]" classname="org.bitcoinj.utils.BtcFormatTest" time="0.001"/>
  <testcase name="coinScaleTest[397]" classname="org.bitcoinj.utils.BtcFormatTest" time="0.0"/>
  <testcase name="builderTest[397]" classname="org.bitcoinj.utils.BtcFormatTest" time="0.0">
    <skipped/>
  </testcase>
  <testcase name="attributeTest[397]" classname="org.bitcoinj.utils.BtcFormatTest" time="0.0">
    <skipped/>
  </testcase>
  <testcase name="prefixTest[397]" classname="org.bitcoinj.utils.BtcFormatTest" time="0.001"/>
  <testcase name="suffixTest[397]" classname="org.bitcoinj.utils.BtcFormatTest" time="0.0">
    <skipped/>
  </testcase>
  <testcase name="autoDecimalTest[397]" classname="org.bitcoinj.utils.BtcFormatTest" time="0.0"/>
  <testcase name="symbolCollisionTest[397]" classname="org.bitcoinj.utils.BtcFormatTest" time="0.002"/>
  <testcase name="equalityTest[397]" classname="org.bitcoinj.utils.BtcFormatTest" time="0.002"/>
  <testcase name="columnAlignmentTest[397]" classname="org.bitcoinj.utils.BtcFormatTest" time="0.0"/>
  <testcase name="factoryTest[397]" classname="org.bitcoinj.utils.BtcFormatTest" time="0.0"/>
  <testcase name="parse[397]" classname="org.bitcoinj.utils.BtcFormatTest" time="0.0"/>
  <testcase name="btcRounding[397]" classname="org.bitcoinj.utils.BtcFormatTest" time="0.001"/>
  <testcase name="negativeTest[397]" classname="org.bitcoinj.utils.BtcFormatTest" time="0.0">
    <skipped/>
  </testcase>
  <testcase name="millicoinScaleTest[397]" classname="org.bitcoinj.utils.BtcFormatTest" time="0.0"/>
  <testcase name="toStringTest[397]" classname="org.bitcoinj.utils.BtcFormatTest" time="0.0">
    <skipped/>
  </testcase>
  <testcase name="testGrouping[397]" classname="org.bitcoinj.utils.BtcFormatTest" time="0.0"/>
  <testcase name="symbolsCodesTest[397]" classname="org.bitcoinj.utils.BtcFormatTest" time="0.001"/>
  <testcase name="defaultLocaleTest[397]" classname="org.bitcoinj.utils.BtcFormatTest" time="0.0"/>
  <testcase name="parsePositionTest[397]" classname="org.bitcoinj.utils.BtcFormatTest" time="0.0"/>
  <testcase name="argumentTypeTest[397]" classname="org.bitcoinj.utils.BtcFormatTest" time="0.0">
    <skipped/>
  </testcase>
  <testcase name="characterIteratorTest[397]" classname="org.bitcoinj.utils.BtcFormatTest" time="0.001"/>
  <testcase name="repeatingPlaceTest[397]" classname="org.bitcoinj.utils.BtcFormatTest" time="0.0"/>
  <testcase name="currencyCodeTest[397]" classname="org.bitcoinj.utils.BtcFormatTest" time="0.0">
    <skipped/>
  </testcase>
  <testcase name="patternDecimalPlaces[397]" classname="org.bitcoinj.utils.BtcFormatTest" time="0.0"/>
  <testcase name="factoryArgumentsTest[398]" classname="org.bitcoinj.utils.BtcFormatTest" time="0.001"/>
  <testcase name="parseTest[398]" classname="org.bitcoinj.utils.BtcFormatTest" time="0.0">
    <skipped/>
  </testcase>
  <testcase name="microcoinScaleTest[398]" classname="org.bitcoinj.utils.BtcFormatTest" time="0.0"/>
  <testcase name="parseMetricTest[398]" classname="org.bitcoinj.utils.BtcFormatTest" time="0.001"/>
  <testcase name="coinScaleTest[398]" classname="org.bitcoinj.utils.BtcFormatTest" time="0.0"/>
  <testcase name="builderTest[398]" classname="org.bitcoinj.utils.BtcFormatTest" time="0.0">
    <skipped/>
  </testcase>
  <testcase name="attributeTest[398]" classname="org.bitcoinj.utils.BtcFormatTest" time="0.0">
    <skipped/>
  </testcase>
  <testcase name="prefixTest[398]" classname="org.bitcoinj.utils.BtcFormatTest" time="0.0"/>
  <testcase name="suffixTest[398]" classname="org.bitcoinj.utils.BtcFormatTest" time="0.0">
    <skipped/>
  </testcase>
  <testcase name="autoDecimalTest[398]" classname="org.bitcoinj.utils.BtcFormatTest" time="0.001"/>
  <testcase name="symbolCollisionTest[398]" classname="org.bitcoinj.utils.BtcFormatTest" time="0.002"/>
  <testcase name="equalityTest[398]" classname="org.bitcoinj.utils.BtcFormatTest" time="0.001"/>
  <testcase name="columnAlignmentTest[398]" classname="org.bitcoinj.utils.BtcFormatTest" time="0.0"/>
  <testcase name="factoryTest[398]" classname="org.bitcoinj.utils.BtcFormatTest" time="0.001"/>
  <testcase name="parse[398]" classname="org.bitcoinj.utils.BtcFormatTest" time="0.0"/>
  <testcase name="btcRounding[398]" classname="org.bitcoinj.utils.BtcFormatTest" time="0.001"/>
  <testcase name="negativeTest[398]" classname="org.bitcoinj.utils.BtcFormatTest" time="0.0">
    <skipped/>
  </testcase>
  <testcase name="millicoinScaleTest[398]" classname="org.bitcoinj.utils.BtcFormatTest" time="0.0"/>
  <testcase name="toStringTest[398]" classname="org.bitcoinj.utils.BtcFormatTest" time="0.0">
    <skipped/>
  </testcase>
  <testcase name="testGrouping[398]" classname="org.bitcoinj.utils.BtcFormatTest" time="0.001"/>
  <testcase name="symbolsCodesTest[398]" classname="org.bitcoinj.utils.BtcFormatTest" time="0.0"/>
  <testcase name="defaultLocaleTest[398]" classname="org.bitcoinj.utils.BtcFormatTest" time="0.0"/>
  <testcase name="parsePositionTest[398]" classname="org.bitcoinj.utils.BtcFormatTest" time="0.0"/>
  <testcase name="argumentTypeTest[398]" classname="org.bitcoinj.utils.BtcFormatTest" time="0.0">
    <skipped/>
  </testcase>
  <testcase name="characterIteratorTest[398]" classname="org.bitcoinj.utils.BtcFormatTest" time="0.0"/>
  <testcase name="repeatingPlaceTest[398]" classname="org.bitcoinj.utils.BtcFormatTest" time="0.0"/>
  <testcase name="currencyCodeTest[398]" classname="org.bitcoinj.utils.BtcFormatTest" time="0.0">
    <skipped/>
  </testcase>
  <testcase name="patternDecimalPlaces[398]" classname="org.bitcoinj.utils.BtcFormatTest" time="0.0"/>
  <testcase name="factoryArgumentsTest[399]" classname="org.bitcoinj.utils.BtcFormatTest" time="0.001"/>
  <testcase name="parseTest[399]" classname="org.bitcoinj.utils.BtcFormatTest" time="0.0">
    <skipped/>
  </testcase>
  <testcase name="microcoinScaleTest[399]" classname="org.bitcoinj.utils.BtcFormatTest" time="0.0"/>
  <testcase name="parseMetricTest[399]" classname="org.bitcoinj.utils.BtcFormatTest" time="0.001"/>
  <testcase name="coinScaleTest[399]" classname="org.bitcoinj.utils.BtcFormatTest" time="0.0"/>
  <testcase name="builderTest[399]" classname="org.bitcoinj.utils.BtcFormatTest" time="0.0">
    <skipped/>
  </testcase>
  <testcase name="attributeTest[399]" classname="org.bitcoinj.utils.BtcFormatTest" time="0.0">
    <skipped/>
  </testcase>
  <testcase name="prefixTest[399]" classname="org.bitcoinj.utils.BtcFormatTest" time="0.0"/>
  <testcase name="suffixTest[399]" classname="org.bitcoinj.utils.BtcFormatTest" time="0.0">
    <skipped/>
  </testcase>
  <testcase name="autoDecimalTest[399]" classname="org.bitcoinj.utils.BtcFormatTest" time="0.0"/>
  <testcase name="symbolCollisionTest[399]" classname="org.bitcoinj.utils.BtcFormatTest" time="0.002"/>
  <testcase name="equalityTest[399]" classname="org.bitcoinj.utils.BtcFormatTest" time="0.001"/>
  <testcase name="columnAlignmentTest[399]" classname="org.bitcoinj.utils.BtcFormatTest" time="0.0"/>
  <testcase name="factoryTest[399]" classname="org.bitcoinj.utils.BtcFormatTest" time="0.0"/>
  <testcase name="parse[399]" classname="org.bitcoinj.utils.BtcFormatTest" time="0.0"/>
  <testcase name="btcRounding[399]" classname="org.bitcoinj.utils.BtcFormatTest" time="0.002"/>
  <testcase name="negativeTest[399]" classname="org.bitcoinj.utils.BtcFormatTest" time="0.0">
    <skipped/>
  </testcase>
  <testcase name="millicoinScaleTest[399]" classname="org.bitcoinj.utils.BtcFormatTest" time="0.001"/>
  <testcase name="toStringTest[399]" classname="org.bitcoinj.utils.BtcFormatTest" time="0.0">
    <skipped/>
  </testcase>
  <testcase name="testGrouping[399]" classname="org.bitcoinj.utils.BtcFormatTest" time="0.0"/>
  <testcase name="symbolsCodesTest[399]" classname="org.bitcoinj.utils.BtcFormatTest" time="0.001"/>
  <testcase name="defaultLocaleTest[399]" classname="org.bitcoinj.utils.BtcFormatTest" time="0.0"/>
  <testcase name="parsePositionTest[399]" classname="org.bitcoinj.utils.BtcFormatTest" time="0.001"/>
  <testcase name="argumentTypeTest[399]" classname="org.bitcoinj.utils.BtcFormatTest" time="0.0">
    <skipped/>
  </testcase>
  <testcase name="characterIteratorTest[399]" classname="org.bitcoinj.utils.BtcFormatTest" time="0.0"/>
  <testcase name="repeatingPlaceTest[399]" classname="org.bitcoinj.utils.BtcFormatTest" time="0.0"/>
  <testcase name="currencyCodeTest[399]" classname="org.bitcoinj.utils.BtcFormatTest" time="0.0">
    <skipped/>
  </testcase>
  <testcase name="patternDecimalPlaces[399]" classname="org.bitcoinj.utils.BtcFormatTest" time="0.0"/>
  <testcase name="factoryArgumentsTest[400]" classname="org.bitcoinj.utils.BtcFormatTest" time="0.001"/>
  <testcase name="parseTest[400]" classname="org.bitcoinj.utils.BtcFormatTest" time="0.0">
    <skipped/>
  </testcase>
  <testcase name="microcoinScaleTest[400]" classname="org.bitcoinj.utils.BtcFormatTest" time="0.0"/>
  <testcase name="parseMetricTest[400]" classname="org.bitcoinj.utils.BtcFormatTest" time="0.001"/>
  <testcase name="coinScaleTest[400]" classname="org.bitcoinj.utils.BtcFormatTest" time="0.0"/>
  <testcase name="builderTest[400]" classname="org.bitcoinj.utils.BtcFormatTest" time="0.0">
    <skipped/>
  </testcase>
  <testcase name="attributeTest[400]" classname="org.bitcoinj.utils.BtcFormatTest" time="0.0">
    <skipped/>
  </testcase>
  <testcase name="prefixTest[400]" classname="org.bitcoinj.utils.BtcFormatTest" time="0.001"/>
  <testcase name="suffixTest[400]" classname="org.bitcoinj.utils.BtcFormatTest" time="0.0">
    <skipped/>
  </testcase>
  <testcase name="autoDecimalTest[400]" classname="org.bitcoinj.utils.BtcFormatTest" time="0.001"/>
  <testcase name="symbolCollisionTest[400]" classname="org.bitcoinj.utils.BtcFormatTest" time="0.001"/>
  <testcase name="equalityTest[400]" classname="org.bitcoinj.utils.BtcFormatTest" time="0.002"/>
  <testcase name="columnAlignmentTest[400]" classname="org.bitcoinj.utils.BtcFormatTest" time="0.0"/>
  <testcase name="factoryTest[400]" classname="org.bitcoinj.utils.BtcFormatTest" time="0.0"/>
  <testcase name="parse[400]" classname="org.bitcoinj.utils.BtcFormatTest" time="0.001"/>
  <testcase name="btcRounding[400]" classname="org.bitcoinj.utils.BtcFormatTest" time="0.001"/>
  <testcase name="negativeTest[400]" classname="org.bitcoinj.utils.BtcFormatTest" time="0.0">
    <skipped/>
  </testcase>
  <testcase name="millicoinScaleTest[400]" classname="org.bitcoinj.utils.BtcFormatTest" time="0.0"/>
  <testcase name="toStringTest[400]" classname="org.bitcoinj.utils.BtcFormatTest" time="0.0">
    <skipped/>
  </testcase>
  <testcase name="testGrouping[400]" classname="org.bitcoinj.utils.BtcFormatTest" time="0.0"/>
  <testcase name="symbolsCodesTest[400]" classname="org.bitcoinj.utils.BtcFormatTest" time="0.001"/>
  <testcase name="defaultLocaleTest[400]" classname="org.bitcoinj.utils.BtcFormatTest" time="0.0"/>
  <testcase name="parsePositionTest[400]" classname="org.bitcoinj.utils.BtcFormatTest" time="0.0"/>
  <testcase name="argumentTypeTest[400]" classname="org.bitcoinj.utils.BtcFormatTest" time="0.0">
    <skipped/>
  </testcase>
  <testcase name="characterIteratorTest[400]" classname="org.bitcoinj.utils.BtcFormatTest" time="0.0"/>
  <testcase name="repeatingPlaceTest[400]" classname="org.bitcoinj.utils.BtcFormatTest" time="0.0"/>
  <testcase name="currencyCodeTest[400]" classname="org.bitcoinj.utils.BtcFormatTest" time="0.0">
    <skipped/>
  </testcase>
  <testcase name="patternDecimalPlaces[400]" classname="org.bitcoinj.utils.BtcFormatTest" time="0.001"/>
  <testcase name="factoryArgumentsTest[401]" classname="org.bitcoinj.utils.BtcFormatTest" time="0.0"/>
  <testcase name="parseTest[401]" classname="org.bitcoinj.utils.BtcFormatTest" time="0.0">
    <skipped/>
  </testcase>
  <testcase name="microcoinScaleTest[401]" classname="org.bitcoinj.utils.BtcFormatTest" time="0.0"/>
  <testcase name="parseMetricTest[401]" classname="org.bitcoinj.utils.BtcFormatTest" time="0.001"/>
  <testcase name="coinScaleTest[401]" classname="org.bitcoinj.utils.BtcFormatTest" time="0.0"/>
  <testcase name="builderTest[401]" classname="org.bitcoinj.utils.BtcFormatTest" time="0.0">
    <skipped/>
  </testcase>
  <testcase name="attributeTest[401]" classname="org.bitcoinj.utils.BtcFormatTest" time="0.0">
    <skipped/>
  </testcase>
  <testcase name="prefixTest[401]" classname="org.bitcoinj.utils.BtcFormatTest" time="0.0"/>
  <testcase name="suffixTest[401]" classname="org.bitcoinj.utils.BtcFormatTest" time="0.0">
    <skipped/>
  </testcase>
  <testcase name="autoDecimalTest[401]" classname="org.bitcoinj.utils.BtcFormatTest" time="0.001"/>
  <testcase name="symbolCollisionTest[401]" classname="org.bitcoinj.utils.BtcFormatTest" time="0.002"/>
  <testcase name="equalityTest[401]" classname="org.bitcoinj.utils.BtcFormatTest" time="0.001"/>
  <testcase name="columnAlignmentTest[401]" classname="org.bitcoinj.utils.BtcFormatTest" time="0.0"/>
  <testcase name="factoryTest[401]" classname="org.bitcoinj.utils.BtcFormatTest" time="0.001"/>
  <testcase name="parse[401]" classname="org.bitcoinj.utils.BtcFormatTest" time="0.0"/>
  <testcase name="btcRounding[401]" classname="org.bitcoinj.utils.BtcFormatTest" time="0.001"/>
  <testcase name="negativeTest[401]" classname="org.bitcoinj.utils.BtcFormatTest" time="0.0">
    <skipped/>
  </testcase>
  <testcase name="millicoinScaleTest[401]" classname="org.bitcoinj.utils.BtcFormatTest" time="0.0"/>
  <testcase name="toStringTest[401]" classname="org.bitcoinj.utils.BtcFormatTest" time="0.0">
    <skipped/>
  </testcase>
  <testcase name="testGrouping[401]" classname="org.bitcoinj.utils.BtcFormatTest" time="0.0"/>
  <testcase name="symbolsCodesTest[401]" classname="org.bitcoinj.utils.BtcFormatTest" time="0.001"/>
  <testcase name="defaultLocaleTest[401]" classname="org.bitcoinj.utils.BtcFormatTest" time="0.0"/>
  <testcase name="parsePositionTest[401]" classname="org.bitcoinj.utils.BtcFormatTest" time="0.0"/>
  <testcase name="argumentTypeTest[401]" classname="org.bitcoinj.utils.BtcFormatTest" time="0.0">
    <skipped/>
  </testcase>
  <testcase name="characterIteratorTest[401]" classname="org.bitcoinj.utils.BtcFormatTest" time="0.001"/>
  <testcase name="repeatingPlaceTest[401]" classname="org.bitcoinj.utils.BtcFormatTest" time="0.0"/>
  <testcase name="currencyCodeTest[401]" classname="org.bitcoinj.utils.BtcFormatTest" time="0.0">
    <skipped/>
  </testcase>
  <testcase name="patternDecimalPlaces[401]" classname="org.bitcoinj.utils.BtcFormatTest" time="0.0"/>
  <testcase name="factoryArgumentsTest[402]" classname="org.bitcoinj.utils.BtcFormatTest" time="0.001"/>
  <testcase name="parseTest[402]" classname="org.bitcoinj.utils.BtcFormatTest" time="0.0">
    <skipped/>
  </testcase>
  <testcase name="microcoinScaleTest[402]" classname="org.bitcoinj.utils.BtcFormatTest" time="0.0"/>
  <testcase name="parseMetricTest[402]" classname="org.bitcoinj.utils.BtcFormatTest" time="0.001"/>
  <testcase name="coinScaleTest[402]" classname="org.bitcoinj.utils.BtcFormatTest" time="0.0"/>
  <testcase name="builderTest[402]" classname="org.bitcoinj.utils.BtcFormatTest" time="0.0">
    <skipped/>
  </testcase>
  <testcase name="attributeTest[402]" classname="org.bitcoinj.utils.BtcFormatTest" time="0.0">
    <skipped/>
  </testcase>
  <testcase name="prefixTest[402]" classname="org.bitcoinj.utils.BtcFormatTest" time="0.0"/>
  <testcase name="suffixTest[402]" classname="org.bitcoinj.utils.BtcFormatTest" time="0.0">
    <skipped/>
  </testcase>
  <testcase name="autoDecimalTest[402]" classname="org.bitcoinj.utils.BtcFormatTest" time="0.001"/>
  <testcase name="symbolCollisionTest[402]" classname="org.bitcoinj.utils.BtcFormatTest" time="0.002"/>
  <testcase name="equalityTest[402]" classname="org.bitcoinj.utils.BtcFormatTest" time="0.001"/>
  <testcase name="columnAlignmentTest[402]" classname="org.bitcoinj.utils.BtcFormatTest" time="0.0"/>
  <testcase name="factoryTest[402]" classname="org.bitcoinj.utils.BtcFormatTest" time="0.001"/>
  <testcase name="parse[402]" classname="org.bitcoinj.utils.BtcFormatTest" time="0.0"/>
  <testcase name="btcRounding[402]" classname="org.bitcoinj.utils.BtcFormatTest" time="0.001"/>
  <testcase name="negativeTest[402]" classname="org.bitcoinj.utils.BtcFormatTest" time="0.0">
    <skipped/>
  </testcase>
  <testcase name="millicoinScaleTest[402]" classname="org.bitcoinj.utils.BtcFormatTest" time="0.0"/>
  <testcase name="toStringTest[402]" classname="org.bitcoinj.utils.BtcFormatTest" time="0.0">
    <skipped/>
  </testcase>
  <testcase name="testGrouping[402]" classname="org.bitcoinj.utils.BtcFormatTest" time="0.0"/>
  <testcase name="symbolsCodesTest[402]" classname="org.bitcoinj.utils.BtcFormatTest" time="0.001"/>
  <testcase name="defaultLocaleTest[402]" classname="org.bitcoinj.utils.BtcFormatTest" time="0.0"/>
  <testcase name="parsePositionTest[402]" classname="org.bitcoinj.utils.BtcFormatTest" time="0.001"/>
  <testcase name="argumentTypeTest[402]" classname="org.bitcoinj.utils.BtcFormatTest" time="0.0">
    <skipped/>
  </testcase>
  <testcase name="characterIteratorTest[402]" classname="org.bitcoinj.utils.BtcFormatTest" time="0.0"/>
  <testcase name="repeatingPlaceTest[402]" classname="org.bitcoinj.utils.BtcFormatTest" time="0.0"/>
  <testcase name="currencyCodeTest[402]" classname="org.bitcoinj.utils.BtcFormatTest" time="0.0">
    <skipped/>
  </testcase>
  <testcase name="patternDecimalPlaces[402]" classname="org.bitcoinj.utils.BtcFormatTest" time="0.0"/>
  <testcase name="factoryArgumentsTest[403]" classname="org.bitcoinj.utils.BtcFormatTest" time="0.001"/>
  <testcase name="parseTest[403]" classname="org.bitcoinj.utils.BtcFormatTest" time="0.0">
    <skipped/>
  </testcase>
  <testcase name="microcoinScaleTest[403]" classname="org.bitcoinj.utils.BtcFormatTest" time="0.0"/>
  <testcase name="parseMetricTest[403]" classname="org.bitcoinj.utils.BtcFormatTest" time="0.008"/>
  <testcase name="coinScaleTest[403]" classname="org.bitcoinj.utils.BtcFormatTest" time="0.0"/>
  <testcase name="builderTest[403]" classname="org.bitcoinj.utils.BtcFormatTest" time="0.0">
    <skipped/>
  </testcase>
  <testcase name="attributeTest[403]" classname="org.bitcoinj.utils.BtcFormatTest" time="0.0">
    <skipped/>
  </testcase>
  <testcase name="prefixTest[403]" classname="org.bitcoinj.utils.BtcFormatTest" time="0.0"/>
  <testcase name="suffixTest[403]" classname="org.bitcoinj.utils.BtcFormatTest" time="0.0">
    <skipped/>
  </testcase>
  <testcase name="autoDecimalTest[403]" classname="org.bitcoinj.utils.BtcFormatTest" time="0.001"/>
  <testcase name="symbolCollisionTest[403]" classname="org.bitcoinj.utils.BtcFormatTest" time="0.002"/>
  <testcase name="equalityTest[403]" classname="org.bitcoinj.utils.BtcFormatTest" time="0.001"/>
  <testcase name="columnAlignmentTest[403]" classname="org.bitcoinj.utils.BtcFormatTest" time="0.0"/>
  <testcase name="factoryTest[403]" classname="org.bitcoinj.utils.BtcFormatTest" time="0.001"/>
  <testcase name="parse[403]" classname="org.bitcoinj.utils.BtcFormatTest" time="0.0"/>
  <testcase name="btcRounding[403]" classname="org.bitcoinj.utils.BtcFormatTest" time="0.001"/>
  <testcase name="negativeTest[403]" classname="org.bitcoinj.utils.BtcFormatTest" time="0.0">
    <skipped/>
  </testcase>
  <testcase name="millicoinScaleTest[403]" classname="org.bitcoinj.utils.BtcFormatTest" time="0.0"/>
  <testcase name="toStringTest[403]" classname="org.bitcoinj.utils.BtcFormatTest" time="0.0">
    <skipped/>
  </testcase>
  <testcase name="testGrouping[403]" classname="org.bitcoinj.utils.BtcFormatTest" time="0.001"/>
  <testcase name="symbolsCodesTest[403]" classname="org.bitcoinj.utils.BtcFormatTest" time="0.001"/>
  <testcase name="defaultLocaleTest[403]" classname="org.bitcoinj.utils.BtcFormatTest" time="0.0"/>
  <testcase name="parsePositionTest[403]" classname="org.bitcoinj.utils.BtcFormatTest" time="0.0"/>
  <testcase name="argumentTypeTest[403]" classname="org.bitcoinj.utils.BtcFormatTest" time="0.0">
    <skipped/>
  </testcase>
  <testcase name="characterIteratorTest[403]" classname="org.bitcoinj.utils.BtcFormatTest" time="0.001"/>
  <testcase name="repeatingPlaceTest[403]" classname="org.bitcoinj.utils.BtcFormatTest" time="0.0"/>
  <testcase name="currencyCodeTest[403]" classname="org.bitcoinj.utils.BtcFormatTest" time="0.0">
    <skipped/>
  </testcase>
  <testcase name="patternDecimalPlaces[403]" classname="org.bitcoinj.utils.BtcFormatTest" time="0.0"/>
  <testcase name="factoryArgumentsTest[404]" classname="org.bitcoinj.utils.BtcFormatTest" time="0.001"/>
  <testcase name="parseTest[404]" classname="org.bitcoinj.utils.BtcFormatTest" time="0.0">
    <skipped/>
  </testcase>
  <testcase name="microcoinScaleTest[404]" classname="org.bitcoinj.utils.BtcFormatTest" time="0.0"/>
  <testcase name="parseMetricTest[404]" classname="org.bitcoinj.utils.BtcFormatTest" time="0.001"/>
  <testcase name="coinScaleTest[404]" classname="org.bitcoinj.utils.BtcFormatTest" time="0.0"/>
  <testcase name="builderTest[404]" classname="org.bitcoinj.utils.BtcFormatTest" time="0.0">
    <skipped/>
  </testcase>
  <testcase name="attributeTest[404]" classname="org.bitcoinj.utils.BtcFormatTest" time="0.0">
    <skipped/>
  </testcase>
  <testcase name="prefixTest[404]" classname="org.bitcoinj.utils.BtcFormatTest" time="0.001"/>
  <testcase name="suffixTest[404]" classname="org.bitcoinj.utils.BtcFormatTest" time="0.0">
    <skipped/>
  </testcase>
  <testcase name="autoDecimalTest[404]" classname="org.bitcoinj.utils.BtcFormatTest" time="0.001"/>
  <testcase name="symbolCollisionTest[404]" classname="org.bitcoinj.utils.BtcFormatTest" time="0.002"/>
  <testcase name="equalityTest[404]" classname="org.bitcoinj.utils.BtcFormatTest" time="0.001"/>
  <testcase name="columnAlignmentTest[404]" classname="org.bitcoinj.utils.BtcFormatTest" time="0.0"/>
  <testcase name="factoryTest[404]" classname="org.bitcoinj.utils.BtcFormatTest" time="0.001"/>
  <testcase name="parse[404]" classname="org.bitcoinj.utils.BtcFormatTest" time="0.0"/>
  <testcase name="btcRounding[404]" classname="org.bitcoinj.utils.BtcFormatTest" time="0.002"/>
  <testcase name="negativeTest[404]" classname="org.bitcoinj.utils.BtcFormatTest" time="0.0">
    <skipped/>
  </testcase>
  <testcase name="millicoinScaleTest[404]" classname="org.bitcoinj.utils.BtcFormatTest" time="0.0"/>
  <testcase name="toStringTest[404]" classname="org.bitcoinj.utils.BtcFormatTest" time="0.0">
    <skipped/>
  </testcase>
  <testcase name="testGrouping[404]" classname="org.bitcoinj.utils.BtcFormatTest" time="0.0"/>
  <testcase name="symbolsCodesTest[404]" classname="org.bitcoinj.utils.BtcFormatTest" time="0.001"/>
  <testcase name="defaultLocaleTest[404]" classname="org.bitcoinj.utils.BtcFormatTest" time="0.001"/>
  <testcase name="parsePositionTest[404]" classname="org.bitcoinj.utils.BtcFormatTest" time="0.0"/>
  <testcase name="argumentTypeTest[404]" classname="org.bitcoinj.utils.BtcFormatTest" time="0.0">
    <skipped/>
  </testcase>
  <testcase name="characterIteratorTest[404]" classname="org.bitcoinj.utils.BtcFormatTest" time="0.0"/>
  <testcase name="repeatingPlaceTest[404]" classname="org.bitcoinj.utils.BtcFormatTest" time="0.001"/>
  <testcase name="currencyCodeTest[404]" classname="org.bitcoinj.utils.BtcFormatTest" time="0.0">
    <skipped/>
  </testcase>
  <testcase name="patternDecimalPlaces[404]" classname="org.bitcoinj.utils.BtcFormatTest" time="0.0"/>
  <testcase name="factoryArgumentsTest[405]" classname="org.bitcoinj.utils.BtcFormatTest" time="0.001"/>
  <testcase name="parseTest[405]" classname="org.bitcoinj.utils.BtcFormatTest" time="0.0">
    <skipped/>
  </testcase>
  <testcase name="microcoinScaleTest[405]" classname="org.bitcoinj.utils.BtcFormatTest" time="0.0"/>
  <testcase name="parseMetricTest[405]" classname="org.bitcoinj.utils.BtcFormatTest" time="0.001"/>
  <testcase name="coinScaleTest[405]" classname="org.bitcoinj.utils.BtcFormatTest" time="0.0"/>
  <testcase name="builderTest[405]" classname="org.bitcoinj.utils.BtcFormatTest" time="0.0">
    <skipped/>
  </testcase>
  <testcase name="attributeTest[405]" classname="org.bitcoinj.utils.BtcFormatTest" time="0.0">
    <skipped/>
  </testcase>
  <testcase name="prefixTest[405]" classname="org.bitcoinj.utils.BtcFormatTest" time="0.0"/>
  <testcase name="suffixTest[405]" classname="org.bitcoinj.utils.BtcFormatTest" time="0.0">
    <skipped/>
  </testcase>
  <testcase name="autoDecimalTest[405]" classname="org.bitcoinj.utils.BtcFormatTest" time="0.003"/>
  <testcase name="symbolCollisionTest[405]" classname="org.bitcoinj.utils.BtcFormatTest" time="0.002"/>
  <testcase name="equalityTest[405]" classname="org.bitcoinj.utils.BtcFormatTest" time="0.002"/>
  <testcase name="columnAlignmentTest[405]" classname="org.bitcoinj.utils.BtcFormatTest" time="0.0"/>
  <testcase name="factoryTest[405]" classname="org.bitcoinj.utils.BtcFormatTest" time="0.0"/>
  <testcase name="parse[405]" classname="org.bitcoinj.utils.BtcFormatTest" time="0.0"/>
  <testcase name="btcRounding[405]" classname="org.bitcoinj.utils.BtcFormatTest" time="0.001"/>
  <testcase name="negativeTest[405]" classname="org.bitcoinj.utils.BtcFormatTest" time="0.0">
    <skipped/>
  </testcase>
  <testcase name="millicoinScaleTest[405]" classname="org.bitcoinj.utils.BtcFormatTest" time="0.0"/>
  <testcase name="toStringTest[405]" classname="org.bitcoinj.utils.BtcFormatTest" time="0.0">
    <skipped/>
  </testcase>
  <testcase name="testGrouping[405]" classname="org.bitcoinj.utils.BtcFormatTest" time="0.0"/>
  <testcase name="symbolsCodesTest[405]" classname="org.bitcoinj.utils.BtcFormatTest" time="0.0"/>
  <testcase name="defaultLocaleTest[405]" classname="org.bitcoinj.utils.BtcFormatTest" time="0.001"/>
  <testcase name="parsePositionTest[405]" classname="org.bitcoinj.utils.BtcFormatTest" time="0.0"/>
  <testcase name="argumentTypeTest[405]" classname="org.bitcoinj.utils.BtcFormatTest" time="0.0">
    <skipped/>
  </testcase>
  <testcase name="characterIteratorTest[405]" classname="org.bitcoinj.utils.BtcFormatTest" time="0.0"/>
  <testcase name="repeatingPlaceTest[405]" classname="org.bitcoinj.utils.BtcFormatTest" time="0.0"/>
  <testcase name="currencyCodeTest[405]" classname="org.bitcoinj.utils.BtcFormatTest" time="0.0">
    <skipped/>
  </testcase>
  <testcase name="patternDecimalPlaces[405]" classname="org.bitcoinj.utils.BtcFormatTest" time="0.0"/>
  <testcase name="factoryArgumentsTest[406]" classname="org.bitcoinj.utils.BtcFormatTest" time="0.001"/>
  <testcase name="parseTest[406]" classname="org.bitcoinj.utils.BtcFormatTest" time="0.0">
    <skipped/>
  </testcase>
  <testcase name="microcoinScaleTest[406]" classname="org.bitcoinj.utils.BtcFormatTest" time="0.0"/>
  <testcase name="parseMetricTest[406]" classname="org.bitcoinj.utils.BtcFormatTest" time="0.002"/>
  <testcase name="coinScaleTest[406]" classname="org.bitcoinj.utils.BtcFormatTest" time="0.0"/>
  <testcase name="builderTest[406]" classname="org.bitcoinj.utils.BtcFormatTest" time="0.0">
    <skipped/>
  </testcase>
  <testcase name="attributeTest[406]" classname="org.bitcoinj.utils.BtcFormatTest" time="0.0">
    <skipped/>
  </testcase>
  <testcase name="prefixTest[406]" classname="org.bitcoinj.utils.BtcFormatTest" time="0.0"/>
  <testcase name="suffixTest[406]" classname="org.bitcoinj.utils.BtcFormatTest" time="0.0">
    <skipped/>
  </testcase>
  <testcase name="autoDecimalTest[406]" classname="org.bitcoinj.utils.BtcFormatTest" time="0.001"/>
  <testcase name="symbolCollisionTest[406]" classname="org.bitcoinj.utils.BtcFormatTest" time="0.002"/>
  <testcase name="equalityTest[406]" classname="org.bitcoinj.utils.BtcFormatTest" time="0.001"/>
  <testcase name="columnAlignmentTest[406]" classname="org.bitcoinj.utils.BtcFormatTest" time="0.001"/>
  <testcase name="factoryTest[406]" classname="org.bitcoinj.utils.BtcFormatTest" time="0.0"/>
  <testcase name="parse[406]" classname="org.bitcoinj.utils.BtcFormatTest" time="0.0"/>
  <testcase name="btcRounding[406]" classname="org.bitcoinj.utils.BtcFormatTest" time="0.001"/>
  <testcase name="negativeTest[406]" classname="org.bitcoinj.utils.BtcFormatTest" time="0.0">
    <skipped/>
  </testcase>
  <testcase name="millicoinScaleTest[406]" classname="org.bitcoinj.utils.BtcFormatTest" time="0.0"/>
  <testcase name="toStringTest[406]" classname="org.bitcoinj.utils.BtcFormatTest" time="0.0">
    <skipped/>
  </testcase>
  <testcase name="testGrouping[406]" classname="org.bitcoinj.utils.BtcFormatTest" time="0.001"/>
  <testcase name="symbolsCodesTest[406]" classname="org.bitcoinj.utils.BtcFormatTest" time="0.0"/>
  <testcase name="defaultLocaleTest[406]" classname="org.bitcoinj.utils.BtcFormatTest" time="0.0"/>
  <testcase name="parsePositionTest[406]" classname="org.bitcoinj.utils.BtcFormatTest" time="0.001"/>
  <testcase name="argumentTypeTest[406]" classname="org.bitcoinj.utils.BtcFormatTest" time="0.0">
    <skipped/>
  </testcase>
  <testcase name="characterIteratorTest[406]" classname="org.bitcoinj.utils.BtcFormatTest" time="0.0"/>
  <testcase name="repeatingPlaceTest[406]" classname="org.bitcoinj.utils.BtcFormatTest" time="0.0"/>
  <testcase name="currencyCodeTest[406]" classname="org.bitcoinj.utils.BtcFormatTest" time="0.0">
    <skipped/>
  </testcase>
  <testcase name="patternDecimalPlaces[406]" classname="org.bitcoinj.utils.BtcFormatTest" time="0.001"/>
  <testcase name="factoryArgumentsTest[407]" classname="org.bitcoinj.utils.BtcFormatTest" time="0.001"/>
  <testcase name="parseTest[407]" classname="org.bitcoinj.utils.BtcFormatTest" time="0.0">
    <skipped/>
  </testcase>
  <testcase name="microcoinScaleTest[407]" classname="org.bitcoinj.utils.BtcFormatTest" time="0.0"/>
  <testcase name="parseMetricTest[407]" classname="org.bitcoinj.utils.BtcFormatTest" time="0.001"/>
  <testcase name="coinScaleTest[407]" classname="org.bitcoinj.utils.BtcFormatTest" time="0.0"/>
  <testcase name="builderTest[407]" classname="org.bitcoinj.utils.BtcFormatTest" time="0.0">
    <skipped/>
  </testcase>
  <testcase name="attributeTest[407]" classname="org.bitcoinj.utils.BtcFormatTest" time="0.0">
    <skipped/>
  </testcase>
  <testcase name="prefixTest[407]" classname="org.bitcoinj.utils.BtcFormatTest" time="0.0"/>
  <testcase name="suffixTest[407]" classname="org.bitcoinj.utils.BtcFormatTest" time="0.0">
    <skipped/>
  </testcase>
  <testcase name="autoDecimalTest[407]" classname="org.bitcoinj.utils.BtcFormatTest" time="0.001"/>
  <testcase name="symbolCollisionTest[407]" classname="org.bitcoinj.utils.BtcFormatTest" time="0.001"/>
  <testcase name="equalityTest[407]" classname="org.bitcoinj.utils.BtcFormatTest" time="0.006"/>
  <testcase name="columnAlignmentTest[407]" classname="org.bitcoinj.utils.BtcFormatTest" time="0.0"/>
  <testcase name="factoryTest[407]" classname="org.bitcoinj.utils.BtcFormatTest" time="0.0"/>
  <testcase name="parse[407]" classname="org.bitcoinj.utils.BtcFormatTest" time="0.0"/>
  <testcase name="btcRounding[407]" classname="org.bitcoinj.utils.BtcFormatTest" time="0.001"/>
  <testcase name="negativeTest[407]" classname="org.bitcoinj.utils.BtcFormatTest" time="0.0">
    <skipped/>
  </testcase>
  <testcase name="millicoinScaleTest[407]" classname="org.bitcoinj.utils.BtcFormatTest" time="0.0"/>
  <testcase name="toStringTest[407]" classname="org.bitcoinj.utils.BtcFormatTest" time="0.001">
    <skipped/>
  </testcase>
  <testcase name="testGrouping[407]" classname="org.bitcoinj.utils.BtcFormatTest" time="0.0"/>
  <testcase name="symbolsCodesTest[407]" classname="org.bitcoinj.utils.BtcFormatTest" time="0.0"/>
  <testcase name="defaultLocaleTest[407]" classname="org.bitcoinj.utils.BtcFormatTest" time="0.001"/>
  <testcase name="parsePositionTest[407]" classname="org.bitcoinj.utils.BtcFormatTest" time="0.0"/>
  <testcase name="argumentTypeTest[407]" classname="org.bitcoinj.utils.BtcFormatTest" time="0.0">
    <skipped/>
  </testcase>
  <testcase name="characterIteratorTest[407]" classname="org.bitcoinj.utils.BtcFormatTest" time="0.0"/>
  <testcase name="repeatingPlaceTest[407]" classname="org.bitcoinj.utils.BtcFormatTest" time="0.0"/>
  <testcase name="currencyCodeTest[407]" classname="org.bitcoinj.utils.BtcFormatTest" time="0.0">
    <skipped/>
  </testcase>
  <testcase name="patternDecimalPlaces[407]" classname="org.bitcoinj.utils.BtcFormatTest" time="0.0"/>
  <testcase name="factoryArgumentsTest[408]" classname="org.bitcoinj.utils.BtcFormatTest" time="0.001"/>
  <testcase name="parseTest[408]" classname="org.bitcoinj.utils.BtcFormatTest" time="0.0">
    <skipped/>
  </testcase>
  <testcase name="microcoinScaleTest[408]" classname="org.bitcoinj.utils.BtcFormatTest" time="0.0"/>
  <testcase name="parseMetricTest[408]" classname="org.bitcoinj.utils.BtcFormatTest" time="0.002"/>
  <testcase name="coinScaleTest[408]" classname="org.bitcoinj.utils.BtcFormatTest" time="0.0"/>
  <testcase name="builderTest[408]" classname="org.bitcoinj.utils.BtcFormatTest" time="0.0">
    <skipped/>
  </testcase>
  <testcase name="attributeTest[408]" classname="org.bitcoinj.utils.BtcFormatTest" time="0.0">
    <skipped/>
  </testcase>
  <testcase name="prefixTest[408]" classname="org.bitcoinj.utils.BtcFormatTest" time="0.0"/>
  <testcase name="suffixTest[408]" classname="org.bitcoinj.utils.BtcFormatTest" time="0.0">
    <skipped/>
  </testcase>
  <testcase name="autoDecimalTest[408]" classname="org.bitcoinj.utils.BtcFormatTest" time="0.001"/>
  <testcase name="symbolCollisionTest[408]" classname="org.bitcoinj.utils.BtcFormatTest" time="0.002"/>
  <testcase name="equalityTest[408]" classname="org.bitcoinj.utils.BtcFormatTest" time="0.001"/>
  <testcase name="columnAlignmentTest[408]" classname="org.bitcoinj.utils.BtcFormatTest" time="0.0"/>
  <testcase name="factoryTest[408]" classname="org.bitcoinj.utils.BtcFormatTest" time="0.001"/>
  <testcase name="parse[408]" classname="org.bitcoinj.utils.BtcFormatTest" time="0.0"/>
  <testcase name="btcRounding[408]" classname="org.bitcoinj.utils.BtcFormatTest" time="0.001"/>
  <testcase name="negativeTest[408]" classname="org.bitcoinj.utils.BtcFormatTest" time="0.0">
    <skipped/>
  </testcase>
  <testcase name="millicoinScaleTest[408]" classname="org.bitcoinj.utils.BtcFormatTest" time="0.0"/>
  <testcase name="toStringTest[408]" classname="org.bitcoinj.utils.BtcFormatTest" time="0.0">
    <skipped/>
  </testcase>
  <testcase name="testGrouping[408]" classname="org.bitcoinj.utils.BtcFormatTest" time="0.0"/>
  <testcase name="symbolsCodesTest[408]" classname="org.bitcoinj.utils.BtcFormatTest" time="0.001"/>
  <testcase name="defaultLocaleTest[408]" classname="org.bitcoinj.utils.BtcFormatTest" time="0.0"/>
  <testcase name="parsePositionTest[408]" classname="org.bitcoinj.utils.BtcFormatTest" time="0.0"/>
  <testcase name="argumentTypeTest[408]" classname="org.bitcoinj.utils.BtcFormatTest" time="0.0">
    <skipped/>
  </testcase>
  <testcase name="characterIteratorTest[408]" classname="org.bitcoinj.utils.BtcFormatTest" time="0.001"/>
  <testcase name="repeatingPlaceTest[408]" classname="org.bitcoinj.utils.BtcFormatTest" time="0.0"/>
  <testcase name="currencyCodeTest[408]" classname="org.bitcoinj.utils.BtcFormatTest" time="0.0">
    <skipped/>
  </testcase>
  <testcase name="patternDecimalPlaces[408]" classname="org.bitcoinj.utils.BtcFormatTest" time="0.0"/>
  <testcase name="factoryArgumentsTest[409]" classname="org.bitcoinj.utils.BtcFormatTest" time="0.001"/>
  <testcase name="parseTest[409]" classname="org.bitcoinj.utils.BtcFormatTest" time="0.0">
    <skipped/>
  </testcase>
  <testcase name="microcoinScaleTest[409]" classname="org.bitcoinj.utils.BtcFormatTest" time="0.0"/>
  <testcase name="parseMetricTest[409]" classname="org.bitcoinj.utils.BtcFormatTest" time="0.001"/>
  <testcase name="coinScaleTest[409]" classname="org.bitcoinj.utils.BtcFormatTest" time="0.0"/>
  <testcase name="builderTest[409]" classname="org.bitcoinj.utils.BtcFormatTest" time="0.0">
    <skipped/>
  </testcase>
  <testcase name="attributeTest[409]" classname="org.bitcoinj.utils.BtcFormatTest" time="0.0">
    <skipped/>
  </testcase>
  <testcase name="prefixTest[409]" classname="org.bitcoinj.utils.BtcFormatTest" time="0.0"/>
  <testcase name="suffixTest[409]" classname="org.bitcoinj.utils.BtcFormatTest" time="0.0">
    <skipped/>
  </testcase>
  <testcase name="autoDecimalTest[409]" classname="org.bitcoinj.utils.BtcFormatTest" time="0.001"/>
  <testcase name="symbolCollisionTest[409]" classname="org.bitcoinj.utils.BtcFormatTest" time="0.002"/>
  <testcase name="equalityTest[409]" classname="org.bitcoinj.utils.BtcFormatTest" time="0.002"/>
  <testcase name="columnAlignmentTest[409]" classname="org.bitcoinj.utils.BtcFormatTest" time="0.001"/>
  <testcase name="factoryTest[409]" classname="org.bitcoinj.utils.BtcFormatTest" time="0.0"/>
  <testcase name="parse[409]" classname="org.bitcoinj.utils.BtcFormatTest" time="0.0"/>
  <testcase name="btcRounding[409]" classname="org.bitcoinj.utils.BtcFormatTest" time="0.001"/>
  <testcase name="negativeTest[409]" classname="org.bitcoinj.utils.BtcFormatTest" time="0.0">
    <skipped/>
  </testcase>
  <testcase name="millicoinScaleTest[409]" classname="org.bitcoinj.utils.BtcFormatTest" time="0.0"/>
  <testcase name="toStringTest[409]" classname="org.bitcoinj.utils.BtcFormatTest" time="0.0">
    <skipped/>
  </testcase>
  <testcase name="testGrouping[409]" classname="org.bitcoinj.utils.BtcFormatTest" time="0.001"/>
  <testcase name="symbolsCodesTest[409]" classname="org.bitcoinj.utils.BtcFormatTest" time="0.0"/>
  <testcase name="defaultLocaleTest[409]" classname="org.bitcoinj.utils.BtcFormatTest" time="0.001"/>
  <testcase name="parsePositionTest[409]" classname="org.bitcoinj.utils.BtcFormatTest" time="0.0"/>
  <testcase name="argumentTypeTest[409]" classname="org.bitcoinj.utils.BtcFormatTest" time="0.0">
    <skipped/>
  </testcase>
  <testcase name="characterIteratorTest[409]" classname="org.bitcoinj.utils.BtcFormatTest" time="0.0"/>
  <testcase name="repeatingPlaceTest[409]" classname="org.bitcoinj.utils.BtcFormatTest" time="0.0"/>
  <testcase name="currencyCodeTest[409]" classname="org.bitcoinj.utils.BtcFormatTest" time="0.0">
    <skipped/>
  </testcase>
  <testcase name="patternDecimalPlaces[409]" classname="org.bitcoinj.utils.BtcFormatTest" time="0.001"/>
  <testcase name="factoryArgumentsTest[410]" classname="org.bitcoinj.utils.BtcFormatTest" time="0.0"/>
  <testcase name="parseTest[410]" classname="org.bitcoinj.utils.BtcFormatTest" time="0.0">
    <skipped/>
  </testcase>
  <testcase name="microcoinScaleTest[410]" classname="org.bitcoinj.utils.BtcFormatTest" time="0.001"/>
  <testcase name="parseMetricTest[410]" classname="org.bitcoinj.utils.BtcFormatTest" time="0.001"/>
  <testcase name="coinScaleTest[410]" classname="org.bitcoinj.utils.BtcFormatTest" time="0.0"/>
  <testcase name="builderTest[410]" classname="org.bitcoinj.utils.BtcFormatTest" time="0.0">
    <skipped/>
  </testcase>
  <testcase name="attributeTest[410]" classname="org.bitcoinj.utils.BtcFormatTest" time="0.0">
    <skipped/>
  </testcase>
  <testcase name="prefixTest[410]" classname="org.bitcoinj.utils.BtcFormatTest" time="0.0"/>
  <testcase name="suffixTest[410]" classname="org.bitcoinj.utils.BtcFormatTest" time="0.0">
    <skipped/>
  </testcase>
  <testcase name="autoDecimalTest[410]" classname="org.bitcoinj.utils.BtcFormatTest" time="0.001"/>
  <testcase name="symbolCollisionTest[410]" classname="org.bitcoinj.utils.BtcFormatTest" time="0.001"/>
  <testcase name="equalityTest[410]" classname="org.bitcoinj.utils.BtcFormatTest" time="0.001"/>
  <testcase name="columnAlignmentTest[410]" classname="org.bitcoinj.utils.BtcFormatTest" time="0.001"/>
  <testcase name="factoryTest[410]" classname="org.bitcoinj.utils.BtcFormatTest" time="0.0"/>
  <testcase name="parse[410]" classname="org.bitcoinj.utils.BtcFormatTest" time="0.0"/>
  <testcase name="btcRounding[410]" classname="org.bitcoinj.utils.BtcFormatTest" time="0.001"/>
  <testcase name="negativeTest[410]" classname="org.bitcoinj.utils.BtcFormatTest" time="0.0">
    <skipped/>
  </testcase>
  <testcase name="millicoinScaleTest[410]" classname="org.bitcoinj.utils.BtcFormatTest" time="0.0"/>
  <testcase name="toStringTest[410]" classname="org.bitcoinj.utils.BtcFormatTest" time="0.0">
    <skipped/>
  </testcase>
  <testcase name="testGrouping[410]" classname="org.bitcoinj.utils.BtcFormatTest" time="0.0"/>
  <testcase name="symbolsCodesTest[410]" classname="org.bitcoinj.utils.BtcFormatTest" time="0.001"/>
  <testcase name="defaultLocaleTest[410]" classname="org.bitcoinj.utils.BtcFormatTest" time="0.0"/>
  <testcase name="parsePositionTest[410]" classname="org.bitcoinj.utils.BtcFormatTest" time="0.0"/>
  <testcase name="argumentTypeTest[410]" classname="org.bitcoinj.utils.BtcFormatTest" time="0.0">
    <skipped/>
  </testcase>
  <testcase name="characterIteratorTest[410]" classname="org.bitcoinj.utils.BtcFormatTest" time="0.001"/>
  <testcase name="repeatingPlaceTest[410]" classname="org.bitcoinj.utils.BtcFormatTest" time="0.0"/>
  <testcase name="currencyCodeTest[410]" classname="org.bitcoinj.utils.BtcFormatTest" time="0.0">
    <skipped/>
  </testcase>
  <testcase name="patternDecimalPlaces[410]" classname="org.bitcoinj.utils.BtcFormatTest" time="0.0"/>
  <testcase name="factoryArgumentsTest[411]" classname="org.bitcoinj.utils.BtcFormatTest" time="0.001"/>
  <testcase name="parseTest[411]" classname="org.bitcoinj.utils.BtcFormatTest" time="0.0">
    <skipped/>
  </testcase>
  <testcase name="microcoinScaleTest[411]" classname="org.bitcoinj.utils.BtcFormatTest" time="0.0"/>
  <testcase name="parseMetricTest[411]" classname="org.bitcoinj.utils.BtcFormatTest" time="0.001"/>
  <testcase name="coinScaleTest[411]" classname="org.bitcoinj.utils.BtcFormatTest" time="0.0"/>
  <testcase name="builderTest[411]" classname="org.bitcoinj.utils.BtcFormatTest" time="0.0">
    <skipped/>
  </testcase>
  <testcase name="attributeTest[411]" classname="org.bitcoinj.utils.BtcFormatTest" time="0.0">
    <skipped/>
  </testcase>
  <testcase name="prefixTest[411]" classname="org.bitcoinj.utils.BtcFormatTest" time="0.001"/>
  <testcase name="suffixTest[411]" classname="org.bitcoinj.utils.BtcFormatTest" time="0.0">
    <skipped/>
  </testcase>
  <testcase name="autoDecimalTest[411]" classname="org.bitcoinj.utils.BtcFormatTest" time="0.0"/>
  <testcase name="symbolCollisionTest[411]" classname="org.bitcoinj.utils.BtcFormatTest" time="0.002"/>
  <testcase name="equalityTest[411]" classname="org.bitcoinj.utils.BtcFormatTest" time="0.001"/>
  <testcase name="columnAlignmentTest[411]" classname="org.bitcoinj.utils.BtcFormatTest" time="0.001"/>
  <testcase name="factoryTest[411]" classname="org.bitcoinj.utils.BtcFormatTest" time="0.0"/>
  <testcase name="parse[411]" classname="org.bitcoinj.utils.BtcFormatTest" time="0.0"/>
  <testcase name="btcRounding[411]" classname="org.bitcoinj.utils.BtcFormatTest" time="0.002"/>
  <testcase name="negativeTest[411]" classname="org.bitcoinj.utils.BtcFormatTest" time="0.0">
    <skipped/>
  </testcase>
  <testcase name="millicoinScaleTest[411]" classname="org.bitcoinj.utils.BtcFormatTest" time="0.0"/>
  <testcase name="toStringTest[411]" classname="org.bitcoinj.utils.BtcFormatTest" time="0.0">
    <skipped/>
  </testcase>
  <testcase name="testGrouping[411]" classname="org.bitcoinj.utils.BtcFormatTest" time="0.0"/>
  <testcase name="symbolsCodesTest[411]" classname="org.bitcoinj.utils.BtcFormatTest" time="0.001"/>
  <testcase name="defaultLocaleTest[411]" classname="org.bitcoinj.utils.BtcFormatTest" time="0.0"/>
  <testcase name="parsePositionTest[411]" classname="org.bitcoinj.utils.BtcFormatTest" time="0.0"/>
  <testcase name="argumentTypeTest[411]" classname="org.bitcoinj.utils.BtcFormatTest" time="0.0">
    <skipped/>
  </testcase>
  <testcase name="characterIteratorTest[411]" classname="org.bitcoinj.utils.BtcFormatTest" time="0.001"/>
  <testcase name="repeatingPlaceTest[411]" classname="org.bitcoinj.utils.BtcFormatTest" time="0.0"/>
  <testcase name="currencyCodeTest[411]" classname="org.bitcoinj.utils.BtcFormatTest" time="0.0">
    <skipped/>
  </testcase>
  <testcase name="patternDecimalPlaces[411]" classname="org.bitcoinj.utils.BtcFormatTest" time="0.0"/>
  <testcase name="factoryArgumentsTest[412]" classname="org.bitcoinj.utils.BtcFormatTest" time="0.001"/>
  <testcase name="parseTest[412]" classname="org.bitcoinj.utils.BtcFormatTest" time="0.0">
    <skipped/>
  </testcase>
  <testcase name="microcoinScaleTest[412]" classname="org.bitcoinj.utils.BtcFormatTest" time="0.0"/>
  <testcase name="parseMetricTest[412]" classname="org.bitcoinj.utils.BtcFormatTest" time="0.001"/>
  <testcase name="coinScaleTest[412]" classname="org.bitcoinj.utils.BtcFormatTest" time="0.0"/>
  <testcase name="builderTest[412]" classname="org.bitcoinj.utils.BtcFormatTest" time="0.0">
    <skipped/>
  </testcase>
  <testcase name="attributeTest[412]" classname="org.bitcoinj.utils.BtcFormatTest" time="0.0">
    <skipped/>
  </testcase>
  <testcase name="prefixTest[412]" classname="org.bitcoinj.utils.BtcFormatTest" time="0.0"/>
  <testcase name="suffixTest[412]" classname="org.bitcoinj.utils.BtcFormatTest" time="0.0">
    <skipped/>
  </testcase>
  <testcase name="autoDecimalTest[412]" classname="org.bitcoinj.utils.BtcFormatTest" time="0.001"/>
  <testcase name="symbolCollisionTest[412]" classname="org.bitcoinj.utils.BtcFormatTest" time="0.003"/>
  <testcase name="equalityTest[412]" classname="org.bitcoinj.utils.BtcFormatTest" time="0.001"/>
  <testcase name="columnAlignmentTest[412]" classname="org.bitcoinj.utils.BtcFormatTest" time="0.0"/>
  <testcase name="factoryTest[412]" classname="org.bitcoinj.utils.BtcFormatTest" time="0.0"/>
  <testcase name="parse[412]" classname="org.bitcoinj.utils.BtcFormatTest" time="0.001"/>
  <testcase name="btcRounding[412]" classname="org.bitcoinj.utils.BtcFormatTest" time="0.003"/>
  <testcase name="negativeTest[412]" classname="org.bitcoinj.utils.BtcFormatTest" time="0.0">
    <skipped/>
  </testcase>
  <testcase name="millicoinScaleTest[412]" classname="org.bitcoinj.utils.BtcFormatTest" time="0.0"/>
  <testcase name="toStringTest[412]" classname="org.bitcoinj.utils.BtcFormatTest" time="0.0">
    <skipped/>
  </testcase>
  <testcase name="testGrouping[412]" classname="org.bitcoinj.utils.BtcFormatTest" time="0.0"/>
  <testcase name="symbolsCodesTest[412]" classname="org.bitcoinj.utils.BtcFormatTest" time="0.001"/>
  <testcase name="defaultLocaleTest[412]" classname="org.bitcoinj.utils.BtcFormatTest" time="0.0"/>
  <testcase name="parsePositionTest[412]" classname="org.bitcoinj.utils.BtcFormatTest" time="0.0"/>
  <testcase name="argumentTypeTest[412]" classname="org.bitcoinj.utils.BtcFormatTest" time="0.0">
    <skipped/>
  </testcase>
  <testcase name="characterIteratorTest[412]" classname="org.bitcoinj.utils.BtcFormatTest" time="0.001"/>
  <testcase name="repeatingPlaceTest[412]" classname="org.bitcoinj.utils.BtcFormatTest" time="0.0"/>
  <testcase name="currencyCodeTest[412]" classname="org.bitcoinj.utils.BtcFormatTest" time="0.0">
    <skipped/>
  </testcase>
  <testcase name="patternDecimalPlaces[412]" classname="org.bitcoinj.utils.BtcFormatTest" time="0.0"/>
  <testcase name="factoryArgumentsTest[413]" classname="org.bitcoinj.utils.BtcFormatTest" time="0.001"/>
  <testcase name="parseTest[413]" classname="org.bitcoinj.utils.BtcFormatTest" time="0.0">
    <skipped/>
  </testcase>
  <testcase name="microcoinScaleTest[413]" classname="org.bitcoinj.utils.BtcFormatTest" time="0.0"/>
  <testcase name="parseMetricTest[413]" classname="org.bitcoinj.utils.BtcFormatTest" time="0.001"/>
  <testcase name="coinScaleTest[413]" classname="org.bitcoinj.utils.BtcFormatTest" time="0.0"/>
  <testcase name="builderTest[413]" classname="org.bitcoinj.utils.BtcFormatTest" time="0.0">
    <skipped/>
  </testcase>
  <testcase name="attributeTest[413]" classname="org.bitcoinj.utils.BtcFormatTest" time="0.0">
    <skipped/>
  </testcase>
  <testcase name="prefixTest[413]" classname="org.bitcoinj.utils.BtcFormatTest" time="0.001"/>
  <testcase name="suffixTest[413]" classname="org.bitcoinj.utils.BtcFormatTest" time="0.0">
    <skipped/>
  </testcase>
  <testcase name="autoDecimalTest[413]" classname="org.bitcoinj.utils.BtcFormatTest" time="0.001"/>
  <testcase name="symbolCollisionTest[413]" classname="org.bitcoinj.utils.BtcFormatTest" time="0.001"/>
  <testcase name="equalityTest[413]" classname="org.bitcoinj.utils.BtcFormatTest" time="0.002"/>
  <testcase name="columnAlignmentTest[413]" classname="org.bitcoinj.utils.BtcFormatTest" time="0.0"/>
  <testcase name="factoryTest[413]" classname="org.bitcoinj.utils.BtcFormatTest" time="0.0"/>
  <testcase name="parse[413]" classname="org.bitcoinj.utils.BtcFormatTest" time="0.0"/>
  <testcase name="btcRounding[413]" classname="org.bitcoinj.utils.BtcFormatTest" time="0.002"/>
  <testcase name="negativeTest[413]" classname="org.bitcoinj.utils.BtcFormatTest" time="0.0">
    <skipped/>
  </testcase>
  <testcase name="millicoinScaleTest[413]" classname="org.bitcoinj.utils.BtcFormatTest" time="0.0"/>
  <testcase name="toStringTest[413]" classname="org.bitcoinj.utils.BtcFormatTest" time="0.0">
    <skipped/>
  </testcase>
  <testcase name="testGrouping[413]" classname="org.bitcoinj.utils.BtcFormatTest" time="0.0"/>
  <testcase name="symbolsCodesTest[413]" classname="org.bitcoinj.utils.BtcFormatTest" time="0.0"/>
  <testcase name="defaultLocaleTest[413]" classname="org.bitcoinj.utils.BtcFormatTest" time="0.001"/>
  <testcase name="parsePositionTest[413]" classname="org.bitcoinj.utils.BtcFormatTest" time="0.0"/>
  <testcase name="argumentTypeTest[413]" classname="org.bitcoinj.utils.BtcFormatTest" time="0.0">
    <skipped/>
  </testcase>
  <testcase name="characterIteratorTest[413]" classname="org.bitcoinj.utils.BtcFormatTest" time="0.0"/>
  <testcase name="repeatingPlaceTest[413]" classname="org.bitcoinj.utils.BtcFormatTest" time="0.0"/>
  <testcase name="currencyCodeTest[413]" classname="org.bitcoinj.utils.BtcFormatTest" time="0.0">
    <skipped/>
  </testcase>
  <testcase name="patternDecimalPlaces[413]" classname="org.bitcoinj.utils.BtcFormatTest" time="0.0"/>
  <testcase name="factoryArgumentsTest[414]" classname="org.bitcoinj.utils.BtcFormatTest" time="0.0"/>
  <testcase name="parseTest[414]" classname="org.bitcoinj.utils.BtcFormatTest" time="0.0">
    <skipped/>
  </testcase>
  <testcase name="microcoinScaleTest[414]" classname="org.bitcoinj.utils.BtcFormatTest" time="0.001"/>
  <testcase name="parseMetricTest[414]" classname="org.bitcoinj.utils.BtcFormatTest" time="0.001"/>
  <testcase name="coinScaleTest[414]" classname="org.bitcoinj.utils.BtcFormatTest" time="0.0"/>
  <testcase name="builderTest[414]" classname="org.bitcoinj.utils.BtcFormatTest" time="0.0">
    <skipped/>
  </testcase>
  <testcase name="attributeTest[414]" classname="org.bitcoinj.utils.BtcFormatTest" time="0.0">
    <skipped/>
  </testcase>
  <testcase name="prefixTest[414]" classname="org.bitcoinj.utils.BtcFormatTest" time="0.0"/>
  <testcase name="suffixTest[414]" classname="org.bitcoinj.utils.BtcFormatTest" time="0.0">
    <skipped/>
  </testcase>
  <testcase name="autoDecimalTest[414]" classname="org.bitcoinj.utils.BtcFormatTest" time="0.001"/>
  <testcase name="symbolCollisionTest[414]" classname="org.bitcoinj.utils.BtcFormatTest" time="0.002"/>
  <testcase name="equalityTest[414]" classname="org.bitcoinj.utils.BtcFormatTest" time="0.001"/>
  <testcase name="columnAlignmentTest[414]" classname="org.bitcoinj.utils.BtcFormatTest" time="0.0"/>
  <testcase name="factoryTest[414]" classname="org.bitcoinj.utils.BtcFormatTest" time="0.0"/>
  <testcase name="parse[414]" classname="org.bitcoinj.utils.BtcFormatTest" time="0.0"/>
  <testcase name="btcRounding[414]" classname="org.bitcoinj.utils.BtcFormatTest" time="0.001"/>
  <testcase name="negativeTest[414]" classname="org.bitcoinj.utils.BtcFormatTest" time="0.0">
    <skipped/>
  </testcase>
  <testcase name="millicoinScaleTest[414]" classname="org.bitcoinj.utils.BtcFormatTest" time="0.0"/>
  <testcase name="toStringTest[414]" classname="org.bitcoinj.utils.BtcFormatTest" time="0.0">
    <skipped/>
  </testcase>
  <testcase name="testGrouping[414]" classname="org.bitcoinj.utils.BtcFormatTest" time="0.001"/>
  <testcase name="symbolsCodesTest[414]" classname="org.bitcoinj.utils.BtcFormatTest" time="0.0"/>
  <testcase name="defaultLocaleTest[414]" classname="org.bitcoinj.utils.BtcFormatTest" time="0.0"/>
  <testcase name="parsePositionTest[414]" classname="org.bitcoinj.utils.BtcFormatTest" time="0.001"/>
  <testcase name="argumentTypeTest[414]" classname="org.bitcoinj.utils.BtcFormatTest" time="0.0">
    <skipped/>
  </testcase>
  <testcase name="characterIteratorTest[414]" classname="org.bitcoinj.utils.BtcFormatTest" time="0.0"/>
  <testcase name="repeatingPlaceTest[414]" classname="org.bitcoinj.utils.BtcFormatTest" time="0.0"/>
  <testcase name="currencyCodeTest[414]" classname="org.bitcoinj.utils.BtcFormatTest" time="0.0">
    <skipped/>
  </testcase>
  <testcase name="patternDecimalPlaces[414]" classname="org.bitcoinj.utils.BtcFormatTest" time="0.0"/>
  <testcase name="factoryArgumentsTest[415]" classname="org.bitcoinj.utils.BtcFormatTest" time="0.002"/>
  <testcase name="parseTest[415]" classname="org.bitcoinj.utils.BtcFormatTest" time="0.0">
    <skipped/>
  </testcase>
  <testcase name="microcoinScaleTest[415]" classname="org.bitcoinj.utils.BtcFormatTest" time="0.0"/>
  <testcase name="parseMetricTest[415]" classname="org.bitcoinj.utils.BtcFormatTest" time="0.001"/>
  <testcase name="coinScaleTest[415]" classname="org.bitcoinj.utils.BtcFormatTest" time="0.001"/>
  <testcase name="builderTest[415]" classname="org.bitcoinj.utils.BtcFormatTest" time="0.0">
    <skipped/>
  </testcase>
  <testcase name="attributeTest[415]" classname="org.bitcoinj.utils.BtcFormatTest" time="0.0">
    <skipped/>
  </testcase>
  <testcase name="prefixTest[415]" classname="org.bitcoinj.utils.BtcFormatTest" time="0.0"/>
  <testcase name="suffixTest[415]" classname="org.bitcoinj.utils.BtcFormatTest" time="0.0">
    <skipped/>
  </testcase>
  <testcase name="autoDecimalTest[415]" classname="org.bitcoinj.utils.BtcFormatTest" time="0.002"/>
  <testcase name="symbolCollisionTest[415]" classname="org.bitcoinj.utils.BtcFormatTest" time="0.003"/>
  <testcase name="equalityTest[415]" classname="org.bitcoinj.utils.BtcFormatTest" time="0.002"/>
  <testcase name="columnAlignmentTest[415]" classname="org.bitcoinj.utils.BtcFormatTest" time="0.0"/>
  <testcase name="factoryTest[415]" classname="org.bitcoinj.utils.BtcFormatTest" time="0.001"/>
  <testcase name="parse[415]" classname="org.bitcoinj.utils.BtcFormatTest" time="0.0"/>
  <testcase name="btcRounding[415]" classname="org.bitcoinj.utils.BtcFormatTest" time="0.001"/>
  <testcase name="negativeTest[415]" classname="org.bitcoinj.utils.BtcFormatTest" time="0.0">
    <skipped/>
  </testcase>
  <testcase name="millicoinScaleTest[415]" classname="org.bitcoinj.utils.BtcFormatTest" time="0.0"/>
  <testcase name="toStringTest[415]" classname="org.bitcoinj.utils.BtcFormatTest" time="0.0">
    <skipped/>
  </testcase>
  <testcase name="testGrouping[415]" classname="org.bitcoinj.utils.BtcFormatTest" time="0.0"/>
  <testcase name="symbolsCodesTest[415]" classname="org.bitcoinj.utils.BtcFormatTest" time="0.001"/>
  <testcase name="defaultLocaleTest[415]" classname="org.bitcoinj.utils.BtcFormatTest" time="0.0"/>
  <testcase name="parsePositionTest[415]" classname="org.bitcoinj.utils.BtcFormatTest" time="0.0"/>
  <testcase name="argumentTypeTest[415]" classname="org.bitcoinj.utils.BtcFormatTest" time="0.0">
    <skipped/>
  </testcase>
  <testcase name="characterIteratorTest[415]" classname="org.bitcoinj.utils.BtcFormatTest" time="0.0"/>
  <testcase name="repeatingPlaceTest[415]" classname="org.bitcoinj.utils.BtcFormatTest" time="0.001"/>
  <testcase name="currencyCodeTest[415]" classname="org.bitcoinj.utils.BtcFormatTest" time="0.0">
    <skipped/>
  </testcase>
  <testcase name="patternDecimalPlaces[415]" classname="org.bitcoinj.utils.BtcFormatTest" time="0.0"/>
  <testcase name="factoryArgumentsTest[416]" classname="org.bitcoinj.utils.BtcFormatTest" time="0.001"/>
  <testcase name="parseTest[416]" classname="org.bitcoinj.utils.BtcFormatTest" time="0.0">
    <skipped/>
  </testcase>
  <testcase name="microcoinScaleTest[416]" classname="org.bitcoinj.utils.BtcFormatTest" time="0.0"/>
  <testcase name="parseMetricTest[416]" classname="org.bitcoinj.utils.BtcFormatTest" time="0.001"/>
  <testcase name="coinScaleTest[416]" classname="org.bitcoinj.utils.BtcFormatTest" time="0.0"/>
  <testcase name="builderTest[416]" classname="org.bitcoinj.utils.BtcFormatTest" time="0.0">
    <skipped/>
  </testcase>
  <testcase name="attributeTest[416]" classname="org.bitcoinj.utils.BtcFormatTest" time="0.0">
    <skipped/>
  </testcase>
  <testcase name="prefixTest[416]" classname="org.bitcoinj.utils.BtcFormatTest" time="0.0"/>
  <testcase name="suffixTest[416]" classname="org.bitcoinj.utils.BtcFormatTest" time="0.0">
    <skipped/>
  </testcase>
  <testcase name="autoDecimalTest[416]" classname="org.bitcoinj.utils.BtcFormatTest" time="0.001"/>
  <testcase name="symbolCollisionTest[416]" classname="org.bitcoinj.utils.BtcFormatTest" time="0.001"/>
  <testcase name="equalityTest[416]" classname="org.bitcoinj.utils.BtcFormatTest" time="0.002"/>
  <testcase name="columnAlignmentTest[416]" classname="org.bitcoinj.utils.BtcFormatTest" time="0.0"/>
  <testcase name="factoryTest[416]" classname="org.bitcoinj.utils.BtcFormatTest" time="0.0"/>
  <testcase name="parse[416]" classname="org.bitcoinj.utils.BtcFormatTest" time="0.001"/>
  <testcase name="btcRounding[416]" classname="org.bitcoinj.utils.BtcFormatTest" time="0.001"/>
  <testcase name="negativeTest[416]" classname="org.bitcoinj.utils.BtcFormatTest" time="0.0">
    <skipped/>
  </testcase>
  <testcase name="millicoinScaleTest[416]" classname="org.bitcoinj.utils.BtcFormatTest" time="0.0"/>
  <testcase name="toStringTest[416]" classname="org.bitcoinj.utils.BtcFormatTest" time="0.0">
    <skipped/>
  </testcase>
  <testcase name="testGrouping[416]" classname="org.bitcoinj.utils.BtcFormatTest" time="0.0"/>
  <testcase name="symbolsCodesTest[416]" classname="org.bitcoinj.utils.BtcFormatTest" time="0.001"/>
  <testcase name="defaultLocaleTest[416]" classname="org.bitcoinj.utils.BtcFormatTest" time="0.0"/>
  <testcase name="parsePositionTest[416]" classname="org.bitcoinj.utils.BtcFormatTest" time="0.0"/>
  <testcase name="argumentTypeTest[416]" classname="org.bitcoinj.utils.BtcFormatTest" time="0.0">
    <skipped/>
  </testcase>
  <testcase name="characterIteratorTest[416]" classname="org.bitcoinj.utils.BtcFormatTest" time="0.001"/>
  <testcase name="repeatingPlaceTest[416]" classname="org.bitcoinj.utils.BtcFormatTest" time="0.0"/>
  <testcase name="currencyCodeTest[416]" classname="org.bitcoinj.utils.BtcFormatTest" time="0.0">
    <skipped/>
  </testcase>
  <testcase name="patternDecimalPlaces[416]" classname="org.bitcoinj.utils.BtcFormatTest" time="0.0"/>
  <testcase name="factoryArgumentsTest[417]" classname="org.bitcoinj.utils.BtcFormatTest" time="0.001"/>
  <testcase name="parseTest[417]" classname="org.bitcoinj.utils.BtcFormatTest" time="0.0">
    <skipped/>
  </testcase>
  <testcase name="microcoinScaleTest[417]" classname="org.bitcoinj.utils.BtcFormatTest" time="0.0"/>
  <testcase name="parseMetricTest[417]" classname="org.bitcoinj.utils.BtcFormatTest" time="0.001"/>
  <testcase name="coinScaleTest[417]" classname="org.bitcoinj.utils.BtcFormatTest" time="0.0"/>
  <testcase name="builderTest[417]" classname="org.bitcoinj.utils.BtcFormatTest" time="0.0">
    <skipped/>
  </testcase>
  <testcase name="attributeTest[417]" classname="org.bitcoinj.utils.BtcFormatTest" time="0.0">
    <skipped/>
  </testcase>
  <testcase name="prefixTest[417]" classname="org.bitcoinj.utils.BtcFormatTest" time="0.0"/>
  <testcase name="suffixTest[417]" classname="org.bitcoinj.utils.BtcFormatTest" time="0.0">
    <skipped/>
  </testcase>
  <testcase name="autoDecimalTest[417]" classname="org.bitcoinj.utils.BtcFormatTest" time="0.001"/>
  <testcase name="symbolCollisionTest[417]" classname="org.bitcoinj.utils.BtcFormatTest" time="0.002"/>
  <testcase name="equalityTest[417]" classname="org.bitcoinj.utils.BtcFormatTest" time="0.001"/>
  <testcase name="columnAlignmentTest[417]" classname="org.bitcoinj.utils.BtcFormatTest" time="0.0"/>
  <testcase name="factoryTest[417]" classname="org.bitcoinj.utils.BtcFormatTest" time="0.001"/>
  <testcase name="parse[417]" classname="org.bitcoinj.utils.BtcFormatTest" time="0.0"/>
  <testcase name="btcRounding[417]" classname="org.bitcoinj.utils.BtcFormatTest" time="0.001"/>
  <testcase name="negativeTest[417]" classname="org.bitcoinj.utils.BtcFormatTest" time="0.0">
    <skipped/>
  </testcase>
  <testcase name="millicoinScaleTest[417]" classname="org.bitcoinj.utils.BtcFormatTest" time="0.0"/>
  <testcase name="toStringTest[417]" classname="org.bitcoinj.utils.BtcFormatTest" time="0.0">
    <skipped/>
  </testcase>
  <testcase name="testGrouping[417]" classname="org.bitcoinj.utils.BtcFormatTest" time="0.0"/>
  <testcase name="symbolsCodesTest[417]" classname="org.bitcoinj.utils.BtcFormatTest" time="0.001"/>
  <testcase name="defaultLocaleTest[417]" classname="org.bitcoinj.utils.BtcFormatTest" time="0.0"/>
  <testcase name="parsePositionTest[417]" classname="org.bitcoinj.utils.BtcFormatTest" time="0.0"/>
  <testcase name="argumentTypeTest[417]" classname="org.bitcoinj.utils.BtcFormatTest" time="0.0">
    <skipped/>
  </testcase>
  <testcase name="characterIteratorTest[417]" classname="org.bitcoinj.utils.BtcFormatTest" time="0.001"/>
  <testcase name="repeatingPlaceTest[417]" classname="org.bitcoinj.utils.BtcFormatTest" time="0.0"/>
  <testcase name="currencyCodeTest[417]" classname="org.bitcoinj.utils.BtcFormatTest" time="0.0">
    <skipped/>
  </testcase>
  <testcase name="patternDecimalPlaces[417]" classname="org.bitcoinj.utils.BtcFormatTest" time="0.0"/>
  <testcase name="factoryArgumentsTest[418]" classname="org.bitcoinj.utils.BtcFormatTest" time="0.002"/>
  <testcase name="parseTest[418]" classname="org.bitcoinj.utils.BtcFormatTest" time="0.0">
    <skipped/>
  </testcase>
  <testcase name="microcoinScaleTest[418]" classname="org.bitcoinj.utils.BtcFormatTest" time="0.0"/>
  <testcase name="parseMetricTest[418]" classname="org.bitcoinj.utils.BtcFormatTest" time="0.001"/>
  <testcase name="coinScaleTest[418]" classname="org.bitcoinj.utils.BtcFormatTest" time="0.0"/>
  <testcase name="builderTest[418]" classname="org.bitcoinj.utils.BtcFormatTest" time="0.0">
    <skipped/>
  </testcase>
  <testcase name="attributeTest[418]" classname="org.bitcoinj.utils.BtcFormatTest" time="0.0">
    <skipped/>
  </testcase>
  <testcase name="prefixTest[418]" classname="org.bitcoinj.utils.BtcFormatTest" time="0.001"/>
  <testcase name="suffixTest[418]" classname="org.bitcoinj.utils.BtcFormatTest" time="0.0">
    <skipped/>
  </testcase>
  <testcase name="autoDecimalTest[418]" classname="org.bitcoinj.utils.BtcFormatTest" time="0.0"/>
  <testcase name="symbolCollisionTest[418]" classname="org.bitcoinj.utils.BtcFormatTest" time="0.002"/>
  <testcase name="equalityTest[418]" classname="org.bitcoinj.utils.BtcFormatTest" time="0.002"/>
  <testcase name="columnAlignmentTest[418]" classname="org.bitcoinj.utils.BtcFormatTest" time="0.0"/>
  <testcase name="factoryTest[418]" classname="org.bitcoinj.utils.BtcFormatTest" time="0.0"/>
  <testcase name="parse[418]" classname="org.bitcoinj.utils.BtcFormatTest" time="0.0"/>
  <testcase name="btcRounding[418]" classname="org.bitcoinj.utils.BtcFormatTest" time="0.001"/>
  <testcase name="negativeTest[418]" classname="org.bitcoinj.utils.BtcFormatTest" time="0.0">
    <skipped/>
  </testcase>
  <testcase name="millicoinScaleTest[418]" classname="org.bitcoinj.utils.BtcFormatTest" time="0.001"/>
  <testcase name="toStringTest[418]" classname="org.bitcoinj.utils.BtcFormatTest" time="0.0">
    <skipped/>
  </testcase>
  <testcase name="testGrouping[418]" classname="org.bitcoinj.utils.BtcFormatTest" time="0.0"/>
  <testcase name="symbolsCodesTest[418]" classname="org.bitcoinj.utils.BtcFormatTest" time="0.0"/>
  <testcase name="defaultLocaleTest[418]" classname="org.bitcoinj.utils.BtcFormatTest" time="0.001"/>
  <testcase name="parsePositionTest[418]" classname="org.bitcoinj.utils.BtcFormatTest" time="0.0"/>
  <testcase name="argumentTypeTest[418]" classname="org.bitcoinj.utils.BtcFormatTest" time="0.0">
    <skipped/>
  </testcase>
  <testcase name="characterIteratorTest[418]" classname="org.bitcoinj.utils.BtcFormatTest" time="0.0"/>
  <testcase name="repeatingPlaceTest[418]" classname="org.bitcoinj.utils.BtcFormatTest" time="0.0"/>
  <testcase name="currencyCodeTest[418]" classname="org.bitcoinj.utils.BtcFormatTest" time="0.0">
    <skipped/>
  </testcase>
  <testcase name="patternDecimalPlaces[418]" classname="org.bitcoinj.utils.BtcFormatTest" time="0.0"/>
  <testcase name="factoryArgumentsTest[419]" classname="org.bitcoinj.utils.BtcFormatTest" time="0.001"/>
  <testcase name="parseTest[419]" classname="org.bitcoinj.utils.BtcFormatTest" time="0.0">
    <skipped/>
  </testcase>
  <testcase name="microcoinScaleTest[419]" classname="org.bitcoinj.utils.BtcFormatTest" time="0.0"/>
  <testcase name="parseMetricTest[419]" classname="org.bitcoinj.utils.BtcFormatTest" time="0.001"/>
  <testcase name="coinScaleTest[419]" classname="org.bitcoinj.utils.BtcFormatTest" time="0.0"/>
  <testcase name="builderTest[419]" classname="org.bitcoinj.utils.BtcFormatTest" time="0.0">
    <skipped/>
  </testcase>
  <testcase name="attributeTest[419]" classname="org.bitcoinj.utils.BtcFormatTest" time="0.0">
    <skipped/>
  </testcase>
  <testcase name="prefixTest[419]" classname="org.bitcoinj.utils.BtcFormatTest" time="0.001"/>
  <testcase name="suffixTest[419]" classname="org.bitcoinj.utils.BtcFormatTest" time="0.0">
    <skipped/>
  </testcase>
  <testcase name="autoDecimalTest[419]" classname="org.bitcoinj.utils.BtcFormatTest" time="0.0"/>
  <testcase name="symbolCollisionTest[419]" classname="org.bitcoinj.utils.BtcFormatTest" time="0.002"/>
  <testcase name="equalityTest[419]" classname="org.bitcoinj.utils.BtcFormatTest" time="0.001"/>
  <testcase name="columnAlignmentTest[419]" classname="org.bitcoinj.utils.BtcFormatTest" time="0.001"/>
  <testcase name="factoryTest[419]" classname="org.bitcoinj.utils.BtcFormatTest" time="0.0"/>
  <testcase name="parse[419]" classname="org.bitcoinj.utils.BtcFormatTest" time="0.0"/>
  <testcase name="btcRounding[419]" classname="org.bitcoinj.utils.BtcFormatTest" time="0.001"/>
  <testcase name="negativeTest[419]" classname="org.bitcoinj.utils.BtcFormatTest" time="0.0">
    <skipped/>
  </testcase>
  <testcase name="millicoinScaleTest[419]" classname="org.bitcoinj.utils.BtcFormatTest" time="0.0"/>
  <testcase name="toStringTest[419]" classname="org.bitcoinj.utils.BtcFormatTest" time="0.0">
    <skipped/>
  </testcase>
  <testcase name="testGrouping[419]" classname="org.bitcoinj.utils.BtcFormatTest" time="0.001"/>
  <testcase name="symbolsCodesTest[419]" classname="org.bitcoinj.utils.BtcFormatTest" time="0.0"/>
  <testcase name="defaultLocaleTest[419]" classname="org.bitcoinj.utils.BtcFormatTest" time="0.0"/>
  <testcase name="parsePositionTest[419]" classname="org.bitcoinj.utils.BtcFormatTest" time="0.0"/>
  <testcase name="argumentTypeTest[419]" classname="org.bitcoinj.utils.BtcFormatTest" time="0.0">
    <skipped/>
  </testcase>
  <testcase name="characterIteratorTest[419]" classname="org.bitcoinj.utils.BtcFormatTest" time="0.001"/>
  <testcase name="repeatingPlaceTest[419]" classname="org.bitcoinj.utils.BtcFormatTest" time="0.0"/>
  <testcase name="currencyCodeTest[419]" classname="org.bitcoinj.utils.BtcFormatTest" time="0.0">
    <skipped/>
  </testcase>
  <testcase name="patternDecimalPlaces[419]" classname="org.bitcoinj.utils.BtcFormatTest" time="0.0"/>
  <testcase name="factoryArgumentsTest[420]" classname="org.bitcoinj.utils.BtcFormatTest" time="0.002"/>
  <testcase name="parseTest[420]" classname="org.bitcoinj.utils.BtcFormatTest" time="0.0">
    <skipped/>
  </testcase>
  <testcase name="microcoinScaleTest[420]" classname="org.bitcoinj.utils.BtcFormatTest" time="0.0"/>
  <testcase name="parseMetricTest[420]" classname="org.bitcoinj.utils.BtcFormatTest" time="0.002"/>
  <testcase name="coinScaleTest[420]" classname="org.bitcoinj.utils.BtcFormatTest" time="0.0"/>
  <testcase name="builderTest[420]" classname="org.bitcoinj.utils.BtcFormatTest" time="0.0">
    <skipped/>
  </testcase>
  <testcase name="attributeTest[420]" classname="org.bitcoinj.utils.BtcFormatTest" time="0.0">
    <skipped/>
  </testcase>
  <testcase name="prefixTest[420]" classname="org.bitcoinj.utils.BtcFormatTest" time="0.0"/>
  <testcase name="suffixTest[420]" classname="org.bitcoinj.utils.BtcFormatTest" time="0.0">
    <skipped/>
  </testcase>
  <testcase name="autoDecimalTest[420]" classname="org.bitcoinj.utils.BtcFormatTest" time="0.001"/>
  <testcase name="symbolCollisionTest[420]" classname="org.bitcoinj.utils.BtcFormatTest" time="0.001"/>
  <testcase name="equalityTest[420]" classname="org.bitcoinj.utils.BtcFormatTest" time="0.003"/>
  <testcase name="columnAlignmentTest[420]" classname="org.bitcoinj.utils.BtcFormatTest" time="0.0"/>
  <testcase name="factoryTest[420]" classname="org.bitcoinj.utils.BtcFormatTest" time="0.0"/>
  <testcase name="parse[420]" classname="org.bitcoinj.utils.BtcFormatTest" time="0.001"/>
  <testcase name="btcRounding[420]" classname="org.bitcoinj.utils.BtcFormatTest" time="0.001"/>
  <testcase name="negativeTest[420]" classname="org.bitcoinj.utils.BtcFormatTest" time="0.0">
    <skipped/>
  </testcase>
  <testcase name="millicoinScaleTest[420]" classname="org.bitcoinj.utils.BtcFormatTest" time="0.0"/>
  <testcase name="toStringTest[420]" classname="org.bitcoinj.utils.BtcFormatTest" time="0.0">
    <skipped/>
  </testcase>
  <testcase name="testGrouping[420]" classname="org.bitcoinj.utils.BtcFormatTest" time="0.0"/>
  <testcase name="symbolsCodesTest[420]" classname="org.bitcoinj.utils.BtcFormatTest" time="0.001"/>
  <testcase name="defaultLocaleTest[420]" classname="org.bitcoinj.utils.BtcFormatTest" time="0.0"/>
  <testcase name="parsePositionTest[420]" classname="org.bitcoinj.utils.BtcFormatTest" time="0.0"/>
  <testcase name="argumentTypeTest[420]" classname="org.bitcoinj.utils.BtcFormatTest" time="0.0">
    <skipped/>
  </testcase>
  <testcase name="characterIteratorTest[420]" classname="org.bitcoinj.utils.BtcFormatTest" time="0.001"/>
  <testcase name="repeatingPlaceTest[420]" classname="org.bitcoinj.utils.BtcFormatTest" time="0.0"/>
  <testcase name="currencyCodeTest[420]" classname="org.bitcoinj.utils.BtcFormatTest" time="0.0">
    <skipped/>
  </testcase>
  <testcase name="patternDecimalPlaces[420]" classname="org.bitcoinj.utils.BtcFormatTest" time="0.0"/>
  <testcase name="factoryArgumentsTest[421]" classname="org.bitcoinj.utils.BtcFormatTest" time="0.001"/>
  <testcase name="parseTest[421]" classname="org.bitcoinj.utils.BtcFormatTest" time="0.0">
    <skipped/>
  </testcase>
  <testcase name="microcoinScaleTest[421]" classname="org.bitcoinj.utils.BtcFormatTest" time="0.0"/>
  <testcase name="parseMetricTest[421]" classname="org.bitcoinj.utils.BtcFormatTest" time="0.002"/>
  <testcase name="coinScaleTest[421]" classname="org.bitcoinj.utils.BtcFormatTest" time="0.0"/>
  <testcase name="builderTest[421]" classname="org.bitcoinj.utils.BtcFormatTest" time="0.0">
    <skipped/>
  </testcase>
  <testcase name="attributeTest[421]" classname="org.bitcoinj.utils.BtcFormatTest" time="0.0">
    <skipped/>
  </testcase>
  <testcase name="prefixTest[421]" classname="org.bitcoinj.utils.BtcFormatTest" time="0.0"/>
  <testcase name="suffixTest[421]" classname="org.bitcoinj.utils.BtcFormatTest" time="0.0">
    <skipped/>
  </testcase>
  <testcase name="autoDecimalTest[421]" classname="org.bitcoinj.utils.BtcFormatTest" time="0.001"/>
  <testcase name="symbolCollisionTest[421]" classname="org.bitcoinj.utils.BtcFormatTest" time="0.001"/>
  <testcase name="equalityTest[421]" classname="org.bitcoinj.utils.BtcFormatTest" time="0.002"/>
  <testcase name="columnAlignmentTest[421]" classname="org.bitcoinj.utils.BtcFormatTest" time="0.0"/>
  <testcase name="factoryTest[421]" classname="org.bitcoinj.utils.BtcFormatTest" time="0.0"/>
  <testcase name="parse[421]" classname="org.bitcoinj.utils.BtcFormatTest" time="0.0"/>
  <testcase name="btcRounding[421]" classname="org.bitcoinj.utils.BtcFormatTest" time="0.002"/>
  <testcase name="negativeTest[421]" classname="org.bitcoinj.utils.BtcFormatTest" time="0.0">
    <skipped/>
  </testcase>
  <testcase name="millicoinScaleTest[421]" classname="org.bitcoinj.utils.BtcFormatTest" time="0.0"/>
  <testcase name="toStringTest[421]" classname="org.bitcoinj.utils.BtcFormatTest" time="0.0">
    <skipped/>
  </testcase>
  <testcase name="testGrouping[421]" classname="org.bitcoinj.utils.BtcFormatTest" time="0.0"/>
  <testcase name="symbolsCodesTest[421]" classname="org.bitcoinj.utils.BtcFormatTest" time="0.001"/>
  <testcase name="defaultLocaleTest[421]" classname="org.bitcoinj.utils.BtcFormatTest" time="0.0"/>
  <testcase name="parsePositionTest[421]" classname="org.bitcoinj.utils.BtcFormatTest" time="0.0"/>
  <testcase name="argumentTypeTest[421]" classname="org.bitcoinj.utils.BtcFormatTest" time="0.0">
    <skipped/>
  </testcase>
  <testcase name="characterIteratorTest[421]" classname="org.bitcoinj.utils.BtcFormatTest" time="0.0"/>
  <testcase name="repeatingPlaceTest[421]" classname="org.bitcoinj.utils.BtcFormatTest" time="0.001"/>
  <testcase name="currencyCodeTest[421]" classname="org.bitcoinj.utils.BtcFormatTest" time="0.0">
    <skipped/>
  </testcase>
  <testcase name="patternDecimalPlaces[421]" classname="org.bitcoinj.utils.BtcFormatTest" time="0.0"/>
  <testcase name="factoryArgumentsTest[422]" classname="org.bitcoinj.utils.BtcFormatTest" time="0.001"/>
  <testcase name="parseTest[422]" classname="org.bitcoinj.utils.BtcFormatTest" time="0.0">
    <skipped/>
  </testcase>
  <testcase name="microcoinScaleTest[422]" classname="org.bitcoinj.utils.BtcFormatTest" time="0.0"/>
  <testcase name="parseMetricTest[422]" classname="org.bitcoinj.utils.BtcFormatTest" time="0.001"/>
  <testcase name="coinScaleTest[422]" classname="org.bitcoinj.utils.BtcFormatTest" time="0.0"/>
  <testcase name="builderTest[422]" classname="org.bitcoinj.utils.BtcFormatTest" time="0.0">
    <skipped/>
  </testcase>
  <testcase name="attributeTest[422]" classname="org.bitcoinj.utils.BtcFormatTest" time="0.0">
    <skipped/>
  </testcase>
  <testcase name="prefixTest[422]" classname="org.bitcoinj.utils.BtcFormatTest" time="0.0"/>
  <testcase name="suffixTest[422]" classname="org.bitcoinj.utils.BtcFormatTest" time="0.0">
    <skipped/>
  </testcase>
  <testcase name="autoDecimalTest[422]" classname="org.bitcoinj.utils.BtcFormatTest" time="0.001"/>
  <testcase name="symbolCollisionTest[422]" classname="org.bitcoinj.utils.BtcFormatTest" time="0.001"/>
  <testcase name="equalityTest[422]" classname="org.bitcoinj.utils.BtcFormatTest" time="0.002"/>
  <testcase name="columnAlignmentTest[422]" classname="org.bitcoinj.utils.BtcFormatTest" time="0.0"/>
  <testcase name="factoryTest[422]" classname="org.bitcoinj.utils.BtcFormatTest" time="0.0"/>
  <testcase name="parse[422]" classname="org.bitcoinj.utils.BtcFormatTest" time="0.001"/>
  <testcase name="btcRounding[422]" classname="org.bitcoinj.utils.BtcFormatTest" time="0.002"/>
  <testcase name="negativeTest[422]" classname="org.bitcoinj.utils.BtcFormatTest" time="0.0">
    <skipped/>
  </testcase>
  <testcase name="millicoinScaleTest[422]" classname="org.bitcoinj.utils.BtcFormatTest" time="0.0"/>
  <testcase name="toStringTest[422]" classname="org.bitcoinj.utils.BtcFormatTest" time="0.0">
    <skipped/>
  </testcase>
  <testcase name="testGrouping[422]" classname="org.bitcoinj.utils.BtcFormatTest" time="0.0"/>
  <testcase name="symbolsCodesTest[422]" classname="org.bitcoinj.utils.BtcFormatTest" time="0.001"/>
  <testcase name="defaultLocaleTest[422]" classname="org.bitcoinj.utils.BtcFormatTest" time="0.0"/>
  <testcase name="parsePositionTest[422]" classname="org.bitcoinj.utils.BtcFormatTest" time="0.0"/>
  <testcase name="argumentTypeTest[422]" classname="org.bitcoinj.utils.BtcFormatTest" time="0.0">
    <skipped/>
  </testcase>
  <testcase name="characterIteratorTest[422]" classname="org.bitcoinj.utils.BtcFormatTest" time="0.0"/>
  <testcase name="repeatingPlaceTest[422]" classname="org.bitcoinj.utils.BtcFormatTest" time="0.001"/>
  <testcase name="currencyCodeTest[422]" classname="org.bitcoinj.utils.BtcFormatTest" time="0.0">
    <skipped/>
  </testcase>
  <testcase name="patternDecimalPlaces[422]" classname="org.bitcoinj.utils.BtcFormatTest" time="0.0"/>
  <testcase name="factoryArgumentsTest[423]" classname="org.bitcoinj.utils.BtcFormatTest" time="0.001"/>
  <testcase name="parseTest[423]" classname="org.bitcoinj.utils.BtcFormatTest" time="0.0">
    <skipped/>
  </testcase>
  <testcase name="microcoinScaleTest[423]" classname="org.bitcoinj.utils.BtcFormatTest" time="0.0"/>
  <testcase name="parseMetricTest[423]" classname="org.bitcoinj.utils.BtcFormatTest" time="0.001"/>
  <testcase name="coinScaleTest[423]" classname="org.bitcoinj.utils.BtcFormatTest" time="0.0"/>
  <testcase name="builderTest[423]" classname="org.bitcoinj.utils.BtcFormatTest" time="0.0">
    <skipped/>
  </testcase>
  <testcase name="attributeTest[423]" classname="org.bitcoinj.utils.BtcFormatTest" time="0.0">
    <skipped/>
  </testcase>
  <testcase name="prefixTest[423]" classname="org.bitcoinj.utils.BtcFormatTest" time="0.0"/>
  <testcase name="suffixTest[423]" classname="org.bitcoinj.utils.BtcFormatTest" time="0.0">
    <skipped/>
  </testcase>
  <testcase name="autoDecimalTest[423]" classname="org.bitcoinj.utils.BtcFormatTest" time="0.001"/>
  <testcase name="symbolCollisionTest[423]" classname="org.bitcoinj.utils.BtcFormatTest" time="0.001"/>
  <testcase name="equalityTest[423]" classname="org.bitcoinj.utils.BtcFormatTest" time="0.002"/>
  <testcase name="columnAlignmentTest[423]" classname="org.bitcoinj.utils.BtcFormatTest" time="0.0"/>
  <testcase name="factoryTest[423]" classname="org.bitcoinj.utils.BtcFormatTest" time="0.0"/>
  <testcase name="parse[423]" classname="org.bitcoinj.utils.BtcFormatTest" time="0.0"/>
  <testcase name="btcRounding[423]" classname="org.bitcoinj.utils.BtcFormatTest" time="0.001"/>
  <testcase name="negativeTest[423]" classname="org.bitcoinj.utils.BtcFormatTest" time="0.0">
    <skipped/>
  </testcase>
  <testcase name="millicoinScaleTest[423]" classname="org.bitcoinj.utils.BtcFormatTest" time="0.0"/>
  <testcase name="toStringTest[423]" classname="org.bitcoinj.utils.BtcFormatTest" time="0.0">
    <skipped/>
  </testcase>
  <testcase name="testGrouping[423]" classname="org.bitcoinj.utils.BtcFormatTest" time="0.0"/>
  <testcase name="symbolsCodesTest[423]" classname="org.bitcoinj.utils.BtcFormatTest" time="0.0"/>
  <testcase name="defaultLocaleTest[423]" classname="org.bitcoinj.utils.BtcFormatTest" time="0.001"/>
  <testcase name="parsePositionTest[423]" classname="org.bitcoinj.utils.BtcFormatTest" time="0.0"/>
  <testcase name="argumentTypeTest[423]" classname="org.bitcoinj.utils.BtcFormatTest" time="0.0">
    <skipped/>
  </testcase>
  <testcase name="characterIteratorTest[423]" classname="org.bitcoinj.utils.BtcFormatTest" time="0.0"/>
  <testcase name="repeatingPlaceTest[423]" classname="org.bitcoinj.utils.BtcFormatTest" time="0.0"/>
  <testcase name="currencyCodeTest[423]" classname="org.bitcoinj.utils.BtcFormatTest" time="0.0">
    <skipped/>
  </testcase>
  <testcase name="patternDecimalPlaces[423]" classname="org.bitcoinj.utils.BtcFormatTest" time="0.0"/>
  <testcase name="factoryArgumentsTest[424]" classname="org.bitcoinj.utils.BtcFormatTest" time="0.002"/>
  <testcase name="parseTest[424]" classname="org.bitcoinj.utils.BtcFormatTest" time="0.0">
    <skipped/>
  </testcase>
  <testcase name="microcoinScaleTest[424]" classname="org.bitcoinj.utils.BtcFormatTest" time="0.0"/>
  <testcase name="parseMetricTest[424]" classname="org.bitcoinj.utils.BtcFormatTest" time="0.001"/>
  <testcase name="coinScaleTest[424]" classname="org.bitcoinj.utils.BtcFormatTest" time="0.0"/>
  <testcase name="builderTest[424]" classname="org.bitcoinj.utils.BtcFormatTest" time="0.0">
    <skipped/>
  </testcase>
  <testcase name="attributeTest[424]" classname="org.bitcoinj.utils.BtcFormatTest" time="0.0">
    <skipped/>
  </testcase>
  <testcase name="prefixTest[424]" classname="org.bitcoinj.utils.BtcFormatTest" time="0.0"/>
  <testcase name="suffixTest[424]" classname="org.bitcoinj.utils.BtcFormatTest" time="0.0">
    <skipped/>
  </testcase>
  <testcase name="autoDecimalTest[424]" classname="org.bitcoinj.utils.BtcFormatTest" time="0.001"/>
  <testcase name="symbolCollisionTest[424]" classname="org.bitcoinj.utils.BtcFormatTest" time="0.002"/>
  <testcase name="equalityTest[424]" classname="org.bitcoinj.utils.BtcFormatTest" time="0.002"/>
  <testcase name="columnAlignmentTest[424]" classname="org.bitcoinj.utils.BtcFormatTest" time="0.0"/>
  <testcase name="factoryTest[424]" classname="org.bitcoinj.utils.BtcFormatTest" time="0.0"/>
  <testcase name="parse[424]" classname="org.bitcoinj.utils.BtcFormatTest" time="0.0"/>
  <testcase name="btcRounding[424]" classname="org.bitcoinj.utils.BtcFormatTest" time="0.001"/>
  <testcase name="negativeTest[424]" classname="org.bitcoinj.utils.BtcFormatTest" time="0.0">
    <skipped/>
  </testcase>
  <testcase name="millicoinScaleTest[424]" classname="org.bitcoinj.utils.BtcFormatTest" time="0.0"/>
  <testcase name="toStringTest[424]" classname="org.bitcoinj.utils.BtcFormatTest" time="0.0">
    <skipped/>
  </testcase>
  <testcase name="testGrouping[424]" classname="org.bitcoinj.utils.BtcFormatTest" time="0.001"/>
  <testcase name="symbolsCodesTest[424]" classname="org.bitcoinj.utils.BtcFormatTest" time="0.0"/>
  <testcase name="defaultLocaleTest[424]" classname="org.bitcoinj.utils.BtcFormatTest" time="0.0"/>
  <testcase name="parsePositionTest[424]" classname="org.bitcoinj.utils.BtcFormatTest" time="0.001"/>
  <testcase name="argumentTypeTest[424]" classname="org.bitcoinj.utils.BtcFormatTest" time="0.0">
    <skipped/>
  </testcase>
  <testcase name="characterIteratorTest[424]" classname="org.bitcoinj.utils.BtcFormatTest" time="0.0"/>
  <testcase name="repeatingPlaceTest[424]" classname="org.bitcoinj.utils.BtcFormatTest" time="0.0"/>
  <testcase name="currencyCodeTest[424]" classname="org.bitcoinj.utils.BtcFormatTest" time="0.0">
    <skipped/>
  </testcase>
  <testcase name="patternDecimalPlaces[424]" classname="org.bitcoinj.utils.BtcFormatTest" time="0.0"/>
  <testcase name="factoryArgumentsTest[425]" classname="org.bitcoinj.utils.BtcFormatTest" time="0.001"/>
  <testcase name="parseTest[425]" classname="org.bitcoinj.utils.BtcFormatTest" time="0.0">
    <skipped/>
  </testcase>
  <testcase name="microcoinScaleTest[425]" classname="org.bitcoinj.utils.BtcFormatTest" time="0.0"/>
  <testcase name="parseMetricTest[425]" classname="org.bitcoinj.utils.BtcFormatTest" time="0.001"/>
  <testcase name="coinScaleTest[425]" classname="org.bitcoinj.utils.BtcFormatTest" time="0.0"/>
  <testcase name="builderTest[425]" classname="org.bitcoinj.utils.BtcFormatTest" time="0.0">
    <skipped/>
  </testcase>
  <testcase name="attributeTest[425]" classname="org.bitcoinj.utils.BtcFormatTest" time="0.0">
    <skipped/>
  </testcase>
  <testcase name="prefixTest[425]" classname="org.bitcoinj.utils.BtcFormatTest" time="0.001"/>
  <testcase name="suffixTest[425]" classname="org.bitcoinj.utils.BtcFormatTest" time="0.0">
    <skipped/>
  </testcase>
  <testcase name="autoDecimalTest[425]" classname="org.bitcoinj.utils.BtcFormatTest" time="0.0"/>
  <testcase name="symbolCollisionTest[425]" classname="org.bitcoinj.utils.BtcFormatTest" time="0.002"/>
  <testcase name="equalityTest[425]" classname="org.bitcoinj.utils.BtcFormatTest" time="0.002"/>
  <testcase name="columnAlignmentTest[425]" classname="org.bitcoinj.utils.BtcFormatTest" time="0.0"/>
  <testcase name="factoryTest[425]" classname="org.bitcoinj.utils.BtcFormatTest" time="0.001"/>
  <testcase name="parse[425]" classname="org.bitcoinj.utils.BtcFormatTest" time="0.0"/>
  <testcase name="btcRounding[425]" classname="org.bitcoinj.utils.BtcFormatTest" time="0.001"/>
  <testcase name="negativeTest[425]" classname="org.bitcoinj.utils.BtcFormatTest" time="0.0">
    <skipped/>
  </testcase>
  <testcase name="millicoinScaleTest[425]" classname="org.bitcoinj.utils.BtcFormatTest" time="0.001"/>
  <testcase name="toStringTest[425]" classname="org.bitcoinj.utils.BtcFormatTest" time="0.0">
    <skipped/>
  </testcase>
  <testcase name="testGrouping[425]" classname="org.bitcoinj.utils.BtcFormatTest" time="0.0"/>
  <testcase name="symbolsCodesTest[425]" classname="org.bitcoinj.utils.BtcFormatTest" time="0.001"/>
  <testcase name="defaultLocaleTest[425]" classname="org.bitcoinj.utils.BtcFormatTest" time="0.0"/>
  <testcase name="parsePositionTest[425]" classname="org.bitcoinj.utils.BtcFormatTest" time="0.0"/>
  <testcase name="argumentTypeTest[425]" classname="org.bitcoinj.utils.BtcFormatTest" time="0.0">
    <skipped/>
  </testcase>
  <testcase name="characterIteratorTest[425]" classname="org.bitcoinj.utils.BtcFormatTest" time="0.001"/>
  <testcase name="repeatingPlaceTest[425]" classname="org.bitcoinj.utils.BtcFormatTest" time="0.0"/>
  <testcase name="currencyCodeTest[425]" classname="org.bitcoinj.utils.BtcFormatTest" time="0.0">
    <skipped/>
  </testcase>
  <testcase name="patternDecimalPlaces[425]" classname="org.bitcoinj.utils.BtcFormatTest" time="0.0"/>
  <testcase name="factoryArgumentsTest[426]" classname="org.bitcoinj.utils.BtcFormatTest" time="0.001"/>
  <testcase name="parseTest[426]" classname="org.bitcoinj.utils.BtcFormatTest" time="0.0">
    <skipped/>
  </testcase>
  <testcase name="microcoinScaleTest[426]" classname="org.bitcoinj.utils.BtcFormatTest" time="0.0"/>
  <testcase name="parseMetricTest[426]" classname="org.bitcoinj.utils.BtcFormatTest" time="0.001"/>
  <testcase name="coinScaleTest[426]" classname="org.bitcoinj.utils.BtcFormatTest" time="0.0"/>
  <testcase name="builderTest[426]" classname="org.bitcoinj.utils.BtcFormatTest" time="0.0">
    <skipped/>
  </testcase>
  <testcase name="attributeTest[426]" classname="org.bitcoinj.utils.BtcFormatTest" time="0.0">
    <skipped/>
  </testcase>
  <testcase name="prefixTest[426]" classname="org.bitcoinj.utils.BtcFormatTest" time="0.001"/>
  <testcase name="suffixTest[426]" classname="org.bitcoinj.utils.BtcFormatTest" time="0.0">
    <skipped/>
  </testcase>
  <testcase name="autoDecimalTest[426]" classname="org.bitcoinj.utils.BtcFormatTest" time="0.001"/>
  <testcase name="symbolCollisionTest[426]" classname="org.bitcoinj.utils.BtcFormatTest" time="0.001"/>
  <testcase name="equalityTest[426]" classname="org.bitcoinj.utils.BtcFormatTest" time="0.002"/>
  <testcase name="columnAlignmentTest[426]" classname="org.bitcoinj.utils.BtcFormatTest" time="0.0"/>
  <testcase name="factoryTest[426]" classname="org.bitcoinj.utils.BtcFormatTest" time="0.001"/>
  <testcase name="parse[426]" classname="org.bitcoinj.utils.BtcFormatTest" time="0.0"/>
  <testcase name="btcRounding[426]" classname="org.bitcoinj.utils.BtcFormatTest" time="0.001"/>
  <testcase name="negativeTest[426]" classname="org.bitcoinj.utils.BtcFormatTest" time="0.0">
    <skipped/>
  </testcase>
  <testcase name="millicoinScaleTest[426]" classname="org.bitcoinj.utils.BtcFormatTest" time="0.0"/>
  <testcase name="toStringTest[426]" classname="org.bitcoinj.utils.BtcFormatTest" time="0.0">
    <skipped/>
  </testcase>
  <testcase name="testGrouping[426]" classname="org.bitcoinj.utils.BtcFormatTest" time="0.0"/>
  <testcase name="symbolsCodesTest[426]" classname="org.bitcoinj.utils.BtcFormatTest" time="0.001"/>
  <testcase name="defaultLocaleTest[426]" classname="org.bitcoinj.utils.BtcFormatTest" time="0.0"/>
  <testcase name="parsePositionTest[426]" classname="org.bitcoinj.utils.BtcFormatTest" time="0.0"/>
  <testcase name="argumentTypeTest[426]" classname="org.bitcoinj.utils.BtcFormatTest" time="0.0">
    <skipped/>
  </testcase>
  <testcase name="characterIteratorTest[426]" classname="org.bitcoinj.utils.BtcFormatTest" time="0.0"/>
  <testcase name="repeatingPlaceTest[426]" classname="org.bitcoinj.utils.BtcFormatTest" time="0.001"/>
  <testcase name="currencyCodeTest[426]" classname="org.bitcoinj.utils.BtcFormatTest" time="0.0">
    <skipped/>
  </testcase>
  <testcase name="patternDecimalPlaces[426]" classname="org.bitcoinj.utils.BtcFormatTest" time="0.0"/>
  <testcase name="factoryArgumentsTest[427]" classname="org.bitcoinj.utils.BtcFormatTest" time="0.001"/>
  <testcase name="parseTest[427]" classname="org.bitcoinj.utils.BtcFormatTest" time="0.0">
    <skipped/>
  </testcase>
  <testcase name="microcoinScaleTest[427]" classname="org.bitcoinj.utils.BtcFormatTest" time="0.0"/>
  <testcase name="parseMetricTest[427]" classname="org.bitcoinj.utils.BtcFormatTest" time="0.001"/>
  <testcase name="coinScaleTest[427]" classname="org.bitcoinj.utils.BtcFormatTest" time="0.0"/>
  <testcase name="builderTest[427]" classname="org.bitcoinj.utils.BtcFormatTest" time="0.0">
    <skipped/>
  </testcase>
  <testcase name="attributeTest[427]" classname="org.bitcoinj.utils.BtcFormatTest" time="0.0">
    <skipped/>
  </testcase>
  <testcase name="prefixTest[427]" classname="org.bitcoinj.utils.BtcFormatTest" time="0.001"/>
  <testcase name="suffixTest[427]" classname="org.bitcoinj.utils.BtcFormatTest" time="0.0">
    <skipped/>
  </testcase>
  <testcase name="autoDecimalTest[427]" classname="org.bitcoinj.utils.BtcFormatTest" time="0.0"/>
  <testcase name="symbolCollisionTest[427]" classname="org.bitcoinj.utils.BtcFormatTest" time="0.002"/>
  <testcase name="equalityTest[427]" classname="org.bitcoinj.utils.BtcFormatTest" time="0.001"/>
  <testcase name="columnAlignmentTest[427]" classname="org.bitcoinj.utils.BtcFormatTest" time="0.0"/>
  <testcase name="factoryTest[427]" classname="org.bitcoinj.utils.BtcFormatTest" time="0.001"/>
  <testcase name="parse[427]" classname="org.bitcoinj.utils.BtcFormatTest" time="0.0"/>
  <testcase name="btcRounding[427]" classname="org.bitcoinj.utils.BtcFormatTest" time="0.001"/>
  <testcase name="negativeTest[427]" classname="org.bitcoinj.utils.BtcFormatTest" time="0.0">
    <skipped/>
  </testcase>
  <testcase name="millicoinScaleTest[427]" classname="org.bitcoinj.utils.BtcFormatTest" time="0.0"/>
  <testcase name="toStringTest[427]" classname="org.bitcoinj.utils.BtcFormatTest" time="0.0">
    <skipped/>
  </testcase>
  <testcase name="testGrouping[427]" classname="org.bitcoinj.utils.BtcFormatTest" time="0.0"/>
  <testcase name="symbolsCodesTest[427]" classname="org.bitcoinj.utils.BtcFormatTest" time="0.001"/>
  <testcase name="defaultLocaleTest[427]" classname="org.bitcoinj.utils.BtcFormatTest" time="0.0"/>
  <testcase name="parsePositionTest[427]" classname="org.bitcoinj.utils.BtcFormatTest" time="0.0"/>
  <testcase name="argumentTypeTest[427]" classname="org.bitcoinj.utils.BtcFormatTest" time="0.0">
    <skipped/>
  </testcase>
  <testcase name="characterIteratorTest[427]" classname="org.bitcoinj.utils.BtcFormatTest" time="0.0"/>
  <testcase name="repeatingPlaceTest[427]" classname="org.bitcoinj.utils.BtcFormatTest" time="0.001"/>
  <testcase name="currencyCodeTest[427]" classname="org.bitcoinj.utils.BtcFormatTest" time="0.0">
    <skipped/>
  </testcase>
  <testcase name="patternDecimalPlaces[427]" classname="org.bitcoinj.utils.BtcFormatTest" time="0.0"/>
  <testcase name="factoryArgumentsTest[428]" classname="org.bitcoinj.utils.BtcFormatTest" time="0.001"/>
  <testcase name="parseTest[428]" classname="org.bitcoinj.utils.BtcFormatTest" time="0.0">
    <skipped/>
  </testcase>
  <testcase name="microcoinScaleTest[428]" classname="org.bitcoinj.utils.BtcFormatTest" time="0.0"/>
  <testcase name="parseMetricTest[428]" classname="org.bitcoinj.utils.BtcFormatTest" time="0.001"/>
  <testcase name="coinScaleTest[428]" classname="org.bitcoinj.utils.BtcFormatTest" time="0.0"/>
  <testcase name="builderTest[428]" classname="org.bitcoinj.utils.BtcFormatTest" time="0.0">
    <skipped/>
  </testcase>
  <testcase name="attributeTest[428]" classname="org.bitcoinj.utils.BtcFormatTest" time="0.0">
    <skipped/>
  </testcase>
  <testcase name="prefixTest[428]" classname="org.bitcoinj.utils.BtcFormatTest" time="0.0"/>
  <testcase name="suffixTest[428]" classname="org.bitcoinj.utils.BtcFormatTest" time="0.0">
    <skipped/>
  </testcase>
  <testcase name="autoDecimalTest[428]" classname="org.bitcoinj.utils.BtcFormatTest" time="0.001"/>
  <testcase name="symbolCollisionTest[428]" classname="org.bitcoinj.utils.BtcFormatTest" time="0.002"/>
  <testcase name="equalityTest[428]" classname="org.bitcoinj.utils.BtcFormatTest" time="0.001"/>
  <testcase name="columnAlignmentTest[428]" classname="org.bitcoinj.utils.BtcFormatTest" time="0.0"/>
  <testcase name="factoryTest[428]" classname="org.bitcoinj.utils.BtcFormatTest" time="0.0"/>
  <testcase name="parse[428]" classname="org.bitcoinj.utils.BtcFormatTest" time="0.0"/>
  <testcase name="btcRounding[428]" classname="org.bitcoinj.utils.BtcFormatTest" time="0.002"/>
  <testcase name="negativeTest[428]" classname="org.bitcoinj.utils.BtcFormatTest" time="0.0">
    <skipped/>
  </testcase>
  <testcase name="millicoinScaleTest[428]" classname="org.bitcoinj.utils.BtcFormatTest" time="0.0"/>
  <testcase name="toStringTest[428]" classname="org.bitcoinj.utils.BtcFormatTest" time="0.0">
    <skipped/>
  </testcase>
  <testcase name="testGrouping[428]" classname="org.bitcoinj.utils.BtcFormatTest" time="0.001"/>
  <testcase name="symbolsCodesTest[428]" classname="org.bitcoinj.utils.BtcFormatTest" time="0.001"/>
  <testcase name="defaultLocaleTest[428]" classname="org.bitcoinj.utils.BtcFormatTest" time="0.0"/>
  <testcase name="parsePositionTest[428]" classname="org.bitcoinj.utils.BtcFormatTest" time="0.001"/>
  <testcase name="argumentTypeTest[428]" classname="org.bitcoinj.utils.BtcFormatTest" time="0.0">
    <skipped/>
  </testcase>
  <testcase name="characterIteratorTest[428]" classname="org.bitcoinj.utils.BtcFormatTest" time="0.0"/>
  <testcase name="repeatingPlaceTest[428]" classname="org.bitcoinj.utils.BtcFormatTest" time="0.0"/>
  <testcase name="currencyCodeTest[428]" classname="org.bitcoinj.utils.BtcFormatTest" time="0.0">
    <skipped/>
  </testcase>
  <testcase name="patternDecimalPlaces[428]" classname="org.bitcoinj.utils.BtcFormatTest" time="0.0"/>
  <testcase name="factoryArgumentsTest[429]" classname="org.bitcoinj.utils.BtcFormatTest" time="0.001"/>
  <testcase name="parseTest[429]" classname="org.bitcoinj.utils.BtcFormatTest" time="0.0">
    <skipped/>
  </testcase>
  <testcase name="microcoinScaleTest[429]" classname="org.bitcoinj.utils.BtcFormatTest" time="0.0"/>
  <testcase name="parseMetricTest[429]" classname="org.bitcoinj.utils.BtcFormatTest" time="0.001"/>
  <testcase name="coinScaleTest[429]" classname="org.bitcoinj.utils.BtcFormatTest" time="0.0"/>
  <testcase name="builderTest[429]" classname="org.bitcoinj.utils.BtcFormatTest" time="0.0">
    <skipped/>
  </testcase>
  <testcase name="attributeTest[429]" classname="org.bitcoinj.utils.BtcFormatTest" time="0.0">
    <skipped/>
  </testcase>
  <testcase name="prefixTest[429]" classname="org.bitcoinj.utils.BtcFormatTest" time="0.0"/>
  <testcase name="suffixTest[429]" classname="org.bitcoinj.utils.BtcFormatTest" time="0.0">
    <skipped/>
  </testcase>
  <testcase name="autoDecimalTest[429]" classname="org.bitcoinj.utils.BtcFormatTest" time="0.001"/>
  <testcase name="symbolCollisionTest[429]" classname="org.bitcoinj.utils.BtcFormatTest" time="0.002"/>
  <testcase name="equalityTest[429]" classname="org.bitcoinj.utils.BtcFormatTest" time="0.002"/>
  <testcase name="columnAlignmentTest[429]" classname="org.bitcoinj.utils.BtcFormatTest" time="0.0"/>
  <testcase name="factoryTest[429]" classname="org.bitcoinj.utils.BtcFormatTest" time="0.0"/>
  <testcase name="parse[429]" classname="org.bitcoinj.utils.BtcFormatTest" time="0.0"/>
  <testcase name="btcRounding[429]" classname="org.bitcoinj.utils.BtcFormatTest" time="0.001"/>
  <testcase name="negativeTest[429]" classname="org.bitcoinj.utils.BtcFormatTest" time="0.0">
    <skipped/>
  </testcase>
  <testcase name="millicoinScaleTest[429]" classname="org.bitcoinj.utils.BtcFormatTest" time="0.0"/>
  <testcase name="toStringTest[429]" classname="org.bitcoinj.utils.BtcFormatTest" time="0.0">
    <skipped/>
  </testcase>
  <testcase name="testGrouping[429]" classname="org.bitcoinj.utils.BtcFormatTest" time="0.0"/>
  <testcase name="symbolsCodesTest[429]" classname="org.bitcoinj.utils.BtcFormatTest" time="0.001"/>
  <testcase name="defaultLocaleTest[429]" classname="org.bitcoinj.utils.BtcFormatTest" time="0.0"/>
  <testcase name="parsePositionTest[429]" classname="org.bitcoinj.utils.BtcFormatTest" time="0.0"/>
  <testcase name="argumentTypeTest[429]" classname="org.bitcoinj.utils.BtcFormatTest" time="0.0">
    <skipped/>
  </testcase>
  <testcase name="characterIteratorTest[429]" classname="org.bitcoinj.utils.BtcFormatTest" time="0.0"/>
  <testcase name="repeatingPlaceTest[429]" classname="org.bitcoinj.utils.BtcFormatTest" time="0.0"/>
  <testcase name="currencyCodeTest[429]" classname="org.bitcoinj.utils.BtcFormatTest" time="0.0">
    <skipped/>
  </testcase>
  <testcase name="patternDecimalPlaces[429]" classname="org.bitcoinj.utils.BtcFormatTest" time="0.0"/>
  <testcase name="factoryArgumentsTest[430]" classname="org.bitcoinj.utils.BtcFormatTest" time="0.002"/>
  <testcase name="parseTest[430]" classname="org.bitcoinj.utils.BtcFormatTest" time="0.0">
    <skipped/>
  </testcase>
  <testcase name="microcoinScaleTest[430]" classname="org.bitcoinj.utils.BtcFormatTest" time="0.0"/>
  <testcase name="parseMetricTest[430]" classname="org.bitcoinj.utils.BtcFormatTest" time="0.002"/>
  <testcase name="coinScaleTest[430]" classname="org.bitcoinj.utils.BtcFormatTest" time="0.0"/>
  <testcase name="builderTest[430]" classname="org.bitcoinj.utils.BtcFormatTest" time="0.0">
    <skipped/>
  </testcase>
  <testcase name="attributeTest[430]" classname="org.bitcoinj.utils.BtcFormatTest" time="0.0">
    <skipped/>
  </testcase>
  <testcase name="prefixTest[430]" classname="org.bitcoinj.utils.BtcFormatTest" time="0.0"/>
  <testcase name="suffixTest[430]" classname="org.bitcoinj.utils.BtcFormatTest" time="0.0">
    <skipped/>
  </testcase>
  <testcase name="autoDecimalTest[430]" classname="org.bitcoinj.utils.BtcFormatTest" time="0.001"/>
  <testcase name="symbolCollisionTest[430]" classname="org.bitcoinj.utils.BtcFormatTest" time="0.002"/>
  <testcase name="equalityTest[430]" classname="org.bitcoinj.utils.BtcFormatTest" time="0.002"/>
  <testcase name="columnAlignmentTest[430]" classname="org.bitcoinj.utils.BtcFormatTest" time="0.0"/>
  <testcase name="factoryTest[430]" classname="org.bitcoinj.utils.BtcFormatTest" time="0.001"/>
  <testcase name="parse[430]" classname="org.bitcoinj.utils.BtcFormatTest" time="0.0"/>
  <testcase name="btcRounding[430]" classname="org.bitcoinj.utils.BtcFormatTest" time="0.002"/>
  <testcase name="negativeTest[430]" classname="org.bitcoinj.utils.BtcFormatTest" time="0.0">
    <skipped/>
  </testcase>
  <testcase name="millicoinScaleTest[430]" classname="org.bitcoinj.utils.BtcFormatTest" time="0.0"/>
  <testcase name="toStringTest[430]" classname="org.bitcoinj.utils.BtcFormatTest" time="0.0">
    <skipped/>
  </testcase>
  <testcase name="testGrouping[430]" classname="org.bitcoinj.utils.BtcFormatTest" time="0.0"/>
  <testcase name="symbolsCodesTest[430]" classname="org.bitcoinj.utils.BtcFormatTest" time="0.0"/>
  <testcase name="defaultLocaleTest[430]" classname="org.bitcoinj.utils.BtcFormatTest" time="0.0"/>
  <testcase name="parsePositionTest[430]" classname="org.bitcoinj.utils.BtcFormatTest" time="0.001"/>
  <testcase name="argumentTypeTest[430]" classname="org.bitcoinj.utils.BtcFormatTest" time="0.0">
    <skipped/>
  </testcase>
  <testcase name="characterIteratorTest[430]" classname="org.bitcoinj.utils.BtcFormatTest" time="0.0"/>
  <testcase name="repeatingPlaceTest[430]" classname="org.bitcoinj.utils.BtcFormatTest" time="0.0"/>
  <testcase name="currencyCodeTest[430]" classname="org.bitcoinj.utils.BtcFormatTest" time="0.0">
    <skipped/>
  </testcase>
  <testcase name="patternDecimalPlaces[430]" classname="org.bitcoinj.utils.BtcFormatTest" time="0.0"/>
  <testcase name="factoryArgumentsTest[431]" classname="org.bitcoinj.utils.BtcFormatTest" time="0.001"/>
  <testcase name="parseTest[431]" classname="org.bitcoinj.utils.BtcFormatTest" time="0.0">
    <skipped/>
  </testcase>
  <testcase name="microcoinScaleTest[431]" classname="org.bitcoinj.utils.BtcFormatTest" time="0.0"/>
  <testcase name="parseMetricTest[431]" classname="org.bitcoinj.utils.BtcFormatTest" time="0.001"/>
  <testcase name="coinScaleTest[431]" classname="org.bitcoinj.utils.BtcFormatTest" time="0.001"/>
  <testcase name="builderTest[431]" classname="org.bitcoinj.utils.BtcFormatTest" time="0.0">
    <skipped/>
  </testcase>
  <testcase name="attributeTest[431]" classname="org.bitcoinj.utils.BtcFormatTest" time="0.0">
    <skipped/>
  </testcase>
  <testcase name="prefixTest[431]" classname="org.bitcoinj.utils.BtcFormatTest" time="0.0"/>
  <testcase name="suffixTest[431]" classname="org.bitcoinj.utils.BtcFormatTest" time="0.0">
    <skipped/>
  </testcase>
  <testcase name="autoDecimalTest[431]" classname="org.bitcoinj.utils.BtcFormatTest" time="0.0"/>
  <testcase name="symbolCollisionTest[431]" classname="org.bitcoinj.utils.BtcFormatTest" time="0.002"/>
  <testcase name="equalityTest[431]" classname="org.bitcoinj.utils.BtcFormatTest" time="0.002"/>
  <testcase name="columnAlignmentTest[431]" classname="org.bitcoinj.utils.BtcFormatTest" time="0.0"/>
  <testcase name="factoryTest[431]" classname="org.bitcoinj.utils.BtcFormatTest" time="0.0"/>
  <testcase name="parse[431]" classname="org.bitcoinj.utils.BtcFormatTest" time="0.0"/>
  <testcase name="btcRounding[431]" classname="org.bitcoinj.utils.BtcFormatTest" time="0.001"/>
  <testcase name="negativeTest[431]" classname="org.bitcoinj.utils.BtcFormatTest" time="0.0">
    <skipped/>
  </testcase>
  <testcase name="millicoinScaleTest[431]" classname="org.bitcoinj.utils.BtcFormatTest" time="0.0"/>
  <testcase name="toStringTest[431]" classname="org.bitcoinj.utils.BtcFormatTest" time="0.001">
    <skipped/>
  </testcase>
  <testcase name="testGrouping[431]" classname="org.bitcoinj.utils.BtcFormatTest" time="0.0"/>
  <testcase name="symbolsCodesTest[431]" classname="org.bitcoinj.utils.BtcFormatTest" time="0.0"/>
  <testcase name="defaultLocaleTest[431]" classname="org.bitcoinj.utils.BtcFormatTest" time="0.001"/>
  <testcase name="parsePositionTest[431]" classname="org.bitcoinj.utils.BtcFormatTest" time="0.0"/>
  <testcase name="argumentTypeTest[431]" classname="org.bitcoinj.utils.BtcFormatTest" time="0.0">
    <skipped/>
  </testcase>
  <testcase name="characterIteratorTest[431]" classname="org.bitcoinj.utils.BtcFormatTest" time="0.0"/>
  <testcase name="repeatingPlaceTest[431]" classname="org.bitcoinj.utils.BtcFormatTest" time="0.0"/>
  <testcase name="currencyCodeTest[431]" classname="org.bitcoinj.utils.BtcFormatTest" time="0.0">
    <skipped/>
  </testcase>
  <testcase name="patternDecimalPlaces[431]" classname="org.bitcoinj.utils.BtcFormatTest" time="0.0"/>
  <testcase name="factoryArgumentsTest[432]" classname="org.bitcoinj.utils.BtcFormatTest" time="0.001"/>
  <testcase name="parseTest[432]" classname="org.bitcoinj.utils.BtcFormatTest" time="0.0">
    <skipped/>
  </testcase>
  <testcase name="microcoinScaleTest[432]" classname="org.bitcoinj.utils.BtcFormatTest" time="0.0"/>
  <testcase name="parseMetricTest[432]" classname="org.bitcoinj.utils.BtcFormatTest" time="0.001"/>
  <testcase name="coinScaleTest[432]" classname="org.bitcoinj.utils.BtcFormatTest" time="0.0"/>
  <testcase name="builderTest[432]" classname="org.bitcoinj.utils.BtcFormatTest" time="0.0">
    <skipped/>
  </testcase>
  <testcase name="attributeTest[432]" classname="org.bitcoinj.utils.BtcFormatTest" time="0.0">
    <skipped/>
  </testcase>
  <testcase name="prefixTest[432]" classname="org.bitcoinj.utils.BtcFormatTest" time="0.0"/>
  <testcase name="suffixTest[432]" classname="org.bitcoinj.utils.BtcFormatTest" time="0.0">
    <skipped/>
  </testcase>
  <testcase name="autoDecimalTest[432]" classname="org.bitcoinj.utils.BtcFormatTest" time="0.001"/>
  <testcase name="symbolCollisionTest[432]" classname="org.bitcoinj.utils.BtcFormatTest" time="0.002"/>
  <testcase name="equalityTest[432]" classname="org.bitcoinj.utils.BtcFormatTest" time="0.001"/>
  <testcase name="columnAlignmentTest[432]" classname="org.bitcoinj.utils.BtcFormatTest" time="0.0"/>
  <testcase name="factoryTest[432]" classname="org.bitcoinj.utils.BtcFormatTest" time="0.0"/>
  <testcase name="parse[432]" classname="org.bitcoinj.utils.BtcFormatTest" time="0.0"/>
  <testcase name="btcRounding[432]" classname="org.bitcoinj.utils.BtcFormatTest" time="0.001"/>
  <testcase name="negativeTest[432]" classname="org.bitcoinj.utils.BtcFormatTest" time="0.0">
    <skipped/>
  </testcase>
  <testcase name="millicoinScaleTest[432]" classname="org.bitcoinj.utils.BtcFormatTest" time="0.001"/>
  <testcase name="toStringTest[432]" classname="org.bitcoinj.utils.BtcFormatTest" time="0.0">
    <skipped/>
  </testcase>
  <testcase name="testGrouping[432]" classname="org.bitcoinj.utils.BtcFormatTest" time="0.0"/>
  <testcase name="symbolsCodesTest[432]" classname="org.bitcoinj.utils.BtcFormatTest" time="0.001"/>
  <testcase name="defaultLocaleTest[432]" classname="org.bitcoinj.utils.BtcFormatTest" time="0.0"/>
  <testcase name="parsePositionTest[432]" classname="org.bitcoinj.utils.BtcFormatTest" time="0.0"/>
  <testcase name="argumentTypeTest[432]" classname="org.bitcoinj.utils.BtcFormatTest" time="0.0">
    <skipped/>
  </testcase>
  <testcase name="characterIteratorTest[432]" classname="org.bitcoinj.utils.BtcFormatTest" time="0.001"/>
  <testcase name="repeatingPlaceTest[432]" classname="org.bitcoinj.utils.BtcFormatTest" time="0.0"/>
  <testcase name="currencyCodeTest[432]" classname="org.bitcoinj.utils.BtcFormatTest" time="0.0">
    <skipped/>
  </testcase>
  <testcase name="patternDecimalPlaces[432]" classname="org.bitcoinj.utils.BtcFormatTest" time="0.0"/>
  <testcase name="factoryArgumentsTest[433]" classname="org.bitcoinj.utils.BtcFormatTest" time="0.001"/>
  <testcase name="parseTest[433]" classname="org.bitcoinj.utils.BtcFormatTest" time="0.0">
    <skipped/>
  </testcase>
  <testcase name="microcoinScaleTest[433]" classname="org.bitcoinj.utils.BtcFormatTest" time="0.0"/>
  <testcase name="parseMetricTest[433]" classname="org.bitcoinj.utils.BtcFormatTest" time="0.001"/>
  <testcase name="coinScaleTest[433]" classname="org.bitcoinj.utils.BtcFormatTest" time="0.0"/>
  <testcase name="builderTest[433]" classname="org.bitcoinj.utils.BtcFormatTest" time="0.0">
    <skipped/>
  </testcase>
  <testcase name="attributeTest[433]" classname="org.bitcoinj.utils.BtcFormatTest" time="0.0">
    <skipped/>
  </testcase>
  <testcase name="prefixTest[433]" classname="org.bitcoinj.utils.BtcFormatTest" time="0.0"/>
  <testcase name="suffixTest[433]" classname="org.bitcoinj.utils.BtcFormatTest" time="0.0">
    <skipped/>
  </testcase>
  <testcase name="autoDecimalTest[433]" classname="org.bitcoinj.utils.BtcFormatTest" time="0.002"/>
  <testcase name="symbolCollisionTest[433]" classname="org.bitcoinj.utils.BtcFormatTest" time="0.002"/>
  <testcase name="equalityTest[433]" classname="org.bitcoinj.utils.BtcFormatTest" time="0.002"/>
  <testcase name="columnAlignmentTest[433]" classname="org.bitcoinj.utils.BtcFormatTest" time="0.0"/>
  <testcase name="factoryTest[433]" classname="org.bitcoinj.utils.BtcFormatTest" time="0.001"/>
  <testcase name="parse[433]" classname="org.bitcoinj.utils.BtcFormatTest" time="0.0"/>
  <testcase name="btcRounding[433]" classname="org.bitcoinj.utils.BtcFormatTest" time="0.002"/>
  <testcase name="negativeTest[433]" classname="org.bitcoinj.utils.BtcFormatTest" time="0.0">
    <skipped/>
  </testcase>
  <testcase name="millicoinScaleTest[433]" classname="org.bitcoinj.utils.BtcFormatTest" time="0.0"/>
  <testcase name="toStringTest[433]" classname="org.bitcoinj.utils.BtcFormatTest" time="0.0">
    <skipped/>
  </testcase>
  <testcase name="testGrouping[433]" classname="org.bitcoinj.utils.BtcFormatTest" time="0.0"/>
  <testcase name="symbolsCodesTest[433]" classname="org.bitcoinj.utils.BtcFormatTest" time="0.001"/>
  <testcase name="defaultLocaleTest[433]" classname="org.bitcoinj.utils.BtcFormatTest" time="0.0"/>
  <testcase name="parsePositionTest[433]" classname="org.bitcoinj.utils.BtcFormatTest" time="0.0"/>
  <testcase name="argumentTypeTest[433]" classname="org.bitcoinj.utils.BtcFormatTest" time="0.0">
    <skipped/>
  </testcase>
  <testcase name="characterIteratorTest[433]" classname="org.bitcoinj.utils.BtcFormatTest" time="0.001"/>
  <testcase name="repeatingPlaceTest[433]" classname="org.bitcoinj.utils.BtcFormatTest" time="0.0"/>
  <testcase name="currencyCodeTest[433]" classname="org.bitcoinj.utils.BtcFormatTest" time="0.0">
    <skipped/>
  </testcase>
  <testcase name="patternDecimalPlaces[433]" classname="org.bitcoinj.utils.BtcFormatTest" time="0.008"/>
  <testcase name="factoryArgumentsTest[434]" classname="org.bitcoinj.utils.BtcFormatTest" time="0.002"/>
  <testcase name="parseTest[434]" classname="org.bitcoinj.utils.BtcFormatTest" time="0.0">
    <skipped/>
  </testcase>
  <testcase name="microcoinScaleTest[434]" classname="org.bitcoinj.utils.BtcFormatTest" time="0.0"/>
  <testcase name="parseMetricTest[434]" classname="org.bitcoinj.utils.BtcFormatTest" time="0.001"/>
  <testcase name="coinScaleTest[434]" classname="org.bitcoinj.utils.BtcFormatTest" time="0.0"/>
  <testcase name="builderTest[434]" classname="org.bitcoinj.utils.BtcFormatTest" time="0.0">
    <skipped/>
  </testcase>
  <testcase name="attributeTest[434]" classname="org.bitcoinj.utils.BtcFormatTest" time="0.0">
    <skipped/>
  </testcase>
  <testcase name="prefixTest[434]" classname="org.bitcoinj.utils.BtcFormatTest" time="0.0"/>
  <testcase name="suffixTest[434]" classname="org.bitcoinj.utils.BtcFormatTest" time="0.0">
    <skipped/>
  </testcase>
  <testcase name="autoDecimalTest[434]" classname="org.bitcoinj.utils.BtcFormatTest" time="0.001"/>
  <testcase name="symbolCollisionTest[434]" classname="org.bitcoinj.utils.BtcFormatTest" time="0.002"/>
  <testcase name="equalityTest[434]" classname="org.bitcoinj.utils.BtcFormatTest" time="0.001"/>
  <testcase name="columnAlignmentTest[434]" classname="org.bitcoinj.utils.BtcFormatTest" time="0.0"/>
  <testcase name="factoryTest[434]" classname="org.bitcoinj.utils.BtcFormatTest" time="0.001"/>
  <testcase name="parse[434]" classname="org.bitcoinj.utils.BtcFormatTest" time="0.0"/>
  <testcase name="btcRounding[434]" classname="org.bitcoinj.utils.BtcFormatTest" time="0.001"/>
  <testcase name="negativeTest[434]" classname="org.bitcoinj.utils.BtcFormatTest" time="0.0">
    <skipped/>
  </testcase>
  <testcase name="millicoinScaleTest[434]" classname="org.bitcoinj.utils.BtcFormatTest" time="0.0"/>
  <testcase name="toStringTest[434]" classname="org.bitcoinj.utils.BtcFormatTest" time="0.0">
    <skipped/>
  </testcase>
  <testcase name="testGrouping[434]" classname="org.bitcoinj.utils.BtcFormatTest" time="0.0"/>
  <testcase name="symbolsCodesTest[434]" classname="org.bitcoinj.utils.BtcFormatTest" time="0.001"/>
  <testcase name="defaultLocaleTest[434]" classname="org.bitcoinj.utils.BtcFormatTest" time="0.0"/>
  <testcase name="parsePositionTest[434]" classname="org.bitcoinj.utils.BtcFormatTest" time="0.0"/>
  <testcase name="argumentTypeTest[434]" classname="org.bitcoinj.utils.BtcFormatTest" time="0.0">
    <skipped/>
  </testcase>
  <testcase name="characterIteratorTest[434]" classname="org.bitcoinj.utils.BtcFormatTest" time="0.0"/>
  <testcase name="repeatingPlaceTest[434]" classname="org.bitcoinj.utils.BtcFormatTest" time="0.001"/>
  <testcase name="currencyCodeTest[434]" classname="org.bitcoinj.utils.BtcFormatTest" time="0.0">
    <skipped/>
  </testcase>
  <testcase name="patternDecimalPlaces[434]" classname="org.bitcoinj.utils.BtcFormatTest" time="0.0"/>
  <testcase name="factoryArgumentsTest[435]" classname="org.bitcoinj.utils.BtcFormatTest" time="0.001"/>
  <testcase name="parseTest[435]" classname="org.bitcoinj.utils.BtcFormatTest" time="0.0">
    <skipped/>
  </testcase>
  <testcase name="microcoinScaleTest[435]" classname="org.bitcoinj.utils.BtcFormatTest" time="0.0"/>
  <testcase name="parseMetricTest[435]" classname="org.bitcoinj.utils.BtcFormatTest" time="0.002"/>
  <testcase name="coinScaleTest[435]" classname="org.bitcoinj.utils.BtcFormatTest" time="0.0"/>
  <testcase name="builderTest[435]" classname="org.bitcoinj.utils.BtcFormatTest" time="0.0">
    <skipped/>
  </testcase>
  <testcase name="attributeTest[435]" classname="org.bitcoinj.utils.BtcFormatTest" time="0.0">
    <skipped/>
  </testcase>
  <testcase name="prefixTest[435]" classname="org.bitcoinj.utils.BtcFormatTest" time="0.0"/>
  <testcase name="suffixTest[435]" classname="org.bitcoinj.utils.BtcFormatTest" time="0.0">
    <skipped/>
  </testcase>
  <testcase name="autoDecimalTest[435]" classname="org.bitcoinj.utils.BtcFormatTest" time="0.001"/>
  <testcase name="symbolCollisionTest[435]" classname="org.bitcoinj.utils.BtcFormatTest" time="0.003"/>
  <testcase name="equalityTest[435]" classname="org.bitcoinj.utils.BtcFormatTest" time="0.001"/>
  <testcase name="columnAlignmentTest[435]" classname="org.bitcoinj.utils.BtcFormatTest" time="0.0"/>
  <testcase name="factoryTest[435]" classname="org.bitcoinj.utils.BtcFormatTest" time="0.0"/>
  <testcase name="parse[435]" classname="org.bitcoinj.utils.BtcFormatTest" time="0.0"/>
  <testcase name="btcRounding[435]" classname="org.bitcoinj.utils.BtcFormatTest" time="0.001"/>
  <testcase name="negativeTest[435]" classname="org.bitcoinj.utils.BtcFormatTest" time="0.0">
    <skipped/>
  </testcase>
  <testcase name="millicoinScaleTest[435]" classname="org.bitcoinj.utils.BtcFormatTest" time="0.0"/>
  <testcase name="toStringTest[435]" classname="org.bitcoinj.utils.BtcFormatTest" time="0.0">
    <skipped/>
  </testcase>
  <testcase name="testGrouping[435]" classname="org.bitcoinj.utils.BtcFormatTest" time="0.001"/>
  <testcase name="symbolsCodesTest[435]" classname="org.bitcoinj.utils.BtcFormatTest" time="0.001"/>
  <testcase name="defaultLocaleTest[435]" classname="org.bitcoinj.utils.BtcFormatTest" time="0.0"/>
  <testcase name="parsePositionTest[435]" classname="org.bitcoinj.utils.BtcFormatTest" time="0.0"/>
  <testcase name="argumentTypeTest[435]" classname="org.bitcoinj.utils.BtcFormatTest" time="0.0">
    <skipped/>
  </testcase>
  <testcase name="characterIteratorTest[435]" classname="org.bitcoinj.utils.BtcFormatTest" time="0.0"/>
  <testcase name="repeatingPlaceTest[435]" classname="org.bitcoinj.utils.BtcFormatTest" time="0.001"/>
  <testcase name="currencyCodeTest[435]" classname="org.bitcoinj.utils.BtcFormatTest" time="0.0">
    <skipped/>
  </testcase>
  <testcase name="patternDecimalPlaces[435]" classname="org.bitcoinj.utils.BtcFormatTest" time="0.0"/>
  <testcase name="factoryArgumentsTest[436]" classname="org.bitcoinj.utils.BtcFormatTest" time="0.001"/>
  <testcase name="parseTest[436]" classname="org.bitcoinj.utils.BtcFormatTest" time="0.0">
    <skipped/>
  </testcase>
  <testcase name="microcoinScaleTest[436]" classname="org.bitcoinj.utils.BtcFormatTest" time="0.0"/>
  <testcase name="parseMetricTest[436]" classname="org.bitcoinj.utils.BtcFormatTest" time="0.002"/>
  <testcase name="coinScaleTest[436]" classname="org.bitcoinj.utils.BtcFormatTest" time="0.0"/>
  <testcase name="builderTest[436]" classname="org.bitcoinj.utils.BtcFormatTest" time="0.0">
    <skipped/>
  </testcase>
  <testcase name="attributeTest[436]" classname="org.bitcoinj.utils.BtcFormatTest" time="0.0">
    <skipped/>
  </testcase>
  <testcase name="prefixTest[436]" classname="org.bitcoinj.utils.BtcFormatTest" time="0.001"/>
  <testcase name="suffixTest[436]" classname="org.bitcoinj.utils.BtcFormatTest" time="0.0">
    <skipped/>
  </testcase>
  <testcase name="autoDecimalTest[436]" classname="org.bitcoinj.utils.BtcFormatTest" time="0.0"/>
  <testcase name="symbolCollisionTest[436]" classname="org.bitcoinj.utils.BtcFormatTest" time="0.002"/>
  <testcase name="equalityTest[436]" classname="org.bitcoinj.utils.BtcFormatTest" time="0.002"/>
  <testcase name="columnAlignmentTest[436]" classname="org.bitcoinj.utils.BtcFormatTest" time="0.0"/>
  <testcase name="factoryTest[436]" classname="org.bitcoinj.utils.BtcFormatTest" time="0.0"/>
  <testcase name="parse[436]" classname="org.bitcoinj.utils.BtcFormatTest" time="0.001"/>
  <testcase name="btcRounding[436]" classname="org.bitcoinj.utils.BtcFormatTest" time="0.001"/>
  <testcase name="negativeTest[436]" classname="org.bitcoinj.utils.BtcFormatTest" time="0.0">
    <skipped/>
  </testcase>
  <testcase name="millicoinScaleTest[436]" classname="org.bitcoinj.utils.BtcFormatTest" time="0.0"/>
  <testcase name="toStringTest[436]" classname="org.bitcoinj.utils.BtcFormatTest" time="0.0">
    <skipped/>
  </testcase>
  <testcase name="testGrouping[436]" classname="org.bitcoinj.utils.BtcFormatTest" time="0.0"/>
  <testcase name="symbolsCodesTest[436]" classname="org.bitcoinj.utils.BtcFormatTest" time="0.001"/>
  <testcase name="defaultLocaleTest[436]" classname="org.bitcoinj.utils.BtcFormatTest" time="0.0"/>
  <testcase name="parsePositionTest[436]" classname="org.bitcoinj.utils.BtcFormatTest" time="0.0"/>
  <testcase name="argumentTypeTest[436]" classname="org.bitcoinj.utils.BtcFormatTest" time="0.0">
    <skipped/>
  </testcase>
  <testcase name="characterIteratorTest[436]" classname="org.bitcoinj.utils.BtcFormatTest" time="0.0"/>
  <testcase name="repeatingPlaceTest[436]" classname="org.bitcoinj.utils.BtcFormatTest" time="0.001"/>
  <testcase name="currencyCodeTest[436]" classname="org.bitcoinj.utils.BtcFormatTest" time="0.0">
    <skipped/>
  </testcase>
  <testcase name="patternDecimalPlaces[436]" classname="org.bitcoinj.utils.BtcFormatTest" time="0.0"/>
  <testcase name="factoryArgumentsTest[437]" classname="org.bitcoinj.utils.BtcFormatTest" time="0.001"/>
  <testcase name="parseTest[437]" classname="org.bitcoinj.utils.BtcFormatTest" time="0.0">
    <skipped/>
  </testcase>
  <testcase name="microcoinScaleTest[437]" classname="org.bitcoinj.utils.BtcFormatTest" time="0.0"/>
  <testcase name="parseMetricTest[437]" classname="org.bitcoinj.utils.BtcFormatTest" time="0.001"/>
  <testcase name="coinScaleTest[437]" classname="org.bitcoinj.utils.BtcFormatTest" time="0.0"/>
  <testcase name="builderTest[437]" classname="org.bitcoinj.utils.BtcFormatTest" time="0.0">
    <skipped/>
  </testcase>
  <testcase name="attributeTest[437]" classname="org.bitcoinj.utils.BtcFormatTest" time="0.0">
    <skipped/>
  </testcase>
  <testcase name="prefixTest[437]" classname="org.bitcoinj.utils.BtcFormatTest" time="0.0"/>
  <testcase name="suffixTest[437]" classname="org.bitcoinj.utils.BtcFormatTest" time="0.0">
    <skipped/>
  </testcase>
  <testcase name="autoDecimalTest[437]" classname="org.bitcoinj.utils.BtcFormatTest" time="0.001"/>
  <testcase name="symbolCollisionTest[437]" classname="org.bitcoinj.utils.BtcFormatTest" time="0.002"/>
  <testcase name="equalityTest[437]" classname="org.bitcoinj.utils.BtcFormatTest" time="0.003"/>
  <testcase name="columnAlignmentTest[437]" classname="org.bitcoinj.utils.BtcFormatTest" time="0.0"/>
  <testcase name="factoryTest[437]" classname="org.bitcoinj.utils.BtcFormatTest" time="0.0"/>
  <testcase name="parse[437]" classname="org.bitcoinj.utils.BtcFormatTest" time="0.0"/>
  <testcase name="btcRounding[437]" classname="org.bitcoinj.utils.BtcFormatTest" time="0.002"/>
  <testcase name="negativeTest[437]" classname="org.bitcoinj.utils.BtcFormatTest" time="0.0">
    <skipped/>
  </testcase>
  <testcase name="millicoinScaleTest[437]" classname="org.bitcoinj.utils.BtcFormatTest" time="0.0"/>
  <testcase name="toStringTest[437]" classname="org.bitcoinj.utils.BtcFormatTest" time="0.0">
    <skipped/>
  </testcase>
  <testcase name="testGrouping[437]" classname="org.bitcoinj.utils.BtcFormatTest" time="0.0"/>
  <testcase name="symbolsCodesTest[437]" classname="org.bitcoinj.utils.BtcFormatTest" time="0.001"/>
  <testcase name="defaultLocaleTest[437]" classname="org.bitcoinj.utils.BtcFormatTest" time="0.0"/>
  <testcase name="parsePositionTest[437]" classname="org.bitcoinj.utils.BtcFormatTest" time="0.0"/>
  <testcase name="argumentTypeTest[437]" classname="org.bitcoinj.utils.BtcFormatTest" time="0.0">
    <skipped/>
  </testcase>
  <testcase name="characterIteratorTest[437]" classname="org.bitcoinj.utils.BtcFormatTest" time="0.0"/>
  <testcase name="repeatingPlaceTest[437]" classname="org.bitcoinj.utils.BtcFormatTest" time="0.0"/>
  <testcase name="currencyCodeTest[437]" classname="org.bitcoinj.utils.BtcFormatTest" time="0.0">
    <skipped/>
  </testcase>
  <testcase name="patternDecimalPlaces[437]" classname="org.bitcoinj.utils.BtcFormatTest" time="0.001"/>
  <testcase name="factoryArgumentsTest[438]" classname="org.bitcoinj.utils.BtcFormatTest" time="0.0"/>
  <testcase name="parseTest[438]" classname="org.bitcoinj.utils.BtcFormatTest" time="0.0">
    <skipped/>
  </testcase>
  <testcase name="microcoinScaleTest[438]" classname="org.bitcoinj.utils.BtcFormatTest" time="0.0"/>
  <testcase name="parseMetricTest[438]" classname="org.bitcoinj.utils.BtcFormatTest" time="0.001"/>
  <testcase name="coinScaleTest[438]" classname="org.bitcoinj.utils.BtcFormatTest" time="0.0"/>
  <testcase name="builderTest[438]" classname="org.bitcoinj.utils.BtcFormatTest" time="0.0">
    <skipped/>
  </testcase>
  <testcase name="attributeTest[438]" classname="org.bitcoinj.utils.BtcFormatTest" time="0.0">
    <skipped/>
  </testcase>
  <testcase name="prefixTest[438]" classname="org.bitcoinj.utils.BtcFormatTest" time="0.0"/>
  <testcase name="suffixTest[438]" classname="org.bitcoinj.utils.BtcFormatTest" time="0.0">
    <skipped/>
  </testcase>
  <testcase name="autoDecimalTest[438]" classname="org.bitcoinj.utils.BtcFormatTest" time="0.001"/>
  <testcase name="symbolCollisionTest[438]" classname="org.bitcoinj.utils.BtcFormatTest" time="0.001"/>
  <testcase name="equalityTest[438]" classname="org.bitcoinj.utils.BtcFormatTest" time="0.002"/>
  <testcase name="columnAlignmentTest[438]" classname="org.bitcoinj.utils.BtcFormatTest" time="0.0"/>
  <testcase name="factoryTest[438]" classname="org.bitcoinj.utils.BtcFormatTest" time="0.0"/>
  <testcase name="parse[438]" classname="org.bitcoinj.utils.BtcFormatTest" time="0.0"/>
  <testcase name="btcRounding[438]" classname="org.bitcoinj.utils.BtcFormatTest" time="0.001"/>
  <testcase name="negativeTest[438]" classname="org.bitcoinj.utils.BtcFormatTest" time="0.0">
    <skipped/>
  </testcase>
  <testcase name="millicoinScaleTest[438]" classname="org.bitcoinj.utils.BtcFormatTest" time="0.0"/>
  <testcase name="toStringTest[438]" classname="org.bitcoinj.utils.BtcFormatTest" time="0.0">
    <skipped/>
  </testcase>
  <testcase name="testGrouping[438]" classname="org.bitcoinj.utils.BtcFormatTest" time="0.001"/>
  <testcase name="symbolsCodesTest[438]" classname="org.bitcoinj.utils.BtcFormatTest" time="0.0"/>
  <testcase name="defaultLocaleTest[438]" classname="org.bitcoinj.utils.BtcFormatTest" time="0.001"/>
  <testcase name="parsePositionTest[438]" classname="org.bitcoinj.utils.BtcFormatTest" time="0.0"/>
  <testcase name="argumentTypeTest[438]" classname="org.bitcoinj.utils.BtcFormatTest" time="0.0">
    <skipped/>
  </testcase>
  <testcase name="characterIteratorTest[438]" classname="org.bitcoinj.utils.BtcFormatTest" time="0.0"/>
  <testcase name="repeatingPlaceTest[438]" classname="org.bitcoinj.utils.BtcFormatTest" time="0.0"/>
  <testcase name="currencyCodeTest[438]" classname="org.bitcoinj.utils.BtcFormatTest" time="0.0">
    <skipped/>
  </testcase>
  <testcase name="patternDecimalPlaces[438]" classname="org.bitcoinj.utils.BtcFormatTest" time="0.0"/>
  <testcase name="factoryArgumentsTest[439]" classname="org.bitcoinj.utils.BtcFormatTest" time="0.001"/>
  <testcase name="parseTest[439]" classname="org.bitcoinj.utils.BtcFormatTest" time="0.0">
    <skipped/>
  </testcase>
  <testcase name="microcoinScaleTest[439]" classname="org.bitcoinj.utils.BtcFormatTest" time="0.0"/>
  <testcase name="parseMetricTest[439]" classname="org.bitcoinj.utils.BtcFormatTest" time="0.001"/>
  <testcase name="coinScaleTest[439]" classname="org.bitcoinj.utils.BtcFormatTest" time="0.0"/>
  <testcase name="builderTest[439]" classname="org.bitcoinj.utils.BtcFormatTest" time="0.0">
    <skipped/>
  </testcase>
  <testcase name="attributeTest[439]" classname="org.bitcoinj.utils.BtcFormatTest" time="0.0">
    <skipped/>
  </testcase>
  <testcase name="prefixTest[439]" classname="org.bitcoinj.utils.BtcFormatTest" time="0.001"/>
  <testcase name="suffixTest[439]" classname="org.bitcoinj.utils.BtcFormatTest" time="0.0">
    <skipped/>
  </testcase>
  <testcase name="autoDecimalTest[439]" classname="org.bitcoinj.utils.BtcFormatTest" time="0.0"/>
  <testcase name="symbolCollisionTest[439]" classname="org.bitcoinj.utils.BtcFormatTest" time="0.002"/>
  <testcase name="equalityTest[439]" classname="org.bitcoinj.utils.BtcFormatTest" time="0.001"/>
  <testcase name="columnAlignmentTest[439]" classname="org.bitcoinj.utils.BtcFormatTest" time="0.0"/>
  <testcase name="factoryTest[439]" classname="org.bitcoinj.utils.BtcFormatTest" time="0.0"/>
  <testcase name="parse[439]" classname="org.bitcoinj.utils.BtcFormatTest" time="0.0"/>
  <testcase name="btcRounding[439]" classname="org.bitcoinj.utils.BtcFormatTest" time="0.001"/>
  <testcase name="negativeTest[439]" classname="org.bitcoinj.utils.BtcFormatTest" time="0.0">
    <skipped/>
  </testcase>
  <testcase name="millicoinScaleTest[439]" classname="org.bitcoinj.utils.BtcFormatTest" time="0.0"/>
  <testcase name="toStringTest[439]" classname="org.bitcoinj.utils.BtcFormatTest" time="0.0">
    <skipped/>
  </testcase>
  <testcase name="testGrouping[439]" classname="org.bitcoinj.utils.BtcFormatTest" time="0.001"/>
  <testcase name="symbolsCodesTest[439]" classname="org.bitcoinj.utils.BtcFormatTest" time="0.0"/>
  <testcase name="defaultLocaleTest[439]" classname="org.bitcoinj.utils.BtcFormatTest" time="0.0"/>
  <testcase name="parsePositionTest[439]" classname="org.bitcoinj.utils.BtcFormatTest" time="0.001"/>
  <testcase name="argumentTypeTest[439]" classname="org.bitcoinj.utils.BtcFormatTest" time="0.0">
    <skipped/>
  </testcase>
  <testcase name="characterIteratorTest[439]" classname="org.bitcoinj.utils.BtcFormatTest" time="0.0"/>
  <testcase name="repeatingPlaceTest[439]" classname="org.bitcoinj.utils.BtcFormatTest" time="0.0"/>
  <testcase name="currencyCodeTest[439]" classname="org.bitcoinj.utils.BtcFormatTest" time="0.0">
    <skipped/>
  </testcase>
  <testcase name="patternDecimalPlaces[439]" classname="org.bitcoinj.utils.BtcFormatTest" time="0.0"/>
  <testcase name="factoryArgumentsTest[440]" classname="org.bitcoinj.utils.BtcFormatTest" time="0.001"/>
  <testcase name="parseTest[440]" classname="org.bitcoinj.utils.BtcFormatTest" time="0.0">
    <skipped/>
  </testcase>
  <testcase name="microcoinScaleTest[440]" classname="org.bitcoinj.utils.BtcFormatTest" time="0.0"/>
  <testcase name="parseMetricTest[440]" classname="org.bitcoinj.utils.BtcFormatTest" time="0.001"/>
  <testcase name="coinScaleTest[440]" classname="org.bitcoinj.utils.BtcFormatTest" time="0.0"/>
  <testcase name="builderTest[440]" classname="org.bitcoinj.utils.BtcFormatTest" time="0.0">
    <skipped/>
  </testcase>
  <testcase name="attributeTest[440]" classname="org.bitcoinj.utils.BtcFormatTest" time="0.0">
    <skipped/>
  </testcase>
  <testcase name="prefixTest[440]" classname="org.bitcoinj.utils.BtcFormatTest" time="0.001"/>
  <testcase name="suffixTest[440]" classname="org.bitcoinj.utils.BtcFormatTest" time="0.0">
    <skipped/>
  </testcase>
  <testcase name="autoDecimalTest[440]" classname="org.bitcoinj.utils.BtcFormatTest" time="0.0"/>
  <testcase name="symbolCollisionTest[440]" classname="org.bitcoinj.utils.BtcFormatTest" time="0.002"/>
  <testcase name="equalityTest[440]" classname="org.bitcoinj.utils.BtcFormatTest" time="0.002"/>
  <testcase name="columnAlignmentTest[440]" classname="org.bitcoinj.utils.BtcFormatTest" time="0.0"/>
  <testcase name="factoryTest[440]" classname="org.bitcoinj.utils.BtcFormatTest" time="0.0"/>
  <testcase name="parse[440]" classname="org.bitcoinj.utils.BtcFormatTest" time="0.0"/>
  <testcase name="btcRounding[440]" classname="org.bitcoinj.utils.BtcFormatTest" time="0.003"/>
  <testcase name="negativeTest[440]" classname="org.bitcoinj.utils.BtcFormatTest" time="0.0">
    <skipped/>
  </testcase>
  <testcase name="millicoinScaleTest[440]" classname="org.bitcoinj.utils.BtcFormatTest" time="0.0"/>
  <testcase name="toStringTest[440]" classname="org.bitcoinj.utils.BtcFormatTest" time="0.0">
    <skipped/>
  </testcase>
  <testcase name="testGrouping[440]" classname="org.bitcoinj.utils.BtcFormatTest" time="0.0"/>
  <testcase name="symbolsCodesTest[440]" classname="org.bitcoinj.utils.BtcFormatTest" time="0.001"/>
  <testcase name="defaultLocaleTest[440]" classname="org.bitcoinj.utils.BtcFormatTest" time="0.0"/>
  <testcase name="parsePositionTest[440]" classname="org.bitcoinj.utils.BtcFormatTest" time="0.001"/>
  <testcase name="argumentTypeTest[440]" classname="org.bitcoinj.utils.BtcFormatTest" time="0.0">
    <skipped/>
  </testcase>
  <testcase name="characterIteratorTest[440]" classname="org.bitcoinj.utils.BtcFormatTest" time="0.0"/>
  <testcase name="repeatingPlaceTest[440]" classname="org.bitcoinj.utils.BtcFormatTest" time="0.001"/>
  <testcase name="currencyCodeTest[440]" classname="org.bitcoinj.utils.BtcFormatTest" time="0.0">
    <skipped/>
  </testcase>
  <testcase name="patternDecimalPlaces[440]" classname="org.bitcoinj.utils.BtcFormatTest" time="0.0"/>
  <testcase name="factoryArgumentsTest[441]" classname="org.bitcoinj.utils.BtcFormatTest" time="0.001"/>
  <testcase name="parseTest[441]" classname="org.bitcoinj.utils.BtcFormatTest" time="0.0">
    <skipped/>
  </testcase>
  <testcase name="microcoinScaleTest[441]" classname="org.bitcoinj.utils.BtcFormatTest" time="0.0"/>
  <testcase name="parseMetricTest[441]" classname="org.bitcoinj.utils.BtcFormatTest" time="0.001"/>
  <testcase name="coinScaleTest[441]" classname="org.bitcoinj.utils.BtcFormatTest" time="0.0"/>
  <testcase name="builderTest[441]" classname="org.bitcoinj.utils.BtcFormatTest" time="0.0">
    <skipped/>
  </testcase>
  <testcase name="attributeTest[441]" classname="org.bitcoinj.utils.BtcFormatTest" time="0.0">
    <skipped/>
  </testcase>
  <testcase name="prefixTest[441]" classname="org.bitcoinj.utils.BtcFormatTest" time="0.0"/>
  <testcase name="suffixTest[441]" classname="org.bitcoinj.utils.BtcFormatTest" time="0.0">
    <skipped/>
  </testcase>
  <testcase name="autoDecimalTest[441]" classname="org.bitcoinj.utils.BtcFormatTest" time="0.001"/>
  <testcase name="symbolCollisionTest[441]" classname="org.bitcoinj.utils.BtcFormatTest" time="0.002"/>
  <testcase name="equalityTest[441]" classname="org.bitcoinj.utils.BtcFormatTest" time="0.001"/>
  <testcase name="columnAlignmentTest[441]" classname="org.bitcoinj.utils.BtcFormatTest" time="0.0"/>
  <testcase name="factoryTest[441]" classname="org.bitcoinj.utils.BtcFormatTest" time="0.001"/>
  <testcase name="parse[441]" classname="org.bitcoinj.utils.BtcFormatTest" time="0.0"/>
  <testcase name="btcRounding[441]" classname="org.bitcoinj.utils.BtcFormatTest" time="0.001"/>
  <testcase name="negativeTest[441]" classname="org.bitcoinj.utils.BtcFormatTest" time="0.0">
    <skipped/>
  </testcase>
  <testcase name="millicoinScaleTest[441]" classname="org.bitcoinj.utils.BtcFormatTest" time="0.0"/>
  <testcase name="toStringTest[441]" classname="org.bitcoinj.utils.BtcFormatTest" time="0.0">
    <skipped/>
  </testcase>
  <testcase name="testGrouping[441]" classname="org.bitcoinj.utils.BtcFormatTest" time="0.0"/>
  <testcase name="symbolsCodesTest[441]" classname="org.bitcoinj.utils.BtcFormatTest" time="0.0"/>
  <testcase name="defaultLocaleTest[441]" classname="org.bitcoinj.utils.BtcFormatTest" time="0.001"/>
  <testcase name="parsePositionTest[441]" classname="org.bitcoinj.utils.BtcFormatTest" time="0.0"/>
  <testcase name="argumentTypeTest[441]" classname="org.bitcoinj.utils.BtcFormatTest" time="0.0">
    <skipped/>
  </testcase>
  <testcase name="characterIteratorTest[441]" classname="org.bitcoinj.utils.BtcFormatTest" time="0.0"/>
  <testcase name="repeatingPlaceTest[441]" classname="org.bitcoinj.utils.BtcFormatTest" time="0.0"/>
  <testcase name="currencyCodeTest[441]" classname="org.bitcoinj.utils.BtcFormatTest" time="0.0">
    <skipped/>
  </testcase>
  <testcase name="patternDecimalPlaces[441]" classname="org.bitcoinj.utils.BtcFormatTest" time="0.0"/>
  <testcase name="factoryArgumentsTest[442]" classname="org.bitcoinj.utils.BtcFormatTest" time="0.001"/>
  <testcase name="parseTest[442]" classname="org.bitcoinj.utils.BtcFormatTest" time="0.0">
    <skipped/>
  </testcase>
  <testcase name="microcoinScaleTest[442]" classname="org.bitcoinj.utils.BtcFormatTest" time="0.001"/>
  <testcase name="parseMetricTest[442]" classname="org.bitcoinj.utils.BtcFormatTest" time="0.002"/>
  <testcase name="coinScaleTest[442]" classname="org.bitcoinj.utils.BtcFormatTest" time="0.0"/>
  <testcase name="builderTest[442]" classname="org.bitcoinj.utils.BtcFormatTest" time="0.0">
    <skipped/>
  </testcase>
  <testcase name="attributeTest[442]" classname="org.bitcoinj.utils.BtcFormatTest" time="0.0">
    <skipped/>
  </testcase>
  <testcase name="prefixTest[442]" classname="org.bitcoinj.utils.BtcFormatTest" time="0.0"/>
  <testcase name="suffixTest[442]" classname="org.bitcoinj.utils.BtcFormatTest" time="0.0">
    <skipped/>
  </testcase>
  <testcase name="autoDecimalTest[442]" classname="org.bitcoinj.utils.BtcFormatTest" time="0.001"/>
  <testcase name="symbolCollisionTest[442]" classname="org.bitcoinj.utils.BtcFormatTest" time="0.002"/>
  <testcase name="equalityTest[442]" classname="org.bitcoinj.utils.BtcFormatTest" time="0.002"/>
  <testcase name="columnAlignmentTest[442]" classname="org.bitcoinj.utils.BtcFormatTest" time="0.0"/>
  <testcase name="factoryTest[442]" classname="org.bitcoinj.utils.BtcFormatTest" time="0.001"/>
  <testcase name="parse[442]" classname="org.bitcoinj.utils.BtcFormatTest" time="0.0"/>
  <testcase name="btcRounding[442]" classname="org.bitcoinj.utils.BtcFormatTest" time="0.002"/>
  <testcase name="negativeTest[442]" classname="org.bitcoinj.utils.BtcFormatTest" time="0.0">
    <skipped/>
  </testcase>
  <testcase name="millicoinScaleTest[442]" classname="org.bitcoinj.utils.BtcFormatTest" time="0.0"/>
  <testcase name="toStringTest[442]" classname="org.bitcoinj.utils.BtcFormatTest" time="0.0">
    <skipped/>
  </testcase>
  <testcase name="testGrouping[442]" classname="org.bitcoinj.utils.BtcFormatTest" time="0.0"/>
  <testcase name="symbolsCodesTest[442]" classname="org.bitcoinj.utils.BtcFormatTest" time="0.001"/>
  <testcase name="defaultLocaleTest[442]" classname="org.bitcoinj.utils.BtcFormatTest" time="0.0"/>
  <testcase name="parsePositionTest[442]" classname="org.bitcoinj.utils.BtcFormatTest" time="0.0"/>
  <testcase name="argumentTypeTest[442]" classname="org.bitcoinj.utils.BtcFormatTest" time="0.0">
    <skipped/>
  </testcase>
  <testcase name="characterIteratorTest[442]" classname="org.bitcoinj.utils.BtcFormatTest" time="0.001"/>
  <testcase name="repeatingPlaceTest[442]" classname="org.bitcoinj.utils.BtcFormatTest" time="0.0"/>
  <testcase name="currencyCodeTest[442]" classname="org.bitcoinj.utils.BtcFormatTest" time="0.0">
    <skipped/>
  </testcase>
  <testcase name="patternDecimalPlaces[442]" classname="org.bitcoinj.utils.BtcFormatTest" time="0.0"/>
  <testcase name="factoryArgumentsTest[443]" classname="org.bitcoinj.utils.BtcFormatTest" time="0.001"/>
  <testcase name="parseTest[443]" classname="org.bitcoinj.utils.BtcFormatTest" time="0.0">
    <skipped/>
  </testcase>
  <testcase name="microcoinScaleTest[443]" classname="org.bitcoinj.utils.BtcFormatTest" time="0.0"/>
  <testcase name="parseMetricTest[443]" classname="org.bitcoinj.utils.BtcFormatTest" time="0.003"/>
  <testcase name="coinScaleTest[443]" classname="org.bitcoinj.utils.BtcFormatTest" time="0.0"/>
  <testcase name="builderTest[443]" classname="org.bitcoinj.utils.BtcFormatTest" time="0.0">
    <skipped/>
  </testcase>
  <testcase name="attributeTest[443]" classname="org.bitcoinj.utils.BtcFormatTest" time="0.0">
    <skipped/>
  </testcase>
  <testcase name="prefixTest[443]" classname="org.bitcoinj.utils.BtcFormatTest" time="0.0"/>
  <testcase name="suffixTest[443]" classname="org.bitcoinj.utils.BtcFormatTest" time="0.0">
    <skipped/>
  </testcase>
  <testcase name="autoDecimalTest[443]" classname="org.bitcoinj.utils.BtcFormatTest" time="0.001"/>
  <testcase name="symbolCollisionTest[443]" classname="org.bitcoinj.utils.BtcFormatTest" time="0.002"/>
  <testcase name="equalityTest[443]" classname="org.bitcoinj.utils.BtcFormatTest" time="0.002"/>
  <testcase name="columnAlignmentTest[443]" classname="org.bitcoinj.utils.BtcFormatTest" time="0.001"/>
  <testcase name="factoryTest[443]" classname="org.bitcoinj.utils.BtcFormatTest" time="0.0"/>
  <testcase name="parse[443]" classname="org.bitcoinj.utils.BtcFormatTest" time="0.0"/>
  <testcase name="btcRounding[443]" classname="org.bitcoinj.utils.BtcFormatTest" time="0.001"/>
  <testcase name="negativeTest[443]" classname="org.bitcoinj.utils.BtcFormatTest" time="0.0">
    <skipped/>
  </testcase>
  <testcase name="millicoinScaleTest[443]" classname="org.bitcoinj.utils.BtcFormatTest" time="0.0"/>
  <testcase name="toStringTest[443]" classname="org.bitcoinj.utils.BtcFormatTest" time="0.0">
    <skipped/>
  </testcase>
  <testcase name="testGrouping[443]" classname="org.bitcoinj.utils.BtcFormatTest" time="0.001"/>
  <testcase name="symbolsCodesTest[443]" classname="org.bitcoinj.utils.BtcFormatTest" time="0.0"/>
  <testcase name="defaultLocaleTest[443]" classname="org.bitcoinj.utils.BtcFormatTest" time="0.0"/>
  <testcase name="parsePositionTest[443]" classname="org.bitcoinj.utils.BtcFormatTest" time="0.001"/>
  <testcase name="argumentTypeTest[443]" classname="org.bitcoinj.utils.BtcFormatTest" time="0.0">
    <skipped/>
  </testcase>
  <testcase name="characterIteratorTest[443]" classname="org.bitcoinj.utils.BtcFormatTest" time="0.0"/>
  <testcase name="repeatingPlaceTest[443]" classname="org.bitcoinj.utils.BtcFormatTest" time="0.0"/>
  <testcase name="currencyCodeTest[443]" classname="org.bitcoinj.utils.BtcFormatTest" time="0.0">
    <skipped/>
  </testcase>
  <testcase name="patternDecimalPlaces[443]" classname="org.bitcoinj.utils.BtcFormatTest" time="0.0"/>
  <testcase name="factoryArgumentsTest[444]" classname="org.bitcoinj.utils.BtcFormatTest" time="0.001"/>
  <testcase name="parseTest[444]" classname="org.bitcoinj.utils.BtcFormatTest" time="0.0">
    <skipped/>
  </testcase>
  <testcase name="microcoinScaleTest[444]" classname="org.bitcoinj.utils.BtcFormatTest" time="0.0"/>
  <testcase name="parseMetricTest[444]" classname="org.bitcoinj.utils.BtcFormatTest" time="0.001"/>
  <testcase name="coinScaleTest[444]" classname="org.bitcoinj.utils.BtcFormatTest" time="0.0"/>
  <testcase name="builderTest[444]" classname="org.bitcoinj.utils.BtcFormatTest" time="0.0">
    <skipped/>
  </testcase>
  <testcase name="attributeTest[444]" classname="org.bitcoinj.utils.BtcFormatTest" time="0.0">
    <skipped/>
  </testcase>
  <testcase name="prefixTest[444]" classname="org.bitcoinj.utils.BtcFormatTest" time="0.0"/>
  <testcase name="suffixTest[444]" classname="org.bitcoinj.utils.BtcFormatTest" time="0.0">
    <skipped/>
  </testcase>
  <testcase name="autoDecimalTest[444]" classname="org.bitcoinj.utils.BtcFormatTest" time="0.0"/>
  <testcase name="symbolCollisionTest[444]" classname="org.bitcoinj.utils.BtcFormatTest" time="0.002"/>
  <testcase name="equalityTest[444]" classname="org.bitcoinj.utils.BtcFormatTest" time="0.001"/>
  <testcase name="columnAlignmentTest[444]" classname="org.bitcoinj.utils.BtcFormatTest" time="0.0"/>
  <testcase name="factoryTest[444]" classname="org.bitcoinj.utils.BtcFormatTest" time="0.001"/>
  <testcase name="parse[444]" classname="org.bitcoinj.utils.BtcFormatTest" time="0.0"/>
  <testcase name="btcRounding[444]" classname="org.bitcoinj.utils.BtcFormatTest" time="0.001"/>
  <testcase name="negativeTest[444]" classname="org.bitcoinj.utils.BtcFormatTest" time="0.0">
    <skipped/>
  </testcase>
  <testcase name="millicoinScaleTest[444]" classname="org.bitcoinj.utils.BtcFormatTest" time="0.0"/>
  <testcase name="toStringTest[444]" classname="org.bitcoinj.utils.BtcFormatTest" time="0.0">
    <skipped/>
  </testcase>
  <testcase name="testGrouping[444]" classname="org.bitcoinj.utils.BtcFormatTest" time="0.0"/>
  <testcase name="symbolsCodesTest[444]" classname="org.bitcoinj.utils.BtcFormatTest" time="0.001"/>
  <testcase name="defaultLocaleTest[444]" classname="org.bitcoinj.utils.BtcFormatTest" time="0.0"/>
  <testcase name="parsePositionTest[444]" classname="org.bitcoinj.utils.BtcFormatTest" time="0.0"/>
  <testcase name="argumentTypeTest[444]" classname="org.bitcoinj.utils.BtcFormatTest" time="0.0">
    <skipped/>
  </testcase>
  <testcase name="characterIteratorTest[444]" classname="org.bitcoinj.utils.BtcFormatTest" time="0.0"/>
  <testcase name="repeatingPlaceTest[444]" classname="org.bitcoinj.utils.BtcFormatTest" time="0.001"/>
  <testcase name="currencyCodeTest[444]" classname="org.bitcoinj.utils.BtcFormatTest" time="0.0">
    <skipped/>
  </testcase>
  <testcase name="patternDecimalPlaces[444]" classname="org.bitcoinj.utils.BtcFormatTest" time="0.0"/>
  <testcase name="factoryArgumentsTest[445]" classname="org.bitcoinj.utils.BtcFormatTest" time="0.001"/>
  <testcase name="parseTest[445]" classname="org.bitcoinj.utils.BtcFormatTest" time="0.0">
    <skipped/>
  </testcase>
  <testcase name="microcoinScaleTest[445]" classname="org.bitcoinj.utils.BtcFormatTest" time="0.0"/>
  <testcase name="parseMetricTest[445]" classname="org.bitcoinj.utils.BtcFormatTest" time="0.001"/>
  <testcase name="coinScaleTest[445]" classname="org.bitcoinj.utils.BtcFormatTest" time="0.0"/>
  <testcase name="builderTest[445]" classname="org.bitcoinj.utils.BtcFormatTest" time="0.0">
    <skipped/>
  </testcase>
  <testcase name="attributeTest[445]" classname="org.bitcoinj.utils.BtcFormatTest" time="0.0">
    <skipped/>
  </testcase>
  <testcase name="prefixTest[445]" classname="org.bitcoinj.utils.BtcFormatTest" time="0.001"/>
  <testcase name="suffixTest[445]" classname="org.bitcoinj.utils.BtcFormatTest" time="0.0">
    <skipped/>
  </testcase>
  <testcase name="autoDecimalTest[445]" classname="org.bitcoinj.utils.BtcFormatTest" time="0.001"/>
  <testcase name="symbolCollisionTest[445]" classname="org.bitcoinj.utils.BtcFormatTest" time="0.002"/>
  <testcase name="equalityTest[445]" classname="org.bitcoinj.utils.BtcFormatTest" time="0.001"/>
  <testcase name="columnAlignmentTest[445]" classname="org.bitcoinj.utils.BtcFormatTest" time="0.0"/>
  <testcase name="factoryTest[445]" classname="org.bitcoinj.utils.BtcFormatTest" time="0.001"/>
  <testcase name="parse[445]" classname="org.bitcoinj.utils.BtcFormatTest" time="0.0"/>
  <testcase name="btcRounding[445]" classname="org.bitcoinj.utils.BtcFormatTest" time="0.001"/>
  <testcase name="negativeTest[445]" classname="org.bitcoinj.utils.BtcFormatTest" time="0.0">
    <skipped/>
  </testcase>
  <testcase name="millicoinScaleTest[445]" classname="org.bitcoinj.utils.BtcFormatTest" time="0.0"/>
  <testcase name="toStringTest[445]" classname="org.bitcoinj.utils.BtcFormatTest" time="0.0">
    <skipped/>
  </testcase>
  <testcase name="testGrouping[445]" classname="org.bitcoinj.utils.BtcFormatTest" time="0.001"/>
  <testcase name="symbolsCodesTest[445]" classname="org.bitcoinj.utils.BtcFormatTest" time="0.0"/>
  <testcase name="defaultLocaleTest[445]" classname="org.bitcoinj.utils.BtcFormatTest" time="0.0"/>
  <testcase name="parsePositionTest[445]" classname="org.bitcoinj.utils.BtcFormatTest" time="0.0"/>
  <testcase name="argumentTypeTest[445]" classname="org.bitcoinj.utils.BtcFormatTest" time="0.0">
    <skipped/>
  </testcase>
  <testcase name="characterIteratorTest[445]" classname="org.bitcoinj.utils.BtcFormatTest" time="0.0"/>
  <testcase name="repeatingPlaceTest[445]" classname="org.bitcoinj.utils.BtcFormatTest" time="0.0"/>
  <testcase name="currencyCodeTest[445]" classname="org.bitcoinj.utils.BtcFormatTest" time="0.0">
    <skipped/>
  </testcase>
  <testcase name="patternDecimalPlaces[445]" classname="org.bitcoinj.utils.BtcFormatTest" time="0.0"/>
  <testcase name="factoryArgumentsTest[446]" classname="org.bitcoinj.utils.BtcFormatTest" time="0.001"/>
  <testcase name="parseTest[446]" classname="org.bitcoinj.utils.BtcFormatTest" time="0.0">
    <skipped/>
  </testcase>
  <testcase name="microcoinScaleTest[446]" classname="org.bitcoinj.utils.BtcFormatTest" time="0.0"/>
  <testcase name="parseMetricTest[446]" classname="org.bitcoinj.utils.BtcFormatTest" time="0.001"/>
  <testcase name="coinScaleTest[446]" classname="org.bitcoinj.utils.BtcFormatTest" time="0.0"/>
  <testcase name="builderTest[446]" classname="org.bitcoinj.utils.BtcFormatTest" time="0.0">
    <skipped/>
  </testcase>
  <testcase name="attributeTest[446]" classname="org.bitcoinj.utils.BtcFormatTest" time="0.0">
    <skipped/>
  </testcase>
  <testcase name="prefixTest[446]" classname="org.bitcoinj.utils.BtcFormatTest" time="0.001"/>
  <testcase name="suffixTest[446]" classname="org.bitcoinj.utils.BtcFormatTest" time="0.0">
    <skipped/>
  </testcase>
  <testcase name="autoDecimalTest[446]" classname="org.bitcoinj.utils.BtcFormatTest" time="0.001"/>
  <testcase name="symbolCollisionTest[446]" classname="org.bitcoinj.utils.BtcFormatTest" time="0.002"/>
  <testcase name="equalityTest[446]" classname="org.bitcoinj.utils.BtcFormatTest" time="0.002"/>
  <testcase name="columnAlignmentTest[446]" classname="org.bitcoinj.utils.BtcFormatTest" time="0.0"/>
  <testcase name="factoryTest[446]" classname="org.bitcoinj.utils.BtcFormatTest" time="0.0"/>
  <testcase name="parse[446]" classname="org.bitcoinj.utils.BtcFormatTest" time="0.0"/>
  <testcase name="btcRounding[446]" classname="org.bitcoinj.utils.BtcFormatTest" time="0.001"/>
  <testcase name="negativeTest[446]" classname="org.bitcoinj.utils.BtcFormatTest" time="0.0">
    <skipped/>
  </testcase>
  <testcase name="millicoinScaleTest[446]" classname="org.bitcoinj.utils.BtcFormatTest" time="0.0"/>
  <testcase name="toStringTest[446]" classname="org.bitcoinj.utils.BtcFormatTest" time="0.0">
    <skipped/>
  </testcase>
  <testcase name="testGrouping[446]" classname="org.bitcoinj.utils.BtcFormatTest" time="0.001"/>
  <testcase name="symbolsCodesTest[446]" classname="org.bitcoinj.utils.BtcFormatTest" time="0.0"/>
  <testcase name="defaultLocaleTest[446]" classname="org.bitcoinj.utils.BtcFormatTest" time="0.001"/>
  <testcase name="parsePositionTest[446]" classname="org.bitcoinj.utils.BtcFormatTest" time="0.0"/>
  <testcase name="argumentTypeTest[446]" classname="org.bitcoinj.utils.BtcFormatTest" time="0.0">
    <skipped/>
  </testcase>
  <testcase name="characterIteratorTest[446]" classname="org.bitcoinj.utils.BtcFormatTest" time="0.0"/>
  <testcase name="repeatingPlaceTest[446]" classname="org.bitcoinj.utils.BtcFormatTest" time="0.0"/>
  <testcase name="currencyCodeTest[446]" classname="org.bitcoinj.utils.BtcFormatTest" time="0.0">
    <skipped/>
  </testcase>
  <testcase name="patternDecimalPlaces[446]" classname="org.bitcoinj.utils.BtcFormatTest" time="0.0"/>
  <testcase name="factoryArgumentsTest[447]" classname="org.bitcoinj.utils.BtcFormatTest" time="0.001"/>
  <testcase name="parseTest[447]" classname="org.bitcoinj.utils.BtcFormatTest" time="0.0">
    <skipped/>
  </testcase>
  <testcase name="microcoinScaleTest[447]" classname="org.bitcoinj.utils.BtcFormatTest" time="0.0"/>
  <testcase name="parseMetricTest[447]" classname="org.bitcoinj.utils.BtcFormatTest" time="0.001"/>
  <testcase name="coinScaleTest[447]" classname="org.bitcoinj.utils.BtcFormatTest" time="0.0"/>
  <testcase name="builderTest[447]" classname="org.bitcoinj.utils.BtcFormatTest" time="0.0">
    <skipped/>
  </testcase>
  <testcase name="attributeTest[447]" classname="org.bitcoinj.utils.BtcFormatTest" time="0.0">
    <skipped/>
  </testcase>
  <testcase name="prefixTest[447]" classname="org.bitcoinj.utils.BtcFormatTest" time="0.0"/>
  <testcase name="suffixTest[447]" classname="org.bitcoinj.utils.BtcFormatTest" time="0.0">
    <skipped/>
  </testcase>
  <testcase name="autoDecimalTest[447]" classname="org.bitcoinj.utils.BtcFormatTest" time="0.0"/>
  <testcase name="symbolCollisionTest[447]" classname="org.bitcoinj.utils.BtcFormatTest" time="0.002"/>
  <testcase name="equalityTest[447]" classname="org.bitcoinj.utils.BtcFormatTest" time="0.001"/>
  <testcase name="columnAlignmentTest[447]" classname="org.bitcoinj.utils.BtcFormatTest" time="0.0"/>
  <testcase name="factoryTest[447]" classname="org.bitcoinj.utils.BtcFormatTest" time="0.001"/>
  <testcase name="parse[447]" classname="org.bitcoinj.utils.BtcFormatTest" time="0.0"/>
  <testcase name="btcRounding[447]" classname="org.bitcoinj.utils.BtcFormatTest" time="0.001"/>
  <testcase name="negativeTest[447]" classname="org.bitcoinj.utils.BtcFormatTest" time="0.0">
    <skipped/>
  </testcase>
  <testcase name="millicoinScaleTest[447]" classname="org.bitcoinj.utils.BtcFormatTest" time="0.0"/>
  <testcase name="toStringTest[447]" classname="org.bitcoinj.utils.BtcFormatTest" time="0.0">
    <skipped/>
  </testcase>
  <testcase name="testGrouping[447]" classname="org.bitcoinj.utils.BtcFormatTest" time="0.0"/>
  <testcase name="symbolsCodesTest[447]" classname="org.bitcoinj.utils.BtcFormatTest" time="0.001"/>
  <testcase name="defaultLocaleTest[447]" classname="org.bitcoinj.utils.BtcFormatTest" time="0.0"/>
  <testcase name="parsePositionTest[447]" classname="org.bitcoinj.utils.BtcFormatTest" time="0.0"/>
  <testcase name="argumentTypeTest[447]" classname="org.bitcoinj.utils.BtcFormatTest" time="0.0">
    <skipped/>
  </testcase>
  <testcase name="characterIteratorTest[447]" classname="org.bitcoinj.utils.BtcFormatTest" time="0.001"/>
  <testcase name="repeatingPlaceTest[447]" classname="org.bitcoinj.utils.BtcFormatTest" time="0.0"/>
  <testcase name="currencyCodeTest[447]" classname="org.bitcoinj.utils.BtcFormatTest" time="0.0">
    <skipped/>
  </testcase>
  <testcase name="patternDecimalPlaces[447]" classname="org.bitcoinj.utils.BtcFormatTest" time="0.0"/>
  <testcase name="factoryArgumentsTest[448]" classname="org.bitcoinj.utils.BtcFormatTest" time="0.001"/>
  <testcase name="parseTest[448]" classname="org.bitcoinj.utils.BtcFormatTest" time="0.0">
    <skipped/>
  </testcase>
  <testcase name="microcoinScaleTest[448]" classname="org.bitcoinj.utils.BtcFormatTest" time="0.0"/>
  <testcase name="parseMetricTest[448]" classname="org.bitcoinj.utils.BtcFormatTest" time="0.003"/>
  <testcase name="coinScaleTest[448]" classname="org.bitcoinj.utils.BtcFormatTest" time="0.0"/>
  <testcase name="builderTest[448]" classname="org.bitcoinj.utils.BtcFormatTest" time="0.0">
    <skipped/>
  </testcase>
  <testcase name="attributeTest[448]" classname="org.bitcoinj.utils.BtcFormatTest" time="0.0">
    <skipped/>
  </testcase>
  <testcase name="prefixTest[448]" classname="org.bitcoinj.utils.BtcFormatTest" time="0.0"/>
  <testcase name="suffixTest[448]" classname="org.bitcoinj.utils.BtcFormatTest" time="0.0">
    <skipped/>
  </testcase>
  <testcase name="autoDecimalTest[448]" classname="org.bitcoinj.utils.BtcFormatTest" time="0.0"/>
  <testcase name="symbolCollisionTest[448]" classname="org.bitcoinj.utils.BtcFormatTest" time="0.002"/>
  <testcase name="equalityTest[448]" classname="org.bitcoinj.utils.BtcFormatTest" time="0.001"/>
  <testcase name="columnAlignmentTest[448]" classname="org.bitcoinj.utils.BtcFormatTest" time="0.001"/>
  <testcase name="factoryTest[448]" classname="org.bitcoinj.utils.BtcFormatTest" time="0.0"/>
  <testcase name="parse[448]" classname="org.bitcoinj.utils.BtcFormatTest" time="0.0"/>
  <testcase name="btcRounding[448]" classname="org.bitcoinj.utils.BtcFormatTest" time="0.002"/>
  <testcase name="negativeTest[448]" classname="org.bitcoinj.utils.BtcFormatTest" time="0.0">
    <skipped/>
  </testcase>
  <testcase name="millicoinScaleTest[448]" classname="org.bitcoinj.utils.BtcFormatTest" time="0.0"/>
  <testcase name="toStringTest[448]" classname="org.bitcoinj.utils.BtcFormatTest" time="0.0">
    <skipped/>
  </testcase>
  <testcase name="testGrouping[448]" classname="org.bitcoinj.utils.BtcFormatTest" time="0.0"/>
  <testcase name="symbolsCodesTest[448]" classname="org.bitcoinj.utils.BtcFormatTest" time="0.001"/>
  <testcase name="defaultLocaleTest[448]" classname="org.bitcoinj.utils.BtcFormatTest" time="0.0"/>
  <testcase name="parsePositionTest[448]" classname="org.bitcoinj.utils.BtcFormatTest" time="0.0"/>
  <testcase name="argumentTypeTest[448]" classname="org.bitcoinj.utils.BtcFormatTest" time="0.0">
    <skipped/>
  </testcase>
  <testcase name="characterIteratorTest[448]" classname="org.bitcoinj.utils.BtcFormatTest" time="0.0"/>
  <testcase name="repeatingPlaceTest[448]" classname="org.bitcoinj.utils.BtcFormatTest" time="0.001"/>
  <testcase name="currencyCodeTest[448]" classname="org.bitcoinj.utils.BtcFormatTest" time="0.0">
    <skipped/>
  </testcase>
  <testcase name="patternDecimalPlaces[448]" classname="org.bitcoinj.utils.BtcFormatTest" time="0.0"/>
  <testcase name="factoryArgumentsTest[449]" classname="org.bitcoinj.utils.BtcFormatTest" time="0.001"/>
  <testcase name="parseTest[449]" classname="org.bitcoinj.utils.BtcFormatTest" time="0.0">
    <skipped/>
  </testcase>
  <testcase name="microcoinScaleTest[449]" classname="org.bitcoinj.utils.BtcFormatTest" time="0.0"/>
  <testcase name="parseMetricTest[449]" classname="org.bitcoinj.utils.BtcFormatTest" time="0.001"/>
  <testcase name="coinScaleTest[449]" classname="org.bitcoinj.utils.BtcFormatTest" time="0.0"/>
  <testcase name="builderTest[449]" classname="org.bitcoinj.utils.BtcFormatTest" time="0.0">
    <skipped/>
  </testcase>
  <testcase name="attributeTest[449]" classname="org.bitcoinj.utils.BtcFormatTest" time="0.0">
    <skipped/>
  </testcase>
  <testcase name="prefixTest[449]" classname="org.bitcoinj.utils.BtcFormatTest" time="0.001"/>
  <testcase name="suffixTest[449]" classname="org.bitcoinj.utils.BtcFormatTest" time="0.0">
    <skipped/>
  </testcase>
  <testcase name="autoDecimalTest[449]" classname="org.bitcoinj.utils.BtcFormatTest" time="0.0"/>
  <testcase name="symbolCollisionTest[449]" classname="org.bitcoinj.utils.BtcFormatTest" time="0.002"/>
  <testcase name="equalityTest[449]" classname="org.bitcoinj.utils.BtcFormatTest" time="0.001"/>
  <testcase name="columnAlignmentTest[449]" classname="org.bitcoinj.utils.BtcFormatTest" time="0.001"/>
  <testcase name="factoryTest[449]" classname="org.bitcoinj.utils.BtcFormatTest" time="0.0"/>
  <testcase name="parse[449]" classname="org.bitcoinj.utils.BtcFormatTest" time="0.0"/>
  <testcase name="btcRounding[449]" classname="org.bitcoinj.utils.BtcFormatTest" time="0.001"/>
  <testcase name="negativeTest[449]" classname="org.bitcoinj.utils.BtcFormatTest" time="0.0">
    <skipped/>
  </testcase>
  <testcase name="millicoinScaleTest[449]" classname="org.bitcoinj.utils.BtcFormatTest" time="0.0"/>
  <testcase name="toStringTest[449]" classname="org.bitcoinj.utils.BtcFormatTest" time="0.0">
    <skipped/>
  </testcase>
  <testcase name="testGrouping[449]" classname="org.bitcoinj.utils.BtcFormatTest" time="0.0"/>
  <testcase name="symbolsCodesTest[449]" classname="org.bitcoinj.utils.BtcFormatTest" time="0.001"/>
  <testcase name="defaultLocaleTest[449]" classname="org.bitcoinj.utils.BtcFormatTest" time="0.0"/>
  <testcase name="parsePositionTest[449]" classname="org.bitcoinj.utils.BtcFormatTest" time="0.0"/>
  <testcase name="argumentTypeTest[449]" classname="org.bitcoinj.utils.BtcFormatTest" time="0.0">
    <skipped/>
  </testcase>
  <testcase name="characterIteratorTest[449]" classname="org.bitcoinj.utils.BtcFormatTest" time="0.0"/>
  <testcase name="repeatingPlaceTest[449]" classname="org.bitcoinj.utils.BtcFormatTest" time="0.0"/>
  <testcase name="currencyCodeTest[449]" classname="org.bitcoinj.utils.BtcFormatTest" time="0.0">
    <skipped/>
  </testcase>
  <testcase name="patternDecimalPlaces[449]" classname="org.bitcoinj.utils.BtcFormatTest" time="0.001"/>
  <testcase name="factoryArgumentsTest[450]" classname="org.bitcoinj.utils.BtcFormatTest" time="0.0"/>
  <testcase name="parseTest[450]" classname="org.bitcoinj.utils.BtcFormatTest" time="0.001">
    <skipped/>
  </testcase>
  <testcase name="microcoinScaleTest[450]" classname="org.bitcoinj.utils.BtcFormatTest" time="0.0"/>
  <testcase name="parseMetricTest[450]" classname="org.bitcoinj.utils.BtcFormatTest" time="0.001"/>
  <testcase name="coinScaleTest[450]" classname="org.bitcoinj.utils.BtcFormatTest" time="0.0"/>
  <testcase name="builderTest[450]" classname="org.bitcoinj.utils.BtcFormatTest" time="0.0">
    <skipped/>
  </testcase>
  <testcase name="attributeTest[450]" classname="org.bitcoinj.utils.BtcFormatTest" time="0.0">
    <skipped/>
  </testcase>
  <testcase name="prefixTest[450]" classname="org.bitcoinj.utils.BtcFormatTest" time="0.0"/>
  <testcase name="suffixTest[450]" classname="org.bitcoinj.utils.BtcFormatTest" time="0.0">
    <skipped/>
  </testcase>
  <testcase name="autoDecimalTest[450]" classname="org.bitcoinj.utils.BtcFormatTest" time="0.001"/>
  <testcase name="symbolCollisionTest[450]" classname="org.bitcoinj.utils.BtcFormatTest" time="0.001"/>
  <testcase name="equalityTest[450]" classname="org.bitcoinj.utils.BtcFormatTest" time="0.002"/>
  <testcase name="columnAlignmentTest[450]" classname="org.bitcoinj.utils.BtcFormatTest" time="0.0"/>
  <testcase name="factoryTest[450]" classname="org.bitcoinj.utils.BtcFormatTest" time="0.001"/>
  <testcase name="parse[450]" classname="org.bitcoinj.utils.BtcFormatTest" time="0.0"/>
  <testcase name="btcRounding[450]" classname="org.bitcoinj.utils.BtcFormatTest" time="0.002"/>
  <testcase name="negativeTest[450]" classname="org.bitcoinj.utils.BtcFormatTest" time="0.0">
    <skipped/>
  </testcase>
  <testcase name="millicoinScaleTest[450]" classname="org.bitcoinj.utils.BtcFormatTest" time="0.0"/>
  <testcase name="toStringTest[450]" classname="org.bitcoinj.utils.BtcFormatTest" time="0.0">
    <skipped/>
  </testcase>
  <testcase name="testGrouping[450]" classname="org.bitcoinj.utils.BtcFormatTest" time="0.001"/>
  <testcase name="symbolsCodesTest[450]" classname="org.bitcoinj.utils.BtcFormatTest" time="0.0"/>
  <testcase name="defaultLocaleTest[450]" classname="org.bitcoinj.utils.BtcFormatTest" time="0.001"/>
  <testcase name="parsePositionTest[450]" classname="org.bitcoinj.utils.BtcFormatTest" time="0.0"/>
  <testcase name="argumentTypeTest[450]" classname="org.bitcoinj.utils.BtcFormatTest" time="0.0">
    <skipped/>
  </testcase>
  <testcase name="characterIteratorTest[450]" classname="org.bitcoinj.utils.BtcFormatTest" time="0.0"/>
  <testcase name="repeatingPlaceTest[450]" classname="org.bitcoinj.utils.BtcFormatTest" time="0.001"/>
  <testcase name="currencyCodeTest[450]" classname="org.bitcoinj.utils.BtcFormatTest" time="0.0">
    <skipped/>
  </testcase>
  <testcase name="patternDecimalPlaces[450]" classname="org.bitcoinj.utils.BtcFormatTest" time="0.0"/>
  <testcase name="factoryArgumentsTest[451]" classname="org.bitcoinj.utils.BtcFormatTest" time="0.001"/>
  <testcase name="parseTest[451]" classname="org.bitcoinj.utils.BtcFormatTest" time="0.0">
    <skipped/>
  </testcase>
  <testcase name="microcoinScaleTest[451]" classname="org.bitcoinj.utils.BtcFormatTest" time="0.0"/>
  <testcase name="parseMetricTest[451]" classname="org.bitcoinj.utils.BtcFormatTest" time="0.001"/>
  <testcase name="coinScaleTest[451]" classname="org.bitcoinj.utils.BtcFormatTest" time="0.0"/>
  <testcase name="builderTest[451]" classname="org.bitcoinj.utils.BtcFormatTest" time="0.0">
    <skipped/>
  </testcase>
  <testcase name="attributeTest[451]" classname="org.bitcoinj.utils.BtcFormatTest" time="0.0">
    <skipped/>
  </testcase>
  <testcase name="prefixTest[451]" classname="org.bitcoinj.utils.BtcFormatTest" time="0.0"/>
  <testcase name="suffixTest[451]" classname="org.bitcoinj.utils.BtcFormatTest" time="0.0">
    <skipped/>
  </testcase>
  <testcase name="autoDecimalTest[451]" classname="org.bitcoinj.utils.BtcFormatTest" time="0.001"/>
  <testcase name="symbolCollisionTest[451]" classname="org.bitcoinj.utils.BtcFormatTest" time="0.002"/>
  <testcase name="equalityTest[451]" classname="org.bitcoinj.utils.BtcFormatTest" time="0.001"/>
  <testcase name="columnAlignmentTest[451]" classname="org.bitcoinj.utils.BtcFormatTest" time="0.0"/>
  <testcase name="factoryTest[451]" classname="org.bitcoinj.utils.BtcFormatTest" time="0.001"/>
  <testcase name="parse[451]" classname="org.bitcoinj.utils.BtcFormatTest" time="0.0"/>
  <testcase name="btcRounding[451]" classname="org.bitcoinj.utils.BtcFormatTest" time="0.001"/>
  <testcase name="negativeTest[451]" classname="org.bitcoinj.utils.BtcFormatTest" time="0.0">
    <skipped/>
  </testcase>
  <testcase name="millicoinScaleTest[451]" classname="org.bitcoinj.utils.BtcFormatTest" time="0.0"/>
  <testcase name="toStringTest[451]" classname="org.bitcoinj.utils.BtcFormatTest" time="0.0">
    <skipped/>
  </testcase>
  <testcase name="testGrouping[451]" classname="org.bitcoinj.utils.BtcFormatTest" time="0.0"/>
  <testcase name="symbolsCodesTest[451]" classname="org.bitcoinj.utils.BtcFormatTest" time="0.001"/>
  <testcase name="defaultLocaleTest[451]" classname="org.bitcoinj.utils.BtcFormatTest" time="0.0"/>
  <testcase name="parsePositionTest[451]" classname="org.bitcoinj.utils.BtcFormatTest" time="0.0"/>
  <testcase name="argumentTypeTest[451]" classname="org.bitcoinj.utils.BtcFormatTest" time="0.0">
    <skipped/>
  </testcase>
  <testcase name="characterIteratorTest[451]" classname="org.bitcoinj.utils.BtcFormatTest" time="0.0"/>
  <testcase name="repeatingPlaceTest[451]" classname="org.bitcoinj.utils.BtcFormatTest" time="0.001"/>
  <testcase name="currencyCodeTest[451]" classname="org.bitcoinj.utils.BtcFormatTest" time="0.0">
    <skipped/>
  </testcase>
  <testcase name="patternDecimalPlaces[451]" classname="org.bitcoinj.utils.BtcFormatTest" time="0.0"/>
  <testcase name="factoryArgumentsTest[452]" classname="org.bitcoinj.utils.BtcFormatTest" time="0.001"/>
  <testcase name="parseTest[452]" classname="org.bitcoinj.utils.BtcFormatTest" time="0.0">
    <skipped/>
  </testcase>
  <testcase name="microcoinScaleTest[452]" classname="org.bitcoinj.utils.BtcFormatTest" time="0.0"/>
  <testcase name="parseMetricTest[452]" classname="org.bitcoinj.utils.BtcFormatTest" time="0.001"/>
  <testcase name="coinScaleTest[452]" classname="org.bitcoinj.utils.BtcFormatTest" time="0.0"/>
  <testcase name="builderTest[452]" classname="org.bitcoinj.utils.BtcFormatTest" time="0.0">
    <skipped/>
  </testcase>
  <testcase name="attributeTest[452]" classname="org.bitcoinj.utils.BtcFormatTest" time="0.0">
    <skipped/>
  </testcase>
  <testcase name="prefixTest[452]" classname="org.bitcoinj.utils.BtcFormatTest" time="0.0"/>
  <testcase name="suffixTest[452]" classname="org.bitcoinj.utils.BtcFormatTest" time="0.0">
    <skipped/>
  </testcase>
  <testcase name="autoDecimalTest[452]" classname="org.bitcoinj.utils.BtcFormatTest" time="0.001"/>
  <testcase name="symbolCollisionTest[452]" classname="org.bitcoinj.utils.BtcFormatTest" time="0.002"/>
  <testcase name="equalityTest[452]" classname="org.bitcoinj.utils.BtcFormatTest" time="0.002"/>
  <testcase name="columnAlignmentTest[452]" classname="org.bitcoinj.utils.BtcFormatTest" time="0.0"/>
  <testcase name="factoryTest[452]" classname="org.bitcoinj.utils.BtcFormatTest" time="0.0"/>
  <testcase name="parse[452]" classname="org.bitcoinj.utils.BtcFormatTest" time="0.001"/>
  <testcase name="btcRounding[452]" classname="org.bitcoinj.utils.BtcFormatTest" time="0.001"/>
  <testcase name="negativeTest[452]" classname="org.bitcoinj.utils.BtcFormatTest" time="0.0">
    <skipped/>
  </testcase>
  <testcase name="millicoinScaleTest[452]" classname="org.bitcoinj.utils.BtcFormatTest" time="0.0"/>
  <testcase name="toStringTest[452]" classname="org.bitcoinj.utils.BtcFormatTest" time="0.0">
    <skipped/>
  </testcase>
  <testcase name="testGrouping[452]" classname="org.bitcoinj.utils.BtcFormatTest" time="0.0"/>
  <testcase name="symbolsCodesTest[452]" classname="org.bitcoinj.utils.BtcFormatTest" time="0.0"/>
  <testcase name="defaultLocaleTest[452]" classname="org.bitcoinj.utils.BtcFormatTest" time="0.001"/>
  <testcase name="parsePositionTest[452]" classname="org.bitcoinj.utils.BtcFormatTest" time="0.0"/>
  <testcase name="argumentTypeTest[452]" classname="org.bitcoinj.utils.BtcFormatTest" time="0.0">
    <skipped/>
  </testcase>
  <testcase name="characterIteratorTest[452]" classname="org.bitcoinj.utils.BtcFormatTest" time="0.0"/>
  <testcase name="repeatingPlaceTest[452]" classname="org.bitcoinj.utils.BtcFormatTest" time="0.0"/>
  <testcase name="currencyCodeTest[452]" classname="org.bitcoinj.utils.BtcFormatTest" time="0.0">
    <skipped/>
  </testcase>
  <testcase name="patternDecimalPlaces[452]" classname="org.bitcoinj.utils.BtcFormatTest" time="0.0"/>
  <testcase name="factoryArgumentsTest[453]" classname="org.bitcoinj.utils.BtcFormatTest" time="0.001"/>
  <testcase name="parseTest[453]" classname="org.bitcoinj.utils.BtcFormatTest" time="0.0">
    <skipped/>
  </testcase>
  <testcase name="microcoinScaleTest[453]" classname="org.bitcoinj.utils.BtcFormatTest" time="0.0"/>
  <testcase name="parseMetricTest[453]" classname="org.bitcoinj.utils.BtcFormatTest" time="0.001"/>
  <testcase name="coinScaleTest[453]" classname="org.bitcoinj.utils.BtcFormatTest" time="0.0"/>
  <testcase name="builderTest[453]" classname="org.bitcoinj.utils.BtcFormatTest" time="0.0">
    <skipped/>
  </testcase>
  <testcase name="attributeTest[453]" classname="org.bitcoinj.utils.BtcFormatTest" time="0.0">
    <skipped/>
  </testcase>
  <testcase name="prefixTest[453]" classname="org.bitcoinj.utils.BtcFormatTest" time="0.0"/>
  <testcase name="suffixTest[453]" classname="org.bitcoinj.utils.BtcFormatTest" time="0.0">
    <skipped/>
  </testcase>
  <testcase name="autoDecimalTest[453]" classname="org.bitcoinj.utils.BtcFormatTest" time="0.001"/>
  <testcase name="symbolCollisionTest[453]" classname="org.bitcoinj.utils.BtcFormatTest" time="0.001"/>
  <testcase name="equalityTest[453]" classname="org.bitcoinj.utils.BtcFormatTest" time="0.002"/>
  <testcase name="columnAlignmentTest[453]" classname="org.bitcoinj.utils.BtcFormatTest" time="0.001"/>
  <testcase name="factoryTest[453]" classname="org.bitcoinj.utils.BtcFormatTest" time="0.0"/>
  <testcase name="parse[453]" classname="org.bitcoinj.utils.BtcFormatTest" time="0.0"/>
  <testcase name="btcRounding[453]" classname="org.bitcoinj.utils.BtcFormatTest" time="0.001"/>
  <testcase name="negativeTest[453]" classname="org.bitcoinj.utils.BtcFormatTest" time="0.0">
    <skipped/>
  </testcase>
  <testcase name="millicoinScaleTest[453]" classname="org.bitcoinj.utils.BtcFormatTest" time="0.001"/>
  <testcase name="toStringTest[453]" classname="org.bitcoinj.utils.BtcFormatTest" time="0.0">
    <skipped/>
  </testcase>
  <testcase name="testGrouping[453]" classname="org.bitcoinj.utils.BtcFormatTest" time="0.0"/>
  <testcase name="symbolsCodesTest[453]" classname="org.bitcoinj.utils.BtcFormatTest" time="0.0"/>
  <testcase name="defaultLocaleTest[453]" classname="org.bitcoinj.utils.BtcFormatTest" time="0.001"/>
  <testcase name="parsePositionTest[453]" classname="org.bitcoinj.utils.BtcFormatTest" time="0.0"/>
  <testcase name="argumentTypeTest[453]" classname="org.bitcoinj.utils.BtcFormatTest" time="0.0">
    <skipped/>
  </testcase>
  <testcase name="characterIteratorTest[453]" classname="org.bitcoinj.utils.BtcFormatTest" time="0.0"/>
  <testcase name="repeatingPlaceTest[453]" classname="org.bitcoinj.utils.BtcFormatTest" time="0.0"/>
  <testcase name="currencyCodeTest[453]" classname="org.bitcoinj.utils.BtcFormatTest" time="0.0">
    <skipped/>
  </testcase>
  <testcase name="patternDecimalPlaces[453]" classname="org.bitcoinj.utils.BtcFormatTest" time="0.001"/>
  <testcase name="factoryArgumentsTest[454]" classname="org.bitcoinj.utils.BtcFormatTest" time="0.001"/>
  <testcase name="parseTest[454]" classname="org.bitcoinj.utils.BtcFormatTest" time="0.0">
    <skipped/>
  </testcase>
  <testcase name="microcoinScaleTest[454]" classname="org.bitcoinj.utils.BtcFormatTest" time="0.0"/>
  <testcase name="parseMetricTest[454]" classname="org.bitcoinj.utils.BtcFormatTest" time="0.001"/>
  <testcase name="coinScaleTest[454]" classname="org.bitcoinj.utils.BtcFormatTest" time="0.0"/>
  <testcase name="builderTest[454]" classname="org.bitcoinj.utils.BtcFormatTest" time="0.0">
    <skipped/>
  </testcase>
  <testcase name="attributeTest[454]" classname="org.bitcoinj.utils.BtcFormatTest" time="0.0">
    <skipped/>
  </testcase>
  <testcase name="prefixTest[454]" classname="org.bitcoinj.utils.BtcFormatTest" time="0.0"/>
  <testcase name="suffixTest[454]" classname="org.bitcoinj.utils.BtcFormatTest" time="0.0">
    <skipped/>
  </testcase>
  <testcase name="autoDecimalTest[454]" classname="org.bitcoinj.utils.BtcFormatTest" time="0.001"/>
  <testcase name="symbolCollisionTest[454]" classname="org.bitcoinj.utils.BtcFormatTest" time="0.002"/>
  <testcase name="equalityTest[454]" classname="org.bitcoinj.utils.BtcFormatTest" time="0.002"/>
  <testcase name="columnAlignmentTest[454]" classname="org.bitcoinj.utils.BtcFormatTest" time="0.0"/>
  <testcase name="factoryTest[454]" classname="org.bitcoinj.utils.BtcFormatTest" time="0.001"/>
  <testcase name="parse[454]" classname="org.bitcoinj.utils.BtcFormatTest" time="0.0"/>
  <testcase name="btcRounding[454]" classname="org.bitcoinj.utils.BtcFormatTest" time="0.001"/>
  <testcase name="negativeTest[454]" classname="org.bitcoinj.utils.BtcFormatTest" time="0.0">
    <skipped/>
  </testcase>
  <testcase name="millicoinScaleTest[454]" classname="org.bitcoinj.utils.BtcFormatTest" time="0.001"/>
  <testcase name="toStringTest[454]" classname="org.bitcoinj.utils.BtcFormatTest" time="0.0">
    <skipped/>
  </testcase>
  <testcase name="testGrouping[454]" classname="org.bitcoinj.utils.BtcFormatTest" time="0.0"/>
  <testcase name="symbolsCodesTest[454]" classname="org.bitcoinj.utils.BtcFormatTest" time="0.0"/>
  <testcase name="defaultLocaleTest[454]" classname="org.bitcoinj.utils.BtcFormatTest" time="0.001"/>
  <testcase name="parsePositionTest[454]" classname="org.bitcoinj.utils.BtcFormatTest" time="0.0"/>
  <testcase name="argumentTypeTest[454]" classname="org.bitcoinj.utils.BtcFormatTest" time="0.0">
    <skipped/>
  </testcase>
  <testcase name="characterIteratorTest[454]" classname="org.bitcoinj.utils.BtcFormatTest" time="0.001"/>
  <testcase name="repeatingPlaceTest[454]" classname="org.bitcoinj.utils.BtcFormatTest" time="0.0"/>
  <testcase name="currencyCodeTest[454]" classname="org.bitcoinj.utils.BtcFormatTest" time="0.0">
    <skipped/>
  </testcase>
  <testcase name="patternDecimalPlaces[454]" classname="org.bitcoinj.utils.BtcFormatTest" time="0.001"/>
  <testcase name="factoryArgumentsTest[455]" classname="org.bitcoinj.utils.BtcFormatTest" time="0.001"/>
  <testcase name="parseTest[455]" classname="org.bitcoinj.utils.BtcFormatTest" time="0.0">
    <skipped/>
  </testcase>
  <testcase name="microcoinScaleTest[455]" classname="org.bitcoinj.utils.BtcFormatTest" time="0.0"/>
  <testcase name="parseMetricTest[455]" classname="org.bitcoinj.utils.BtcFormatTest" time="0.001"/>
  <testcase name="coinScaleTest[455]" classname="org.bitcoinj.utils.BtcFormatTest" time="0.0"/>
  <testcase name="builderTest[455]" classname="org.bitcoinj.utils.BtcFormatTest" time="0.0">
    <skipped/>
  </testcase>
  <testcase name="attributeTest[455]" classname="org.bitcoinj.utils.BtcFormatTest" time="0.0">
    <skipped/>
  </testcase>
  <testcase name="prefixTest[455]" classname="org.bitcoinj.utils.BtcFormatTest" time="0.0"/>
  <testcase name="suffixTest[455]" classname="org.bitcoinj.utils.BtcFormatTest" time="0.0">
    <skipped/>
  </testcase>
  <testcase name="autoDecimalTest[455]" classname="org.bitcoinj.utils.BtcFormatTest" time="0.001"/>
  <testcase name="symbolCollisionTest[455]" classname="org.bitcoinj.utils.BtcFormatTest" time="0.002"/>
  <testcase name="equalityTest[455]" classname="org.bitcoinj.utils.BtcFormatTest" time="0.001"/>
  <testcase name="columnAlignmentTest[455]" classname="org.bitcoinj.utils.BtcFormatTest" time="0.0"/>
  <testcase name="factoryTest[455]" classname="org.bitcoinj.utils.BtcFormatTest" time="0.0"/>
  <testcase name="parse[455]" classname="org.bitcoinj.utils.BtcFormatTest" time="0.001"/>
  <testcase name="btcRounding[455]" classname="org.bitcoinj.utils.BtcFormatTest" time="0.001"/>
  <testcase name="negativeTest[455]" classname="org.bitcoinj.utils.BtcFormatTest" time="0.0">
    <skipped/>
  </testcase>
  <testcase name="millicoinScaleTest[455]" classname="org.bitcoinj.utils.BtcFormatTest" time="0.0"/>
  <testcase name="toStringTest[455]" classname="org.bitcoinj.utils.BtcFormatTest" time="0.0">
    <skipped/>
  </testcase>
  <testcase name="testGrouping[455]" classname="org.bitcoinj.utils.BtcFormatTest" time="0.0"/>
  <testcase name="symbolsCodesTest[455]" classname="org.bitcoinj.utils.BtcFormatTest" time="0.001"/>
  <testcase name="defaultLocaleTest[455]" classname="org.bitcoinj.utils.BtcFormatTest" time="0.0"/>
  <testcase name="parsePositionTest[455]" classname="org.bitcoinj.utils.BtcFormatTest" time="0.0"/>
  <testcase name="argumentTypeTest[455]" classname="org.bitcoinj.utils.BtcFormatTest" time="0.0">
    <skipped/>
  </testcase>
  <testcase name="characterIteratorTest[455]" classname="org.bitcoinj.utils.BtcFormatTest" time="0.001"/>
  <testcase name="repeatingPlaceTest[455]" classname="org.bitcoinj.utils.BtcFormatTest" time="0.001"/>
  <testcase name="currencyCodeTest[455]" classname="org.bitcoinj.utils.BtcFormatTest" time="0.0">
    <skipped/>
  </testcase>
  <testcase name="patternDecimalPlaces[455]" classname="org.bitcoinj.utils.BtcFormatTest" time="0.0"/>
  <testcase name="factoryArgumentsTest[456]" classname="org.bitcoinj.utils.BtcFormatTest" time="0.001"/>
  <testcase name="parseTest[456]" classname="org.bitcoinj.utils.BtcFormatTest" time="0.0">
    <skipped/>
  </testcase>
  <testcase name="microcoinScaleTest[456]" classname="org.bitcoinj.utils.BtcFormatTest" time="0.0"/>
  <testcase name="parseMetricTest[456]" classname="org.bitcoinj.utils.BtcFormatTest" time="0.001"/>
  <testcase name="coinScaleTest[456]" classname="org.bitcoinj.utils.BtcFormatTest" time="0.0"/>
  <testcase name="builderTest[456]" classname="org.bitcoinj.utils.BtcFormatTest" time="0.0">
    <skipped/>
  </testcase>
  <testcase name="attributeTest[456]" classname="org.bitcoinj.utils.BtcFormatTest" time="0.0">
    <skipped/>
  </testcase>
  <testcase name="prefixTest[456]" classname="org.bitcoinj.utils.BtcFormatTest" time="0.001"/>
  <testcase name="suffixTest[456]" classname="org.bitcoinj.utils.BtcFormatTest" time="0.0">
    <skipped/>
  </testcase>
  <testcase name="autoDecimalTest[456]" classname="org.bitcoinj.utils.BtcFormatTest" time="0.001"/>
  <testcase name="symbolCollisionTest[456]" classname="org.bitcoinj.utils.BtcFormatTest" time="0.003"/>
  <testcase name="equalityTest[456]" classname="org.bitcoinj.utils.BtcFormatTest" time="0.003"/>
  <testcase name="columnAlignmentTest[456]" classname="org.bitcoinj.utils.BtcFormatTest" time="0.0"/>
  <testcase name="factoryTest[456]" classname="org.bitcoinj.utils.BtcFormatTest" time="0.0"/>
  <testcase name="parse[456]" classname="org.bitcoinj.utils.BtcFormatTest" time="0.001"/>
  <testcase name="btcRounding[456]" classname="org.bitcoinj.utils.BtcFormatTest" time="0.001"/>
  <testcase name="negativeTest[456]" classname="org.bitcoinj.utils.BtcFormatTest" time="0.0">
    <skipped/>
  </testcase>
  <testcase name="millicoinScaleTest[456]" classname="org.bitcoinj.utils.BtcFormatTest" time="0.0"/>
  <testcase name="toStringTest[456]" classname="org.bitcoinj.utils.BtcFormatTest" time="0.0">
    <skipped/>
  </testcase>
  <testcase name="testGrouping[456]" classname="org.bitcoinj.utils.BtcFormatTest" time="0.0"/>
  <testcase name="symbolsCodesTest[456]" classname="org.bitcoinj.utils.BtcFormatTest" time="0.001"/>
  <testcase name="defaultLocaleTest[456]" classname="org.bitcoinj.utils.BtcFormatTest" time="0.0"/>
  <testcase name="parsePositionTest[456]" classname="org.bitcoinj.utils.BtcFormatTest" time="0.0"/>
  <testcase name="argumentTypeTest[456]" classname="org.bitcoinj.utils.BtcFormatTest" time="0.0">
    <skipped/>
  </testcase>
  <testcase name="characterIteratorTest[456]" classname="org.bitcoinj.utils.BtcFormatTest" time="0.0"/>
  <testcase name="repeatingPlaceTest[456]" classname="org.bitcoinj.utils.BtcFormatTest" time="0.0"/>
  <testcase name="currencyCodeTest[456]" classname="org.bitcoinj.utils.BtcFormatTest" time="0.0">
    <skipped/>
  </testcase>
  <testcase name="patternDecimalPlaces[456]" classname="org.bitcoinj.utils.BtcFormatTest" time="0.0"/>
  <testcase name="factoryArgumentsTest[457]" classname="org.bitcoinj.utils.BtcFormatTest" time="0.0"/>
  <testcase name="parseTest[457]" classname="org.bitcoinj.utils.BtcFormatTest" time="0.0">
    <skipped/>
  </testcase>
  <testcase name="microcoinScaleTest[457]" classname="org.bitcoinj.utils.BtcFormatTest" time="0.0"/>
  <testcase name="parseMetricTest[457]" classname="org.bitcoinj.utils.BtcFormatTest" time="0.002"/>
  <testcase name="coinScaleTest[457]" classname="org.bitcoinj.utils.BtcFormatTest" time="0.0"/>
  <testcase name="builderTest[457]" classname="org.bitcoinj.utils.BtcFormatTest" time="0.0">
    <skipped/>
  </testcase>
  <testcase name="attributeTest[457]" classname="org.bitcoinj.utils.BtcFormatTest" time="0.0">
    <skipped/>
  </testcase>
  <testcase name="prefixTest[457]" classname="org.bitcoinj.utils.BtcFormatTest" time="0.0"/>
  <testcase name="suffixTest[457]" classname="org.bitcoinj.utils.BtcFormatTest" time="0.0">
    <skipped/>
  </testcase>
  <testcase name="autoDecimalTest[457]" classname="org.bitcoinj.utils.BtcFormatTest" time="0.001"/>
  <testcase name="symbolCollisionTest[457]" classname="org.bitcoinj.utils.BtcFormatTest" time="0.002"/>
  <testcase name="equalityTest[457]" classname="org.bitcoinj.utils.BtcFormatTest" time="0.002"/>
  <testcase name="columnAlignmentTest[457]" classname="org.bitcoinj.utils.BtcFormatTest" time="0.0"/>
  <testcase name="factoryTest[457]" classname="org.bitcoinj.utils.BtcFormatTest" time="0.0"/>
  <testcase name="parse[457]" classname="org.bitcoinj.utils.BtcFormatTest" time="0.001"/>
  <testcase name="btcRounding[457]" classname="org.bitcoinj.utils.BtcFormatTest" time="0.003"/>
  <testcase name="negativeTest[457]" classname="org.bitcoinj.utils.BtcFormatTest" time="0.0">
    <skipped/>
  </testcase>
  <testcase name="millicoinScaleTest[457]" classname="org.bitcoinj.utils.BtcFormatTest" time="0.0"/>
  <testcase name="toStringTest[457]" classname="org.bitcoinj.utils.BtcFormatTest" time="0.0">
    <skipped/>
  </testcase>
  <testcase name="testGrouping[457]" classname="org.bitcoinj.utils.BtcFormatTest" time="0.001"/>
  <testcase name="symbolsCodesTest[457]" classname="org.bitcoinj.utils.BtcFormatTest" time="0.001"/>
  <testcase name="defaultLocaleTest[457]" classname="org.bitcoinj.utils.BtcFormatTest" time="0.0"/>
  <testcase name="parsePositionTest[457]" classname="org.bitcoinj.utils.BtcFormatTest" time="0.001"/>
  <testcase name="argumentTypeTest[457]" classname="org.bitcoinj.utils.BtcFormatTest" time="0.0">
    <skipped/>
  </testcase>
  <testcase name="characterIteratorTest[457]" classname="org.bitcoinj.utils.BtcFormatTest" time="0.0"/>
  <testcase name="repeatingPlaceTest[457]" classname="org.bitcoinj.utils.BtcFormatTest" time="0.0"/>
  <testcase name="currencyCodeTest[457]" classname="org.bitcoinj.utils.BtcFormatTest" time="0.0">
    <skipped/>
  </testcase>
  <testcase name="patternDecimalPlaces[457]" classname="org.bitcoinj.utils.BtcFormatTest" time="0.001"/>
  <testcase name="factoryArgumentsTest[458]" classname="org.bitcoinj.utils.BtcFormatTest" time="0.001"/>
  <testcase name="parseTest[458]" classname="org.bitcoinj.utils.BtcFormatTest" time="0.0">
    <skipped/>
  </testcase>
  <testcase name="microcoinScaleTest[458]" classname="org.bitcoinj.utils.BtcFormatTest" time="0.0"/>
  <testcase name="parseMetricTest[458]" classname="org.bitcoinj.utils.BtcFormatTest" time="0.001"/>
  <testcase name="coinScaleTest[458]" classname="org.bitcoinj.utils.BtcFormatTest" time="0.0"/>
  <testcase name="builderTest[458]" classname="org.bitcoinj.utils.BtcFormatTest" time="0.0">
    <skipped/>
  </testcase>
  <testcase name="attributeTest[458]" classname="org.bitcoinj.utils.BtcFormatTest" time="0.0">
    <skipped/>
  </testcase>
  <testcase name="prefixTest[458]" classname="org.bitcoinj.utils.BtcFormatTest" time="0.0"/>
  <testcase name="suffixTest[458]" classname="org.bitcoinj.utils.BtcFormatTest" time="0.0">
    <skipped/>
  </testcase>
  <testcase name="autoDecimalTest[458]" classname="org.bitcoinj.utils.BtcFormatTest" time="0.001"/>
  <testcase name="symbolCollisionTest[458]" classname="org.bitcoinj.utils.BtcFormatTest" time="0.002"/>
  <testcase name="equalityTest[458]" classname="org.bitcoinj.utils.BtcFormatTest" time="0.001"/>
  <testcase name="columnAlignmentTest[458]" classname="org.bitcoinj.utils.BtcFormatTest" time="0.0"/>
  <testcase name="factoryTest[458]" classname="org.bitcoinj.utils.BtcFormatTest" time="0.001"/>
  <testcase name="parse[458]" classname="org.bitcoinj.utils.BtcFormatTest" time="0.0"/>
  <testcase name="btcRounding[458]" classname="org.bitcoinj.utils.BtcFormatTest" time="0.004"/>
  <testcase name="negativeTest[458]" classname="org.bitcoinj.utils.BtcFormatTest" time="0.0">
    <skipped/>
  </testcase>
  <testcase name="millicoinScaleTest[458]" classname="org.bitcoinj.utils.BtcFormatTest" time="0.0"/>
  <testcase name="toStringTest[458]" classname="org.bitcoinj.utils.BtcFormatTest" time="0.0">
    <skipped/>
  </testcase>
  <testcase name="testGrouping[458]" classname="org.bitcoinj.utils.BtcFormatTest" time="0.001"/>
  <testcase name="symbolsCodesTest[458]" classname="org.bitcoinj.utils.BtcFormatTest" time="0.0"/>
  <testcase name="defaultLocaleTest[458]" classname="org.bitcoinj.utils.BtcFormatTest" time="0.001"/>
  <testcase name="parsePositionTest[458]" classname="org.bitcoinj.utils.BtcFormatTest" time="0.0"/>
  <testcase name="argumentTypeTest[458]" classname="org.bitcoinj.utils.BtcFormatTest" time="0.0">
    <skipped/>
  </testcase>
  <testcase name="characterIteratorTest[458]" classname="org.bitcoinj.utils.BtcFormatTest" time="0.0"/>
  <testcase name="repeatingPlaceTest[458]" classname="org.bitcoinj.utils.BtcFormatTest" time="0.0"/>
  <testcase name="currencyCodeTest[458]" classname="org.bitcoinj.utils.BtcFormatTest" time="0.0">
    <skipped/>
  </testcase>
  <testcase name="patternDecimalPlaces[458]" classname="org.bitcoinj.utils.BtcFormatTest" time="0.0"/>
  <testcase name="factoryArgumentsTest[459]" classname="org.bitcoinj.utils.BtcFormatTest" time="0.001"/>
  <testcase name="parseTest[459]" classname="org.bitcoinj.utils.BtcFormatTest" time="0.0">
    <skipped/>
  </testcase>
  <testcase name="microcoinScaleTest[459]" classname="org.bitcoinj.utils.BtcFormatTest" time="0.0"/>
  <testcase name="parseMetricTest[459]" classname="org.bitcoinj.utils.BtcFormatTest" time="0.001"/>
  <testcase name="coinScaleTest[459]" classname="org.bitcoinj.utils.BtcFormatTest" time="0.0"/>
  <testcase name="builderTest[459]" classname="org.bitcoinj.utils.BtcFormatTest" time="0.0">
    <skipped/>
  </testcase>
  <testcase name="attributeTest[459]" classname="org.bitcoinj.utils.BtcFormatTest" time="0.0">
    <skipped/>
  </testcase>
  <testcase name="prefixTest[459]" classname="org.bitcoinj.utils.BtcFormatTest" time="0.001"/>
  <testcase name="suffixTest[459]" classname="org.bitcoinj.utils.BtcFormatTest" time="0.0">
    <skipped/>
  </testcase>
  <testcase name="autoDecimalTest[459]" classname="org.bitcoinj.utils.BtcFormatTest" time="0.002"/>
  <testcase name="symbolCollisionTest[459]" classname="org.bitcoinj.utils.BtcFormatTest" time="0.002"/>
  <testcase name="equalityTest[459]" classname="org.bitcoinj.utils.BtcFormatTest" time="0.002"/>
  <testcase name="columnAlignmentTest[459]" classname="org.bitcoinj.utils.BtcFormatTest" time="0.001"/>
  <testcase name="factoryTest[459]" classname="org.bitcoinj.utils.BtcFormatTest" time="0.001"/>
  <testcase name="parse[459]" classname="org.bitcoinj.utils.BtcFormatTest" time="0.0"/>
  <testcase name="btcRounding[459]" classname="org.bitcoinj.utils.BtcFormatTest" time="0.003"/>
  <testcase name="negativeTest[459]" classname="org.bitcoinj.utils.BtcFormatTest" time="0.0">
    <skipped/>
  </testcase>
  <testcase name="millicoinScaleTest[459]" classname="org.bitcoinj.utils.BtcFormatTest" time="0.0"/>
  <testcase name="toStringTest[459]" classname="org.bitcoinj.utils.BtcFormatTest" time="0.0">
    <skipped/>
  </testcase>
  <testcase name="testGrouping[459]" classname="org.bitcoinj.utils.BtcFormatTest" time="0.001"/>
  <testcase name="symbolsCodesTest[459]" classname="org.bitcoinj.utils.BtcFormatTest" time="0.0"/>
  <testcase name="defaultLocaleTest[459]" classname="org.bitcoinj.utils.BtcFormatTest" time="0.0"/>
  <testcase name="parsePositionTest[459]" classname="org.bitcoinj.utils.BtcFormatTest" time="0.001"/>
  <testcase name="argumentTypeTest[459]" classname="org.bitcoinj.utils.BtcFormatTest" time="0.0">
    <skipped/>
  </testcase>
  <testcase name="characterIteratorTest[459]" classname="org.bitcoinj.utils.BtcFormatTest" time="0.0"/>
  <testcase name="repeatingPlaceTest[459]" classname="org.bitcoinj.utils.BtcFormatTest" time="0.0"/>
  <testcase name="currencyCodeTest[459]" classname="org.bitcoinj.utils.BtcFormatTest" time="0.0">
    <skipped/>
  </testcase>
  <testcase name="patternDecimalPlaces[459]" classname="org.bitcoinj.utils.BtcFormatTest" time="0.0"/>
  <testcase name="factoryArgumentsTest[460]" classname="org.bitcoinj.utils.BtcFormatTest" time="0.001"/>
  <testcase name="parseTest[460]" classname="org.bitcoinj.utils.BtcFormatTest" time="0.0">
    <skipped/>
  </testcase>
  <testcase name="microcoinScaleTest[460]" classname="org.bitcoinj.utils.BtcFormatTest" time="0.0"/>
  <testcase name="parseMetricTest[460]" classname="org.bitcoinj.utils.BtcFormatTest" time="0.001"/>
  <testcase name="coinScaleTest[460]" classname="org.bitcoinj.utils.BtcFormatTest" time="0.001"/>
  <testcase name="builderTest[460]" classname="org.bitcoinj.utils.BtcFormatTest" time="0.0">
    <skipped/>
  </testcase>
  <testcase name="attributeTest[460]" classname="org.bitcoinj.utils.BtcFormatTest" time="0.0">
    <skipped/>
  </testcase>
  <testcase name="prefixTest[460]" classname="org.bitcoinj.utils.BtcFormatTest" time="0.0"/>
  <testcase name="suffixTest[460]" classname="org.bitcoinj.utils.BtcFormatTest" time="0.0">
    <skipped/>
  </testcase>
  <testcase name="autoDecimalTest[460]" classname="org.bitcoinj.utils.BtcFormatTest" time="0.003"/>
  <testcase name="symbolCollisionTest[460]" classname="org.bitcoinj.utils.BtcFormatTest" time="0.002"/>
  <testcase name="equalityTest[460]" classname="org.bitcoinj.utils.BtcFormatTest" time="0.001"/>
  <testcase name="columnAlignmentTest[460]" classname="org.bitcoinj.utils.BtcFormatTest" time="0.001"/>
  <testcase name="factoryTest[460]" classname="org.bitcoinj.utils.BtcFormatTest" time="0.0"/>
  <testcase name="parse[460]" classname="org.bitcoinj.utils.BtcFormatTest" time="0.001"/>
  <testcase name="btcRounding[460]" classname="org.bitcoinj.utils.BtcFormatTest" time="0.003"/>
  <testcase name="negativeTest[460]" classname="org.bitcoinj.utils.BtcFormatTest" time="0.0">
    <skipped/>
  </testcase>
  <testcase name="millicoinScaleTest[460]" classname="org.bitcoinj.utils.BtcFormatTest" time="0.0"/>
  <testcase name="toStringTest[460]" classname="org.bitcoinj.utils.BtcFormatTest" time="0.0">
    <skipped/>
  </testcase>
  <testcase name="testGrouping[460]" classname="org.bitcoinj.utils.BtcFormatTest" time="0.0"/>
  <testcase name="symbolsCodesTest[460]" classname="org.bitcoinj.utils.BtcFormatTest" time="0.0"/>
  <testcase name="defaultLocaleTest[460]" classname="org.bitcoinj.utils.BtcFormatTest" time="0.0"/>
  <testcase name="parsePositionTest[460]" classname="org.bitcoinj.utils.BtcFormatTest" time="0.001"/>
  <testcase name="argumentTypeTest[460]" classname="org.bitcoinj.utils.BtcFormatTest" time="0.0">
    <skipped/>
  </testcase>
  <testcase name="characterIteratorTest[460]" classname="org.bitcoinj.utils.BtcFormatTest" time="0.0"/>
  <testcase name="repeatingPlaceTest[460]" classname="org.bitcoinj.utils.BtcFormatTest" time="0.0"/>
  <testcase name="currencyCodeTest[460]" classname="org.bitcoinj.utils.BtcFormatTest" time="0.0">
    <skipped/>
  </testcase>
  <testcase name="patternDecimalPlaces[460]" classname="org.bitcoinj.utils.BtcFormatTest" time="0.0"/>
  <testcase name="factoryArgumentsTest[461]" classname="org.bitcoinj.utils.BtcFormatTest" time="0.001"/>
  <testcase name="parseTest[461]" classname="org.bitcoinj.utils.BtcFormatTest" time="0.0">
    <skipped/>
  </testcase>
  <testcase name="microcoinScaleTest[461]" classname="org.bitcoinj.utils.BtcFormatTest" time="0.001"/>
  <testcase name="parseMetricTest[461]" classname="org.bitcoinj.utils.BtcFormatTest" time="0.002"/>
  <testcase name="coinScaleTest[461]" classname="org.bitcoinj.utils.BtcFormatTest" time="0.0"/>
  <testcase name="builderTest[461]" classname="org.bitcoinj.utils.BtcFormatTest" time="0.0">
    <skipped/>
  </testcase>
  <testcase name="attributeTest[461]" classname="org.bitcoinj.utils.BtcFormatTest" time="0.001">
    <skipped/>
  </testcase>
  <testcase name="prefixTest[461]" classname="org.bitcoinj.utils.BtcFormatTest" time="0.001"/>
  <testcase name="suffixTest[461]" classname="org.bitcoinj.utils.BtcFormatTest" time="0.0">
    <skipped/>
  </testcase>
  <testcase name="autoDecimalTest[461]" classname="org.bitcoinj.utils.BtcFormatTest" time="0.002"/>
  <testcase name="symbolCollisionTest[461]" classname="org.bitcoinj.utils.BtcFormatTest" time="0.002"/>
  <testcase name="equalityTest[461]" classname="org.bitcoinj.utils.BtcFormatTest" time="0.004"/>
  <testcase name="columnAlignmentTest[461]" classname="org.bitcoinj.utils.BtcFormatTest" time="0.001"/>
  <testcase name="factoryTest[461]" classname="org.bitcoinj.utils.BtcFormatTest" time="0.0"/>
  <testcase name="parse[461]" classname="org.bitcoinj.utils.BtcFormatTest" time="0.0"/>
  <testcase name="btcRounding[461]" classname="org.bitcoinj.utils.BtcFormatTest" time="0.001"/>
  <testcase name="negativeTest[461]" classname="org.bitcoinj.utils.BtcFormatTest" time="0.0">
    <skipped/>
  </testcase>
  <testcase name="millicoinScaleTest[461]" classname="org.bitcoinj.utils.BtcFormatTest" time="0.0"/>
  <testcase name="toStringTest[461]" classname="org.bitcoinj.utils.BtcFormatTest" time="0.0">
    <skipped/>
  </testcase>
  <testcase name="testGrouping[461]" classname="org.bitcoinj.utils.BtcFormatTest" time="0.001"/>
  <testcase name="symbolsCodesTest[461]" classname="org.bitcoinj.utils.BtcFormatTest" time="0.0"/>
  <testcase name="defaultLocaleTest[461]" classname="org.bitcoinj.utils.BtcFormatTest" time="0.0"/>
  <testcase name="parsePositionTest[461]" classname="org.bitcoinj.utils.BtcFormatTest" time="0.0"/>
  <testcase name="argumentTypeTest[461]" classname="org.bitcoinj.utils.BtcFormatTest" time="0.0">
    <skipped/>
  </testcase>
  <testcase name="characterIteratorTest[461]" classname="org.bitcoinj.utils.BtcFormatTest" time="0.0"/>
  <testcase name="repeatingPlaceTest[461]" classname="org.bitcoinj.utils.BtcFormatTest" time="0.0"/>
  <testcase name="currencyCodeTest[461]" classname="org.bitcoinj.utils.BtcFormatTest" time="0.0">
    <skipped/>
  </testcase>
  <testcase name="patternDecimalPlaces[461]" classname="org.bitcoinj.utils.BtcFormatTest" time="0.0"/>
  <testcase name="factoryArgumentsTest[462]" classname="org.bitcoinj.utils.BtcFormatTest" time="0.002"/>
  <testcase name="parseTest[462]" classname="org.bitcoinj.utils.BtcFormatTest" time="0.0">
    <skipped/>
  </testcase>
  <testcase name="microcoinScaleTest[462]" classname="org.bitcoinj.utils.BtcFormatTest" time="0.001"/>
  <testcase name="parseMetricTest[462]" classname="org.bitcoinj.utils.BtcFormatTest" time="0.001"/>
  <testcase name="coinScaleTest[462]" classname="org.bitcoinj.utils.BtcFormatTest" time="0.0"/>
  <testcase name="builderTest[462]" classname="org.bitcoinj.utils.BtcFormatTest" time="0.0">
    <skipped/>
  </testcase>
  <testcase name="attributeTest[462]" classname="org.bitcoinj.utils.BtcFormatTest" time="0.0">
    <skipped/>
  </testcase>
  <testcase name="prefixTest[462]" classname="org.bitcoinj.utils.BtcFormatTest" time="0.0"/>
  <testcase name="suffixTest[462]" classname="org.bitcoinj.utils.BtcFormatTest" time="0.0">
    <skipped/>
  </testcase>
  <testcase name="autoDecimalTest[462]" classname="org.bitcoinj.utils.BtcFormatTest" time="0.001"/>
  <testcase name="symbolCollisionTest[462]" classname="org.bitcoinj.utils.BtcFormatTest" time="0.002"/>
  <testcase name="equalityTest[462]" classname="org.bitcoinj.utils.BtcFormatTest" time="0.001"/>
  <testcase name="columnAlignmentTest[462]" classname="org.bitcoinj.utils.BtcFormatTest" time="0.001"/>
  <testcase name="factoryTest[462]" classname="org.bitcoinj.utils.BtcFormatTest" time="0.0"/>
  <testcase name="parse[462]" classname="org.bitcoinj.utils.BtcFormatTest" time="0.0"/>
  <testcase name="btcRounding[462]" classname="org.bitcoinj.utils.BtcFormatTest" time="0.001"/>
  <testcase name="negativeTest[462]" classname="org.bitcoinj.utils.BtcFormatTest" time="0.0">
    <skipped/>
  </testcase>
  <testcase name="millicoinScaleTest[462]" classname="org.bitcoinj.utils.BtcFormatTest" time="0.0"/>
  <testcase name="toStringTest[462]" classname="org.bitcoinj.utils.BtcFormatTest" time="0.0">
    <skipped/>
  </testcase>
  <testcase name="testGrouping[462]" classname="org.bitcoinj.utils.BtcFormatTest" time="0.001"/>
  <testcase name="symbolsCodesTest[462]" classname="org.bitcoinj.utils.BtcFormatTest" time="0.0"/>
  <testcase name="defaultLocaleTest[462]" classname="org.bitcoinj.utils.BtcFormatTest" time="0.0"/>
  <testcase name="parsePositionTest[462]" classname="org.bitcoinj.utils.BtcFormatTest" time="0.001"/>
  <testcase name="argumentTypeTest[462]" classname="org.bitcoinj.utils.BtcFormatTest" time="0.0">
    <skipped/>
  </testcase>
  <testcase name="characterIteratorTest[462]" classname="org.bitcoinj.utils.BtcFormatTest" time="0.0"/>
  <testcase name="repeatingPlaceTest[462]" classname="org.bitcoinj.utils.BtcFormatTest" time="0.0"/>
  <testcase name="currencyCodeTest[462]" classname="org.bitcoinj.utils.BtcFormatTest" time="0.0">
    <skipped/>
  </testcase>
  <testcase name="patternDecimalPlaces[462]" classname="org.bitcoinj.utils.BtcFormatTest" time="0.0"/>
  <testcase name="factoryArgumentsTest[463]" classname="org.bitcoinj.utils.BtcFormatTest" time="0.001"/>
  <testcase name="parseTest[463]" classname="org.bitcoinj.utils.BtcFormatTest" time="0.0">
    <skipped/>
  </testcase>
  <testcase name="microcoinScaleTest[463]" classname="org.bitcoinj.utils.BtcFormatTest" time="0.0"/>
  <testcase name="parseMetricTest[463]" classname="org.bitcoinj.utils.BtcFormatTest" time="0.001"/>
  <testcase name="coinScaleTest[463]" classname="org.bitcoinj.utils.BtcFormatTest" time="0.0"/>
  <testcase name="builderTest[463]" classname="org.bitcoinj.utils.BtcFormatTest" time="0.0">
    <skipped/>
  </testcase>
  <testcase name="attributeTest[463]" classname="org.bitcoinj.utils.BtcFormatTest" time="0.0">
    <skipped/>
  </testcase>
  <testcase name="prefixTest[463]" classname="org.bitcoinj.utils.BtcFormatTest" time="0.001"/>
  <testcase name="suffixTest[463]" classname="org.bitcoinj.utils.BtcFormatTest" time="0.0">
    <skipped/>
  </testcase>
  <testcase name="autoDecimalTest[463]" classname="org.bitcoinj.utils.BtcFormatTest" time="0.0"/>
  <testcase name="symbolCollisionTest[463]" classname="org.bitcoinj.utils.BtcFormatTest" time="0.002"/>
  <testcase name="equalityTest[463]" classname="org.bitcoinj.utils.BtcFormatTest" time="0.002"/>
  <testcase name="columnAlignmentTest[463]" classname="org.bitcoinj.utils.BtcFormatTest" time="0.001"/>
  <testcase name="factoryTest[463]" classname="org.bitcoinj.utils.BtcFormatTest" time="0.0"/>
  <testcase name="parse[463]" classname="org.bitcoinj.utils.BtcFormatTest" time="0.0"/>
  <testcase name="btcRounding[463]" classname="org.bitcoinj.utils.BtcFormatTest" time="0.001"/>
  <testcase name="negativeTest[463]" classname="org.bitcoinj.utils.BtcFormatTest" time="0.0">
    <skipped/>
  </testcase>
  <testcase name="millicoinScaleTest[463]" classname="org.bitcoinj.utils.BtcFormatTest" time="0.0"/>
  <testcase name="toStringTest[463]" classname="org.bitcoinj.utils.BtcFormatTest" time="0.0">
    <skipped/>
  </testcase>
  <testcase name="testGrouping[463]" classname="org.bitcoinj.utils.BtcFormatTest" time="0.0"/>
  <testcase name="symbolsCodesTest[463]" classname="org.bitcoinj.utils.BtcFormatTest" time="0.002"/>
  <testcase name="defaultLocaleTest[463]" classname="org.bitcoinj.utils.BtcFormatTest" time="0.0"/>
  <testcase name="parsePositionTest[463]" classname="org.bitcoinj.utils.BtcFormatTest" time="0.001"/>
  <testcase name="argumentTypeTest[463]" classname="org.bitcoinj.utils.BtcFormatTest" time="0.0">
    <skipped/>
  </testcase>
  <testcase name="characterIteratorTest[463]" classname="org.bitcoinj.utils.BtcFormatTest" time="0.0"/>
  <testcase name="repeatingPlaceTest[463]" classname="org.bitcoinj.utils.BtcFormatTest" time="0.0"/>
  <testcase name="currencyCodeTest[463]" classname="org.bitcoinj.utils.BtcFormatTest" time="0.0">
    <skipped/>
  </testcase>
  <testcase name="patternDecimalPlaces[463]" classname="org.bitcoinj.utils.BtcFormatTest" time="0.0"/>
  <testcase name="factoryArgumentsTest[464]" classname="org.bitcoinj.utils.BtcFormatTest" time="0.001"/>
  <testcase name="parseTest[464]" classname="org.bitcoinj.utils.BtcFormatTest" time="0.0">
    <skipped/>
  </testcase>
  <testcase name="microcoinScaleTest[464]" classname="org.bitcoinj.utils.BtcFormatTest" time="0.0"/>
  <testcase name="parseMetricTest[464]" classname="org.bitcoinj.utils.BtcFormatTest" time="0.001"/>
  <testcase name="coinScaleTest[464]" classname="org.bitcoinj.utils.BtcFormatTest" time="0.001"/>
  <testcase name="builderTest[464]" classname="org.bitcoinj.utils.BtcFormatTest" time="0.0">
    <skipped/>
  </testcase>
  <testcase name="attributeTest[464]" classname="org.bitcoinj.utils.BtcFormatTest" time="0.0">
    <skipped/>
  </testcase>
  <testcase name="prefixTest[464]" classname="org.bitcoinj.utils.BtcFormatTest" time="0.0"/>
  <testcase name="suffixTest[464]" classname="org.bitcoinj.utils.BtcFormatTest" time="0.001">
    <skipped/>
  </testcase>
  <testcase name="autoDecimalTest[464]" classname="org.bitcoinj.utils.BtcFormatTest" time="0.001"/>
  <testcase name="symbolCollisionTest[464]" classname="org.bitcoinj.utils.BtcFormatTest" time="0.002"/>
  <testcase name="equalityTest[464]" classname="org.bitcoinj.utils.BtcFormatTest" time="0.001"/>
  <testcase name="columnAlignmentTest[464]" classname="org.bitcoinj.utils.BtcFormatTest" time="0.001"/>
  <testcase name="factoryTest[464]" classname="org.bitcoinj.utils.BtcFormatTest" time="0.0"/>
  <testcase name="parse[464]" classname="org.bitcoinj.utils.BtcFormatTest" time="0.0"/>
  <testcase name="btcRounding[464]" classname="org.bitcoinj.utils.BtcFormatTest" time="0.001"/>
  <testcase name="negativeTest[464]" classname="org.bitcoinj.utils.BtcFormatTest" time="0.0">
    <skipped/>
  </testcase>
  <testcase name="millicoinScaleTest[464]" classname="org.bitcoinj.utils.BtcFormatTest" time="0.0"/>
  <testcase name="toStringTest[464]" classname="org.bitcoinj.utils.BtcFormatTest" time="0.0">
    <skipped/>
  </testcase>
  <testcase name="testGrouping[464]" classname="org.bitcoinj.utils.BtcFormatTest" time="0.0"/>
  <testcase name="symbolsCodesTest[464]" classname="org.bitcoinj.utils.BtcFormatTest" time="0.0"/>
  <testcase name="defaultLocaleTest[464]" classname="org.bitcoinj.utils.BtcFormatTest" time="0.001"/>
  <testcase name="parsePositionTest[464]" classname="org.bitcoinj.utils.BtcFormatTest" time="0.0"/>
  <testcase name="argumentTypeTest[464]" classname="org.bitcoinj.utils.BtcFormatTest" time="0.0">
    <skipped/>
  </testcase>
  <testcase name="characterIteratorTest[464]" classname="org.bitcoinj.utils.BtcFormatTest" time="0.0"/>
  <testcase name="repeatingPlaceTest[464]" classname="org.bitcoinj.utils.BtcFormatTest" time="0.0"/>
  <testcase name="currencyCodeTest[464]" classname="org.bitcoinj.utils.BtcFormatTest" time="0.0">
    <skipped/>
  </testcase>
  <testcase name="patternDecimalPlaces[464]" classname="org.bitcoinj.utils.BtcFormatTest" time="0.0"/>
  <testcase name="factoryArgumentsTest[465]" classname="org.bitcoinj.utils.BtcFormatTest" time="0.002"/>
  <testcase name="parseTest[465]" classname="org.bitcoinj.utils.BtcFormatTest" time="0.0">
    <skipped/>
  </testcase>
  <testcase name="microcoinScaleTest[465]" classname="org.bitcoinj.utils.BtcFormatTest" time="0.0"/>
  <testcase name="parseMetricTest[465]" classname="org.bitcoinj.utils.BtcFormatTest" time="0.002"/>
  <testcase name="coinScaleTest[465]" classname="org.bitcoinj.utils.BtcFormatTest" time="0.0"/>
  <testcase name="builderTest[465]" classname="org.bitcoinj.utils.BtcFormatTest" time="0.0">
    <skipped/>
  </testcase>
  <testcase name="attributeTest[465]" classname="org.bitcoinj.utils.BtcFormatTest" time="0.001">
    <skipped/>
  </testcase>
  <testcase name="prefixTest[465]" classname="org.bitcoinj.utils.BtcFormatTest" time="0.0"/>
  <testcase name="suffixTest[465]" classname="org.bitcoinj.utils.BtcFormatTest" time="0.0">
    <skipped/>
  </testcase>
  <testcase name="autoDecimalTest[465]" classname="org.bitcoinj.utils.BtcFormatTest" time="0.001"/>
  <testcase name="symbolCollisionTest[465]" classname="org.bitcoinj.utils.BtcFormatTest" time="0.002"/>
  <testcase name="equalityTest[465]" classname="org.bitcoinj.utils.BtcFormatTest" time="0.001"/>
  <testcase name="columnAlignmentTest[465]" classname="org.bitcoinj.utils.BtcFormatTest" time="0.0"/>
  <testcase name="factoryTest[465]" classname="org.bitcoinj.utils.BtcFormatTest" time="0.001"/>
  <testcase name="parse[465]" classname="org.bitcoinj.utils.BtcFormatTest" time="0.0"/>
  <testcase name="btcRounding[465]" classname="org.bitcoinj.utils.BtcFormatTest" time="0.002"/>
  <testcase name="negativeTest[465]" classname="org.bitcoinj.utils.BtcFormatTest" time="0.0">
    <skipped/>
  </testcase>
  <testcase name="millicoinScaleTest[465]" classname="org.bitcoinj.utils.BtcFormatTest" time="0.0"/>
  <testcase name="toStringTest[465]" classname="org.bitcoinj.utils.BtcFormatTest" time="0.0">
    <skipped/>
  </testcase>
  <testcase name="testGrouping[465]" classname="org.bitcoinj.utils.BtcFormatTest" time="0.001"/>
  <testcase name="symbolsCodesTest[465]" classname="org.bitcoinj.utils.BtcFormatTest" time="0.001"/>
  <testcase name="defaultLocaleTest[465]" classname="org.bitcoinj.utils.BtcFormatTest" time="0.001"/>
  <testcase name="parsePositionTest[465]" classname="org.bitcoinj.utils.BtcFormatTest" time="0.0"/>
  <testcase name="argumentTypeTest[465]" classname="org.bitcoinj.utils.BtcFormatTest" time="0.0">
    <skipped/>
  </testcase>
  <testcase name="characterIteratorTest[465]" classname="org.bitcoinj.utils.BtcFormatTest" time="0.001"/>
  <testcase name="repeatingPlaceTest[465]" classname="org.bitcoinj.utils.BtcFormatTest" time="0.0"/>
  <testcase name="currencyCodeTest[465]" classname="org.bitcoinj.utils.BtcFormatTest" time="0.0">
    <skipped/>
  </testcase>
  <testcase name="patternDecimalPlaces[465]" classname="org.bitcoinj.utils.BtcFormatTest" time="0.0"/>
  <testcase name="factoryArgumentsTest[466]" classname="org.bitcoinj.utils.BtcFormatTest" time="0.001"/>
  <testcase name="parseTest[466]" classname="org.bitcoinj.utils.BtcFormatTest" time="0.0">
    <skipped/>
  </testcase>
  <testcase name="microcoinScaleTest[466]" classname="org.bitcoinj.utils.BtcFormatTest" time="0.0"/>
  <testcase name="parseMetricTest[466]" classname="org.bitcoinj.utils.BtcFormatTest" time="0.002"/>
  <testcase name="coinScaleTest[466]" classname="org.bitcoinj.utils.BtcFormatTest" time="0.0"/>
  <testcase name="builderTest[466]" classname="org.bitcoinj.utils.BtcFormatTest" time="0.0">
    <skipped/>
  </testcase>
  <testcase name="attributeTest[466]" classname="org.bitcoinj.utils.BtcFormatTest" time="0.0">
    <skipped/>
  </testcase>
  <testcase name="prefixTest[466]" classname="org.bitcoinj.utils.BtcFormatTest" time="0.001"/>
  <testcase name="suffixTest[466]" classname="org.bitcoinj.utils.BtcFormatTest" time="0.0">
    <skipped/>
  </testcase>
  <testcase name="autoDecimalTest[466]" classname="org.bitcoinj.utils.BtcFormatTest" time="0.001"/>
  <testcase name="symbolCollisionTest[466]" classname="org.bitcoinj.utils.BtcFormatTest" time="0.002"/>
  <testcase name="equalityTest[466]" classname="org.bitcoinj.utils.BtcFormatTest" time="0.002"/>
  <testcase name="columnAlignmentTest[466]" classname="org.bitcoinj.utils.BtcFormatTest" time="0.0"/>
  <testcase name="factoryTest[466]" classname="org.bitcoinj.utils.BtcFormatTest" time="0.0"/>
  <testcase name="parse[466]" classname="org.bitcoinj.utils.BtcFormatTest" time="0.0"/>
  <testcase name="btcRounding[466]" classname="org.bitcoinj.utils.BtcFormatTest" time="0.002"/>
  <testcase name="negativeTest[466]" classname="org.bitcoinj.utils.BtcFormatTest" time="0.0">
    <skipped/>
  </testcase>
  <testcase name="millicoinScaleTest[466]" classname="org.bitcoinj.utils.BtcFormatTest" time="0.0"/>
  <testcase name="toStringTest[466]" classname="org.bitcoinj.utils.BtcFormatTest" time="0.0">
    <skipped/>
  </testcase>
  <testcase name="testGrouping[466]" classname="org.bitcoinj.utils.BtcFormatTest" time="0.0"/>
  <testcase name="symbolsCodesTest[466]" classname="org.bitcoinj.utils.BtcFormatTest" time="0.0"/>
  <testcase name="defaultLocaleTest[466]" classname="org.bitcoinj.utils.BtcFormatTest" time="0.001"/>
  <testcase name="parsePositionTest[466]" classname="org.bitcoinj.utils.BtcFormatTest" time="0.0"/>
  <testcase name="argumentTypeTest[466]" classname="org.bitcoinj.utils.BtcFormatTest" time="0.0">
    <skipped/>
  </testcase>
  <testcase name="characterIteratorTest[466]" classname="org.bitcoinj.utils.BtcFormatTest" time="0.0"/>
  <testcase name="repeatingPlaceTest[466]" classname="org.bitcoinj.utils.BtcFormatTest" time="0.001"/>
  <testcase name="currencyCodeTest[466]" classname="org.bitcoinj.utils.BtcFormatTest" time="0.0">
    <skipped/>
  </testcase>
  <testcase name="patternDecimalPlaces[466]" classname="org.bitcoinj.utils.BtcFormatTest" time="0.0"/>
  <testcase name="factoryArgumentsTest[467]" classname="org.bitcoinj.utils.BtcFormatTest" time="0.001"/>
  <testcase name="parseTest[467]" classname="org.bitcoinj.utils.BtcFormatTest" time="0.0">
    <skipped/>
  </testcase>
  <testcase name="microcoinScaleTest[467]" classname="org.bitcoinj.utils.BtcFormatTest" time="0.0"/>
  <testcase name="parseMetricTest[467]" classname="org.bitcoinj.utils.BtcFormatTest" time="0.001"/>
  <testcase name="coinScaleTest[467]" classname="org.bitcoinj.utils.BtcFormatTest" time="0.0"/>
  <testcase name="builderTest[467]" classname="org.bitcoinj.utils.BtcFormatTest" time="0.0">
    <skipped/>
  </testcase>
  <testcase name="attributeTest[467]" classname="org.bitcoinj.utils.BtcFormatTest" time="0.0">
    <skipped/>
  </testcase>
  <testcase name="prefixTest[467]" classname="org.bitcoinj.utils.BtcFormatTest" time="0.0"/>
  <testcase name="suffixTest[467]" classname="org.bitcoinj.utils.BtcFormatTest" time="0.0">
    <skipped/>
  </testcase>
  <testcase name="autoDecimalTest[467]" classname="org.bitcoinj.utils.BtcFormatTest" time="0.001"/>
  <testcase name="symbolCollisionTest[467]" classname="org.bitcoinj.utils.BtcFormatTest" time="0.002"/>
  <testcase name="equalityTest[467]" classname="org.bitcoinj.utils.BtcFormatTest" time="0.002"/>
  <testcase name="columnAlignmentTest[467]" classname="org.bitcoinj.utils.BtcFormatTest" time="0.0"/>
  <testcase name="factoryTest[467]" classname="org.bitcoinj.utils.BtcFormatTest" time="0.0"/>
  <testcase name="parse[467]" classname="org.bitcoinj.utils.BtcFormatTest" time="0.001"/>
  <testcase name="btcRounding[467]" classname="org.bitcoinj.utils.BtcFormatTest" time="0.001"/>
  <testcase name="negativeTest[467]" classname="org.bitcoinj.utils.BtcFormatTest" time="0.0">
    <skipped/>
  </testcase>
  <testcase name="millicoinScaleTest[467]" classname="org.bitcoinj.utils.BtcFormatTest" time="0.0"/>
  <testcase name="toStringTest[467]" classname="org.bitcoinj.utils.BtcFormatTest" time="0.0">
    <skipped/>
  </testcase>
  <testcase name="testGrouping[467]" classname="org.bitcoinj.utils.BtcFormatTest" time="0.0"/>
  <testcase name="symbolsCodesTest[467]" classname="org.bitcoinj.utils.BtcFormatTest" time="0.001"/>
  <testcase name="defaultLocaleTest[467]" classname="org.bitcoinj.utils.BtcFormatTest" time="0.0"/>
  <testcase name="parsePositionTest[467]" classname="org.bitcoinj.utils.BtcFormatTest" time="0.0"/>
  <testcase name="argumentTypeTest[467]" classname="org.bitcoinj.utils.BtcFormatTest" time="0.0">
    <skipped/>
  </testcase>
  <testcase name="characterIteratorTest[467]" classname="org.bitcoinj.utils.BtcFormatTest" time="0.001"/>
  <testcase name="repeatingPlaceTest[467]" classname="org.bitcoinj.utils.BtcFormatTest" time="0.0"/>
  <testcase name="currencyCodeTest[467]" classname="org.bitcoinj.utils.BtcFormatTest" time="0.0">
    <skipped/>
  </testcase>
  <testcase name="patternDecimalPlaces[467]" classname="org.bitcoinj.utils.BtcFormatTest" time="0.0"/>
  <testcase name="factoryArgumentsTest[468]" classname="org.bitcoinj.utils.BtcFormatTest" time="0.001"/>
  <testcase name="parseTest[468]" classname="org.bitcoinj.utils.BtcFormatTest" time="0.0">
    <skipped/>
  </testcase>
  <testcase name="microcoinScaleTest[468]" classname="org.bitcoinj.utils.BtcFormatTest" time="0.0"/>
  <testcase name="parseMetricTest[468]" classname="org.bitcoinj.utils.BtcFormatTest" time="0.001"/>
  <testcase name="coinScaleTest[468]" classname="org.bitcoinj.utils.BtcFormatTest" time="0.0"/>
  <testcase name="builderTest[468]" classname="org.bitcoinj.utils.BtcFormatTest" time="0.0">
    <skipped/>
  </testcase>
  <testcase name="attributeTest[468]" classname="org.bitcoinj.utils.BtcFormatTest" time="0.0">
    <skipped/>
  </testcase>
  <testcase name="prefixTest[468]" classname="org.bitcoinj.utils.BtcFormatTest" time="0.001"/>
  <testcase name="suffixTest[468]" classname="org.bitcoinj.utils.BtcFormatTest" time="0.0">
    <skipped/>
  </testcase>
  <testcase name="autoDecimalTest[468]" classname="org.bitcoinj.utils.BtcFormatTest" time="0.001"/>
  <testcase name="symbolCollisionTest[468]" classname="org.bitcoinj.utils.BtcFormatTest" time="0.002"/>
  <testcase name="equalityTest[468]" classname="org.bitcoinj.utils.BtcFormatTest" time="0.002"/>
  <testcase name="columnAlignmentTest[468]" classname="org.bitcoinj.utils.BtcFormatTest" time="0.001"/>
  <testcase name="factoryTest[468]" classname="org.bitcoinj.utils.BtcFormatTest" time="0.0"/>
  <testcase name="parse[468]" classname="org.bitcoinj.utils.BtcFormatTest" time="0.0"/>
  <testcase name="btcRounding[468]" classname="org.bitcoinj.utils.BtcFormatTest" time="0.001"/>
  <testcase name="negativeTest[468]" classname="org.bitcoinj.utils.BtcFormatTest" time="0.0">
    <skipped/>
  </testcase>
  <testcase name="millicoinScaleTest[468]" classname="org.bitcoinj.utils.BtcFormatTest" time="0.0"/>
  <testcase name="toStringTest[468]" classname="org.bitcoinj.utils.BtcFormatTest" time="0.0">
    <skipped/>
  </testcase>
  <testcase name="testGrouping[468]" classname="org.bitcoinj.utils.BtcFormatTest" time="0.0"/>
  <testcase name="symbolsCodesTest[468]" classname="org.bitcoinj.utils.BtcFormatTest" time="0.001"/>
  <testcase name="defaultLocaleTest[468]" classname="org.bitcoinj.utils.BtcFormatTest" time="0.0"/>
  <testcase name="parsePositionTest[468]" classname="org.bitcoinj.utils.BtcFormatTest" time="0.001"/>
  <testcase name="argumentTypeTest[468]" classname="org.bitcoinj.utils.BtcFormatTest" time="0.0">
    <skipped/>
  </testcase>
  <testcase name="characterIteratorTest[468]" classname="org.bitcoinj.utils.BtcFormatTest" time="0.0"/>
  <testcase name="repeatingPlaceTest[468]" classname="org.bitcoinj.utils.BtcFormatTest" time="0.001"/>
  <testcase name="currencyCodeTest[468]" classname="org.bitcoinj.utils.BtcFormatTest" time="0.0">
    <skipped/>
  </testcase>
  <testcase name="patternDecimalPlaces[468]" classname="org.bitcoinj.utils.BtcFormatTest" time="0.0"/>
  <testcase name="factoryArgumentsTest[469]" classname="org.bitcoinj.utils.BtcFormatTest" time="0.001"/>
  <testcase name="parseTest[469]" classname="org.bitcoinj.utils.BtcFormatTest" time="0.0">
    <skipped/>
  </testcase>
  <testcase name="microcoinScaleTest[469]" classname="org.bitcoinj.utils.BtcFormatTest" time="0.0"/>
  <testcase name="parseMetricTest[469]" classname="org.bitcoinj.utils.BtcFormatTest" time="0.001"/>
  <testcase name="coinScaleTest[469]" classname="org.bitcoinj.utils.BtcFormatTest" time="0.0"/>
  <testcase name="builderTest[469]" classname="org.bitcoinj.utils.BtcFormatTest" time="0.0">
    <skipped/>
  </testcase>
  <testcase name="attributeTest[469]" classname="org.bitcoinj.utils.BtcFormatTest" time="0.0">
    <skipped/>
  </testcase>
  <testcase name="prefixTest[469]" classname="org.bitcoinj.utils.BtcFormatTest" time="0.0"/>
  <testcase name="suffixTest[469]" classname="org.bitcoinj.utils.BtcFormatTest" time="0.0">
    <skipped/>
  </testcase>
  <testcase name="autoDecimalTest[469]" classname="org.bitcoinj.utils.BtcFormatTest" time="0.002"/>
  <testcase name="symbolCollisionTest[469]" classname="org.bitcoinj.utils.BtcFormatTest" time="0.001"/>
  <testcase name="equalityTest[469]" classname="org.bitcoinj.utils.BtcFormatTest" time="0.002"/>
  <testcase name="columnAlignmentTest[469]" classname="org.bitcoinj.utils.BtcFormatTest" time="0.0"/>
  <testcase name="factoryTest[469]" classname="org.bitcoinj.utils.BtcFormatTest" time="0.0"/>
  <testcase name="parse[469]" classname="org.bitcoinj.utils.BtcFormatTest" time="0.0"/>
  <testcase name="btcRounding[469]" classname="org.bitcoinj.utils.BtcFormatTest" time="0.001"/>
  <testcase name="negativeTest[469]" classname="org.bitcoinj.utils.BtcFormatTest" time="0.0">
    <skipped/>
  </testcase>
  <testcase name="millicoinScaleTest[469]" classname="org.bitcoinj.utils.BtcFormatTest" time="0.0"/>
  <testcase name="toStringTest[469]" classname="org.bitcoinj.utils.BtcFormatTest" time="0.0">
    <skipped/>
  </testcase>
  <testcase name="testGrouping[469]" classname="org.bitcoinj.utils.BtcFormatTest" time="0.0"/>
  <testcase name="symbolsCodesTest[469]" classname="org.bitcoinj.utils.BtcFormatTest" time="0.001"/>
  <testcase name="defaultLocaleTest[469]" classname="org.bitcoinj.utils.BtcFormatTest" time="0.0"/>
  <testcase name="parsePositionTest[469]" classname="org.bitcoinj.utils.BtcFormatTest" time="0.0"/>
  <testcase name="argumentTypeTest[469]" classname="org.bitcoinj.utils.BtcFormatTest" time="0.0">
    <skipped/>
  </testcase>
  <testcase name="characterIteratorTest[469]" classname="org.bitcoinj.utils.BtcFormatTest" time="0.001"/>
  <testcase name="repeatingPlaceTest[469]" classname="org.bitcoinj.utils.BtcFormatTest" time="0.0"/>
  <testcase name="currencyCodeTest[469]" classname="org.bitcoinj.utils.BtcFormatTest" time="0.0">
    <skipped/>
  </testcase>
  <testcase name="patternDecimalPlaces[469]" classname="org.bitcoinj.utils.BtcFormatTest" time="0.0"/>
  <testcase name="factoryArgumentsTest[470]" classname="org.bitcoinj.utils.BtcFormatTest" time="0.001"/>
  <testcase name="parseTest[470]" classname="org.bitcoinj.utils.BtcFormatTest" time="0.0">
    <skipped/>
  </testcase>
  <testcase name="microcoinScaleTest[470]" classname="org.bitcoinj.utils.BtcFormatTest" time="0.0"/>
  <testcase name="parseMetricTest[470]" classname="org.bitcoinj.utils.BtcFormatTest" time="0.001"/>
  <testcase name="coinScaleTest[470]" classname="org.bitcoinj.utils.BtcFormatTest" time="0.0"/>
  <testcase name="builderTest[470]" classname="org.bitcoinj.utils.BtcFormatTest" time="0.0">
    <skipped/>
  </testcase>
  <testcase name="attributeTest[470]" classname="org.bitcoinj.utils.BtcFormatTest" time="0.0">
    <skipped/>
  </testcase>
  <testcase name="prefixTest[470]" classname="org.bitcoinj.utils.BtcFormatTest" time="0.001"/>
  <testcase name="suffixTest[470]" classname="org.bitcoinj.utils.BtcFormatTest" time="0.0">
    <skipped/>
  </testcase>
  <testcase name="autoDecimalTest[470]" classname="org.bitcoinj.utils.BtcFormatTest" time="0.001"/>
  <testcase name="symbolCollisionTest[470]" classname="org.bitcoinj.utils.BtcFormatTest" time="0.001"/>
  <testcase name="equalityTest[470]" classname="org.bitcoinj.utils.BtcFormatTest" time="0.002"/>
  <testcase name="columnAlignmentTest[470]" classname="org.bitcoinj.utils.BtcFormatTest" time="0.0"/>
  <testcase name="factoryTest[470]" classname="org.bitcoinj.utils.BtcFormatTest" time="0.0"/>
  <testcase name="parse[470]" classname="org.bitcoinj.utils.BtcFormatTest" time="0.0"/>
  <testcase name="btcRounding[470]" classname="org.bitcoinj.utils.BtcFormatTest" time="0.002"/>
  <testcase name="negativeTest[470]" classname="org.bitcoinj.utils.BtcFormatTest" time="0.0">
    <skipped/>
  </testcase>
  <testcase name="millicoinScaleTest[470]" classname="org.bitcoinj.utils.BtcFormatTest" time="0.0"/>
  <testcase name="toStringTest[470]" classname="org.bitcoinj.utils.BtcFormatTest" time="0.0">
    <skipped/>
  </testcase>
  <testcase name="testGrouping[470]" classname="org.bitcoinj.utils.BtcFormatTest" time="0.0"/>
  <testcase name="symbolsCodesTest[470]" classname="org.bitcoinj.utils.BtcFormatTest" time="0.001"/>
  <testcase name="defaultLocaleTest[470]" classname="org.bitcoinj.utils.BtcFormatTest" time="0.001"/>
  <testcase name="parsePositionTest[470]" classname="org.bitcoinj.utils.BtcFormatTest" time="0.0"/>
  <testcase name="argumentTypeTest[470]" classname="org.bitcoinj.utils.BtcFormatTest" time="0.0">
    <skipped/>
  </testcase>
  <testcase name="characterIteratorTest[470]" classname="org.bitcoinj.utils.BtcFormatTest" time="0.0"/>
  <testcase name="repeatingPlaceTest[470]" classname="org.bitcoinj.utils.BtcFormatTest" time="0.0"/>
  <testcase name="currencyCodeTest[470]" classname="org.bitcoinj.utils.BtcFormatTest" time="0.0">
    <skipped/>
  </testcase>
  <testcase name="patternDecimalPlaces[470]" classname="org.bitcoinj.utils.BtcFormatTest" time="0.0"/>
  <testcase name="factoryArgumentsTest[471]" classname="org.bitcoinj.utils.BtcFormatTest" time="0.001"/>
  <testcase name="parseTest[471]" classname="org.bitcoinj.utils.BtcFormatTest" time="0.0">
    <skipped/>
  </testcase>
  <testcase name="microcoinScaleTest[471]" classname="org.bitcoinj.utils.BtcFormatTest" time="0.0"/>
  <testcase name="parseMetricTest[471]" classname="org.bitcoinj.utils.BtcFormatTest" time="0.001"/>
  <testcase name="coinScaleTest[471]" classname="org.bitcoinj.utils.BtcFormatTest" time="0.0"/>
  <testcase name="builderTest[471]" classname="org.bitcoinj.utils.BtcFormatTest" time="0.0">
    <skipped/>
  </testcase>
  <testcase name="attributeTest[471]" classname="org.bitcoinj.utils.BtcFormatTest" time="0.0">
    <skipped/>
  </testcase>
  <testcase name="prefixTest[471]" classname="org.bitcoinj.utils.BtcFormatTest" time="0.0"/>
  <testcase name="suffixTest[471]" classname="org.bitcoinj.utils.BtcFormatTest" time="0.0">
    <skipped/>
  </testcase>
  <testcase name="autoDecimalTest[471]" classname="org.bitcoinj.utils.BtcFormatTest" time="0.001"/>
  <testcase name="symbolCollisionTest[471]" classname="org.bitcoinj.utils.BtcFormatTest" time="0.001"/>
  <testcase name="equalityTest[471]" classname="org.bitcoinj.utils.BtcFormatTest" time="0.001"/>
  <testcase name="columnAlignmentTest[471]" classname="org.bitcoinj.utils.BtcFormatTest" time="0.0"/>
  <testcase name="factoryTest[471]" classname="org.bitcoinj.utils.BtcFormatTest" time="0.0"/>
  <testcase name="parse[471]" classname="org.bitcoinj.utils.BtcFormatTest" time="0.0"/>
  <testcase name="btcRounding[471]" classname="org.bitcoinj.utils.BtcFormatTest" time="0.001"/>
  <testcase name="negativeTest[471]" classname="org.bitcoinj.utils.BtcFormatTest" time="0.0">
    <skipped/>
  </testcase>
  <testcase name="millicoinScaleTest[471]" classname="org.bitcoinj.utils.BtcFormatTest" time="0.001"/>
  <testcase name="toStringTest[471]" classname="org.bitcoinj.utils.BtcFormatTest" time="0.0">
    <skipped/>
  </testcase>
  <testcase name="testGrouping[471]" classname="org.bitcoinj.utils.BtcFormatTest" time="0.0"/>
  <testcase name="symbolsCodesTest[471]" classname="org.bitcoinj.utils.BtcFormatTest" time="0.001"/>
  <testcase name="defaultLocaleTest[471]" classname="org.bitcoinj.utils.BtcFormatTest" time="0.0"/>
  <testcase name="parsePositionTest[471]" classname="org.bitcoinj.utils.BtcFormatTest" time="0.0"/>
  <testcase name="argumentTypeTest[471]" classname="org.bitcoinj.utils.BtcFormatTest" time="0.0">
    <skipped/>
  </testcase>
  <testcase name="characterIteratorTest[471]" classname="org.bitcoinj.utils.BtcFormatTest" time="0.001"/>
  <testcase name="repeatingPlaceTest[471]" classname="org.bitcoinj.utils.BtcFormatTest" time="0.0"/>
  <testcase name="currencyCodeTest[471]" classname="org.bitcoinj.utils.BtcFormatTest" time="0.0">
    <skipped/>
  </testcase>
  <testcase name="patternDecimalPlaces[471]" classname="org.bitcoinj.utils.BtcFormatTest" time="0.0"/>
  <testcase name="factoryArgumentsTest[472]" classname="org.bitcoinj.utils.BtcFormatTest" time="0.002"/>
  <testcase name="parseTest[472]" classname="org.bitcoinj.utils.BtcFormatTest" time="0.0">
    <skipped/>
  </testcase>
  <testcase name="microcoinScaleTest[472]" classname="org.bitcoinj.utils.BtcFormatTest" time="0.0"/>
  <testcase name="parseMetricTest[472]" classname="org.bitcoinj.utils.BtcFormatTest" time="0.002"/>
  <testcase name="coinScaleTest[472]" classname="org.bitcoinj.utils.BtcFormatTest" time="0.0"/>
  <testcase name="builderTest[472]" classname="org.bitcoinj.utils.BtcFormatTest" time="0.0">
    <skipped/>
  </testcase>
  <testcase name="attributeTest[472]" classname="org.bitcoinj.utils.BtcFormatTest" time="0.0">
    <skipped/>
  </testcase>
  <testcase name="prefixTest[472]" classname="org.bitcoinj.utils.BtcFormatTest" time="0.001"/>
  <testcase name="suffixTest[472]" classname="org.bitcoinj.utils.BtcFormatTest" time="0.0">
    <skipped/>
  </testcase>
  <testcase name="autoDecimalTest[472]" classname="org.bitcoinj.utils.BtcFormatTest" time="0.001"/>
  <testcase name="symbolCollisionTest[472]" classname="org.bitcoinj.utils.BtcFormatTest" time="0.003"/>
  <testcase name="equalityTest[472]" classname="org.bitcoinj.utils.BtcFormatTest" time="0.001"/>
  <testcase name="columnAlignmentTest[472]" classname="org.bitcoinj.utils.BtcFormatTest" time="0.0"/>
  <testcase name="factoryTest[472]" classname="org.bitcoinj.utils.BtcFormatTest" time="0.001"/>
  <testcase name="parse[472]" classname="org.bitcoinj.utils.BtcFormatTest" time="0.0"/>
  <testcase name="btcRounding[472]" classname="org.bitcoinj.utils.BtcFormatTest" time="0.001"/>
  <testcase name="negativeTest[472]" classname="org.bitcoinj.utils.BtcFormatTest" time="0.0">
    <skipped/>
  </testcase>
  <testcase name="millicoinScaleTest[472]" classname="org.bitcoinj.utils.BtcFormatTest" time="0.0"/>
  <testcase name="toStringTest[472]" classname="org.bitcoinj.utils.BtcFormatTest" time="0.0">
    <skipped/>
  </testcase>
  <testcase name="testGrouping[472]" classname="org.bitcoinj.utils.BtcFormatTest" time="0.0"/>
  <testcase name="symbolsCodesTest[472]" classname="org.bitcoinj.utils.BtcFormatTest" time="0.001"/>
  <testcase name="defaultLocaleTest[472]" classname="org.bitcoinj.utils.BtcFormatTest" time="0.0"/>
  <testcase name="parsePositionTest[472]" classname="org.bitcoinj.utils.BtcFormatTest" time="0.0"/>
  <testcase name="argumentTypeTest[472]" classname="org.bitcoinj.utils.BtcFormatTest" time="0.0">
    <skipped/>
  </testcase>
  <testcase name="characterIteratorTest[472]" classname="org.bitcoinj.utils.BtcFormatTest" time="0.0"/>
  <testcase name="repeatingPlaceTest[472]" classname="org.bitcoinj.utils.BtcFormatTest" time="0.0"/>
  <testcase name="currencyCodeTest[472]" classname="org.bitcoinj.utils.BtcFormatTest" time="0.0">
    <skipped/>
  </testcase>
  <testcase name="patternDecimalPlaces[472]" classname="org.bitcoinj.utils.BtcFormatTest" time="0.0"/>
  <testcase name="factoryArgumentsTest[473]" classname="org.bitcoinj.utils.BtcFormatTest" time="0.001"/>
  <testcase name="parseTest[473]" classname="org.bitcoinj.utils.BtcFormatTest" time="0.0">
    <skipped/>
  </testcase>
  <testcase name="microcoinScaleTest[473]" classname="org.bitcoinj.utils.BtcFormatTest" time="0.0"/>
  <testcase name="parseMetricTest[473]" classname="org.bitcoinj.utils.BtcFormatTest" time="0.001"/>
  <testcase name="coinScaleTest[473]" classname="org.bitcoinj.utils.BtcFormatTest" time="0.0"/>
  <testcase name="builderTest[473]" classname="org.bitcoinj.utils.BtcFormatTest" time="0.0">
    <skipped/>
  </testcase>
  <testcase name="attributeTest[473]" classname="org.bitcoinj.utils.BtcFormatTest" time="0.0">
    <skipped/>
  </testcase>
  <testcase name="prefixTest[473]" classname="org.bitcoinj.utils.BtcFormatTest" time="0.0"/>
  <testcase name="suffixTest[473]" classname="org.bitcoinj.utils.BtcFormatTest" time="0.0">
    <skipped/>
  </testcase>
  <testcase name="autoDecimalTest[473]" classname="org.bitcoinj.utils.BtcFormatTest" time="0.002"/>
  <testcase name="symbolCollisionTest[473]" classname="org.bitcoinj.utils.BtcFormatTest" time="0.002"/>
  <testcase name="equalityTest[473]" classname="org.bitcoinj.utils.BtcFormatTest" time="0.003"/>
  <testcase name="columnAlignmentTest[473]" classname="org.bitcoinj.utils.BtcFormatTest" time="0.0"/>
  <testcase name="factoryTest[473]" classname="org.bitcoinj.utils.BtcFormatTest" time="0.0"/>
  <testcase name="parse[473]" classname="org.bitcoinj.utils.BtcFormatTest" time="0.0"/>
  <testcase name="btcRounding[473]" classname="org.bitcoinj.utils.BtcFormatTest" time="0.002"/>
  <testcase name="negativeTest[473]" classname="org.bitcoinj.utils.BtcFormatTest" time="0.0">
    <skipped/>
  </testcase>
  <testcase name="millicoinScaleTest[473]" classname="org.bitcoinj.utils.BtcFormatTest" time="0.0"/>
  <testcase name="toStringTest[473]" classname="org.bitcoinj.utils.BtcFormatTest" time="0.0">
    <skipped/>
  </testcase>
  <testcase name="testGrouping[473]" classname="org.bitcoinj.utils.BtcFormatTest" time="0.0"/>
  <testcase name="symbolsCodesTest[473]" classname="org.bitcoinj.utils.BtcFormatTest" time="0.001"/>
  <testcase name="defaultLocaleTest[473]" classname="org.bitcoinj.utils.BtcFormatTest" time="0.0"/>
  <testcase name="parsePositionTest[473]" classname="org.bitcoinj.utils.BtcFormatTest" time="0.0"/>
  <testcase name="argumentTypeTest[473]" classname="org.bitcoinj.utils.BtcFormatTest" time="0.0">
    <skipped/>
  </testcase>
  <testcase name="characterIteratorTest[473]" classname="org.bitcoinj.utils.BtcFormatTest" time="0.001"/>
  <testcase name="repeatingPlaceTest[473]" classname="org.bitcoinj.utils.BtcFormatTest" time="0.0"/>
  <testcase name="currencyCodeTest[473]" classname="org.bitcoinj.utils.BtcFormatTest" time="0.0">
    <skipped/>
  </testcase>
  <testcase name="patternDecimalPlaces[473]" classname="org.bitcoinj.utils.BtcFormatTest" time="0.0"/>
  <testcase name="factoryArgumentsTest[474]" classname="org.bitcoinj.utils.BtcFormatTest" time="0.001"/>
  <testcase name="parseTest[474]" classname="org.bitcoinj.utils.BtcFormatTest" time="0.0">
    <skipped/>
  </testcase>
  <testcase name="microcoinScaleTest[474]" classname="org.bitcoinj.utils.BtcFormatTest" time="0.0"/>
  <testcase name="parseMetricTest[474]" classname="org.bitcoinj.utils.BtcFormatTest" time="0.001"/>
  <testcase name="coinScaleTest[474]" classname="org.bitcoinj.utils.BtcFormatTest" time="0.0"/>
  <testcase name="builderTest[474]" classname="org.bitcoinj.utils.BtcFormatTest" time="0.0">
    <skipped/>
  </testcase>
  <testcase name="attributeTest[474]" classname="org.bitcoinj.utils.BtcFormatTest" time="0.0">
    <skipped/>
  </testcase>
  <testcase name="prefixTest[474]" classname="org.bitcoinj.utils.BtcFormatTest" time="0.0"/>
  <testcase name="suffixTest[474]" classname="org.bitcoinj.utils.BtcFormatTest" time="0.0">
    <skipped/>
  </testcase>
  <testcase name="autoDecimalTest[474]" classname="org.bitcoinj.utils.BtcFormatTest" time="0.001"/>
  <testcase name="symbolCollisionTest[474]" classname="org.bitcoinj.utils.BtcFormatTest" time="0.002"/>
  <testcase name="equalityTest[474]" classname="org.bitcoinj.utils.BtcFormatTest" time="0.001"/>
  <testcase name="columnAlignmentTest[474]" classname="org.bitcoinj.utils.BtcFormatTest" time="0.0"/>
  <testcase name="factoryTest[474]" classname="org.bitcoinj.utils.BtcFormatTest" time="0.001"/>
  <testcase name="parse[474]" classname="org.bitcoinj.utils.BtcFormatTest" time="0.0"/>
  <testcase name="btcRounding[474]" classname="org.bitcoinj.utils.BtcFormatTest" time="0.001"/>
  <testcase name="negativeTest[474]" classname="org.bitcoinj.utils.BtcFormatTest" time="0.0">
    <skipped/>
  </testcase>
  <testcase name="millicoinScaleTest[474]" classname="org.bitcoinj.utils.BtcFormatTest" time="0.0"/>
  <testcase name="toStringTest[474]" classname="org.bitcoinj.utils.BtcFormatTest" time="0.0">
    <skipped/>
  </testcase>
  <testcase name="testGrouping[474]" classname="org.bitcoinj.utils.BtcFormatTest" time="0.0"/>
  <testcase name="symbolsCodesTest[474]" classname="org.bitcoinj.utils.BtcFormatTest" time="0.001"/>
  <testcase name="defaultLocaleTest[474]" classname="org.bitcoinj.utils.BtcFormatTest" time="0.0"/>
  <testcase name="parsePositionTest[474]" classname="org.bitcoinj.utils.BtcFormatTest" time="0.0"/>
  <testcase name="argumentTypeTest[474]" classname="org.bitcoinj.utils.BtcFormatTest" time="0.0">
    <skipped/>
  </testcase>
  <testcase name="characterIteratorTest[474]" classname="org.bitcoinj.utils.BtcFormatTest" time="0.001"/>
  <testcase name="repeatingPlaceTest[474]" classname="org.bitcoinj.utils.BtcFormatTest" time="0.0"/>
  <testcase name="currencyCodeTest[474]" classname="org.bitcoinj.utils.BtcFormatTest" time="0.0">
    <skipped/>
  </testcase>
  <testcase name="patternDecimalPlaces[474]" classname="org.bitcoinj.utils.BtcFormatTest" time="0.0"/>
  <testcase name="factoryArgumentsTest[475]" classname="org.bitcoinj.utils.BtcFormatTest" time="0.001"/>
  <testcase name="parseTest[475]" classname="org.bitcoinj.utils.BtcFormatTest" time="0.0">
    <skipped/>
  </testcase>
  <testcase name="microcoinScaleTest[475]" classname="org.bitcoinj.utils.BtcFormatTest" time="0.0"/>
  <testcase name="parseMetricTest[475]" classname="org.bitcoinj.utils.BtcFormatTest" time="0.001"/>
  <testcase name="coinScaleTest[475]" classname="org.bitcoinj.utils.BtcFormatTest" time="0.009"/>
  <testcase name="builderTest[475]" classname="org.bitcoinj.utils.BtcFormatTest" time="0.0">
    <skipped/>
  </testcase>
  <testcase name="attributeTest[475]" classname="org.bitcoinj.utils.BtcFormatTest" time="0.0">
    <skipped/>
  </testcase>
  <testcase name="prefixTest[475]" classname="org.bitcoinj.utils.BtcFormatTest" time="0.001"/>
  <testcase name="suffixTest[475]" classname="org.bitcoinj.utils.BtcFormatTest" time="0.0">
    <skipped/>
  </testcase>
  <testcase name="autoDecimalTest[475]" classname="org.bitcoinj.utils.BtcFormatTest" time="0.001"/>
  <testcase name="symbolCollisionTest[475]" classname="org.bitcoinj.utils.BtcFormatTest" time="0.002"/>
  <testcase name="equalityTest[475]" classname="org.bitcoinj.utils.BtcFormatTest" time="0.002"/>
  <testcase name="columnAlignmentTest[475]" classname="org.bitcoinj.utils.BtcFormatTest" time="0.0"/>
  <testcase name="factoryTest[475]" classname="org.bitcoinj.utils.BtcFormatTest" time="0.0"/>
  <testcase name="parse[475]" classname="org.bitcoinj.utils.BtcFormatTest" time="0.0"/>
  <testcase name="btcRounding[475]" classname="org.bitcoinj.utils.BtcFormatTest" time="0.002"/>
  <testcase name="negativeTest[475]" classname="org.bitcoinj.utils.BtcFormatTest" time="0.0">
    <skipped/>
  </testcase>
  <testcase name="millicoinScaleTest[475]" classname="org.bitcoinj.utils.BtcFormatTest" time="0.0"/>
  <testcase name="toStringTest[475]" classname="org.bitcoinj.utils.BtcFormatTest" time="0.0">
    <skipped/>
  </testcase>
  <testcase name="testGrouping[475]" classname="org.bitcoinj.utils.BtcFormatTest" time="0.0"/>
  <testcase name="symbolsCodesTest[475]" classname="org.bitcoinj.utils.BtcFormatTest" time="0.001"/>
  <testcase name="defaultLocaleTest[475]" classname="org.bitcoinj.utils.BtcFormatTest" time="0.0"/>
  <testcase name="parsePositionTest[475]" classname="org.bitcoinj.utils.BtcFormatTest" time="0.0"/>
  <testcase name="argumentTypeTest[475]" classname="org.bitcoinj.utils.BtcFormatTest" time="0.0">
    <skipped/>
  </testcase>
  <testcase name="characterIteratorTest[475]" classname="org.bitcoinj.utils.BtcFormatTest" time="0.0"/>
  <testcase name="repeatingPlaceTest[475]" classname="org.bitcoinj.utils.BtcFormatTest" time="0.001"/>
  <testcase name="currencyCodeTest[475]" classname="org.bitcoinj.utils.BtcFormatTest" time="0.0">
    <skipped/>
  </testcase>
  <testcase name="patternDecimalPlaces[475]" classname="org.bitcoinj.utils.BtcFormatTest" time="0.0"/>
  <testcase name="factoryArgumentsTest[476]" classname="org.bitcoinj.utils.BtcFormatTest" time="0.001"/>
  <testcase name="parseTest[476]" classname="org.bitcoinj.utils.BtcFormatTest" time="0.0">
    <skipped/>
  </testcase>
  <testcase name="microcoinScaleTest[476]" classname="org.bitcoinj.utils.BtcFormatTest" time="0.0"/>
  <testcase name="parseMetricTest[476]" classname="org.bitcoinj.utils.BtcFormatTest" time="0.002"/>
  <testcase name="coinScaleTest[476]" classname="org.bitcoinj.utils.BtcFormatTest" time="0.0"/>
  <testcase name="builderTest[476]" classname="org.bitcoinj.utils.BtcFormatTest" time="0.0">
    <skipped/>
  </testcase>
  <testcase name="attributeTest[476]" classname="org.bitcoinj.utils.BtcFormatTest" time="0.0">
    <skipped/>
  </testcase>
  <testcase name="prefixTest[476]" classname="org.bitcoinj.utils.BtcFormatTest" time="0.0"/>
  <testcase name="suffixTest[476]" classname="org.bitcoinj.utils.BtcFormatTest" time="0.0">
    <skipped/>
  </testcase>
  <testcase name="autoDecimalTest[476]" classname="org.bitcoinj.utils.BtcFormatTest" time="0.001"/>
  <testcase name="symbolCollisionTest[476]" classname="org.bitcoinj.utils.BtcFormatTest" time="0.002"/>
  <testcase name="equalityTest[476]" classname="org.bitcoinj.utils.BtcFormatTest" time="0.002"/>
  <testcase name="columnAlignmentTest[476]" classname="org.bitcoinj.utils.BtcFormatTest" time="0.001"/>
  <testcase name="factoryTest[476]" classname="org.bitcoinj.utils.BtcFormatTest" time="0.0"/>
  <testcase name="parse[476]" classname="org.bitcoinj.utils.BtcFormatTest" time="0.0"/>
  <testcase name="btcRounding[476]" classname="org.bitcoinj.utils.BtcFormatTest" time="0.001"/>
  <testcase name="negativeTest[476]" classname="org.bitcoinj.utils.BtcFormatTest" time="0.0">
    <skipped/>
  </testcase>
  <testcase name="millicoinScaleTest[476]" classname="org.bitcoinj.utils.BtcFormatTest" time="0.0"/>
  <testcase name="toStringTest[476]" classname="org.bitcoinj.utils.BtcFormatTest" time="0.0">
    <skipped/>
  </testcase>
  <testcase name="testGrouping[476]" classname="org.bitcoinj.utils.BtcFormatTest" time="0.0"/>
  <testcase name="symbolsCodesTest[476]" classname="org.bitcoinj.utils.BtcFormatTest" time="0.001"/>
  <testcase name="defaultLocaleTest[476]" classname="org.bitcoinj.utils.BtcFormatTest" time="0.0"/>
  <testcase name="parsePositionTest[476]" classname="org.bitcoinj.utils.BtcFormatTest" time="0.0"/>
  <testcase name="argumentTypeTest[476]" classname="org.bitcoinj.utils.BtcFormatTest" time="0.0">
    <skipped/>
  </testcase>
  <testcase name="characterIteratorTest[476]" classname="org.bitcoinj.utils.BtcFormatTest" time="0.001"/>
  <testcase name="repeatingPlaceTest[476]" classname="org.bitcoinj.utils.BtcFormatTest" time="0.0"/>
  <testcase name="currencyCodeTest[476]" classname="org.bitcoinj.utils.BtcFormatTest" time="0.0">
    <skipped/>
  </testcase>
  <testcase name="patternDecimalPlaces[476]" classname="org.bitcoinj.utils.BtcFormatTest" time="0.0"/>
  <testcase name="factoryArgumentsTest[477]" classname="org.bitcoinj.utils.BtcFormatTest" time="0.001"/>
  <testcase name="parseTest[477]" classname="org.bitcoinj.utils.BtcFormatTest" time="0.0">
    <skipped/>
  </testcase>
  <testcase name="microcoinScaleTest[477]" classname="org.bitcoinj.utils.BtcFormatTest" time="0.0"/>
  <testcase name="parseMetricTest[477]" classname="org.bitcoinj.utils.BtcFormatTest" time="0.001"/>
  <testcase name="coinScaleTest[477]" classname="org.bitcoinj.utils.BtcFormatTest" time="0.0"/>
  <testcase name="builderTest[477]" classname="org.bitcoinj.utils.BtcFormatTest" time="0.0">
    <skipped/>
  </testcase>
  <testcase name="attributeTest[477]" classname="org.bitcoinj.utils.BtcFormatTest" time="0.0">
    <skipped/>
  </testcase>
  <testcase name="prefixTest[477]" classname="org.bitcoinj.utils.BtcFormatTest" time="0.0"/>
  <testcase name="suffixTest[477]" classname="org.bitcoinj.utils.BtcFormatTest" time="0.0">
    <skipped/>
  </testcase>
  <testcase name="autoDecimalTest[477]" classname="org.bitcoinj.utils.BtcFormatTest" time="0.001"/>
  <testcase name="symbolCollisionTest[477]" classname="org.bitcoinj.utils.BtcFormatTest" time="0.002"/>
  <testcase name="equalityTest[477]" classname="org.bitcoinj.utils.BtcFormatTest" time="0.001"/>
  <testcase name="columnAlignmentTest[477]" classname="org.bitcoinj.utils.BtcFormatTest" time="0.0"/>
  <testcase name="factoryTest[477]" classname="org.bitcoinj.utils.BtcFormatTest" time="0.001"/>
  <testcase name="parse[477]" classname="org.bitcoinj.utils.BtcFormatTest" time="0.0"/>
  <testcase name="btcRounding[477]" classname="org.bitcoinj.utils.BtcFormatTest" time="0.001"/>
  <testcase name="negativeTest[477]" classname="org.bitcoinj.utils.BtcFormatTest" time="0.0">
    <skipped/>
  </testcase>
  <testcase name="millicoinScaleTest[477]" classname="org.bitcoinj.utils.BtcFormatTest" time="0.0"/>
  <testcase name="toStringTest[477]" classname="org.bitcoinj.utils.BtcFormatTest" time="0.0">
    <skipped/>
  </testcase>
  <testcase name="testGrouping[477]" classname="org.bitcoinj.utils.BtcFormatTest" time="0.0"/>
  <testcase name="symbolsCodesTest[477]" classname="org.bitcoinj.utils.BtcFormatTest" time="0.001"/>
  <testcase name="defaultLocaleTest[477]" classname="org.bitcoinj.utils.BtcFormatTest" time="0.001"/>
  <testcase name="parsePositionTest[477]" classname="org.bitcoinj.utils.BtcFormatTest" time="0.0"/>
  <testcase name="argumentTypeTest[477]" classname="org.bitcoinj.utils.BtcFormatTest" time="0.0">
    <skipped/>
  </testcase>
  <testcase name="characterIteratorTest[477]" classname="org.bitcoinj.utils.BtcFormatTest" time="0.001"/>
  <testcase name="repeatingPlaceTest[477]" classname="org.bitcoinj.utils.BtcFormatTest" time="0.0"/>
  <testcase name="currencyCodeTest[477]" classname="org.bitcoinj.utils.BtcFormatTest" time="0.0">
    <skipped/>
  </testcase>
  <testcase name="patternDecimalPlaces[477]" classname="org.bitcoinj.utils.BtcFormatTest" time="0.0"/>
  <testcase name="factoryArgumentsTest[478]" classname="org.bitcoinj.utils.BtcFormatTest" time="0.002"/>
  <testcase name="parseTest[478]" classname="org.bitcoinj.utils.BtcFormatTest" time="0.0">
    <skipped/>
  </testcase>
  <testcase name="microcoinScaleTest[478]" classname="org.bitcoinj.utils.BtcFormatTest" time="0.0"/>
  <testcase name="parseMetricTest[478]" classname="org.bitcoinj.utils.BtcFormatTest" time="0.001"/>
  <testcase name="coinScaleTest[478]" classname="org.bitcoinj.utils.BtcFormatTest" time="0.0"/>
  <testcase name="builderTest[478]" classname="org.bitcoinj.utils.BtcFormatTest" time="0.0">
    <skipped/>
  </testcase>
  <testcase name="attributeTest[478]" classname="org.bitcoinj.utils.BtcFormatTest" time="0.0">
    <skipped/>
  </testcase>
  <testcase name="prefixTest[478]" classname="org.bitcoinj.utils.BtcFormatTest" time="0.0"/>
  <testcase name="suffixTest[478]" classname="org.bitcoinj.utils.BtcFormatTest" time="0.0">
    <skipped/>
  </testcase>
  <testcase name="autoDecimalTest[478]" classname="org.bitcoinj.utils.BtcFormatTest" time="0.001"/>
  <testcase name="symbolCollisionTest[478]" classname="org.bitcoinj.utils.BtcFormatTest" time="0.001"/>
  <testcase name="equalityTest[478]" classname="org.bitcoinj.utils.BtcFormatTest" time="0.002"/>
  <testcase name="columnAlignmentTest[478]" classname="org.bitcoinj.utils.BtcFormatTest" time="0.0"/>
  <testcase name="factoryTest[478]" classname="org.bitcoinj.utils.BtcFormatTest" time="0.0"/>
  <testcase name="parse[478]" classname="org.bitcoinj.utils.BtcFormatTest" time="0.0"/>
  <testcase name="btcRounding[478]" classname="org.bitcoinj.utils.BtcFormatTest" time="0.002"/>
  <testcase name="negativeTest[478]" classname="org.bitcoinj.utils.BtcFormatTest" time="0.0">
    <skipped/>
  </testcase>
  <testcase name="millicoinScaleTest[478]" classname="org.bitcoinj.utils.BtcFormatTest" time="0.0"/>
  <testcase name="toStringTest[478]" classname="org.bitcoinj.utils.BtcFormatTest" time="0.0">
    <skipped/>
  </testcase>
  <testcase name="testGrouping[478]" classname="org.bitcoinj.utils.BtcFormatTest" time="0.0"/>
  <testcase name="symbolsCodesTest[478]" classname="org.bitcoinj.utils.BtcFormatTest" time="0.001"/>
  <testcase name="defaultLocaleTest[478]" classname="org.bitcoinj.utils.BtcFormatTest" time="0.0"/>
  <testcase name="parsePositionTest[478]" classname="org.bitcoinj.utils.BtcFormatTest" time="0.0"/>
  <testcase name="argumentTypeTest[478]" classname="org.bitcoinj.utils.BtcFormatTest" time="0.0">
    <skipped/>
  </testcase>
  <testcase name="characterIteratorTest[478]" classname="org.bitcoinj.utils.BtcFormatTest" time="0.001"/>
  <testcase name="repeatingPlaceTest[478]" classname="org.bitcoinj.utils.BtcFormatTest" time="0.0"/>
  <testcase name="currencyCodeTest[478]" classname="org.bitcoinj.utils.BtcFormatTest" time="0.0">
    <skipped/>
  </testcase>
  <testcase name="patternDecimalPlaces[478]" classname="org.bitcoinj.utils.BtcFormatTest" time="0.0"/>
  <testcase name="factoryArgumentsTest[479]" classname="org.bitcoinj.utils.BtcFormatTest" time="0.002"/>
  <testcase name="parseTest[479]" classname="org.bitcoinj.utils.BtcFormatTest" time="0.0">
    <skipped/>
  </testcase>
  <testcase name="microcoinScaleTest[479]" classname="org.bitcoinj.utils.BtcFormatTest" time="0.0"/>
  <testcase name="parseMetricTest[479]" classname="org.bitcoinj.utils.BtcFormatTest" time="0.001"/>
  <testcase name="coinScaleTest[479]" classname="org.bitcoinj.utils.BtcFormatTest" time="0.0"/>
  <testcase name="builderTest[479]" classname="org.bitcoinj.utils.BtcFormatTest" time="0.0">
    <skipped/>
  </testcase>
  <testcase name="attributeTest[479]" classname="org.bitcoinj.utils.BtcFormatTest" time="0.0">
    <skipped/>
  </testcase>
  <testcase name="prefixTest[479]" classname="org.bitcoinj.utils.BtcFormatTest" time="0.001"/>
  <testcase name="suffixTest[479]" classname="org.bitcoinj.utils.BtcFormatTest" time="0.0">
    <skipped/>
  </testcase>
  <testcase name="autoDecimalTest[479]" classname="org.bitcoinj.utils.BtcFormatTest" time="0.001"/>
  <testcase name="symbolCollisionTest[479]" classname="org.bitcoinj.utils.BtcFormatTest" time="0.002"/>
  <testcase name="equalityTest[479]" classname="org.bitcoinj.utils.BtcFormatTest" time="0.002"/>
  <testcase name="columnAlignmentTest[479]" classname="org.bitcoinj.utils.BtcFormatTest" time="0.0"/>
  <testcase name="factoryTest[479]" classname="org.bitcoinj.utils.BtcFormatTest" time="0.001"/>
  <testcase name="parse[479]" classname="org.bitcoinj.utils.BtcFormatTest" time="0.0"/>
  <testcase name="btcRounding[479]" classname="org.bitcoinj.utils.BtcFormatTest" time="0.001"/>
  <testcase name="negativeTest[479]" classname="org.bitcoinj.utils.BtcFormatTest" time="0.0">
    <skipped/>
  </testcase>
  <testcase name="millicoinScaleTest[479]" classname="org.bitcoinj.utils.BtcFormatTest" time="0.0"/>
  <testcase name="toStringTest[479]" classname="org.bitcoinj.utils.BtcFormatTest" time="0.0">
    <skipped/>
  </testcase>
  <testcase name="testGrouping[479]" classname="org.bitcoinj.utils.BtcFormatTest" time="0.0"/>
  <testcase name="symbolsCodesTest[479]" classname="org.bitcoinj.utils.BtcFormatTest" time="0.0"/>
  <testcase name="defaultLocaleTest[479]" classname="org.bitcoinj.utils.BtcFormatTest" time="0.0"/>
  <testcase name="parsePositionTest[479]" classname="org.bitcoinj.utils.BtcFormatTest" time="0.0"/>
  <testcase name="argumentTypeTest[479]" classname="org.bitcoinj.utils.BtcFormatTest" time="0.0">
    <skipped/>
  </testcase>
  <testcase name="characterIteratorTest[479]" classname="org.bitcoinj.utils.BtcFormatTest" time="0.001"/>
  <testcase name="repeatingPlaceTest[479]" classname="org.bitcoinj.utils.BtcFormatTest" time="0.0"/>
  <testcase name="currencyCodeTest[479]" classname="org.bitcoinj.utils.BtcFormatTest" time="0.0">
    <skipped/>
  </testcase>
  <testcase name="patternDecimalPlaces[479]" classname="org.bitcoinj.utils.BtcFormatTest" time="0.0"/>
  <testcase name="factoryArgumentsTest[480]" classname="org.bitcoinj.utils.BtcFormatTest" time="0.001"/>
  <testcase name="parseTest[480]" classname="org.bitcoinj.utils.BtcFormatTest" time="0.0">
    <skipped/>
  </testcase>
  <testcase name="microcoinScaleTest[480]" classname="org.bitcoinj.utils.BtcFormatTest" time="0.0"/>
  <testcase name="parseMetricTest[480]" classname="org.bitcoinj.utils.BtcFormatTest" time="0.001"/>
  <testcase name="coinScaleTest[480]" classname="org.bitcoinj.utils.BtcFormatTest" time="0.0"/>
  <testcase name="builderTest[480]" classname="org.bitcoinj.utils.BtcFormatTest" time="0.0">
    <skipped/>
  </testcase>
  <testcase name="attributeTest[480]" classname="org.bitcoinj.utils.BtcFormatTest" time="0.0">
    <skipped/>
  </testcase>
  <testcase name="prefixTest[480]" classname="org.bitcoinj.utils.BtcFormatTest" time="0.0"/>
  <testcase name="suffixTest[480]" classname="org.bitcoinj.utils.BtcFormatTest" time="0.0">
    <skipped/>
  </testcase>
  <testcase name="autoDecimalTest[480]" classname="org.bitcoinj.utils.BtcFormatTest" time="0.0"/>
  <testcase name="symbolCollisionTest[480]" classname="org.bitcoinj.utils.BtcFormatTest" time="0.003"/>
  <testcase name="equalityTest[480]" classname="org.bitcoinj.utils.BtcFormatTest" time="0.001"/>
  <testcase name="columnAlignmentTest[480]" classname="org.bitcoinj.utils.BtcFormatTest" time="0.0"/>
  <testcase name="factoryTest[480]" classname="org.bitcoinj.utils.BtcFormatTest" time="0.0"/>
  <testcase name="parse[480]" classname="org.bitcoinj.utils.BtcFormatTest" time="0.0"/>
  <testcase name="btcRounding[480]" classname="org.bitcoinj.utils.BtcFormatTest" time="0.001"/>
  <testcase name="negativeTest[480]" classname="org.bitcoinj.utils.BtcFormatTest" time="0.0">
    <skipped/>
  </testcase>
  <testcase name="millicoinScaleTest[480]" classname="org.bitcoinj.utils.BtcFormatTest" time="0.0"/>
  <testcase name="toStringTest[480]" classname="org.bitcoinj.utils.BtcFormatTest" time="0.0">
    <skipped/>
  </testcase>
  <testcase name="testGrouping[480]" classname="org.bitcoinj.utils.BtcFormatTest" time="0.001"/>
  <testcase name="symbolsCodesTest[480]" classname="org.bitcoinj.utils.BtcFormatTest" time="0.001"/>
  <testcase name="defaultLocaleTest[480]" classname="org.bitcoinj.utils.BtcFormatTest" time="0.0"/>
  <testcase name="parsePositionTest[480]" classname="org.bitcoinj.utils.BtcFormatTest" time="0.0"/>
  <testcase name="argumentTypeTest[480]" classname="org.bitcoinj.utils.BtcFormatTest" time="0.0">
    <skipped/>
  </testcase>
  <testcase name="characterIteratorTest[480]" classname="org.bitcoinj.utils.BtcFormatTest" time="0.001"/>
  <testcase name="repeatingPlaceTest[480]" classname="org.bitcoinj.utils.BtcFormatTest" time="0.0"/>
  <testcase name="currencyCodeTest[480]" classname="org.bitcoinj.utils.BtcFormatTest" time="0.0">
    <skipped/>
  </testcase>
  <testcase name="patternDecimalPlaces[480]" classname="org.bitcoinj.utils.BtcFormatTest" time="0.0"/>
  <testcase name="factoryArgumentsTest[481]" classname="org.bitcoinj.utils.BtcFormatTest" time="0.001"/>
  <testcase name="parseTest[481]" classname="org.bitcoinj.utils.BtcFormatTest" time="0.0">
    <skipped/>
  </testcase>
  <testcase name="microcoinScaleTest[481]" classname="org.bitcoinj.utils.BtcFormatTest" time="0.0"/>
  <testcase name="parseMetricTest[481]" classname="org.bitcoinj.utils.BtcFormatTest" time="0.001"/>
  <testcase name="coinScaleTest[481]" classname="org.bitcoinj.utils.BtcFormatTest" time="0.0"/>
  <testcase name="builderTest[481]" classname="org.bitcoinj.utils.BtcFormatTest" time="0.0">
    <skipped/>
  </testcase>
  <testcase name="attributeTest[481]" classname="org.bitcoinj.utils.BtcFormatTest" time="0.0">
    <skipped/>
  </testcase>
  <testcase name="prefixTest[481]" classname="org.bitcoinj.utils.BtcFormatTest" time="0.0"/>
  <testcase name="suffixTest[481]" classname="org.bitcoinj.utils.BtcFormatTest" time="0.0">
    <skipped/>
  </testcase>
  <testcase name="autoDecimalTest[481]" classname="org.bitcoinj.utils.BtcFormatTest" time="0.001"/>
  <testcase name="symbolCollisionTest[481]" classname="org.bitcoinj.utils.BtcFormatTest" time="0.002"/>
  <testcase name="equalityTest[481]" classname="org.bitcoinj.utils.BtcFormatTest" time="0.001"/>
  <testcase name="columnAlignmentTest[481]" classname="org.bitcoinj.utils.BtcFormatTest" time="0.0"/>
  <testcase name="factoryTest[481]" classname="org.bitcoinj.utils.BtcFormatTest" time="0.001"/>
  <testcase name="parse[481]" classname="org.bitcoinj.utils.BtcFormatTest" time="0.0"/>
  <testcase name="btcRounding[481]" classname="org.bitcoinj.utils.BtcFormatTest" time="0.001"/>
  <testcase name="negativeTest[481]" classname="org.bitcoinj.utils.BtcFormatTest" time="0.0">
    <skipped/>
  </testcase>
  <testcase name="millicoinScaleTest[481]" classname="org.bitcoinj.utils.BtcFormatTest" time="0.0"/>
  <testcase name="toStringTest[481]" classname="org.bitcoinj.utils.BtcFormatTest" time="0.0">
    <skipped/>
  </testcase>
  <testcase name="testGrouping[481]" classname="org.bitcoinj.utils.BtcFormatTest" time="0.0"/>
  <testcase name="symbolsCodesTest[481]" classname="org.bitcoinj.utils.BtcFormatTest" time="0.001"/>
  <testcase name="defaultLocaleTest[481]" classname="org.bitcoinj.utils.BtcFormatTest" time="0.0"/>
  <testcase name="parsePositionTest[481]" classname="org.bitcoinj.utils.BtcFormatTest" time="0.0"/>
  <testcase name="argumentTypeTest[481]" classname="org.bitcoinj.utils.BtcFormatTest" time="0.0">
    <skipped/>
  </testcase>
  <testcase name="characterIteratorTest[481]" classname="org.bitcoinj.utils.BtcFormatTest" time="0.0"/>
  <testcase name="repeatingPlaceTest[481]" classname="org.bitcoinj.utils.BtcFormatTest" time="0.001"/>
  <testcase name="currencyCodeTest[481]" classname="org.bitcoinj.utils.BtcFormatTest" time="0.0">
    <skipped/>
  </testcase>
  <testcase name="patternDecimalPlaces[481]" classname="org.bitcoinj.utils.BtcFormatTest" time="0.0"/>
  <testcase name="factoryArgumentsTest[482]" classname="org.bitcoinj.utils.BtcFormatTest" time="0.001"/>
  <testcase name="parseTest[482]" classname="org.bitcoinj.utils.BtcFormatTest" time="0.0">
    <skipped/>
  </testcase>
  <testcase name="microcoinScaleTest[482]" classname="org.bitcoinj.utils.BtcFormatTest" time="0.0"/>
  <testcase name="parseMetricTest[482]" classname="org.bitcoinj.utils.BtcFormatTest" time="0.001"/>
  <testcase name="coinScaleTest[482]" classname="org.bitcoinj.utils.BtcFormatTest" time="0.0"/>
  <testcase name="builderTest[482]" classname="org.bitcoinj.utils.BtcFormatTest" time="0.0">
    <skipped/>
  </testcase>
  <testcase name="attributeTest[482]" classname="org.bitcoinj.utils.BtcFormatTest" time="0.0">
    <skipped/>
  </testcase>
  <testcase name="prefixTest[482]" classname="org.bitcoinj.utils.BtcFormatTest" time="0.0"/>
  <testcase name="suffixTest[482]" classname="org.bitcoinj.utils.BtcFormatTest" time="0.0">
    <skipped/>
  </testcase>
  <testcase name="autoDecimalTest[482]" classname="org.bitcoinj.utils.BtcFormatTest" time="0.0"/>
  <testcase name="symbolCollisionTest[482]" classname="org.bitcoinj.utils.BtcFormatTest" time="0.001"/>
  <testcase name="equalityTest[482]" classname="org.bitcoinj.utils.BtcFormatTest" time="0.002"/>
  <testcase name="columnAlignmentTest[482]" classname="org.bitcoinj.utils.BtcFormatTest" time="0.0"/>
  <testcase name="factoryTest[482]" classname="org.bitcoinj.utils.BtcFormatTest" time="0.0"/>
  <testcase name="parse[482]" classname="org.bitcoinj.utils.BtcFormatTest" time="0.0"/>
  <testcase name="btcRounding[482]" classname="org.bitcoinj.utils.BtcFormatTest" time="0.002"/>
  <testcase name="negativeTest[482]" classname="org.bitcoinj.utils.BtcFormatTest" time="0.0">
    <skipped/>
  </testcase>
  <testcase name="millicoinScaleTest[482]" classname="org.bitcoinj.utils.BtcFormatTest" time="0.0"/>
  <testcase name="toStringTest[482]" classname="org.bitcoinj.utils.BtcFormatTest" time="0.0">
    <skipped/>
  </testcase>
  <testcase name="testGrouping[482]" classname="org.bitcoinj.utils.BtcFormatTest" time="0.0"/>
  <testcase name="symbolsCodesTest[482]" classname="org.bitcoinj.utils.BtcFormatTest" time="0.001"/>
  <testcase name="defaultLocaleTest[482]" classname="org.bitcoinj.utils.BtcFormatTest" time="0.0"/>
  <testcase name="parsePositionTest[482]" classname="org.bitcoinj.utils.BtcFormatTest" time="0.0"/>
  <testcase name="argumentTypeTest[482]" classname="org.bitcoinj.utils.BtcFormatTest" time="0.0">
    <skipped/>
  </testcase>
  <testcase name="characterIteratorTest[482]" classname="org.bitcoinj.utils.BtcFormatTest" time="0.0"/>
  <testcase name="repeatingPlaceTest[482]" classname="org.bitcoinj.utils.BtcFormatTest" time="0.0"/>
  <testcase name="currencyCodeTest[482]" classname="org.bitcoinj.utils.BtcFormatTest" time="0.0">
    <skipped/>
  </testcase>
  <testcase name="patternDecimalPlaces[482]" classname="org.bitcoinj.utils.BtcFormatTest" time="0.0"/>
  <testcase name="factoryArgumentsTest[483]" classname="org.bitcoinj.utils.BtcFormatTest" time="0.0"/>
  <testcase name="parseTest[483]" classname="org.bitcoinj.utils.BtcFormatTest" time="0.0">
    <skipped/>
  </testcase>
  <testcase name="microcoinScaleTest[483]" classname="org.bitcoinj.utils.BtcFormatTest" time="0.001"/>
  <testcase name="parseMetricTest[483]" classname="org.bitcoinj.utils.BtcFormatTest" time="0.0"/>
  <testcase name="coinScaleTest[483]" classname="org.bitcoinj.utils.BtcFormatTest" time="0.0"/>
  <testcase name="builderTest[483]" classname="org.bitcoinj.utils.BtcFormatTest" time="0.0">
    <skipped/>
  </testcase>
  <testcase name="attributeTest[483]" classname="org.bitcoinj.utils.BtcFormatTest" time="0.0">
    <skipped/>
  </testcase>
  <testcase name="prefixTest[483]" classname="org.bitcoinj.utils.BtcFormatTest" time="0.0"/>
  <testcase name="suffixTest[483]" classname="org.bitcoinj.utils.BtcFormatTest" time="0.0">
    <skipped/>
  </testcase>
  <testcase name="autoDecimalTest[483]" classname="org.bitcoinj.utils.BtcFormatTest" time="0.001"/>
  <testcase name="symbolCollisionTest[483]" classname="org.bitcoinj.utils.BtcFormatTest" time="0.002"/>
  <testcase name="equalityTest[483]" classname="org.bitcoinj.utils.BtcFormatTest" time="0.002"/>
  <testcase name="columnAlignmentTest[483]" classname="org.bitcoinj.utils.BtcFormatTest" time="0.0"/>
  <testcase name="factoryTest[483]" classname="org.bitcoinj.utils.BtcFormatTest" time="0.0"/>
  <testcase name="parse[483]" classname="org.bitcoinj.utils.BtcFormatTest" time="0.0"/>
  <testcase name="btcRounding[483]" classname="org.bitcoinj.utils.BtcFormatTest" time="0.001"/>
  <testcase name="negativeTest[483]" classname="org.bitcoinj.utils.BtcFormatTest" time="0.0">
    <skipped/>
  </testcase>
  <testcase name="millicoinScaleTest[483]" classname="org.bitcoinj.utils.BtcFormatTest" time="0.001"/>
  <testcase name="toStringTest[483]" classname="org.bitcoinj.utils.BtcFormatTest" time="0.0">
    <skipped/>
  </testcase>
  <testcase name="testGrouping[483]" classname="org.bitcoinj.utils.BtcFormatTest" time="0.0"/>
  <testcase name="symbolsCodesTest[483]" classname="org.bitcoinj.utils.BtcFormatTest" time="0.0"/>
  <testcase name="defaultLocaleTest[483]" classname="org.bitcoinj.utils.BtcFormatTest" time="0.001"/>
  <testcase name="parsePositionTest[483]" classname="org.bitcoinj.utils.BtcFormatTest" time="0.0"/>
  <testcase name="argumentTypeTest[483]" classname="org.bitcoinj.utils.BtcFormatTest" time="0.0">
    <skipped/>
  </testcase>
  <testcase name="characterIteratorTest[483]" classname="org.bitcoinj.utils.BtcFormatTest" time="0.0"/>
  <testcase name="repeatingPlaceTest[483]" classname="org.bitcoinj.utils.BtcFormatTest" time="0.001"/>
  <testcase name="currencyCodeTest[483]" classname="org.bitcoinj.utils.BtcFormatTest" time="0.0">
    <skipped/>
  </testcase>
  <testcase name="patternDecimalPlaces[483]" classname="org.bitcoinj.utils.BtcFormatTest" time="0.0"/>
  <testcase name="factoryArgumentsTest[484]" classname="org.bitcoinj.utils.BtcFormatTest" time="0.001"/>
  <testcase name="parseTest[484]" classname="org.bitcoinj.utils.BtcFormatTest" time="0.0">
    <skipped/>
  </testcase>
  <testcase name="microcoinScaleTest[484]" classname="org.bitcoinj.utils.BtcFormatTest" time="0.0"/>
  <testcase name="parseMetricTest[484]" classname="org.bitcoinj.utils.BtcFormatTest" time="0.001"/>
  <testcase name="coinScaleTest[484]" classname="org.bitcoinj.utils.BtcFormatTest" time="0.0"/>
  <testcase name="builderTest[484]" classname="org.bitcoinj.utils.BtcFormatTest" time="0.0">
    <skipped/>
  </testcase>
  <testcase name="attributeTest[484]" classname="org.bitcoinj.utils.BtcFormatTest" time="0.0">
    <skipped/>
  </testcase>
  <testcase name="prefixTest[484]" classname="org.bitcoinj.utils.BtcFormatTest" time="0.0"/>
  <testcase name="suffixTest[484]" classname="org.bitcoinj.utils.BtcFormatTest" time="0.0">
    <skipped/>
  </testcase>
  <testcase name="autoDecimalTest[484]" classname="org.bitcoinj.utils.BtcFormatTest" time="0.001"/>
  <testcase name="symbolCollisionTest[484]" classname="org.bitcoinj.utils.BtcFormatTest" time="0.002"/>
  <testcase name="equalityTest[484]" classname="org.bitcoinj.utils.BtcFormatTest" time="0.001"/>
  <testcase name="columnAlignmentTest[484]" classname="org.bitcoinj.utils.BtcFormatTest" time="0.0"/>
  <testcase name="factoryTest[484]" classname="org.bitcoinj.utils.BtcFormatTest" time="0.001"/>
  <testcase name="parse[484]" classname="org.bitcoinj.utils.BtcFormatTest" time="0.0"/>
  <testcase name="btcRounding[484]" classname="org.bitcoinj.utils.BtcFormatTest" time="0.001"/>
  <testcase name="negativeTest[484]" classname="org.bitcoinj.utils.BtcFormatTest" time="0.0">
    <skipped/>
  </testcase>
  <testcase name="millicoinScaleTest[484]" classname="org.bitcoinj.utils.BtcFormatTest" time="0.0"/>
  <testcase name="toStringTest[484]" classname="org.bitcoinj.utils.BtcFormatTest" time="0.0">
    <skipped/>
  </testcase>
  <testcase name="testGrouping[484]" classname="org.bitcoinj.utils.BtcFormatTest" time="0.0"/>
  <testcase name="symbolsCodesTest[484]" classname="org.bitcoinj.utils.BtcFormatTest" time="0.001"/>
  <testcase name="defaultLocaleTest[484]" classname="org.bitcoinj.utils.BtcFormatTest" time="0.0"/>
  <testcase name="parsePositionTest[484]" classname="org.bitcoinj.utils.BtcFormatTest" time="0.0"/>
  <testcase name="argumentTypeTest[484]" classname="org.bitcoinj.utils.BtcFormatTest" time="0.0">
    <skipped/>
  </testcase>
  <testcase name="characterIteratorTest[484]" classname="org.bitcoinj.utils.BtcFormatTest" time="0.0"/>
  <testcase name="repeatingPlaceTest[484]" classname="org.bitcoinj.utils.BtcFormatTest" time="0.001"/>
  <testcase name="currencyCodeTest[484]" classname="org.bitcoinj.utils.BtcFormatTest" time="0.0">
    <skipped/>
  </testcase>
  <testcase name="patternDecimalPlaces[484]" classname="org.bitcoinj.utils.BtcFormatTest" time="0.0"/>
  <testcase name="factoryArgumentsTest[485]" classname="org.bitcoinj.utils.BtcFormatTest" time="0.001"/>
  <testcase name="parseTest[485]" classname="org.bitcoinj.utils.BtcFormatTest" time="0.0">
    <skipped/>
  </testcase>
  <testcase name="microcoinScaleTest[485]" classname="org.bitcoinj.utils.BtcFormatTest" time="0.0"/>
  <testcase name="parseMetricTest[485]" classname="org.bitcoinj.utils.BtcFormatTest" time="0.001"/>
  <testcase name="coinScaleTest[485]" classname="org.bitcoinj.utils.BtcFormatTest" time="0.0"/>
  <testcase name="builderTest[485]" classname="org.bitcoinj.utils.BtcFormatTest" time="0.0">
    <skipped/>
  </testcase>
  <testcase name="attributeTest[485]" classname="org.bitcoinj.utils.BtcFormatTest" time="0.0">
    <skipped/>
  </testcase>
  <testcase name="prefixTest[485]" classname="org.bitcoinj.utils.BtcFormatTest" time="0.0"/>
  <testcase name="suffixTest[485]" classname="org.bitcoinj.utils.BtcFormatTest" time="0.0">
    <skipped/>
  </testcase>
  <testcase name="autoDecimalTest[485]" classname="org.bitcoinj.utils.BtcFormatTest" time="0.0"/>
  <testcase name="symbolCollisionTest[485]" classname="org.bitcoinj.utils.BtcFormatTest" time="0.002"/>
  <testcase name="equalityTest[485]" classname="org.bitcoinj.utils.BtcFormatTest" time="0.001"/>
  <testcase name="columnAlignmentTest[485]" classname="org.bitcoinj.utils.BtcFormatTest" time="0.0"/>
  <testcase name="factoryTest[485]" classname="org.bitcoinj.utils.BtcFormatTest" time="0.001"/>
  <testcase name="parse[485]" classname="org.bitcoinj.utils.BtcFormatTest" time="0.0"/>
  <testcase name="btcRounding[485]" classname="org.bitcoinj.utils.BtcFormatTest" time="0.002"/>
  <testcase name="negativeTest[485]" classname="org.bitcoinj.utils.BtcFormatTest" time="0.0">
    <skipped/>
  </testcase>
  <testcase name="millicoinScaleTest[485]" classname="org.bitcoinj.utils.BtcFormatTest" time="0.0"/>
  <testcase name="toStringTest[485]" classname="org.bitcoinj.utils.BtcFormatTest" time="0.0">
    <skipped/>
  </testcase>
  <testcase name="testGrouping[485]" classname="org.bitcoinj.utils.BtcFormatTest" time="0.0"/>
  <testcase name="symbolsCodesTest[485]" classname="org.bitcoinj.utils.BtcFormatTest" time="0.001"/>
  <testcase name="defaultLocaleTest[485]" classname="org.bitcoinj.utils.BtcFormatTest" time="0.0"/>
  <testcase name="parsePositionTest[485]" classname="org.bitcoinj.utils.BtcFormatTest" time="0.0"/>
  <testcase name="argumentTypeTest[485]" classname="org.bitcoinj.utils.BtcFormatTest" time="0.0">
    <skipped/>
  </testcase>
  <testcase name="characterIteratorTest[485]" classname="org.bitcoinj.utils.BtcFormatTest" time="0.0"/>
  <testcase name="repeatingPlaceTest[485]" classname="org.bitcoinj.utils.BtcFormatTest" time="0.001"/>
  <testcase name="currencyCodeTest[485]" classname="org.bitcoinj.utils.BtcFormatTest" time="0.0">
    <skipped/>
  </testcase>
  <testcase name="patternDecimalPlaces[485]" classname="org.bitcoinj.utils.BtcFormatTest" time="0.0"/>
  <testcase name="factoryArgumentsTest[486]" classname="org.bitcoinj.utils.BtcFormatTest" time="0.001"/>
  <testcase name="parseTest[486]" classname="org.bitcoinj.utils.BtcFormatTest" time="0.0">
    <skipped/>
  </testcase>
  <testcase name="microcoinScaleTest[486]" classname="org.bitcoinj.utils.BtcFormatTest" time="0.0"/>
  <testcase name="parseMetricTest[486]" classname="org.bitcoinj.utils.BtcFormatTest" time="0.002"/>
  <testcase name="coinScaleTest[486]" classname="org.bitcoinj.utils.BtcFormatTest" time="0.0"/>
  <testcase name="builderTest[486]" classname="org.bitcoinj.utils.BtcFormatTest" time="0.0">
    <skipped/>
  </testcase>
  <testcase name="attributeTest[486]" classname="org.bitcoinj.utils.BtcFormatTest" time="0.0">
    <skipped/>
  </testcase>
  <testcase name="prefixTest[486]" classname="org.bitcoinj.utils.BtcFormatTest" time="0.0"/>
  <testcase name="suffixTest[486]" classname="org.bitcoinj.utils.BtcFormatTest" time="0.0">
    <skipped/>
  </testcase>
  <testcase name="autoDecimalTest[486]" classname="org.bitcoinj.utils.BtcFormatTest" time="0.001"/>
  <testcase name="symbolCollisionTest[486]" classname="org.bitcoinj.utils.BtcFormatTest" time="0.002"/>
  <testcase name="equalityTest[486]" classname="org.bitcoinj.utils.BtcFormatTest" time="0.001"/>
  <testcase name="columnAlignmentTest[486]" classname="org.bitcoinj.utils.BtcFormatTest" time="0.001"/>
  <testcase name="factoryTest[486]" classname="org.bitcoinj.utils.BtcFormatTest" time="0.0"/>
  <testcase name="parse[486]" classname="org.bitcoinj.utils.BtcFormatTest" time="0.0"/>
  <testcase name="btcRounding[486]" classname="org.bitcoinj.utils.BtcFormatTest" time="0.001"/>
  <testcase name="negativeTest[486]" classname="org.bitcoinj.utils.BtcFormatTest" time="0.0">
    <skipped/>
  </testcase>
  <testcase name="millicoinScaleTest[486]" classname="org.bitcoinj.utils.BtcFormatTest" time="0.0"/>
  <testcase name="toStringTest[486]" classname="org.bitcoinj.utils.BtcFormatTest" time="0.0">
    <skipped/>
  </testcase>
  <testcase name="testGrouping[486]" classname="org.bitcoinj.utils.BtcFormatTest" time="0.001"/>
  <testcase name="symbolsCodesTest[486]" classname="org.bitcoinj.utils.BtcFormatTest" time="0.0"/>
  <testcase name="defaultLocaleTest[486]" classname="org.bitcoinj.utils.BtcFormatTest" time="0.001"/>
  <testcase name="parsePositionTest[486]" classname="org.bitcoinj.utils.BtcFormatTest" time="0.0"/>
  <testcase name="argumentTypeTest[486]" classname="org.bitcoinj.utils.BtcFormatTest" time="0.0">
    <skipped/>
  </testcase>
  <testcase name="characterIteratorTest[486]" classname="org.bitcoinj.utils.BtcFormatTest" time="0.0"/>
  <testcase name="repeatingPlaceTest[486]" classname="org.bitcoinj.utils.BtcFormatTest" time="0.0"/>
  <testcase name="currencyCodeTest[486]" classname="org.bitcoinj.utils.BtcFormatTest" time="0.0">
    <skipped/>
  </testcase>
  <testcase name="patternDecimalPlaces[486]" classname="org.bitcoinj.utils.BtcFormatTest" time="0.0"/>
  <testcase name="factoryArgumentsTest[487]" classname="org.bitcoinj.utils.BtcFormatTest" time="0.001"/>
  <testcase name="parseTest[487]" classname="org.bitcoinj.utils.BtcFormatTest" time="0.0">
    <skipped/>
  </testcase>
  <testcase name="microcoinScaleTest[487]" classname="org.bitcoinj.utils.BtcFormatTest" time="0.0"/>
  <testcase name="parseMetricTest[487]" classname="org.bitcoinj.utils.BtcFormatTest" time="0.001"/>
  <testcase name="coinScaleTest[487]" classname="org.bitcoinj.utils.BtcFormatTest" time="0.0"/>
  <testcase name="builderTest[487]" classname="org.bitcoinj.utils.BtcFormatTest" time="0.0">
    <skipped/>
  </testcase>
  <testcase name="attributeTest[487]" classname="org.bitcoinj.utils.BtcFormatTest" time="0.0">
    <skipped/>
  </testcase>
  <testcase name="prefixTest[487]" classname="org.bitcoinj.utils.BtcFormatTest" time="0.001"/>
  <testcase name="suffixTest[487]" classname="org.bitcoinj.utils.BtcFormatTest" time="0.0">
    <skipped/>
  </testcase>
  <testcase name="autoDecimalTest[487]" classname="org.bitcoinj.utils.BtcFormatTest" time="0.0"/>
  <testcase name="symbolCollisionTest[487]" classname="org.bitcoinj.utils.BtcFormatTest" time="0.002"/>
  <testcase name="equalityTest[487]" classname="org.bitcoinj.utils.BtcFormatTest" time="0.002"/>
  <testcase name="columnAlignmentTest[487]" classname="org.bitcoinj.utils.BtcFormatTest" time="0.0"/>
  <testcase name="factoryTest[487]" classname="org.bitcoinj.utils.BtcFormatTest" time="0.0"/>
  <testcase name="parse[487]" classname="org.bitcoinj.utils.BtcFormatTest" time="0.0"/>
  <testcase name="btcRounding[487]" classname="org.bitcoinj.utils.BtcFormatTest" time="0.001"/>
  <testcase name="negativeTest[487]" classname="org.bitcoinj.utils.BtcFormatTest" time="0.0">
    <skipped/>
  </testcase>
  <testcase name="millicoinScaleTest[487]" classname="org.bitcoinj.utils.BtcFormatTest" time="0.001"/>
  <testcase name="toStringTest[487]" classname="org.bitcoinj.utils.BtcFormatTest" time="0.0">
    <skipped/>
  </testcase>
  <testcase name="testGrouping[487]" classname="org.bitcoinj.utils.BtcFormatTest" time="0.0"/>
  <testcase name="symbolsCodesTest[487]" classname="org.bitcoinj.utils.BtcFormatTest" time="0.0"/>
  <testcase name="defaultLocaleTest[487]" classname="org.bitcoinj.utils.BtcFormatTest" time="0.001"/>
  <testcase name="parsePositionTest[487]" classname="org.bitcoinj.utils.BtcFormatTest" time="0.0"/>
  <testcase name="argumentTypeTest[487]" classname="org.bitcoinj.utils.BtcFormatTest" time="0.0">
    <skipped/>
  </testcase>
  <testcase name="characterIteratorTest[487]" classname="org.bitcoinj.utils.BtcFormatTest" time="0.0"/>
  <testcase name="repeatingPlaceTest[487]" classname="org.bitcoinj.utils.BtcFormatTest" time="0.0"/>
  <testcase name="currencyCodeTest[487]" classname="org.bitcoinj.utils.BtcFormatTest" time="0.0">
    <skipped/>
  </testcase>
  <testcase name="patternDecimalPlaces[487]" classname="org.bitcoinj.utils.BtcFormatTest" time="0.0"/>
  <testcase name="factoryArgumentsTest[488]" classname="org.bitcoinj.utils.BtcFormatTest" time="0.001"/>
  <testcase name="parseTest[488]" classname="org.bitcoinj.utils.BtcFormatTest" time="0.0">
    <skipped/>
  </testcase>
  <testcase name="microcoinScaleTest[488]" classname="org.bitcoinj.utils.BtcFormatTest" time="0.0"/>
  <testcase name="parseMetricTest[488]" classname="org.bitcoinj.utils.BtcFormatTest" time="0.001"/>
  <testcase name="coinScaleTest[488]" classname="org.bitcoinj.utils.BtcFormatTest" time="0.0"/>
  <testcase name="builderTest[488]" classname="org.bitcoinj.utils.BtcFormatTest" time="0.0">
    <skipped/>
  </testcase>
  <testcase name="attributeTest[488]" classname="org.bitcoinj.utils.BtcFormatTest" time="0.0">
    <skipped/>
  </testcase>
  <testcase name="prefixTest[488]" classname="org.bitcoinj.utils.BtcFormatTest" time="0.0"/>
  <testcase name="suffixTest[488]" classname="org.bitcoinj.utils.BtcFormatTest" time="0.0">
    <skipped/>
  </testcase>
  <testcase name="autoDecimalTest[488]" classname="org.bitcoinj.utils.BtcFormatTest" time="0.001"/>
  <testcase name="symbolCollisionTest[488]" classname="org.bitcoinj.utils.BtcFormatTest" time="0.001"/>
  <testcase name="equalityTest[488]" classname="org.bitcoinj.utils.BtcFormatTest" time="0.002"/>
  <testcase name="columnAlignmentTest[488]" classname="org.bitcoinj.utils.BtcFormatTest" time="0.0"/>
  <testcase name="factoryTest[488]" classname="org.bitcoinj.utils.BtcFormatTest" time="0.0"/>
  <testcase name="parse[488]" classname="org.bitcoinj.utils.BtcFormatTest" time="0.0"/>
  <testcase name="btcRounding[488]" classname="org.bitcoinj.utils.BtcFormatTest" time="0.002"/>
  <testcase name="negativeTest[488]" classname="org.bitcoinj.utils.BtcFormatTest" time="0.0">
    <skipped/>
  </testcase>
  <testcase name="millicoinScaleTest[488]" classname="org.bitcoinj.utils.BtcFormatTest" time="0.0"/>
  <testcase name="toStringTest[488]" classname="org.bitcoinj.utils.BtcFormatTest" time="0.0">
    <skipped/>
  </testcase>
  <testcase name="testGrouping[488]" classname="org.bitcoinj.utils.BtcFormatTest" time="0.001"/>
  <testcase name="symbolsCodesTest[488]" classname="org.bitcoinj.utils.BtcFormatTest" time="0.001"/>
  <testcase name="defaultLocaleTest[488]" classname="org.bitcoinj.utils.BtcFormatTest" time="0.0"/>
  <testcase name="parsePositionTest[488]" classname="org.bitcoinj.utils.BtcFormatTest" time="0.001"/>
  <testcase name="argumentTypeTest[488]" classname="org.bitcoinj.utils.BtcFormatTest" time="0.0">
    <skipped/>
  </testcase>
  <testcase name="characterIteratorTest[488]" classname="org.bitcoinj.utils.BtcFormatTest" time="0.0"/>
  <testcase name="repeatingPlaceTest[488]" classname="org.bitcoinj.utils.BtcFormatTest" time="0.0"/>
  <testcase name="currencyCodeTest[488]" classname="org.bitcoinj.utils.BtcFormatTest" time="0.0">
    <skipped/>
  </testcase>
  <testcase name="patternDecimalPlaces[488]" classname="org.bitcoinj.utils.BtcFormatTest" time="0.0"/>
  <testcase name="factoryArgumentsTest[489]" classname="org.bitcoinj.utils.BtcFormatTest" time="0.001"/>
  <testcase name="parseTest[489]" classname="org.bitcoinj.utils.BtcFormatTest" time="0.0">
    <skipped/>
  </testcase>
  <testcase name="microcoinScaleTest[489]" classname="org.bitcoinj.utils.BtcFormatTest" time="0.0"/>
  <testcase name="parseMetricTest[489]" classname="org.bitcoinj.utils.BtcFormatTest" time="0.001"/>
  <testcase name="coinScaleTest[489]" classname="org.bitcoinj.utils.BtcFormatTest" time="0.0"/>
  <testcase name="builderTest[489]" classname="org.bitcoinj.utils.BtcFormatTest" time="0.0">
    <skipped/>
  </testcase>
  <testcase name="attributeTest[489]" classname="org.bitcoinj.utils.BtcFormatTest" time="0.0">
    <skipped/>
  </testcase>
  <testcase name="prefixTest[489]" classname="org.bitcoinj.utils.BtcFormatTest" time="0.0"/>
  <testcase name="suffixTest[489]" classname="org.bitcoinj.utils.BtcFormatTest" time="0.0">
    <skipped/>
  </testcase>
  <testcase name="autoDecimalTest[489]" classname="org.bitcoinj.utils.BtcFormatTest" time="0.0"/>
  <testcase name="symbolCollisionTest[489]" classname="org.bitcoinj.utils.BtcFormatTest" time="0.002"/>
  <testcase name="equalityTest[489]" classname="org.bitcoinj.utils.BtcFormatTest" time="0.002"/>
  <testcase name="columnAlignmentTest[489]" classname="org.bitcoinj.utils.BtcFormatTest" time="0.0"/>
  <testcase name="factoryTest[489]" classname="org.bitcoinj.utils.BtcFormatTest" time="0.0"/>
  <testcase name="parse[489]" classname="org.bitcoinj.utils.BtcFormatTest" time="0.0"/>
  <testcase name="btcRounding[489]" classname="org.bitcoinj.utils.BtcFormatTest" time="0.001"/>
  <testcase name="negativeTest[489]" classname="org.bitcoinj.utils.BtcFormatTest" time="0.0">
    <skipped/>
  </testcase>
  <testcase name="millicoinScaleTest[489]" classname="org.bitcoinj.utils.BtcFormatTest" time="0.0"/>
  <testcase name="toStringTest[489]" classname="org.bitcoinj.utils.BtcFormatTest" time="0.0">
    <skipped/>
  </testcase>
  <testcase name="testGrouping[489]" classname="org.bitcoinj.utils.BtcFormatTest" time="0.0"/>
  <testcase name="symbolsCodesTest[489]" classname="org.bitcoinj.utils.BtcFormatTest" time="0.0"/>
  <testcase name="defaultLocaleTest[489]" classname="org.bitcoinj.utils.BtcFormatTest" time="0.001"/>
  <testcase name="parsePositionTest[489]" classname="org.bitcoinj.utils.BtcFormatTest" time="0.0"/>
  <testcase name="argumentTypeTest[489]" classname="org.bitcoinj.utils.BtcFormatTest" time="0.0">
    <skipped/>
  </testcase>
  <testcase name="characterIteratorTest[489]" classname="org.bitcoinj.utils.BtcFormatTest" time="0.0"/>
  <testcase name="repeatingPlaceTest[489]" classname="org.bitcoinj.utils.BtcFormatTest" time="0.0"/>
  <testcase name="currencyCodeTest[489]" classname="org.bitcoinj.utils.BtcFormatTest" time="0.0">
    <skipped/>
  </testcase>
  <testcase name="patternDecimalPlaces[489]" classname="org.bitcoinj.utils.BtcFormatTest" time="0.0"/>
  <testcase name="factoryArgumentsTest[490]" classname="org.bitcoinj.utils.BtcFormatTest" time="0.001"/>
  <testcase name="parseTest[490]" classname="org.bitcoinj.utils.BtcFormatTest" time="0.0">
    <skipped/>
  </testcase>
  <testcase name="microcoinScaleTest[490]" classname="org.bitcoinj.utils.BtcFormatTest" time="0.0"/>
  <testcase name="parseMetricTest[490]" classname="org.bitcoinj.utils.BtcFormatTest" time="0.001"/>
  <testcase name="coinScaleTest[490]" classname="org.bitcoinj.utils.BtcFormatTest" time="0.0"/>
  <testcase name="builderTest[490]" classname="org.bitcoinj.utils.BtcFormatTest" time="0.0">
    <skipped/>
  </testcase>
  <testcase name="attributeTest[490]" classname="org.bitcoinj.utils.BtcFormatTest" time="0.0">
    <skipped/>
  </testcase>
  <testcase name="prefixTest[490]" classname="org.bitcoinj.utils.BtcFormatTest" time="0.0"/>
  <testcase name="suffixTest[490]" classname="org.bitcoinj.utils.BtcFormatTest" time="0.0">
    <skipped/>
  </testcase>
  <testcase name="autoDecimalTest[490]" classname="org.bitcoinj.utils.BtcFormatTest" time="0.001"/>
  <testcase name="symbolCollisionTest[490]" classname="org.bitcoinj.utils.BtcFormatTest" time="0.002"/>
  <testcase name="equalityTest[490]" classname="org.bitcoinj.utils.BtcFormatTest" time="0.001"/>
  <testcase name="columnAlignmentTest[490]" classname="org.bitcoinj.utils.BtcFormatTest" time="0.0"/>
  <testcase name="factoryTest[490]" classname="org.bitcoinj.utils.BtcFormatTest" time="0.001"/>
  <testcase name="parse[490]" classname="org.bitcoinj.utils.BtcFormatTest" time="0.0"/>
  <testcase name="btcRounding[490]" classname="org.bitcoinj.utils.BtcFormatTest" time="0.001"/>
  <testcase name="negativeTest[490]" classname="org.bitcoinj.utils.BtcFormatTest" time="0.0">
    <skipped/>
  </testcase>
  <testcase name="millicoinScaleTest[490]" classname="org.bitcoinj.utils.BtcFormatTest" time="0.0"/>
  <testcase name="toStringTest[490]" classname="org.bitcoinj.utils.BtcFormatTest" time="0.0">
    <skipped/>
  </testcase>
  <testcase name="testGrouping[490]" classname="org.bitcoinj.utils.BtcFormatTest" time="0.0"/>
  <testcase name="symbolsCodesTest[490]" classname="org.bitcoinj.utils.BtcFormatTest" time="0.001"/>
  <testcase name="defaultLocaleTest[490]" classname="org.bitcoinj.utils.BtcFormatTest" time="0.0"/>
  <testcase name="parsePositionTest[490]" classname="org.bitcoinj.utils.BtcFormatTest" time="0.0"/>
  <testcase name="argumentTypeTest[490]" classname="org.bitcoinj.utils.BtcFormatTest" time="0.0">
    <skipped/>
  </testcase>
  <testcase name="characterIteratorTest[490]" classname="org.bitcoinj.utils.BtcFormatTest" time="0.001"/>
  <testcase name="repeatingPlaceTest[490]" classname="org.bitcoinj.utils.BtcFormatTest" time="0.0"/>
  <testcase name="currencyCodeTest[490]" classname="org.bitcoinj.utils.BtcFormatTest" time="0.0">
    <skipped/>
  </testcase>
  <testcase name="patternDecimalPlaces[490]" classname="org.bitcoinj.utils.BtcFormatTest" time="0.0"/>
  <testcase name="factoryArgumentsTest[491]" classname="org.bitcoinj.utils.BtcFormatTest" time="0.001"/>
  <testcase name="parseTest[491]" classname="org.bitcoinj.utils.BtcFormatTest" time="0.0">
    <skipped/>
  </testcase>
  <testcase name="microcoinScaleTest[491]" classname="org.bitcoinj.utils.BtcFormatTest" time="0.0"/>
  <testcase name="parseMetricTest[491]" classname="org.bitcoinj.utils.BtcFormatTest" time="0.001"/>
  <testcase name="coinScaleTest[491]" classname="org.bitcoinj.utils.BtcFormatTest" time="0.0"/>
  <testcase name="builderTest[491]" classname="org.bitcoinj.utils.BtcFormatTest" time="0.0">
    <skipped/>
  </testcase>
  <testcase name="attributeTest[491]" classname="org.bitcoinj.utils.BtcFormatTest" time="0.0">
    <skipped/>
  </testcase>
  <testcase name="prefixTest[491]" classname="org.bitcoinj.utils.BtcFormatTest" time="0.0"/>
  <testcase name="suffixTest[491]" classname="org.bitcoinj.utils.BtcFormatTest" time="0.0">
    <skipped/>
  </testcase>
  <testcase name="autoDecimalTest[491]" classname="org.bitcoinj.utils.BtcFormatTest" time="0.001"/>
  <testcase name="symbolCollisionTest[491]" classname="org.bitcoinj.utils.BtcFormatTest" time="0.001"/>
  <testcase name="equalityTest[491]" classname="org.bitcoinj.utils.BtcFormatTest" time="0.003"/>
  <testcase name="columnAlignmentTest[491]" classname="org.bitcoinj.utils.BtcFormatTest" time="0.0"/>
  <testcase name="factoryTest[491]" classname="org.bitcoinj.utils.BtcFormatTest" time="0.001"/>
  <testcase name="parse[491]" classname="org.bitcoinj.utils.BtcFormatTest" time="0.0"/>
  <testcase name="btcRounding[491]" classname="org.bitcoinj.utils.BtcFormatTest" time="0.002"/>
  <testcase name="negativeTest[491]" classname="org.bitcoinj.utils.BtcFormatTest" time="0.0">
    <skipped/>
  </testcase>
  <testcase name="millicoinScaleTest[491]" classname="org.bitcoinj.utils.BtcFormatTest" time="0.001"/>
  <testcase name="toStringTest[491]" classname="org.bitcoinj.utils.BtcFormatTest" time="0.0">
    <skipped/>
  </testcase>
  <testcase name="testGrouping[491]" classname="org.bitcoinj.utils.BtcFormatTest" time="0.0"/>
  <testcase name="symbolsCodesTest[491]" classname="org.bitcoinj.utils.BtcFormatTest" time="0.001"/>
  <testcase name="defaultLocaleTest[491]" classname="org.bitcoinj.utils.BtcFormatTest" time="0.0"/>
  <testcase name="parsePositionTest[491]" classname="org.bitcoinj.utils.BtcFormatTest" time="0.0"/>
  <testcase name="argumentTypeTest[491]" classname="org.bitcoinj.utils.BtcFormatTest" time="0.0">
    <skipped/>
  </testcase>
  <testcase name="characterIteratorTest[491]" classname="org.bitcoinj.utils.BtcFormatTest" time="0.001"/>
  <testcase name="repeatingPlaceTest[491]" classname="org.bitcoinj.utils.BtcFormatTest" time="0.0"/>
  <testcase name="currencyCodeTest[491]" classname="org.bitcoinj.utils.BtcFormatTest" time="0.0">
    <skipped/>
  </testcase>
  <testcase name="patternDecimalPlaces[491]" classname="org.bitcoinj.utils.BtcFormatTest" time="0.0"/>
  <testcase name="factoryArgumentsTest[492]" classname="org.bitcoinj.utils.BtcFormatTest" time="0.001"/>
  <testcase name="parseTest[492]" classname="org.bitcoinj.utils.BtcFormatTest" time="0.0">
    <skipped/>
  </testcase>
  <testcase name="microcoinScaleTest[492]" classname="org.bitcoinj.utils.BtcFormatTest" time="0.0"/>
  <testcase name="parseMetricTest[492]" classname="org.bitcoinj.utils.BtcFormatTest" time="0.002"/>
  <testcase name="coinScaleTest[492]" classname="org.bitcoinj.utils.BtcFormatTest" time="0.0"/>
  <testcase name="builderTest[492]" classname="org.bitcoinj.utils.BtcFormatTest" time="0.0">
    <skipped/>
  </testcase>
  <testcase name="attributeTest[492]" classname="org.bitcoinj.utils.BtcFormatTest" time="0.0">
    <skipped/>
  </testcase>
  <testcase name="prefixTest[492]" classname="org.bitcoinj.utils.BtcFormatTest" time="0.0"/>
  <testcase name="suffixTest[492]" classname="org.bitcoinj.utils.BtcFormatTest" time="0.0">
    <skipped/>
  </testcase>
  <testcase name="autoDecimalTest[492]" classname="org.bitcoinj.utils.BtcFormatTest" time="0.001"/>
  <testcase name="symbolCollisionTest[492]" classname="org.bitcoinj.utils.BtcFormatTest" time="0.002"/>
  <testcase name="equalityTest[492]" classname="org.bitcoinj.utils.BtcFormatTest" time="0.001"/>
  <testcase name="columnAlignmentTest[492]" classname="org.bitcoinj.utils.BtcFormatTest" time="0.0"/>
  <testcase name="factoryTest[492]" classname="org.bitcoinj.utils.BtcFormatTest" time="0.001"/>
  <testcase name="parse[492]" classname="org.bitcoinj.utils.BtcFormatTest" time="0.0"/>
  <testcase name="btcRounding[492]" classname="org.bitcoinj.utils.BtcFormatTest" time="0.001"/>
  <testcase name="negativeTest[492]" classname="org.bitcoinj.utils.BtcFormatTest" time="0.0">
    <skipped/>
  </testcase>
  <testcase name="millicoinScaleTest[492]" classname="org.bitcoinj.utils.BtcFormatTest" time="0.0"/>
  <testcase name="toStringTest[492]" classname="org.bitcoinj.utils.BtcFormatTest" time="0.0">
    <skipped/>
  </testcase>
  <testcase name="testGrouping[492]" classname="org.bitcoinj.utils.BtcFormatTest" time="0.0"/>
  <testcase name="symbolsCodesTest[492]" classname="org.bitcoinj.utils.BtcFormatTest" time="0.001"/>
  <testcase name="defaultLocaleTest[492]" classname="org.bitcoinj.utils.BtcFormatTest" time="0.0"/>
  <testcase name="parsePositionTest[492]" classname="org.bitcoinj.utils.BtcFormatTest" time="0.0"/>
  <testcase name="argumentTypeTest[492]" classname="org.bitcoinj.utils.BtcFormatTest" time="0.0">
    <skipped/>
  </testcase>
  <testcase name="characterIteratorTest[492]" classname="org.bitcoinj.utils.BtcFormatTest" time="0.001"/>
  <testcase name="repeatingPlaceTest[492]" classname="org.bitcoinj.utils.BtcFormatTest" time="0.0"/>
  <testcase name="currencyCodeTest[492]" classname="org.bitcoinj.utils.BtcFormatTest" time="0.0">
    <skipped/>
  </testcase>
  <testcase name="patternDecimalPlaces[492]" classname="org.bitcoinj.utils.BtcFormatTest" time="0.0"/>
  <testcase name="factoryArgumentsTest[493]" classname="org.bitcoinj.utils.BtcFormatTest" time="0.001"/>
  <testcase name="parseTest[493]" classname="org.bitcoinj.utils.BtcFormatTest" time="0.0">
    <skipped/>
  </testcase>
  <testcase name="microcoinScaleTest[493]" classname="org.bitcoinj.utils.BtcFormatTest" time="0.0"/>
  <testcase name="parseMetricTest[493]" classname="org.bitcoinj.utils.BtcFormatTest" time="0.002"/>
  <testcase name="coinScaleTest[493]" classname="org.bitcoinj.utils.BtcFormatTest" time="0.0"/>
  <testcase name="builderTest[493]" classname="org.bitcoinj.utils.BtcFormatTest" time="0.0">
    <skipped/>
  </testcase>
  <testcase name="attributeTest[493]" classname="org.bitcoinj.utils.BtcFormatTest" time="0.0">
    <skipped/>
  </testcase>
  <testcase name="prefixTest[493]" classname="org.bitcoinj.utils.BtcFormatTest" time="0.0"/>
  <testcase name="suffixTest[493]" classname="org.bitcoinj.utils.BtcFormatTest" time="0.0">
    <skipped/>
  </testcase>
  <testcase name="autoDecimalTest[493]" classname="org.bitcoinj.utils.BtcFormatTest" time="0.001"/>
  <testcase name="symbolCollisionTest[493]" classname="org.bitcoinj.utils.BtcFormatTest" time="0.002"/>
  <testcase name="equalityTest[493]" classname="org.bitcoinj.utils.BtcFormatTest" time="0.002"/>
  <testcase name="columnAlignmentTest[493]" classname="org.bitcoinj.utils.BtcFormatTest" time="0.0"/>
  <testcase name="factoryTest[493]" classname="org.bitcoinj.utils.BtcFormatTest" time="0.0"/>
  <testcase name="parse[493]" classname="org.bitcoinj.utils.BtcFormatTest" time="0.0"/>
  <testcase name="btcRounding[493]" classname="org.bitcoinj.utils.BtcFormatTest" time="0.002"/>
  <testcase name="negativeTest[493]" classname="org.bitcoinj.utils.BtcFormatTest" time="0.0">
    <skipped/>
  </testcase>
  <testcase name="millicoinScaleTest[493]" classname="org.bitcoinj.utils.BtcFormatTest" time="0.0"/>
  <testcase name="toStringTest[493]" classname="org.bitcoinj.utils.BtcFormatTest" time="0.0">
    <skipped/>
  </testcase>
  <testcase name="testGrouping[493]" classname="org.bitcoinj.utils.BtcFormatTest" time="0.0"/>
  <testcase name="symbolsCodesTest[493]" classname="org.bitcoinj.utils.BtcFormatTest" time="0.001"/>
  <testcase name="defaultLocaleTest[493]" classname="org.bitcoinj.utils.BtcFormatTest" time="0.001"/>
  <testcase name="parsePositionTest[493]" classname="org.bitcoinj.utils.BtcFormatTest" time="0.0"/>
  <testcase name="argumentTypeTest[493]" classname="org.bitcoinj.utils.BtcFormatTest" time="0.0">
    <skipped/>
  </testcase>
  <testcase name="characterIteratorTest[493]" classname="org.bitcoinj.utils.BtcFormatTest" time="0.0"/>
  <testcase name="repeatingPlaceTest[493]" classname="org.bitcoinj.utils.BtcFormatTest" time="0.0"/>
  <testcase name="currencyCodeTest[493]" classname="org.bitcoinj.utils.BtcFormatTest" time="0.0">
    <skipped/>
  </testcase>
  <testcase name="patternDecimalPlaces[493]" classname="org.bitcoinj.utils.BtcFormatTest" time="0.0"/>
  <testcase name="factoryArgumentsTest[494]" classname="org.bitcoinj.utils.BtcFormatTest" time="0.0"/>
  <testcase name="parseTest[494]" classname="org.bitcoinj.utils.BtcFormatTest" time="0.0">
    <skipped/>
  </testcase>
  <testcase name="microcoinScaleTest[494]" classname="org.bitcoinj.utils.BtcFormatTest" time="0.0"/>
  <testcase name="parseMetricTest[494]" classname="org.bitcoinj.utils.BtcFormatTest" time="0.001"/>
  <testcase name="coinScaleTest[494]" classname="org.bitcoinj.utils.BtcFormatTest" time="0.0"/>
  <testcase name="builderTest[494]" classname="org.bitcoinj.utils.BtcFormatTest" time="0.0">
    <skipped/>
  </testcase>
  <testcase name="attributeTest[494]" classname="org.bitcoinj.utils.BtcFormatTest" time="0.0">
    <skipped/>
  </testcase>
  <testcase name="prefixTest[494]" classname="org.bitcoinj.utils.BtcFormatTest" time="0.0"/>
  <testcase name="suffixTest[494]" classname="org.bitcoinj.utils.BtcFormatTest" time="0.0">
    <skipped/>
  </testcase>
  <testcase name="autoDecimalTest[494]" classname="org.bitcoinj.utils.BtcFormatTest" time="0.0"/>
  <testcase name="symbolCollisionTest[494]" classname="org.bitcoinj.utils.BtcFormatTest" time="0.003"/>
  <testcase name="equalityTest[494]" classname="org.bitcoinj.utils.BtcFormatTest" time="0.003"/>
  <testcase name="columnAlignmentTest[494]" classname="org.bitcoinj.utils.BtcFormatTest" time="0.0"/>
  <testcase name="factoryTest[494]" classname="org.bitcoinj.utils.BtcFormatTest" time="0.001"/>
  <testcase name="parse[494]" classname="org.bitcoinj.utils.BtcFormatTest" time="0.0"/>
  <testcase name="btcRounding[494]" classname="org.bitcoinj.utils.BtcFormatTest" time="0.002"/>
  <testcase name="negativeTest[494]" classname="org.bitcoinj.utils.BtcFormatTest" time="0.0">
    <skipped/>
  </testcase>
  <testcase name="millicoinScaleTest[494]" classname="org.bitcoinj.utils.BtcFormatTest" time="0.0"/>
  <testcase name="toStringTest[494]" classname="org.bitcoinj.utils.BtcFormatTest" time="0.0">
    <skipped/>
  </testcase>
  <testcase name="testGrouping[494]" classname="org.bitcoinj.utils.BtcFormatTest" time="0.0"/>
  <testcase name="symbolsCodesTest[494]" classname="org.bitcoinj.utils.BtcFormatTest" time="0.001"/>
  <testcase name="defaultLocaleTest[494]" classname="org.bitcoinj.utils.BtcFormatTest" time="0.0"/>
  <testcase name="parsePositionTest[494]" classname="org.bitcoinj.utils.BtcFormatTest" time="0.001"/>
  <testcase name="argumentTypeTest[494]" classname="org.bitcoinj.utils.BtcFormatTest" time="0.0">
    <skipped/>
  </testcase>
  <testcase name="characterIteratorTest[494]" classname="org.bitcoinj.utils.BtcFormatTest" time="0.0"/>
  <testcase name="repeatingPlaceTest[494]" classname="org.bitcoinj.utils.BtcFormatTest" time="0.001"/>
  <testcase name="currencyCodeTest[494]" classname="org.bitcoinj.utils.BtcFormatTest" time="0.0">
    <skipped/>
  </testcase>
  <testcase name="patternDecimalPlaces[494]" classname="org.bitcoinj.utils.BtcFormatTest" time="0.0"/>
  <testcase name="factoryArgumentsTest[495]" classname="org.bitcoinj.utils.BtcFormatTest" time="0.001"/>
  <testcase name="parseTest[495]" classname="org.bitcoinj.utils.BtcFormatTest" time="0.0">
    <skipped/>
  </testcase>
  <testcase name="microcoinScaleTest[495]" classname="org.bitcoinj.utils.BtcFormatTest" time="0.0"/>
  <testcase name="parseMetricTest[495]" classname="org.bitcoinj.utils.BtcFormatTest" time="0.002"/>
  <testcase name="coinScaleTest[495]" classname="org.bitcoinj.utils.BtcFormatTest" time="0.0"/>
  <testcase name="builderTest[495]" classname="org.bitcoinj.utils.BtcFormatTest" time="0.0">
    <skipped/>
  </testcase>
  <testcase name="attributeTest[495]" classname="org.bitcoinj.utils.BtcFormatTest" time="0.0">
    <skipped/>
  </testcase>
  <testcase name="prefixTest[495]" classname="org.bitcoinj.utils.BtcFormatTest" time="0.0"/>
  <testcase name="suffixTest[495]" classname="org.bitcoinj.utils.BtcFormatTest" time="0.0">
    <skipped/>
  </testcase>
  <testcase name="autoDecimalTest[495]" classname="org.bitcoinj.utils.BtcFormatTest" time="0.001"/>
  <testcase name="symbolCollisionTest[495]" classname="org.bitcoinj.utils.BtcFormatTest" time="0.003"/>
  <testcase name="equalityTest[495]" classname="org.bitcoinj.utils.BtcFormatTest" time="0.003"/>
  <testcase name="columnAlignmentTest[495]" classname="org.bitcoinj.utils.BtcFormatTest" time="0.0"/>
  <testcase name="factoryTest[495]" classname="org.bitcoinj.utils.BtcFormatTest" time="0.0"/>
  <testcase name="parse[495]" classname="org.bitcoinj.utils.BtcFormatTest" time="0.001"/>
  <testcase name="btcRounding[495]" classname="org.bitcoinj.utils.BtcFormatTest" time="0.002"/>
  <testcase name="negativeTest[495]" classname="org.bitcoinj.utils.BtcFormatTest" time="0.0">
    <skipped/>
  </testcase>
  <testcase name="millicoinScaleTest[495]" classname="org.bitcoinj.utils.BtcFormatTest" time="0.0"/>
  <testcase name="toStringTest[495]" classname="org.bitcoinj.utils.BtcFormatTest" time="0.0">
    <skipped/>
  </testcase>
  <testcase name="testGrouping[495]" classname="org.bitcoinj.utils.BtcFormatTest" time="0.0"/>
  <testcase name="symbolsCodesTest[495]" classname="org.bitcoinj.utils.BtcFormatTest" time="0.001"/>
  <testcase name="defaultLocaleTest[495]" classname="org.bitcoinj.utils.BtcFormatTest" time="0.0"/>
  <testcase name="parsePositionTest[495]" classname="org.bitcoinj.utils.BtcFormatTest" time="0.0"/>
  <testcase name="argumentTypeTest[495]" classname="org.bitcoinj.utils.BtcFormatTest" time="0.0">
    <skipped/>
  </testcase>
  <testcase name="characterIteratorTest[495]" classname="org.bitcoinj.utils.BtcFormatTest" time="0.001"/>
  <testcase name="repeatingPlaceTest[495]" classname="org.bitcoinj.utils.BtcFormatTest" time="0.0"/>
  <testcase name="currencyCodeTest[495]" classname="org.bitcoinj.utils.BtcFormatTest" time="0.0">
    <skipped/>
  </testcase>
  <testcase name="patternDecimalPlaces[495]" classname="org.bitcoinj.utils.BtcFormatTest" time="0.0"/>
  <testcase name="factoryArgumentsTest[496]" classname="org.bitcoinj.utils.BtcFormatTest" time="0.003"/>
  <testcase name="parseTest[496]" classname="org.bitcoinj.utils.BtcFormatTest" time="0.0">
    <skipped/>
  </testcase>
  <testcase name="microcoinScaleTest[496]" classname="org.bitcoinj.utils.BtcFormatTest" time="0.0"/>
  <testcase name="parseMetricTest[496]" classname="org.bitcoinj.utils.BtcFormatTest" time="0.002"/>
  <testcase name="coinScaleTest[496]" classname="org.bitcoinj.utils.BtcFormatTest" time="0.0"/>
  <testcase name="builderTest[496]" classname="org.bitcoinj.utils.BtcFormatTest" time="0.0">
    <skipped/>
  </testcase>
  <testcase name="attributeTest[496]" classname="org.bitcoinj.utils.BtcFormatTest" time="0.0">
    <skipped/>
  </testcase>
  <testcase name="prefixTest[496]" classname="org.bitcoinj.utils.BtcFormatTest" time="0.0"/>
  <testcase name="suffixTest[496]" classname="org.bitcoinj.utils.BtcFormatTest" time="0.0">
    <skipped/>
  </testcase>
  <testcase name="autoDecimalTest[496]" classname="org.bitcoinj.utils.BtcFormatTest" time="0.001"/>
  <testcase name="symbolCollisionTest[496]" classname="org.bitcoinj.utils.BtcFormatTest" time="0.003"/>
  <testcase name="equalityTest[496]" classname="org.bitcoinj.utils.BtcFormatTest" time="0.004"/>
  <testcase name="columnAlignmentTest[496]" classname="org.bitcoinj.utils.BtcFormatTest" time="0.001"/>
  <testcase name="factoryTest[496]" classname="org.bitcoinj.utils.BtcFormatTest" time="0.0"/>
  <testcase name="parse[496]" classname="org.bitcoinj.utils.BtcFormatTest" time="0.0"/>
  <testcase name="btcRounding[496]" classname="org.bitcoinj.utils.BtcFormatTest" time="0.005"/>
  <testcase name="negativeTest[496]" classname="org.bitcoinj.utils.BtcFormatTest" time="0.0">
    <skipped/>
  </testcase>
  <testcase name="millicoinScaleTest[496]" classname="org.bitcoinj.utils.BtcFormatTest" time="0.0"/>
  <testcase name="toStringTest[496]" classname="org.bitcoinj.utils.BtcFormatTest" time="0.0">
    <skipped/>
  </testcase>
  <testcase name="testGrouping[496]" classname="org.bitcoinj.utils.BtcFormatTest" time="0.0"/>
  <testcase name="symbolsCodesTest[496]" classname="org.bitcoinj.utils.BtcFormatTest" time="0.002"/>
  <testcase name="defaultLocaleTest[496]" classname="org.bitcoinj.utils.BtcFormatTest" time="0.0"/>
  <testcase name="parsePositionTest[496]" classname="org.bitcoinj.utils.BtcFormatTest" time="0.0"/>
  <testcase name="argumentTypeTest[496]" classname="org.bitcoinj.utils.BtcFormatTest" time="0.0">
    <skipped/>
  </testcase>
  <testcase name="characterIteratorTest[496]" classname="org.bitcoinj.utils.BtcFormatTest" time="0.001"/>
  <testcase name="repeatingPlaceTest[496]" classname="org.bitcoinj.utils.BtcFormatTest" time="0.0"/>
  <testcase name="currencyCodeTest[496]" classname="org.bitcoinj.utils.BtcFormatTest" time="0.0">
    <skipped/>
  </testcase>
  <testcase name="patternDecimalPlaces[496]" classname="org.bitcoinj.utils.BtcFormatTest" time="0.0"/>
  <testcase name="factoryArgumentsTest[497]" classname="org.bitcoinj.utils.BtcFormatTest" time="0.002"/>
  <testcase name="parseTest[497]" classname="org.bitcoinj.utils.BtcFormatTest" time="0.0">
    <skipped/>
  </testcase>
  <testcase name="microcoinScaleTest[497]" classname="org.bitcoinj.utils.BtcFormatTest" time="0.0"/>
  <testcase name="parseMetricTest[497]" classname="org.bitcoinj.utils.BtcFormatTest" time="0.001"/>
  <testcase name="coinScaleTest[497]" classname="org.bitcoinj.utils.BtcFormatTest" time="0.001"/>
  <testcase name="builderTest[497]" classname="org.bitcoinj.utils.BtcFormatTest" time="0.0">
    <skipped/>
  </testcase>
  <testcase name="attributeTest[497]" classname="org.bitcoinj.utils.BtcFormatTest" time="0.0">
    <skipped/>
  </testcase>
  <testcase name="prefixTest[497]" classname="org.bitcoinj.utils.BtcFormatTest" time="0.0"/>
  <testcase name="suffixTest[497]" classname="org.bitcoinj.utils.BtcFormatTest" time="0.0">
    <skipped/>
  </testcase>
  <testcase name="autoDecimalTest[497]" classname="org.bitcoinj.utils.BtcFormatTest" time="0.001"/>
  <testcase name="symbolCollisionTest[497]" classname="org.bitcoinj.utils.BtcFormatTest" time="0.005"/>
  <testcase name="equalityTest[497]" classname="org.bitcoinj.utils.BtcFormatTest" time="0.002"/>
  <testcase name="columnAlignmentTest[497]" classname="org.bitcoinj.utils.BtcFormatTest" time="0.0"/>
  <testcase name="factoryTest[497]" classname="org.bitcoinj.utils.BtcFormatTest" time="0.001"/>
  <testcase name="parse[497]" classname="org.bitcoinj.utils.BtcFormatTest" time="0.0"/>
  <testcase name="btcRounding[497]" classname="org.bitcoinj.utils.BtcFormatTest" time="0.002"/>
  <testcase name="negativeTest[497]" classname="org.bitcoinj.utils.BtcFormatTest" time="0.0">
    <skipped/>
  </testcase>
  <testcase name="millicoinScaleTest[497]" classname="org.bitcoinj.utils.BtcFormatTest" time="0.0"/>
  <testcase name="toStringTest[497]" classname="org.bitcoinj.utils.BtcFormatTest" time="0.0">
    <skipped/>
  </testcase>
  <testcase name="testGrouping[497]" classname="org.bitcoinj.utils.BtcFormatTest" time="0.0"/>
  <testcase name="symbolsCodesTest[497]" classname="org.bitcoinj.utils.BtcFormatTest" time="0.001"/>
  <testcase name="defaultLocaleTest[497]" classname="org.bitcoinj.utils.BtcFormatTest" time="0.0"/>
  <testcase name="parsePositionTest[497]" classname="org.bitcoinj.utils.BtcFormatTest" time="0.0"/>
  <testcase name="argumentTypeTest[497]" classname="org.bitcoinj.utils.BtcFormatTest" time="0.0">
    <skipped/>
  </testcase>
  <testcase name="characterIteratorTest[497]" classname="org.bitcoinj.utils.BtcFormatTest" time="0.001"/>
  <testcase name="repeatingPlaceTest[497]" classname="org.bitcoinj.utils.BtcFormatTest" time="0.0"/>
  <testcase name="currencyCodeTest[497]" classname="org.bitcoinj.utils.BtcFormatTest" time="0.0">
    <skipped/>
  </testcase>
  <testcase name="patternDecimalPlaces[497]" classname="org.bitcoinj.utils.BtcFormatTest" time="0.0"/>
  <testcase name="factoryArgumentsTest[498]" classname="org.bitcoinj.utils.BtcFormatTest" time="0.047"/>
  <testcase name="parseTest[498]" classname="org.bitcoinj.utils.BtcFormatTest" time="0.0">
    <skipped/>
  </testcase>
  <testcase name="microcoinScaleTest[498]" classname="org.bitcoinj.utils.BtcFormatTest" time="0.0"/>
  <testcase name="parseMetricTest[498]" classname="org.bitcoinj.utils.BtcFormatTest" time="0.001"/>
  <testcase name="coinScaleTest[498]" classname="org.bitcoinj.utils.BtcFormatTest" time="0.001"/>
  <testcase name="builderTest[498]" classname="org.bitcoinj.utils.BtcFormatTest" time="0.0">
    <skipped/>
  </testcase>
  <testcase name="attributeTest[498]" classname="org.bitcoinj.utils.BtcFormatTest" time="0.0">
    <skipped/>
  </testcase>
  <testcase name="prefixTest[498]" classname="org.bitcoinj.utils.BtcFormatTest" time="0.0"/>
  <testcase name="suffixTest[498]" classname="org.bitcoinj.utils.BtcFormatTest" time="0.0">
    <skipped/>
  </testcase>
  <testcase name="autoDecimalTest[498]" classname="org.bitcoinj.utils.BtcFormatTest" time="0.003"/>
  <testcase name="symbolCollisionTest[498]" classname="org.bitcoinj.utils.BtcFormatTest" time="0.006"/>
  <testcase name="equalityTest[498]" classname="org.bitcoinj.utils.BtcFormatTest" time="0.002"/>
  <testcase name="columnAlignmentTest[498]" classname="org.bitcoinj.utils.BtcFormatTest" time="0.0"/>
  <testcase name="factoryTest[498]" classname="org.bitcoinj.utils.BtcFormatTest" time="0.001"/>
  <testcase name="parse[498]" classname="org.bitcoinj.utils.BtcFormatTest" time="0.0"/>
  <testcase name="btcRounding[498]" classname="org.bitcoinj.utils.BtcFormatTest" time="0.002"/>
  <testcase name="negativeTest[498]" classname="org.bitcoinj.utils.BtcFormatTest" time="0.0">
    <skipped/>
  </testcase>
  <testcase name="millicoinScaleTest[498]" classname="org.bitcoinj.utils.BtcFormatTest" time="0.0"/>
  <testcase name="toStringTest[498]" classname="org.bitcoinj.utils.BtcFormatTest" time="0.0">
    <skipped/>
  </testcase>
  <testcase name="testGrouping[498]" classname="org.bitcoinj.utils.BtcFormatTest" time="0.0"/>
  <testcase name="symbolsCodesTest[498]" classname="org.bitcoinj.utils.BtcFormatTest" time="0.001"/>
  <testcase name="defaultLocaleTest[498]" classname="org.bitcoinj.utils.BtcFormatTest" time="0.0"/>
  <testcase name="parsePositionTest[498]" classname="org.bitcoinj.utils.BtcFormatTest" time="0.0"/>
  <testcase name="argumentTypeTest[498]" classname="org.bitcoinj.utils.BtcFormatTest" time="0.0">
    <skipped/>
  </testcase>
  <testcase name="characterIteratorTest[498]" classname="org.bitcoinj.utils.BtcFormatTest" time="0.0"/>
  <testcase name="repeatingPlaceTest[498]" classname="org.bitcoinj.utils.BtcFormatTest" time="0.0"/>
  <testcase name="currencyCodeTest[498]" classname="org.bitcoinj.utils.BtcFormatTest" time="0.0">
    <skipped/>
  </testcase>
  <testcase name="patternDecimalPlaces[498]" classname="org.bitcoinj.utils.BtcFormatTest" time="0.0"/>
  <testcase name="factoryArgumentsTest[499]" classname="org.bitcoinj.utils.BtcFormatTest" time="0.0"/>
  <testcase name="parseTest[499]" classname="org.bitcoinj.utils.BtcFormatTest" time="0.0">
    <skipped/>
  </testcase>
  <testcase name="microcoinScaleTest[499]" classname="org.bitcoinj.utils.BtcFormatTest" time="0.001"/>
  <testcase name="parseMetricTest[499]" classname="org.bitcoinj.utils.BtcFormatTest" time="0.0"/>
  <testcase name="coinScaleTest[499]" classname="org.bitcoinj.utils.BtcFormatTest" time="0.001"/>
  <testcase name="builderTest[499]" classname="org.bitcoinj.utils.BtcFormatTest" time="0.0">
    <skipped/>
  </testcase>
  <testcase name="attributeTest[499]" classname="org.bitcoinj.utils.BtcFormatTest" time="0.0">
    <skipped/>
  </testcase>
  <testcase name="prefixTest[499]" classname="org.bitcoinj.utils.BtcFormatTest" time="0.0"/>
  <testcase name="suffixTest[499]" classname="org.bitcoinj.utils.BtcFormatTest" time="0.0">
    <skipped/>
  </testcase>
  <testcase name="autoDecimalTest[499]" classname="org.bitcoinj.utils.BtcFormatTest" time="0.001"/>
  <testcase name="symbolCollisionTest[499]" classname="org.bitcoinj.utils.BtcFormatTest" time="0.001"/>
  <testcase name="equalityTest[499]" classname="org.bitcoinj.utils.BtcFormatTest" time="0.002"/>
  <testcase name="columnAlignmentTest[499]" classname="org.bitcoinj.utils.BtcFormatTest" time="0.0"/>
  <testcase name="factoryTest[499]" classname="org.bitcoinj.utils.BtcFormatTest" time="0.0"/>
  <testcase name="parse[499]" classname="org.bitcoinj.utils.BtcFormatTest" time="0.0"/>
  <testcase name="btcRounding[499]" classname="org.bitcoinj.utils.BtcFormatTest" time="0.001"/>
  <testcase name="negativeTest[499]" classname="org.bitcoinj.utils.BtcFormatTest" time="0.0">
    <skipped/>
  </testcase>
  <testcase name="millicoinScaleTest[499]" classname="org.bitcoinj.utils.BtcFormatTest" time="0.0"/>
  <testcase name="toStringTest[499]" classname="org.bitcoinj.utils.BtcFormatTest" time="0.0">
    <skipped/>
  </testcase>
  <testcase name="testGrouping[499]" classname="org.bitcoinj.utils.BtcFormatTest" time="0.001"/>
  <testcase name="symbolsCodesTest[499]" classname="org.bitcoinj.utils.BtcFormatTest" time="0.0"/>
  <testcase name="defaultLocaleTest[499]" classname="org.bitcoinj.utils.BtcFormatTest" time="0.001"/>
  <testcase name="parsePositionTest[499]" classname="org.bitcoinj.utils.BtcFormatTest" time="0.0"/>
  <testcase name="argumentTypeTest[499]" classname="org.bitcoinj.utils.BtcFormatTest" time="0.0">
    <skipped/>
  </testcase>
  <testcase name="characterIteratorTest[499]" classname="org.bitcoinj.utils.BtcFormatTest" time="0.001"/>
  <testcase name="repeatingPlaceTest[499]" classname="org.bitcoinj.utils.BtcFormatTest" time="0.0"/>
  <testcase name="currencyCodeTest[499]" classname="org.bitcoinj.utils.BtcFormatTest" time="0.0">
    <skipped/>
  </testcase>
  <testcase name="patternDecimalPlaces[499]" classname="org.bitcoinj.utils.BtcFormatTest" time="0.0"/>
  <testcase name="factoryArgumentsTest[500]" classname="org.bitcoinj.utils.BtcFormatTest" time="0.001"/>
  <testcase name="parseTest[500]" classname="org.bitcoinj.utils.BtcFormatTest" time="0.0">
    <skipped/>
  </testcase>
  <testcase name="microcoinScaleTest[500]" classname="org.bitcoinj.utils.BtcFormatTest" time="0.0"/>
  <testcase name="parseMetricTest[500]" classname="org.bitcoinj.utils.BtcFormatTest" time="0.001"/>
  <testcase name="coinScaleTest[500]" classname="org.bitcoinj.utils.BtcFormatTest" time="0.0"/>
  <testcase name="builderTest[500]" classname="org.bitcoinj.utils.BtcFormatTest" time="0.0">
    <skipped/>
  </testcase>
  <testcase name="attributeTest[500]" classname="org.bitcoinj.utils.BtcFormatTest" time="0.0">
    <skipped/>
  </testcase>
  <testcase name="prefixTest[500]" classname="org.bitcoinj.utils.BtcFormatTest" time="0.0"/>
  <testcase name="suffixTest[500]" classname="org.bitcoinj.utils.BtcFormatTest" time="0.0">
    <skipped/>
  </testcase>
  <testcase name="autoDecimalTest[500]" classname="org.bitcoinj.utils.BtcFormatTest" time="0.001"/>
  <testcase name="symbolCollisionTest[500]" classname="org.bitcoinj.utils.BtcFormatTest" time="0.001"/>
  <testcase name="equalityTest[500]" classname="org.bitcoinj.utils.BtcFormatTest" time="0.002"/>
  <testcase name="columnAlignmentTest[500]" classname="org.bitcoinj.utils.BtcFormatTest" time="0.0"/>
  <testcase name="factoryTest[500]" classname="org.bitcoinj.utils.BtcFormatTest" time="0.001"/>
  <testcase name="parse[500]" classname="org.bitcoinj.utils.BtcFormatTest" time="0.0"/>
  <testcase name="btcRounding[500]" classname="org.bitcoinj.utils.BtcFormatTest" time="0.001"/>
  <testcase name="negativeTest[500]" classname="org.bitcoinj.utils.BtcFormatTest" time="0.0">
    <skipped/>
  </testcase>
  <testcase name="millicoinScaleTest[500]" classname="org.bitcoinj.utils.BtcFormatTest" time="0.0"/>
  <testcase name="toStringTest[500]" classname="org.bitcoinj.utils.BtcFormatTest" time="0.0">
    <skipped/>
  </testcase>
  <testcase name="testGrouping[500]" classname="org.bitcoinj.utils.BtcFormatTest" time="0.0"/>
  <testcase name="symbolsCodesTest[500]" classname="org.bitcoinj.utils.BtcFormatTest" time="0.001"/>
  <testcase name="defaultLocaleTest[500]" classname="org.bitcoinj.utils.BtcFormatTest" time="0.0"/>
  <testcase name="parsePositionTest[500]" classname="org.bitcoinj.utils.BtcFormatTest" time="0.0"/>
  <testcase name="argumentTypeTest[500]" classname="org.bitcoinj.utils.BtcFormatTest" time="0.0">
    <skipped/>
  </testcase>
  <testcase name="characterIteratorTest[500]" classname="org.bitcoinj.utils.BtcFormatTest" time="0.0"/>
  <testcase name="repeatingPlaceTest[500]" classname="org.bitcoinj.utils.BtcFormatTest" time="0.001"/>
  <testcase name="currencyCodeTest[500]" classname="org.bitcoinj.utils.BtcFormatTest" time="0.0">
    <skipped/>
  </testcase>
  <testcase name="patternDecimalPlaces[500]" classname="org.bitcoinj.utils.BtcFormatTest" time="0.0"/>
  <testcase name="factoryArgumentsTest[501]" classname="org.bitcoinj.utils.BtcFormatTest" time="0.001"/>
  <testcase name="parseTest[501]" classname="org.bitcoinj.utils.BtcFormatTest" time="0.0">
    <skipped/>
  </testcase>
  <testcase name="microcoinScaleTest[501]" classname="org.bitcoinj.utils.BtcFormatTest" time="0.0"/>
  <testcase name="parseMetricTest[501]" classname="org.bitcoinj.utils.BtcFormatTest" time="0.002"/>
  <testcase name="coinScaleTest[501]" classname="org.bitcoinj.utils.BtcFormatTest" time="0.0"/>
  <testcase name="builderTest[501]" classname="org.bitcoinj.utils.BtcFormatTest" time="0.0">
    <skipped/>
  </testcase>
  <testcase name="attributeTest[501]" classname="org.bitcoinj.utils.BtcFormatTest" time="0.0">
    <skipped/>
  </testcase>
  <testcase name="prefixTest[501]" classname="org.bitcoinj.utils.BtcFormatTest" time="0.001"/>
  <testcase name="suffixTest[501]" classname="org.bitcoinj.utils.BtcFormatTest" time="0.0">
    <skipped/>
  </testcase>
  <testcase name="autoDecimalTest[501]" classname="org.bitcoinj.utils.BtcFormatTest" time="0.003"/>
  <testcase name="symbolCollisionTest[501]" classname="org.bitcoinj.utils.BtcFormatTest" time="0.003"/>
  <testcase name="equalityTest[501]" classname="org.bitcoinj.utils.BtcFormatTest" time="0.002"/>
  <testcase name="columnAlignmentTest[501]" classname="org.bitcoinj.utils.BtcFormatTest" time="0.001"/>
  <testcase name="factoryTest[501]" classname="org.bitcoinj.utils.BtcFormatTest" time="0.0"/>
  <testcase name="parse[501]" classname="org.bitcoinj.utils.BtcFormatTest" time="0.0"/>
  <testcase name="btcRounding[501]" classname="org.bitcoinj.utils.BtcFormatTest" time="0.001"/>
  <testcase name="negativeTest[501]" classname="org.bitcoinj.utils.BtcFormatTest" time="0.0">
    <skipped/>
  </testcase>
  <testcase name="millicoinScaleTest[501]" classname="org.bitcoinj.utils.BtcFormatTest" time="0.001"/>
  <testcase name="toStringTest[501]" classname="org.bitcoinj.utils.BtcFormatTest" time="0.0">
    <skipped/>
  </testcase>
  <testcase name="testGrouping[501]" classname="org.bitcoinj.utils.BtcFormatTest" time="0.0"/>
  <testcase name="symbolsCodesTest[501]" classname="org.bitcoinj.utils.BtcFormatTest" time="0.002"/>
  <testcase name="defaultLocaleTest[501]" classname="org.bitcoinj.utils.BtcFormatTest" time="0.0"/>
  <testcase name="parsePositionTest[501]" classname="org.bitcoinj.utils.BtcFormatTest" time="0.0"/>
  <testcase name="argumentTypeTest[501]" classname="org.bitcoinj.utils.BtcFormatTest" time="0.0">
    <skipped/>
  </testcase>
  <testcase name="characterIteratorTest[501]" classname="org.bitcoinj.utils.BtcFormatTest" time="0.001"/>
  <testcase name="repeatingPlaceTest[501]" classname="org.bitcoinj.utils.BtcFormatTest" time="0.0"/>
  <testcase name="currencyCodeTest[501]" classname="org.bitcoinj.utils.BtcFormatTest" time="0.0">
    <skipped/>
  </testcase>
  <testcase name="patternDecimalPlaces[501]" classname="org.bitcoinj.utils.BtcFormatTest" time="0.0"/>
  <testcase name="factoryArgumentsTest[502]" classname="org.bitcoinj.utils.BtcFormatTest" time="0.002"/>
  <testcase name="parseTest[502]" classname="org.bitcoinj.utils.BtcFormatTest" time="0.0">
    <skipped/>
  </testcase>
  <testcase name="microcoinScaleTest[502]" classname="org.bitcoinj.utils.BtcFormatTest" time="0.0"/>
  <testcase name="parseMetricTest[502]" classname="org.bitcoinj.utils.BtcFormatTest" time="0.002"/>
  <testcase name="coinScaleTest[502]" classname="org.bitcoinj.utils.BtcFormatTest" time="0.0"/>
  <testcase name="builderTest[502]" classname="org.bitcoinj.utils.BtcFormatTest" time="0.0">
    <skipped/>
  </testcase>
  <testcase name="attributeTest[502]" classname="org.bitcoinj.utils.BtcFormatTest" time="0.0">
    <skipped/>
  </testcase>
  <testcase name="prefixTest[502]" classname="org.bitcoinj.utils.BtcFormatTest" time="0.0"/>
  <testcase name="suffixTest[502]" classname="org.bitcoinj.utils.BtcFormatTest" time="0.0">
    <skipped/>
  </testcase>
  <testcase name="autoDecimalTest[502]" classname="org.bitcoinj.utils.BtcFormatTest" time="0.001"/>
  <testcase name="symbolCollisionTest[502]" classname="org.bitcoinj.utils.BtcFormatTest" time="0.002"/>
  <testcase name="equalityTest[502]" classname="org.bitcoinj.utils.BtcFormatTest" time="0.002"/>
  <testcase name="columnAlignmentTest[502]" classname="org.bitcoinj.utils.BtcFormatTest" time="0.0"/>
  <testcase name="factoryTest[502]" classname="org.bitcoinj.utils.BtcFormatTest" time="0.0"/>
  <testcase name="parse[502]" classname="org.bitcoinj.utils.BtcFormatTest" time="0.0"/>
  <testcase name="btcRounding[502]" classname="org.bitcoinj.utils.BtcFormatTest" time="0.001"/>
  <testcase name="negativeTest[502]" classname="org.bitcoinj.utils.BtcFormatTest" time="0.0">
    <skipped/>
  </testcase>
  <testcase name="millicoinScaleTest[502]" classname="org.bitcoinj.utils.BtcFormatTest" time="0.0"/>
  <testcase name="toStringTest[502]" classname="org.bitcoinj.utils.BtcFormatTest" time="0.0">
    <skipped/>
  </testcase>
  <testcase name="testGrouping[502]" classname="org.bitcoinj.utils.BtcFormatTest" time="0.0"/>
  <testcase name="symbolsCodesTest[502]" classname="org.bitcoinj.utils.BtcFormatTest" time="0.001"/>
  <testcase name="defaultLocaleTest[502]" classname="org.bitcoinj.utils.BtcFormatTest" time="0.0"/>
  <testcase name="parsePositionTest[502]" classname="org.bitcoinj.utils.BtcFormatTest" time="0.0"/>
  <testcase name="argumentTypeTest[502]" classname="org.bitcoinj.utils.BtcFormatTest" time="0.0">
    <skipped/>
  </testcase>
  <testcase name="characterIteratorTest[502]" classname="org.bitcoinj.utils.BtcFormatTest" time="0.002"/>
  <testcase name="repeatingPlaceTest[502]" classname="org.bitcoinj.utils.BtcFormatTest" time="0.0"/>
  <testcase name="currencyCodeTest[502]" classname="org.bitcoinj.utils.BtcFormatTest" time="0.0">
    <skipped/>
  </testcase>
  <testcase name="patternDecimalPlaces[502]" classname="org.bitcoinj.utils.BtcFormatTest" time="0.001"/>
  <testcase name="factoryArgumentsTest[503]" classname="org.bitcoinj.utils.BtcFormatTest" time="0.001"/>
  <testcase name="parseTest[503]" classname="org.bitcoinj.utils.BtcFormatTest" time="0.0">
    <skipped/>
  </testcase>
  <testcase name="microcoinScaleTest[503]" classname="org.bitcoinj.utils.BtcFormatTest" time="0.0"/>
  <testcase name="parseMetricTest[503]" classname="org.bitcoinj.utils.BtcFormatTest" time="0.001"/>
  <testcase name="coinScaleTest[503]" classname="org.bitcoinj.utils.BtcFormatTest" time="0.0"/>
  <testcase name="builderTest[503]" classname="org.bitcoinj.utils.BtcFormatTest" time="0.0">
    <skipped/>
  </testcase>
  <testcase name="attributeTest[503]" classname="org.bitcoinj.utils.BtcFormatTest" time="0.0">
    <skipped/>
  </testcase>
  <testcase name="prefixTest[503]" classname="org.bitcoinj.utils.BtcFormatTest" time="0.0"/>
  <testcase name="suffixTest[503]" classname="org.bitcoinj.utils.BtcFormatTest" time="0.0">
    <skipped/>
  </testcase>
  <testcase name="autoDecimalTest[503]" classname="org.bitcoinj.utils.BtcFormatTest" time="0.001"/>
  <testcase name="symbolCollisionTest[503]" classname="org.bitcoinj.utils.BtcFormatTest" time="0.002"/>
  <testcase name="equalityTest[503]" classname="org.bitcoinj.utils.BtcFormatTest" time="0.002"/>
  <testcase name="columnAlignmentTest[503]" classname="org.bitcoinj.utils.BtcFormatTest" time="0.0"/>
  <testcase name="factoryTest[503]" classname="org.bitcoinj.utils.BtcFormatTest" time="0.001"/>
  <testcase name="parse[503]" classname="org.bitcoinj.utils.BtcFormatTest" time="0.0"/>
  <testcase name="btcRounding[503]" classname="org.bitcoinj.utils.BtcFormatTest" time="0.005"/>
  <testcase name="negativeTest[503]" classname="org.bitcoinj.utils.BtcFormatTest" time="0.0">
    <skipped/>
  </testcase>
  <testcase name="millicoinScaleTest[503]" classname="org.bitcoinj.utils.BtcFormatTest" time="0.0"/>
  <testcase name="toStringTest[503]" classname="org.bitcoinj.utils.BtcFormatTest" time="0.0">
    <skipped/>
  </testcase>
  <testcase name="testGrouping[503]" classname="org.bitcoinj.utils.BtcFormatTest" time="0.0"/>
  <testcase name="symbolsCodesTest[503]" classname="org.bitcoinj.utils.BtcFormatTest" time="0.001"/>
  <testcase name="defaultLocaleTest[503]" classname="org.bitcoinj.utils.BtcFormatTest" time="0.001"/>
  <testcase name="parsePositionTest[503]" classname="org.bitcoinj.utils.BtcFormatTest" time="0.0"/>
  <testcase name="argumentTypeTest[503]" classname="org.bitcoinj.utils.BtcFormatTest" time="0.0">
    <skipped/>
  </testcase>
  <testcase name="characterIteratorTest[503]" classname="org.bitcoinj.utils.BtcFormatTest" time="0.001"/>
  <testcase name="repeatingPlaceTest[503]" classname="org.bitcoinj.utils.BtcFormatTest" time="0.0"/>
  <testcase name="currencyCodeTest[503]" classname="org.bitcoinj.utils.BtcFormatTest" time="0.0">
    <skipped/>
  </testcase>
  <testcase name="patternDecimalPlaces[503]" classname="org.bitcoinj.utils.BtcFormatTest" time="0.0"/>
  <testcase name="factoryArgumentsTest[504]" classname="org.bitcoinj.utils.BtcFormatTest" time="0.002"/>
  <testcase name="parseTest[504]" classname="org.bitcoinj.utils.BtcFormatTest" time="0.0">
    <skipped/>
  </testcase>
  <testcase name="microcoinScaleTest[504]" classname="org.bitcoinj.utils.BtcFormatTest" time="0.0"/>
  <testcase name="parseMetricTest[504]" classname="org.bitcoinj.utils.BtcFormatTest" time="0.002"/>
  <testcase name="coinScaleTest[504]" classname="org.bitcoinj.utils.BtcFormatTest" time="0.0"/>
  <testcase name="builderTest[504]" classname="org.bitcoinj.utils.BtcFormatTest" time="0.0">
    <skipped/>
  </testcase>
  <testcase name="attributeTest[504]" classname="org.bitcoinj.utils.BtcFormatTest" time="0.0">
    <skipped/>
  </testcase>
  <testcase name="prefixTest[504]" classname="org.bitcoinj.utils.BtcFormatTest" time="0.0"/>
  <testcase name="suffixTest[504]" classname="org.bitcoinj.utils.BtcFormatTest" time="0.0">
    <skipped/>
  </testcase>
  <testcase name="autoDecimalTest[504]" classname="org.bitcoinj.utils.BtcFormatTest" time="0.002"/>
  <testcase name="symbolCollisionTest[504]" classname="org.bitcoinj.utils.BtcFormatTest" time="0.003"/>
  <testcase name="equalityTest[504]" classname="org.bitcoinj.utils.BtcFormatTest" time="0.002"/>
  <testcase name="columnAlignmentTest[504]" classname="org.bitcoinj.utils.BtcFormatTest" time="0.0"/>
  <testcase name="factoryTest[504]" classname="org.bitcoinj.utils.BtcFormatTest" time="0.001"/>
  <testcase name="parse[504]" classname="org.bitcoinj.utils.BtcFormatTest" time="0.0"/>
  <testcase name="btcRounding[504]" classname="org.bitcoinj.utils.BtcFormatTest" time="0.001"/>
  <testcase name="negativeTest[504]" classname="org.bitcoinj.utils.BtcFormatTest" time="0.0">
    <skipped/>
  </testcase>
  <testcase name="millicoinScaleTest[504]" classname="org.bitcoinj.utils.BtcFormatTest" time="0.001"/>
  <testcase name="toStringTest[504]" classname="org.bitcoinj.utils.BtcFormatTest" time="0.0">
    <skipped/>
  </testcase>
  <testcase name="testGrouping[504]" classname="org.bitcoinj.utils.BtcFormatTest" time="0.0"/>
  <testcase name="symbolsCodesTest[504]" classname="org.bitcoinj.utils.BtcFormatTest" time="0.0"/>
  <testcase name="defaultLocaleTest[504]" classname="org.bitcoinj.utils.BtcFormatTest" time="0.001"/>
  <testcase name="parsePositionTest[504]" classname="org.bitcoinj.utils.BtcFormatTest" time="0.0"/>
  <testcase name="argumentTypeTest[504]" classname="org.bitcoinj.utils.BtcFormatTest" time="0.0">
    <skipped/>
  </testcase>
  <testcase name="characterIteratorTest[504]" classname="org.bitcoinj.utils.BtcFormatTest" time="0.001"/>
  <testcase name="repeatingPlaceTest[504]" classname="org.bitcoinj.utils.BtcFormatTest" time="0.0"/>
  <testcase name="currencyCodeTest[504]" classname="org.bitcoinj.utils.BtcFormatTest" time="0.0">
    <skipped/>
  </testcase>
  <testcase name="patternDecimalPlaces[504]" classname="org.bitcoinj.utils.BtcFormatTest" time="0.0"/>
  <testcase name="factoryArgumentsTest[505]" classname="org.bitcoinj.utils.BtcFormatTest" time="0.001"/>
  <testcase name="parseTest[505]" classname="org.bitcoinj.utils.BtcFormatTest" time="0.0">
    <skipped/>
  </testcase>
  <testcase name="microcoinScaleTest[505]" classname="org.bitcoinj.utils.BtcFormatTest" time="0.0"/>
  <testcase name="parseMetricTest[505]" classname="org.bitcoinj.utils.BtcFormatTest" time="0.001"/>
  <testcase name="coinScaleTest[505]" classname="org.bitcoinj.utils.BtcFormatTest" time="0.0"/>
  <testcase name="builderTest[505]" classname="org.bitcoinj.utils.BtcFormatTest" time="0.0">
    <skipped/>
  </testcase>
  <testcase name="attributeTest[505]" classname="org.bitcoinj.utils.BtcFormatTest" time="0.0">
    <skipped/>
  </testcase>
  <testcase name="prefixTest[505]" classname="org.bitcoinj.utils.BtcFormatTest" time="0.0"/>
  <testcase name="suffixTest[505]" classname="org.bitcoinj.utils.BtcFormatTest" time="0.0">
    <skipped/>
  </testcase>
  <testcase name="autoDecimalTest[505]" classname="org.bitcoinj.utils.BtcFormatTest" time="0.001"/>
  <testcase name="symbolCollisionTest[505]" classname="org.bitcoinj.utils.BtcFormatTest" time="0.002"/>
  <testcase name="equalityTest[505]" classname="org.bitcoinj.utils.BtcFormatTest" time="0.002"/>
  <testcase name="columnAlignmentTest[505]" classname="org.bitcoinj.utils.BtcFormatTest" time="0.0"/>
  <testcase name="factoryTest[505]" classname="org.bitcoinj.utils.BtcFormatTest" time="0.0"/>
  <testcase name="parse[505]" classname="org.bitcoinj.utils.BtcFormatTest" time="0.0"/>
  <testcase name="btcRounding[505]" classname="org.bitcoinj.utils.BtcFormatTest" time="0.002"/>
  <testcase name="negativeTest[505]" classname="org.bitcoinj.utils.BtcFormatTest" time="0.0">
    <skipped/>
  </testcase>
  <testcase name="millicoinScaleTest[505]" classname="org.bitcoinj.utils.BtcFormatTest" time="0.0"/>
  <testcase name="toStringTest[505]" classname="org.bitcoinj.utils.BtcFormatTest" time="0.0">
    <skipped/>
  </testcase>
  <testcase name="testGrouping[505]" classname="org.bitcoinj.utils.BtcFormatTest" time="0.0"/>
  <testcase name="symbolsCodesTest[505]" classname="org.bitcoinj.utils.BtcFormatTest" time="0.0"/>
  <testcase name="defaultLocaleTest[505]" classname="org.bitcoinj.utils.BtcFormatTest" time="0.001"/>
  <testcase name="parsePositionTest[505]" classname="org.bitcoinj.utils.BtcFormatTest" time="0.0"/>
  <testcase name="argumentTypeTest[505]" classname="org.bitcoinj.utils.BtcFormatTest" time="0.0">
    <skipped/>
  </testcase>
  <testcase name="characterIteratorTest[505]" classname="org.bitcoinj.utils.BtcFormatTest" time="0.0"/>
  <testcase name="repeatingPlaceTest[505]" classname="org.bitcoinj.utils.BtcFormatTest" time="0.0"/>
  <testcase name="currencyCodeTest[505]" classname="org.bitcoinj.utils.BtcFormatTest" time="0.0">
    <skipped/>
  </testcase>
  <testcase name="patternDecimalPlaces[505]" classname="org.bitcoinj.utils.BtcFormatTest" time="0.001"/>
  <testcase name="factoryArgumentsTest[506]" classname="org.bitcoinj.utils.BtcFormatTest" time="0.0"/>
  <testcase name="parseTest[506]" classname="org.bitcoinj.utils.BtcFormatTest" time="0.0">
    <skipped/>
  </testcase>
  <testcase name="microcoinScaleTest[506]" classname="org.bitcoinj.utils.BtcFormatTest" time="0.0"/>
  <testcase name="parseMetricTest[506]" classname="org.bitcoinj.utils.BtcFormatTest" time="0.002"/>
  <testcase name="coinScaleTest[506]" classname="org.bitcoinj.utils.BtcFormatTest" time="0.0"/>
  <testcase name="builderTest[506]" classname="org.bitcoinj.utils.BtcFormatTest" time="0.0">
    <skipped/>
  </testcase>
  <testcase name="attributeTest[506]" classname="org.bitcoinj.utils.BtcFormatTest" time="0.0">
    <skipped/>
  </testcase>
  <testcase name="prefixTest[506]" classname="org.bitcoinj.utils.BtcFormatTest" time="0.001"/>
  <testcase name="suffixTest[506]" classname="org.bitcoinj.utils.BtcFormatTest" time="0.0">
    <skipped/>
  </testcase>
  <testcase name="autoDecimalTest[506]" classname="org.bitcoinj.utils.BtcFormatTest" time="0.002"/>
  <testcase name="symbolCollisionTest[506]" classname="org.bitcoinj.utils.BtcFormatTest" time="0.003"/>
  <testcase name="equalityTest[506]" classname="org.bitcoinj.utils.BtcFormatTest" time="0.002"/>
  <testcase name="columnAlignmentTest[506]" classname="org.bitcoinj.utils.BtcFormatTest" time="0.0"/>
  <testcase name="factoryTest[506]" classname="org.bitcoinj.utils.BtcFormatTest" time="0.001"/>
  <testcase name="parse[506]" classname="org.bitcoinj.utils.BtcFormatTest" time="0.0"/>
  <testcase name="btcRounding[506]" classname="org.bitcoinj.utils.BtcFormatTest" time="0.001"/>
  <testcase name="negativeTest[506]" classname="org.bitcoinj.utils.BtcFormatTest" time="0.0">
    <skipped/>
  </testcase>
  <testcase name="millicoinScaleTest[506]" classname="org.bitcoinj.utils.BtcFormatTest" time="0.0"/>
  <testcase name="toStringTest[506]" classname="org.bitcoinj.utils.BtcFormatTest" time="0.0">
    <skipped/>
  </testcase>
  <testcase name="testGrouping[506]" classname="org.bitcoinj.utils.BtcFormatTest" time="0.001"/>
  <testcase name="symbolsCodesTest[506]" classname="org.bitcoinj.utils.BtcFormatTest" time="0.001"/>
  <testcase name="defaultLocaleTest[506]" classname="org.bitcoinj.utils.BtcFormatTest" time="0.0"/>
  <testcase name="parsePositionTest[506]" classname="org.bitcoinj.utils.BtcFormatTest" time="0.0"/>
  <testcase name="argumentTypeTest[506]" classname="org.bitcoinj.utils.BtcFormatTest" time="0.0">
    <skipped/>
  </testcase>
  <testcase name="characterIteratorTest[506]" classname="org.bitcoinj.utils.BtcFormatTest" time="0.001"/>
  <testcase name="repeatingPlaceTest[506]" classname="org.bitcoinj.utils.BtcFormatTest" time="0.0"/>
  <testcase name="currencyCodeTest[506]" classname="org.bitcoinj.utils.BtcFormatTest" time="0.0">
    <skipped/>
  </testcase>
  <testcase name="patternDecimalPlaces[506]" classname="org.bitcoinj.utils.BtcFormatTest" time="0.0"/>
  <testcase name="factoryArgumentsTest[507]" classname="org.bitcoinj.utils.BtcFormatTest" time="0.001"/>
  <testcase name="parseTest[507]" classname="org.bitcoinj.utils.BtcFormatTest" time="0.0">
    <skipped/>
  </testcase>
  <testcase name="microcoinScaleTest[507]" classname="org.bitcoinj.utils.BtcFormatTest" time="0.0"/>
  <testcase name="parseMetricTest[507]" classname="org.bitcoinj.utils.BtcFormatTest" time="0.001"/>
  <testcase name="coinScaleTest[507]" classname="org.bitcoinj.utils.BtcFormatTest" time="0.0"/>
  <testcase name="builderTest[507]" classname="org.bitcoinj.utils.BtcFormatTest" time="0.0">
    <skipped/>
  </testcase>
  <testcase name="attributeTest[507]" classname="org.bitcoinj.utils.BtcFormatTest" time="0.0">
    <skipped/>
  </testcase>
  <testcase name="prefixTest[507]" classname="org.bitcoinj.utils.BtcFormatTest" time="0.001"/>
  <testcase name="suffixTest[507]" classname="org.bitcoinj.utils.BtcFormatTest" time="0.0">
    <skipped/>
  </testcase>
  <testcase name="autoDecimalTest[507]" classname="org.bitcoinj.utils.BtcFormatTest" time="0.001"/>
  <testcase name="symbolCollisionTest[507]" classname="org.bitcoinj.utils.BtcFormatTest" time="0.002"/>
  <testcase name="equalityTest[507]" classname="org.bitcoinj.utils.BtcFormatTest" time="0.002"/>
  <testcase name="columnAlignmentTest[507]" classname="org.bitcoinj.utils.BtcFormatTest" time="0.001"/>
  <testcase name="factoryTest[507]" classname="org.bitcoinj.utils.BtcFormatTest" time="0.0"/>
  <testcase name="parse[507]" classname="org.bitcoinj.utils.BtcFormatTest" time="0.0"/>
  <testcase name="btcRounding[507]" classname="org.bitcoinj.utils.BtcFormatTest" time="0.002"/>
  <testcase name="negativeTest[507]" classname="org.bitcoinj.utils.BtcFormatTest" time="0.0">
    <skipped/>
  </testcase>
  <testcase name="millicoinScaleTest[507]" classname="org.bitcoinj.utils.BtcFormatTest" time="0.0"/>
  <testcase name="toStringTest[507]" classname="org.bitcoinj.utils.BtcFormatTest" time="0.0">
    <skipped/>
  </testcase>
  <testcase name="testGrouping[507]" classname="org.bitcoinj.utils.BtcFormatTest" time="0.0"/>
  <testcase name="symbolsCodesTest[507]" classname="org.bitcoinj.utils.BtcFormatTest" time="0.001"/>
  <testcase name="defaultLocaleTest[507]" classname="org.bitcoinj.utils.BtcFormatTest" time="0.0"/>
  <testcase name="parsePositionTest[507]" classname="org.bitcoinj.utils.BtcFormatTest" time="0.0"/>
  <testcase name="argumentTypeTest[507]" classname="org.bitcoinj.utils.BtcFormatTest" time="0.0">
    <skipped/>
  </testcase>
  <testcase name="characterIteratorTest[507]" classname="org.bitcoinj.utils.BtcFormatTest" time="0.001"/>
  <testcase name="repeatingPlaceTest[507]" classname="org.bitcoinj.utils.BtcFormatTest" time="0.0"/>
  <testcase name="currencyCodeTest[507]" classname="org.bitcoinj.utils.BtcFormatTest" time="0.0">
    <skipped/>
  </testcase>
  <testcase name="patternDecimalPlaces[507]" classname="org.bitcoinj.utils.BtcFormatTest" time="0.0"/>
  <testcase name="factoryArgumentsTest[508]" classname="org.bitcoinj.utils.BtcFormatTest" time="0.001"/>
  <testcase name="parseTest[508]" classname="org.bitcoinj.utils.BtcFormatTest" time="0.0">
    <skipped/>
  </testcase>
  <testcase name="microcoinScaleTest[508]" classname="org.bitcoinj.utils.BtcFormatTest" time="0.001"/>
  <testcase name="parseMetricTest[508]" classname="org.bitcoinj.utils.BtcFormatTest" time="0.001"/>
  <testcase name="coinScaleTest[508]" classname="org.bitcoinj.utils.BtcFormatTest" time="0.0"/>
  <testcase name="builderTest[508]" classname="org.bitcoinj.utils.BtcFormatTest" time="0.0">
    <skipped/>
  </testcase>
  <testcase name="attributeTest[508]" classname="org.bitcoinj.utils.BtcFormatTest" time="0.0">
    <skipped/>
  </testcase>
  <testcase name="prefixTest[508]" classname="org.bitcoinj.utils.BtcFormatTest" time="0.0"/>
  <testcase name="suffixTest[508]" classname="org.bitcoinj.utils.BtcFormatTest" time="0.0">
    <skipped/>
  </testcase>
  <testcase name="autoDecimalTest[508]" classname="org.bitcoinj.utils.BtcFormatTest" time="0.001"/>
  <testcase name="symbolCollisionTest[508]" classname="org.bitcoinj.utils.BtcFormatTest" time="0.002"/>
  <testcase name="equalityTest[508]" classname="org.bitcoinj.utils.BtcFormatTest" time="0.001"/>
  <testcase name="columnAlignmentTest[508]" classname="org.bitcoinj.utils.BtcFormatTest" time="0.0"/>
  <testcase name="factoryTest[508]" classname="org.bitcoinj.utils.BtcFormatTest" time="0.0"/>
  <testcase name="parse[508]" classname="org.bitcoinj.utils.BtcFormatTest" time="0.0"/>
  <testcase name="btcRounding[508]" classname="org.bitcoinj.utils.BtcFormatTest" time="0.001"/>
  <testcase name="negativeTest[508]" classname="org.bitcoinj.utils.BtcFormatTest" time="0.0">
    <skipped/>
  </testcase>
  <testcase name="millicoinScaleTest[508]" classname="org.bitcoinj.utils.BtcFormatTest" time="0.0"/>
  <testcase name="toStringTest[508]" classname="org.bitcoinj.utils.BtcFormatTest" time="0.0">
    <skipped/>
  </testcase>
  <testcase name="testGrouping[508]" classname="org.bitcoinj.utils.BtcFormatTest" time="0.0"/>
  <testcase name="symbolsCodesTest[508]" classname="org.bitcoinj.utils.BtcFormatTest" time="0.001"/>
  <testcase name="defaultLocaleTest[508]" classname="org.bitcoinj.utils.BtcFormatTest" time="0.0"/>
  <testcase name="parsePositionTest[508]" classname="org.bitcoinj.utils.BtcFormatTest" time="0.0"/>
  <testcase name="argumentTypeTest[508]" classname="org.bitcoinj.utils.BtcFormatTest" time="0.0">
    <skipped/>
  </testcase>
  <testcase name="characterIteratorTest[508]" classname="org.bitcoinj.utils.BtcFormatTest" time="0.001"/>
  <testcase name="repeatingPlaceTest[508]" classname="org.bitcoinj.utils.BtcFormatTest" time="0.0"/>
  <testcase name="currencyCodeTest[508]" classname="org.bitcoinj.utils.BtcFormatTest" time="0.0">
    <skipped/>
  </testcase>
  <testcase name="patternDecimalPlaces[508]" classname="org.bitcoinj.utils.BtcFormatTest" time="0.0"/>
  <testcase name="factoryArgumentsTest[509]" classname="org.bitcoinj.utils.BtcFormatTest" time="0.001"/>
  <testcase name="parseTest[509]" classname="org.bitcoinj.utils.BtcFormatTest" time="0.0">
    <skipped/>
  </testcase>
  <testcase name="microcoinScaleTest[509]" classname="org.bitcoinj.utils.BtcFormatTest" time="0.0"/>
  <testcase name="parseMetricTest[509]" classname="org.bitcoinj.utils.BtcFormatTest" time="0.001"/>
  <testcase name="coinScaleTest[509]" classname="org.bitcoinj.utils.BtcFormatTest" time="0.0"/>
  <testcase name="builderTest[509]" classname="org.bitcoinj.utils.BtcFormatTest" time="0.0">
    <skipped/>
  </testcase>
  <testcase name="attributeTest[509]" classname="org.bitcoinj.utils.BtcFormatTest" time="0.0">
    <skipped/>
  </testcase>
  <testcase name="prefixTest[509]" classname="org.bitcoinj.utils.BtcFormatTest" time="0.001"/>
  <testcase name="suffixTest[509]" classname="org.bitcoinj.utils.BtcFormatTest" time="0.0">
    <skipped/>
  </testcase>
  <testcase name="autoDecimalTest[509]" classname="org.bitcoinj.utils.BtcFormatTest" time="0.001"/>
  <testcase name="symbolCollisionTest[509]" classname="org.bitcoinj.utils.BtcFormatTest" time="0.002"/>
  <testcase name="equalityTest[509]" classname="org.bitcoinj.utils.BtcFormatTest" time="0.001"/>
  <testcase name="columnAlignmentTest[509]" classname="org.bitcoinj.utils.BtcFormatTest" time="0.001"/>
  <testcase name="factoryTest[509]" classname="org.bitcoinj.utils.BtcFormatTest" time="0.0"/>
  <testcase name="parse[509]" classname="org.bitcoinj.utils.BtcFormatTest" time="0.0"/>
  <testcase name="btcRounding[509]" classname="org.bitcoinj.utils.BtcFormatTest" time="0.001"/>
  <testcase name="negativeTest[509]" classname="org.bitcoinj.utils.BtcFormatTest" time="0.0">
    <skipped/>
  </testcase>
  <testcase name="millicoinScaleTest[509]" classname="org.bitcoinj.utils.BtcFormatTest" time="0.0"/>
  <testcase name="toStringTest[509]" classname="org.bitcoinj.utils.BtcFormatTest" time="0.0">
    <skipped/>
  </testcase>
  <testcase name="testGrouping[509]" classname="org.bitcoinj.utils.BtcFormatTest" time="0.0"/>
  <testcase name="symbolsCodesTest[509]" classname="org.bitcoinj.utils.BtcFormatTest" time="0.001"/>
  <testcase name="defaultLocaleTest[509]" classname="org.bitcoinj.utils.BtcFormatTest" time="0.0"/>
  <testcase name="parsePositionTest[509]" classname="org.bitcoinj.utils.BtcFormatTest" time="0.0"/>
  <testcase name="argumentTypeTest[509]" classname="org.bitcoinj.utils.BtcFormatTest" time="0.0">
    <skipped/>
  </testcase>
  <testcase name="characterIteratorTest[509]" classname="org.bitcoinj.utils.BtcFormatTest" time="0.001"/>
  <testcase name="repeatingPlaceTest[509]" classname="org.bitcoinj.utils.BtcFormatTest" time="0.0"/>
  <testcase name="currencyCodeTest[509]" classname="org.bitcoinj.utils.BtcFormatTest" time="0.001">
    <skipped/>
  </testcase>
  <testcase name="patternDecimalPlaces[509]" classname="org.bitcoinj.utils.BtcFormatTest" time="0.0"/>
  <testcase name="factoryArgumentsTest[510]" classname="org.bitcoinj.utils.BtcFormatTest" time="0.001"/>
  <testcase name="parseTest[510]" classname="org.bitcoinj.utils.BtcFormatTest" time="0.0">
    <skipped/>
  </testcase>
  <testcase name="microcoinScaleTest[510]" classname="org.bitcoinj.utils.BtcFormatTest" time="0.0"/>
  <testcase name="parseMetricTest[510]" classname="org.bitcoinj.utils.BtcFormatTest" time="0.001"/>
  <testcase name="coinScaleTest[510]" classname="org.bitcoinj.utils.BtcFormatTest" time="0.0"/>
  <testcase name="builderTest[510]" classname="org.bitcoinj.utils.BtcFormatTest" time="0.0">
    <skipped/>
  </testcase>
  <testcase name="attributeTest[510]" classname="org.bitcoinj.utils.BtcFormatTest" time="0.0">
    <skipped/>
  </testcase>
  <testcase name="prefixTest[510]" classname="org.bitcoinj.utils.BtcFormatTest" time="0.001"/>
  <testcase name="suffixTest[510]" classname="org.bitcoinj.utils.BtcFormatTest" time="0.0">
    <skipped/>
  </testcase>
  <testcase name="autoDecimalTest[510]" classname="org.bitcoinj.utils.BtcFormatTest" time="0.0"/>
  <testcase name="symbolCollisionTest[510]" classname="org.bitcoinj.utils.BtcFormatTest" time="0.002"/>
  <testcase name="equalityTest[510]" classname="org.bitcoinj.utils.BtcFormatTest" time="0.001"/>
  <testcase name="columnAlignmentTest[510]" classname="org.bitcoinj.utils.BtcFormatTest" time="0.0"/>
  <testcase name="factoryTest[510]" classname="org.bitcoinj.utils.BtcFormatTest" time="0.001"/>
  <testcase name="parse[510]" classname="org.bitcoinj.utils.BtcFormatTest" time="0.0"/>
  <testcase name="btcRounding[510]" classname="org.bitcoinj.utils.BtcFormatTest" time="0.001"/>
  <testcase name="negativeTest[510]" classname="org.bitcoinj.utils.BtcFormatTest" time="0.0">
    <skipped/>
  </testcase>
  <testcase name="millicoinScaleTest[510]" classname="org.bitcoinj.utils.BtcFormatTest" time="0.0"/>
  <testcase name="toStringTest[510]" classname="org.bitcoinj.utils.BtcFormatTest" time="0.0">
    <skipped/>
  </testcase>
  <testcase name="testGrouping[510]" classname="org.bitcoinj.utils.BtcFormatTest" time="0.0"/>
  <testcase name="symbolsCodesTest[510]" classname="org.bitcoinj.utils.BtcFormatTest" time="0.001"/>
  <testcase name="defaultLocaleTest[510]" classname="org.bitcoinj.utils.BtcFormatTest" time="0.0"/>
  <testcase name="parsePositionTest[510]" classname="org.bitcoinj.utils.BtcFormatTest" time="0.0"/>
  <testcase name="argumentTypeTest[510]" classname="org.bitcoinj.utils.BtcFormatTest" time="0.0">
    <skipped/>
  </testcase>
  <testcase name="characterIteratorTest[510]" classname="org.bitcoinj.utils.BtcFormatTest" time="0.0"/>
  <testcase name="repeatingPlaceTest[510]" classname="org.bitcoinj.utils.BtcFormatTest" time="0.001"/>
  <testcase name="currencyCodeTest[510]" classname="org.bitcoinj.utils.BtcFormatTest" time="0.0">
    <skipped/>
  </testcase>
  <testcase name="patternDecimalPlaces[510]" classname="org.bitcoinj.utils.BtcFormatTest" time="0.0"/>
  <testcase name="factoryArgumentsTest[511]" classname="org.bitcoinj.utils.BtcFormatTest" time="0.001"/>
  <testcase name="parseTest[511]" classname="org.bitcoinj.utils.BtcFormatTest" time="0.0">
    <skipped/>
  </testcase>
  <testcase name="microcoinScaleTest[511]" classname="org.bitcoinj.utils.BtcFormatTest" time="0.0"/>
  <testcase name="parseMetricTest[511]" classname="org.bitcoinj.utils.BtcFormatTest" time="0.001"/>
  <testcase name="coinScaleTest[511]" classname="org.bitcoinj.utils.BtcFormatTest" time="0.0"/>
  <testcase name="builderTest[511]" classname="org.bitcoinj.utils.BtcFormatTest" time="0.0">
    <skipped/>
  </testcase>
  <testcase name="attributeTest[511]" classname="org.bitcoinj.utils.BtcFormatTest" time="0.0">
    <skipped/>
  </testcase>
  <testcase name="prefixTest[511]" classname="org.bitcoinj.utils.BtcFormatTest" time="0.001"/>
  <testcase name="suffixTest[511]" classname="org.bitcoinj.utils.BtcFormatTest" time="0.0">
    <skipped/>
  </testcase>
  <testcase name="autoDecimalTest[511]" classname="org.bitcoinj.utils.BtcFormatTest" time="0.001"/>
  <testcase name="symbolCollisionTest[511]" classname="org.bitcoinj.utils.BtcFormatTest" time="0.003"/>
  <testcase name="equalityTest[511]" classname="org.bitcoinj.utils.BtcFormatTest" time="0.002"/>
  <testcase name="columnAlignmentTest[511]" classname="org.bitcoinj.utils.BtcFormatTest" time="0.0"/>
  <testcase name="factoryTest[511]" classname="org.bitcoinj.utils.BtcFormatTest" time="0.0"/>
  <testcase name="parse[511]" classname="org.bitcoinj.utils.BtcFormatTest" time="0.0"/>
  <testcase name="btcRounding[511]" classname="org.bitcoinj.utils.BtcFormatTest" time="0.002"/>
  <testcase name="negativeTest[511]" classname="org.bitcoinj.utils.BtcFormatTest" time="0.0">
    <skipped/>
  </testcase>
  <testcase name="millicoinScaleTest[511]" classname="org.bitcoinj.utils.BtcFormatTest" time="0.0"/>
  <testcase name="toStringTest[511]" classname="org.bitcoinj.utils.BtcFormatTest" time="0.0">
    <skipped/>
  </testcase>
  <testcase name="testGrouping[511]" classname="org.bitcoinj.utils.BtcFormatTest" time="0.001"/>
  <testcase name="symbolsCodesTest[511]" classname="org.bitcoinj.utils.BtcFormatTest" time="0.001"/>
  <testcase name="defaultLocaleTest[511]" classname="org.bitcoinj.utils.BtcFormatTest" time="0.0"/>
  <testcase name="parsePositionTest[511]" classname="org.bitcoinj.utils.BtcFormatTest" time="0.0"/>
  <testcase name="argumentTypeTest[511]" classname="org.bitcoinj.utils.BtcFormatTest" time="0.0">
    <skipped/>
  </testcase>
  <testcase name="characterIteratorTest[511]" classname="org.bitcoinj.utils.BtcFormatTest" time="0.001"/>
  <testcase name="repeatingPlaceTest[511]" classname="org.bitcoinj.utils.BtcFormatTest" time="0.0"/>
  <testcase name="currencyCodeTest[511]" classname="org.bitcoinj.utils.BtcFormatTest" time="0.0">
    <skipped/>
  </testcase>
  <testcase name="patternDecimalPlaces[511]" classname="org.bitcoinj.utils.BtcFormatTest" time="0.0"/>
  <testcase name="factoryArgumentsTest[512]" classname="org.bitcoinj.utils.BtcFormatTest" time="0.002"/>
  <testcase name="parseTest[512]" classname="org.bitcoinj.utils.BtcFormatTest" time="0.0">
    <skipped/>
  </testcase>
  <testcase name="microcoinScaleTest[512]" classname="org.bitcoinj.utils.BtcFormatTest" time="0.0"/>
  <testcase name="parseMetricTest[512]" classname="org.bitcoinj.utils.BtcFormatTest" time="0.002"/>
  <testcase name="coinScaleTest[512]" classname="org.bitcoinj.utils.BtcFormatTest" time="0.0"/>
  <testcase name="builderTest[512]" classname="org.bitcoinj.utils.BtcFormatTest" time="0.0">
    <skipped/>
  </testcase>
  <testcase name="attributeTest[512]" classname="org.bitcoinj.utils.BtcFormatTest" time="0.0">
    <skipped/>
  </testcase>
  <testcase name="prefixTest[512]" classname="org.bitcoinj.utils.BtcFormatTest" time="0.001"/>
  <testcase name="suffixTest[512]" classname="org.bitcoinj.utils.BtcFormatTest" time="0.0">
    <skipped/>
  </testcase>
  <testcase name="autoDecimalTest[512]" classname="org.bitcoinj.utils.BtcFormatTest" time="0.0"/>
  <testcase name="symbolCollisionTest[512]" classname="org.bitcoinj.utils.BtcFormatTest" time="0.002"/>
  <testcase name="equalityTest[512]" classname="org.bitcoinj.utils.BtcFormatTest" time="0.002"/>
  <testcase name="columnAlignmentTest[512]" classname="org.bitcoinj.utils.BtcFormatTest" time="0.0"/>
  <testcase name="factoryTest[512]" classname="org.bitcoinj.utils.BtcFormatTest" time="0.001"/>
  <testcase name="parse[512]" classname="org.bitcoinj.utils.BtcFormatTest" time="0.0"/>
  <testcase name="btcRounding[512]" classname="org.bitcoinj.utils.BtcFormatTest" time="0.001"/>
  <testcase name="negativeTest[512]" classname="org.bitcoinj.utils.BtcFormatTest" time="0.0">
    <skipped/>
  </testcase>
  <testcase name="millicoinScaleTest[512]" classname="org.bitcoinj.utils.BtcFormatTest" time="0.0"/>
  <testcase name="toStringTest[512]" classname="org.bitcoinj.utils.BtcFormatTest" time="0.0">
    <skipped/>
  </testcase>
  <testcase name="testGrouping[512]" classname="org.bitcoinj.utils.BtcFormatTest" time="0.001"/>
  <testcase name="symbolsCodesTest[512]" classname="org.bitcoinj.utils.BtcFormatTest" time="0.0"/>
  <testcase name="defaultLocaleTest[512]" classname="org.bitcoinj.utils.BtcFormatTest" time="0.0"/>
  <testcase name="parsePositionTest[512]" classname="org.bitcoinj.utils.BtcFormatTest" time="0.0"/>
  <testcase name="argumentTypeTest[512]" classname="org.bitcoinj.utils.BtcFormatTest" time="0.0">
    <skipped/>
  </testcase>
  <testcase name="characterIteratorTest[512]" classname="org.bitcoinj.utils.BtcFormatTest" time="0.0"/>
  <testcase name="repeatingPlaceTest[512]" classname="org.bitcoinj.utils.BtcFormatTest" time="0.0"/>
  <testcase name="currencyCodeTest[512]" classname="org.bitcoinj.utils.BtcFormatTest" time="0.0">
    <skipped/>
  </testcase>
  <testcase name="patternDecimalPlaces[512]" classname="org.bitcoinj.utils.BtcFormatTest" time="0.0"/>
  <testcase name="factoryArgumentsTest[513]" classname="org.bitcoinj.utils.BtcFormatTest" time="0.001"/>
  <testcase name="parseTest[513]" classname="org.bitcoinj.utils.BtcFormatTest" time="0.0">
    <skipped/>
  </testcase>
  <testcase name="microcoinScaleTest[513]" classname="org.bitcoinj.utils.BtcFormatTest" time="0.0"/>
  <testcase name="parseMetricTest[513]" classname="org.bitcoinj.utils.BtcFormatTest" time="0.003"/>
  <testcase name="coinScaleTest[513]" classname="org.bitcoinj.utils.BtcFormatTest" time="0.001"/>
  <testcase name="builderTest[513]" classname="org.bitcoinj.utils.BtcFormatTest" time="0.0">
    <skipped/>
  </testcase>
  <testcase name="attributeTest[513]" classname="org.bitcoinj.utils.BtcFormatTest" time="0.0">
    <skipped/>
  </testcase>
  <testcase name="prefixTest[513]" classname="org.bitcoinj.utils.BtcFormatTest" time="0.0"/>
  <testcase name="suffixTest[513]" classname="org.bitcoinj.utils.BtcFormatTest" time="0.0">
    <skipped/>
  </testcase>
  <testcase name="autoDecimalTest[513]" classname="org.bitcoinj.utils.BtcFormatTest" time="0.011"/>
  <testcase name="symbolCollisionTest[513]" classname="org.bitcoinj.utils.BtcFormatTest" time="0.022"/>
  <testcase name="equalityTest[513]" classname="org.bitcoinj.utils.BtcFormatTest" time="0.02"/>
  <testcase name="columnAlignmentTest[513]" classname="org.bitcoinj.utils.BtcFormatTest" time="0.0"/>
  <testcase name="factoryTest[513]" classname="org.bitcoinj.utils.BtcFormatTest" time="0.001"/>
  <testcase name="parse[513]" classname="org.bitcoinj.utils.BtcFormatTest" time="0.0"/>
  <testcase name="btcRounding[513]" classname="org.bitcoinj.utils.BtcFormatTest" time="0.003"/>
  <testcase name="negativeTest[513]" classname="org.bitcoinj.utils.BtcFormatTest" time="0.0">
    <skipped/>
  </testcase>
  <testcase name="millicoinScaleTest[513]" classname="org.bitcoinj.utils.BtcFormatTest" time="0.0"/>
  <testcase name="toStringTest[513]" classname="org.bitcoinj.utils.BtcFormatTest" time="0.0">
    <skipped/>
  </testcase>
  <testcase name="testGrouping[513]" classname="org.bitcoinj.utils.BtcFormatTest" time="0.0"/>
  <testcase name="symbolsCodesTest[513]" classname="org.bitcoinj.utils.BtcFormatTest" time="0.001"/>
  <testcase name="defaultLocaleTest[513]" classname="org.bitcoinj.utils.BtcFormatTest" time="0.0"/>
  <testcase name="parsePositionTest[513]" classname="org.bitcoinj.utils.BtcFormatTest" time="0.0"/>
  <testcase name="argumentTypeTest[513]" classname="org.bitcoinj.utils.BtcFormatTest" time="0.0">
    <skipped/>
  </testcase>
  <testcase name="characterIteratorTest[513]" classname="org.bitcoinj.utils.BtcFormatTest" time="0.0"/>
  <testcase name="repeatingPlaceTest[513]" classname="org.bitcoinj.utils.BtcFormatTest" time="0.001"/>
  <testcase name="currencyCodeTest[513]" classname="org.bitcoinj.utils.BtcFormatTest" time="0.0">
    <skipped/>
  </testcase>
  <testcase name="patternDecimalPlaces[513]" classname="org.bitcoinj.utils.BtcFormatTest" time="0.0"/>
  <testcase name="factoryArgumentsTest[514]" classname="org.bitcoinj.utils.BtcFormatTest" time="0.004"/>
  <testcase name="parseTest[514]" classname="org.bitcoinj.utils.BtcFormatTest" time="0.001">
    <skipped/>
  </testcase>
  <testcase name="microcoinScaleTest[514]" classname="org.bitcoinj.utils.BtcFormatTest" time="0.001"/>
  <testcase name="parseMetricTest[514]" classname="org.bitcoinj.utils.BtcFormatTest" time="0.008"/>
  <testcase name="coinScaleTest[514]" classname="org.bitcoinj.utils.BtcFormatTest" time="0.0"/>
  <testcase name="builderTest[514]" classname="org.bitcoinj.utils.BtcFormatTest" time="0.0">
    <skipped/>
  </testcase>
  <testcase name="attributeTest[514]" classname="org.bitcoinj.utils.BtcFormatTest" time="0.0">
    <skipped/>
  </testcase>
  <testcase name="prefixTest[514]" classname="org.bitcoinj.utils.BtcFormatTest" time="0.0"/>
  <testcase name="suffixTest[514]" classname="org.bitcoinj.utils.BtcFormatTest" time="0.0">
    <skipped/>
  </testcase>
  <testcase name="autoDecimalTest[514]" classname="org.bitcoinj.utils.BtcFormatTest" time="0.001"/>
  <testcase name="symbolCollisionTest[514]" classname="org.bitcoinj.utils.BtcFormatTest" time="0.003"/>
  <testcase name="equalityTest[514]" classname="org.bitcoinj.utils.BtcFormatTest" time="0.002"/>
  <testcase name="columnAlignmentTest[514]" classname="org.bitcoinj.utils.BtcFormatTest" time="0.0"/>
  <testcase name="factoryTest[514]" classname="org.bitcoinj.utils.BtcFormatTest" time="0.0"/>
  <testcase name="parse[514]" classname="org.bitcoinj.utils.BtcFormatTest" time="0.0"/>
  <testcase name="btcRounding[514]" classname="org.bitcoinj.utils.BtcFormatTest" time="0.013"/>
  <testcase name="negativeTest[514]" classname="org.bitcoinj.utils.BtcFormatTest" time="0.0">
    <skipped/>
  </testcase>
  <testcase name="millicoinScaleTest[514]" classname="org.bitcoinj.utils.BtcFormatTest" time="0.0"/>
  <testcase name="toStringTest[514]" classname="org.bitcoinj.utils.BtcFormatTest" time="0.0">
    <skipped/>
  </testcase>
  <testcase name="testGrouping[514]" classname="org.bitcoinj.utils.BtcFormatTest" time="0.001"/>
  <testcase name="symbolsCodesTest[514]" classname="org.bitcoinj.utils.BtcFormatTest" time="0.001"/>
  <testcase name="defaultLocaleTest[514]" classname="org.bitcoinj.utils.BtcFormatTest" time="0.001"/>
  <testcase name="parsePositionTest[514]" classname="org.bitcoinj.utils.BtcFormatTest" time="0.001"/>
  <testcase name="argumentTypeTest[514]" classname="org.bitcoinj.utils.BtcFormatTest" time="0.0">
    <skipped/>
  </testcase>
  <testcase name="characterIteratorTest[514]" classname="org.bitcoinj.utils.BtcFormatTest" time="0.001"/>
  <testcase name="repeatingPlaceTest[514]" classname="org.bitcoinj.utils.BtcFormatTest" time="0.002"/>
  <testcase name="currencyCodeTest[514]" classname="org.bitcoinj.utils.BtcFormatTest" time="0.0">
    <skipped/>
  </testcase>
  <testcase name="patternDecimalPlaces[514]" classname="org.bitcoinj.utils.BtcFormatTest" time="0.002"/>
  <testcase name="factoryArgumentsTest[515]" classname="org.bitcoinj.utils.BtcFormatTest" time="0.002"/>
  <testcase name="parseTest[515]" classname="org.bitcoinj.utils.BtcFormatTest" time="0.0">
    <skipped/>
  </testcase>
  <testcase name="microcoinScaleTest[515]" classname="org.bitcoinj.utils.BtcFormatTest" time="0.0"/>
  <testcase name="parseMetricTest[515]" classname="org.bitcoinj.utils.BtcFormatTest" time="0.003"/>
  <testcase name="coinScaleTest[515]" classname="org.bitcoinj.utils.BtcFormatTest" time="0.0"/>
  <testcase name="builderTest[515]" classname="org.bitcoinj.utils.BtcFormatTest" time="0.0">
    <skipped/>
  </testcase>
  <testcase name="attributeTest[515]" classname="org.bitcoinj.utils.BtcFormatTest" time="0.0">
    <skipped/>
  </testcase>
  <testcase name="prefixTest[515]" classname="org.bitcoinj.utils.BtcFormatTest" time="0.0"/>
  <testcase name="suffixTest[515]" classname="org.bitcoinj.utils.BtcFormatTest" time="0.0">
    <skipped/>
  </testcase>
  <testcase name="autoDecimalTest[515]" classname="org.bitcoinj.utils.BtcFormatTest" time="0.001"/>
  <testcase name="symbolCollisionTest[515]" classname="org.bitcoinj.utils.BtcFormatTest" time="0.003"/>
  <testcase name="equalityTest[515]" classname="org.bitcoinj.utils.BtcFormatTest" time="0.004"/>
  <testcase name="columnAlignmentTest[515]" classname="org.bitcoinj.utils.BtcFormatTest" time="0.0"/>
  <testcase name="factoryTest[515]" classname="org.bitcoinj.utils.BtcFormatTest" time="0.001"/>
  <testcase name="parse[515]" classname="org.bitcoinj.utils.BtcFormatTest" time="0.0"/>
  <testcase name="btcRounding[515]" classname="org.bitcoinj.utils.BtcFormatTest" time="0.002"/>
  <testcase name="negativeTest[515]" classname="org.bitcoinj.utils.BtcFormatTest" time="0.0">
    <skipped/>
  </testcase>
  <testcase name="millicoinScaleTest[515]" classname="org.bitcoinj.utils.BtcFormatTest" time="0.0"/>
  <testcase name="toStringTest[515]" classname="org.bitcoinj.utils.BtcFormatTest" time="0.0">
    <skipped/>
  </testcase>
  <testcase name="testGrouping[515]" classname="org.bitcoinj.utils.BtcFormatTest" time="0.001"/>
  <testcase name="symbolsCodesTest[515]" classname="org.bitcoinj.utils.BtcFormatTest" time="0.0"/>
  <testcase name="defaultLocaleTest[515]" classname="org.bitcoinj.utils.BtcFormatTest" time="0.001"/>
  <testcase name="parsePositionTest[515]" classname="org.bitcoinj.utils.BtcFormatTest" time="0.0"/>
  <testcase name="argumentTypeTest[515]" classname="org.bitcoinj.utils.BtcFormatTest" time="0.0">
    <skipped/>
  </testcase>
  <testcase name="characterIteratorTest[515]" classname="org.bitcoinj.utils.BtcFormatTest" time="0.0"/>
  <testcase name="repeatingPlaceTest[515]" classname="org.bitcoinj.utils.BtcFormatTest" time="0.0"/>
  <testcase name="currencyCodeTest[515]" classname="org.bitcoinj.utils.BtcFormatTest" time="0.0">
    <skipped/>
  </testcase>
  <testcase name="patternDecimalPlaces[515]" classname="org.bitcoinj.utils.BtcFormatTest" time="0.0"/>
  <testcase name="factoryArgumentsTest[516]" classname="org.bitcoinj.utils.BtcFormatTest" time="0.001"/>
  <testcase name="parseTest[516]" classname="org.bitcoinj.utils.BtcFormatTest" time="0.0">
    <skipped/>
  </testcase>
  <testcase name="microcoinScaleTest[516]" classname="org.bitcoinj.utils.BtcFormatTest" time="0.001"/>
  <testcase name="parseMetricTest[516]" classname="org.bitcoinj.utils.BtcFormatTest" time="0.001"/>
  <testcase name="coinScaleTest[516]" classname="org.bitcoinj.utils.BtcFormatTest" time="0.0"/>
  <testcase name="builderTest[516]" classname="org.bitcoinj.utils.BtcFormatTest" time="0.0">
    <skipped/>
  </testcase>
  <testcase name="attributeTest[516]" classname="org.bitcoinj.utils.BtcFormatTest" time="0.0">
    <skipped/>
  </testcase>
  <testcase name="prefixTest[516]" classname="org.bitcoinj.utils.BtcFormatTest" time="0.0"/>
  <testcase name="suffixTest[516]" classname="org.bitcoinj.utils.BtcFormatTest" time="0.0">
    <skipped/>
  </testcase>
  <testcase name="autoDecimalTest[516]" classname="org.bitcoinj.utils.BtcFormatTest" time="0.001"/>
  <testcase name="symbolCollisionTest[516]" classname="org.bitcoinj.utils.BtcFormatTest" time="0.002"/>
  <testcase name="equalityTest[516]" classname="org.bitcoinj.utils.BtcFormatTest" time="0.004"/>
  <testcase name="columnAlignmentTest[516]" classname="org.bitcoinj.utils.BtcFormatTest" time="0.0"/>
  <testcase name="factoryTest[516]" classname="org.bitcoinj.utils.BtcFormatTest" time="0.001"/>
  <testcase name="parse[516]" classname="org.bitcoinj.utils.BtcFormatTest" time="0.0"/>
  <testcase name="btcRounding[516]" classname="org.bitcoinj.utils.BtcFormatTest" time="0.012"/>
  <testcase name="negativeTest[516]" classname="org.bitcoinj.utils.BtcFormatTest" time="0.0">
    <skipped/>
  </testcase>
  <testcase name="millicoinScaleTest[516]" classname="org.bitcoinj.utils.BtcFormatTest" time="0.001"/>
  <testcase name="toStringTest[516]" classname="org.bitcoinj.utils.BtcFormatTest" time="0.0">
    <skipped/>
  </testcase>
  <testcase name="testGrouping[516]" classname="org.bitcoinj.utils.BtcFormatTest" time="0.0"/>
  <testcase name="symbolsCodesTest[516]" classname="org.bitcoinj.utils.BtcFormatTest" time="0.003"/>
  <testcase name="defaultLocaleTest[516]" classname="org.bitcoinj.utils.BtcFormatTest" time="0.0"/>
  <testcase name="parsePositionTest[516]" classname="org.bitcoinj.utils.BtcFormatTest" time="0.001"/>
  <testcase name="argumentTypeTest[516]" classname="org.bitcoinj.utils.BtcFormatTest" time="0.0">
    <skipped/>
  </testcase>
  <testcase name="characterIteratorTest[516]" classname="org.bitcoinj.utils.BtcFormatTest" time="0.0"/>
  <testcase name="repeatingPlaceTest[516]" classname="org.bitcoinj.utils.BtcFormatTest" time="0.001"/>
  <testcase name="currencyCodeTest[516]" classname="org.bitcoinj.utils.BtcFormatTest" time="0.0">
    <skipped/>
  </testcase>
  <testcase name="patternDecimalPlaces[516]" classname="org.bitcoinj.utils.BtcFormatTest" time="0.0"/>
  <testcase name="factoryArgumentsTest[517]" classname="org.bitcoinj.utils.BtcFormatTest" time="0.001"/>
  <testcase name="parseTest[517]" classname="org.bitcoinj.utils.BtcFormatTest" time="0.0">
    <skipped/>
  </testcase>
  <testcase name="microcoinScaleTest[517]" classname="org.bitcoinj.utils.BtcFormatTest" time="0.0"/>
  <testcase name="parseMetricTest[517]" classname="org.bitcoinj.utils.BtcFormatTest" time="0.001"/>
  <testcase name="coinScaleTest[517]" classname="org.bitcoinj.utils.BtcFormatTest" time="0.0"/>
  <testcase name="builderTest[517]" classname="org.bitcoinj.utils.BtcFormatTest" time="0.0">
    <skipped/>
  </testcase>
  <testcase name="attributeTest[517]" classname="org.bitcoinj.utils.BtcFormatTest" time="0.0">
    <skipped/>
  </testcase>
  <testcase name="prefixTest[517]" classname="org.bitcoinj.utils.BtcFormatTest" time="0.001"/>
  <testcase name="suffixTest[517]" classname="org.bitcoinj.utils.BtcFormatTest" time="0.0">
    <skipped/>
  </testcase>
  <testcase name="autoDecimalTest[517]" classname="org.bitcoinj.utils.BtcFormatTest" time="0.001"/>
  <testcase name="symbolCollisionTest[517]" classname="org.bitcoinj.utils.BtcFormatTest" time="0.001"/>
  <testcase name="equalityTest[517]" classname="org.bitcoinj.utils.BtcFormatTest" time="0.002"/>
  <testcase name="columnAlignmentTest[517]" classname="org.bitcoinj.utils.BtcFormatTest" time="0.0"/>
  <testcase name="factoryTest[517]" classname="org.bitcoinj.utils.BtcFormatTest" time="0.001"/>
  <testcase name="parse[517]" classname="org.bitcoinj.utils.BtcFormatTest" time="0.0"/>
  <testcase name="btcRounding[517]" classname="org.bitcoinj.utils.BtcFormatTest" time="0.001"/>
  <testcase name="negativeTest[517]" classname="org.bitcoinj.utils.BtcFormatTest" time="0.0">
    <skipped/>
  </testcase>
  <testcase name="millicoinScaleTest[517]" classname="org.bitcoinj.utils.BtcFormatTest" time="0.0"/>
  <testcase name="toStringTest[517]" classname="org.bitcoinj.utils.BtcFormatTest" time="0.0">
    <skipped/>
  </testcase>
  <testcase name="testGrouping[517]" classname="org.bitcoinj.utils.BtcFormatTest" time="0.001"/>
  <testcase name="symbolsCodesTest[517]" classname="org.bitcoinj.utils.BtcFormatTest" time="0.0"/>
  <testcase name="defaultLocaleTest[517]" classname="org.bitcoinj.utils.BtcFormatTest" time="0.001"/>
  <testcase name="parsePositionTest[517]" classname="org.bitcoinj.utils.BtcFormatTest" time="0.0"/>
  <testcase name="argumentTypeTest[517]" classname="org.bitcoinj.utils.BtcFormatTest" time="0.0">
    <skipped/>
  </testcase>
  <testcase name="characterIteratorTest[517]" classname="org.bitcoinj.utils.BtcFormatTest" time="0.0"/>
  <testcase name="repeatingPlaceTest[517]" classname="org.bitcoinj.utils.BtcFormatTest" time="0.001"/>
  <testcase name="currencyCodeTest[517]" classname="org.bitcoinj.utils.BtcFormatTest" time="0.0">
    <skipped/>
  </testcase>
  <testcase name="patternDecimalPlaces[517]" classname="org.bitcoinj.utils.BtcFormatTest" time="0.0"/>
  <testcase name="factoryArgumentsTest[518]" classname="org.bitcoinj.utils.BtcFormatTest" time="0.001"/>
  <testcase name="parseTest[518]" classname="org.bitcoinj.utils.BtcFormatTest" time="0.0">
    <skipped/>
  </testcase>
  <testcase name="microcoinScaleTest[518]" classname="org.bitcoinj.utils.BtcFormatTest" time="0.0"/>
  <testcase name="parseMetricTest[518]" classname="org.bitcoinj.utils.BtcFormatTest" time="0.002"/>
  <testcase name="coinScaleTest[518]" classname="org.bitcoinj.utils.BtcFormatTest" time="0.0"/>
  <testcase name="builderTest[518]" classname="org.bitcoinj.utils.BtcFormatTest" time="0.0">
    <skipped/>
  </testcase>
  <testcase name="attributeTest[518]" classname="org.bitcoinj.utils.BtcFormatTest" time="0.0">
    <skipped/>
  </testcase>
  <testcase name="prefixTest[518]" classname="org.bitcoinj.utils.BtcFormatTest" time="0.0"/>
  <testcase name="suffixTest[518]" classname="org.bitcoinj.utils.BtcFormatTest" time="0.0">
    <skipped/>
  </testcase>
  <testcase name="autoDecimalTest[518]" classname="org.bitcoinj.utils.BtcFormatTest" time="0.001"/>
  <testcase name="symbolCollisionTest[518]" classname="org.bitcoinj.utils.BtcFormatTest" time="0.003"/>
  <testcase name="equalityTest[518]" classname="org.bitcoinj.utils.BtcFormatTest" time="0.003"/>
  <testcase name="columnAlignmentTest[518]" classname="org.bitcoinj.utils.BtcFormatTest" time="0.0"/>
  <testcase name="factoryTest[518]" classname="org.bitcoinj.utils.BtcFormatTest" time="0.0"/>
  <testcase name="parse[518]" classname="org.bitcoinj.utils.BtcFormatTest" time="0.0"/>
  <testcase name="btcRounding[518]" classname="org.bitcoinj.utils.BtcFormatTest" time="0.002"/>
  <testcase name="negativeTest[518]" classname="org.bitcoinj.utils.BtcFormatTest" time="0.0">
    <skipped/>
  </testcase>
  <testcase name="millicoinScaleTest[518]" classname="org.bitcoinj.utils.BtcFormatTest" time="0.0"/>
  <testcase name="toStringTest[518]" classname="org.bitcoinj.utils.BtcFormatTest" time="0.0">
    <skipped/>
  </testcase>
  <testcase name="testGrouping[518]" classname="org.bitcoinj.utils.BtcFormatTest" time="0.001"/>
  <testcase name="symbolsCodesTest[518]" classname="org.bitcoinj.utils.BtcFormatTest" time="0.001"/>
  <testcase name="defaultLocaleTest[518]" classname="org.bitcoinj.utils.BtcFormatTest" time="0.0"/>
  <testcase name="parsePositionTest[518]" classname="org.bitcoinj.utils.BtcFormatTest" time="0.0"/>
  <testcase name="argumentTypeTest[518]" classname="org.bitcoinj.utils.BtcFormatTest" time="0.0">
    <skipped/>
  </testcase>
  <testcase name="characterIteratorTest[518]" classname="org.bitcoinj.utils.BtcFormatTest" time="0.0"/>
  <testcase name="repeatingPlaceTest[518]" classname="org.bitcoinj.utils.BtcFormatTest" time="0.0"/>
  <testcase name="currencyCodeTest[518]" classname="org.bitcoinj.utils.BtcFormatTest" time="0.0">
    <skipped/>
  </testcase>
  <testcase name="patternDecimalPlaces[518]" classname="org.bitcoinj.utils.BtcFormatTest" time="0.0"/>
  <testcase name="factoryArgumentsTest[519]" classname="org.bitcoinj.utils.BtcFormatTest" time="0.0"/>
  <testcase name="parseTest[519]" classname="org.bitcoinj.utils.BtcFormatTest" time="0.0">
    <skipped/>
  </testcase>
  <testcase name="microcoinScaleTest[519]" classname="org.bitcoinj.utils.BtcFormatTest" time="0.001"/>
  <testcase name="parseMetricTest[519]" classname="org.bitcoinj.utils.BtcFormatTest" time="0.001"/>
  <testcase name="coinScaleTest[519]" classname="org.bitcoinj.utils.BtcFormatTest" time="0.0"/>
  <testcase name="builderTest[519]" classname="org.bitcoinj.utils.BtcFormatTest" time="0.0">
    <skipped/>
  </testcase>
  <testcase name="attributeTest[519]" classname="org.bitcoinj.utils.BtcFormatTest" time="0.0">
    <skipped/>
  </testcase>
  <testcase name="prefixTest[519]" classname="org.bitcoinj.utils.BtcFormatTest" time="0.0"/>
  <testcase name="suffixTest[519]" classname="org.bitcoinj.utils.BtcFormatTest" time="0.0">
    <skipped/>
  </testcase>
  <testcase name="autoDecimalTest[519]" classname="org.bitcoinj.utils.BtcFormatTest" time="0.001"/>
  <testcase name="symbolCollisionTest[519]" classname="org.bitcoinj.utils.BtcFormatTest" time="0.002"/>
  <testcase name="equalityTest[519]" classname="org.bitcoinj.utils.BtcFormatTest" time="0.001"/>
  <testcase name="columnAlignmentTest[519]" classname="org.bitcoinj.utils.BtcFormatTest" time="0.0"/>
  <testcase name="factoryTest[519]" classname="org.bitcoinj.utils.BtcFormatTest" time="0.0"/>
  <testcase name="parse[519]" classname="org.bitcoinj.utils.BtcFormatTest" time="0.001"/>
  <testcase name="btcRounding[519]" classname="org.bitcoinj.utils.BtcFormatTest" time="0.001"/>
  <testcase name="negativeTest[519]" classname="org.bitcoinj.utils.BtcFormatTest" time="0.0">
    <skipped/>
  </testcase>
  <testcase name="millicoinScaleTest[519]" classname="org.bitcoinj.utils.BtcFormatTest" time="0.0"/>
  <testcase name="toStringTest[519]" classname="org.bitcoinj.utils.BtcFormatTest" time="0.0">
    <skipped/>
  </testcase>
  <testcase name="testGrouping[519]" classname="org.bitcoinj.utils.BtcFormatTest" time="0.0"/>
  <testcase name="symbolsCodesTest[519]" classname="org.bitcoinj.utils.BtcFormatTest" time="0.001"/>
  <testcase name="defaultLocaleTest[519]" classname="org.bitcoinj.utils.BtcFormatTest" time="0.0"/>
  <testcase name="parsePositionTest[519]" classname="org.bitcoinj.utils.BtcFormatTest" time="0.0"/>
  <testcase name="argumentTypeTest[519]" classname="org.bitcoinj.utils.BtcFormatTest" time="0.0">
    <skipped/>
  </testcase>
  <testcase name="characterIteratorTest[519]" classname="org.bitcoinj.utils.BtcFormatTest" time="0.0"/>
  <testcase name="repeatingPlaceTest[519]" classname="org.bitcoinj.utils.BtcFormatTest" time="0.001"/>
  <testcase name="currencyCodeTest[519]" classname="org.bitcoinj.utils.BtcFormatTest" time="0.0">
    <skipped/>
  </testcase>
  <testcase name="patternDecimalPlaces[519]" classname="org.bitcoinj.utils.BtcFormatTest" time="0.0"/>
  <testcase name="factoryArgumentsTest[520]" classname="org.bitcoinj.utils.BtcFormatTest" time="0.001"/>
  <testcase name="parseTest[520]" classname="org.bitcoinj.utils.BtcFormatTest" time="0.0">
    <skipped/>
  </testcase>
  <testcase name="microcoinScaleTest[520]" classname="org.bitcoinj.utils.BtcFormatTest" time="0.0"/>
  <testcase name="parseMetricTest[520]" classname="org.bitcoinj.utils.BtcFormatTest" time="0.001"/>
  <testcase name="coinScaleTest[520]" classname="org.bitcoinj.utils.BtcFormatTest" time="0.0"/>
  <testcase name="builderTest[520]" classname="org.bitcoinj.utils.BtcFormatTest" time="0.0">
    <skipped/>
  </testcase>
  <testcase name="attributeTest[520]" classname="org.bitcoinj.utils.BtcFormatTest" time="0.0">
    <skipped/>
  </testcase>
  <testcase name="prefixTest[520]" classname="org.bitcoinj.utils.BtcFormatTest" time="0.0"/>
  <testcase name="suffixTest[520]" classname="org.bitcoinj.utils.BtcFormatTest" time="0.0">
    <skipped/>
  </testcase>
  <testcase name="autoDecimalTest[520]" classname="org.bitcoinj.utils.BtcFormatTest" time="0.001"/>
  <testcase name="symbolCollisionTest[520]" classname="org.bitcoinj.utils.BtcFormatTest" time="0.002"/>
  <testcase name="equalityTest[520]" classname="org.bitcoinj.utils.BtcFormatTest" time="0.001"/>
  <testcase name="columnAlignmentTest[520]" classname="org.bitcoinj.utils.BtcFormatTest" time="0.0"/>
  <testcase name="factoryTest[520]" classname="org.bitcoinj.utils.BtcFormatTest" time="0.001"/>
  <testcase name="parse[520]" classname="org.bitcoinj.utils.BtcFormatTest" time="0.0"/>
  <testcase name="btcRounding[520]" classname="org.bitcoinj.utils.BtcFormatTest" time="0.002"/>
  <testcase name="negativeTest[520]" classname="org.bitcoinj.utils.BtcFormatTest" time="0.0">
    <skipped/>
  </testcase>
  <testcase name="millicoinScaleTest[520]" classname="org.bitcoinj.utils.BtcFormatTest" time="0.0"/>
  <testcase name="toStringTest[520]" classname="org.bitcoinj.utils.BtcFormatTest" time="0.0">
    <skipped/>
  </testcase>
  <testcase name="testGrouping[520]" classname="org.bitcoinj.utils.BtcFormatTest" time="0.0"/>
  <testcase name="symbolsCodesTest[520]" classname="org.bitcoinj.utils.BtcFormatTest" time="0.003"/>
  <testcase name="defaultLocaleTest[520]" classname="org.bitcoinj.utils.BtcFormatTest" time="0.0"/>
  <testcase name="parsePositionTest[520]" classname="org.bitcoinj.utils.BtcFormatTest" time="0.001"/>
  <testcase name="argumentTypeTest[520]" classname="org.bitcoinj.utils.BtcFormatTest" time="0.0">
    <skipped/>
  </testcase>
  <testcase name="characterIteratorTest[520]" classname="org.bitcoinj.utils.BtcFormatTest" time="0.0"/>
  <testcase name="repeatingPlaceTest[520]" classname="org.bitcoinj.utils.BtcFormatTest" time="0.001"/>
  <testcase name="currencyCodeTest[520]" classname="org.bitcoinj.utils.BtcFormatTest" time="0.0">
    <skipped/>
  </testcase>
  <testcase name="patternDecimalPlaces[520]" classname="org.bitcoinj.utils.BtcFormatTest" time="0.0"/>
  <testcase name="factoryArgumentsTest[521]" classname="org.bitcoinj.utils.BtcFormatTest" time="0.002"/>
  <testcase name="parseTest[521]" classname="org.bitcoinj.utils.BtcFormatTest" time="0.0">
    <skipped/>
  </testcase>
  <testcase name="microcoinScaleTest[521]" classname="org.bitcoinj.utils.BtcFormatTest" time="0.0"/>
  <testcase name="parseMetricTest[521]" classname="org.bitcoinj.utils.BtcFormatTest" time="0.001"/>
  <testcase name="coinScaleTest[521]" classname="org.bitcoinj.utils.BtcFormatTest" time="0.0"/>
  <testcase name="builderTest[521]" classname="org.bitcoinj.utils.BtcFormatTest" time="0.0">
    <skipped/>
  </testcase>
  <testcase name="attributeTest[521]" classname="org.bitcoinj.utils.BtcFormatTest" time="0.0">
    <skipped/>
  </testcase>
  <testcase name="prefixTest[521]" classname="org.bitcoinj.utils.BtcFormatTest" time="0.0"/>
  <testcase name="suffixTest[521]" classname="org.bitcoinj.utils.BtcFormatTest" time="0.0">
    <skipped/>
  </testcase>
  <testcase name="autoDecimalTest[521]" classname="org.bitcoinj.utils.BtcFormatTest" time="0.001"/>
  <testcase name="symbolCollisionTest[521]" classname="org.bitcoinj.utils.BtcFormatTest" time="0.002"/>
  <testcase name="equalityTest[521]" classname="org.bitcoinj.utils.BtcFormatTest" time="0.002"/>
  <testcase name="columnAlignmentTest[521]" classname="org.bitcoinj.utils.BtcFormatTest" time="0.0"/>
  <testcase name="factoryTest[521]" classname="org.bitcoinj.utils.BtcFormatTest" time="0.006"/>
  <testcase name="parse[521]" classname="org.bitcoinj.utils.BtcFormatTest" time="0.0"/>
  <testcase name="btcRounding[521]" classname="org.bitcoinj.utils.BtcFormatTest" time="0.002"/>
  <testcase name="negativeTest[521]" classname="org.bitcoinj.utils.BtcFormatTest" time="0.0">
    <skipped/>
  </testcase>
  <testcase name="millicoinScaleTest[521]" classname="org.bitcoinj.utils.BtcFormatTest" time="0.0"/>
  <testcase name="toStringTest[521]" classname="org.bitcoinj.utils.BtcFormatTest" time="0.0">
    <skipped/>
  </testcase>
  <testcase name="testGrouping[521]" classname="org.bitcoinj.utils.BtcFormatTest" time="0.001"/>
  <testcase name="symbolsCodesTest[521]" classname="org.bitcoinj.utils.BtcFormatTest" time="0.0"/>
  <testcase name="defaultLocaleTest[521]" classname="org.bitcoinj.utils.BtcFormatTest" time="0.001"/>
  <testcase name="parsePositionTest[521]" classname="org.bitcoinj.utils.BtcFormatTest" time="0.0"/>
  <testcase name="argumentTypeTest[521]" classname="org.bitcoinj.utils.BtcFormatTest" time="0.0">
    <skipped/>
  </testcase>
  <testcase name="characterIteratorTest[521]" classname="org.bitcoinj.utils.BtcFormatTest" time="0.001"/>
  <testcase name="repeatingPlaceTest[521]" classname="org.bitcoinj.utils.BtcFormatTest" time="0.0"/>
  <testcase name="currencyCodeTest[521]" classname="org.bitcoinj.utils.BtcFormatTest" time="0.0">
    <skipped/>
  </testcase>
  <testcase name="patternDecimalPlaces[521]" classname="org.bitcoinj.utils.BtcFormatTest" time="0.0"/>
  <testcase name="factoryArgumentsTest[522]" classname="org.bitcoinj.utils.BtcFormatTest" time="0.001"/>
  <testcase name="parseTest[522]" classname="org.bitcoinj.utils.BtcFormatTest" time="0.0">
    <skipped/>
  </testcase>
  <testcase name="microcoinScaleTest[522]" classname="org.bitcoinj.utils.BtcFormatTest" time="0.0"/>
  <testcase name="parseMetricTest[522]" classname="org.bitcoinj.utils.BtcFormatTest" time="0.002"/>
  <testcase name="coinScaleTest[522]" classname="org.bitcoinj.utils.BtcFormatTest" time="0.0"/>
  <testcase name="builderTest[522]" classname="org.bitcoinj.utils.BtcFormatTest" time="0.0">
    <skipped/>
  </testcase>
  <testcase name="attributeTest[522]" classname="org.bitcoinj.utils.BtcFormatTest" time="0.0">
    <skipped/>
  </testcase>
  <testcase name="prefixTest[522]" classname="org.bitcoinj.utils.BtcFormatTest" time="0.0"/>
  <testcase name="suffixTest[522]" classname="org.bitcoinj.utils.BtcFormatTest" time="0.0">
    <skipped/>
  </testcase>
  <testcase name="autoDecimalTest[522]" classname="org.bitcoinj.utils.BtcFormatTest" time="0.0"/>
  <testcase name="symbolCollisionTest[522]" classname="org.bitcoinj.utils.BtcFormatTest" time="0.002"/>
  <testcase name="equalityTest[522]" classname="org.bitcoinj.utils.BtcFormatTest" time="0.002"/>
  <testcase name="columnAlignmentTest[522]" classname="org.bitcoinj.utils.BtcFormatTest" time="0.0"/>
  <testcase name="factoryTest[522]" classname="org.bitcoinj.utils.BtcFormatTest" time="0.0"/>
  <testcase name="parse[522]" classname="org.bitcoinj.utils.BtcFormatTest" time="0.001"/>
  <testcase name="btcRounding[522]" classname="org.bitcoinj.utils.BtcFormatTest" time="0.001"/>
  <testcase name="negativeTest[522]" classname="org.bitcoinj.utils.BtcFormatTest" time="0.0">
    <skipped/>
  </testcase>
  <testcase name="millicoinScaleTest[522]" classname="org.bitcoinj.utils.BtcFormatTest" time="0.0"/>
  <testcase name="toStringTest[522]" classname="org.bitcoinj.utils.BtcFormatTest" time="0.0">
    <skipped/>
  </testcase>
  <testcase name="testGrouping[522]" classname="org.bitcoinj.utils.BtcFormatTest" time="0.0"/>
  <testcase name="symbolsCodesTest[522]" classname="org.bitcoinj.utils.BtcFormatTest" time="0.002"/>
  <testcase name="defaultLocaleTest[522]" classname="org.bitcoinj.utils.BtcFormatTest" time="0.0"/>
  <testcase name="parsePositionTest[522]" classname="org.bitcoinj.utils.BtcFormatTest" time="0.0"/>
  <testcase name="argumentTypeTest[522]" classname="org.bitcoinj.utils.BtcFormatTest" time="0.001">
    <skipped/>
  </testcase>
  <testcase name="characterIteratorTest[522]" classname="org.bitcoinj.utils.BtcFormatTest" time="0.0"/>
  <testcase name="repeatingPlaceTest[522]" classname="org.bitcoinj.utils.BtcFormatTest" time="0.0"/>
  <testcase name="currencyCodeTest[522]" classname="org.bitcoinj.utils.BtcFormatTest" time="0.0">
    <skipped/>
  </testcase>
  <testcase name="patternDecimalPlaces[522]" classname="org.bitcoinj.utils.BtcFormatTest" time="0.0"/>
  <testcase name="factoryArgumentsTest[523]" classname="org.bitcoinj.utils.BtcFormatTest" time="0.002"/>
  <testcase name="parseTest[523]" classname="org.bitcoinj.utils.BtcFormatTest" time="0.0">
    <skipped/>
  </testcase>
  <testcase name="microcoinScaleTest[523]" classname="org.bitcoinj.utils.BtcFormatTest" time="0.0"/>
  <testcase name="parseMetricTest[523]" classname="org.bitcoinj.utils.BtcFormatTest" time="0.001"/>
  <testcase name="coinScaleTest[523]" classname="org.bitcoinj.utils.BtcFormatTest" time="0.0"/>
  <testcase name="builderTest[523]" classname="org.bitcoinj.utils.BtcFormatTest" time="0.0">
    <skipped/>
  </testcase>
  <testcase name="attributeTest[523]" classname="org.bitcoinj.utils.BtcFormatTest" time="0.0">
    <skipped/>
  </testcase>
  <testcase name="prefixTest[523]" classname="org.bitcoinj.utils.BtcFormatTest" time="0.001"/>
  <testcase name="suffixTest[523]" classname="org.bitcoinj.utils.BtcFormatTest" time="0.0">
    <skipped/>
  </testcase>
  <testcase name="autoDecimalTest[523]" classname="org.bitcoinj.utils.BtcFormatTest" time="0.0"/>
  <testcase name="symbolCollisionTest[523]" classname="org.bitcoinj.utils.BtcFormatTest" time="0.002"/>
  <testcase name="equalityTest[523]" classname="org.bitcoinj.utils.BtcFormatTest" time="0.001"/>
  <testcase name="columnAlignmentTest[523]" classname="org.bitcoinj.utils.BtcFormatTest" time="0.0"/>
  <testcase name="factoryTest[523]" classname="org.bitcoinj.utils.BtcFormatTest" time="0.0"/>
  <testcase name="parse[523]" classname="org.bitcoinj.utils.BtcFormatTest" time="0.0"/>
  <testcase name="btcRounding[523]" classname="org.bitcoinj.utils.BtcFormatTest" time="0.001"/>
  <testcase name="negativeTest[523]" classname="org.bitcoinj.utils.BtcFormatTest" time="0.0">
    <skipped/>
  </testcase>
  <testcase name="millicoinScaleTest[523]" classname="org.bitcoinj.utils.BtcFormatTest" time="0.0"/>
  <testcase name="toStringTest[523]" classname="org.bitcoinj.utils.BtcFormatTest" time="0.0">
    <skipped/>
  </testcase>
  <testcase name="testGrouping[523]" classname="org.bitcoinj.utils.BtcFormatTest" time="0.001"/>
  <testcase name="symbolsCodesTest[523]" classname="org.bitcoinj.utils.BtcFormatTest" time="0.0"/>
  <testcase name="defaultLocaleTest[523]" classname="org.bitcoinj.utils.BtcFormatTest" time="0.0"/>
  <testcase name="parsePositionTest[523]" classname="org.bitcoinj.utils.BtcFormatTest" time="0.001"/>
  <testcase name="argumentTypeTest[523]" classname="org.bitcoinj.utils.BtcFormatTest" time="0.0">
    <skipped/>
  </testcase>
  <testcase name="characterIteratorTest[523]" classname="org.bitcoinj.utils.BtcFormatTest" time="0.0"/>
  <testcase name="repeatingPlaceTest[523]" classname="org.bitcoinj.utils.BtcFormatTest" time="0.0"/>
  <testcase name="currencyCodeTest[523]" classname="org.bitcoinj.utils.BtcFormatTest" time="0.0">
    <skipped/>
  </testcase>
  <testcase name="patternDecimalPlaces[523]" classname="org.bitcoinj.utils.BtcFormatTest" time="0.0"/>
  <testcase name="factoryArgumentsTest[524]" classname="org.bitcoinj.utils.BtcFormatTest" time="0.001"/>
  <testcase name="parseTest[524]" classname="org.bitcoinj.utils.BtcFormatTest" time="0.0">
    <skipped/>
  </testcase>
  <testcase name="microcoinScaleTest[524]" classname="org.bitcoinj.utils.BtcFormatTest" time="0.0"/>
  <testcase name="parseMetricTest[524]" classname="org.bitcoinj.utils.BtcFormatTest" time="0.001"/>
  <testcase name="coinScaleTest[524]" classname="org.bitcoinj.utils.BtcFormatTest" time="0.0"/>
  <testcase name="builderTest[524]" classname="org.bitcoinj.utils.BtcFormatTest" time="0.0">
    <skipped/>
  </testcase>
  <testcase name="attributeTest[524]" classname="org.bitcoinj.utils.BtcFormatTest" time="0.0">
    <skipped/>
  </testcase>
  <testcase name="prefixTest[524]" classname="org.bitcoinj.utils.BtcFormatTest" time="0.0"/>
  <testcase name="suffixTest[524]" classname="org.bitcoinj.utils.BtcFormatTest" time="0.0">
    <skipped/>
  </testcase>
  <testcase name="autoDecimalTest[524]" classname="org.bitcoinj.utils.BtcFormatTest" time="0.001"/>
  <testcase name="symbolCollisionTest[524]" classname="org.bitcoinj.utils.BtcFormatTest" time="0.002"/>
  <testcase name="equalityTest[524]" classname="org.bitcoinj.utils.BtcFormatTest" time="0.001"/>
  <testcase name="columnAlignmentTest[524]" classname="org.bitcoinj.utils.BtcFormatTest" time="0.001"/>
  <testcase name="factoryTest[524]" classname="org.bitcoinj.utils.BtcFormatTest" time="0.0"/>
  <testcase name="parse[524]" classname="org.bitcoinj.utils.BtcFormatTest" time="0.0"/>
  <testcase name="btcRounding[524]" classname="org.bitcoinj.utils.BtcFormatTest" time="0.001"/>
  <testcase name="negativeTest[524]" classname="org.bitcoinj.utils.BtcFormatTest" time="0.0">
    <skipped/>
  </testcase>
  <testcase name="millicoinScaleTest[524]" classname="org.bitcoinj.utils.BtcFormatTest" time="0.0"/>
  <testcase name="toStringTest[524]" classname="org.bitcoinj.utils.BtcFormatTest" time="0.0">
    <skipped/>
  </testcase>
  <testcase name="testGrouping[524]" classname="org.bitcoinj.utils.BtcFormatTest" time="0.0"/>
  <testcase name="symbolsCodesTest[524]" classname="org.bitcoinj.utils.BtcFormatTest" time="0.001"/>
  <testcase name="defaultLocaleTest[524]" classname="org.bitcoinj.utils.BtcFormatTest" time="0.0"/>
  <testcase name="parsePositionTest[524]" classname="org.bitcoinj.utils.BtcFormatTest" time="0.0"/>
  <testcase name="argumentTypeTest[524]" classname="org.bitcoinj.utils.BtcFormatTest" time="0.0">
    <skipped/>
  </testcase>
  <testcase name="characterIteratorTest[524]" classname="org.bitcoinj.utils.BtcFormatTest" time="0.0"/>
  <testcase name="repeatingPlaceTest[524]" classname="org.bitcoinj.utils.BtcFormatTest" time="0.001"/>
  <testcase name="currencyCodeTest[524]" classname="org.bitcoinj.utils.BtcFormatTest" time="0.0">
    <skipped/>
  </testcase>
  <testcase name="patternDecimalPlaces[524]" classname="org.bitcoinj.utils.BtcFormatTest" time="0.0"/>
  <testcase name="factoryArgumentsTest[525]" classname="org.bitcoinj.utils.BtcFormatTest" time="0.0"/>
  <testcase name="parseTest[525]" classname="org.bitcoinj.utils.BtcFormatTest" time="0.0">
    <skipped/>
  </testcase>
  <testcase name="microcoinScaleTest[525]" classname="org.bitcoinj.utils.BtcFormatTest" time="0.001"/>
  <testcase name="parseMetricTest[525]" classname="org.bitcoinj.utils.BtcFormatTest" time="0.0"/>
  <testcase name="coinScaleTest[525]" classname="org.bitcoinj.utils.BtcFormatTest" time="0.001"/>
  <testcase name="builderTest[525]" classname="org.bitcoinj.utils.BtcFormatTest" time="0.0">
    <skipped/>
  </testcase>
  <testcase name="attributeTest[525]" classname="org.bitcoinj.utils.BtcFormatTest" time="0.0">
    <skipped/>
  </testcase>
  <testcase name="prefixTest[525]" classname="org.bitcoinj.utils.BtcFormatTest" time="0.0"/>
  <testcase name="suffixTest[525]" classname="org.bitcoinj.utils.BtcFormatTest" time="0.0">
    <skipped/>
  </testcase>
  <testcase name="autoDecimalTest[525]" classname="org.bitcoinj.utils.BtcFormatTest" time="0.0"/>
  <testcase name="symbolCollisionTest[525]" classname="org.bitcoinj.utils.BtcFormatTest" time="0.002"/>
  <testcase name="equalityTest[525]" classname="org.bitcoinj.utils.BtcFormatTest" time="0.002"/>
  <testcase name="columnAlignmentTest[525]" classname="org.bitcoinj.utils.BtcFormatTest" time="0.0"/>
  <testcase name="factoryTest[525]" classname="org.bitcoinj.utils.BtcFormatTest" time="0.001"/>
  <testcase name="parse[525]" classname="org.bitcoinj.utils.BtcFormatTest" time="0.0"/>
  <testcase name="btcRounding[525]" classname="org.bitcoinj.utils.BtcFormatTest" time="0.001"/>
  <testcase name="negativeTest[525]" classname="org.bitcoinj.utils.BtcFormatTest" time="0.0">
    <skipped/>
  </testcase>
  <testcase name="millicoinScaleTest[525]" classname="org.bitcoinj.utils.BtcFormatTest" time="0.0"/>
  <testcase name="toStringTest[525]" classname="org.bitcoinj.utils.BtcFormatTest" time="0.0">
    <skipped/>
  </testcase>
  <testcase name="testGrouping[525]" classname="org.bitcoinj.utils.BtcFormatTest" time="0.0"/>
  <testcase name="symbolsCodesTest[525]" classname="org.bitcoinj.utils.BtcFormatTest" time="0.001"/>
  <testcase name="defaultLocaleTest[525]" classname="org.bitcoinj.utils.BtcFormatTest" time="0.0"/>
  <testcase name="parsePositionTest[525]" classname="org.bitcoinj.utils.BtcFormatTest" time="0.0"/>
  <testcase name="argumentTypeTest[525]" classname="org.bitcoinj.utils.BtcFormatTest" time="0.0">
    <skipped/>
  </testcase>
  <testcase name="characterIteratorTest[525]" classname="org.bitcoinj.utils.BtcFormatTest" time="0.0"/>
  <testcase name="repeatingPlaceTest[525]" classname="org.bitcoinj.utils.BtcFormatTest" time="0.001"/>
  <testcase name="currencyCodeTest[525]" classname="org.bitcoinj.utils.BtcFormatTest" time="0.0">
    <skipped/>
  </testcase>
  <testcase name="patternDecimalPlaces[525]" classname="org.bitcoinj.utils.BtcFormatTest" time="0.0"/>
  <testcase name="factoryArgumentsTest[526]" classname="org.bitcoinj.utils.BtcFormatTest" time="0.001"/>
  <testcase name="parseTest[526]" classname="org.bitcoinj.utils.BtcFormatTest" time="0.0">
    <skipped/>
  </testcase>
  <testcase name="microcoinScaleTest[526]" classname="org.bitcoinj.utils.BtcFormatTest" time="0.0"/>
  <testcase name="parseMetricTest[526]" classname="org.bitcoinj.utils.BtcFormatTest" time="0.001"/>
  <testcase name="coinScaleTest[526]" classname="org.bitcoinj.utils.BtcFormatTest" time="0.0"/>
  <testcase name="builderTest[526]" classname="org.bitcoinj.utils.BtcFormatTest" time="0.0">
    <skipped/>
  </testcase>
  <testcase name="attributeTest[526]" classname="org.bitcoinj.utils.BtcFormatTest" time="0.0">
    <skipped/>
  </testcase>
  <testcase name="prefixTest[526]" classname="org.bitcoinj.utils.BtcFormatTest" time="0.0"/>
  <testcase name="suffixTest[526]" classname="org.bitcoinj.utils.BtcFormatTest" time="0.0">
    <skipped/>
  </testcase>
  <testcase name="autoDecimalTest[526]" classname="org.bitcoinj.utils.BtcFormatTest" time="0.0"/>
  <testcase name="symbolCollisionTest[526]" classname="org.bitcoinj.utils.BtcFormatTest" time="0.003"/>
  <testcase name="equalityTest[526]" classname="org.bitcoinj.utils.BtcFormatTest" time="0.002"/>
  <testcase name="columnAlignmentTest[526]" classname="org.bitcoinj.utils.BtcFormatTest" time="0.0"/>
  <testcase name="factoryTest[526]" classname="org.bitcoinj.utils.BtcFormatTest" time="0.001"/>
  <testcase name="parse[526]" classname="org.bitcoinj.utils.BtcFormatTest" time="0.0"/>
  <testcase name="btcRounding[526]" classname="org.bitcoinj.utils.BtcFormatTest" time="0.001"/>
  <testcase name="negativeTest[526]" classname="org.bitcoinj.utils.BtcFormatTest" time="0.0">
    <skipped/>
  </testcase>
  <testcase name="millicoinScaleTest[526]" classname="org.bitcoinj.utils.BtcFormatTest" time="0.0"/>
  <testcase name="toStringTest[526]" classname="org.bitcoinj.utils.BtcFormatTest" time="0.0">
    <skipped/>
  </testcase>
  <testcase name="testGrouping[526]" classname="org.bitcoinj.utils.BtcFormatTest" time="0.0"/>
  <testcase name="symbolsCodesTest[526]" classname="org.bitcoinj.utils.BtcFormatTest" time="0.002"/>
  <testcase name="defaultLocaleTest[526]" classname="org.bitcoinj.utils.BtcFormatTest" time="0.0"/>
  <testcase name="parsePositionTest[526]" classname="org.bitcoinj.utils.BtcFormatTest" time="0.001"/>
  <testcase name="argumentTypeTest[526]" classname="org.bitcoinj.utils.BtcFormatTest" time="0.0">
    <skipped/>
  </testcase>
  <testcase name="characterIteratorTest[526]" classname="org.bitcoinj.utils.BtcFormatTest" time="0.0"/>
  <testcase name="repeatingPlaceTest[526]" classname="org.bitcoinj.utils.BtcFormatTest" time="0.001"/>
  <testcase name="currencyCodeTest[526]" classname="org.bitcoinj.utils.BtcFormatTest" time="0.0">
    <skipped/>
  </testcase>
  <testcase name="patternDecimalPlaces[526]" classname="org.bitcoinj.utils.BtcFormatTest" time="0.0"/>
  <testcase name="factoryArgumentsTest[527]" classname="org.bitcoinj.utils.BtcFormatTest" time="0.001"/>
  <testcase name="parseTest[527]" classname="org.bitcoinj.utils.BtcFormatTest" time="0.0">
    <skipped/>
  </testcase>
  <testcase name="microcoinScaleTest[527]" classname="org.bitcoinj.utils.BtcFormatTest" time="0.0"/>
  <testcase name="parseMetricTest[527]" classname="org.bitcoinj.utils.BtcFormatTest" time="0.002"/>
  <testcase name="coinScaleTest[527]" classname="org.bitcoinj.utils.BtcFormatTest" time="0.0"/>
  <testcase name="builderTest[527]" classname="org.bitcoinj.utils.BtcFormatTest" time="0.0">
    <skipped/>
  </testcase>
  <testcase name="attributeTest[527]" classname="org.bitcoinj.utils.BtcFormatTest" time="0.0">
    <skipped/>
  </testcase>
  <testcase name="prefixTest[527]" classname="org.bitcoinj.utils.BtcFormatTest" time="0.0"/>
  <testcase name="suffixTest[527]" classname="org.bitcoinj.utils.BtcFormatTest" time="0.0">
    <skipped/>
  </testcase>
  <testcase name="autoDecimalTest[527]" classname="org.bitcoinj.utils.BtcFormatTest" time="0.001"/>
  <testcase name="symbolCollisionTest[527]" classname="org.bitcoinj.utils.BtcFormatTest" time="0.002"/>
  <testcase name="equalityTest[527]" classname="org.bitcoinj.utils.BtcFormatTest" time="0.003"/>
  <testcase name="columnAlignmentTest[527]" classname="org.bitcoinj.utils.BtcFormatTest" time="0.0"/>
  <testcase name="factoryTest[527]" classname="org.bitcoinj.utils.BtcFormatTest" time="0.001"/>
  <testcase name="parse[527]" classname="org.bitcoinj.utils.BtcFormatTest" time="0.0"/>
  <testcase name="btcRounding[527]" classname="org.bitcoinj.utils.BtcFormatTest" time="0.001"/>
  <testcase name="negativeTest[527]" classname="org.bitcoinj.utils.BtcFormatTest" time="0.0">
    <skipped/>
  </testcase>
  <testcase name="millicoinScaleTest[527]" classname="org.bitcoinj.utils.BtcFormatTest" time="0.0"/>
  <testcase name="toStringTest[527]" classname="org.bitcoinj.utils.BtcFormatTest" time="0.0">
    <skipped/>
  </testcase>
  <testcase name="testGrouping[527]" classname="org.bitcoinj.utils.BtcFormatTest" time="0.0"/>
  <testcase name="symbolsCodesTest[527]" classname="org.bitcoinj.utils.BtcFormatTest" time="0.001"/>
  <testcase name="defaultLocaleTest[527]" classname="org.bitcoinj.utils.BtcFormatTest" time="0.0"/>
  <testcase name="parsePositionTest[527]" classname="org.bitcoinj.utils.BtcFormatTest" time="0.0"/>
  <testcase name="argumentTypeTest[527]" classname="org.bitcoinj.utils.BtcFormatTest" time="0.0">
    <skipped/>
  </testcase>
  <testcase name="characterIteratorTest[527]" classname="org.bitcoinj.utils.BtcFormatTest" time="0.0"/>
  <testcase name="repeatingPlaceTest[527]" classname="org.bitcoinj.utils.BtcFormatTest" time="0.001"/>
  <testcase name="currencyCodeTest[527]" classname="org.bitcoinj.utils.BtcFormatTest" time="0.0">
    <skipped/>
  </testcase>
  <testcase name="patternDecimalPlaces[527]" classname="org.bitcoinj.utils.BtcFormatTest" time="0.0"/>
  <testcase name="factoryArgumentsTest[528]" classname="org.bitcoinj.utils.BtcFormatTest" time="0.0"/>
  <testcase name="parseTest[528]" classname="org.bitcoinj.utils.BtcFormatTest" time="0.001">
    <skipped/>
  </testcase>
  <testcase name="microcoinScaleTest[528]" classname="org.bitcoinj.utils.BtcFormatTest" time="0.0"/>
  <testcase name="parseMetricTest[528]" classname="org.bitcoinj.utils.BtcFormatTest" time="0.002"/>
  <testcase name="coinScaleTest[528]" classname="org.bitcoinj.utils.BtcFormatTest" time="0.0"/>
  <testcase name="builderTest[528]" classname="org.bitcoinj.utils.BtcFormatTest" time="0.0">
    <skipped/>
  </testcase>
  <testcase name="attributeTest[528]" classname="org.bitcoinj.utils.BtcFormatTest" time="0.0">
    <skipped/>
  </testcase>
  <testcase name="prefixTest[528]" classname="org.bitcoinj.utils.BtcFormatTest" time="0.0"/>
  <testcase name="suffixTest[528]" classname="org.bitcoinj.utils.BtcFormatTest" time="0.0">
    <skipped/>
  </testcase>
  <testcase name="autoDecimalTest[528]" classname="org.bitcoinj.utils.BtcFormatTest" time="0.001"/>
  <testcase name="symbolCollisionTest[528]" classname="org.bitcoinj.utils.BtcFormatTest" time="0.002"/>
  <testcase name="equalityTest[528]" classname="org.bitcoinj.utils.BtcFormatTest" time="0.003"/>
  <testcase name="columnAlignmentTest[528]" classname="org.bitcoinj.utils.BtcFormatTest" time="0.001"/>
  <testcase name="factoryTest[528]" classname="org.bitcoinj.utils.BtcFormatTest" time="0.0"/>
  <testcase name="parse[528]" classname="org.bitcoinj.utils.BtcFormatTest" time="0.0"/>
  <testcase name="btcRounding[528]" classname="org.bitcoinj.utils.BtcFormatTest" time="0.001"/>
  <testcase name="negativeTest[528]" classname="org.bitcoinj.utils.BtcFormatTest" time="0.0">
    <skipped/>
  </testcase>
  <testcase name="millicoinScaleTest[528]" classname="org.bitcoinj.utils.BtcFormatTest" time="0.0"/>
  <testcase name="toStringTest[528]" classname="org.bitcoinj.utils.BtcFormatTest" time="0.0">
    <skipped/>
  </testcase>
  <testcase name="testGrouping[528]" classname="org.bitcoinj.utils.BtcFormatTest" time="0.0"/>
  <testcase name="symbolsCodesTest[528]" classname="org.bitcoinj.utils.BtcFormatTest" time="0.001"/>
  <testcase name="defaultLocaleTest[528]" classname="org.bitcoinj.utils.BtcFormatTest" time="0.0"/>
  <testcase name="parsePositionTest[528]" classname="org.bitcoinj.utils.BtcFormatTest" time="0.0"/>
  <testcase name="argumentTypeTest[528]" classname="org.bitcoinj.utils.BtcFormatTest" time="0.0">
    <skipped/>
  </testcase>
  <testcase name="characterIteratorTest[528]" classname="org.bitcoinj.utils.BtcFormatTest" time="0.001"/>
  <testcase name="repeatingPlaceTest[528]" classname="org.bitcoinj.utils.BtcFormatTest" time="0.0"/>
  <testcase name="currencyCodeTest[528]" classname="org.bitcoinj.utils.BtcFormatTest" time="0.0">
    <skipped/>
  </testcase>
  <testcase name="patternDecimalPlaces[528]" classname="org.bitcoinj.utils.BtcFormatTest" time="0.0"/>
  <testcase name="factoryArgumentsTest[529]" classname="org.bitcoinj.utils.BtcFormatTest" time="0.001"/>
  <testcase name="parseTest[529]" classname="org.bitcoinj.utils.BtcFormatTest" time="0.0">
    <skipped/>
  </testcase>
  <testcase name="microcoinScaleTest[529]" classname="org.bitcoinj.utils.BtcFormatTest" time="0.0"/>
  <testcase name="parseMetricTest[529]" classname="org.bitcoinj.utils.BtcFormatTest" time="0.001"/>
  <testcase name="coinScaleTest[529]" classname="org.bitcoinj.utils.BtcFormatTest" time="0.0"/>
  <testcase name="builderTest[529]" classname="org.bitcoinj.utils.BtcFormatTest" time="0.0">
    <skipped/>
  </testcase>
  <testcase name="attributeTest[529]" classname="org.bitcoinj.utils.BtcFormatTest" time="0.0">
    <skipped/>
  </testcase>
  <testcase name="prefixTest[529]" classname="org.bitcoinj.utils.BtcFormatTest" time="0.0"/>
  <testcase name="suffixTest[529]" classname="org.bitcoinj.utils.BtcFormatTest" time="0.0">
    <skipped/>
  </testcase>
  <testcase name="autoDecimalTest[529]" classname="org.bitcoinj.utils.BtcFormatTest" time="0.001"/>
  <testcase name="symbolCollisionTest[529]" classname="org.bitcoinj.utils.BtcFormatTest" time="0.001"/>
  <testcase name="equalityTest[529]" classname="org.bitcoinj.utils.BtcFormatTest" time="0.002"/>
  <testcase name="columnAlignmentTest[529]" classname="org.bitcoinj.utils.BtcFormatTest" time="0.0"/>
  <testcase name="factoryTest[529]" classname="org.bitcoinj.utils.BtcFormatTest" time="0.0"/>
  <testcase name="parse[529]" classname="org.bitcoinj.utils.BtcFormatTest" time="0.0"/>
  <testcase name="btcRounding[529]" classname="org.bitcoinj.utils.BtcFormatTest" time="0.002"/>
  <testcase name="negativeTest[529]" classname="org.bitcoinj.utils.BtcFormatTest" time="0.0">
    <skipped/>
  </testcase>
  <testcase name="millicoinScaleTest[529]" classname="org.bitcoinj.utils.BtcFormatTest" time="0.0"/>
  <testcase name="toStringTest[529]" classname="org.bitcoinj.utils.BtcFormatTest" time="0.0">
    <skipped/>
  </testcase>
  <testcase name="testGrouping[529]" classname="org.bitcoinj.utils.BtcFormatTest" time="0.0"/>
  <testcase name="symbolsCodesTest[529]" classname="org.bitcoinj.utils.BtcFormatTest" time="0.001"/>
  <testcase name="defaultLocaleTest[529]" classname="org.bitcoinj.utils.BtcFormatTest" time="0.0"/>
  <testcase name="parsePositionTest[529]" classname="org.bitcoinj.utils.BtcFormatTest" time="0.0"/>
  <testcase name="argumentTypeTest[529]" classname="org.bitcoinj.utils.BtcFormatTest" time="0.0">
    <skipped/>
  </testcase>
  <testcase name="characterIteratorTest[529]" classname="org.bitcoinj.utils.BtcFormatTest" time="0.0"/>
  <testcase name="repeatingPlaceTest[529]" classname="org.bitcoinj.utils.BtcFormatTest" time="0.001"/>
  <testcase name="currencyCodeTest[529]" classname="org.bitcoinj.utils.BtcFormatTest" time="0.0">
    <skipped/>
  </testcase>
  <testcase name="patternDecimalPlaces[529]" classname="org.bitcoinj.utils.BtcFormatTest" time="0.0"/>
  <testcase name="factoryArgumentsTest[530]" classname="org.bitcoinj.utils.BtcFormatTest" time="0.0"/>
  <testcase name="parseTest[530]" classname="org.bitcoinj.utils.BtcFormatTest" time="0.0">
    <skipped/>
  </testcase>
  <testcase name="microcoinScaleTest[530]" classname="org.bitcoinj.utils.BtcFormatTest" time="0.001"/>
  <testcase name="parseMetricTest[530]" classname="org.bitcoinj.utils.BtcFormatTest" time="0.001"/>
  <testcase name="coinScaleTest[530]" classname="org.bitcoinj.utils.BtcFormatTest" time="0.0"/>
  <testcase name="builderTest[530]" classname="org.bitcoinj.utils.BtcFormatTest" time="0.0">
    <skipped/>
  </testcase>
  <testcase name="attributeTest[530]" classname="org.bitcoinj.utils.BtcFormatTest" time="0.0">
    <skipped/>
  </testcase>
  <testcase name="prefixTest[530]" classname="org.bitcoinj.utils.BtcFormatTest" time="0.0"/>
  <testcase name="suffixTest[530]" classname="org.bitcoinj.utils.BtcFormatTest" time="0.0">
    <skipped/>
  </testcase>
  <testcase name="autoDecimalTest[530]" classname="org.bitcoinj.utils.BtcFormatTest" time="0.001"/>
  <testcase name="symbolCollisionTest[530]" classname="org.bitcoinj.utils.BtcFormatTest" time="0.001"/>
  <testcase name="equalityTest[530]" classname="org.bitcoinj.utils.BtcFormatTest" time="0.002"/>
  <testcase name="columnAlignmentTest[530]" classname="org.bitcoinj.utils.BtcFormatTest" time="0.0"/>
  <testcase name="factoryTest[530]" classname="org.bitcoinj.utils.BtcFormatTest" time="0.0"/>
  <testcase name="parse[530]" classname="org.bitcoinj.utils.BtcFormatTest" time="0.0"/>
  <testcase name="btcRounding[530]" classname="org.bitcoinj.utils.BtcFormatTest" time="0.001"/>
  <testcase name="negativeTest[530]" classname="org.bitcoinj.utils.BtcFormatTest" time="0.0">
    <skipped/>
  </testcase>
  <testcase name="millicoinScaleTest[530]" classname="org.bitcoinj.utils.BtcFormatTest" time="0.0"/>
  <testcase name="toStringTest[530]" classname="org.bitcoinj.utils.BtcFormatTest" time="0.0">
    <skipped/>
  </testcase>
  <testcase name="testGrouping[530]" classname="org.bitcoinj.utils.BtcFormatTest" time="0.001"/>
  <testcase name="symbolsCodesTest[530]" classname="org.bitcoinj.utils.BtcFormatTest" time="0.0"/>
  <testcase name="defaultLocaleTest[530]" classname="org.bitcoinj.utils.BtcFormatTest" time="0.0"/>
  <testcase name="parsePositionTest[530]" classname="org.bitcoinj.utils.BtcFormatTest" time="0.0"/>
  <testcase name="argumentTypeTest[530]" classname="org.bitcoinj.utils.BtcFormatTest" time="0.0">
    <skipped/>
  </testcase>
  <testcase name="characterIteratorTest[530]" classname="org.bitcoinj.utils.BtcFormatTest" time="0.001"/>
  <testcase name="repeatingPlaceTest[530]" classname="org.bitcoinj.utils.BtcFormatTest" time="0.0"/>
  <testcase name="currencyCodeTest[530]" classname="org.bitcoinj.utils.BtcFormatTest" time="0.0">
    <skipped/>
  </testcase>
  <testcase name="patternDecimalPlaces[530]" classname="org.bitcoinj.utils.BtcFormatTest" time="0.0"/>
  <testcase name="factoryArgumentsTest[531]" classname="org.bitcoinj.utils.BtcFormatTest" time="0.001"/>
  <testcase name="parseTest[531]" classname="org.bitcoinj.utils.BtcFormatTest" time="0.0">
    <skipped/>
  </testcase>
  <testcase name="microcoinScaleTest[531]" classname="org.bitcoinj.utils.BtcFormatTest" time="0.0"/>
  <testcase name="parseMetricTest[531]" classname="org.bitcoinj.utils.BtcFormatTest" time="0.001"/>
  <testcase name="coinScaleTest[531]" classname="org.bitcoinj.utils.BtcFormatTest" time="0.0"/>
  <testcase name="builderTest[531]" classname="org.bitcoinj.utils.BtcFormatTest" time="0.0">
    <skipped/>
  </testcase>
  <testcase name="attributeTest[531]" classname="org.bitcoinj.utils.BtcFormatTest" time="0.0">
    <skipped/>
  </testcase>
  <testcase name="prefixTest[531]" classname="org.bitcoinj.utils.BtcFormatTest" time="0.0"/>
  <testcase name="suffixTest[531]" classname="org.bitcoinj.utils.BtcFormatTest" time="0.0">
    <skipped/>
  </testcase>
  <testcase name="autoDecimalTest[531]" classname="org.bitcoinj.utils.BtcFormatTest" time="0.001"/>
  <testcase name="symbolCollisionTest[531]" classname="org.bitcoinj.utils.BtcFormatTest" time="0.001"/>
  <testcase name="equalityTest[531]" classname="org.bitcoinj.utils.BtcFormatTest" time="0.002"/>
  <testcase name="columnAlignmentTest[531]" classname="org.bitcoinj.utils.BtcFormatTest" time="0.0"/>
  <testcase name="factoryTest[531]" classname="org.bitcoinj.utils.BtcFormatTest" time="0.001"/>
  <testcase name="parse[531]" classname="org.bitcoinj.utils.BtcFormatTest" time="0.0"/>
  <testcase name="btcRounding[531]" classname="org.bitcoinj.utils.BtcFormatTest" time="0.001"/>
  <testcase name="negativeTest[531]" classname="org.bitcoinj.utils.BtcFormatTest" time="0.0">
    <skipped/>
  </testcase>
  <testcase name="millicoinScaleTest[531]" classname="org.bitcoinj.utils.BtcFormatTest" time="0.0"/>
  <testcase name="toStringTest[531]" classname="org.bitcoinj.utils.BtcFormatTest" time="0.0">
    <skipped/>
  </testcase>
  <testcase name="testGrouping[531]" classname="org.bitcoinj.utils.BtcFormatTest" time="0.0"/>
  <testcase name="symbolsCodesTest[531]" classname="org.bitcoinj.utils.BtcFormatTest" time="0.001"/>
  <testcase name="defaultLocaleTest[531]" classname="org.bitcoinj.utils.BtcFormatTest" time="0.001"/>
  <testcase name="parsePositionTest[531]" classname="org.bitcoinj.utils.BtcFormatTest" time="0.0"/>
  <testcase name="argumentTypeTest[531]" classname="org.bitcoinj.utils.BtcFormatTest" time="0.0">
    <skipped/>
  </testcase>
  <testcase name="characterIteratorTest[531]" classname="org.bitcoinj.utils.BtcFormatTest" time="0.0"/>
  <testcase name="repeatingPlaceTest[531]" classname="org.bitcoinj.utils.BtcFormatTest" time="0.0"/>
  <testcase name="currencyCodeTest[531]" classname="org.bitcoinj.utils.BtcFormatTest" time="0.0">
    <skipped/>
  </testcase>
  <testcase name="patternDecimalPlaces[531]" classname="org.bitcoinj.utils.BtcFormatTest" time="0.0"/>
  <testcase name="factoryArgumentsTest[532]" classname="org.bitcoinj.utils.BtcFormatTest" time="0.001"/>
  <testcase name="parseTest[532]" classname="org.bitcoinj.utils.BtcFormatTest" time="0.0">
    <skipped/>
  </testcase>
  <testcase name="microcoinScaleTest[532]" classname="org.bitcoinj.utils.BtcFormatTest" time="0.0"/>
  <testcase name="parseMetricTest[532]" classname="org.bitcoinj.utils.BtcFormatTest" time="0.001"/>
  <testcase name="coinScaleTest[532]" classname="org.bitcoinj.utils.BtcFormatTest" time="0.0"/>
  <testcase name="builderTest[532]" classname="org.bitcoinj.utils.BtcFormatTest" time="0.0">
    <skipped/>
  </testcase>
  <testcase name="attributeTest[532]" classname="org.bitcoinj.utils.BtcFormatTest" time="0.0">
    <skipped/>
  </testcase>
  <testcase name="prefixTest[532]" classname="org.bitcoinj.utils.BtcFormatTest" time="0.0"/>
  <testcase name="suffixTest[532]" classname="org.bitcoinj.utils.BtcFormatTest" time="0.0">
    <skipped/>
  </testcase>
  <testcase name="autoDecimalTest[532]" classname="org.bitcoinj.utils.BtcFormatTest" time="0.001"/>
  <testcase name="symbolCollisionTest[532]" classname="org.bitcoinj.utils.BtcFormatTest" time="0.002"/>
  <testcase name="equalityTest[532]" classname="org.bitcoinj.utils.BtcFormatTest" time="0.005"/>
  <testcase name="columnAlignmentTest[532]" classname="org.bitcoinj.utils.BtcFormatTest" time="0.0"/>
  <testcase name="factoryTest[532]" classname="org.bitcoinj.utils.BtcFormatTest" time="0.0"/>
  <testcase name="parse[532]" classname="org.bitcoinj.utils.BtcFormatTest" time="0.001"/>
  <testcase name="btcRounding[532]" classname="org.bitcoinj.utils.BtcFormatTest" time="0.001"/>
  <testcase name="negativeTest[532]" classname="org.bitcoinj.utils.BtcFormatTest" time="0.0">
    <skipped/>
  </testcase>
  <testcase name="millicoinScaleTest[532]" classname="org.bitcoinj.utils.BtcFormatTest" time="0.0"/>
  <testcase name="toStringTest[532]" classname="org.bitcoinj.utils.BtcFormatTest" time="0.0">
    <skipped/>
  </testcase>
  <testcase name="testGrouping[532]" classname="org.bitcoinj.utils.BtcFormatTest" time="0.0"/>
  <testcase name="symbolsCodesTest[532]" classname="org.bitcoinj.utils.BtcFormatTest" time="0.001"/>
  <testcase name="defaultLocaleTest[532]" classname="org.bitcoinj.utils.BtcFormatTest" time="0.001"/>
  <testcase name="parsePositionTest[532]" classname="org.bitcoinj.utils.BtcFormatTest" time="0.0"/>
  <testcase name="argumentTypeTest[532]" classname="org.bitcoinj.utils.BtcFormatTest" time="0.0">
    <skipped/>
  </testcase>
  <testcase name="characterIteratorTest[532]" classname="org.bitcoinj.utils.BtcFormatTest" time="0.0"/>
  <testcase name="repeatingPlaceTest[532]" classname="org.bitcoinj.utils.BtcFormatTest" time="0.001"/>
  <testcase name="currencyCodeTest[532]" classname="org.bitcoinj.utils.BtcFormatTest" time="0.0">
    <skipped/>
  </testcase>
  <testcase name="patternDecimalPlaces[532]" classname="org.bitcoinj.utils.BtcFormatTest" time="0.0"/>
  <testcase name="factoryArgumentsTest[533]" classname="org.bitcoinj.utils.BtcFormatTest" time="0.001"/>
  <testcase name="parseTest[533]" classname="org.bitcoinj.utils.BtcFormatTest" time="0.0">
    <skipped/>
  </testcase>
  <testcase name="microcoinScaleTest[533]" classname="org.bitcoinj.utils.BtcFormatTest" time="0.0"/>
  <testcase name="parseMetricTest[533]" classname="org.bitcoinj.utils.BtcFormatTest" time="0.01"/>
  <testcase name="coinScaleTest[533]" classname="org.bitcoinj.utils.BtcFormatTest" time="0.0"/>
  <testcase name="builderTest[533]" classname="org.bitcoinj.utils.BtcFormatTest" time="0.0">
    <skipped/>
  </testcase>
  <testcase name="attributeTest[533]" classname="org.bitcoinj.utils.BtcFormatTest" time="0.0">
    <skipped/>
  </testcase>
  <testcase name="prefixTest[533]" classname="org.bitcoinj.utils.BtcFormatTest" time="0.0"/>
  <testcase name="suffixTest[533]" classname="org.bitcoinj.utils.BtcFormatTest" time="0.0">
    <skipped/>
  </testcase>
  <testcase name="autoDecimalTest[533]" classname="org.bitcoinj.utils.BtcFormatTest" time="0.0"/>
  <testcase name="symbolCollisionTest[533]" classname="org.bitcoinj.utils.BtcFormatTest" time="0.002"/>
  <testcase name="equalityTest[533]" classname="org.bitcoinj.utils.BtcFormatTest" time="0.001"/>
  <testcase name="columnAlignmentTest[533]" classname="org.bitcoinj.utils.BtcFormatTest" time="0.0"/>
  <testcase name="factoryTest[533]" classname="org.bitcoinj.utils.BtcFormatTest" time="0.0"/>
  <testcase name="parse[533]" classname="org.bitcoinj.utils.BtcFormatTest" time="0.001"/>
  <testcase name="btcRounding[533]" classname="org.bitcoinj.utils.BtcFormatTest" time="0.001"/>
  <testcase name="negativeTest[533]" classname="org.bitcoinj.utils.BtcFormatTest" time="0.0">
    <skipped/>
  </testcase>
  <testcase name="millicoinScaleTest[533]" classname="org.bitcoinj.utils.BtcFormatTest" time="0.0"/>
  <testcase name="toStringTest[533]" classname="org.bitcoinj.utils.BtcFormatTest" time="0.0">
    <skipped/>
  </testcase>
  <testcase name="testGrouping[533]" classname="org.bitcoinj.utils.BtcFormatTest" time="0.0"/>
  <testcase name="symbolsCodesTest[533]" classname="org.bitcoinj.utils.BtcFormatTest" time="0.004"/>
  <testcase name="defaultLocaleTest[533]" classname="org.bitcoinj.utils.BtcFormatTest" time="0.0"/>
  <testcase name="parsePositionTest[533]" classname="org.bitcoinj.utils.BtcFormatTest" time="0.001"/>
  <testcase name="argumentTypeTest[533]" classname="org.bitcoinj.utils.BtcFormatTest" time="0.0">
    <skipped/>
  </testcase>
  <testcase name="characterIteratorTest[533]" classname="org.bitcoinj.utils.BtcFormatTest" time="0.0"/>
  <testcase name="repeatingPlaceTest[533]" classname="org.bitcoinj.utils.BtcFormatTest" time="0.0"/>
  <testcase name="currencyCodeTest[533]" classname="org.bitcoinj.utils.BtcFormatTest" time="0.0">
    <skipped/>
  </testcase>
  <testcase name="patternDecimalPlaces[533]" classname="org.bitcoinj.utils.BtcFormatTest" time="0.0"/>
  <testcase name="factoryArgumentsTest[534]" classname="org.bitcoinj.utils.BtcFormatTest" time="0.001"/>
  <testcase name="parseTest[534]" classname="org.bitcoinj.utils.BtcFormatTest" time="0.0">
    <skipped/>
  </testcase>
  <testcase name="microcoinScaleTest[534]" classname="org.bitcoinj.utils.BtcFormatTest" time="0.0"/>
  <testcase name="parseMetricTest[534]" classname="org.bitcoinj.utils.BtcFormatTest" time="0.001"/>
  <testcase name="coinScaleTest[534]" classname="org.bitcoinj.utils.BtcFormatTest" time="0.001"/>
  <testcase name="builderTest[534]" classname="org.bitcoinj.utils.BtcFormatTest" time="0.0">
    <skipped/>
  </testcase>
  <testcase name="attributeTest[534]" classname="org.bitcoinj.utils.BtcFormatTest" time="0.0">
    <skipped/>
  </testcase>
  <testcase name="prefixTest[534]" classname="org.bitcoinj.utils.BtcFormatTest" time="0.0"/>
  <testcase name="suffixTest[534]" classname="org.bitcoinj.utils.BtcFormatTest" time="0.0">
    <skipped/>
  </testcase>
  <testcase name="autoDecimalTest[534]" classname="org.bitcoinj.utils.BtcFormatTest" time="0.0"/>
  <testcase name="symbolCollisionTest[534]" classname="org.bitcoinj.utils.BtcFormatTest" time="0.002"/>
  <testcase name="equalityTest[534]" classname="org.bitcoinj.utils.BtcFormatTest" time="0.001"/>
  <testcase name="columnAlignmentTest[534]" classname="org.bitcoinj.utils.BtcFormatTest" time="0.0"/>
  <testcase name="factoryTest[534]" classname="org.bitcoinj.utils.BtcFormatTest" time="0.001"/>
  <testcase name="parse[534]" classname="org.bitcoinj.utils.BtcFormatTest" time="0.0"/>
  <testcase name="btcRounding[534]" classname="org.bitcoinj.utils.BtcFormatTest" time="0.001"/>
  <testcase name="negativeTest[534]" classname="org.bitcoinj.utils.BtcFormatTest" time="0.0">
    <skipped/>
  </testcase>
  <testcase name="millicoinScaleTest[534]" classname="org.bitcoinj.utils.BtcFormatTest" time="0.0"/>
  <testcase name="toStringTest[534]" classname="org.bitcoinj.utils.BtcFormatTest" time="0.0">
    <skipped/>
  </testcase>
  <testcase name="testGrouping[534]" classname="org.bitcoinj.utils.BtcFormatTest" time="0.0"/>
  <testcase name="symbolsCodesTest[534]" classname="org.bitcoinj.utils.BtcFormatTest" time="0.001"/>
  <testcase name="defaultLocaleTest[534]" classname="org.bitcoinj.utils.BtcFormatTest" time="0.0"/>
  <testcase name="parsePositionTest[534]" classname="org.bitcoinj.utils.BtcFormatTest" time="0.0"/>
  <testcase name="argumentTypeTest[534]" classname="org.bitcoinj.utils.BtcFormatTest" time="0.0">
    <skipped/>
  </testcase>
  <testcase name="characterIteratorTest[534]" classname="org.bitcoinj.utils.BtcFormatTest" time="0.001"/>
  <testcase name="repeatingPlaceTest[534]" classname="org.bitcoinj.utils.BtcFormatTest" time="0.0"/>
  <testcase name="currencyCodeTest[534]" classname="org.bitcoinj.utils.BtcFormatTest" time="0.0">
    <skipped/>
  </testcase>
  <testcase name="patternDecimalPlaces[534]" classname="org.bitcoinj.utils.BtcFormatTest" time="0.0"/>
  <testcase name="factoryArgumentsTest[535]" classname="org.bitcoinj.utils.BtcFormatTest" time="0.001"/>
  <testcase name="parseTest[535]" classname="org.bitcoinj.utils.BtcFormatTest" time="0.0">
    <skipped/>
  </testcase>
  <testcase name="microcoinScaleTest[535]" classname="org.bitcoinj.utils.BtcFormatTest" time="0.0"/>
  <testcase name="parseMetricTest[535]" classname="org.bitcoinj.utils.BtcFormatTest" time="0.001"/>
  <testcase name="coinScaleTest[535]" classname="org.bitcoinj.utils.BtcFormatTest" time="0.0"/>
  <testcase name="builderTest[535]" classname="org.bitcoinj.utils.BtcFormatTest" time="0.0">
    <skipped/>
  </testcase>
  <testcase name="attributeTest[535]" classname="org.bitcoinj.utils.BtcFormatTest" time="0.0">
    <skipped/>
  </testcase>
  <testcase name="prefixTest[535]" classname="org.bitcoinj.utils.BtcFormatTest" time="0.0"/>
  <testcase name="suffixTest[535]" classname="org.bitcoinj.utils.BtcFormatTest" time="0.0">
    <skipped/>
  </testcase>
  <testcase name="autoDecimalTest[535]" classname="org.bitcoinj.utils.BtcFormatTest" time="0.001"/>
  <testcase name="symbolCollisionTest[535]" classname="org.bitcoinj.utils.BtcFormatTest" time="0.001"/>
  <testcase name="equalityTest[535]" classname="org.bitcoinj.utils.BtcFormatTest" time="0.001"/>
  <testcase name="columnAlignmentTest[535]" classname="org.bitcoinj.utils.BtcFormatTest" time="0.0"/>
  <testcase name="factoryTest[535]" classname="org.bitcoinj.utils.BtcFormatTest" time="0.0"/>
  <testcase name="parse[535]" classname="org.bitcoinj.utils.BtcFormatTest" time="0.0"/>
  <testcase name="btcRounding[535]" classname="org.bitcoinj.utils.BtcFormatTest" time="0.002"/>
  <testcase name="negativeTest[535]" classname="org.bitcoinj.utils.BtcFormatTest" time="0.0">
    <skipped/>
  </testcase>
  <testcase name="millicoinScaleTest[535]" classname="org.bitcoinj.utils.BtcFormatTest" time="0.0"/>
  <testcase name="toStringTest[535]" classname="org.bitcoinj.utils.BtcFormatTest" time="0.0">
    <skipped/>
  </testcase>
  <testcase name="testGrouping[535]" classname="org.bitcoinj.utils.BtcFormatTest" time="0.0"/>
  <testcase name="symbolsCodesTest[535]" classname="org.bitcoinj.utils.BtcFormatTest" time="0.001"/>
  <testcase name="defaultLocaleTest[535]" classname="org.bitcoinj.utils.BtcFormatTest" time="0.0"/>
  <testcase name="parsePositionTest[535]" classname="org.bitcoinj.utils.BtcFormatTest" time="0.0"/>
  <testcase name="argumentTypeTest[535]" classname="org.bitcoinj.utils.BtcFormatTest" time="0.0">
    <skipped/>
  </testcase>
  <testcase name="characterIteratorTest[535]" classname="org.bitcoinj.utils.BtcFormatTest" time="0.0"/>
  <testcase name="repeatingPlaceTest[535]" classname="org.bitcoinj.utils.BtcFormatTest" time="0.0"/>
  <testcase name="currencyCodeTest[535]" classname="org.bitcoinj.utils.BtcFormatTest" time="0.0">
    <skipped/>
  </testcase>
  <testcase name="patternDecimalPlaces[535]" classname="org.bitcoinj.utils.BtcFormatTest" time="0.0"/>
  <testcase name="factoryArgumentsTest[536]" classname="org.bitcoinj.utils.BtcFormatTest" time="0.002"/>
  <testcase name="parseTest[536]" classname="org.bitcoinj.utils.BtcFormatTest" time="0.0">
    <skipped/>
  </testcase>
  <testcase name="microcoinScaleTest[536]" classname="org.bitcoinj.utils.BtcFormatTest" time="0.0"/>
  <testcase name="parseMetricTest[536]" classname="org.bitcoinj.utils.BtcFormatTest" time="0.001"/>
  <testcase name="coinScaleTest[536]" classname="org.bitcoinj.utils.BtcFormatTest" time="0.001"/>
  <testcase name="builderTest[536]" classname="org.bitcoinj.utils.BtcFormatTest" time="0.0">
    <skipped/>
  </testcase>
  <testcase name="attributeTest[536]" classname="org.bitcoinj.utils.BtcFormatTest" time="0.0">
    <skipped/>
  </testcase>
  <testcase name="prefixTest[536]" classname="org.bitcoinj.utils.BtcFormatTest" time="0.0"/>
  <testcase name="suffixTest[536]" classname="org.bitcoinj.utils.BtcFormatTest" time="0.0">
    <skipped/>
  </testcase>
  <testcase name="autoDecimalTest[536]" classname="org.bitcoinj.utils.BtcFormatTest" time="0.001"/>
  <testcase name="symbolCollisionTest[536]" classname="org.bitcoinj.utils.BtcFormatTest" time="0.002"/>
  <testcase name="equalityTest[536]" classname="org.bitcoinj.utils.BtcFormatTest" time="0.003"/>
  <testcase name="columnAlignmentTest[536]" classname="org.bitcoinj.utils.BtcFormatTest" time="0.0"/>
  <testcase name="factoryTest[536]" classname="org.bitcoinj.utils.BtcFormatTest" time="0.0"/>
  <testcase name="parse[536]" classname="org.bitcoinj.utils.BtcFormatTest" time="0.0"/>
  <testcase name="btcRounding[536]" classname="org.bitcoinj.utils.BtcFormatTest" time="0.001"/>
  <testcase name="negativeTest[536]" classname="org.bitcoinj.utils.BtcFormatTest" time="0.0">
    <skipped/>
  </testcase>
  <testcase name="millicoinScaleTest[536]" classname="org.bitcoinj.utils.BtcFormatTest" time="0.001"/>
  <testcase name="toStringTest[536]" classname="org.bitcoinj.utils.BtcFormatTest" time="0.0">
    <skipped/>
  </testcase>
  <testcase name="testGrouping[536]" classname="org.bitcoinj.utils.BtcFormatTest" time="0.0"/>
  <testcase name="symbolsCodesTest[536]" classname="org.bitcoinj.utils.BtcFormatTest" time="0.0"/>
  <testcase name="defaultLocaleTest[536]" classname="org.bitcoinj.utils.BtcFormatTest" time="0.001"/>
  <testcase name="parsePositionTest[536]" classname="org.bitcoinj.utils.BtcFormatTest" time="0.0"/>
  <testcase name="argumentTypeTest[536]" classname="org.bitcoinj.utils.BtcFormatTest" time="0.0">
    <skipped/>
  </testcase>
  <testcase name="characterIteratorTest[536]" classname="org.bitcoinj.utils.BtcFormatTest" time="0.0"/>
  <testcase name="repeatingPlaceTest[536]" classname="org.bitcoinj.utils.BtcFormatTest" time="0.0"/>
  <testcase name="currencyCodeTest[536]" classname="org.bitcoinj.utils.BtcFormatTest" time="0.0">
    <skipped/>
  </testcase>
  <testcase name="patternDecimalPlaces[536]" classname="org.bitcoinj.utils.BtcFormatTest" time="0.0"/>
  <testcase name="factoryArgumentsTest[537]" classname="org.bitcoinj.utils.BtcFormatTest" time="0.001"/>
  <testcase name="parseTest[537]" classname="org.bitcoinj.utils.BtcFormatTest" time="0.0">
    <skipped/>
  </testcase>
  <testcase name="microcoinScaleTest[537]" classname="org.bitcoinj.utils.BtcFormatTest" time="0.0"/>
  <testcase name="parseMetricTest[537]" classname="org.bitcoinj.utils.BtcFormatTest" time="0.001"/>
  <testcase name="coinScaleTest[537]" classname="org.bitcoinj.utils.BtcFormatTest" time="0.0"/>
  <testcase name="builderTest[537]" classname="org.bitcoinj.utils.BtcFormatTest" time="0.0">
    <skipped/>
  </testcase>
  <testcase name="attributeTest[537]" classname="org.bitcoinj.utils.BtcFormatTest" time="0.0">
    <skipped/>
  </testcase>
  <testcase name="prefixTest[537]" classname="org.bitcoinj.utils.BtcFormatTest" time="0.0"/>
  <testcase name="suffixTest[537]" classname="org.bitcoinj.utils.BtcFormatTest" time="0.0">
    <skipped/>
  </testcase>
  <testcase name="autoDecimalTest[537]" classname="org.bitcoinj.utils.BtcFormatTest" time="0.0"/>
  <testcase name="symbolCollisionTest[537]" classname="org.bitcoinj.utils.BtcFormatTest" time="0.002"/>
  <testcase name="equalityTest[537]" classname="org.bitcoinj.utils.BtcFormatTest" time="0.002"/>
  <testcase name="columnAlignmentTest[537]" classname="org.bitcoinj.utils.BtcFormatTest" time="0.0"/>
  <testcase name="factoryTest[537]" classname="org.bitcoinj.utils.BtcFormatTest" time="0.0"/>
  <testcase name="parse[537]" classname="org.bitcoinj.utils.BtcFormatTest" time="0.0"/>
  <testcase name="btcRounding[537]" classname="org.bitcoinj.utils.BtcFormatTest" time="0.001"/>
  <testcase name="negativeTest[537]" classname="org.bitcoinj.utils.BtcFormatTest" time="0.0">
    <skipped/>
  </testcase>
  <testcase name="millicoinScaleTest[537]" classname="org.bitcoinj.utils.BtcFormatTest" time="0.0"/>
  <testcase name="toStringTest[537]" classname="org.bitcoinj.utils.BtcFormatTest" time="0.0">
    <skipped/>
  </testcase>
  <testcase name="testGrouping[537]" classname="org.bitcoinj.utils.BtcFormatTest" time="0.0"/>
  <testcase name="symbolsCodesTest[537]" classname="org.bitcoinj.utils.BtcFormatTest" time="0.0"/>
  <testcase name="defaultLocaleTest[537]" classname="org.bitcoinj.utils.BtcFormatTest" time="0.0"/>
  <testcase name="parsePositionTest[537]" classname="org.bitcoinj.utils.BtcFormatTest" time="0.0"/>
  <testcase name="argumentTypeTest[537]" classname="org.bitcoinj.utils.BtcFormatTest" time="0.0">
    <skipped/>
  </testcase>
  <testcase name="characterIteratorTest[537]" classname="org.bitcoinj.utils.BtcFormatTest" time="0.0"/>
  <testcase name="repeatingPlaceTest[537]" classname="org.bitcoinj.utils.BtcFormatTest" time="0.0"/>
  <testcase name="currencyCodeTest[537]" classname="org.bitcoinj.utils.BtcFormatTest" time="0.0">
    <skipped/>
  </testcase>
  <testcase name="patternDecimalPlaces[537]" classname="org.bitcoinj.utils.BtcFormatTest" time="0.001"/>
  <testcase name="factoryArgumentsTest[538]" classname="org.bitcoinj.utils.BtcFormatTest" time="0.0"/>
  <testcase name="parseTest[538]" classname="org.bitcoinj.utils.BtcFormatTest" time="0.0">
    <skipped/>
  </testcase>
  <testcase name="microcoinScaleTest[538]" classname="org.bitcoinj.utils.BtcFormatTest" time="0.0"/>
  <testcase name="parseMetricTest[538]" classname="org.bitcoinj.utils.BtcFormatTest" time="0.0"/>
  <testcase name="coinScaleTest[538]" classname="org.bitcoinj.utils.BtcFormatTest" time="0.0"/>
  <testcase name="builderTest[538]" classname="org.bitcoinj.utils.BtcFormatTest" time="0.0">
    <skipped/>
  </testcase>
  <testcase name="attributeTest[538]" classname="org.bitcoinj.utils.BtcFormatTest" time="0.0">
    <skipped/>
  </testcase>
  <testcase name="prefixTest[538]" classname="org.bitcoinj.utils.BtcFormatTest" time="0.001"/>
  <testcase name="suffixTest[538]" classname="org.bitcoinj.utils.BtcFormatTest" time="0.0">
    <skipped/>
  </testcase>
  <testcase name="autoDecimalTest[538]" classname="org.bitcoinj.utils.BtcFormatTest" time="0.001"/>
  <testcase name="symbolCollisionTest[538]" classname="org.bitcoinj.utils.BtcFormatTest" time="0.001"/>
  <testcase name="equalityTest[538]" classname="org.bitcoinj.utils.BtcFormatTest" time="0.002"/>
  <testcase name="columnAlignmentTest[538]" classname="org.bitcoinj.utils.BtcFormatTest" time="0.0"/>
  <testcase name="factoryTest[538]" classname="org.bitcoinj.utils.BtcFormatTest" time="0.0"/>
  <testcase name="parse[538]" classname="org.bitcoinj.utils.BtcFormatTest" time="0.0"/>
  <testcase name="btcRounding[538]" classname="org.bitcoinj.utils.BtcFormatTest" time="0.001"/>
  <testcase name="negativeTest[538]" classname="org.bitcoinj.utils.BtcFormatTest" time="0.0">
    <skipped/>
  </testcase>
  <testcase name="millicoinScaleTest[538]" classname="org.bitcoinj.utils.BtcFormatTest" time="0.0"/>
  <testcase name="toStringTest[538]" classname="org.bitcoinj.utils.BtcFormatTest" time="0.0">
    <skipped/>
  </testcase>
  <testcase name="testGrouping[538]" classname="org.bitcoinj.utils.BtcFormatTest" time="0.001"/>
  <testcase name="symbolsCodesTest[538]" classname="org.bitcoinj.utils.BtcFormatTest" time="0.0"/>
  <testcase name="defaultLocaleTest[538]" classname="org.bitcoinj.utils.BtcFormatTest" time="0.0"/>
  <testcase name="parsePositionTest[538]" classname="org.bitcoinj.utils.BtcFormatTest" time="0.001"/>
  <testcase name="argumentTypeTest[538]" classname="org.bitcoinj.utils.BtcFormatTest" time="0.0">
    <skipped/>
  </testcase>
  <testcase name="characterIteratorTest[538]" classname="org.bitcoinj.utils.BtcFormatTest" time="0.0"/>
  <testcase name="repeatingPlaceTest[538]" classname="org.bitcoinj.utils.BtcFormatTest" time="0.0"/>
  <testcase name="currencyCodeTest[538]" classname="org.bitcoinj.utils.BtcFormatTest" time="0.0">
    <skipped/>
  </testcase>
  <testcase name="patternDecimalPlaces[538]" classname="org.bitcoinj.utils.BtcFormatTest" time="0.0"/>
  <testcase name="factoryArgumentsTest[539]" classname="org.bitcoinj.utils.BtcFormatTest" time="0.001"/>
  <testcase name="parseTest[539]" classname="org.bitcoinj.utils.BtcFormatTest" time="0.0">
    <skipped/>
  </testcase>
  <testcase name="microcoinScaleTest[539]" classname="org.bitcoinj.utils.BtcFormatTest" time="0.0"/>
  <testcase name="parseMetricTest[539]" classname="org.bitcoinj.utils.BtcFormatTest" time="0.001"/>
  <testcase name="coinScaleTest[539]" classname="org.bitcoinj.utils.BtcFormatTest" time="0.0"/>
  <testcase name="builderTest[539]" classname="org.bitcoinj.utils.BtcFormatTest" time="0.0">
    <skipped/>
  </testcase>
  <testcase name="attributeTest[539]" classname="org.bitcoinj.utils.BtcFormatTest" time="0.0">
    <skipped/>
  </testcase>
  <testcase name="prefixTest[539]" classname="org.bitcoinj.utils.BtcFormatTest" time="0.001"/>
  <testcase name="suffixTest[539]" classname="org.bitcoinj.utils.BtcFormatTest" time="0.0">
    <skipped/>
  </testcase>
  <testcase name="autoDecimalTest[539]" classname="org.bitcoinj.utils.BtcFormatTest" time="0.0"/>
  <testcase name="symbolCollisionTest[539]" classname="org.bitcoinj.utils.BtcFormatTest" time="0.002"/>
  <testcase name="equalityTest[539]" classname="org.bitcoinj.utils.BtcFormatTest" time="0.001"/>
  <testcase name="columnAlignmentTest[539]" classname="org.bitcoinj.utils.BtcFormatTest" time="0.0"/>
  <testcase name="factoryTest[539]" classname="org.bitcoinj.utils.BtcFormatTest" time="0.001"/>
  <testcase name="parse[539]" classname="org.bitcoinj.utils.BtcFormatTest" time="0.0"/>
  <testcase name="btcRounding[539]" classname="org.bitcoinj.utils.BtcFormatTest" time="0.001"/>
  <testcase name="negativeTest[539]" classname="org.bitcoinj.utils.BtcFormatTest" time="0.0">
    <skipped/>
  </testcase>
  <testcase name="millicoinScaleTest[539]" classname="org.bitcoinj.utils.BtcFormatTest" time="0.0"/>
  <testcase name="toStringTest[539]" classname="org.bitcoinj.utils.BtcFormatTest" time="0.0">
    <skipped/>
  </testcase>
  <testcase name="testGrouping[539]" classname="org.bitcoinj.utils.BtcFormatTest" time="0.0"/>
  <testcase name="symbolsCodesTest[539]" classname="org.bitcoinj.utils.BtcFormatTest" time="0.001"/>
  <testcase name="defaultLocaleTest[539]" classname="org.bitcoinj.utils.BtcFormatTest" time="0.0"/>
  <testcase name="parsePositionTest[539]" classname="org.bitcoinj.utils.BtcFormatTest" time="0.0"/>
  <testcase name="argumentTypeTest[539]" classname="org.bitcoinj.utils.BtcFormatTest" time="0.0">
    <skipped/>
  </testcase>
  <testcase name="characterIteratorTest[539]" classname="org.bitcoinj.utils.BtcFormatTest" time="0.001"/>
  <testcase name="repeatingPlaceTest[539]" classname="org.bitcoinj.utils.BtcFormatTest" time="0.0"/>
  <testcase name="currencyCodeTest[539]" classname="org.bitcoinj.utils.BtcFormatTest" time="0.0">
    <skipped/>
  </testcase>
  <testcase name="patternDecimalPlaces[539]" classname="org.bitcoinj.utils.BtcFormatTest" time="0.0"/>
  <testcase name="factoryArgumentsTest[540]" classname="org.bitcoinj.utils.BtcFormatTest" time="0.001"/>
  <testcase name="parseTest[540]" classname="org.bitcoinj.utils.BtcFormatTest" time="0.0">
    <skipped/>
  </testcase>
  <testcase name="microcoinScaleTest[540]" classname="org.bitcoinj.utils.BtcFormatTest" time="0.0"/>
  <testcase name="parseMetricTest[540]" classname="org.bitcoinj.utils.BtcFormatTest" time="0.001"/>
  <testcase name="coinScaleTest[540]" classname="org.bitcoinj.utils.BtcFormatTest" time="0.0"/>
  <testcase name="builderTest[540]" classname="org.bitcoinj.utils.BtcFormatTest" time="0.0">
    <skipped/>
  </testcase>
  <testcase name="attributeTest[540]" classname="org.bitcoinj.utils.BtcFormatTest" time="0.0">
    <skipped/>
  </testcase>
  <testcase name="prefixTest[540]" classname="org.bitcoinj.utils.BtcFormatTest" time="0.0"/>
  <testcase name="suffixTest[540]" classname="org.bitcoinj.utils.BtcFormatTest" time="0.0">
    <skipped/>
  </testcase>
  <testcase name="autoDecimalTest[540]" classname="org.bitcoinj.utils.BtcFormatTest" time="0.001"/>
  <testcase name="symbolCollisionTest[540]" classname="org.bitcoinj.utils.BtcFormatTest" time="0.001"/>
  <testcase name="equalityTest[540]" classname="org.bitcoinj.utils.BtcFormatTest" time="0.002"/>
  <testcase name="columnAlignmentTest[540]" classname="org.bitcoinj.utils.BtcFormatTest" time="0.0"/>
  <testcase name="factoryTest[540]" classname="org.bitcoinj.utils.BtcFormatTest" time="0.0"/>
  <testcase name="parse[540]" classname="org.bitcoinj.utils.BtcFormatTest" time="0.0"/>
  <testcase name="btcRounding[540]" classname="org.bitcoinj.utils.BtcFormatTest" time="0.002"/>
  <testcase name="negativeTest[540]" classname="org.bitcoinj.utils.BtcFormatTest" time="0.0">
    <skipped/>
  </testcase>
  <testcase name="millicoinScaleTest[540]" classname="org.bitcoinj.utils.BtcFormatTest" time="0.0"/>
  <testcase name="toStringTest[540]" classname="org.bitcoinj.utils.BtcFormatTest" time="0.0">
    <skipped/>
  </testcase>
  <testcase name="testGrouping[540]" classname="org.bitcoinj.utils.BtcFormatTest" time="0.001"/>
  <testcase name="symbolsCodesTest[540]" classname="org.bitcoinj.utils.BtcFormatTest" time="0.0"/>
  <testcase name="defaultLocaleTest[540]" classname="org.bitcoinj.utils.BtcFormatTest" time="0.001"/>
  <testcase name="parsePositionTest[540]" classname="org.bitcoinj.utils.BtcFormatTest" time="0.0"/>
  <testcase name="argumentTypeTest[540]" classname="org.bitcoinj.utils.BtcFormatTest" time="0.0">
    <skipped/>
  </testcase>
  <testcase name="characterIteratorTest[540]" classname="org.bitcoinj.utils.BtcFormatTest" time="0.0"/>
  <testcase name="repeatingPlaceTest[540]" classname="org.bitcoinj.utils.BtcFormatTest" time="0.0"/>
  <testcase name="currencyCodeTest[540]" classname="org.bitcoinj.utils.BtcFormatTest" time="0.0">
    <skipped/>
  </testcase>
  <testcase name="patternDecimalPlaces[540]" classname="org.bitcoinj.utils.BtcFormatTest" time="0.0"/>
  <testcase name="factoryArgumentsTest[541]" classname="org.bitcoinj.utils.BtcFormatTest" time="0.0"/>
  <testcase name="parseTest[541]" classname="org.bitcoinj.utils.BtcFormatTest" time="0.0">
    <skipped/>
  </testcase>
  <testcase name="microcoinScaleTest[541]" classname="org.bitcoinj.utils.BtcFormatTest" time="0.001"/>
  <testcase name="parseMetricTest[541]" classname="org.bitcoinj.utils.BtcFormatTest" time="0.0"/>
  <testcase name="coinScaleTest[541]" classname="org.bitcoinj.utils.BtcFormatTest" time="0.0"/>
  <testcase name="builderTest[541]" classname="org.bitcoinj.utils.BtcFormatTest" time="0.0">
    <skipped/>
  </testcase>
  <testcase name="attributeTest[541]" classname="org.bitcoinj.utils.BtcFormatTest" time="0.0">
    <skipped/>
  </testcase>
  <testcase name="prefixTest[541]" classname="org.bitcoinj.utils.BtcFormatTest" time="0.0"/>
  <testcase name="suffixTest[541]" classname="org.bitcoinj.utils.BtcFormatTest" time="0.0">
    <skipped/>
  </testcase>
  <testcase name="autoDecimalTest[541]" classname="org.bitcoinj.utils.BtcFormatTest" time="0.0"/>
  <testcase name="symbolCollisionTest[541]" classname="org.bitcoinj.utils.BtcFormatTest" time="0.002"/>
  <testcase name="equalityTest[541]" classname="org.bitcoinj.utils.BtcFormatTest" time="0.001"/>
  <testcase name="columnAlignmentTest[541]" classname="org.bitcoinj.utils.BtcFormatTest" time="0.001"/>
  <testcase name="factoryTest[541]" classname="org.bitcoinj.utils.BtcFormatTest" time="0.0"/>
  <testcase name="parse[541]" classname="org.bitcoinj.utils.BtcFormatTest" time="0.0"/>
  <testcase name="btcRounding[541]" classname="org.bitcoinj.utils.BtcFormatTest" time="0.001"/>
  <testcase name="negativeTest[541]" classname="org.bitcoinj.utils.BtcFormatTest" time="0.0">
    <skipped/>
  </testcase>
  <testcase name="millicoinScaleTest[541]" classname="org.bitcoinj.utils.BtcFormatTest" time="0.0"/>
  <testcase name="toStringTest[541]" classname="org.bitcoinj.utils.BtcFormatTest" time="0.0">
    <skipped/>
  </testcase>
  <testcase name="testGrouping[541]" classname="org.bitcoinj.utils.BtcFormatTest" time="0.0"/>
  <testcase name="symbolsCodesTest[541]" classname="org.bitcoinj.utils.BtcFormatTest" time="0.0"/>
  <testcase name="defaultLocaleTest[541]" classname="org.bitcoinj.utils.BtcFormatTest" time="0.0"/>
  <testcase name="parsePositionTest[541]" classname="org.bitcoinj.utils.BtcFormatTest" time="0.0"/>
  <testcase name="argumentTypeTest[541]" classname="org.bitcoinj.utils.BtcFormatTest" time="0.0">
    <skipped/>
  </testcase>
  <testcase name="characterIteratorTest[541]" classname="org.bitcoinj.utils.BtcFormatTest" time="0.0"/>
  <testcase name="repeatingPlaceTest[541]" classname="org.bitcoinj.utils.BtcFormatTest" time="0.0"/>
  <testcase name="currencyCodeTest[541]" classname="org.bitcoinj.utils.BtcFormatTest" time="0.0">
    <skipped/>
  </testcase>
  <testcase name="patternDecimalPlaces[541]" classname="org.bitcoinj.utils.BtcFormatTest" time="0.0"/>
  <testcase name="factoryArgumentsTest[542]" classname="org.bitcoinj.utils.BtcFormatTest" time="0.001"/>
  <testcase name="parseTest[542]" classname="org.bitcoinj.utils.BtcFormatTest" time="0.0">
    <skipped/>
  </testcase>
  <testcase name="microcoinScaleTest[542]" classname="org.bitcoinj.utils.BtcFormatTest" time="0.0"/>
  <testcase name="parseMetricTest[542]" classname="org.bitcoinj.utils.BtcFormatTest" time="0.002"/>
  <testcase name="coinScaleTest[542]" classname="org.bitcoinj.utils.BtcFormatTest" time="0.0"/>
  <testcase name="builderTest[542]" classname="org.bitcoinj.utils.BtcFormatTest" time="0.0">
    <skipped/>
  </testcase>
  <testcase name="attributeTest[542]" classname="org.bitcoinj.utils.BtcFormatTest" time="0.0">
    <skipped/>
  </testcase>
  <testcase name="prefixTest[542]" classname="org.bitcoinj.utils.BtcFormatTest" time="0.0"/>
  <testcase name="suffixTest[542]" classname="org.bitcoinj.utils.BtcFormatTest" time="0.0">
    <skipped/>
  </testcase>
  <testcase name="autoDecimalTest[542]" classname="org.bitcoinj.utils.BtcFormatTest" time="0.001"/>
  <testcase name="symbolCollisionTest[542]" classname="org.bitcoinj.utils.BtcFormatTest" time="0.002"/>
  <testcase name="equalityTest[542]" classname="org.bitcoinj.utils.BtcFormatTest" time="0.001"/>
  <testcase name="columnAlignmentTest[542]" classname="org.bitcoinj.utils.BtcFormatTest" time="0.001"/>
  <testcase name="factoryTest[542]" classname="org.bitcoinj.utils.BtcFormatTest" time="0.0"/>
  <testcase name="parse[542]" classname="org.bitcoinj.utils.BtcFormatTest" time="0.0"/>
  <testcase name="btcRounding[542]" classname="org.bitcoinj.utils.BtcFormatTest" time="0.001"/>
  <testcase name="negativeTest[542]" classname="org.bitcoinj.utils.BtcFormatTest" time="0.0">
    <skipped/>
  </testcase>
  <testcase name="millicoinScaleTest[542]" classname="org.bitcoinj.utils.BtcFormatTest" time="0.0"/>
  <testcase name="toStringTest[542]" classname="org.bitcoinj.utils.BtcFormatTest" time="0.0">
    <skipped/>
  </testcase>
  <testcase name="testGrouping[542]" classname="org.bitcoinj.utils.BtcFormatTest" time="0.0"/>
  <testcase name="symbolsCodesTest[542]" classname="org.bitcoinj.utils.BtcFormatTest" time="0.0"/>
  <testcase name="defaultLocaleTest[542]" classname="org.bitcoinj.utils.BtcFormatTest" time="0.001"/>
  <testcase name="parsePositionTest[542]" classname="org.bitcoinj.utils.BtcFormatTest" time="0.0"/>
  <testcase name="argumentTypeTest[542]" classname="org.bitcoinj.utils.BtcFormatTest" time="0.0">
    <skipped/>
  </testcase>
  <testcase name="characterIteratorTest[542]" classname="org.bitcoinj.utils.BtcFormatTest" time="0.0"/>
  <testcase name="repeatingPlaceTest[542]" classname="org.bitcoinj.utils.BtcFormatTest" time="0.0"/>
  <testcase name="currencyCodeTest[542]" classname="org.bitcoinj.utils.BtcFormatTest" time="0.0">
    <skipped/>
  </testcase>
  <testcase name="patternDecimalPlaces[542]" classname="org.bitcoinj.utils.BtcFormatTest" time="0.0"/>
  <testcase name="factoryArgumentsTest[543]" classname="org.bitcoinj.utils.BtcFormatTest" time="0.001"/>
  <testcase name="parseTest[543]" classname="org.bitcoinj.utils.BtcFormatTest" time="0.0">
    <skipped/>
  </testcase>
  <testcase name="microcoinScaleTest[543]" classname="org.bitcoinj.utils.BtcFormatTest" time="0.0"/>
  <testcase name="parseMetricTest[543]" classname="org.bitcoinj.utils.BtcFormatTest" time="0.001"/>
  <testcase name="coinScaleTest[543]" classname="org.bitcoinj.utils.BtcFormatTest" time="0.0"/>
  <testcase name="builderTest[543]" classname="org.bitcoinj.utils.BtcFormatTest" time="0.0">
    <skipped/>
  </testcase>
  <testcase name="attributeTest[543]" classname="org.bitcoinj.utils.BtcFormatTest" time="0.0">
    <skipped/>
  </testcase>
  <testcase name="prefixTest[543]" classname="org.bitcoinj.utils.BtcFormatTest" time="0.0"/>
  <testcase name="suffixTest[543]" classname="org.bitcoinj.utils.BtcFormatTest" time="0.0">
    <skipped/>
  </testcase>
  <testcase name="autoDecimalTest[543]" classname="org.bitcoinj.utils.BtcFormatTest" time="0.0"/>
  <testcase name="symbolCollisionTest[543]" classname="org.bitcoinj.utils.BtcFormatTest" time="0.001"/>
  <testcase name="equalityTest[543]" classname="org.bitcoinj.utils.BtcFormatTest" time="0.002"/>
  <testcase name="columnAlignmentTest[543]" classname="org.bitcoinj.utils.BtcFormatTest" time="0.0"/>
  <testcase name="factoryTest[543]" classname="org.bitcoinj.utils.BtcFormatTest" time="0.001"/>
  <testcase name="parse[543]" classname="org.bitcoinj.utils.BtcFormatTest" time="0.0"/>
  <testcase name="btcRounding[543]" classname="org.bitcoinj.utils.BtcFormatTest" time="0.001"/>
  <testcase name="negativeTest[543]" classname="org.bitcoinj.utils.BtcFormatTest" time="0.0">
    <skipped/>
  </testcase>
  <testcase name="millicoinScaleTest[543]" classname="org.bitcoinj.utils.BtcFormatTest" time="0.0"/>
  <testcase name="toStringTest[543]" classname="org.bitcoinj.utils.BtcFormatTest" time="0.0">
    <skipped/>
  </testcase>
  <testcase name="testGrouping[543]" classname="org.bitcoinj.utils.BtcFormatTest" time="0.0"/>
  <testcase name="symbolsCodesTest[543]" classname="org.bitcoinj.utils.BtcFormatTest" time="0.001"/>
  <testcase name="defaultLocaleTest[543]" classname="org.bitcoinj.utils.BtcFormatTest" time="0.0"/>
  <testcase name="parsePositionTest[543]" classname="org.bitcoinj.utils.BtcFormatTest" time="0.0"/>
  <testcase name="argumentTypeTest[543]" classname="org.bitcoinj.utils.BtcFormatTest" time="0.0">
    <skipped/>
  </testcase>
  <testcase name="characterIteratorTest[543]" classname="org.bitcoinj.utils.BtcFormatTest" time="0.001"/>
  <testcase name="repeatingPlaceTest[543]" classname="org.bitcoinj.utils.BtcFormatTest" time="0.0"/>
  <testcase name="currencyCodeTest[543]" classname="org.bitcoinj.utils.BtcFormatTest" time="0.0">
    <skipped/>
  </testcase>
  <testcase name="patternDecimalPlaces[543]" classname="org.bitcoinj.utils.BtcFormatTest" time="0.0"/>
  <testcase name="factoryArgumentsTest[544]" classname="org.bitcoinj.utils.BtcFormatTest" time="0.001"/>
  <testcase name="parseTest[544]" classname="org.bitcoinj.utils.BtcFormatTest" time="0.0">
    <skipped/>
  </testcase>
  <testcase name="microcoinScaleTest[544]" classname="org.bitcoinj.utils.BtcFormatTest" time="0.0"/>
  <testcase name="parseMetricTest[544]" classname="org.bitcoinj.utils.BtcFormatTest" time="0.001"/>
  <testcase name="coinScaleTest[544]" classname="org.bitcoinj.utils.BtcFormatTest" time="0.0"/>
  <testcase name="builderTest[544]" classname="org.bitcoinj.utils.BtcFormatTest" time="0.0">
    <skipped/>
  </testcase>
  <testcase name="attributeTest[544]" classname="org.bitcoinj.utils.BtcFormatTest" time="0.0">
    <skipped/>
  </testcase>
  <testcase name="prefixTest[544]" classname="org.bitcoinj.utils.BtcFormatTest" time="0.0"/>
  <testcase name="suffixTest[544]" classname="org.bitcoinj.utils.BtcFormatTest" time="0.0">
    <skipped/>
  </testcase>
  <testcase name="autoDecimalTest[544]" classname="org.bitcoinj.utils.BtcFormatTest" time="0.001"/>
  <testcase name="symbolCollisionTest[544]" classname="org.bitcoinj.utils.BtcFormatTest" time="0.002"/>
  <testcase name="equalityTest[544]" classname="org.bitcoinj.utils.BtcFormatTest" time="0.001"/>
  <testcase name="columnAlignmentTest[544]" classname="org.bitcoinj.utils.BtcFormatTest" time="0.0"/>
  <testcase name="factoryTest[544]" classname="org.bitcoinj.utils.BtcFormatTest" time="0.001"/>
  <testcase name="parse[544]" classname="org.bitcoinj.utils.BtcFormatTest" time="0.0"/>
  <testcase name="btcRounding[544]" classname="org.bitcoinj.utils.BtcFormatTest" time="0.001"/>
  <testcase name="negativeTest[544]" classname="org.bitcoinj.utils.BtcFormatTest" time="0.0">
    <skipped/>
  </testcase>
  <testcase name="millicoinScaleTest[544]" classname="org.bitcoinj.utils.BtcFormatTest" time="0.0"/>
  <testcase name="toStringTest[544]" classname="org.bitcoinj.utils.BtcFormatTest" time="0.0">
    <skipped/>
  </testcase>
  <testcase name="testGrouping[544]" classname="org.bitcoinj.utils.BtcFormatTest" time="0.0"/>
  <testcase name="symbolsCodesTest[544]" classname="org.bitcoinj.utils.BtcFormatTest" time="0.001"/>
  <testcase name="defaultLocaleTest[544]" classname="org.bitcoinj.utils.BtcFormatTest" time="0.0"/>
  <testcase name="parsePositionTest[544]" classname="org.bitcoinj.utils.BtcFormatTest" time="0.0"/>
  <testcase name="argumentTypeTest[544]" classname="org.bitcoinj.utils.BtcFormatTest" time="0.0">
    <skipped/>
  </testcase>
  <testcase name="characterIteratorTest[544]" classname="org.bitcoinj.utils.BtcFormatTest" time="0.001"/>
  <testcase name="repeatingPlaceTest[544]" classname="org.bitcoinj.utils.BtcFormatTest" time="0.0"/>
  <testcase name="currencyCodeTest[544]" classname="org.bitcoinj.utils.BtcFormatTest" time="0.0">
    <skipped/>
  </testcase>
  <testcase name="patternDecimalPlaces[544]" classname="org.bitcoinj.utils.BtcFormatTest" time="0.001"/>
  <testcase name="factoryArgumentsTest[545]" classname="org.bitcoinj.utils.BtcFormatTest" time="0.002"/>
  <testcase name="parseTest[545]" classname="org.bitcoinj.utils.BtcFormatTest" time="0.0">
    <skipped/>
  </testcase>
  <testcase name="microcoinScaleTest[545]" classname="org.bitcoinj.utils.BtcFormatTest" time="0.0"/>
  <testcase name="parseMetricTest[545]" classname="org.bitcoinj.utils.BtcFormatTest" time="0.001"/>
  <testcase name="coinScaleTest[545]" classname="org.bitcoinj.utils.BtcFormatTest" time="0.001"/>
  <testcase name="builderTest[545]" classname="org.bitcoinj.utils.BtcFormatTest" time="0.0">
    <skipped/>
  </testcase>
  <testcase name="attributeTest[545]" classname="org.bitcoinj.utils.BtcFormatTest" time="0.0">
    <skipped/>
  </testcase>
  <testcase name="prefixTest[545]" classname="org.bitcoinj.utils.BtcFormatTest" time="0.0"/>
  <testcase name="suffixTest[545]" classname="org.bitcoinj.utils.BtcFormatTest" time="0.0">
    <skipped/>
  </testcase>
  <testcase name="autoDecimalTest[545]" classname="org.bitcoinj.utils.BtcFormatTest" time="0.001"/>
  <testcase name="symbolCollisionTest[545]" classname="org.bitcoinj.utils.BtcFormatTest" time="0.004"/>
  <testcase name="equalityTest[545]" classname="org.bitcoinj.utils.BtcFormatTest" time="0.002"/>
  <testcase name="columnAlignmentTest[545]" classname="org.bitcoinj.utils.BtcFormatTest" time="0.0"/>
  <testcase name="factoryTest[545]" classname="org.bitcoinj.utils.BtcFormatTest" time="0.001"/>
  <testcase name="parse[545]" classname="org.bitcoinj.utils.BtcFormatTest" time="0.0"/>
  <testcase name="btcRounding[545]" classname="org.bitcoinj.utils.BtcFormatTest" time="0.002"/>
  <testcase name="negativeTest[545]" classname="org.bitcoinj.utils.BtcFormatTest" time="0.0">
    <skipped/>
  </testcase>
  <testcase name="millicoinScaleTest[545]" classname="org.bitcoinj.utils.BtcFormatTest" time="0.0"/>
  <testcase name="toStringTest[545]" classname="org.bitcoinj.utils.BtcFormatTest" time="0.0">
    <skipped/>
  </testcase>
  <testcase name="testGrouping[545]" classname="org.bitcoinj.utils.BtcFormatTest" time="0.001"/>
  <testcase name="symbolsCodesTest[545]" classname="org.bitcoinj.utils.BtcFormatTest" time="0.001"/>
  <testcase name="defaultLocaleTest[545]" classname="org.bitcoinj.utils.BtcFormatTest" time="0.0"/>
  <testcase name="parsePositionTest[545]" classname="org.bitcoinj.utils.BtcFormatTest" time="0.0"/>
  <testcase name="argumentTypeTest[545]" classname="org.bitcoinj.utils.BtcFormatTest" time="0.0">
    <skipped/>
  </testcase>
  <testcase name="characterIteratorTest[545]" classname="org.bitcoinj.utils.BtcFormatTest" time="0.001"/>
  <testcase name="repeatingPlaceTest[545]" classname="org.bitcoinj.utils.BtcFormatTest" time="0.0"/>
  <testcase name="currencyCodeTest[545]" classname="org.bitcoinj.utils.BtcFormatTest" time="0.0">
    <skipped/>
  </testcase>
  <testcase name="patternDecimalPlaces[545]" classname="org.bitcoinj.utils.BtcFormatTest" time="0.001"/>
  <testcase name="factoryArgumentsTest[546]" classname="org.bitcoinj.utils.BtcFormatTest" time="0.001"/>
  <testcase name="parseTest[546]" classname="org.bitcoinj.utils.BtcFormatTest" time="0.0">
    <skipped/>
  </testcase>
  <testcase name="microcoinScaleTest[546]" classname="org.bitcoinj.utils.BtcFormatTest" time="0.0"/>
  <testcase name="parseMetricTest[546]" classname="org.bitcoinj.utils.BtcFormatTest" time="0.001"/>
  <testcase name="coinScaleTest[546]" classname="org.bitcoinj.utils.BtcFormatTest" time="0.0"/>
  <testcase name="builderTest[546]" classname="org.bitcoinj.utils.BtcFormatTest" time="0.0">
    <skipped/>
  </testcase>
  <testcase name="attributeTest[546]" classname="org.bitcoinj.utils.BtcFormatTest" time="0.0">
    <skipped/>
  </testcase>
  <testcase name="prefixTest[546]" classname="org.bitcoinj.utils.BtcFormatTest" time="0.0"/>
  <testcase name="suffixTest[546]" classname="org.bitcoinj.utils.BtcFormatTest" time="0.0">
    <skipped/>
  </testcase>
  <testcase name="autoDecimalTest[546]" classname="org.bitcoinj.utils.BtcFormatTest" time="0.001"/>
  <testcase name="symbolCollisionTest[546]" classname="org.bitcoinj.utils.BtcFormatTest" time="0.002"/>
  <testcase name="equalityTest[546]" classname="org.bitcoinj.utils.BtcFormatTest" time="0.002"/>
  <testcase name="columnAlignmentTest[546]" classname="org.bitcoinj.utils.BtcFormatTest" time="0.0"/>
  <testcase name="factoryTest[546]" classname="org.bitcoinj.utils.BtcFormatTest" time="0.0"/>
  <testcase name="parse[546]" classname="org.bitcoinj.utils.BtcFormatTest" time="0.0"/>
  <testcase name="btcRounding[546]" classname="org.bitcoinj.utils.BtcFormatTest" time="0.002"/>
  <testcase name="negativeTest[546]" classname="org.bitcoinj.utils.BtcFormatTest" time="0.0">
    <skipped/>
  </testcase>
  <testcase name="millicoinScaleTest[546]" classname="org.bitcoinj.utils.BtcFormatTest" time="0.0"/>
  <testcase name="toStringTest[546]" classname="org.bitcoinj.utils.BtcFormatTest" time="0.0">
    <skipped/>
  </testcase>
  <testcase name="testGrouping[546]" classname="org.bitcoinj.utils.BtcFormatTest" time="0.001"/>
  <testcase name="symbolsCodesTest[546]" classname="org.bitcoinj.utils.BtcFormatTest" time="0.001"/>
  <testcase name="defaultLocaleTest[546]" classname="org.bitcoinj.utils.BtcFormatTest" time="0.0"/>
  <testcase name="parsePositionTest[546]" classname="org.bitcoinj.utils.BtcFormatTest" time="0.0"/>
  <testcase name="argumentTypeTest[546]" classname="org.bitcoinj.utils.BtcFormatTest" time="0.0">
    <skipped/>
  </testcase>
  <testcase name="characterIteratorTest[546]" classname="org.bitcoinj.utils.BtcFormatTest" time="0.001"/>
  <testcase name="repeatingPlaceTest[546]" classname="org.bitcoinj.utils.BtcFormatTest" time="0.0"/>
  <testcase name="currencyCodeTest[546]" classname="org.bitcoinj.utils.BtcFormatTest" time="0.0">
    <skipped/>
  </testcase>
  <testcase name="patternDecimalPlaces[546]" classname="org.bitcoinj.utils.BtcFormatTest" time="0.0"/>
  <testcase name="factoryArgumentsTest[547]" classname="org.bitcoinj.utils.BtcFormatTest" time="0.001"/>
  <testcase name="parseTest[547]" classname="org.bitcoinj.utils.BtcFormatTest" time="0.0">
    <skipped/>
  </testcase>
  <testcase name="microcoinScaleTest[547]" classname="org.bitcoinj.utils.BtcFormatTest" time="0.001"/>
  <testcase name="parseMetricTest[547]" classname="org.bitcoinj.utils.BtcFormatTest" time="0.001"/>
  <testcase name="coinScaleTest[547]" classname="org.bitcoinj.utils.BtcFormatTest" time="0.0"/>
  <testcase name="builderTest[547]" classname="org.bitcoinj.utils.BtcFormatTest" time="0.0">
    <skipped/>
  </testcase>
  <testcase name="attributeTest[547]" classname="org.bitcoinj.utils.BtcFormatTest" time="0.0">
    <skipped/>
  </testcase>
  <testcase name="prefixTest[547]" classname="org.bitcoinj.utils.BtcFormatTest" time="0.0"/>
  <testcase name="suffixTest[547]" classname="org.bitcoinj.utils.BtcFormatTest" time="0.0">
    <skipped/>
  </testcase>
  <testcase name="autoDecimalTest[547]" classname="org.bitcoinj.utils.BtcFormatTest" time="0.001"/>
  <testcase name="symbolCollisionTest[547]" classname="org.bitcoinj.utils.BtcFormatTest" time="0.003"/>
  <testcase name="equalityTest[547]" classname="org.bitcoinj.utils.BtcFormatTest" time="0.002"/>
  <testcase name="columnAlignmentTest[547]" classname="org.bitcoinj.utils.BtcFormatTest" time="0.0"/>
  <testcase name="factoryTest[547]" classname="org.bitcoinj.utils.BtcFormatTest" time="0.001"/>
  <testcase name="parse[547]" classname="org.bitcoinj.utils.BtcFormatTest" time="0.0"/>
  <testcase name="btcRounding[547]" classname="org.bitcoinj.utils.BtcFormatTest" time="0.002"/>
  <testcase name="negativeTest[547]" classname="org.bitcoinj.utils.BtcFormatTest" time="0.0">
    <skipped/>
  </testcase>
  <testcase name="millicoinScaleTest[547]" classname="org.bitcoinj.utils.BtcFormatTest" time="0.0"/>
  <testcase name="toStringTest[547]" classname="org.bitcoinj.utils.BtcFormatTest" time="0.0">
    <skipped/>
  </testcase>
  <testcase name="testGrouping[547]" classname="org.bitcoinj.utils.BtcFormatTest" time="0.0"/>
  <testcase name="symbolsCodesTest[547]" classname="org.bitcoinj.utils.BtcFormatTest" time="0.001"/>
  <testcase name="defaultLocaleTest[547]" classname="org.bitcoinj.utils.BtcFormatTest" time="0.001"/>
  <testcase name="parsePositionTest[547]" classname="org.bitcoinj.utils.BtcFormatTest" time="0.0"/>
  <testcase name="argumentTypeTest[547]" classname="org.bitcoinj.utils.BtcFormatTest" time="0.0">
    <skipped/>
  </testcase>
  <testcase name="characterIteratorTest[547]" classname="org.bitcoinj.utils.BtcFormatTest" time="0.0"/>
  <testcase name="repeatingPlaceTest[547]" classname="org.bitcoinj.utils.BtcFormatTest" time="0.001"/>
  <testcase name="currencyCodeTest[547]" classname="org.bitcoinj.utils.BtcFormatTest" time="0.0">
    <skipped/>
  </testcase>
  <testcase name="patternDecimalPlaces[547]" classname="org.bitcoinj.utils.BtcFormatTest" time="0.0"/>
  <testcase name="factoryArgumentsTest[548]" classname="org.bitcoinj.utils.BtcFormatTest" time="0.002"/>
  <testcase name="parseTest[548]" classname="org.bitcoinj.utils.BtcFormatTest" time="0.0">
    <skipped/>
  </testcase>
  <testcase name="microcoinScaleTest[548]" classname="org.bitcoinj.utils.BtcFormatTest" time="0.0"/>
  <testcase name="parseMetricTest[548]" classname="org.bitcoinj.utils.BtcFormatTest" time="0.001"/>
  <testcase name="coinScaleTest[548]" classname="org.bitcoinj.utils.BtcFormatTest" time="0.001"/>
  <testcase name="builderTest[548]" classname="org.bitcoinj.utils.BtcFormatTest" time="0.0">
    <skipped/>
  </testcase>
  <testcase name="attributeTest[548]" classname="org.bitcoinj.utils.BtcFormatTest" time="0.0">
    <skipped/>
  </testcase>
  <testcase name="prefixTest[548]" classname="org.bitcoinj.utils.BtcFormatTest" time="0.0"/>
  <testcase name="suffixTest[548]" classname="org.bitcoinj.utils.BtcFormatTest" time="0.0">
    <skipped/>
  </testcase>
  <testcase name="autoDecimalTest[548]" classname="org.bitcoinj.utils.BtcFormatTest" time="0.001"/>
  <testcase name="symbolCollisionTest[548]" classname="org.bitcoinj.utils.BtcFormatTest" time="0.003"/>
  <testcase name="equalityTest[548]" classname="org.bitcoinj.utils.BtcFormatTest" time="0.001"/>
  <testcase name="columnAlignmentTest[548]" classname="org.bitcoinj.utils.BtcFormatTest" time="0.001"/>
  <testcase name="factoryTest[548]" classname="org.bitcoinj.utils.BtcFormatTest" time="0.0"/>
  <testcase name="parse[548]" classname="org.bitcoinj.utils.BtcFormatTest" time="0.0"/>
  <testcase name="btcRounding[548]" classname="org.bitcoinj.utils.BtcFormatTest" time="0.002"/>
  <testcase name="negativeTest[548]" classname="org.bitcoinj.utils.BtcFormatTest" time="0.0">
    <skipped/>
  </testcase>
  <testcase name="millicoinScaleTest[548]" classname="org.bitcoinj.utils.BtcFormatTest" time="0.0"/>
  <testcase name="toStringTest[548]" classname="org.bitcoinj.utils.BtcFormatTest" time="0.0">
    <skipped/>
  </testcase>
  <testcase name="testGrouping[548]" classname="org.bitcoinj.utils.BtcFormatTest" time="0.0"/>
  <testcase name="symbolsCodesTest[548]" classname="org.bitcoinj.utils.BtcFormatTest" time="0.001"/>
  <testcase name="defaultLocaleTest[548]" classname="org.bitcoinj.utils.BtcFormatTest" time="0.001"/>
  <testcase name="parsePositionTest[548]" classname="org.bitcoinj.utils.BtcFormatTest" time="0.0"/>
  <testcase name="argumentTypeTest[548]" classname="org.bitcoinj.utils.BtcFormatTest" time="0.0">
    <skipped/>
  </testcase>
  <testcase name="characterIteratorTest[548]" classname="org.bitcoinj.utils.BtcFormatTest" time="0.0"/>
  <testcase name="repeatingPlaceTest[548]" classname="org.bitcoinj.utils.BtcFormatTest" time="0.001"/>
  <testcase name="currencyCodeTest[548]" classname="org.bitcoinj.utils.BtcFormatTest" time="0.0">
    <skipped/>
  </testcase>
  <testcase name="patternDecimalPlaces[548]" classname="org.bitcoinj.utils.BtcFormatTest" time="0.0"/>
  <testcase name="factoryArgumentsTest[549]" classname="org.bitcoinj.utils.BtcFormatTest" time="0.002"/>
  <testcase name="parseTest[549]" classname="org.bitcoinj.utils.BtcFormatTest" time="0.0">
    <skipped/>
  </testcase>
  <testcase name="microcoinScaleTest[549]" classname="org.bitcoinj.utils.BtcFormatTest" time="0.0"/>
  <testcase name="parseMetricTest[549]" classname="org.bitcoinj.utils.BtcFormatTest" time="0.002"/>
  <testcase name="coinScaleTest[549]" classname="org.bitcoinj.utils.BtcFormatTest" time="0.0"/>
  <testcase name="builderTest[549]" classname="org.bitcoinj.utils.BtcFormatTest" time="0.0">
    <skipped/>
  </testcase>
  <testcase name="attributeTest[549]" classname="org.bitcoinj.utils.BtcFormatTest" time="0.0">
    <skipped/>
  </testcase>
  <testcase name="prefixTest[549]" classname="org.bitcoinj.utils.BtcFormatTest" time="0.001"/>
  <testcase name="suffixTest[549]" classname="org.bitcoinj.utils.BtcFormatTest" time="0.0">
    <skipped/>
  </testcase>
  <testcase name="autoDecimalTest[549]" classname="org.bitcoinj.utils.BtcFormatTest" time="0.002"/>
  <testcase name="symbolCollisionTest[549]" classname="org.bitcoinj.utils.BtcFormatTest" time="0.002"/>
  <testcase name="equalityTest[549]" classname="org.bitcoinj.utils.BtcFormatTest" time="0.002"/>
  <testcase name="columnAlignmentTest[549]" classname="org.bitcoinj.utils.BtcFormatTest" time="0.0"/>
  <testcase name="factoryTest[549]" classname="org.bitcoinj.utils.BtcFormatTest" time="0.0"/>
  <testcase name="parse[549]" classname="org.bitcoinj.utils.BtcFormatTest" time="0.0"/>
  <testcase name="btcRounding[549]" classname="org.bitcoinj.utils.BtcFormatTest" time="0.002"/>
  <testcase name="negativeTest[549]" classname="org.bitcoinj.utils.BtcFormatTest" time="0.0">
    <skipped/>
  </testcase>
  <testcase name="millicoinScaleTest[549]" classname="org.bitcoinj.utils.BtcFormatTest" time="0.0"/>
  <testcase name="toStringTest[549]" classname="org.bitcoinj.utils.BtcFormatTest" time="0.0">
    <skipped/>
  </testcase>
  <testcase name="testGrouping[549]" classname="org.bitcoinj.utils.BtcFormatTest" time="0.0"/>
  <testcase name="symbolsCodesTest[549]" classname="org.bitcoinj.utils.BtcFormatTest" time="0.001"/>
  <testcase name="defaultLocaleTest[549]" classname="org.bitcoinj.utils.BtcFormatTest" time="0.0"/>
  <testcase name="parsePositionTest[549]" classname="org.bitcoinj.utils.BtcFormatTest" time="0.0"/>
  <testcase name="argumentTypeTest[549]" classname="org.bitcoinj.utils.BtcFormatTest" time="0.0">
    <skipped/>
  </testcase>
  <testcase name="characterIteratorTest[549]" classname="org.bitcoinj.utils.BtcFormatTest" time="0.0"/>
  <testcase name="repeatingPlaceTest[549]" classname="org.bitcoinj.utils.BtcFormatTest" time="0.001"/>
  <testcase name="currencyCodeTest[549]" classname="org.bitcoinj.utils.BtcFormatTest" time="0.0">
    <skipped/>
  </testcase>
  <testcase name="patternDecimalPlaces[549]" classname="org.bitcoinj.utils.BtcFormatTest" time="0.0"/>
  <testcase name="factoryArgumentsTest[550]" classname="org.bitcoinj.utils.BtcFormatTest" time="0.001"/>
  <testcase name="parseTest[550]" classname="org.bitcoinj.utils.BtcFormatTest" time="0.0">
    <skipped/>
  </testcase>
  <testcase name="microcoinScaleTest[550]" classname="org.bitcoinj.utils.BtcFormatTest" time="0.0"/>
  <testcase name="parseMetricTest[550]" classname="org.bitcoinj.utils.BtcFormatTest" time="0.001"/>
  <testcase name="coinScaleTest[550]" classname="org.bitcoinj.utils.BtcFormatTest" time="0.0"/>
  <testcase name="builderTest[550]" classname="org.bitcoinj.utils.BtcFormatTest" time="0.0">
    <skipped/>
  </testcase>
  <testcase name="attributeTest[550]" classname="org.bitcoinj.utils.BtcFormatTest" time="0.0">
    <skipped/>
  </testcase>
  <testcase name="prefixTest[550]" classname="org.bitcoinj.utils.BtcFormatTest" time="0.0"/>
  <testcase name="suffixTest[550]" classname="org.bitcoinj.utils.BtcFormatTest" time="0.0">
    <skipped/>
  </testcase>
  <testcase name="autoDecimalTest[550]" classname="org.bitcoinj.utils.BtcFormatTest" time="0.0"/>
  <testcase name="symbolCollisionTest[550]" classname="org.bitcoinj.utils.BtcFormatTest" time="0.002"/>
  <testcase name="equalityTest[550]" classname="org.bitcoinj.utils.BtcFormatTest" time="0.002"/>
  <testcase name="columnAlignmentTest[550]" classname="org.bitcoinj.utils.BtcFormatTest" time="0.0"/>
  <testcase name="factoryTest[550]" classname="org.bitcoinj.utils.BtcFormatTest" time="0.0"/>
  <testcase name="parse[550]" classname="org.bitcoinj.utils.BtcFormatTest" time="0.0"/>
  <testcase name="btcRounding[550]" classname="org.bitcoinj.utils.BtcFormatTest" time="0.001"/>
  <testcase name="negativeTest[550]" classname="org.bitcoinj.utils.BtcFormatTest" time="0.0">
    <skipped/>
  </testcase>
  <testcase name="millicoinScaleTest[550]" classname="org.bitcoinj.utils.BtcFormatTest" time="0.0"/>
  <testcase name="toStringTest[550]" classname="org.bitcoinj.utils.BtcFormatTest" time="0.0">
    <skipped/>
  </testcase>
  <testcase name="testGrouping[550]" classname="org.bitcoinj.utils.BtcFormatTest" time="0.0"/>
  <testcase name="symbolsCodesTest[550]" classname="org.bitcoinj.utils.BtcFormatTest" time="0.001"/>
  <testcase name="defaultLocaleTest[550]" classname="org.bitcoinj.utils.BtcFormatTest" time="0.0"/>
  <testcase name="parsePositionTest[550]" classname="org.bitcoinj.utils.BtcFormatTest" time="0.0"/>
  <testcase name="argumentTypeTest[550]" classname="org.bitcoinj.utils.BtcFormatTest" time="0.0">
    <skipped/>
  </testcase>
  <testcase name="characterIteratorTest[550]" classname="org.bitcoinj.utils.BtcFormatTest" time="0.001"/>
  <testcase name="repeatingPlaceTest[550]" classname="org.bitcoinj.utils.BtcFormatTest" time="0.0"/>
  <testcase name="currencyCodeTest[550]" classname="org.bitcoinj.utils.BtcFormatTest" time="0.0">
    <skipped/>
  </testcase>
  <testcase name="patternDecimalPlaces[550]" classname="org.bitcoinj.utils.BtcFormatTest" time="0.0"/>
  <testcase name="factoryArgumentsTest[551]" classname="org.bitcoinj.utils.BtcFormatTest" time="0.001"/>
  <testcase name="parseTest[551]" classname="org.bitcoinj.utils.BtcFormatTest" time="0.0">
    <skipped/>
  </testcase>
  <testcase name="microcoinScaleTest[551]" classname="org.bitcoinj.utils.BtcFormatTest" time="0.0"/>
  <testcase name="parseMetricTest[551]" classname="org.bitcoinj.utils.BtcFormatTest" time="0.001"/>
  <testcase name="coinScaleTest[551]" classname="org.bitcoinj.utils.BtcFormatTest" time="0.0"/>
  <testcase name="builderTest[551]" classname="org.bitcoinj.utils.BtcFormatTest" time="0.0">
    <skipped/>
  </testcase>
  <testcase name="attributeTest[551]" classname="org.bitcoinj.utils.BtcFormatTest" time="0.0">
    <skipped/>
  </testcase>
  <testcase name="prefixTest[551]" classname="org.bitcoinj.utils.BtcFormatTest" time="0.001"/>
  <testcase name="suffixTest[551]" classname="org.bitcoinj.utils.BtcFormatTest" time="0.0">
    <skipped/>
  </testcase>
  <testcase name="autoDecimalTest[551]" classname="org.bitcoinj.utils.BtcFormatTest" time="0.0"/>
  <testcase name="symbolCollisionTest[551]" classname="org.bitcoinj.utils.BtcFormatTest" time="0.002"/>
  <testcase name="equalityTest[551]" classname="org.bitcoinj.utils.BtcFormatTest" time="0.001"/>
  <testcase name="columnAlignmentTest[551]" classname="org.bitcoinj.utils.BtcFormatTest" time="0.0"/>
  <testcase name="factoryTest[551]" classname="org.bitcoinj.utils.BtcFormatTest" time="0.001"/>
  <testcase name="parse[551]" classname="org.bitcoinj.utils.BtcFormatTest" time="0.0"/>
  <testcase name="btcRounding[551]" classname="org.bitcoinj.utils.BtcFormatTest" time="0.001"/>
  <testcase name="negativeTest[551]" classname="org.bitcoinj.utils.BtcFormatTest" time="0.0">
    <skipped/>
  </testcase>
  <testcase name="millicoinScaleTest[551]" classname="org.bitcoinj.utils.BtcFormatTest" time="0.0"/>
  <testcase name="toStringTest[551]" classname="org.bitcoinj.utils.BtcFormatTest" time="0.0">
    <skipped/>
  </testcase>
  <testcase name="testGrouping[551]" classname="org.bitcoinj.utils.BtcFormatTest" time="0.0"/>
  <testcase name="symbolsCodesTest[551]" classname="org.bitcoinj.utils.BtcFormatTest" time="0.001"/>
  <testcase name="defaultLocaleTest[551]" classname="org.bitcoinj.utils.BtcFormatTest" time="0.0"/>
  <testcase name="parsePositionTest[551]" classname="org.bitcoinj.utils.BtcFormatTest" time="0.001"/>
  <testcase name="argumentTypeTest[551]" classname="org.bitcoinj.utils.BtcFormatTest" time="0.0">
    <skipped/>
  </testcase>
  <testcase name="characterIteratorTest[551]" classname="org.bitcoinj.utils.BtcFormatTest" time="0.0"/>
  <testcase name="repeatingPlaceTest[551]" classname="org.bitcoinj.utils.BtcFormatTest" time="0.0"/>
  <testcase name="currencyCodeTest[551]" classname="org.bitcoinj.utils.BtcFormatTest" time="0.0">
    <skipped/>
  </testcase>
  <testcase name="patternDecimalPlaces[551]" classname="org.bitcoinj.utils.BtcFormatTest" time="0.0"/>
  <testcase name="factoryArgumentsTest[552]" classname="org.bitcoinj.utils.BtcFormatTest" time="0.002"/>
  <testcase name="parseTest[552]" classname="org.bitcoinj.utils.BtcFormatTest" time="0.0">
    <skipped/>
  </testcase>
  <testcase name="microcoinScaleTest[552]" classname="org.bitcoinj.utils.BtcFormatTest" time="0.0"/>
  <testcase name="parseMetricTest[552]" classname="org.bitcoinj.utils.BtcFormatTest" time="0.002"/>
  <testcase name="coinScaleTest[552]" classname="org.bitcoinj.utils.BtcFormatTest" time="0.0"/>
  <testcase name="builderTest[552]" classname="org.bitcoinj.utils.BtcFormatTest" time="0.0">
    <skipped/>
  </testcase>
  <testcase name="attributeTest[552]" classname="org.bitcoinj.utils.BtcFormatTest" time="0.0">
    <skipped/>
  </testcase>
  <testcase name="prefixTest[552]" classname="org.bitcoinj.utils.BtcFormatTest" time="0.0"/>
  <testcase name="suffixTest[552]" classname="org.bitcoinj.utils.BtcFormatTest" time="0.0">
    <skipped/>
  </testcase>
  <testcase name="autoDecimalTest[552]" classname="org.bitcoinj.utils.BtcFormatTest" time="0.001"/>
  <testcase name="symbolCollisionTest[552]" classname="org.bitcoinj.utils.BtcFormatTest" time="0.001"/>
  <testcase name="equalityTest[552]" classname="org.bitcoinj.utils.BtcFormatTest" time="0.002"/>
  <testcase name="columnAlignmentTest[552]" classname="org.bitcoinj.utils.BtcFormatTest" time="0.0"/>
  <testcase name="factoryTest[552]" classname="org.bitcoinj.utils.BtcFormatTest" time="0.001"/>
  <testcase name="parse[552]" classname="org.bitcoinj.utils.BtcFormatTest" time="0.0"/>
  <testcase name="btcRounding[552]" classname="org.bitcoinj.utils.BtcFormatTest" time="0.001"/>
  <testcase name="negativeTest[552]" classname="org.bitcoinj.utils.BtcFormatTest" time="0.0">
    <skipped/>
  </testcase>
  <testcase name="millicoinScaleTest[552]" classname="org.bitcoinj.utils.BtcFormatTest" time="0.0"/>
  <testcase name="toStringTest[552]" classname="org.bitcoinj.utils.BtcFormatTest" time="0.0">
    <skipped/>
  </testcase>
  <testcase name="testGrouping[552]" classname="org.bitcoinj.utils.BtcFormatTest" time="0.0"/>
  <testcase name="symbolsCodesTest[552]" classname="org.bitcoinj.utils.BtcFormatTest" time="0.001"/>
  <testcase name="defaultLocaleTest[552]" classname="org.bitcoinj.utils.BtcFormatTest" time="0.0"/>
  <testcase name="parsePositionTest[552]" classname="org.bitcoinj.utils.BtcFormatTest" time="0.0"/>
  <testcase name="argumentTypeTest[552]" classname="org.bitcoinj.utils.BtcFormatTest" time="0.0">
    <skipped/>
  </testcase>
  <testcase name="characterIteratorTest[552]" classname="org.bitcoinj.utils.BtcFormatTest" time="0.001"/>
  <testcase name="repeatingPlaceTest[552]" classname="org.bitcoinj.utils.BtcFormatTest" time="0.0"/>
  <testcase name="currencyCodeTest[552]" classname="org.bitcoinj.utils.BtcFormatTest" time="0.0">
    <skipped/>
  </testcase>
  <testcase name="patternDecimalPlaces[552]" classname="org.bitcoinj.utils.BtcFormatTest" time="0.0"/>
  <testcase name="factoryArgumentsTest[553]" classname="org.bitcoinj.utils.BtcFormatTest" time="0.001"/>
  <testcase name="parseTest[553]" classname="org.bitcoinj.utils.BtcFormatTest" time="0.0">
    <skipped/>
  </testcase>
  <testcase name="microcoinScaleTest[553]" classname="org.bitcoinj.utils.BtcFormatTest" time="0.0"/>
  <testcase name="parseMetricTest[553]" classname="org.bitcoinj.utils.BtcFormatTest" time="0.001"/>
  <testcase name="coinScaleTest[553]" classname="org.bitcoinj.utils.BtcFormatTest" time="0.0"/>
  <testcase name="builderTest[553]" classname="org.bitcoinj.utils.BtcFormatTest" time="0.0">
    <skipped/>
  </testcase>
  <testcase name="attributeTest[553]" classname="org.bitcoinj.utils.BtcFormatTest" time="0.0">
    <skipped/>
  </testcase>
  <testcase name="prefixTest[553]" classname="org.bitcoinj.utils.BtcFormatTest" time="0.0"/>
  <testcase name="suffixTest[553]" classname="org.bitcoinj.utils.BtcFormatTest" time="0.0">
    <skipped/>
  </testcase>
  <testcase name="autoDecimalTest[553]" classname="org.bitcoinj.utils.BtcFormatTest" time="0.001"/>
  <testcase name="symbolCollisionTest[553]" classname="org.bitcoinj.utils.BtcFormatTest" time="0.002"/>
  <testcase name="equalityTest[553]" classname="org.bitcoinj.utils.BtcFormatTest" time="0.002"/>
  <testcase name="columnAlignmentTest[553]" classname="org.bitcoinj.utils.BtcFormatTest" time="0.0"/>
  <testcase name="factoryTest[553]" classname="org.bitcoinj.utils.BtcFormatTest" time="0.0"/>
  <testcase name="parse[553]" classname="org.bitcoinj.utils.BtcFormatTest" time="0.001"/>
  <testcase name="btcRounding[553]" classname="org.bitcoinj.utils.BtcFormatTest" time="0.001"/>
  <testcase name="negativeTest[553]" classname="org.bitcoinj.utils.BtcFormatTest" time="0.0">
    <skipped/>
  </testcase>
  <testcase name="millicoinScaleTest[553]" classname="org.bitcoinj.utils.BtcFormatTest" time="0.0"/>
  <testcase name="toStringTest[553]" classname="org.bitcoinj.utils.BtcFormatTest" time="0.0">
    <skipped/>
  </testcase>
  <testcase name="testGrouping[553]" classname="org.bitcoinj.utils.BtcFormatTest" time="0.0"/>
  <testcase name="symbolsCodesTest[553]" classname="org.bitcoinj.utils.BtcFormatTest" time="0.001"/>
  <testcase name="defaultLocaleTest[553]" classname="org.bitcoinj.utils.BtcFormatTest" time="0.0"/>
  <testcase name="parsePositionTest[553]" classname="org.bitcoinj.utils.BtcFormatTest" time="0.0"/>
  <testcase name="argumentTypeTest[553]" classname="org.bitcoinj.utils.BtcFormatTest" time="0.0">
    <skipped/>
  </testcase>
  <testcase name="characterIteratorTest[553]" classname="org.bitcoinj.utils.BtcFormatTest" time="0.0"/>
  <testcase name="repeatingPlaceTest[553]" classname="org.bitcoinj.utils.BtcFormatTest" time="0.0"/>
  <testcase name="currencyCodeTest[553]" classname="org.bitcoinj.utils.BtcFormatTest" time="0.0">
    <skipped/>
  </testcase>
  <testcase name="patternDecimalPlaces[553]" classname="org.bitcoinj.utils.BtcFormatTest" time="0.0"/>
  <testcase name="factoryArgumentsTest[554]" classname="org.bitcoinj.utils.BtcFormatTest" time="0.001"/>
  <testcase name="parseTest[554]" classname="org.bitcoinj.utils.BtcFormatTest" time="0.0">
    <skipped/>
  </testcase>
  <testcase name="microcoinScaleTest[554]" classname="org.bitcoinj.utils.BtcFormatTest" time="0.0"/>
  <testcase name="parseMetricTest[554]" classname="org.bitcoinj.utils.BtcFormatTest" time="0.001"/>
  <testcase name="coinScaleTest[554]" classname="org.bitcoinj.utils.BtcFormatTest" time="0.0"/>
  <testcase name="builderTest[554]" classname="org.bitcoinj.utils.BtcFormatTest" time="0.0">
    <skipped/>
  </testcase>
  <testcase name="attributeTest[554]" classname="org.bitcoinj.utils.BtcFormatTest" time="0.0">
    <skipped/>
  </testcase>
  <testcase name="prefixTest[554]" classname="org.bitcoinj.utils.BtcFormatTest" time="0.001"/>
  <testcase name="suffixTest[554]" classname="org.bitcoinj.utils.BtcFormatTest" time="0.0">
    <skipped/>
  </testcase>
  <testcase name="autoDecimalTest[554]" classname="org.bitcoinj.utils.BtcFormatTest" time="0.0"/>
  <testcase name="symbolCollisionTest[554]" classname="org.bitcoinj.utils.BtcFormatTest" time="0.002"/>
  <testcase name="equalityTest[554]" classname="org.bitcoinj.utils.BtcFormatTest" time="0.001"/>
  <testcase name="columnAlignmentTest[554]" classname="org.bitcoinj.utils.BtcFormatTest" time="0.0"/>
  <testcase name="factoryTest[554]" classname="org.bitcoinj.utils.BtcFormatTest" time="0.0"/>
  <testcase name="parse[554]" classname="org.bitcoinj.utils.BtcFormatTest" time="0.0"/>
  <testcase name="btcRounding[554]" classname="org.bitcoinj.utils.BtcFormatTest" time="0.002"/>
  <testcase name="negativeTest[554]" classname="org.bitcoinj.utils.BtcFormatTest" time="0.0">
    <skipped/>
  </testcase>
  <testcase name="millicoinScaleTest[554]" classname="org.bitcoinj.utils.BtcFormatTest" time="0.0"/>
  <testcase name="toStringTest[554]" classname="org.bitcoinj.utils.BtcFormatTest" time="0.0">
    <skipped/>
  </testcase>
  <testcase name="testGrouping[554]" classname="org.bitcoinj.utils.BtcFormatTest" time="0.001"/>
  <testcase name="symbolsCodesTest[554]" classname="org.bitcoinj.utils.BtcFormatTest" time="0.0"/>
  <testcase name="defaultLocaleTest[554]" classname="org.bitcoinj.utils.BtcFormatTest" time="0.001"/>
  <testcase name="parsePositionTest[554]" classname="org.bitcoinj.utils.BtcFormatTest" time="0.0"/>
  <testcase name="argumentTypeTest[554]" classname="org.bitcoinj.utils.BtcFormatTest" time="0.0">
    <skipped/>
  </testcase>
  <testcase name="characterIteratorTest[554]" classname="org.bitcoinj.utils.BtcFormatTest" time="0.0"/>
  <testcase name="repeatingPlaceTest[554]" classname="org.bitcoinj.utils.BtcFormatTest" time="0.001"/>
  <testcase name="currencyCodeTest[554]" classname="org.bitcoinj.utils.BtcFormatTest" time="0.0">
    <skipped/>
  </testcase>
  <testcase name="patternDecimalPlaces[554]" classname="org.bitcoinj.utils.BtcFormatTest" time="0.0"/>
  <testcase name="factoryArgumentsTest[555]" classname="org.bitcoinj.utils.BtcFormatTest" time="0.001"/>
  <testcase name="parseTest[555]" classname="org.bitcoinj.utils.BtcFormatTest" time="0.0">
    <skipped/>
  </testcase>
  <testcase name="microcoinScaleTest[555]" classname="org.bitcoinj.utils.BtcFormatTest" time="0.0"/>
  <testcase name="parseMetricTest[555]" classname="org.bitcoinj.utils.BtcFormatTest" time="0.001"/>
  <testcase name="coinScaleTest[555]" classname="org.bitcoinj.utils.BtcFormatTest" time="0.0"/>
  <testcase name="builderTest[555]" classname="org.bitcoinj.utils.BtcFormatTest" time="0.0">
    <skipped/>
  </testcase>
  <testcase name="attributeTest[555]" classname="org.bitcoinj.utils.BtcFormatTest" time="0.0">
    <skipped/>
  </testcase>
  <testcase name="prefixTest[555]" classname="org.bitcoinj.utils.BtcFormatTest" time="0.0"/>
  <testcase name="suffixTest[555]" classname="org.bitcoinj.utils.BtcFormatTest" time="0.0">
    <skipped/>
  </testcase>
  <testcase name="autoDecimalTest[555]" classname="org.bitcoinj.utils.BtcFormatTest" time="0.001"/>
  <testcase name="symbolCollisionTest[555]" classname="org.bitcoinj.utils.BtcFormatTest" time="0.002"/>
  <testcase name="equalityTest[555]" classname="org.bitcoinj.utils.BtcFormatTest" time="0.001"/>
  <testcase name="columnAlignmentTest[555]" classname="org.bitcoinj.utils.BtcFormatTest" time="0.0"/>
  <testcase name="factoryTest[555]" classname="org.bitcoinj.utils.BtcFormatTest" time="0.001"/>
  <testcase name="parse[555]" classname="org.bitcoinj.utils.BtcFormatTest" time="0.0"/>
  <testcase name="btcRounding[555]" classname="org.bitcoinj.utils.BtcFormatTest" time="0.001"/>
  <testcase name="negativeTest[555]" classname="org.bitcoinj.utils.BtcFormatTest" time="0.0">
    <skipped/>
  </testcase>
  <testcase name="millicoinScaleTest[555]" classname="org.bitcoinj.utils.BtcFormatTest" time="0.001"/>
  <testcase name="toStringTest[555]" classname="org.bitcoinj.utils.BtcFormatTest" time="0.0">
    <skipped/>
  </testcase>
  <testcase name="testGrouping[555]" classname="org.bitcoinj.utils.BtcFormatTest" time="0.002"/>
  <testcase name="symbolsCodesTest[555]" classname="org.bitcoinj.utils.BtcFormatTest" time="0.001"/>
  <testcase name="defaultLocaleTest[555]" classname="org.bitcoinj.utils.BtcFormatTest" time="0.0"/>
  <testcase name="parsePositionTest[555]" classname="org.bitcoinj.utils.BtcFormatTest" time="0.001"/>
  <testcase name="argumentTypeTest[555]" classname="org.bitcoinj.utils.BtcFormatTest" time="0.0">
    <skipped/>
  </testcase>
  <testcase name="characterIteratorTest[555]" classname="org.bitcoinj.utils.BtcFormatTest" time="0.0"/>
  <testcase name="repeatingPlaceTest[555]" classname="org.bitcoinj.utils.BtcFormatTest" time="0.0"/>
  <testcase name="currencyCodeTest[555]" classname="org.bitcoinj.utils.BtcFormatTest" time="0.0">
    <skipped/>
  </testcase>
  <testcase name="patternDecimalPlaces[555]" classname="org.bitcoinj.utils.BtcFormatTest" time="0.0"/>
  <testcase name="factoryArgumentsTest[556]" classname="org.bitcoinj.utils.BtcFormatTest" time="0.002"/>
  <testcase name="parseTest[556]" classname="org.bitcoinj.utils.BtcFormatTest" time="0.0">
    <skipped/>
  </testcase>
  <testcase name="microcoinScaleTest[556]" classname="org.bitcoinj.utils.BtcFormatTest" time="0.0"/>
  <testcase name="parseMetricTest[556]" classname="org.bitcoinj.utils.BtcFormatTest" time="0.001"/>
  <testcase name="coinScaleTest[556]" classname="org.bitcoinj.utils.BtcFormatTest" time="0.0"/>
  <testcase name="builderTest[556]" classname="org.bitcoinj.utils.BtcFormatTest" time="0.0">
    <skipped/>
  </testcase>
  <testcase name="attributeTest[556]" classname="org.bitcoinj.utils.BtcFormatTest" time="0.0">
    <skipped/>
  </testcase>
  <testcase name="prefixTest[556]" classname="org.bitcoinj.utils.BtcFormatTest" time="0.0"/>
  <testcase name="suffixTest[556]" classname="org.bitcoinj.utils.BtcFormatTest" time="0.0">
    <skipped/>
  </testcase>
  <testcase name="autoDecimalTest[556]" classname="org.bitcoinj.utils.BtcFormatTest" time="0.001"/>
  <testcase name="symbolCollisionTest[556]" classname="org.bitcoinj.utils.BtcFormatTest" time="0.001"/>
  <testcase name="equalityTest[556]" classname="org.bitcoinj.utils.BtcFormatTest" time="0.002"/>
  <testcase name="columnAlignmentTest[556]" classname="org.bitcoinj.utils.BtcFormatTest" time="0.0"/>
  <testcase name="factoryTest[556]" classname="org.bitcoinj.utils.BtcFormatTest" time="0.001"/>
  <testcase name="parse[556]" classname="org.bitcoinj.utils.BtcFormatTest" time="0.0"/>
  <testcase name="btcRounding[556]" classname="org.bitcoinj.utils.BtcFormatTest" time="0.001"/>
  <testcase name="negativeTest[556]" classname="org.bitcoinj.utils.BtcFormatTest" time="0.0">
    <skipped/>
  </testcase>
  <testcase name="millicoinScaleTest[556]" classname="org.bitcoinj.utils.BtcFormatTest" time="0.0"/>
  <testcase name="toStringTest[556]" classname="org.bitcoinj.utils.BtcFormatTest" time="0.0">
    <skipped/>
  </testcase>
  <testcase name="testGrouping[556]" classname="org.bitcoinj.utils.BtcFormatTest" time="0.001"/>
  <testcase name="symbolsCodesTest[556]" classname="org.bitcoinj.utils.BtcFormatTest" time="0.001"/>
  <testcase name="defaultLocaleTest[556]" classname="org.bitcoinj.utils.BtcFormatTest" time="0.0"/>
  <testcase name="parsePositionTest[556]" classname="org.bitcoinj.utils.BtcFormatTest" time="0.0"/>
  <testcase name="argumentTypeTest[556]" classname="org.bitcoinj.utils.BtcFormatTest" time="0.0">
    <skipped/>
  </testcase>
  <testcase name="characterIteratorTest[556]" classname="org.bitcoinj.utils.BtcFormatTest" time="0.0"/>
  <testcase name="repeatingPlaceTest[556]" classname="org.bitcoinj.utils.BtcFormatTest" time="0.001"/>
  <testcase name="currencyCodeTest[556]" classname="org.bitcoinj.utils.BtcFormatTest" time="0.0">
    <skipped/>
  </testcase>
  <testcase name="patternDecimalPlaces[556]" classname="org.bitcoinj.utils.BtcFormatTest" time="0.0"/>
  <testcase name="factoryArgumentsTest[557]" classname="org.bitcoinj.utils.BtcFormatTest" time="0.001"/>
  <testcase name="parseTest[557]" classname="org.bitcoinj.utils.BtcFormatTest" time="0.0">
    <skipped/>
  </testcase>
  <testcase name="microcoinScaleTest[557]" classname="org.bitcoinj.utils.BtcFormatTest" time="0.0"/>
  <testcase name="parseMetricTest[557]" classname="org.bitcoinj.utils.BtcFormatTest" time="0.001"/>
  <testcase name="coinScaleTest[557]" classname="org.bitcoinj.utils.BtcFormatTest" time="0.0"/>
  <testcase name="builderTest[557]" classname="org.bitcoinj.utils.BtcFormatTest" time="0.0">
    <skipped/>
  </testcase>
  <testcase name="attributeTest[557]" classname="org.bitcoinj.utils.BtcFormatTest" time="0.0">
    <skipped/>
  </testcase>
  <testcase name="prefixTest[557]" classname="org.bitcoinj.utils.BtcFormatTest" time="0.0"/>
  <testcase name="suffixTest[557]" classname="org.bitcoinj.utils.BtcFormatTest" time="0.0">
    <skipped/>
  </testcase>
  <testcase name="autoDecimalTest[557]" classname="org.bitcoinj.utils.BtcFormatTest" time="0.001"/>
  <testcase name="symbolCollisionTest[557]" classname="org.bitcoinj.utils.BtcFormatTest" time="0.003"/>
  <testcase name="equalityTest[557]" classname="org.bitcoinj.utils.BtcFormatTest" time="0.002"/>
  <testcase name="columnAlignmentTest[557]" classname="org.bitcoinj.utils.BtcFormatTest" time="0.001"/>
  <testcase name="factoryTest[557]" classname="org.bitcoinj.utils.BtcFormatTest" time="0.0"/>
  <testcase name="parse[557]" classname="org.bitcoinj.utils.BtcFormatTest" time="0.0"/>
  <testcase name="btcRounding[557]" classname="org.bitcoinj.utils.BtcFormatTest" time="0.001"/>
  <testcase name="negativeTest[557]" classname="org.bitcoinj.utils.BtcFormatTest" time="0.0">
    <skipped/>
  </testcase>
  <testcase name="millicoinScaleTest[557]" classname="org.bitcoinj.utils.BtcFormatTest" time="0.0"/>
  <testcase name="toStringTest[557]" classname="org.bitcoinj.utils.BtcFormatTest" time="0.0">
    <skipped/>
  </testcase>
  <testcase name="testGrouping[557]" classname="org.bitcoinj.utils.BtcFormatTest" time="0.001"/>
  <testcase name="symbolsCodesTest[557]" classname="org.bitcoinj.utils.BtcFormatTest" time="0.0"/>
  <testcase name="defaultLocaleTest[557]" classname="org.bitcoinj.utils.BtcFormatTest" time="0.001"/>
  <testcase name="parsePositionTest[557]" classname="org.bitcoinj.utils.BtcFormatTest" time="0.0"/>
  <testcase name="argumentTypeTest[557]" classname="org.bitcoinj.utils.BtcFormatTest" time="0.0">
    <skipped/>
  </testcase>
  <testcase name="characterIteratorTest[557]" classname="org.bitcoinj.utils.BtcFormatTest" time="0.0"/>
  <testcase name="repeatingPlaceTest[557]" classname="org.bitcoinj.utils.BtcFormatTest" time="0.001"/>
  <testcase name="currencyCodeTest[557]" classname="org.bitcoinj.utils.BtcFormatTest" time="0.0">
    <skipped/>
  </testcase>
  <testcase name="patternDecimalPlaces[557]" classname="org.bitcoinj.utils.BtcFormatTest" time="0.0"/>
  <testcase name="factoryArgumentsTest[558]" classname="org.bitcoinj.utils.BtcFormatTest" time="0.001"/>
  <testcase name="parseTest[558]" classname="org.bitcoinj.utils.BtcFormatTest" time="0.0">
    <skipped/>
  </testcase>
  <testcase name="microcoinScaleTest[558]" classname="org.bitcoinj.utils.BtcFormatTest" time="0.0"/>
  <testcase name="parseMetricTest[558]" classname="org.bitcoinj.utils.BtcFormatTest" time="0.001"/>
  <testcase name="coinScaleTest[558]" classname="org.bitcoinj.utils.BtcFormatTest" time="0.0"/>
  <testcase name="builderTest[558]" classname="org.bitcoinj.utils.BtcFormatTest" time="0.0">
    <skipped/>
  </testcase>
  <testcase name="attributeTest[558]" classname="org.bitcoinj.utils.BtcFormatTest" time="0.0">
    <skipped/>
  </testcase>
  <testcase name="prefixTest[558]" classname="org.bitcoinj.utils.BtcFormatTest" time="0.0"/>
  <testcase name="suffixTest[558]" classname="org.bitcoinj.utils.BtcFormatTest" time="0.0">
    <skipped/>
  </testcase>
  <testcase name="autoDecimalTest[558]" classname="org.bitcoinj.utils.BtcFormatTest" time="0.001"/>
  <testcase name="symbolCollisionTest[558]" classname="org.bitcoinj.utils.BtcFormatTest" time="0.01"/>
  <testcase name="equalityTest[558]" classname="org.bitcoinj.utils.BtcFormatTest" time="0.001"/>
  <testcase name="columnAlignmentTest[558]" classname="org.bitcoinj.utils.BtcFormatTest" time="0.001"/>
  <testcase name="factoryTest[558]" classname="org.bitcoinj.utils.BtcFormatTest" time="0.0"/>
  <testcase name="parse[558]" classname="org.bitcoinj.utils.BtcFormatTest" time="0.0"/>
  <testcase name="btcRounding[558]" classname="org.bitcoinj.utils.BtcFormatTest" time="0.001"/>
  <testcase name="negativeTest[558]" classname="org.bitcoinj.utils.BtcFormatTest" time="0.0">
    <skipped/>
  </testcase>
  <testcase name="millicoinScaleTest[558]" classname="org.bitcoinj.utils.BtcFormatTest" time="0.0"/>
  <testcase name="toStringTest[558]" classname="org.bitcoinj.utils.BtcFormatTest" time="0.0">
    <skipped/>
  </testcase>
  <testcase name="testGrouping[558]" classname="org.bitcoinj.utils.BtcFormatTest" time="0.001"/>
  <testcase name="symbolsCodesTest[558]" classname="org.bitcoinj.utils.BtcFormatTest" time="0.0"/>
  <testcase name="defaultLocaleTest[558]" classname="org.bitcoinj.utils.BtcFormatTest" time="0.0"/>
  <testcase name="parsePositionTest[558]" classname="org.bitcoinj.utils.BtcFormatTest" time="0.001"/>
  <testcase name="argumentTypeTest[558]" classname="org.bitcoinj.utils.BtcFormatTest" time="0.0">
    <skipped/>
  </testcase>
  <testcase name="characterIteratorTest[558]" classname="org.bitcoinj.utils.BtcFormatTest" time="0.0"/>
  <testcase name="repeatingPlaceTest[558]" classname="org.bitcoinj.utils.BtcFormatTest" time="0.0"/>
  <testcase name="currencyCodeTest[558]" classname="org.bitcoinj.utils.BtcFormatTest" time="0.0">
    <skipped/>
  </testcase>
  <testcase name="patternDecimalPlaces[558]" classname="org.bitcoinj.utils.BtcFormatTest" time="0.0"/>
  <testcase name="factoryArgumentsTest[559]" classname="org.bitcoinj.utils.BtcFormatTest" time="0.001"/>
  <testcase name="parseTest[559]" classname="org.bitcoinj.utils.BtcFormatTest" time="0.0">
    <skipped/>
  </testcase>
  <testcase name="microcoinScaleTest[559]" classname="org.bitcoinj.utils.BtcFormatTest" time="0.001"/>
  <testcase name="parseMetricTest[559]" classname="org.bitcoinj.utils.BtcFormatTest" time="0.0"/>
  <testcase name="coinScaleTest[559]" classname="org.bitcoinj.utils.BtcFormatTest" time="0.001"/>
  <testcase name="builderTest[559]" classname="org.bitcoinj.utils.BtcFormatTest" time="0.0">
    <skipped/>
  </testcase>
  <testcase name="attributeTest[559]" classname="org.bitcoinj.utils.BtcFormatTest" time="0.0">
    <skipped/>
  </testcase>
  <testcase name="prefixTest[559]" classname="org.bitcoinj.utils.BtcFormatTest" time="0.0"/>
  <testcase name="suffixTest[559]" classname="org.bitcoinj.utils.BtcFormatTest" time="0.0">
    <skipped/>
  </testcase>
  <testcase name="autoDecimalTest[559]" classname="org.bitcoinj.utils.BtcFormatTest" time="0.001"/>
  <testcase name="symbolCollisionTest[559]" classname="org.bitcoinj.utils.BtcFormatTest" time="0.002"/>
  <testcase name="equalityTest[559]" classname="org.bitcoinj.utils.BtcFormatTest" time="0.001"/>
  <testcase name="columnAlignmentTest[559]" classname="org.bitcoinj.utils.BtcFormatTest" time="0.0"/>
  <testcase name="factoryTest[559]" classname="org.bitcoinj.utils.BtcFormatTest" time="0.001"/>
  <testcase name="parse[559]" classname="org.bitcoinj.utils.BtcFormatTest" time="0.0"/>
  <testcase name="btcRounding[559]" classname="org.bitcoinj.utils.BtcFormatTest" time="0.001"/>
  <testcase name="negativeTest[559]" classname="org.bitcoinj.utils.BtcFormatTest" time="0.0">
    <skipped/>
  </testcase>
  <testcase name="millicoinScaleTest[559]" classname="org.bitcoinj.utils.BtcFormatTest" time="0.0"/>
  <testcase name="toStringTest[559]" classname="org.bitcoinj.utils.BtcFormatTest" time="0.0">
    <skipped/>
  </testcase>
  <testcase name="testGrouping[559]" classname="org.bitcoinj.utils.BtcFormatTest" time="0.0"/>
  <testcase name="symbolsCodesTest[559]" classname="org.bitcoinj.utils.BtcFormatTest" time="0.0"/>
  <testcase name="defaultLocaleTest[559]" classname="org.bitcoinj.utils.BtcFormatTest" time="0.001"/>
  <testcase name="parsePositionTest[559]" classname="org.bitcoinj.utils.BtcFormatTest" time="0.0"/>
  <testcase name="argumentTypeTest[559]" classname="org.bitcoinj.utils.BtcFormatTest" time="0.0">
    <skipped/>
  </testcase>
  <testcase name="characterIteratorTest[559]" classname="org.bitcoinj.utils.BtcFormatTest" time="0.0"/>
  <testcase name="repeatingPlaceTest[559]" classname="org.bitcoinj.utils.BtcFormatTest" time="0.0"/>
  <testcase name="currencyCodeTest[559]" classname="org.bitcoinj.utils.BtcFormatTest" time="0.0">
    <skipped/>
  </testcase>
  <testcase name="patternDecimalPlaces[559]" classname="org.bitcoinj.utils.BtcFormatTest" time="0.0"/>
  <testcase name="factoryArgumentsTest[560]" classname="org.bitcoinj.utils.BtcFormatTest" time="0.001"/>
  <testcase name="parseTest[560]" classname="org.bitcoinj.utils.BtcFormatTest" time="0.0">
    <skipped/>
  </testcase>
  <testcase name="microcoinScaleTest[560]" classname="org.bitcoinj.utils.BtcFormatTest" time="0.0"/>
  <testcase name="parseMetricTest[560]" classname="org.bitcoinj.utils.BtcFormatTest" time="0.001"/>
  <testcase name="coinScaleTest[560]" classname="org.bitcoinj.utils.BtcFormatTest" time="0.0"/>
  <testcase name="builderTest[560]" classname="org.bitcoinj.utils.BtcFormatTest" time="0.0">
    <skipped/>
  </testcase>
  <testcase name="attributeTest[560]" classname="org.bitcoinj.utils.BtcFormatTest" time="0.0">
    <skipped/>
  </testcase>
  <testcase name="prefixTest[560]" classname="org.bitcoinj.utils.BtcFormatTest" time="0.0"/>
  <testcase name="suffixTest[560]" classname="org.bitcoinj.utils.BtcFormatTest" time="0.0">
    <skipped/>
  </testcase>
  <testcase name="autoDecimalTest[560]" classname="org.bitcoinj.utils.BtcFormatTest" time="0.001"/>
  <testcase name="symbolCollisionTest[560]" classname="org.bitcoinj.utils.BtcFormatTest" time="0.002"/>
  <testcase name="equalityTest[560]" classname="org.bitcoinj.utils.BtcFormatTest" time="0.001"/>
  <testcase name="columnAlignmentTest[560]" classname="org.bitcoinj.utils.BtcFormatTest" time="0.0"/>
  <testcase name="factoryTest[560]" classname="org.bitcoinj.utils.BtcFormatTest" time="0.0"/>
  <testcase name="parse[560]" classname="org.bitcoinj.utils.BtcFormatTest" time="0.001"/>
  <testcase name="btcRounding[560]" classname="org.bitcoinj.utils.BtcFormatTest" time="0.001"/>
  <testcase name="negativeTest[560]" classname="org.bitcoinj.utils.BtcFormatTest" time="0.0">
    <skipped/>
  </testcase>
  <testcase name="millicoinScaleTest[560]" classname="org.bitcoinj.utils.BtcFormatTest" time="0.0"/>
  <testcase name="toStringTest[560]" classname="org.bitcoinj.utils.BtcFormatTest" time="0.0">
    <skipped/>
  </testcase>
  <testcase name="testGrouping[560]" classname="org.bitcoinj.utils.BtcFormatTest" time="0.0"/>
  <testcase name="symbolsCodesTest[560]" classname="org.bitcoinj.utils.BtcFormatTest" time="0.001"/>
  <testcase name="defaultLocaleTest[560]" classname="org.bitcoinj.utils.BtcFormatTest" time="0.0"/>
  <testcase name="parsePositionTest[560]" classname="org.bitcoinj.utils.BtcFormatTest" time="0.0"/>
  <testcase name="argumentTypeTest[560]" classname="org.bitcoinj.utils.BtcFormatTest" time="0.0">
    <skipped/>
  </testcase>
  <testcase name="characterIteratorTest[560]" classname="org.bitcoinj.utils.BtcFormatTest" time="0.0"/>
  <testcase name="repeatingPlaceTest[560]" classname="org.bitcoinj.utils.BtcFormatTest" time="0.0"/>
  <testcase name="currencyCodeTest[560]" classname="org.bitcoinj.utils.BtcFormatTest" time="0.0">
    <skipped/>
  </testcase>
  <testcase name="patternDecimalPlaces[560]" classname="org.bitcoinj.utils.BtcFormatTest" time="0.0"/>
  <testcase name="factoryArgumentsTest[561]" classname="org.bitcoinj.utils.BtcFormatTest" time="0.0"/>
  <testcase name="parseTest[561]" classname="org.bitcoinj.utils.BtcFormatTest" time="0.0">
    <skipped/>
  </testcase>
  <testcase name="microcoinScaleTest[561]" classname="org.bitcoinj.utils.BtcFormatTest" time="0.001"/>
  <testcase name="parseMetricTest[561]" classname="org.bitcoinj.utils.BtcFormatTest" time="0.001"/>
  <testcase name="coinScaleTest[561]" classname="org.bitcoinj.utils.BtcFormatTest" time="0.0"/>
  <testcase name="builderTest[561]" classname="org.bitcoinj.utils.BtcFormatTest" time="0.0">
    <skipped/>
  </testcase>
  <testcase name="attributeTest[561]" classname="org.bitcoinj.utils.BtcFormatTest" time="0.0">
    <skipped/>
  </testcase>
  <testcase name="prefixTest[561]" classname="org.bitcoinj.utils.BtcFormatTest" time="0.0"/>
  <testcase name="suffixTest[561]" classname="org.bitcoinj.utils.BtcFormatTest" time="0.0">
    <skipped/>
  </testcase>
  <testcase name="autoDecimalTest[561]" classname="org.bitcoinj.utils.BtcFormatTest" time="0.001"/>
  <testcase name="symbolCollisionTest[561]" classname="org.bitcoinj.utils.BtcFormatTest" time="0.001"/>
  <testcase name="equalityTest[561]" classname="org.bitcoinj.utils.BtcFormatTest" time="0.001"/>
  <testcase name="columnAlignmentTest[561]" classname="org.bitcoinj.utils.BtcFormatTest" time="0.0"/>
  <testcase name="factoryTest[561]" classname="org.bitcoinj.utils.BtcFormatTest" time="0.001"/>
  <testcase name="parse[561]" classname="org.bitcoinj.utils.BtcFormatTest" time="0.0"/>
  <testcase name="btcRounding[561]" classname="org.bitcoinj.utils.BtcFormatTest" time="0.001"/>
  <testcase name="negativeTest[561]" classname="org.bitcoinj.utils.BtcFormatTest" time="0.0">
    <skipped/>
  </testcase>
  <testcase name="millicoinScaleTest[561]" classname="org.bitcoinj.utils.BtcFormatTest" time="0.0"/>
  <testcase name="toStringTest[561]" classname="org.bitcoinj.utils.BtcFormatTest" time="0.0">
    <skipped/>
  </testcase>
  <testcase name="testGrouping[561]" classname="org.bitcoinj.utils.BtcFormatTest" time="0.0"/>
  <testcase name="symbolsCodesTest[561]" classname="org.bitcoinj.utils.BtcFormatTest" time="0.001"/>
  <testcase name="defaultLocaleTest[561]" classname="org.bitcoinj.utils.BtcFormatTest" time="0.0"/>
  <testcase name="parsePositionTest[561]" classname="org.bitcoinj.utils.BtcFormatTest" time="0.001"/>
  <testcase name="argumentTypeTest[561]" classname="org.bitcoinj.utils.BtcFormatTest" time="0.0">
    <skipped/>
  </testcase>
  <testcase name="characterIteratorTest[561]" classname="org.bitcoinj.utils.BtcFormatTest" time="0.0"/>
  <testcase name="repeatingPlaceTest[561]" classname="org.bitcoinj.utils.BtcFormatTest" time="0.001"/>
  <testcase name="currencyCodeTest[561]" classname="org.bitcoinj.utils.BtcFormatTest" time="0.0">
    <skipped/>
  </testcase>
  <testcase name="patternDecimalPlaces[561]" classname="org.bitcoinj.utils.BtcFormatTest" time="0.0"/>
  <testcase name="factoryArgumentsTest[562]" classname="org.bitcoinj.utils.BtcFormatTest" time="0.001"/>
  <testcase name="parseTest[562]" classname="org.bitcoinj.utils.BtcFormatTest" time="0.0">
    <skipped/>
  </testcase>
  <testcase name="microcoinScaleTest[562]" classname="org.bitcoinj.utils.BtcFormatTest" time="0.001"/>
  <testcase name="parseMetricTest[562]" classname="org.bitcoinj.utils.BtcFormatTest" time="0.001"/>
  <testcase name="coinScaleTest[562]" classname="org.bitcoinj.utils.BtcFormatTest" time="0.0"/>
  <testcase name="builderTest[562]" classname="org.bitcoinj.utils.BtcFormatTest" time="0.0">
    <skipped/>
  </testcase>
  <testcase name="attributeTest[562]" classname="org.bitcoinj.utils.BtcFormatTest" time="0.0">
    <skipped/>
  </testcase>
  <testcase name="prefixTest[562]" classname="org.bitcoinj.utils.BtcFormatTest" time="0.0"/>
  <testcase name="suffixTest[562]" classname="org.bitcoinj.utils.BtcFormatTest" time="0.0">
    <skipped/>
  </testcase>
  <testcase name="autoDecimalTest[562]" classname="org.bitcoinj.utils.BtcFormatTest" time="0.001"/>
  <testcase name="symbolCollisionTest[562]" classname="org.bitcoinj.utils.BtcFormatTest" time="0.002"/>
  <testcase name="equalityTest[562]" classname="org.bitcoinj.utils.BtcFormatTest" time="0.002"/>
  <testcase name="columnAlignmentTest[562]" classname="org.bitcoinj.utils.BtcFormatTest" time="0.0"/>
  <testcase name="factoryTest[562]" classname="org.bitcoinj.utils.BtcFormatTest" time="0.0"/>
  <testcase name="parse[562]" classname="org.bitcoinj.utils.BtcFormatTest" time="0.0"/>
  <testcase name="btcRounding[562]" classname="org.bitcoinj.utils.BtcFormatTest" time="0.001"/>
  <testcase name="negativeTest[562]" classname="org.bitcoinj.utils.BtcFormatTest" time="0.0">
    <skipped/>
  </testcase>
  <testcase name="millicoinScaleTest[562]" classname="org.bitcoinj.utils.BtcFormatTest" time="0.0"/>
  <testcase name="toStringTest[562]" classname="org.bitcoinj.utils.BtcFormatTest" time="0.0">
    <skipped/>
  </testcase>
  <testcase name="testGrouping[562]" classname="org.bitcoinj.utils.BtcFormatTest" time="0.001"/>
  <testcase name="symbolsCodesTest[562]" classname="org.bitcoinj.utils.BtcFormatTest" time="0.0"/>
  <testcase name="defaultLocaleTest[562]" classname="org.bitcoinj.utils.BtcFormatTest" time="0.001"/>
  <testcase name="parsePositionTest[562]" classname="org.bitcoinj.utils.BtcFormatTest" time="0.002"/>
  <testcase name="argumentTypeTest[562]" classname="org.bitcoinj.utils.BtcFormatTest" time="0.0">
    <skipped/>
  </testcase>
  <testcase name="characterIteratorTest[562]" classname="org.bitcoinj.utils.BtcFormatTest" time="0.001"/>
  <testcase name="repeatingPlaceTest[562]" classname="org.bitcoinj.utils.BtcFormatTest" time="0.001"/>
  <testcase name="currencyCodeTest[562]" classname="org.bitcoinj.utils.BtcFormatTest" time="0.0">
    <skipped/>
  </testcase>
  <testcase name="patternDecimalPlaces[562]" classname="org.bitcoinj.utils.BtcFormatTest" time="0.0"/>
  <testcase name="factoryArgumentsTest[563]" classname="org.bitcoinj.utils.BtcFormatTest" time="0.002"/>
  <testcase name="parseTest[563]" classname="org.bitcoinj.utils.BtcFormatTest" time="0.0">
    <skipped/>
  </testcase>
  <testcase name="microcoinScaleTest[563]" classname="org.bitcoinj.utils.BtcFormatTest" time="0.0"/>
  <testcase name="parseMetricTest[563]" classname="org.bitcoinj.utils.BtcFormatTest" time="0.002"/>
  <testcase name="coinScaleTest[563]" classname="org.bitcoinj.utils.BtcFormatTest" time="0.001"/>
  <testcase name="builderTest[563]" classname="org.bitcoinj.utils.BtcFormatTest" time="0.0">
    <skipped/>
  </testcase>
  <testcase name="attributeTest[563]" classname="org.bitcoinj.utils.BtcFormatTest" time="0.0">
    <skipped/>
  </testcase>
  <testcase name="prefixTest[563]" classname="org.bitcoinj.utils.BtcFormatTest" time="0.0"/>
  <testcase name="suffixTest[563]" classname="org.bitcoinj.utils.BtcFormatTest" time="0.0">
    <skipped/>
  </testcase>
  <testcase name="autoDecimalTest[563]" classname="org.bitcoinj.utils.BtcFormatTest" time="0.001"/>
  <testcase name="symbolCollisionTest[563]" classname="org.bitcoinj.utils.BtcFormatTest" time="0.002"/>
  <testcase name="equalityTest[563]" classname="org.bitcoinj.utils.BtcFormatTest" time="0.009"/>
  <testcase name="columnAlignmentTest[563]" classname="org.bitcoinj.utils.BtcFormatTest" time="0.001"/>
  <testcase name="factoryTest[563]" classname="org.bitcoinj.utils.BtcFormatTest" time="0.0"/>
  <testcase name="parse[563]" classname="org.bitcoinj.utils.BtcFormatTest" time="0.0"/>
  <testcase name="btcRounding[563]" classname="org.bitcoinj.utils.BtcFormatTest" time="0.002"/>
  <testcase name="negativeTest[563]" classname="org.bitcoinj.utils.BtcFormatTest" time="0.0">
    <skipped/>
  </testcase>
  <testcase name="millicoinScaleTest[563]" classname="org.bitcoinj.utils.BtcFormatTest" time="0.0"/>
  <testcase name="toStringTest[563]" classname="org.bitcoinj.utils.BtcFormatTest" time="0.0">
    <skipped/>
  </testcase>
  <testcase name="testGrouping[563]" classname="org.bitcoinj.utils.BtcFormatTest" time="0.0"/>
  <testcase name="symbolsCodesTest[563]" classname="org.bitcoinj.utils.BtcFormatTest" time="0.001"/>
  <testcase name="defaultLocaleTest[563]" classname="org.bitcoinj.utils.BtcFormatTest" time="0.0"/>
  <testcase name="parsePositionTest[563]" classname="org.bitcoinj.utils.BtcFormatTest" time="0.0"/>
  <testcase name="argumentTypeTest[563]" classname="org.bitcoinj.utils.BtcFormatTest" time="0.0">
    <skipped/>
  </testcase>
  <testcase name="characterIteratorTest[563]" classname="org.bitcoinj.utils.BtcFormatTest" time="0.0"/>
  <testcase name="repeatingPlaceTest[563]" classname="org.bitcoinj.utils.BtcFormatTest" time="0.0"/>
  <testcase name="currencyCodeTest[563]" classname="org.bitcoinj.utils.BtcFormatTest" time="0.0">
    <skipped/>
  </testcase>
  <testcase name="patternDecimalPlaces[563]" classname="org.bitcoinj.utils.BtcFormatTest" time="0.001"/>
  <testcase name="factoryArgumentsTest[564]" classname="org.bitcoinj.utils.BtcFormatTest" time="0.002"/>
  <testcase name="parseTest[564]" classname="org.bitcoinj.utils.BtcFormatTest" time="0.0">
    <skipped/>
  </testcase>
  <testcase name="microcoinScaleTest[564]" classname="org.bitcoinj.utils.BtcFormatTest" time="0.0"/>
  <testcase name="parseMetricTest[564]" classname="org.bitcoinj.utils.BtcFormatTest" time="0.001"/>
  <testcase name="coinScaleTest[564]" classname="org.bitcoinj.utils.BtcFormatTest" time="0.001"/>
  <testcase name="builderTest[564]" classname="org.bitcoinj.utils.BtcFormatTest" time="0.0">
    <skipped/>
  </testcase>
  <testcase name="attributeTest[564]" classname="org.bitcoinj.utils.BtcFormatTest" time="0.0">
    <skipped/>
  </testcase>
  <testcase name="prefixTest[564]" classname="org.bitcoinj.utils.BtcFormatTest" time="0.0"/>
  <testcase name="suffixTest[564]" classname="org.bitcoinj.utils.BtcFormatTest" time="0.0">
    <skipped/>
  </testcase>
  <testcase name="autoDecimalTest[564]" classname="org.bitcoinj.utils.BtcFormatTest" time="0.001"/>
  <testcase name="symbolCollisionTest[564]" classname="org.bitcoinj.utils.BtcFormatTest" time="0.002"/>
  <testcase name="equalityTest[564]" classname="org.bitcoinj.utils.BtcFormatTest" time="0.002"/>
  <testcase name="columnAlignmentTest[564]" classname="org.bitcoinj.utils.BtcFormatTest" time="0.001"/>
  <testcase name="factoryTest[564]" classname="org.bitcoinj.utils.BtcFormatTest" time="0.0"/>
  <testcase name="parse[564]" classname="org.bitcoinj.utils.BtcFormatTest" time="0.0"/>
  <testcase name="btcRounding[564]" classname="org.bitcoinj.utils.BtcFormatTest" time="0.003"/>
  <testcase name="negativeTest[564]" classname="org.bitcoinj.utils.BtcFormatTest" time="0.0">
    <skipped/>
  </testcase>
  <testcase name="millicoinScaleTest[564]" classname="org.bitcoinj.utils.BtcFormatTest" time="0.0"/>
  <testcase name="toStringTest[564]" classname="org.bitcoinj.utils.BtcFormatTest" time="0.0">
    <skipped/>
  </testcase>
  <testcase name="testGrouping[564]" classname="org.bitcoinj.utils.BtcFormatTest" time="0.0"/>
  <testcase name="symbolsCodesTest[564]" classname="org.bitcoinj.utils.BtcFormatTest" time="0.001"/>
  <testcase name="defaultLocaleTest[564]" classname="org.bitcoinj.utils.BtcFormatTest" time="0.0"/>
  <testcase name="parsePositionTest[564]" classname="org.bitcoinj.utils.BtcFormatTest" time="0.0"/>
  <testcase name="argumentTypeTest[564]" classname="org.bitcoinj.utils.BtcFormatTest" time="0.0">
    <skipped/>
  </testcase>
  <testcase name="characterIteratorTest[564]" classname="org.bitcoinj.utils.BtcFormatTest" time="0.001"/>
  <testcase name="repeatingPlaceTest[564]" classname="org.bitcoinj.utils.BtcFormatTest" time="0.0"/>
  <testcase name="currencyCodeTest[564]" classname="org.bitcoinj.utils.BtcFormatTest" time="0.0">
    <skipped/>
  </testcase>
  <testcase name="patternDecimalPlaces[564]" classname="org.bitcoinj.utils.BtcFormatTest" time="0.0"/>
  <testcase name="factoryArgumentsTest[565]" classname="org.bitcoinj.utils.BtcFormatTest" time="0.001"/>
  <testcase name="parseTest[565]" classname="org.bitcoinj.utils.BtcFormatTest" time="0.0">
    <skipped/>
  </testcase>
  <testcase name="microcoinScaleTest[565]" classname="org.bitcoinj.utils.BtcFormatTest" time="0.0"/>
  <testcase name="parseMetricTest[565]" classname="org.bitcoinj.utils.BtcFormatTest" time="0.001"/>
  <testcase name="coinScaleTest[565]" classname="org.bitcoinj.utils.BtcFormatTest" time="0.001"/>
  <testcase name="builderTest[565]" classname="org.bitcoinj.utils.BtcFormatTest" time="0.0">
    <skipped/>
  </testcase>
  <testcase name="attributeTest[565]" classname="org.bitcoinj.utils.BtcFormatTest" time="0.0">
    <skipped/>
  </testcase>
  <testcase name="prefixTest[565]" classname="org.bitcoinj.utils.BtcFormatTest" time="0.0"/>
  <testcase name="suffixTest[565]" classname="org.bitcoinj.utils.BtcFormatTest" time="0.0">
    <skipped/>
  </testcase>
  <testcase name="autoDecimalTest[565]" classname="org.bitcoinj.utils.BtcFormatTest" time="0.001"/>
  <testcase name="symbolCollisionTest[565]" classname="org.bitcoinj.utils.BtcFormatTest" time="0.002"/>
  <testcase name="equalityTest[565]" classname="org.bitcoinj.utils.BtcFormatTest" time="0.001"/>
  <testcase name="columnAlignmentTest[565]" classname="org.bitcoinj.utils.BtcFormatTest" time="0.001"/>
  <testcase name="factoryTest[565]" classname="org.bitcoinj.utils.BtcFormatTest" time="0.0"/>
  <testcase name="parse[565]" classname="org.bitcoinj.utils.BtcFormatTest" time="0.0"/>
  <testcase name="btcRounding[565]" classname="org.bitcoinj.utils.BtcFormatTest" time="0.001"/>
  <testcase name="negativeTest[565]" classname="org.bitcoinj.utils.BtcFormatTest" time="0.0">
    <skipped/>
  </testcase>
  <testcase name="millicoinScaleTest[565]" classname="org.bitcoinj.utils.BtcFormatTest" time="0.0"/>
  <testcase name="toStringTest[565]" classname="org.bitcoinj.utils.BtcFormatTest" time="0.0">
    <skipped/>
  </testcase>
  <testcase name="testGrouping[565]" classname="org.bitcoinj.utils.BtcFormatTest" time="0.001"/>
  <testcase name="symbolsCodesTest[565]" classname="org.bitcoinj.utils.BtcFormatTest" time="0.0"/>
  <testcase name="defaultLocaleTest[565]" classname="org.bitcoinj.utils.BtcFormatTest" time="0.0"/>
  <testcase name="parsePositionTest[565]" classname="org.bitcoinj.utils.BtcFormatTest" time="0.001"/>
  <testcase name="argumentTypeTest[565]" classname="org.bitcoinj.utils.BtcFormatTest" time="0.0">
    <skipped/>
  </testcase>
  <testcase name="characterIteratorTest[565]" classname="org.bitcoinj.utils.BtcFormatTest" time="0.001"/>
  <testcase name="repeatingPlaceTest[565]" classname="org.bitcoinj.utils.BtcFormatTest" time="0.0"/>
  <testcase name="currencyCodeTest[565]" classname="org.bitcoinj.utils.BtcFormatTest" time="0.0">
    <skipped/>
  </testcase>
  <testcase name="patternDecimalPlaces[565]" classname="org.bitcoinj.utils.BtcFormatTest" time="0.0"/>
  <testcase name="factoryArgumentsTest[566]" classname="org.bitcoinj.utils.BtcFormatTest" time="0.002"/>
  <testcase name="parseTest[566]" classname="org.bitcoinj.utils.BtcFormatTest" time="0.0">
    <skipped/>
  </testcase>
  <testcase name="microcoinScaleTest[566]" classname="org.bitcoinj.utils.BtcFormatTest" time="0.0"/>
  <testcase name="parseMetricTest[566]" classname="org.bitcoinj.utils.BtcFormatTest" time="0.002"/>
  <testcase name="coinScaleTest[566]" classname="org.bitcoinj.utils.BtcFormatTest" time="0.0"/>
  <testcase name="builderTest[566]" classname="org.bitcoinj.utils.BtcFormatTest" time="0.0">
    <skipped/>
  </testcase>
  <testcase name="attributeTest[566]" classname="org.bitcoinj.utils.BtcFormatTest" time="0.0">
    <skipped/>
  </testcase>
  <testcase name="prefixTest[566]" classname="org.bitcoinj.utils.BtcFormatTest" time="0.0"/>
  <testcase name="suffixTest[566]" classname="org.bitcoinj.utils.BtcFormatTest" time="0.0">
    <skipped/>
  </testcase>
  <testcase name="autoDecimalTest[566]" classname="org.bitcoinj.utils.BtcFormatTest" time="0.001"/>
  <testcase name="symbolCollisionTest[566]" classname="org.bitcoinj.utils.BtcFormatTest" time="0.002"/>
  <testcase name="equalityTest[566]" classname="org.bitcoinj.utils.BtcFormatTest" time="0.001"/>
  <testcase name="columnAlignmentTest[566]" classname="org.bitcoinj.utils.BtcFormatTest" time="0.0"/>
  <testcase name="factoryTest[566]" classname="org.bitcoinj.utils.BtcFormatTest" time="0.0"/>
  <testcase name="parse[566]" classname="org.bitcoinj.utils.BtcFormatTest" time="0.001"/>
  <testcase name="btcRounding[566]" classname="org.bitcoinj.utils.BtcFormatTest" time="0.001"/>
  <testcase name="negativeTest[566]" classname="org.bitcoinj.utils.BtcFormatTest" time="0.0">
    <skipped/>
  </testcase>
  <testcase name="millicoinScaleTest[566]" classname="org.bitcoinj.utils.BtcFormatTest" time="0.0"/>
  <testcase name="toStringTest[566]" classname="org.bitcoinj.utils.BtcFormatTest" time="0.0">
    <skipped/>
  </testcase>
  <testcase name="testGrouping[566]" classname="org.bitcoinj.utils.BtcFormatTest" time="0.0"/>
  <testcase name="symbolsCodesTest[566]" classname="org.bitcoinj.utils.BtcFormatTest" time="0.001"/>
  <testcase name="defaultLocaleTest[566]" classname="org.bitcoinj.utils.BtcFormatTest" time="0.0"/>
  <testcase name="parsePositionTest[566]" classname="org.bitcoinj.utils.BtcFormatTest" time="0.0"/>
  <testcase name="argumentTypeTest[566]" classname="org.bitcoinj.utils.BtcFormatTest" time="0.0">
    <skipped/>
  </testcase>
  <testcase name="characterIteratorTest[566]" classname="org.bitcoinj.utils.BtcFormatTest" time="0.001"/>
  <testcase name="repeatingPlaceTest[566]" classname="org.bitcoinj.utils.BtcFormatTest" time="0.0"/>
  <testcase name="currencyCodeTest[566]" classname="org.bitcoinj.utils.BtcFormatTest" time="0.0">
    <skipped/>
  </testcase>
  <testcase name="patternDecimalPlaces[566]" classname="org.bitcoinj.utils.BtcFormatTest" time="0.0"/>
  <testcase name="factoryArgumentsTest[567]" classname="org.bitcoinj.utils.BtcFormatTest" time="0.001"/>
  <testcase name="parseTest[567]" classname="org.bitcoinj.utils.BtcFormatTest" time="0.0">
    <skipped/>
  </testcase>
  <testcase name="microcoinScaleTest[567]" classname="org.bitcoinj.utils.BtcFormatTest" time="0.0"/>
  <testcase name="parseMetricTest[567]" classname="org.bitcoinj.utils.BtcFormatTest" time="0.002"/>
  <testcase name="coinScaleTest[567]" classname="org.bitcoinj.utils.BtcFormatTest" time="0.0"/>
  <testcase name="builderTest[567]" classname="org.bitcoinj.utils.BtcFormatTest" time="0.0">
    <skipped/>
  </testcase>
  <testcase name="attributeTest[567]" classname="org.bitcoinj.utils.BtcFormatTest" time="0.0">
    <skipped/>
  </testcase>
  <testcase name="prefixTest[567]" classname="org.bitcoinj.utils.BtcFormatTest" time="0.001"/>
  <testcase name="suffixTest[567]" classname="org.bitcoinj.utils.BtcFormatTest" time="0.0">
    <skipped/>
  </testcase>
  <testcase name="autoDecimalTest[567]" classname="org.bitcoinj.utils.BtcFormatTest" time="0.001"/>
  <testcase name="symbolCollisionTest[567]" classname="org.bitcoinj.utils.BtcFormatTest" time="0.002"/>
  <testcase name="equalityTest[567]" classname="org.bitcoinj.utils.BtcFormatTest" time="0.002"/>
  <testcase name="columnAlignmentTest[567]" classname="org.bitcoinj.utils.BtcFormatTest" time="0.0"/>
  <testcase name="factoryTest[567]" classname="org.bitcoinj.utils.BtcFormatTest" time="0.001"/>
  <testcase name="parse[567]" classname="org.bitcoinj.utils.BtcFormatTest" time="0.0"/>
  <testcase name="btcRounding[567]" classname="org.bitcoinj.utils.BtcFormatTest" time="0.002"/>
  <testcase name="negativeTest[567]" classname="org.bitcoinj.utils.BtcFormatTest" time="0.0">
    <skipped/>
  </testcase>
  <testcase name="millicoinScaleTest[567]" classname="org.bitcoinj.utils.BtcFormatTest" time="0.0"/>
  <testcase name="toStringTest[567]" classname="org.bitcoinj.utils.BtcFormatTest" time="0.0">
    <skipped/>
  </testcase>
  <testcase name="testGrouping[567]" classname="org.bitcoinj.utils.BtcFormatTest" time="0.0"/>
  <testcase name="symbolsCodesTest[567]" classname="org.bitcoinj.utils.BtcFormatTest" time="0.001"/>
  <testcase name="defaultLocaleTest[567]" classname="org.bitcoinj.utils.BtcFormatTest" time="0.0"/>
  <testcase name="parsePositionTest[567]" classname="org.bitcoinj.utils.BtcFormatTest" time="0.0"/>
  <testcase name="argumentTypeTest[567]" classname="org.bitcoinj.utils.BtcFormatTest" time="0.0">
    <skipped/>
  </testcase>
  <testcase name="characterIteratorTest[567]" classname="org.bitcoinj.utils.BtcFormatTest" time="0.0"/>
  <testcase name="repeatingPlaceTest[567]" classname="org.bitcoinj.utils.BtcFormatTest" time="0.001"/>
  <testcase name="currencyCodeTest[567]" classname="org.bitcoinj.utils.BtcFormatTest" time="0.0">
    <skipped/>
  </testcase>
  <testcase name="patternDecimalPlaces[567]" classname="org.bitcoinj.utils.BtcFormatTest" time="0.0"/>
  <testcase name="factoryArgumentsTest[568]" classname="org.bitcoinj.utils.BtcFormatTest" time="0.001"/>
  <testcase name="parseTest[568]" classname="org.bitcoinj.utils.BtcFormatTest" time="0.0">
    <skipped/>
  </testcase>
  <testcase name="microcoinScaleTest[568]" classname="org.bitcoinj.utils.BtcFormatTest" time="0.0"/>
  <testcase name="parseMetricTest[568]" classname="org.bitcoinj.utils.BtcFormatTest" time="0.001"/>
  <testcase name="coinScaleTest[568]" classname="org.bitcoinj.utils.BtcFormatTest" time="0.0"/>
  <testcase name="builderTest[568]" classname="org.bitcoinj.utils.BtcFormatTest" time="0.0">
    <skipped/>
  </testcase>
  <testcase name="attributeTest[568]" classname="org.bitcoinj.utils.BtcFormatTest" time="0.0">
    <skipped/>
  </testcase>
  <testcase name="prefixTest[568]" classname="org.bitcoinj.utils.BtcFormatTest" time="0.0"/>
  <testcase name="suffixTest[568]" classname="org.bitcoinj.utils.BtcFormatTest" time="0.0">
    <skipped/>
  </testcase>
  <testcase name="autoDecimalTest[568]" classname="org.bitcoinj.utils.BtcFormatTest" time="0.001"/>
  <testcase name="symbolCollisionTest[568]" classname="org.bitcoinj.utils.BtcFormatTest" time="0.002"/>
  <testcase name="equalityTest[568]" classname="org.bitcoinj.utils.BtcFormatTest" time="0.002"/>
  <testcase name="columnAlignmentTest[568]" classname="org.bitcoinj.utils.BtcFormatTest" time="0.0"/>
  <testcase name="factoryTest[568]" classname="org.bitcoinj.utils.BtcFormatTest" time="0.001"/>
  <testcase name="parse[568]" classname="org.bitcoinj.utils.BtcFormatTest" time="0.0"/>
  <testcase name="btcRounding[568]" classname="org.bitcoinj.utils.BtcFormatTest" time="0.001"/>
  <testcase name="negativeTest[568]" classname="org.bitcoinj.utils.BtcFormatTest" time="0.0">
    <skipped/>
  </testcase>
  <testcase name="millicoinScaleTest[568]" classname="org.bitcoinj.utils.BtcFormatTest" time="0.0"/>
  <testcase name="toStringTest[568]" classname="org.bitcoinj.utils.BtcFormatTest" time="0.0">
    <skipped/>
  </testcase>
  <testcase name="testGrouping[568]" classname="org.bitcoinj.utils.BtcFormatTest" time="0.0"/>
  <testcase name="symbolsCodesTest[568]" classname="org.bitcoinj.utils.BtcFormatTest" time="0.001"/>
  <testcase name="defaultLocaleTest[568]" classname="org.bitcoinj.utils.BtcFormatTest" time="0.0"/>
  <testcase name="parsePositionTest[568]" classname="org.bitcoinj.utils.BtcFormatTest" time="0.0"/>
  <testcase name="argumentTypeTest[568]" classname="org.bitcoinj.utils.BtcFormatTest" time="0.0">
    <skipped/>
  </testcase>
  <testcase name="characterIteratorTest[568]" classname="org.bitcoinj.utils.BtcFormatTest" time="0.001"/>
  <testcase name="repeatingPlaceTest[568]" classname="org.bitcoinj.utils.BtcFormatTest" time="0.0"/>
  <testcase name="currencyCodeTest[568]" classname="org.bitcoinj.utils.BtcFormatTest" time="0.0">
    <skipped/>
  </testcase>
  <testcase name="patternDecimalPlaces[568]" classname="org.bitcoinj.utils.BtcFormatTest" time="0.0"/>
  <testcase name="factoryArgumentsTest[569]" classname="org.bitcoinj.utils.BtcFormatTest" time="0.001"/>
  <testcase name="parseTest[569]" classname="org.bitcoinj.utils.BtcFormatTest" time="0.0">
    <skipped/>
  </testcase>
  <testcase name="microcoinScaleTest[569]" classname="org.bitcoinj.utils.BtcFormatTest" time="0.0"/>
  <testcase name="parseMetricTest[569]" classname="org.bitcoinj.utils.BtcFormatTest" time="0.002"/>
  <testcase name="coinScaleTest[569]" classname="org.bitcoinj.utils.BtcFormatTest" time="0.0"/>
  <testcase name="builderTest[569]" classname="org.bitcoinj.utils.BtcFormatTest" time="0.0">
    <skipped/>
  </testcase>
  <testcase name="attributeTest[569]" classname="org.bitcoinj.utils.BtcFormatTest" time="0.0">
    <skipped/>
  </testcase>
  <testcase name="prefixTest[569]" classname="org.bitcoinj.utils.BtcFormatTest" time="0.0"/>
  <testcase name="suffixTest[569]" classname="org.bitcoinj.utils.BtcFormatTest" time="0.0">
    <skipped/>
  </testcase>
  <testcase name="autoDecimalTest[569]" classname="org.bitcoinj.utils.BtcFormatTest" time="0.001"/>
  <testcase name="symbolCollisionTest[569]" classname="org.bitcoinj.utils.BtcFormatTest" time="0.003"/>
  <testcase name="equalityTest[569]" classname="org.bitcoinj.utils.BtcFormatTest" time="0.001"/>
  <testcase name="columnAlignmentTest[569]" classname="org.bitcoinj.utils.BtcFormatTest" time="0.001"/>
  <testcase name="factoryTest[569]" classname="org.bitcoinj.utils.BtcFormatTest" time="0.0"/>
  <testcase name="parse[569]" classname="org.bitcoinj.utils.BtcFormatTest" time="0.0"/>
  <testcase name="btcRounding[569]" classname="org.bitcoinj.utils.BtcFormatTest" time="0.001"/>
  <testcase name="negativeTest[569]" classname="org.bitcoinj.utils.BtcFormatTest" time="0.0">
    <skipped/>
  </testcase>
  <testcase name="millicoinScaleTest[569]" classname="org.bitcoinj.utils.BtcFormatTest" time="0.0"/>
  <testcase name="toStringTest[569]" classname="org.bitcoinj.utils.BtcFormatTest" time="0.0">
    <skipped/>
  </testcase>
  <testcase name="testGrouping[569]" classname="org.bitcoinj.utils.BtcFormatTest" time="0.0"/>
  <testcase name="symbolsCodesTest[569]" classname="org.bitcoinj.utils.BtcFormatTest" time="0.001"/>
  <testcase name="defaultLocaleTest[569]" classname="org.bitcoinj.utils.BtcFormatTest" time="0.0"/>
  <testcase name="parsePositionTest[569]" classname="org.bitcoinj.utils.BtcFormatTest" time="0.0"/>
  <testcase name="argumentTypeTest[569]" classname="org.bitcoinj.utils.BtcFormatTest" time="0.0">
    <skipped/>
  </testcase>
  <testcase name="characterIteratorTest[569]" classname="org.bitcoinj.utils.BtcFormatTest" time="0.001"/>
  <testcase name="repeatingPlaceTest[569]" classname="org.bitcoinj.utils.BtcFormatTest" time="0.0"/>
  <testcase name="currencyCodeTest[569]" classname="org.bitcoinj.utils.BtcFormatTest" time="0.0">
    <skipped/>
  </testcase>
  <testcase name="patternDecimalPlaces[569]" classname="org.bitcoinj.utils.BtcFormatTest" time="0.0"/>
  <testcase name="factoryArgumentsTest[570]" classname="org.bitcoinj.utils.BtcFormatTest" time="0.001"/>
  <testcase name="parseTest[570]" classname="org.bitcoinj.utils.BtcFormatTest" time="0.0">
    <skipped/>
  </testcase>
  <testcase name="microcoinScaleTest[570]" classname="org.bitcoinj.utils.BtcFormatTest" time="0.0"/>
  <testcase name="parseMetricTest[570]" classname="org.bitcoinj.utils.BtcFormatTest" time="0.002"/>
  <testcase name="coinScaleTest[570]" classname="org.bitcoinj.utils.BtcFormatTest" time="0.0"/>
  <testcase name="builderTest[570]" classname="org.bitcoinj.utils.BtcFormatTest" time="0.001">
    <skipped/>
  </testcase>
  <testcase name="attributeTest[570]" classname="org.bitcoinj.utils.BtcFormatTest" time="0.0">
    <skipped/>
  </testcase>
  <testcase name="prefixTest[570]" classname="org.bitcoinj.utils.BtcFormatTest" time="0.0"/>
  <testcase name="suffixTest[570]" classname="org.bitcoinj.utils.BtcFormatTest" time="0.0">
    <skipped/>
  </testcase>
  <testcase name="autoDecimalTest[570]" classname="org.bitcoinj.utils.BtcFormatTest" time="0.001"/>
  <testcase name="symbolCollisionTest[570]" classname="org.bitcoinj.utils.BtcFormatTest" time="0.002"/>
  <testcase name="equalityTest[570]" classname="org.bitcoinj.utils.BtcFormatTest" time="0.001"/>
  <testcase name="columnAlignmentTest[570]" classname="org.bitcoinj.utils.BtcFormatTest" time="0.0"/>
  <testcase name="factoryTest[570]" classname="org.bitcoinj.utils.BtcFormatTest" time="0.001"/>
  <testcase name="parse[570]" classname="org.bitcoinj.utils.BtcFormatTest" time="0.0"/>
  <testcase name="btcRounding[570]" classname="org.bitcoinj.utils.BtcFormatTest" time="0.001"/>
  <testcase name="negativeTest[570]" classname="org.bitcoinj.utils.BtcFormatTest" time="0.0">
    <skipped/>
  </testcase>
  <testcase name="millicoinScaleTest[570]" classname="org.bitcoinj.utils.BtcFormatTest" time="0.0"/>
  <testcase name="toStringTest[570]" classname="org.bitcoinj.utils.BtcFormatTest" time="0.0">
    <skipped/>
  </testcase>
  <testcase name="testGrouping[570]" classname="org.bitcoinj.utils.BtcFormatTest" time="0.0"/>
  <testcase name="symbolsCodesTest[570]" classname="org.bitcoinj.utils.BtcFormatTest" time="0.001"/>
  <testcase name="defaultLocaleTest[570]" classname="org.bitcoinj.utils.BtcFormatTest" time="0.0"/>
  <testcase name="parsePositionTest[570]" classname="org.bitcoinj.utils.BtcFormatTest" time="0.0"/>
  <testcase name="argumentTypeTest[570]" classname="org.bitcoinj.utils.BtcFormatTest" time="0.0">
    <skipped/>
  </testcase>
  <testcase name="characterIteratorTest[570]" classname="org.bitcoinj.utils.BtcFormatTest" time="0.001"/>
  <testcase name="repeatingPlaceTest[570]" classname="org.bitcoinj.utils.BtcFormatTest" time="0.0"/>
  <testcase name="currencyCodeTest[570]" classname="org.bitcoinj.utils.BtcFormatTest" time="0.0">
    <skipped/>
  </testcase>
  <testcase name="patternDecimalPlaces[570]" classname="org.bitcoinj.utils.BtcFormatTest" time="0.0"/>
  <testcase name="factoryArgumentsTest[571]" classname="org.bitcoinj.utils.BtcFormatTest" time="0.002"/>
  <testcase name="parseTest[571]" classname="org.bitcoinj.utils.BtcFormatTest" time="0.0">
    <skipped/>
  </testcase>
  <testcase name="microcoinScaleTest[571]" classname="org.bitcoinj.utils.BtcFormatTest" time="0.0"/>
  <testcase name="parseMetricTest[571]" classname="org.bitcoinj.utils.BtcFormatTest" time="0.002"/>
  <testcase name="coinScaleTest[571]" classname="org.bitcoinj.utils.BtcFormatTest" time="0.0"/>
  <testcase name="builderTest[571]" classname="org.bitcoinj.utils.BtcFormatTest" time="0.0">
    <skipped/>
  </testcase>
  <testcase name="attributeTest[571]" classname="org.bitcoinj.utils.BtcFormatTest" time="0.0">
    <skipped/>
  </testcase>
  <testcase name="prefixTest[571]" classname="org.bitcoinj.utils.BtcFormatTest" time="0.0"/>
  <testcase name="suffixTest[571]" classname="org.bitcoinj.utils.BtcFormatTest" time="0.0">
    <skipped/>
  </testcase>
  <testcase name="autoDecimalTest[571]" classname="org.bitcoinj.utils.BtcFormatTest" time="0.006"/>
  <testcase name="symbolCollisionTest[571]" classname="org.bitcoinj.utils.BtcFormatTest" time="0.003"/>
  <testcase name="equalityTest[571]" classname="org.bitcoinj.utils.BtcFormatTest" time="0.001"/>
  <testcase name="columnAlignmentTest[571]" classname="org.bitcoinj.utils.BtcFormatTest" time="0.001"/>
  <testcase name="factoryTest[571]" classname="org.bitcoinj.utils.BtcFormatTest" time="0.0"/>
  <testcase name="parse[571]" classname="org.bitcoinj.utils.BtcFormatTest" time="0.0"/>
  <testcase name="btcRounding[571]" classname="org.bitcoinj.utils.BtcFormatTest" time="0.002"/>
  <testcase name="negativeTest[571]" classname="org.bitcoinj.utils.BtcFormatTest" time="0.0">
    <skipped/>
  </testcase>
  <testcase name="millicoinScaleTest[571]" classname="org.bitcoinj.utils.BtcFormatTest" time="0.0"/>
  <testcase name="toStringTest[571]" classname="org.bitcoinj.utils.BtcFormatTest" time="0.0">
    <skipped/>
  </testcase>
  <testcase name="testGrouping[571]" classname="org.bitcoinj.utils.BtcFormatTest" time="0.0"/>
  <testcase name="symbolsCodesTest[571]" classname="org.bitcoinj.utils.BtcFormatTest" time="0.002"/>
  <testcase name="defaultLocaleTest[571]" classname="org.bitcoinj.utils.BtcFormatTest" time="0.0"/>
  <testcase name="parsePositionTest[571]" classname="org.bitcoinj.utils.BtcFormatTest" time="0.0"/>
  <testcase name="argumentTypeTest[571]" classname="org.bitcoinj.utils.BtcFormatTest" time="0.0">
    <skipped/>
  </testcase>
  <testcase name="characterIteratorTest[571]" classname="org.bitcoinj.utils.BtcFormatTest" time="0.001"/>
  <testcase name="repeatingPlaceTest[571]" classname="org.bitcoinj.utils.BtcFormatTest" time="0.0"/>
  <testcase name="currencyCodeTest[571]" classname="org.bitcoinj.utils.BtcFormatTest" time="0.0">
    <skipped/>
  </testcase>
  <testcase name="patternDecimalPlaces[571]" classname="org.bitcoinj.utils.BtcFormatTest" time="0.0"/>
  <testcase name="factoryArgumentsTest[572]" classname="org.bitcoinj.utils.BtcFormatTest" time="0.001"/>
  <testcase name="parseTest[572]" classname="org.bitcoinj.utils.BtcFormatTest" time="0.0">
    <skipped/>
  </testcase>
  <testcase name="microcoinScaleTest[572]" classname="org.bitcoinj.utils.BtcFormatTest" time="0.0"/>
  <testcase name="parseMetricTest[572]" classname="org.bitcoinj.utils.BtcFormatTest" time="0.001"/>
  <testcase name="coinScaleTest[572]" classname="org.bitcoinj.utils.BtcFormatTest" time="0.0"/>
  <testcase name="builderTest[572]" classname="org.bitcoinj.utils.BtcFormatTest" time="0.0">
    <skipped/>
  </testcase>
  <testcase name="attributeTest[572]" classname="org.bitcoinj.utils.BtcFormatTest" time="0.0">
    <skipped/>
  </testcase>
  <testcase name="prefixTest[572]" classname="org.bitcoinj.utils.BtcFormatTest" time="0.0"/>
  <testcase name="suffixTest[572]" classname="org.bitcoinj.utils.BtcFormatTest" time="0.0">
    <skipped/>
  </testcase>
  <testcase name="autoDecimalTest[572]" classname="org.bitcoinj.utils.BtcFormatTest" time="0.001"/>
  <testcase name="symbolCollisionTest[572]" classname="org.bitcoinj.utils.BtcFormatTest" time="0.002"/>
  <testcase name="equalityTest[572]" classname="org.bitcoinj.utils.BtcFormatTest" time="0.001"/>
  <testcase name="columnAlignmentTest[572]" classname="org.bitcoinj.utils.BtcFormatTest" time="0.001"/>
  <testcase name="factoryTest[572]" classname="org.bitcoinj.utils.BtcFormatTest" time="0.0"/>
  <testcase name="parse[572]" classname="org.bitcoinj.utils.BtcFormatTest" time="0.0"/>
  <testcase name="btcRounding[572]" classname="org.bitcoinj.utils.BtcFormatTest" time="0.001"/>
  <testcase name="negativeTest[572]" classname="org.bitcoinj.utils.BtcFormatTest" time="0.0">
    <skipped/>
  </testcase>
  <testcase name="millicoinScaleTest[572]" classname="org.bitcoinj.utils.BtcFormatTest" time="0.001"/>
  <testcase name="toStringTest[572]" classname="org.bitcoinj.utils.BtcFormatTest" time="0.0">
    <skipped/>
  </testcase>
  <testcase name="testGrouping[572]" classname="org.bitcoinj.utils.BtcFormatTest" time="0.0"/>
  <testcase name="symbolsCodesTest[572]" classname="org.bitcoinj.utils.BtcFormatTest" time="0.0"/>
  <testcase name="defaultLocaleTest[572]" classname="org.bitcoinj.utils.BtcFormatTest" time="0.001"/>
  <testcase name="parsePositionTest[572]" classname="org.bitcoinj.utils.BtcFormatTest" time="0.0"/>
  <testcase name="argumentTypeTest[572]" classname="org.bitcoinj.utils.BtcFormatTest" time="0.0">
    <skipped/>
  </testcase>
  <testcase name="characterIteratorTest[572]" classname="org.bitcoinj.utils.BtcFormatTest" time="0.0"/>
  <testcase name="repeatingPlaceTest[572]" classname="org.bitcoinj.utils.BtcFormatTest" time="0.001"/>
  <testcase name="currencyCodeTest[572]" classname="org.bitcoinj.utils.BtcFormatTest" time="0.0">
    <skipped/>
  </testcase>
  <testcase name="patternDecimalPlaces[572]" classname="org.bitcoinj.utils.BtcFormatTest" time="0.0"/>
  <testcase name="factoryArgumentsTest[573]" classname="org.bitcoinj.utils.BtcFormatTest" time="0.001"/>
  <testcase name="parseTest[573]" classname="org.bitcoinj.utils.BtcFormatTest" time="0.0">
    <skipped/>
  </testcase>
  <testcase name="microcoinScaleTest[573]" classname="org.bitcoinj.utils.BtcFormatTest" time="0.0"/>
  <testcase name="parseMetricTest[573]" classname="org.bitcoinj.utils.BtcFormatTest" time="0.001"/>
  <testcase name="coinScaleTest[573]" classname="org.bitcoinj.utils.BtcFormatTest" time="0.0"/>
  <testcase name="builderTest[573]" classname="org.bitcoinj.utils.BtcFormatTest" time="0.0">
    <skipped/>
  </testcase>
  <testcase name="attributeTest[573]" classname="org.bitcoinj.utils.BtcFormatTest" time="0.0">
    <skipped/>
  </testcase>
  <testcase name="prefixTest[573]" classname="org.bitcoinj.utils.BtcFormatTest" time="0.0"/>
  <testcase name="suffixTest[573]" classname="org.bitcoinj.utils.BtcFormatTest" time="0.0">
    <skipped/>
  </testcase>
  <testcase name="autoDecimalTest[573]" classname="org.bitcoinj.utils.BtcFormatTest" time="0.001"/>
  <testcase name="symbolCollisionTest[573]" classname="org.bitcoinj.utils.BtcFormatTest" time="0.002"/>
  <testcase name="equalityTest[573]" classname="org.bitcoinj.utils.BtcFormatTest" time="0.001"/>
  <testcase name="columnAlignmentTest[573]" classname="org.bitcoinj.utils.BtcFormatTest" time="0.0"/>
  <testcase name="factoryTest[573]" classname="org.bitcoinj.utils.BtcFormatTest" time="0.001"/>
  <testcase name="parse[573]" classname="org.bitcoinj.utils.BtcFormatTest" time="0.0"/>
  <testcase name="btcRounding[573]" classname="org.bitcoinj.utils.BtcFormatTest" time="0.001"/>
  <testcase name="negativeTest[573]" classname="org.bitcoinj.utils.BtcFormatTest" time="0.0">
    <skipped/>
  </testcase>
  <testcase name="millicoinScaleTest[573]" classname="org.bitcoinj.utils.BtcFormatTest" time="0.0"/>
  <testcase name="toStringTest[573]" classname="org.bitcoinj.utils.BtcFormatTest" time="0.0">
    <skipped/>
  </testcase>
  <testcase name="testGrouping[573]" classname="org.bitcoinj.utils.BtcFormatTest" time="0.0"/>
  <testcase name="symbolsCodesTest[573]" classname="org.bitcoinj.utils.BtcFormatTest" time="0.001"/>
  <testcase name="defaultLocaleTest[573]" classname="org.bitcoinj.utils.BtcFormatTest" time="0.0"/>
  <testcase name="parsePositionTest[573]" classname="org.bitcoinj.utils.BtcFormatTest" time="0.0"/>
  <testcase name="argumentTypeTest[573]" classname="org.bitcoinj.utils.BtcFormatTest" time="0.0">
    <skipped/>
  </testcase>
  <testcase name="characterIteratorTest[573]" classname="org.bitcoinj.utils.BtcFormatTest" time="0.001"/>
  <testcase name="repeatingPlaceTest[573]" classname="org.bitcoinj.utils.BtcFormatTest" time="0.0"/>
  <testcase name="currencyCodeTest[573]" classname="org.bitcoinj.utils.BtcFormatTest" time="0.0">
    <skipped/>
  </testcase>
  <testcase name="patternDecimalPlaces[573]" classname="org.bitcoinj.utils.BtcFormatTest" time="0.0"/>
  <testcase name="factoryArgumentsTest[574]" classname="org.bitcoinj.utils.BtcFormatTest" time="0.001"/>
  <testcase name="parseTest[574]" classname="org.bitcoinj.utils.BtcFormatTest" time="0.0">
    <skipped/>
  </testcase>
  <testcase name="microcoinScaleTest[574]" classname="org.bitcoinj.utils.BtcFormatTest" time="0.0"/>
  <testcase name="parseMetricTest[574]" classname="org.bitcoinj.utils.BtcFormatTest" time="0.001"/>
  <testcase name="coinScaleTest[574]" classname="org.bitcoinj.utils.BtcFormatTest" time="0.001"/>
  <testcase name="builderTest[574]" classname="org.bitcoinj.utils.BtcFormatTest" time="0.0">
    <skipped/>
  </testcase>
  <testcase name="attributeTest[574]" classname="org.bitcoinj.utils.BtcFormatTest" time="0.0">
    <skipped/>
  </testcase>
  <testcase name="prefixTest[574]" classname="org.bitcoinj.utils.BtcFormatTest" time="0.0"/>
  <testcase name="suffixTest[574]" classname="org.bitcoinj.utils.BtcFormatTest" time="0.0">
    <skipped/>
  </testcase>
  <testcase name="autoDecimalTest[574]" classname="org.bitcoinj.utils.BtcFormatTest" time="0.001"/>
  <testcase name="symbolCollisionTest[574]" classname="org.bitcoinj.utils.BtcFormatTest" time="0.004"/>
  <testcase name="equalityTest[574]" classname="org.bitcoinj.utils.BtcFormatTest" time="0.004"/>
  <testcase name="columnAlignmentTest[574]" classname="org.bitcoinj.utils.BtcFormatTest" time="0.0"/>
  <testcase name="factoryTest[574]" classname="org.bitcoinj.utils.BtcFormatTest" time="0.001"/>
  <testcase name="parse[574]" classname="org.bitcoinj.utils.BtcFormatTest" time="0.0"/>
  <testcase name="btcRounding[574]" classname="org.bitcoinj.utils.BtcFormatTest" time="0.001"/>
  <testcase name="negativeTest[574]" classname="org.bitcoinj.utils.BtcFormatTest" time="0.0">
    <skipped/>
  </testcase>
  <testcase name="millicoinScaleTest[574]" classname="org.bitcoinj.utils.BtcFormatTest" time="0.0"/>
  <testcase name="toStringTest[574]" classname="org.bitcoinj.utils.BtcFormatTest" time="0.0">
    <skipped/>
  </testcase>
  <testcase name="testGrouping[574]" classname="org.bitcoinj.utils.BtcFormatTest" time="0.0"/>
  <testcase name="symbolsCodesTest[574]" classname="org.bitcoinj.utils.BtcFormatTest" time="0.001"/>
  <testcase name="defaultLocaleTest[574]" classname="org.bitcoinj.utils.BtcFormatTest" time="0.0"/>
  <testcase name="parsePositionTest[574]" classname="org.bitcoinj.utils.BtcFormatTest" time="0.0"/>
  <testcase name="argumentTypeTest[574]" classname="org.bitcoinj.utils.BtcFormatTest" time="0.0">
    <skipped/>
  </testcase>
  <testcase name="characterIteratorTest[574]" classname="org.bitcoinj.utils.BtcFormatTest" time="0.001"/>
  <testcase name="repeatingPlaceTest[574]" classname="org.bitcoinj.utils.BtcFormatTest" time="0.0"/>
  <testcase name="currencyCodeTest[574]" classname="org.bitcoinj.utils.BtcFormatTest" time="0.0">
    <skipped/>
  </testcase>
  <testcase name="patternDecimalPlaces[574]" classname="org.bitcoinj.utils.BtcFormatTest" time="0.001"/>
  <testcase name="factoryArgumentsTest[575]" classname="org.bitcoinj.utils.BtcFormatTest" time="0.001"/>
  <testcase name="parseTest[575]" classname="org.bitcoinj.utils.BtcFormatTest" time="0.0">
    <skipped/>
  </testcase>
  <testcase name="microcoinScaleTest[575]" classname="org.bitcoinj.utils.BtcFormatTest" time="0.0"/>
  <testcase name="parseMetricTest[575]" classname="org.bitcoinj.utils.BtcFormatTest" time="0.002"/>
  <testcase name="coinScaleTest[575]" classname="org.bitcoinj.utils.BtcFormatTest" time="0.0"/>
  <testcase name="builderTest[575]" classname="org.bitcoinj.utils.BtcFormatTest" time="0.0">
    <skipped/>
  </testcase>
  <testcase name="attributeTest[575]" classname="org.bitcoinj.utils.BtcFormatTest" time="0.0">
    <skipped/>
  </testcase>
  <testcase name="prefixTest[575]" classname="org.bitcoinj.utils.BtcFormatTest" time="0.0"/>
  <testcase name="suffixTest[575]" classname="org.bitcoinj.utils.BtcFormatTest" time="0.0">
    <skipped/>
  </testcase>
  <testcase name="autoDecimalTest[575]" classname="org.bitcoinj.utils.BtcFormatTest" time="0.035"/>
  <testcase name="symbolCollisionTest[575]" classname="org.bitcoinj.utils.BtcFormatTest" time="0.003"/>
  <testcase name="equalityTest[575]" classname="org.bitcoinj.utils.BtcFormatTest" time="0.003"/>
  <testcase name="columnAlignmentTest[575]" classname="org.bitcoinj.utils.BtcFormatTest" time="0.001"/>
  <testcase name="factoryTest[575]" classname="org.bitcoinj.utils.BtcFormatTest" time="0.001"/>
  <testcase name="parse[575]" classname="org.bitcoinj.utils.BtcFormatTest" time="0.004"/>
  <testcase name="btcRounding[575]" classname="org.bitcoinj.utils.BtcFormatTest" time="0.002"/>
  <testcase name="negativeTest[575]" classname="org.bitcoinj.utils.BtcFormatTest" time="0.0">
    <skipped/>
  </testcase>
  <testcase name="millicoinScaleTest[575]" classname="org.bitcoinj.utils.BtcFormatTest" time="0.0"/>
  <testcase name="toStringTest[575]" classname="org.bitcoinj.utils.BtcFormatTest" time="0.0">
    <skipped/>
  </testcase>
  <testcase name="testGrouping[575]" classname="org.bitcoinj.utils.BtcFormatTest" time="0.0"/>
  <testcase name="symbolsCodesTest[575]" classname="org.bitcoinj.utils.BtcFormatTest" time="0.001"/>
  <testcase name="defaultLocaleTest[575]" classname="org.bitcoinj.utils.BtcFormatTest" time="0.0"/>
  <testcase name="parsePositionTest[575]" classname="org.bitcoinj.utils.BtcFormatTest" time="0.0"/>
  <testcase name="argumentTypeTest[575]" classname="org.bitcoinj.utils.BtcFormatTest" time="0.0">
    <skipped/>
  </testcase>
  <testcase name="characterIteratorTest[575]" classname="org.bitcoinj.utils.BtcFormatTest" time="0.001"/>
  <testcase name="repeatingPlaceTest[575]" classname="org.bitcoinj.utils.BtcFormatTest" time="0.001"/>
  <testcase name="currencyCodeTest[575]" classname="org.bitcoinj.utils.BtcFormatTest" time="0.0">
    <skipped/>
  </testcase>
  <testcase name="patternDecimalPlaces[575]" classname="org.bitcoinj.utils.BtcFormatTest" time="0.0"/>
  <testcase name="factoryArgumentsTest[576]" classname="org.bitcoinj.utils.BtcFormatTest" time="0.001"/>
  <testcase name="parseTest[576]" classname="org.bitcoinj.utils.BtcFormatTest" time="0.0">
    <skipped/>
  </testcase>
  <testcase name="microcoinScaleTest[576]" classname="org.bitcoinj.utils.BtcFormatTest" time="0.0"/>
  <testcase name="parseMetricTest[576]" classname="org.bitcoinj.utils.BtcFormatTest" time="0.001"/>
  <testcase name="coinScaleTest[576]" classname="org.bitcoinj.utils.BtcFormatTest" time="0.0"/>
  <testcase name="builderTest[576]" classname="org.bitcoinj.utils.BtcFormatTest" time="0.0">
    <skipped/>
  </testcase>
  <testcase name="attributeTest[576]" classname="org.bitcoinj.utils.BtcFormatTest" time="0.0">
    <skipped/>
  </testcase>
  <testcase name="prefixTest[576]" classname="org.bitcoinj.utils.BtcFormatTest" time="0.0"/>
  <testcase name="suffixTest[576]" classname="org.bitcoinj.utils.BtcFormatTest" time="0.0">
    <skipped/>
  </testcase>
  <testcase name="autoDecimalTest[576]" classname="org.bitcoinj.utils.BtcFormatTest" time="0.001"/>
  <testcase name="symbolCollisionTest[576]" classname="org.bitcoinj.utils.BtcFormatTest" time="0.003"/>
  <testcase name="equalityTest[576]" classname="org.bitcoinj.utils.BtcFormatTest" time="0.003"/>
  <testcase name="columnAlignmentTest[576]" classname="org.bitcoinj.utils.BtcFormatTest" time="0.001"/>
  <testcase name="factoryTest[576]" classname="org.bitcoinj.utils.BtcFormatTest" time="0.0"/>
  <testcase name="parse[576]" classname="org.bitcoinj.utils.BtcFormatTest" time="0.0"/>
  <testcase name="btcRounding[576]" classname="org.bitcoinj.utils.BtcFormatTest" time="0.001"/>
  <testcase name="negativeTest[576]" classname="org.bitcoinj.utils.BtcFormatTest" time="0.0">
    <skipped/>
  </testcase>
  <testcase name="millicoinScaleTest[576]" classname="org.bitcoinj.utils.BtcFormatTest" time="0.0"/>
  <testcase name="toStringTest[576]" classname="org.bitcoinj.utils.BtcFormatTest" time="0.0">
    <skipped/>
  </testcase>
  <testcase name="testGrouping[576]" classname="org.bitcoinj.utils.BtcFormatTest" time="0.001"/>
  <testcase name="symbolsCodesTest[576]" classname="org.bitcoinj.utils.BtcFormatTest" time="0.0"/>
  <testcase name="defaultLocaleTest[576]" classname="org.bitcoinj.utils.BtcFormatTest" time="0.0"/>
  <testcase name="parsePositionTest[576]" classname="org.bitcoinj.utils.BtcFormatTest" time="0.001"/>
  <testcase name="argumentTypeTest[576]" classname="org.bitcoinj.utils.BtcFormatTest" time="0.0">
    <skipped/>
  </testcase>
  <testcase name="characterIteratorTest[576]" classname="org.bitcoinj.utils.BtcFormatTest" time="0.0"/>
  <testcase name="repeatingPlaceTest[576]" classname="org.bitcoinj.utils.BtcFormatTest" time="0.0"/>
  <testcase name="currencyCodeTest[576]" classname="org.bitcoinj.utils.BtcFormatTest" time="0.0">
    <skipped/>
  </testcase>
  <testcase name="patternDecimalPlaces[576]" classname="org.bitcoinj.utils.BtcFormatTest" time="0.0"/>
  <testcase name="factoryArgumentsTest[577]" classname="org.bitcoinj.utils.BtcFormatTest" time="0.002"/>
  <testcase name="parseTest[577]" classname="org.bitcoinj.utils.BtcFormatTest" time="0.0">
    <skipped/>
  </testcase>
  <testcase name="microcoinScaleTest[577]" classname="org.bitcoinj.utils.BtcFormatTest" time="0.0"/>
  <testcase name="parseMetricTest[577]" classname="org.bitcoinj.utils.BtcFormatTest" time="0.001"/>
  <testcase name="coinScaleTest[577]" classname="org.bitcoinj.utils.BtcFormatTest" time="0.0"/>
  <testcase name="builderTest[577]" classname="org.bitcoinj.utils.BtcFormatTest" time="0.0">
    <skipped/>
  </testcase>
  <testcase name="attributeTest[577]" classname="org.bitcoinj.utils.BtcFormatTest" time="0.0">
    <skipped/>
  </testcase>
  <testcase name="prefixTest[577]" classname="org.bitcoinj.utils.BtcFormatTest" time="0.001"/>
  <testcase name="suffixTest[577]" classname="org.bitcoinj.utils.BtcFormatTest" time="0.0">
    <skipped/>
  </testcase>
  <testcase name="autoDecimalTest[577]" classname="org.bitcoinj.utils.BtcFormatTest" time="0.001"/>
  <testcase name="symbolCollisionTest[577]" classname="org.bitcoinj.utils.BtcFormatTest" time="0.003"/>
  <testcase name="equalityTest[577]" classname="org.bitcoinj.utils.BtcFormatTest" time="0.002"/>
  <testcase name="columnAlignmentTest[577]" classname="org.bitcoinj.utils.BtcFormatTest" time="0.0"/>
  <testcase name="factoryTest[577]" classname="org.bitcoinj.utils.BtcFormatTest" time="0.001"/>
  <testcase name="parse[577]" classname="org.bitcoinj.utils.BtcFormatTest" time="0.0"/>
  <testcase name="btcRounding[577]" classname="org.bitcoinj.utils.BtcFormatTest" time="0.001"/>
  <testcase name="negativeTest[577]" classname="org.bitcoinj.utils.BtcFormatTest" time="0.0">
    <skipped/>
  </testcase>
  <testcase name="millicoinScaleTest[577]" classname="org.bitcoinj.utils.BtcFormatTest" time="0.0"/>
  <testcase name="toStringTest[577]" classname="org.bitcoinj.utils.BtcFormatTest" time="0.0">
    <skipped/>
  </testcase>
  <testcase name="testGrouping[577]" classname="org.bitcoinj.utils.BtcFormatTest" time="0.001"/>
  <testcase name="symbolsCodesTest[577]" classname="org.bitcoinj.utils.BtcFormatTest" time="0.0"/>
  <testcase name="defaultLocaleTest[577]" classname="org.bitcoinj.utils.BtcFormatTest" time="0.0"/>
  <testcase name="parsePositionTest[577]" classname="org.bitcoinj.utils.BtcFormatTest" time="0.001"/>
  <testcase name="argumentTypeTest[577]" classname="org.bitcoinj.utils.BtcFormatTest" time="0.0">
    <skipped/>
  </testcase>
  <testcase name="characterIteratorTest[577]" classname="org.bitcoinj.utils.BtcFormatTest" time="0.0"/>
  <testcase name="repeatingPlaceTest[577]" classname="org.bitcoinj.utils.BtcFormatTest" time="0.001"/>
  <testcase name="currencyCodeTest[577]" classname="org.bitcoinj.utils.BtcFormatTest" time="0.0">
    <skipped/>
  </testcase>
  <testcase name="patternDecimalPlaces[577]" classname="org.bitcoinj.utils.BtcFormatTest" time="0.0"/>
  <testcase name="factoryArgumentsTest[578]" classname="org.bitcoinj.utils.BtcFormatTest" time="0.002"/>
  <testcase name="parseTest[578]" classname="org.bitcoinj.utils.BtcFormatTest" time="0.0">
    <skipped/>
  </testcase>
  <testcase name="microcoinScaleTest[578]" classname="org.bitcoinj.utils.BtcFormatTest" time="0.0"/>
  <testcase name="parseMetricTest[578]" classname="org.bitcoinj.utils.BtcFormatTest" time="0.001"/>
  <testcase name="coinScaleTest[578]" classname="org.bitcoinj.utils.BtcFormatTest" time="0.001"/>
  <testcase name="builderTest[578]" classname="org.bitcoinj.utils.BtcFormatTest" time="0.0">
    <skipped/>
  </testcase>
  <testcase name="attributeTest[578]" classname="org.bitcoinj.utils.BtcFormatTest" time="0.0">
    <skipped/>
  </testcase>
  <testcase name="prefixTest[578]" classname="org.bitcoinj.utils.BtcFormatTest" time="0.0"/>
  <testcase name="suffixTest[578]" classname="org.bitcoinj.utils.BtcFormatTest" time="0.0">
    <skipped/>
  </testcase>
  <testcase name="autoDecimalTest[578]" classname="org.bitcoinj.utils.BtcFormatTest" time="0.001"/>
  <testcase name="symbolCollisionTest[578]" classname="org.bitcoinj.utils.BtcFormatTest" time="0.002"/>
  <testcase name="equalityTest[578]" classname="org.bitcoinj.utils.BtcFormatTest" time="0.002"/>
  <testcase name="columnAlignmentTest[578]" classname="org.bitcoinj.utils.BtcFormatTest" time="0.0"/>
  <testcase name="factoryTest[578]" classname="org.bitcoinj.utils.BtcFormatTest" time="0.0"/>
  <testcase name="parse[578]" classname="org.bitcoinj.utils.BtcFormatTest" time="0.0"/>
  <testcase name="btcRounding[578]" classname="org.bitcoinj.utils.BtcFormatTest" time="0.001"/>
  <testcase name="negativeTest[578]" classname="org.bitcoinj.utils.BtcFormatTest" time="0.0">
    <skipped/>
  </testcase>
  <testcase name="millicoinScaleTest[578]" classname="org.bitcoinj.utils.BtcFormatTest" time="0.0"/>
  <testcase name="toStringTest[578]" classname="org.bitcoinj.utils.BtcFormatTest" time="0.0">
    <skipped/>
  </testcase>
  <testcase name="testGrouping[578]" classname="org.bitcoinj.utils.BtcFormatTest" time="0.0"/>
  <testcase name="symbolsCodesTest[578]" classname="org.bitcoinj.utils.BtcFormatTest" time="0.0"/>
  <testcase name="defaultLocaleTest[578]" classname="org.bitcoinj.utils.BtcFormatTest" time="0.0"/>
  <testcase name="parsePositionTest[578]" classname="org.bitcoinj.utils.BtcFormatTest" time="0.001"/>
  <testcase name="argumentTypeTest[578]" classname="org.bitcoinj.utils.BtcFormatTest" time="0.0">
    <skipped/>
  </testcase>
  <testcase name="characterIteratorTest[578]" classname="org.bitcoinj.utils.BtcFormatTest" time="0.0"/>
  <testcase name="repeatingPlaceTest[578]" classname="org.bitcoinj.utils.BtcFormatTest" time="0.0"/>
  <testcase name="currencyCodeTest[578]" classname="org.bitcoinj.utils.BtcFormatTest" time="0.0">
    <skipped/>
  </testcase>
  <testcase name="patternDecimalPlaces[578]" classname="org.bitcoinj.utils.BtcFormatTest" time="0.0"/>
  <testcase name="factoryArgumentsTest[579]" classname="org.bitcoinj.utils.BtcFormatTest" time="0.001"/>
  <testcase name="parseTest[579]" classname="org.bitcoinj.utils.BtcFormatTest" time="0.0">
    <skipped/>
  </testcase>
  <testcase name="microcoinScaleTest[579]" classname="org.bitcoinj.utils.BtcFormatTest" time="0.0"/>
  <testcase name="parseMetricTest[579]" classname="org.bitcoinj.utils.BtcFormatTest" time="0.001"/>
  <testcase name="coinScaleTest[579]" classname="org.bitcoinj.utils.BtcFormatTest" time="0.0"/>
  <testcase name="builderTest[579]" classname="org.bitcoinj.utils.BtcFormatTest" time="0.0">
    <skipped/>
  </testcase>
  <testcase name="attributeTest[579]" classname="org.bitcoinj.utils.BtcFormatTest" time="0.0">
    <skipped/>
  </testcase>
  <testcase name="prefixTest[579]" classname="org.bitcoinj.utils.BtcFormatTest" time="0.001"/>
  <testcase name="suffixTest[579]" classname="org.bitcoinj.utils.BtcFormatTest" time="0.0">
    <skipped/>
  </testcase>
  <testcase name="autoDecimalTest[579]" classname="org.bitcoinj.utils.BtcFormatTest" time="0.0"/>
  <testcase name="symbolCollisionTest[579]" classname="org.bitcoinj.utils.BtcFormatTest" time="0.002"/>
  <testcase name="equalityTest[579]" classname="org.bitcoinj.utils.BtcFormatTest" time="0.002"/>
  <testcase name="columnAlignmentTest[579]" classname="org.bitcoinj.utils.BtcFormatTest" time="0.0"/>
  <testcase name="factoryTest[579]" classname="org.bitcoinj.utils.BtcFormatTest" time="0.0"/>
  <testcase name="parse[579]" classname="org.bitcoinj.utils.BtcFormatTest" time="0.0"/>
  <testcase name="btcRounding[579]" classname="org.bitcoinj.utils.BtcFormatTest" time="0.001"/>
  <testcase name="negativeTest[579]" classname="org.bitcoinj.utils.BtcFormatTest" time="0.0">
    <skipped/>
  </testcase>
  <testcase name="millicoinScaleTest[579]" classname="org.bitcoinj.utils.BtcFormatTest" time="0.0"/>
  <testcase name="toStringTest[579]" classname="org.bitcoinj.utils.BtcFormatTest" time="0.0">
    <skipped/>
  </testcase>
  <testcase name="testGrouping[579]" classname="org.bitcoinj.utils.BtcFormatTest" time="0.0"/>
  <testcase name="symbolsCodesTest[579]" classname="org.bitcoinj.utils.BtcFormatTest" time="0.0"/>
  <testcase name="defaultLocaleTest[579]" classname="org.bitcoinj.utils.BtcFormatTest" time="0.001"/>
  <testcase name="parsePositionTest[579]" classname="org.bitcoinj.utils.BtcFormatTest" time="0.0"/>
  <testcase name="argumentTypeTest[579]" classname="org.bitcoinj.utils.BtcFormatTest" time="0.0">
    <skipped/>
  </testcase>
  <testcase name="characterIteratorTest[579]" classname="org.bitcoinj.utils.BtcFormatTest" time="0.0"/>
  <testcase name="repeatingPlaceTest[579]" classname="org.bitcoinj.utils.BtcFormatTest" time="0.0"/>
  <testcase name="currencyCodeTest[579]" classname="org.bitcoinj.utils.BtcFormatTest" time="0.0">
    <skipped/>
  </testcase>
  <testcase name="patternDecimalPlaces[579]" classname="org.bitcoinj.utils.BtcFormatTest" time="0.0"/>
  <testcase name="factoryArgumentsTest[580]" classname="org.bitcoinj.utils.BtcFormatTest" time="0.001"/>
  <testcase name="parseTest[580]" classname="org.bitcoinj.utils.BtcFormatTest" time="0.0">
    <skipped/>
  </testcase>
  <testcase name="microcoinScaleTest[580]" classname="org.bitcoinj.utils.BtcFormatTest" time="0.0"/>
  <testcase name="parseMetricTest[580]" classname="org.bitcoinj.utils.BtcFormatTest" time="0.001"/>
  <testcase name="coinScaleTest[580]" classname="org.bitcoinj.utils.BtcFormatTest" time="0.0"/>
  <testcase name="builderTest[580]" classname="org.bitcoinj.utils.BtcFormatTest" time="0.0">
    <skipped/>
  </testcase>
  <testcase name="attributeTest[580]" classname="org.bitcoinj.utils.BtcFormatTest" time="0.0">
    <skipped/>
  </testcase>
  <testcase name="prefixTest[580]" classname="org.bitcoinj.utils.BtcFormatTest" time="0.001"/>
  <testcase name="suffixTest[580]" classname="org.bitcoinj.utils.BtcFormatTest" time="0.0">
    <skipped/>
  </testcase>
  <testcase name="autoDecimalTest[580]" classname="org.bitcoinj.utils.BtcFormatTest" time="0.0"/>
  <testcase name="symbolCollisionTest[580]" classname="org.bitcoinj.utils.BtcFormatTest" time="0.002"/>
  <testcase name="equalityTest[580]" classname="org.bitcoinj.utils.BtcFormatTest" time="0.002"/>
  <testcase name="columnAlignmentTest[580]" classname="org.bitcoinj.utils.BtcFormatTest" time="0.0"/>
  <testcase name="factoryTest[580]" classname="org.bitcoinj.utils.BtcFormatTest" time="0.0"/>
  <testcase name="parse[580]" classname="org.bitcoinj.utils.BtcFormatTest" time="0.0"/>
  <testcase name="btcRounding[580]" classname="org.bitcoinj.utils.BtcFormatTest" time="0.002"/>
  <testcase name="negativeTest[580]" classname="org.bitcoinj.utils.BtcFormatTest" time="0.0">
    <skipped/>
  </testcase>
  <testcase name="millicoinScaleTest[580]" classname="org.bitcoinj.utils.BtcFormatTest" time="0.0"/>
  <testcase name="toStringTest[580]" classname="org.bitcoinj.utils.BtcFormatTest" time="0.0">
    <skipped/>
  </testcase>
  <testcase name="testGrouping[580]" classname="org.bitcoinj.utils.BtcFormatTest" time="0.0"/>
  <testcase name="symbolsCodesTest[580]" classname="org.bitcoinj.utils.BtcFormatTest" time="0.002"/>
  <testcase name="defaultLocaleTest[580]" classname="org.bitcoinj.utils.BtcFormatTest" time="0.0"/>
  <testcase name="parsePositionTest[580]" classname="org.bitcoinj.utils.BtcFormatTest" time="0.001"/>
  <testcase name="argumentTypeTest[580]" classname="org.bitcoinj.utils.BtcFormatTest" time="0.0">
    <skipped/>
  </testcase>
  <testcase name="characterIteratorTest[580]" classname="org.bitcoinj.utils.BtcFormatTest" time="0.0"/>
  <testcase name="repeatingPlaceTest[580]" classname="org.bitcoinj.utils.BtcFormatTest" time="0.0"/>
  <testcase name="currencyCodeTest[580]" classname="org.bitcoinj.utils.BtcFormatTest" time="0.0">
    <skipped/>
  </testcase>
  <testcase name="patternDecimalPlaces[580]" classname="org.bitcoinj.utils.BtcFormatTest" time="0.001"/>
  <testcase name="factoryArgumentsTest[581]" classname="org.bitcoinj.utils.BtcFormatTest" time="0.002"/>
  <testcase name="parseTest[581]" classname="org.bitcoinj.utils.BtcFormatTest" time="0.0">
    <skipped/>
  </testcase>
  <testcase name="microcoinScaleTest[581]" classname="org.bitcoinj.utils.BtcFormatTest" time="0.001"/>
  <testcase name="parseMetricTest[581]" classname="org.bitcoinj.utils.BtcFormatTest" time="0.001"/>
  <testcase name="coinScaleTest[581]" classname="org.bitcoinj.utils.BtcFormatTest" time="0.0"/>
  <testcase name="builderTest[581]" classname="org.bitcoinj.utils.BtcFormatTest" time="0.0">
    <skipped/>
  </testcase>
  <testcase name="attributeTest[581]" classname="org.bitcoinj.utils.BtcFormatTest" time="0.0">
    <skipped/>
  </testcase>
  <testcase name="prefixTest[581]" classname="org.bitcoinj.utils.BtcFormatTest" time="0.0"/>
  <testcase name="suffixTest[581]" classname="org.bitcoinj.utils.BtcFormatTest" time="0.0">
    <skipped/>
  </testcase>
  <testcase name="autoDecimalTest[581]" classname="org.bitcoinj.utils.BtcFormatTest" time="0.0"/>
  <testcase name="symbolCollisionTest[581]" classname="org.bitcoinj.utils.BtcFormatTest" time="0.002"/>
  <testcase name="equalityTest[581]" classname="org.bitcoinj.utils.BtcFormatTest" time="0.002"/>
  <testcase name="columnAlignmentTest[581]" classname="org.bitcoinj.utils.BtcFormatTest" time="0.0"/>
  <testcase name="factoryTest[581]" classname="org.bitcoinj.utils.BtcFormatTest" time="0.0"/>
  <testcase name="parse[581]" classname="org.bitcoinj.utils.BtcFormatTest" time="0.0"/>
  <testcase name="btcRounding[581]" classname="org.bitcoinj.utils.BtcFormatTest" time="0.001"/>
  <testcase name="negativeTest[581]" classname="org.bitcoinj.utils.BtcFormatTest" time="0.0">
    <skipped/>
  </testcase>
  <testcase name="millicoinScaleTest[581]" classname="org.bitcoinj.utils.BtcFormatTest" time="0.0"/>
  <testcase name="toStringTest[581]" classname="org.bitcoinj.utils.BtcFormatTest" time="0.0">
    <skipped/>
  </testcase>
  <testcase name="testGrouping[581]" classname="org.bitcoinj.utils.BtcFormatTest" time="0.001"/>
  <testcase name="symbolsCodesTest[581]" classname="org.bitcoinj.utils.BtcFormatTest" time="0.0"/>
  <testcase name="defaultLocaleTest[581]" classname="org.bitcoinj.utils.BtcFormatTest" time="0.0"/>
  <testcase name="parsePositionTest[581]" classname="org.bitcoinj.utils.BtcFormatTest" time="0.001"/>
  <testcase name="argumentTypeTest[581]" classname="org.bitcoinj.utils.BtcFormatTest" time="0.0">
    <skipped/>
  </testcase>
  <testcase name="characterIteratorTest[581]" classname="org.bitcoinj.utils.BtcFormatTest" time="0.0"/>
  <testcase name="repeatingPlaceTest[581]" classname="org.bitcoinj.utils.BtcFormatTest" time="0.0"/>
  <testcase name="currencyCodeTest[581]" classname="org.bitcoinj.utils.BtcFormatTest" time="0.0">
    <skipped/>
  </testcase>
  <testcase name="patternDecimalPlaces[581]" classname="org.bitcoinj.utils.BtcFormatTest" time="0.0"/>
  <testcase name="factoryArgumentsTest[582]" classname="org.bitcoinj.utils.BtcFormatTest" time="0.001"/>
  <testcase name="parseTest[582]" classname="org.bitcoinj.utils.BtcFormatTest" time="0.0">
    <skipped/>
  </testcase>
  <testcase name="microcoinScaleTest[582]" classname="org.bitcoinj.utils.BtcFormatTest" time="0.0"/>
  <testcase name="parseMetricTest[582]" classname="org.bitcoinj.utils.BtcFormatTest" time="0.001"/>
  <testcase name="coinScaleTest[582]" classname="org.bitcoinj.utils.BtcFormatTest" time="0.0"/>
  <testcase name="builderTest[582]" classname="org.bitcoinj.utils.BtcFormatTest" time="0.0">
    <skipped/>
  </testcase>
  <testcase name="attributeTest[582]" classname="org.bitcoinj.utils.BtcFormatTest" time="0.0">
    <skipped/>
  </testcase>
  <testcase name="prefixTest[582]" classname="org.bitcoinj.utils.BtcFormatTest" time="0.0"/>
  <testcase name="suffixTest[582]" classname="org.bitcoinj.utils.BtcFormatTest" time="0.0">
    <skipped/>
  </testcase>
  <testcase name="autoDecimalTest[582]" classname="org.bitcoinj.utils.BtcFormatTest" time="0.0"/>
  <testcase name="symbolCollisionTest[582]" classname="org.bitcoinj.utils.BtcFormatTest" time="0.002"/>
  <testcase name="equalityTest[582]" classname="org.bitcoinj.utils.BtcFormatTest" time="0.002"/>
  <testcase name="columnAlignmentTest[582]" classname="org.bitcoinj.utils.BtcFormatTest" time="0.0"/>
  <testcase name="factoryTest[582]" classname="org.bitcoinj.utils.BtcFormatTest" time="0.001"/>
  <testcase name="parse[582]" classname="org.bitcoinj.utils.BtcFormatTest" time="0.0"/>
  <testcase name="btcRounding[582]" classname="org.bitcoinj.utils.BtcFormatTest" time="0.001"/>
  <testcase name="negativeTest[582]" classname="org.bitcoinj.utils.BtcFormatTest" time="0.0">
    <skipped/>
  </testcase>
  <testcase name="millicoinScaleTest[582]" classname="org.bitcoinj.utils.BtcFormatTest" time="0.0"/>
  <testcase name="toStringTest[582]" classname="org.bitcoinj.utils.BtcFormatTest" time="0.001">
    <skipped/>
  </testcase>
  <testcase name="testGrouping[582]" classname="org.bitcoinj.utils.BtcFormatTest" time="0.0"/>
  <testcase name="symbolsCodesTest[582]" classname="org.bitcoinj.utils.BtcFormatTest" time="0.0"/>
  <testcase name="defaultLocaleTest[582]" classname="org.bitcoinj.utils.BtcFormatTest" time="0.0"/>
  <testcase name="parsePositionTest[582]" classname="org.bitcoinj.utils.BtcFormatTest" time="0.001"/>
  <testcase name="argumentTypeTest[582]" classname="org.bitcoinj.utils.BtcFormatTest" time="0.0">
    <skipped/>
  </testcase>
  <testcase name="characterIteratorTest[582]" classname="org.bitcoinj.utils.BtcFormatTest" time="0.0"/>
  <testcase name="repeatingPlaceTest[582]" classname="org.bitcoinj.utils.BtcFormatTest" time="0.0"/>
  <testcase name="currencyCodeTest[582]" classname="org.bitcoinj.utils.BtcFormatTest" time="0.0">
    <skipped/>
  </testcase>
  <testcase name="patternDecimalPlaces[582]" classname="org.bitcoinj.utils.BtcFormatTest" time="0.0"/>
  <testcase name="factoryArgumentsTest[583]" classname="org.bitcoinj.utils.BtcFormatTest" time="0.002"/>
  <testcase name="parseTest[583]" classname="org.bitcoinj.utils.BtcFormatTest" time="0.0">
    <skipped/>
  </testcase>
  <testcase name="microcoinScaleTest[583]" classname="org.bitcoinj.utils.BtcFormatTest" time="0.0"/>
  <testcase name="parseMetricTest[583]" classname="org.bitcoinj.utils.BtcFormatTest" time="0.002"/>
  <testcase name="coinScaleTest[583]" classname="org.bitcoinj.utils.BtcFormatTest" time="0.0"/>
  <testcase name="builderTest[583]" classname="org.bitcoinj.utils.BtcFormatTest" time="0.0">
    <skipped/>
  </testcase>
  <testcase name="attributeTest[583]" classname="org.bitcoinj.utils.BtcFormatTest" time="0.0">
    <skipped/>
  </testcase>
  <testcase name="prefixTest[583]" classname="org.bitcoinj.utils.BtcFormatTest" time="0.0"/>
  <testcase name="suffixTest[583]" classname="org.bitcoinj.utils.BtcFormatTest" time="0.0">
    <skipped/>
  </testcase>
  <testcase name="autoDecimalTest[583]" classname="org.bitcoinj.utils.BtcFormatTest" time="0.001"/>
  <testcase name="symbolCollisionTest[583]" classname="org.bitcoinj.utils.BtcFormatTest" time="0.002"/>
  <testcase name="equalityTest[583]" classname="org.bitcoinj.utils.BtcFormatTest" time="0.002"/>
  <testcase name="columnAlignmentTest[583]" classname="org.bitcoinj.utils.BtcFormatTest" time="0.001"/>
  <testcase name="factoryTest[583]" classname="org.bitcoinj.utils.BtcFormatTest" time="0.0"/>
  <testcase name="parse[583]" classname="org.bitcoinj.utils.BtcFormatTest" time="0.0"/>
  <testcase name="btcRounding[583]" classname="org.bitcoinj.utils.BtcFormatTest" time="0.001"/>
  <testcase name="negativeTest[583]" classname="org.bitcoinj.utils.BtcFormatTest" time="0.0">
    <skipped/>
  </testcase>
  <testcase name="millicoinScaleTest[583]" classname="org.bitcoinj.utils.BtcFormatTest" time="0.0"/>
  <testcase name="toStringTest[583]" classname="org.bitcoinj.utils.BtcFormatTest" time="0.0">
    <skipped/>
  </testcase>
  <testcase name="testGrouping[583]" classname="org.bitcoinj.utils.BtcFormatTest" time="0.0"/>
  <testcase name="symbolsCodesTest[583]" classname="org.bitcoinj.utils.BtcFormatTest" time="0.003"/>
  <testcase name="defaultLocaleTest[583]" classname="org.bitcoinj.utils.BtcFormatTest" time="0.0"/>
  <testcase name="parsePositionTest[583]" classname="org.bitcoinj.utils.BtcFormatTest" time="0.0"/>
  <testcase name="argumentTypeTest[583]" classname="org.bitcoinj.utils.BtcFormatTest" time="0.0">
    <skipped/>
  </testcase>
  <testcase name="characterIteratorTest[583]" classname="org.bitcoinj.utils.BtcFormatTest" time="0.001"/>
  <testcase name="repeatingPlaceTest[583]" classname="org.bitcoinj.utils.BtcFormatTest" time="0.0"/>
  <testcase name="currencyCodeTest[583]" classname="org.bitcoinj.utils.BtcFormatTest" time="0.0">
    <skipped/>
  </testcase>
  <testcase name="patternDecimalPlaces[583]" classname="org.bitcoinj.utils.BtcFormatTest" time="0.001"/>
  <testcase name="factoryArgumentsTest[584]" classname="org.bitcoinj.utils.BtcFormatTest" time="0.002"/>
  <testcase name="parseTest[584]" classname="org.bitcoinj.utils.BtcFormatTest" time="0.0">
    <skipped/>
  </testcase>
  <testcase name="microcoinScaleTest[584]" classname="org.bitcoinj.utils.BtcFormatTest" time="0.001"/>
  <testcase name="parseMetricTest[584]" classname="org.bitcoinj.utils.BtcFormatTest" time="0.001"/>
  <testcase name="coinScaleTest[584]" classname="org.bitcoinj.utils.BtcFormatTest" time="0.0"/>
  <testcase name="builderTest[584]" classname="org.bitcoinj.utils.BtcFormatTest" time="0.0">
    <skipped/>
  </testcase>
  <testcase name="attributeTest[584]" classname="org.bitcoinj.utils.BtcFormatTest" time="0.0">
    <skipped/>
  </testcase>
  <testcase name="prefixTest[584]" classname="org.bitcoinj.utils.BtcFormatTest" time="0.0"/>
  <testcase name="suffixTest[584]" classname="org.bitcoinj.utils.BtcFormatTest" time="0.0">
    <skipped/>
  </testcase>
  <testcase name="autoDecimalTest[584]" classname="org.bitcoinj.utils.BtcFormatTest" time="0.001"/>
  <testcase name="symbolCollisionTest[584]" classname="org.bitcoinj.utils.BtcFormatTest" time="0.001"/>
  <testcase name="equalityTest[584]" classname="org.bitcoinj.utils.BtcFormatTest" time="0.002"/>
  <testcase name="columnAlignmentTest[584]" classname="org.bitcoinj.utils.BtcFormatTest" time="0.001"/>
  <testcase name="factoryTest[584]" classname="org.bitcoinj.utils.BtcFormatTest" time="0.001"/>
  <testcase name="parse[584]" classname="org.bitcoinj.utils.BtcFormatTest" time="0.0"/>
  <testcase name="btcRounding[584]" classname="org.bitcoinj.utils.BtcFormatTest" time="0.003"/>
  <testcase name="negativeTest[584]" classname="org.bitcoinj.utils.BtcFormatTest" time="0.0">
    <skipped/>
  </testcase>
  <testcase name="millicoinScaleTest[584]" classname="org.bitcoinj.utils.BtcFormatTest" time="0.0"/>
  <testcase name="toStringTest[584]" classname="org.bitcoinj.utils.BtcFormatTest" time="0.0">
    <skipped/>
  </testcase>
  <testcase name="testGrouping[584]" classname="org.bitcoinj.utils.BtcFormatTest" time="0.0"/>
  <testcase name="symbolsCodesTest[584]" classname="org.bitcoinj.utils.BtcFormatTest" time="0.001"/>
  <testcase name="defaultLocaleTest[584]" classname="org.bitcoinj.utils.BtcFormatTest" time="0.0"/>
  <testcase name="parsePositionTest[584]" classname="org.bitcoinj.utils.BtcFormatTest" time="0.0"/>
  <testcase name="argumentTypeTest[584]" classname="org.bitcoinj.utils.BtcFormatTest" time="0.0">
    <skipped/>
  </testcase>
  <testcase name="characterIteratorTest[584]" classname="org.bitcoinj.utils.BtcFormatTest" time="0.001"/>
  <testcase name="repeatingPlaceTest[584]" classname="org.bitcoinj.utils.BtcFormatTest" time="0.0"/>
  <testcase name="currencyCodeTest[584]" classname="org.bitcoinj.utils.BtcFormatTest" time="0.0">
    <skipped/>
  </testcase>
  <testcase name="patternDecimalPlaces[584]" classname="org.bitcoinj.utils.BtcFormatTest" time="0.0"/>
  <testcase name="factoryArgumentsTest[585]" classname="org.bitcoinj.utils.BtcFormatTest" time="0.002"/>
  <testcase name="parseTest[585]" classname="org.bitcoinj.utils.BtcFormatTest" time="0.0">
    <skipped/>
  </testcase>
  <testcase name="microcoinScaleTest[585]" classname="org.bitcoinj.utils.BtcFormatTest" time="0.0"/>
  <testcase name="parseMetricTest[585]" classname="org.bitcoinj.utils.BtcFormatTest" time="0.001"/>
  <testcase name="coinScaleTest[585]" classname="org.bitcoinj.utils.BtcFormatTest" time="0.0"/>
  <testcase name="builderTest[585]" classname="org.bitcoinj.utils.BtcFormatTest" time="0.0">
    <skipped/>
  </testcase>
  <testcase name="attributeTest[585]" classname="org.bitcoinj.utils.BtcFormatTest" time="0.0">
    <skipped/>
  </testcase>
  <testcase name="prefixTest[585]" classname="org.bitcoinj.utils.BtcFormatTest" time="0.0"/>
  <testcase name="suffixTest[585]" classname="org.bitcoinj.utils.BtcFormatTest" time="0.0">
    <skipped/>
  </testcase>
  <testcase name="autoDecimalTest[585]" classname="org.bitcoinj.utils.BtcFormatTest" time="0.001"/>
  <testcase name="symbolCollisionTest[585]" classname="org.bitcoinj.utils.BtcFormatTest" time="0.002"/>
  <testcase name="equalityTest[585]" classname="org.bitcoinj.utils.BtcFormatTest" time="0.002"/>
  <testcase name="columnAlignmentTest[585]" classname="org.bitcoinj.utils.BtcFormatTest" time="0.0"/>
  <testcase name="factoryTest[585]" classname="org.bitcoinj.utils.BtcFormatTest" time="0.0"/>
  <testcase name="parse[585]" classname="org.bitcoinj.utils.BtcFormatTest" time="0.0"/>
  <testcase name="btcRounding[585]" classname="org.bitcoinj.utils.BtcFormatTest" time="0.002"/>
  <testcase name="negativeTest[585]" classname="org.bitcoinj.utils.BtcFormatTest" time="0.0">
    <skipped/>
  </testcase>
  <testcase name="millicoinScaleTest[585]" classname="org.bitcoinj.utils.BtcFormatTest" time="0.0"/>
  <testcase name="toStringTest[585]" classname="org.bitcoinj.utils.BtcFormatTest" time="0.0">
    <skipped/>
  </testcase>
  <testcase name="testGrouping[585]" classname="org.bitcoinj.utils.BtcFormatTest" time="0.0"/>
  <testcase name="symbolsCodesTest[585]" classname="org.bitcoinj.utils.BtcFormatTest" time="0.002"/>
  <testcase name="defaultLocaleTest[585]" classname="org.bitcoinj.utils.BtcFormatTest" time="0.0"/>
  <testcase name="parsePositionTest[585]" classname="org.bitcoinj.utils.BtcFormatTest" time="0.001"/>
  <testcase name="argumentTypeTest[585]" classname="org.bitcoinj.utils.BtcFormatTest" time="0.0">
    <skipped/>
  </testcase>
  <testcase name="characterIteratorTest[585]" classname="org.bitcoinj.utils.BtcFormatTest" time="0.0"/>
  <testcase name="repeatingPlaceTest[585]" classname="org.bitcoinj.utils.BtcFormatTest" time="0.0"/>
  <testcase name="currencyCodeTest[585]" classname="org.bitcoinj.utils.BtcFormatTest" time="0.0">
    <skipped/>
  </testcase>
  <testcase name="patternDecimalPlaces[585]" classname="org.bitcoinj.utils.BtcFormatTest" time="0.001"/>
  <testcase name="factoryArgumentsTest[586]" classname="org.bitcoinj.utils.BtcFormatTest" time="0.001"/>
  <testcase name="parseTest[586]" classname="org.bitcoinj.utils.BtcFormatTest" time="0.0">
    <skipped/>
  </testcase>
  <testcase name="microcoinScaleTest[586]" classname="org.bitcoinj.utils.BtcFormatTest" time="0.0"/>
  <testcase name="parseMetricTest[586]" classname="org.bitcoinj.utils.BtcFormatTest" time="0.001"/>
  <testcase name="coinScaleTest[586]" classname="org.bitcoinj.utils.BtcFormatTest" time="0.0"/>
  <testcase name="builderTest[586]" classname="org.bitcoinj.utils.BtcFormatTest" time="0.0">
    <skipped/>
  </testcase>
  <testcase name="attributeTest[586]" classname="org.bitcoinj.utils.BtcFormatTest" time="0.0">
    <skipped/>
  </testcase>
  <testcase name="prefixTest[586]" classname="org.bitcoinj.utils.BtcFormatTest" time="0.0"/>
  <testcase name="suffixTest[586]" classname="org.bitcoinj.utils.BtcFormatTest" time="0.0">
    <skipped/>
  </testcase>
  <testcase name="autoDecimalTest[586]" classname="org.bitcoinj.utils.BtcFormatTest" time="0.001"/>
  <testcase name="symbolCollisionTest[586]" classname="org.bitcoinj.utils.BtcFormatTest" time="0.002"/>
  <testcase name="equalityTest[586]" classname="org.bitcoinj.utils.BtcFormatTest" time="0.001"/>
  <testcase name="columnAlignmentTest[586]" classname="org.bitcoinj.utils.BtcFormatTest" time="0.0"/>
  <testcase name="factoryTest[586]" classname="org.bitcoinj.utils.BtcFormatTest" time="0.001"/>
  <testcase name="parse[586]" classname="org.bitcoinj.utils.BtcFormatTest" time="0.0"/>
  <testcase name="btcRounding[586]" classname="org.bitcoinj.utils.BtcFormatTest" time="0.001"/>
  <testcase name="negativeTest[586]" classname="org.bitcoinj.utils.BtcFormatTest" time="0.0">
    <skipped/>
  </testcase>
  <testcase name="millicoinScaleTest[586]" classname="org.bitcoinj.utils.BtcFormatTest" time="0.0"/>
  <testcase name="toStringTest[586]" classname="org.bitcoinj.utils.BtcFormatTest" time="0.0">
    <skipped/>
  </testcase>
  <testcase name="testGrouping[586]" classname="org.bitcoinj.utils.BtcFormatTest" time="0.0"/>
  <testcase name="symbolsCodesTest[586]" classname="org.bitcoinj.utils.BtcFormatTest" time="0.001"/>
  <testcase name="defaultLocaleTest[586]" classname="org.bitcoinj.utils.BtcFormatTest" time="0.0"/>
  <testcase name="parsePositionTest[586]" classname="org.bitcoinj.utils.BtcFormatTest" time="0.0"/>
  <testcase name="argumentTypeTest[586]" classname="org.bitcoinj.utils.BtcFormatTest" time="0.0">
    <skipped/>
  </testcase>
  <testcase name="characterIteratorTest[586]" classname="org.bitcoinj.utils.BtcFormatTest" time="0.001"/>
  <testcase name="repeatingPlaceTest[586]" classname="org.bitcoinj.utils.BtcFormatTest" time="0.0"/>
  <testcase name="currencyCodeTest[586]" classname="org.bitcoinj.utils.BtcFormatTest" time="0.0">
    <skipped/>
  </testcase>
  <testcase name="patternDecimalPlaces[586]" classname="org.bitcoinj.utils.BtcFormatTest" time="0.0"/>
  <testcase name="factoryArgumentsTest[587]" classname="org.bitcoinj.utils.BtcFormatTest" time="0.001"/>
  <testcase name="parseTest[587]" classname="org.bitcoinj.utils.BtcFormatTest" time="0.0">
    <skipped/>
  </testcase>
  <testcase name="microcoinScaleTest[587]" classname="org.bitcoinj.utils.BtcFormatTest" time="0.0"/>
  <testcase name="parseMetricTest[587]" classname="org.bitcoinj.utils.BtcFormatTest" time="0.001"/>
  <testcase name="coinScaleTest[587]" classname="org.bitcoinj.utils.BtcFormatTest" time="0.0"/>
  <testcase name="builderTest[587]" classname="org.bitcoinj.utils.BtcFormatTest" time="0.0">
    <skipped/>
  </testcase>
  <testcase name="attributeTest[587]" classname="org.bitcoinj.utils.BtcFormatTest" time="0.0">
    <skipped/>
  </testcase>
  <testcase name="prefixTest[587]" classname="org.bitcoinj.utils.BtcFormatTest" time="0.001"/>
  <testcase name="suffixTest[587]" classname="org.bitcoinj.utils.BtcFormatTest" time="0.0">
    <skipped/>
  </testcase>
  <testcase name="autoDecimalTest[587]" classname="org.bitcoinj.utils.BtcFormatTest" time="0.003"/>
  <testcase name="symbolCollisionTest[587]" classname="org.bitcoinj.utils.BtcFormatTest" time="0.002"/>
  <testcase name="equalityTest[587]" classname="org.bitcoinj.utils.BtcFormatTest" time="0.001"/>
  <testcase name="columnAlignmentTest[587]" classname="org.bitcoinj.utils.BtcFormatTest" time="0.0"/>
  <testcase name="factoryTest[587]" classname="org.bitcoinj.utils.BtcFormatTest" time="0.001"/>
  <testcase name="parse[587]" classname="org.bitcoinj.utils.BtcFormatTest" time="0.0"/>
  <testcase name="btcRounding[587]" classname="org.bitcoinj.utils.BtcFormatTest" time="0.001"/>
  <testcase name="negativeTest[587]" classname="org.bitcoinj.utils.BtcFormatTest" time="0.0">
    <skipped/>
  </testcase>
  <testcase name="millicoinScaleTest[587]" classname="org.bitcoinj.utils.BtcFormatTest" time="0.0"/>
  <testcase name="toStringTest[587]" classname="org.bitcoinj.utils.BtcFormatTest" time="0.0">
    <skipped/>
  </testcase>
  <testcase name="testGrouping[587]" classname="org.bitcoinj.utils.BtcFormatTest" time="0.0"/>
  <testcase name="symbolsCodesTest[587]" classname="org.bitcoinj.utils.BtcFormatTest" time="0.001"/>
  <testcase name="defaultLocaleTest[587]" classname="org.bitcoinj.utils.BtcFormatTest" time="0.0"/>
  <testcase name="parsePositionTest[587]" classname="org.bitcoinj.utils.BtcFormatTest" time="0.0"/>
  <testcase name="argumentTypeTest[587]" classname="org.bitcoinj.utils.BtcFormatTest" time="0.0">
    <skipped/>
  </testcase>
  <testcase name="characterIteratorTest[587]" classname="org.bitcoinj.utils.BtcFormatTest" time="0.0"/>
  <testcase name="repeatingPlaceTest[587]" classname="org.bitcoinj.utils.BtcFormatTest" time="0.001"/>
  <testcase name="currencyCodeTest[587]" classname="org.bitcoinj.utils.BtcFormatTest" time="0.0">
    <skipped/>
  </testcase>
  <testcase name="patternDecimalPlaces[587]" classname="org.bitcoinj.utils.BtcFormatTest" time="0.0"/>
  <testcase name="factoryArgumentsTest[588]" classname="org.bitcoinj.utils.BtcFormatTest" time="0.0"/>
  <testcase name="parseTest[588]" classname="org.bitcoinj.utils.BtcFormatTest" time="0.0">
    <skipped/>
  </testcase>
  <testcase name="microcoinScaleTest[588]" classname="org.bitcoinj.utils.BtcFormatTest" time="0.0"/>
  <testcase name="parseMetricTest[588]" classname="org.bitcoinj.utils.BtcFormatTest" time="0.001"/>
  <testcase name="coinScaleTest[588]" classname="org.bitcoinj.utils.BtcFormatTest" time="0.0"/>
  <testcase name="builderTest[588]" classname="org.bitcoinj.utils.BtcFormatTest" time="0.001">
    <skipped/>
  </testcase>
  <testcase name="attributeTest[588]" classname="org.bitcoinj.utils.BtcFormatTest" time="0.0">
    <skipped/>
  </testcase>
  <testcase name="prefixTest[588]" classname="org.bitcoinj.utils.BtcFormatTest" time="0.0"/>
  <testcase name="suffixTest[588]" classname="org.bitcoinj.utils.BtcFormatTest" time="0.0">
    <skipped/>
  </testcase>
  <testcase name="autoDecimalTest[588]" classname="org.bitcoinj.utils.BtcFormatTest" time="0.002"/>
  <testcase name="symbolCollisionTest[588]" classname="org.bitcoinj.utils.BtcFormatTest" time="0.003"/>
  <testcase name="equalityTest[588]" classname="org.bitcoinj.utils.BtcFormatTest" time="0.002"/>
  <testcase name="columnAlignmentTest[588]" classname="org.bitcoinj.utils.BtcFormatTest" time="0.0"/>
  <testcase name="factoryTest[588]" classname="org.bitcoinj.utils.BtcFormatTest" time="0.0"/>
  <testcase name="parse[588]" classname="org.bitcoinj.utils.BtcFormatTest" time="0.0"/>
  <testcase name="btcRounding[588]" classname="org.bitcoinj.utils.BtcFormatTest" time="0.001"/>
  <testcase name="negativeTest[588]" classname="org.bitcoinj.utils.BtcFormatTest" time="0.0">
    <skipped/>
  </testcase>
  <testcase name="millicoinScaleTest[588]" classname="org.bitcoinj.utils.BtcFormatTest" time="0.0"/>
  <testcase name="toStringTest[588]" classname="org.bitcoinj.utils.BtcFormatTest" time="0.0">
    <skipped/>
  </testcase>
  <testcase name="testGrouping[588]" classname="org.bitcoinj.utils.BtcFormatTest" time="0.001"/>
  <testcase name="symbolsCodesTest[588]" classname="org.bitcoinj.utils.BtcFormatTest" time="0.0"/>
  <testcase name="defaultLocaleTest[588]" classname="org.bitcoinj.utils.BtcFormatTest" time="0.0"/>
  <testcase name="parsePositionTest[588]" classname="org.bitcoinj.utils.BtcFormatTest" time="0.0"/>
  <testcase name="argumentTypeTest[588]" classname="org.bitcoinj.utils.BtcFormatTest" time="0.0">
    <skipped/>
  </testcase>
  <testcase name="characterIteratorTest[588]" classname="org.bitcoinj.utils.BtcFormatTest" time="0.001"/>
  <testcase name="repeatingPlaceTest[588]" classname="org.bitcoinj.utils.BtcFormatTest" time="0.0"/>
  <testcase name="currencyCodeTest[588]" classname="org.bitcoinj.utils.BtcFormatTest" time="0.0">
    <skipped/>
  </testcase>
  <testcase name="patternDecimalPlaces[588]" classname="org.bitcoinj.utils.BtcFormatTest" time="0.0"/>
  <testcase name="factoryArgumentsTest[589]" classname="org.bitcoinj.utils.BtcFormatTest" time="0.001"/>
  <testcase name="parseTest[589]" classname="org.bitcoinj.utils.BtcFormatTest" time="0.0">
    <skipped/>
  </testcase>
  <testcase name="microcoinScaleTest[589]" classname="org.bitcoinj.utils.BtcFormatTest" time="0.0"/>
  <testcase name="parseMetricTest[589]" classname="org.bitcoinj.utils.BtcFormatTest" time="0.001"/>
  <testcase name="coinScaleTest[589]" classname="org.bitcoinj.utils.BtcFormatTest" time="0.0"/>
  <testcase name="builderTest[589]" classname="org.bitcoinj.utils.BtcFormatTest" time="0.0">
    <skipped/>
  </testcase>
  <testcase name="attributeTest[589]" classname="org.bitcoinj.utils.BtcFormatTest" time="0.0">
    <skipped/>
  </testcase>
  <testcase name="prefixTest[589]" classname="org.bitcoinj.utils.BtcFormatTest" time="0.0"/>
  <testcase name="suffixTest[589]" classname="org.bitcoinj.utils.BtcFormatTest" time="0.0">
    <skipped/>
  </testcase>
  <testcase name="autoDecimalTest[589]" classname="org.bitcoinj.utils.BtcFormatTest" time="0.001"/>
  <testcase name="symbolCollisionTest[589]" classname="org.bitcoinj.utils.BtcFormatTest" time="0.002"/>
  <testcase name="equalityTest[589]" classname="org.bitcoinj.utils.BtcFormatTest" time="0.001"/>
  <testcase name="columnAlignmentTest[589]" classname="org.bitcoinj.utils.BtcFormatTest" time="0.0"/>
  <testcase name="factoryTest[589]" classname="org.bitcoinj.utils.BtcFormatTest" time="0.0"/>
  <testcase name="parse[589]" classname="org.bitcoinj.utils.BtcFormatTest" time="0.0"/>
  <testcase name="btcRounding[589]" classname="org.bitcoinj.utils.BtcFormatTest" time="0.002"/>
  <testcase name="negativeTest[589]" classname="org.bitcoinj.utils.BtcFormatTest" time="0.0">
    <skipped/>
  </testcase>
  <testcase name="millicoinScaleTest[589]" classname="org.bitcoinj.utils.BtcFormatTest" time="0.001"/>
  <testcase name="toStringTest[589]" classname="org.bitcoinj.utils.BtcFormatTest" time="0.0">
    <skipped/>
  </testcase>
  <testcase name="testGrouping[589]" classname="org.bitcoinj.utils.BtcFormatTest" time="0.001"/>
  <testcase name="symbolsCodesTest[589]" classname="org.bitcoinj.utils.BtcFormatTest" time="0.001"/>
  <testcase name="defaultLocaleTest[589]" classname="org.bitcoinj.utils.BtcFormatTest" time="0.0"/>
  <testcase name="parsePositionTest[589]" classname="org.bitcoinj.utils.BtcFormatTest" time="0.001"/>
  <testcase name="argumentTypeTest[589]" classname="org.bitcoinj.utils.BtcFormatTest" time="0.0">
    <skipped/>
  </testcase>
  <testcase name="characterIteratorTest[589]" classname="org.bitcoinj.utils.BtcFormatTest" time="0.0"/>
  <testcase name="repeatingPlaceTest[589]" classname="org.bitcoinj.utils.BtcFormatTest" time="0.0"/>
  <testcase name="currencyCodeTest[589]" classname="org.bitcoinj.utils.BtcFormatTest" time="0.0">
    <skipped/>
  </testcase>
  <testcase name="patternDecimalPlaces[589]" classname="org.bitcoinj.utils.BtcFormatTest" time="0.0"/>
  <testcase name="factoryArgumentsTest[590]" classname="org.bitcoinj.utils.BtcFormatTest" time="0.001"/>
  <testcase name="parseTest[590]" classname="org.bitcoinj.utils.BtcFormatTest" time="0.0">
    <skipped/>
  </testcase>
  <testcase name="microcoinScaleTest[590]" classname="org.bitcoinj.utils.BtcFormatTest" time="0.0"/>
  <testcase name="parseMetricTest[590]" classname="org.bitcoinj.utils.BtcFormatTest" time="0.001"/>
  <testcase name="coinScaleTest[590]" classname="org.bitcoinj.utils.BtcFormatTest" time="0.0"/>
  <testcase name="builderTest[590]" classname="org.bitcoinj.utils.BtcFormatTest" time="0.0">
    <skipped/>
  </testcase>
  <testcase name="attributeTest[590]" classname="org.bitcoinj.utils.BtcFormatTest" time="0.0">
    <skipped/>
  </testcase>
  <testcase name="prefixTest[590]" classname="org.bitcoinj.utils.BtcFormatTest" time="0.001"/>
  <testcase name="suffixTest[590]" classname="org.bitcoinj.utils.BtcFormatTest" time="0.0">
    <skipped/>
  </testcase>
  <testcase name="autoDecimalTest[590]" classname="org.bitcoinj.utils.BtcFormatTest" time="0.0"/>
  <testcase name="symbolCollisionTest[590]" classname="org.bitcoinj.utils.BtcFormatTest" time="0.002"/>
  <testcase name="equalityTest[590]" classname="org.bitcoinj.utils.BtcFormatTest" time="0.001"/>
  <testcase name="columnAlignmentTest[590]" classname="org.bitcoinj.utils.BtcFormatTest" time="0.001"/>
  <testcase name="factoryTest[590]" classname="org.bitcoinj.utils.BtcFormatTest" time="0.0"/>
  <testcase name="parse[590]" classname="org.bitcoinj.utils.BtcFormatTest" time="0.0"/>
  <testcase name="btcRounding[590]" classname="org.bitcoinj.utils.BtcFormatTest" time="0.001"/>
  <testcase name="negativeTest[590]" classname="org.bitcoinj.utils.BtcFormatTest" time="0.0">
    <skipped/>
  </testcase>
  <testcase name="millicoinScaleTest[590]" classname="org.bitcoinj.utils.BtcFormatTest" time="0.001"/>
  <testcase name="toStringTest[590]" classname="org.bitcoinj.utils.BtcFormatTest" time="0.0">
    <skipped/>
  </testcase>
  <testcase name="testGrouping[590]" classname="org.bitcoinj.utils.BtcFormatTest" time="0.0"/>
  <testcase name="symbolsCodesTest[590]" classname="org.bitcoinj.utils.BtcFormatTest" time="0.001"/>
  <testcase name="defaultLocaleTest[590]" classname="org.bitcoinj.utils.BtcFormatTest" time="0.0"/>
  <testcase name="parsePositionTest[590]" classname="org.bitcoinj.utils.BtcFormatTest" time="0.0"/>
  <testcase name="argumentTypeTest[590]" classname="org.bitcoinj.utils.BtcFormatTest" time="0.0">
    <skipped/>
  </testcase>
  <testcase name="characterIteratorTest[590]" classname="org.bitcoinj.utils.BtcFormatTest" time="0.001"/>
  <testcase name="repeatingPlaceTest[590]" classname="org.bitcoinj.utils.BtcFormatTest" time="0.0"/>
  <testcase name="currencyCodeTest[590]" classname="org.bitcoinj.utils.BtcFormatTest" time="0.0">
    <skipped/>
  </testcase>
  <testcase name="patternDecimalPlaces[590]" classname="org.bitcoinj.utils.BtcFormatTest" time="0.0"/>
  <testcase name="factoryArgumentsTest[591]" classname="org.bitcoinj.utils.BtcFormatTest" time="0.005"/>
  <testcase name="parseTest[591]" classname="org.bitcoinj.utils.BtcFormatTest" time="0.0">
    <skipped/>
  </testcase>
  <testcase name="microcoinScaleTest[591]" classname="org.bitcoinj.utils.BtcFormatTest" time="0.001"/>
  <testcase name="parseMetricTest[591]" classname="org.bitcoinj.utils.BtcFormatTest" time="0.001"/>
  <testcase name="coinScaleTest[591]" classname="org.bitcoinj.utils.BtcFormatTest" time="0.0"/>
  <testcase name="builderTest[591]" classname="org.bitcoinj.utils.BtcFormatTest" time="0.0">
    <skipped/>
  </testcase>
  <testcase name="attributeTest[591]" classname="org.bitcoinj.utils.BtcFormatTest" time="0.0">
    <skipped/>
  </testcase>
  <testcase name="prefixTest[591]" classname="org.bitcoinj.utils.BtcFormatTest" time="0.0"/>
  <testcase name="suffixTest[591]" classname="org.bitcoinj.utils.BtcFormatTest" time="0.0">
    <skipped/>
  </testcase>
  <testcase name="autoDecimalTest[591]" classname="org.bitcoinj.utils.BtcFormatTest" time="0.001"/>
  <testcase name="symbolCollisionTest[591]" classname="org.bitcoinj.utils.BtcFormatTest" time="0.002"/>
  <testcase name="equalityTest[591]" classname="org.bitcoinj.utils.BtcFormatTest" time="0.001"/>
  <testcase name="columnAlignmentTest[591]" classname="org.bitcoinj.utils.BtcFormatTest" time="0.0"/>
  <testcase name="factoryTest[591]" classname="org.bitcoinj.utils.BtcFormatTest" time="0.0"/>
  <testcase name="parse[591]" classname="org.bitcoinj.utils.BtcFormatTest" time="0.0"/>
  <testcase name="btcRounding[591]" classname="org.bitcoinj.utils.BtcFormatTest" time="0.002"/>
  <testcase name="negativeTest[591]" classname="org.bitcoinj.utils.BtcFormatTest" time="0.0">
    <skipped/>
  </testcase>
  <testcase name="millicoinScaleTest[591]" classname="org.bitcoinj.utils.BtcFormatTest" time="0.0"/>
  <testcase name="toStringTest[591]" classname="org.bitcoinj.utils.BtcFormatTest" time="0.0">
    <skipped/>
  </testcase>
  <testcase name="testGrouping[591]" classname="org.bitcoinj.utils.BtcFormatTest" time="0.0"/>
  <testcase name="symbolsCodesTest[591]" classname="org.bitcoinj.utils.BtcFormatTest" time="0.001"/>
  <testcase name="defaultLocaleTest[591]" classname="org.bitcoinj.utils.BtcFormatTest" time="0.0"/>
  <testcase name="parsePositionTest[591]" classname="org.bitcoinj.utils.BtcFormatTest" time="0.0"/>
  <testcase name="argumentTypeTest[591]" classname="org.bitcoinj.utils.BtcFormatTest" time="0.0">
    <skipped/>
  </testcase>
  <testcase name="characterIteratorTest[591]" classname="org.bitcoinj.utils.BtcFormatTest" time="0.0"/>
  <testcase name="repeatingPlaceTest[591]" classname="org.bitcoinj.utils.BtcFormatTest" time="0.0"/>
  <testcase name="currencyCodeTest[591]" classname="org.bitcoinj.utils.BtcFormatTest" time="0.0">
    <skipped/>
  </testcase>
  <testcase name="patternDecimalPlaces[591]" classname="org.bitcoinj.utils.BtcFormatTest" time="0.0"/>
  <testcase name="factoryArgumentsTest[592]" classname="org.bitcoinj.utils.BtcFormatTest" time="0.001"/>
  <testcase name="parseTest[592]" classname="org.bitcoinj.utils.BtcFormatTest" time="0.0">
    <skipped/>
  </testcase>
  <testcase name="microcoinScaleTest[592]" classname="org.bitcoinj.utils.BtcFormatTest" time="0.0"/>
  <testcase name="parseMetricTest[592]" classname="org.bitcoinj.utils.BtcFormatTest" time="0.005"/>
  <testcase name="coinScaleTest[592]" classname="org.bitcoinj.utils.BtcFormatTest" time="0.0"/>
  <testcase name="builderTest[592]" classname="org.bitcoinj.utils.BtcFormatTest" time="0.0">
    <skipped/>
  </testcase>
  <testcase name="attributeTest[592]" classname="org.bitcoinj.utils.BtcFormatTest" time="0.0">
    <skipped/>
  </testcase>
  <testcase name="prefixTest[592]" classname="org.bitcoinj.utils.BtcFormatTest" time="0.0"/>
  <testcase name="suffixTest[592]" classname="org.bitcoinj.utils.BtcFormatTest" time="0.0">
    <skipped/>
  </testcase>
  <testcase name="autoDecimalTest[592]" classname="org.bitcoinj.utils.BtcFormatTest" time="0.001"/>
  <testcase name="symbolCollisionTest[592]" classname="org.bitcoinj.utils.BtcFormatTest" time="0.008"/>
  <testcase name="equalityTest[592]" classname="org.bitcoinj.utils.BtcFormatTest" time="0.011"/>
  <testcase name="columnAlignmentTest[592]" classname="org.bitcoinj.utils.BtcFormatTest" time="0.0"/>
  <testcase name="factoryTest[592]" classname="org.bitcoinj.utils.BtcFormatTest" time="0.0"/>
  <testcase name="parse[592]" classname="org.bitcoinj.utils.BtcFormatTest" time="0.001"/>
  <testcase name="btcRounding[592]" classname="org.bitcoinj.utils.BtcFormatTest" time="0.001"/>
  <testcase name="negativeTest[592]" classname="org.bitcoinj.utils.BtcFormatTest" time="0.0">
    <skipped/>
  </testcase>
  <testcase name="millicoinScaleTest[592]" classname="org.bitcoinj.utils.BtcFormatTest" time="0.0"/>
  <testcase name="toStringTest[592]" classname="org.bitcoinj.utils.BtcFormatTest" time="0.0">
    <skipped/>
  </testcase>
  <testcase name="testGrouping[592]" classname="org.bitcoinj.utils.BtcFormatTest" time="0.0"/>
  <testcase name="symbolsCodesTest[592]" classname="org.bitcoinj.utils.BtcFormatTest" time="0.001"/>
  <testcase name="defaultLocaleTest[592]" classname="org.bitcoinj.utils.BtcFormatTest" time="0.0"/>
  <testcase name="parsePositionTest[592]" classname="org.bitcoinj.utils.BtcFormatTest" time="0.0"/>
  <testcase name="argumentTypeTest[592]" classname="org.bitcoinj.utils.BtcFormatTest" time="0.0">
    <skipped/>
  </testcase>
  <testcase name="characterIteratorTest[592]" classname="org.bitcoinj.utils.BtcFormatTest" time="0.001"/>
  <testcase name="repeatingPlaceTest[592]" classname="org.bitcoinj.utils.BtcFormatTest" time="0.0"/>
  <testcase name="currencyCodeTest[592]" classname="org.bitcoinj.utils.BtcFormatTest" time="0.0">
    <skipped/>
  </testcase>
  <testcase name="patternDecimalPlaces[592]" classname="org.bitcoinj.utils.BtcFormatTest" time="0.0"/>
  <testcase name="factoryArgumentsTest[593]" classname="org.bitcoinj.utils.BtcFormatTest" time="0.001"/>
  <testcase name="parseTest[593]" classname="org.bitcoinj.utils.BtcFormatTest" time="0.0">
    <skipped/>
  </testcase>
  <testcase name="microcoinScaleTest[593]" classname="org.bitcoinj.utils.BtcFormatTest" time="0.0"/>
  <testcase name="parseMetricTest[593]" classname="org.bitcoinj.utils.BtcFormatTest" time="0.002"/>
  <testcase name="coinScaleTest[593]" classname="org.bitcoinj.utils.BtcFormatTest" time="0.0"/>
  <testcase name="builderTest[593]" classname="org.bitcoinj.utils.BtcFormatTest" time="0.0">
    <skipped/>
  </testcase>
  <testcase name="attributeTest[593]" classname="org.bitcoinj.utils.BtcFormatTest" time="0.0">
    <skipped/>
  </testcase>
  <testcase name="prefixTest[593]" classname="org.bitcoinj.utils.BtcFormatTest" time="0.0"/>
  <testcase name="suffixTest[593]" classname="org.bitcoinj.utils.BtcFormatTest" time="0.0">
    <skipped/>
  </testcase>
  <testcase name="autoDecimalTest[593]" classname="org.bitcoinj.utils.BtcFormatTest" time="0.001"/>
  <testcase name="symbolCollisionTest[593]" classname="org.bitcoinj.utils.BtcFormatTest" time="0.004"/>
  <testcase name="equalityTest[593]" classname="org.bitcoinj.utils.BtcFormatTest" time="0.003"/>
  <testcase name="columnAlignmentTest[593]" classname="org.bitcoinj.utils.BtcFormatTest" time="0.0"/>
  <testcase name="factoryTest[593]" classname="org.bitcoinj.utils.BtcFormatTest" time="0.0"/>
  <testcase name="parse[593]" classname="org.bitcoinj.utils.BtcFormatTest" time="0.001"/>
  <testcase name="btcRounding[593]" classname="org.bitcoinj.utils.BtcFormatTest" time="0.001"/>
  <testcase name="negativeTest[593]" classname="org.bitcoinj.utils.BtcFormatTest" time="0.0">
    <skipped/>
  </testcase>
  <testcase name="millicoinScaleTest[593]" classname="org.bitcoinj.utils.BtcFormatTest" time="0.001"/>
  <testcase name="toStringTest[593]" classname="org.bitcoinj.utils.BtcFormatTest" time="0.0">
    <skipped/>
  </testcase>
  <testcase name="testGrouping[593]" classname="org.bitcoinj.utils.BtcFormatTest" time="0.0"/>
  <testcase name="symbolsCodesTest[593]" classname="org.bitcoinj.utils.BtcFormatTest" time="0.001"/>
  <testcase name="defaultLocaleTest[593]" classname="org.bitcoinj.utils.BtcFormatTest" time="0.0"/>
  <testcase name="parsePositionTest[593]" classname="org.bitcoinj.utils.BtcFormatTest" time="0.0"/>
  <testcase name="argumentTypeTest[593]" classname="org.bitcoinj.utils.BtcFormatTest" time="0.0">
    <skipped/>
  </testcase>
  <testcase name="characterIteratorTest[593]" classname="org.bitcoinj.utils.BtcFormatTest" time="0.0"/>
  <testcase name="repeatingPlaceTest[593]" classname="org.bitcoinj.utils.BtcFormatTest" time="0.0"/>
  <testcase name="currencyCodeTest[593]" classname="org.bitcoinj.utils.BtcFormatTest" time="0.0">
    <skipped/>
  </testcase>
  <testcase name="patternDecimalPlaces[593]" classname="org.bitcoinj.utils.BtcFormatTest" time="0.001"/>
  <testcase name="factoryArgumentsTest[594]" classname="org.bitcoinj.utils.BtcFormatTest" time="0.001"/>
  <testcase name="parseTest[594]" classname="org.bitcoinj.utils.BtcFormatTest" time="0.0">
    <skipped/>
  </testcase>
  <testcase name="microcoinScaleTest[594]" classname="org.bitcoinj.utils.BtcFormatTest" time="0.0"/>
  <testcase name="parseMetricTest[594]" classname="org.bitcoinj.utils.BtcFormatTest" time="0.001"/>
  <testcase name="coinScaleTest[594]" classname="org.bitcoinj.utils.BtcFormatTest" time="0.0"/>
  <testcase name="builderTest[594]" classname="org.bitcoinj.utils.BtcFormatTest" time="0.0">
    <skipped/>
  </testcase>
  <testcase name="attributeTest[594]" classname="org.bitcoinj.utils.BtcFormatTest" time="0.0">
    <skipped/>
  </testcase>
  <testcase name="prefixTest[594]" classname="org.bitcoinj.utils.BtcFormatTest" time="0.0"/>
  <testcase name="suffixTest[594]" classname="org.bitcoinj.utils.BtcFormatTest" time="0.0">
    <skipped/>
  </testcase>
  <testcase name="autoDecimalTest[594]" classname="org.bitcoinj.utils.BtcFormatTest" time="0.0"/>
  <testcase name="symbolCollisionTest[594]" classname="org.bitcoinj.utils.BtcFormatTest" time="0.005"/>
  <testcase name="equalityTest[594]" classname="org.bitcoinj.utils.BtcFormatTest" time="0.002"/>
  <testcase name="columnAlignmentTest[594]" classname="org.bitcoinj.utils.BtcFormatTest" time="0.001"/>
  <testcase name="factoryTest[594]" classname="org.bitcoinj.utils.BtcFormatTest" time="0.0"/>
  <testcase name="parse[594]" classname="org.bitcoinj.utils.BtcFormatTest" time="0.0"/>
  <testcase name="btcRounding[594]" classname="org.bitcoinj.utils.BtcFormatTest" time="0.001"/>
  <testcase name="negativeTest[594]" classname="org.bitcoinj.utils.BtcFormatTest" time="0.0">
    <skipped/>
  </testcase>
  <testcase name="millicoinScaleTest[594]" classname="org.bitcoinj.utils.BtcFormatTest" time="0.001"/>
  <testcase name="toStringTest[594]" classname="org.bitcoinj.utils.BtcFormatTest" time="0.0">
    <skipped/>
  </testcase>
  <testcase name="testGrouping[594]" classname="org.bitcoinj.utils.BtcFormatTest" time="0.0"/>
  <testcase name="symbolsCodesTest[594]" classname="org.bitcoinj.utils.BtcFormatTest" time="0.0"/>
  <testcase name="defaultLocaleTest[594]" classname="org.bitcoinj.utils.BtcFormatTest" time="0.001"/>
  <testcase name="parsePositionTest[594]" classname="org.bitcoinj.utils.BtcFormatTest" time="0.0"/>
  <testcase name="argumentTypeTest[594]" classname="org.bitcoinj.utils.BtcFormatTest" time="0.0">
    <skipped/>
  </testcase>
  <testcase name="characterIteratorTest[594]" classname="org.bitcoinj.utils.BtcFormatTest" time="0.0"/>
  <testcase name="repeatingPlaceTest[594]" classname="org.bitcoinj.utils.BtcFormatTest" time="0.0"/>
  <testcase name="currencyCodeTest[594]" classname="org.bitcoinj.utils.BtcFormatTest" time="0.0">
    <skipped/>
  </testcase>
  <testcase name="patternDecimalPlaces[594]" classname="org.bitcoinj.utils.BtcFormatTest" time="0.0"/>
  <testcase name="factoryArgumentsTest[595]" classname="org.bitcoinj.utils.BtcFormatTest" time="0.001"/>
  <testcase name="parseTest[595]" classname="org.bitcoinj.utils.BtcFormatTest" time="0.0">
    <skipped/>
  </testcase>
  <testcase name="microcoinScaleTest[595]" classname="org.bitcoinj.utils.BtcFormatTest" time="0.0"/>
  <testcase name="parseMetricTest[595]" classname="org.bitcoinj.utils.BtcFormatTest" time="0.001"/>
  <testcase name="coinScaleTest[595]" classname="org.bitcoinj.utils.BtcFormatTest" time="0.0"/>
  <testcase name="builderTest[595]" classname="org.bitcoinj.utils.BtcFormatTest" time="0.0">
    <skipped/>
  </testcase>
  <testcase name="attributeTest[595]" classname="org.bitcoinj.utils.BtcFormatTest" time="0.0">
    <skipped/>
  </testcase>
  <testcase name="prefixTest[595]" classname="org.bitcoinj.utils.BtcFormatTest" time="0.0"/>
  <testcase name="suffixTest[595]" classname="org.bitcoinj.utils.BtcFormatTest" time="0.0">
    <skipped/>
  </testcase>
  <testcase name="autoDecimalTest[595]" classname="org.bitcoinj.utils.BtcFormatTest" time="0.001"/>
  <testcase name="symbolCollisionTest[595]" classname="org.bitcoinj.utils.BtcFormatTest" time="0.002"/>
  <testcase name="equalityTest[595]" classname="org.bitcoinj.utils.BtcFormatTest" time="0.004"/>
  <testcase name="columnAlignmentTest[595]" classname="org.bitcoinj.utils.BtcFormatTest" time="0.002"/>
  <testcase name="factoryTest[595]" classname="org.bitcoinj.utils.BtcFormatTest" time="0.001"/>
  <testcase name="parse[595]" classname="org.bitcoinj.utils.BtcFormatTest" time="0.0"/>
  <testcase name="btcRounding[595]" classname="org.bitcoinj.utils.BtcFormatTest" time="0.001"/>
  <testcase name="negativeTest[595]" classname="org.bitcoinj.utils.BtcFormatTest" time="0.0">
    <skipped/>
  </testcase>
  <testcase name="millicoinScaleTest[595]" classname="org.bitcoinj.utils.BtcFormatTest" time="0.0"/>
  <testcase name="toStringTest[595]" classname="org.bitcoinj.utils.BtcFormatTest" time="0.0">
    <skipped/>
  </testcase>
  <testcase name="testGrouping[595]" classname="org.bitcoinj.utils.BtcFormatTest" time="0.0"/>
  <testcase name="symbolsCodesTest[595]" classname="org.bitcoinj.utils.BtcFormatTest" time="0.001"/>
  <testcase name="defaultLocaleTest[595]" classname="org.bitcoinj.utils.BtcFormatTest" time="0.0"/>
  <testcase name="parsePositionTest[595]" classname="org.bitcoinj.utils.BtcFormatTest" time="0.0"/>
  <testcase name="argumentTypeTest[595]" classname="org.bitcoinj.utils.BtcFormatTest" time="0.0">
    <skipped/>
  </testcase>
  <testcase name="characterIteratorTest[595]" classname="org.bitcoinj.utils.BtcFormatTest" time="0.001"/>
  <testcase name="repeatingPlaceTest[595]" classname="org.bitcoinj.utils.BtcFormatTest" time="0.0"/>
  <testcase name="currencyCodeTest[595]" classname="org.bitcoinj.utils.BtcFormatTest" time="0.0">
    <skipped/>
  </testcase>
  <testcase name="patternDecimalPlaces[595]" classname="org.bitcoinj.utils.BtcFormatTest" time="0.0"/>
  <testcase name="factoryArgumentsTest[596]" classname="org.bitcoinj.utils.BtcFormatTest" time="0.003"/>
  <testcase name="parseTest[596]" classname="org.bitcoinj.utils.BtcFormatTest" time="0.0">
    <skipped/>
  </testcase>
  <testcase name="microcoinScaleTest[596]" classname="org.bitcoinj.utils.BtcFormatTest" time="0.0"/>
  <testcase name="parseMetricTest[596]" classname="org.bitcoinj.utils.BtcFormatTest" time="0.002"/>
  <testcase name="coinScaleTest[596]" classname="org.bitcoinj.utils.BtcFormatTest" time="0.0"/>
  <testcase name="builderTest[596]" classname="org.bitcoinj.utils.BtcFormatTest" time="0.0">
    <skipped/>
  </testcase>
  <testcase name="attributeTest[596]" classname="org.bitcoinj.utils.BtcFormatTest" time="0.0">
    <skipped/>
  </testcase>
  <testcase name="prefixTest[596]" classname="org.bitcoinj.utils.BtcFormatTest" time="0.001"/>
  <testcase name="suffixTest[596]" classname="org.bitcoinj.utils.BtcFormatTest" time="0.0">
    <skipped/>
  </testcase>
  <testcase name="autoDecimalTest[596]" classname="org.bitcoinj.utils.BtcFormatTest" time="0.001"/>
  <testcase name="symbolCollisionTest[596]" classname="org.bitcoinj.utils.BtcFormatTest" time="0.003"/>
  <testcase name="equalityTest[596]" classname="org.bitcoinj.utils.BtcFormatTest" time="0.002"/>
  <testcase name="columnAlignmentTest[596]" classname="org.bitcoinj.utils.BtcFormatTest" time="0.0"/>
  <testcase name="factoryTest[596]" classname="org.bitcoinj.utils.BtcFormatTest" time="0.001"/>
  <testcase name="parse[596]" classname="org.bitcoinj.utils.BtcFormatTest" time="0.0"/>
  <testcase name="btcRounding[596]" classname="org.bitcoinj.utils.BtcFormatTest" time="0.001"/>
  <testcase name="negativeTest[596]" classname="org.bitcoinj.utils.BtcFormatTest" time="0.0">
    <skipped/>
  </testcase>
  <testcase name="millicoinScaleTest[596]" classname="org.bitcoinj.utils.BtcFormatTest" time="0.0"/>
  <testcase name="toStringTest[596]" classname="org.bitcoinj.utils.BtcFormatTest" time="0.0">
    <skipped/>
  </testcase>
  <testcase name="testGrouping[596]" classname="org.bitcoinj.utils.BtcFormatTest" time="0.0"/>
  <testcase name="symbolsCodesTest[596]" classname="org.bitcoinj.utils.BtcFormatTest" time="0.001"/>
  <testcase name="defaultLocaleTest[596]" classname="org.bitcoinj.utils.BtcFormatTest" time="0.0"/>
  <testcase name="parsePositionTest[596]" classname="org.bitcoinj.utils.BtcFormatTest" time="0.0"/>
  <testcase name="argumentTypeTest[596]" classname="org.bitcoinj.utils.BtcFormatTest" time="0.001">
    <skipped/>
  </testcase>
  <testcase name="characterIteratorTest[596]" classname="org.bitcoinj.utils.BtcFormatTest" time="0.0"/>
  <testcase name="repeatingPlaceTest[596]" classname="org.bitcoinj.utils.BtcFormatTest" time="0.0"/>
  <testcase name="currencyCodeTest[596]" classname="org.bitcoinj.utils.BtcFormatTest" time="0.0">
    <skipped/>
  </testcase>
  <testcase name="patternDecimalPlaces[596]" classname="org.bitcoinj.utils.BtcFormatTest" time="0.0"/>
  <testcase name="factoryArgumentsTest[597]" classname="org.bitcoinj.utils.BtcFormatTest" time="0.001"/>
  <testcase name="parseTest[597]" classname="org.bitcoinj.utils.BtcFormatTest" time="0.0">
    <skipped/>
  </testcase>
  <testcase name="microcoinScaleTest[597]" classname="org.bitcoinj.utils.BtcFormatTest" time="0.0"/>
  <testcase name="parseMetricTest[597]" classname="org.bitcoinj.utils.BtcFormatTest" time="0.001"/>
  <testcase name="coinScaleTest[597]" classname="org.bitcoinj.utils.BtcFormatTest" time="0.0"/>
  <testcase name="builderTest[597]" classname="org.bitcoinj.utils.BtcFormatTest" time="0.0">
    <skipped/>
  </testcase>
  <testcase name="attributeTest[597]" classname="org.bitcoinj.utils.BtcFormatTest" time="0.0">
    <skipped/>
  </testcase>
  <testcase name="prefixTest[597]" classname="org.bitcoinj.utils.BtcFormatTest" time="0.0"/>
  <testcase name="suffixTest[597]" classname="org.bitcoinj.utils.BtcFormatTest" time="0.0">
    <skipped/>
  </testcase>
  <testcase name="autoDecimalTest[597]" classname="org.bitcoinj.utils.BtcFormatTest" time="0.0"/>
  <testcase name="symbolCollisionTest[597]" classname="org.bitcoinj.utils.BtcFormatTest" time="0.001"/>
  <testcase name="equalityTest[597]" classname="org.bitcoinj.utils.BtcFormatTest" time="0.002"/>
  <testcase name="columnAlignmentTest[597]" classname="org.bitcoinj.utils.BtcFormatTest" time="0.0"/>
  <testcase name="factoryTest[597]" classname="org.bitcoinj.utils.BtcFormatTest" time="0.001"/>
  <testcase name="parse[597]" classname="org.bitcoinj.utils.BtcFormatTest" time="0.0"/>
  <testcase name="btcRounding[597]" classname="org.bitcoinj.utils.BtcFormatTest" time="0.001"/>
  <testcase name="negativeTest[597]" classname="org.bitcoinj.utils.BtcFormatTest" time="0.0">
    <skipped/>
  </testcase>
  <testcase name="millicoinScaleTest[597]" classname="org.bitcoinj.utils.BtcFormatTest" time="0.0"/>
  <testcase name="toStringTest[597]" classname="org.bitcoinj.utils.BtcFormatTest" time="0.0">
    <skipped/>
  </testcase>
  <testcase name="testGrouping[597]" classname="org.bitcoinj.utils.BtcFormatTest" time="0.001"/>
  <testcase name="symbolsCodesTest[597]" classname="org.bitcoinj.utils.BtcFormatTest" time="0.001"/>
  <testcase name="defaultLocaleTest[597]" classname="org.bitcoinj.utils.BtcFormatTest" time="0.0"/>
  <testcase name="parsePositionTest[597]" classname="org.bitcoinj.utils.BtcFormatTest" time="0.0"/>
  <testcase name="argumentTypeTest[597]" classname="org.bitcoinj.utils.BtcFormatTest" time="0.0">
    <skipped/>
  </testcase>
  <testcase name="characterIteratorTest[597]" classname="org.bitcoinj.utils.BtcFormatTest" time="0.001"/>
  <testcase name="repeatingPlaceTest[597]" classname="org.bitcoinj.utils.BtcFormatTest" time="0.0"/>
  <testcase name="currencyCodeTest[597]" classname="org.bitcoinj.utils.BtcFormatTest" time="0.0">
    <skipped/>
  </testcase>
  <testcase name="patternDecimalPlaces[597]" classname="org.bitcoinj.utils.BtcFormatTest" time="0.0"/>
  <testcase name="factoryArgumentsTest[598]" classname="org.bitcoinj.utils.BtcFormatTest" time="0.001"/>
  <testcase name="parseTest[598]" classname="org.bitcoinj.utils.BtcFormatTest" time="0.0">
    <skipped/>
  </testcase>
  <testcase name="microcoinScaleTest[598]" classname="org.bitcoinj.utils.BtcFormatTest" time="0.0"/>
  <testcase name="parseMetricTest[598]" classname="org.bitcoinj.utils.BtcFormatTest" time="0.001"/>
  <testcase name="coinScaleTest[598]" classname="org.bitcoinj.utils.BtcFormatTest" time="0.0"/>
  <testcase name="builderTest[598]" classname="org.bitcoinj.utils.BtcFormatTest" time="0.0">
    <skipped/>
  </testcase>
  <testcase name="attributeTest[598]" classname="org.bitcoinj.utils.BtcFormatTest" time="0.0">
    <skipped/>
  </testcase>
  <testcase name="prefixTest[598]" classname="org.bitcoinj.utils.BtcFormatTest" time="0.001"/>
  <testcase name="suffixTest[598]" classname="org.bitcoinj.utils.BtcFormatTest" time="0.0">
    <skipped/>
  </testcase>
  <testcase name="autoDecimalTest[598]" classname="org.bitcoinj.utils.BtcFormatTest" time="0.0"/>
  <testcase name="symbolCollisionTest[598]" classname="org.bitcoinj.utils.BtcFormatTest" time="0.003"/>
  <testcase name="equalityTest[598]" classname="org.bitcoinj.utils.BtcFormatTest" time="0.002"/>
  <testcase name="columnAlignmentTest[598]" classname="org.bitcoinj.utils.BtcFormatTest" time="0.0"/>
  <testcase name="factoryTest[598]" classname="org.bitcoinj.utils.BtcFormatTest" time="0.001"/>
  <testcase name="parse[598]" classname="org.bitcoinj.utils.BtcFormatTest" time="0.0"/>
  <testcase name="btcRounding[598]" classname="org.bitcoinj.utils.BtcFormatTest" time="0.001"/>
  <testcase name="negativeTest[598]" classname="org.bitcoinj.utils.BtcFormatTest" time="0.0">
    <skipped/>
  </testcase>
  <testcase name="millicoinScaleTest[598]" classname="org.bitcoinj.utils.BtcFormatTest" time="0.0"/>
  <testcase name="toStringTest[598]" classname="org.bitcoinj.utils.BtcFormatTest" time="0.0">
    <skipped/>
  </testcase>
  <testcase name="testGrouping[598]" classname="org.bitcoinj.utils.BtcFormatTest" time="0.0"/>
  <testcase name="symbolsCodesTest[598]" classname="org.bitcoinj.utils.BtcFormatTest" time="0.001"/>
  <testcase name="defaultLocaleTest[598]" classname="org.bitcoinj.utils.BtcFormatTest" time="0.0"/>
  <testcase name="parsePositionTest[598]" classname="org.bitcoinj.utils.BtcFormatTest" time="0.0"/>
  <testcase name="argumentTypeTest[598]" classname="org.bitcoinj.utils.BtcFormatTest" time="0.0">
    <skipped/>
  </testcase>
  <testcase name="characterIteratorTest[598]" classname="org.bitcoinj.utils.BtcFormatTest" time="0.0"/>
  <testcase name="repeatingPlaceTest[598]" classname="org.bitcoinj.utils.BtcFormatTest" time="0.0"/>
  <testcase name="currencyCodeTest[598]" classname="org.bitcoinj.utils.BtcFormatTest" time="0.0">
    <skipped/>
  </testcase>
  <testcase name="patternDecimalPlaces[598]" classname="org.bitcoinj.utils.BtcFormatTest" time="0.0"/>
  <testcase name="factoryArgumentsTest[599]" classname="org.bitcoinj.utils.BtcFormatTest" time="0.001"/>
  <testcase name="parseTest[599]" classname="org.bitcoinj.utils.BtcFormatTest" time="0.0">
    <skipped/>
  </testcase>
  <testcase name="microcoinScaleTest[599]" classname="org.bitcoinj.utils.BtcFormatTest" time="0.001"/>
  <testcase name="parseMetricTest[599]" classname="org.bitcoinj.utils.BtcFormatTest" time="0.001"/>
  <testcase name="coinScaleTest[599]" classname="org.bitcoinj.utils.BtcFormatTest" time="0.0"/>
  <testcase name="builderTest[599]" classname="org.bitcoinj.utils.BtcFormatTest" time="0.0">
    <skipped/>
  </testcase>
  <testcase name="attributeTest[599]" classname="org.bitcoinj.utils.BtcFormatTest" time="0.0">
    <skipped/>
  </testcase>
  <testcase name="prefixTest[599]" classname="org.bitcoinj.utils.BtcFormatTest" time="0.0"/>
  <testcase name="suffixTest[599]" classname="org.bitcoinj.utils.BtcFormatTest" time="0.0">
    <skipped/>
  </testcase>
  <testcase name="autoDecimalTest[599]" classname="org.bitcoinj.utils.BtcFormatTest" time="0.001"/>
  <testcase name="symbolCollisionTest[599]" classname="org.bitcoinj.utils.BtcFormatTest" time="0.001"/>
  <testcase name="equalityTest[599]" classname="org.bitcoinj.utils.BtcFormatTest" time="0.001"/>
  <testcase name="columnAlignmentTest[599]" classname="org.bitcoinj.utils.BtcFormatTest" time="0.0"/>
  <testcase name="factoryTest[599]" classname="org.bitcoinj.utils.BtcFormatTest" time="0.0"/>
  <testcase name="parse[599]" classname="org.bitcoinj.utils.BtcFormatTest" time="0.0"/>
  <testcase name="btcRounding[599]" classname="org.bitcoinj.utils.BtcFormatTest" time="0.002"/>
  <testcase name="negativeTest[599]" classname="org.bitcoinj.utils.BtcFormatTest" time="0.0">
    <skipped/>
  </testcase>
  <testcase name="millicoinScaleTest[599]" classname="org.bitcoinj.utils.BtcFormatTest" time="0.0"/>
  <testcase name="toStringTest[599]" classname="org.bitcoinj.utils.BtcFormatTest" time="0.0">
    <skipped/>
  </testcase>
  <testcase name="testGrouping[599]" classname="org.bitcoinj.utils.BtcFormatTest" time="0.0"/>
  <testcase name="symbolsCodesTest[599]" classname="org.bitcoinj.utils.BtcFormatTest" time="0.0"/>
  <testcase name="defaultLocaleTest[599]" classname="org.bitcoinj.utils.BtcFormatTest" time="0.0"/>
  <testcase name="parsePositionTest[599]" classname="org.bitcoinj.utils.BtcFormatTest" time="0.001"/>
  <testcase name="argumentTypeTest[599]" classname="org.bitcoinj.utils.BtcFormatTest" time="0.0">
    <skipped/>
  </testcase>
  <testcase name="characterIteratorTest[599]" classname="org.bitcoinj.utils.BtcFormatTest" time="0.0"/>
  <testcase name="repeatingPlaceTest[599]" classname="org.bitcoinj.utils.BtcFormatTest" time="0.0"/>
  <testcase name="currencyCodeTest[599]" classname="org.bitcoinj.utils.BtcFormatTest" time="0.0">
    <skipped/>
  </testcase>
  <testcase name="patternDecimalPlaces[599]" classname="org.bitcoinj.utils.BtcFormatTest" time="0.0"/>
  <testcase name="factoryArgumentsTest[600]" classname="org.bitcoinj.utils.BtcFormatTest" time="0.003"/>
  <testcase name="parseTest[600]" classname="org.bitcoinj.utils.BtcFormatTest" time="0.0">
    <skipped/>
  </testcase>
  <testcase name="microcoinScaleTest[600]" classname="org.bitcoinj.utils.BtcFormatTest" time="0.001"/>
  <testcase name="parseMetricTest[600]" classname="org.bitcoinj.utils.BtcFormatTest" time="0.001"/>
  <testcase name="coinScaleTest[600]" classname="org.bitcoinj.utils.BtcFormatTest" time="0.0"/>
  <testcase name="builderTest[600]" classname="org.bitcoinj.utils.BtcFormatTest" time="0.0">
    <skipped/>
  </testcase>
  <testcase name="attributeTest[600]" classname="org.bitcoinj.utils.BtcFormatTest" time="0.0">
    <skipped/>
  </testcase>
  <testcase name="prefixTest[600]" classname="org.bitcoinj.utils.BtcFormatTest" time="0.0"/>
  <testcase name="suffixTest[600]" classname="org.bitcoinj.utils.BtcFormatTest" time="0.0">
    <skipped/>
  </testcase>
  <testcase name="autoDecimalTest[600]" classname="org.bitcoinj.utils.BtcFormatTest" time="0.001"/>
  <testcase name="symbolCollisionTest[600]" classname="org.bitcoinj.utils.BtcFormatTest" time="0.002"/>
  <testcase name="equalityTest[600]" classname="org.bitcoinj.utils.BtcFormatTest" time="0.002"/>
  <testcase name="columnAlignmentTest[600]" classname="org.bitcoinj.utils.BtcFormatTest" time="0.0"/>
  <testcase name="factoryTest[600]" classname="org.bitcoinj.utils.BtcFormatTest" time="0.001"/>
  <testcase name="parse[600]" classname="org.bitcoinj.utils.BtcFormatTest" time="0.0"/>
  <testcase name="btcRounding[600]" classname="org.bitcoinj.utils.BtcFormatTest" time="0.001"/>
  <testcase name="negativeTest[600]" classname="org.bitcoinj.utils.BtcFormatTest" time="0.0">
    <skipped/>
  </testcase>
  <testcase name="millicoinScaleTest[600]" classname="org.bitcoinj.utils.BtcFormatTest" time="0.0"/>
  <testcase name="toStringTest[600]" classname="org.bitcoinj.utils.BtcFormatTest" time="0.0">
    <skipped/>
  </testcase>
  <testcase name="testGrouping[600]" classname="org.bitcoinj.utils.BtcFormatTest" time="0.001"/>
  <testcase name="symbolsCodesTest[600]" classname="org.bitcoinj.utils.BtcFormatTest" time="0.0"/>
  <testcase name="defaultLocaleTest[600]" classname="org.bitcoinj.utils.BtcFormatTest" time="0.0"/>
  <testcase name="parsePositionTest[600]" classname="org.bitcoinj.utils.BtcFormatTest" time="0.001"/>
  <testcase name="argumentTypeTest[600]" classname="org.bitcoinj.utils.BtcFormatTest" time="0.0">
    <skipped/>
  </testcase>
  <testcase name="characterIteratorTest[600]" classname="org.bitcoinj.utils.BtcFormatTest" time="0.0"/>
  <testcase name="repeatingPlaceTest[600]" classname="org.bitcoinj.utils.BtcFormatTest" time="0.0"/>
  <testcase name="currencyCodeTest[600]" classname="org.bitcoinj.utils.BtcFormatTest" time="0.0">
    <skipped/>
  </testcase>
  <testcase name="patternDecimalPlaces[600]" classname="org.bitcoinj.utils.BtcFormatTest" time="0.0"/>
  <testcase name="factoryArgumentsTest[601]" classname="org.bitcoinj.utils.BtcFormatTest" time="0.001"/>
  <testcase name="parseTest[601]" classname="org.bitcoinj.utils.BtcFormatTest" time="0.0">
    <skipped/>
  </testcase>
  <testcase name="microcoinScaleTest[601]" classname="org.bitcoinj.utils.BtcFormatTest" time="0.0"/>
  <testcase name="parseMetricTest[601]" classname="org.bitcoinj.utils.BtcFormatTest" time="0.001"/>
  <testcase name="coinScaleTest[601]" classname="org.bitcoinj.utils.BtcFormatTest" time="0.0"/>
  <testcase name="builderTest[601]" classname="org.bitcoinj.utils.BtcFormatTest" time="0.0">
    <skipped/>
  </testcase>
  <testcase name="attributeTest[601]" classname="org.bitcoinj.utils.BtcFormatTest" time="0.0">
    <skipped/>
  </testcase>
  <testcase name="prefixTest[601]" classname="org.bitcoinj.utils.BtcFormatTest" time="0.001"/>
  <testcase name="suffixTest[601]" classname="org.bitcoinj.utils.BtcFormatTest" time="0.0">
    <skipped/>
  </testcase>
  <testcase name="autoDecimalTest[601]" classname="org.bitcoinj.utils.BtcFormatTest" time="0.0"/>
  <testcase name="symbolCollisionTest[601]" classname="org.bitcoinj.utils.BtcFormatTest" time="0.002"/>
  <testcase name="equalityTest[601]" classname="org.bitcoinj.utils.BtcFormatTest" time="0.001"/>
  <testcase name="columnAlignmentTest[601]" classname="org.bitcoinj.utils.BtcFormatTest" time="0.001"/>
  <testcase name="factoryTest[601]" classname="org.bitcoinj.utils.BtcFormatTest" time="0.0"/>
  <testcase name="parse[601]" classname="org.bitcoinj.utils.BtcFormatTest" time="0.0"/>
  <testcase name="btcRounding[601]" classname="org.bitcoinj.utils.BtcFormatTest" time="0.001"/>
  <testcase name="negativeTest[601]" classname="org.bitcoinj.utils.BtcFormatTest" time="0.0">
    <skipped/>
  </testcase>
  <testcase name="millicoinScaleTest[601]" classname="org.bitcoinj.utils.BtcFormatTest" time="0.0"/>
  <testcase name="toStringTest[601]" classname="org.bitcoinj.utils.BtcFormatTest" time="0.0">
    <skipped/>
  </testcase>
  <testcase name="testGrouping[601]" classname="org.bitcoinj.utils.BtcFormatTest" time="0.0"/>
  <testcase name="symbolsCodesTest[601]" classname="org.bitcoinj.utils.BtcFormatTest" time="0.001"/>
  <testcase name="defaultLocaleTest[601]" classname="org.bitcoinj.utils.BtcFormatTest" time="0.0"/>
  <testcase name="parsePositionTest[601]" classname="org.bitcoinj.utils.BtcFormatTest" time="0.001"/>
  <testcase name="argumentTypeTest[601]" classname="org.bitcoinj.utils.BtcFormatTest" time="0.0">
    <skipped/>
  </testcase>
  <testcase name="characterIteratorTest[601]" classname="org.bitcoinj.utils.BtcFormatTest" time="0.0"/>
  <testcase name="repeatingPlaceTest[601]" classname="org.bitcoinj.utils.BtcFormatTest" time="0.0"/>
  <testcase name="currencyCodeTest[601]" classname="org.bitcoinj.utils.BtcFormatTest" time="0.0">
    <skipped/>
  </testcase>
  <testcase name="patternDecimalPlaces[601]" classname="org.bitcoinj.utils.BtcFormatTest" time="0.0"/>
  <testcase name="factoryArgumentsTest[602]" classname="org.bitcoinj.utils.BtcFormatTest" time="0.001"/>
  <testcase name="parseTest[602]" classname="org.bitcoinj.utils.BtcFormatTest" time="0.0">
    <skipped/>
  </testcase>
  <testcase name="microcoinScaleTest[602]" classname="org.bitcoinj.utils.BtcFormatTest" time="0.0"/>
  <testcase name="parseMetricTest[602]" classname="org.bitcoinj.utils.BtcFormatTest" time="0.001"/>
  <testcase name="coinScaleTest[602]" classname="org.bitcoinj.utils.BtcFormatTest" time="0.0"/>
  <testcase name="builderTest[602]" classname="org.bitcoinj.utils.BtcFormatTest" time="0.0">
    <skipped/>
  </testcase>
  <testcase name="attributeTest[602]" classname="org.bitcoinj.utils.BtcFormatTest" time="0.0">
    <skipped/>
  </testcase>
  <testcase name="prefixTest[602]" classname="org.bitcoinj.utils.BtcFormatTest" time="0.001"/>
  <testcase name="suffixTest[602]" classname="org.bitcoinj.utils.BtcFormatTest" time="0.0">
    <skipped/>
  </testcase>
  <testcase name="autoDecimalTest[602]" classname="org.bitcoinj.utils.BtcFormatTest" time="0.0"/>
  <testcase name="symbolCollisionTest[602]" classname="org.bitcoinj.utils.BtcFormatTest" time="0.002"/>
  <testcase name="equalityTest[602]" classname="org.bitcoinj.utils.BtcFormatTest" time="0.002"/>
  <testcase name="columnAlignmentTest[602]" classname="org.bitcoinj.utils.BtcFormatTest" time="0.0"/>
  <testcase name="factoryTest[602]" classname="org.bitcoinj.utils.BtcFormatTest" time="0.0"/>
  <testcase name="parse[602]" classname="org.bitcoinj.utils.BtcFormatTest" time="0.0"/>
  <testcase name="btcRounding[602]" classname="org.bitcoinj.utils.BtcFormatTest" time="0.001"/>
  <testcase name="negativeTest[602]" classname="org.bitcoinj.utils.BtcFormatTest" time="0.0">
    <skipped/>
  </testcase>
  <testcase name="millicoinScaleTest[602]" classname="org.bitcoinj.utils.BtcFormatTest" time="0.0"/>
  <testcase name="toStringTest[602]" classname="org.bitcoinj.utils.BtcFormatTest" time="0.0">
    <skipped/>
  </testcase>
  <testcase name="testGrouping[602]" classname="org.bitcoinj.utils.BtcFormatTest" time="0.001"/>
  <testcase name="symbolsCodesTest[602]" classname="org.bitcoinj.utils.BtcFormatTest" time="0.0"/>
  <testcase name="defaultLocaleTest[602]" classname="org.bitcoinj.utils.BtcFormatTest" time="0.0"/>
  <testcase name="parsePositionTest[602]" classname="org.bitcoinj.utils.BtcFormatTest" time="0.001"/>
  <testcase name="argumentTypeTest[602]" classname="org.bitcoinj.utils.BtcFormatTest" time="0.0">
    <skipped/>
  </testcase>
  <testcase name="characterIteratorTest[602]" classname="org.bitcoinj.utils.BtcFormatTest" time="0.0"/>
  <testcase name="repeatingPlaceTest[602]" classname="org.bitcoinj.utils.BtcFormatTest" time="0.0"/>
  <testcase name="currencyCodeTest[602]" classname="org.bitcoinj.utils.BtcFormatTest" time="0.0">
    <skipped/>
  </testcase>
  <testcase name="patternDecimalPlaces[602]" classname="org.bitcoinj.utils.BtcFormatTest" time="0.0"/>
  <testcase name="factoryArgumentsTest[603]" classname="org.bitcoinj.utils.BtcFormatTest" time="0.001"/>
  <testcase name="parseTest[603]" classname="org.bitcoinj.utils.BtcFormatTest" time="0.0">
    <skipped/>
  </testcase>
  <testcase name="microcoinScaleTest[603]" classname="org.bitcoinj.utils.BtcFormatTest" time="0.0"/>
  <testcase name="parseMetricTest[603]" classname="org.bitcoinj.utils.BtcFormatTest" time="0.001"/>
  <testcase name="coinScaleTest[603]" classname="org.bitcoinj.utils.BtcFormatTest" time="0.0"/>
  <testcase name="builderTest[603]" classname="org.bitcoinj.utils.BtcFormatTest" time="0.0">
    <skipped/>
  </testcase>
  <testcase name="attributeTest[603]" classname="org.bitcoinj.utils.BtcFormatTest" time="0.0">
    <skipped/>
  </testcase>
  <testcase name="prefixTest[603]" classname="org.bitcoinj.utils.BtcFormatTest" time="0.0"/>
  <testcase name="suffixTest[603]" classname="org.bitcoinj.utils.BtcFormatTest" time="0.0">
    <skipped/>
  </testcase>
  <testcase name="autoDecimalTest[603]" classname="org.bitcoinj.utils.BtcFormatTest" time="0.001"/>
  <testcase name="symbolCollisionTest[603]" classname="org.bitcoinj.utils.BtcFormatTest" time="0.001"/>
  <testcase name="equalityTest[603]" classname="org.bitcoinj.utils.BtcFormatTest" time="0.003"/>
  <testcase name="columnAlignmentTest[603]" classname="org.bitcoinj.utils.BtcFormatTest" time="0.001"/>
  <testcase name="factoryTest[603]" classname="org.bitcoinj.utils.BtcFormatTest" time="0.0"/>
  <testcase name="parse[603]" classname="org.bitcoinj.utils.BtcFormatTest" time="0.0"/>
  <testcase name="btcRounding[603]" classname="org.bitcoinj.utils.BtcFormatTest" time="0.001"/>
  <testcase name="negativeTest[603]" classname="org.bitcoinj.utils.BtcFormatTest" time="0.0">
    <skipped/>
  </testcase>
  <testcase name="millicoinScaleTest[603]" classname="org.bitcoinj.utils.BtcFormatTest" time="0.0"/>
  <testcase name="toStringTest[603]" classname="org.bitcoinj.utils.BtcFormatTest" time="0.0">
    <skipped/>
  </testcase>
  <testcase name="testGrouping[603]" classname="org.bitcoinj.utils.BtcFormatTest" time="0.001"/>
  <testcase name="symbolsCodesTest[603]" classname="org.bitcoinj.utils.BtcFormatTest" time="0.002"/>
  <testcase name="defaultLocaleTest[603]" classname="org.bitcoinj.utils.BtcFormatTest" time="0.0"/>
  <testcase name="parsePositionTest[603]" classname="org.bitcoinj.utils.BtcFormatTest" time="0.001"/>
  <testcase name="argumentTypeTest[603]" classname="org.bitcoinj.utils.BtcFormatTest" time="0.0">
    <skipped/>
  </testcase>
  <testcase name="characterIteratorTest[603]" classname="org.bitcoinj.utils.BtcFormatTest" time="0.0"/>
  <testcase name="repeatingPlaceTest[603]" classname="org.bitcoinj.utils.BtcFormatTest" time="0.0"/>
  <testcase name="currencyCodeTest[603]" classname="org.bitcoinj.utils.BtcFormatTest" time="0.0">
    <skipped/>
  </testcase>
  <testcase name="patternDecimalPlaces[603]" classname="org.bitcoinj.utils.BtcFormatTest" time="0.001"/>
  <testcase name="factoryArgumentsTest[604]" classname="org.bitcoinj.utils.BtcFormatTest" time="0.001"/>
  <testcase name="parseTest[604]" classname="org.bitcoinj.utils.BtcFormatTest" time="0.0">
    <skipped/>
  </testcase>
  <testcase name="microcoinScaleTest[604]" classname="org.bitcoinj.utils.BtcFormatTest" time="0.0"/>
  <testcase name="parseMetricTest[604]" classname="org.bitcoinj.utils.BtcFormatTest" time="0.002"/>
  <testcase name="coinScaleTest[604]" classname="org.bitcoinj.utils.BtcFormatTest" time="0.0"/>
  <testcase name="builderTest[604]" classname="org.bitcoinj.utils.BtcFormatTest" time="0.0">
    <skipped/>
  </testcase>
  <testcase name="attributeTest[604]" classname="org.bitcoinj.utils.BtcFormatTest" time="0.0">
    <skipped/>
  </testcase>
  <testcase name="prefixTest[604]" classname="org.bitcoinj.utils.BtcFormatTest" time="0.0"/>
  <testcase name="suffixTest[604]" classname="org.bitcoinj.utils.BtcFormatTest" time="0.0">
    <skipped/>
  </testcase>
  <testcase name="autoDecimalTest[604]" classname="org.bitcoinj.utils.BtcFormatTest" time="0.001"/>
  <testcase name="symbolCollisionTest[604]" classname="org.bitcoinj.utils.BtcFormatTest" time="0.003"/>
  <testcase name="equalityTest[604]" classname="org.bitcoinj.utils.BtcFormatTest" time="0.001"/>
  <testcase name="columnAlignmentTest[604]" classname="org.bitcoinj.utils.BtcFormatTest" time="0.0"/>
  <testcase name="factoryTest[604]" classname="org.bitcoinj.utils.BtcFormatTest" time="0.001"/>
  <testcase name="parse[604]" classname="org.bitcoinj.utils.BtcFormatTest" time="0.0"/>
  <testcase name="btcRounding[604]" classname="org.bitcoinj.utils.BtcFormatTest" time="0.001"/>
  <testcase name="negativeTest[604]" classname="org.bitcoinj.utils.BtcFormatTest" time="0.0">
    <skipped/>
  </testcase>
  <testcase name="millicoinScaleTest[604]" classname="org.bitcoinj.utils.BtcFormatTest" time="0.0"/>
  <testcase name="toStringTest[604]" classname="org.bitcoinj.utils.BtcFormatTest" time="0.0">
    <skipped/>
  </testcase>
  <testcase name="testGrouping[604]" classname="org.bitcoinj.utils.BtcFormatTest" time="0.0"/>
  <testcase name="symbolsCodesTest[604]" classname="org.bitcoinj.utils.BtcFormatTest" time="0.001"/>
  <testcase name="defaultLocaleTest[604]" classname="org.bitcoinj.utils.BtcFormatTest" time="0.0"/>
  <testcase name="parsePositionTest[604]" classname="org.bitcoinj.utils.BtcFormatTest" time="0.0"/>
  <testcase name="argumentTypeTest[604]" classname="org.bitcoinj.utils.BtcFormatTest" time="0.0">
    <skipped/>
  </testcase>
  <testcase name="characterIteratorTest[604]" classname="org.bitcoinj.utils.BtcFormatTest" time="0.002"/>
  <testcase name="repeatingPlaceTest[604]" classname="org.bitcoinj.utils.BtcFormatTest" time="0.001"/>
  <testcase name="currencyCodeTest[604]" classname="org.bitcoinj.utils.BtcFormatTest" time="0.0">
    <skipped/>
  </testcase>
  <testcase name="patternDecimalPlaces[604]" classname="org.bitcoinj.utils.BtcFormatTest" time="0.0"/>
  <testcase name="factoryArgumentsTest[605]" classname="org.bitcoinj.utils.BtcFormatTest" time="0.001"/>
  <testcase name="parseTest[605]" classname="org.bitcoinj.utils.BtcFormatTest" time="0.0">
    <skipped/>
  </testcase>
  <testcase name="microcoinScaleTest[605]" classname="org.bitcoinj.utils.BtcFormatTest" time="0.0"/>
  <testcase name="parseMetricTest[605]" classname="org.bitcoinj.utils.BtcFormatTest" time="0.002"/>
  <testcase name="coinScaleTest[605]" classname="org.bitcoinj.utils.BtcFormatTest" time="0.0"/>
  <testcase name="builderTest[605]" classname="org.bitcoinj.utils.BtcFormatTest" time="0.0">
    <skipped/>
  </testcase>
  <testcase name="attributeTest[605]" classname="org.bitcoinj.utils.BtcFormatTest" time="0.0">
    <skipped/>
  </testcase>
  <testcase name="prefixTest[605]" classname="org.bitcoinj.utils.BtcFormatTest" time="0.0"/>
  <testcase name="suffixTest[605]" classname="org.bitcoinj.utils.BtcFormatTest" time="0.0">
    <skipped/>
  </testcase>
  <testcase name="autoDecimalTest[605]" classname="org.bitcoinj.utils.BtcFormatTest" time="0.001"/>
  <testcase name="symbolCollisionTest[605]" classname="org.bitcoinj.utils.BtcFormatTest" time="0.001"/>
  <testcase name="equalityTest[605]" classname="org.bitcoinj.utils.BtcFormatTest" time="0.002"/>
  <testcase name="columnAlignmentTest[605]" classname="org.bitcoinj.utils.BtcFormatTest" time="0.0"/>
  <testcase name="factoryTest[605]" classname="org.bitcoinj.utils.BtcFormatTest" time="0.0"/>
  <testcase name="parse[605]" classname="org.bitcoinj.utils.BtcFormatTest" time="0.001"/>
  <testcase name="btcRounding[605]" classname="org.bitcoinj.utils.BtcFormatTest" time="0.001"/>
  <testcase name="negativeTest[605]" classname="org.bitcoinj.utils.BtcFormatTest" time="0.0">
    <skipped/>
  </testcase>
  <testcase name="millicoinScaleTest[605]" classname="org.bitcoinj.utils.BtcFormatTest" time="0.0"/>
  <testcase name="toStringTest[605]" classname="org.bitcoinj.utils.BtcFormatTest" time="0.0">
    <skipped/>
  </testcase>
  <testcase name="testGrouping[605]" classname="org.bitcoinj.utils.BtcFormatTest" time="0.0"/>
  <testcase name="symbolsCodesTest[605]" classname="org.bitcoinj.utils.BtcFormatTest" time="0.001"/>
  <testcase name="defaultLocaleTest[605]" classname="org.bitcoinj.utils.BtcFormatTest" time="0.0"/>
  <testcase name="parsePositionTest[605]" classname="org.bitcoinj.utils.BtcFormatTest" time="0.0"/>
  <testcase name="argumentTypeTest[605]" classname="org.bitcoinj.utils.BtcFormatTest" time="0.0">
    <skipped/>
  </testcase>
  <testcase name="characterIteratorTest[605]" classname="org.bitcoinj.utils.BtcFormatTest" time="0.0"/>
  <testcase name="repeatingPlaceTest[605]" classname="org.bitcoinj.utils.BtcFormatTest" time="0.001"/>
  <testcase name="currencyCodeTest[605]" classname="org.bitcoinj.utils.BtcFormatTest" time="0.0">
    <skipped/>
  </testcase>
  <testcase name="patternDecimalPlaces[605]" classname="org.bitcoinj.utils.BtcFormatTest" time="0.0"/>
  <testcase name="factoryArgumentsTest[606]" classname="org.bitcoinj.utils.BtcFormatTest" time="0.0"/>
  <testcase name="parseTest[606]" classname="org.bitcoinj.utils.BtcFormatTest" time="0.0">
    <skipped/>
  </testcase>
  <testcase name="microcoinScaleTest[606]" classname="org.bitcoinj.utils.BtcFormatTest" time="0.0"/>
  <testcase name="parseMetricTest[606]" classname="org.bitcoinj.utils.BtcFormatTest" time="0.001"/>
  <testcase name="coinScaleTest[606]" classname="org.bitcoinj.utils.BtcFormatTest" time="0.0"/>
  <testcase name="builderTest[606]" classname="org.bitcoinj.utils.BtcFormatTest" time="0.0">
    <skipped/>
  </testcase>
  <testcase name="attributeTest[606]" classname="org.bitcoinj.utils.BtcFormatTest" time="0.0">
    <skipped/>
  </testcase>
  <testcase name="prefixTest[606]" classname="org.bitcoinj.utils.BtcFormatTest" time="0.0"/>
  <testcase name="suffixTest[606]" classname="org.bitcoinj.utils.BtcFormatTest" time="0.0">
    <skipped/>
  </testcase>
  <testcase name="autoDecimalTest[606]" classname="org.bitcoinj.utils.BtcFormatTest" time="0.001"/>
  <testcase name="symbolCollisionTest[606]" classname="org.bitcoinj.utils.BtcFormatTest" time="0.002"/>
  <testcase name="equalityTest[606]" classname="org.bitcoinj.utils.BtcFormatTest" time="0.001"/>
  <testcase name="columnAlignmentTest[606]" classname="org.bitcoinj.utils.BtcFormatTest" time="0.001"/>
  <testcase name="factoryTest[606]" classname="org.bitcoinj.utils.BtcFormatTest" time="0.0"/>
  <testcase name="parse[606]" classname="org.bitcoinj.utils.BtcFormatTest" time="0.0"/>
  <testcase name="btcRounding[606]" classname="org.bitcoinj.utils.BtcFormatTest" time="0.002"/>
  <testcase name="negativeTest[606]" classname="org.bitcoinj.utils.BtcFormatTest" time="0.0">
    <skipped/>
  </testcase>
  <testcase name="millicoinScaleTest[606]" classname="org.bitcoinj.utils.BtcFormatTest" time="0.0"/>
  <testcase name="toStringTest[606]" classname="org.bitcoinj.utils.BtcFormatTest" time="0.0">
    <skipped/>
  </testcase>
  <testcase name="testGrouping[606]" classname="org.bitcoinj.utils.BtcFormatTest" time="0.001"/>
  <testcase name="symbolsCodesTest[606]" classname="org.bitcoinj.utils.BtcFormatTest" time="0.001"/>
  <testcase name="defaultLocaleTest[606]" classname="org.bitcoinj.utils.BtcFormatTest" time="0.0"/>
  <testcase name="parsePositionTest[606]" classname="org.bitcoinj.utils.BtcFormatTest" time="0.001"/>
  <testcase name="argumentTypeTest[606]" classname="org.bitcoinj.utils.BtcFormatTest" time="0.0">
    <skipped/>
  </testcase>
  <testcase name="characterIteratorTest[606]" classname="org.bitcoinj.utils.BtcFormatTest" time="0.0"/>
  <testcase name="repeatingPlaceTest[606]" classname="org.bitcoinj.utils.BtcFormatTest" time="0.0"/>
  <testcase name="currencyCodeTest[606]" classname="org.bitcoinj.utils.BtcFormatTest" time="0.0">
    <skipped/>
  </testcase>
  <testcase name="patternDecimalPlaces[606]" classname="org.bitcoinj.utils.BtcFormatTest" time="0.001"/>
  <testcase name="factoryArgumentsTest[607]" classname="org.bitcoinj.utils.BtcFormatTest" time="0.001"/>
  <testcase name="parseTest[607]" classname="org.bitcoinj.utils.BtcFormatTest" time="0.0">
    <skipped/>
  </testcase>
  <testcase name="microcoinScaleTest[607]" classname="org.bitcoinj.utils.BtcFormatTest" time="0.0"/>
  <testcase name="parseMetricTest[607]" classname="org.bitcoinj.utils.BtcFormatTest" time="0.001"/>
  <testcase name="coinScaleTest[607]" classname="org.bitcoinj.utils.BtcFormatTest" time="0.0"/>
  <testcase name="builderTest[607]" classname="org.bitcoinj.utils.BtcFormatTest" time="0.0">
    <skipped/>
  </testcase>
  <testcase name="attributeTest[607]" classname="org.bitcoinj.utils.BtcFormatTest" time="0.0">
    <skipped/>
  </testcase>
  <testcase name="prefixTest[607]" classname="org.bitcoinj.utils.BtcFormatTest" time="0.0"/>
  <testcase name="suffixTest[607]" classname="org.bitcoinj.utils.BtcFormatTest" time="0.0">
    <skipped/>
  </testcase>
  <testcase name="autoDecimalTest[607]" classname="org.bitcoinj.utils.BtcFormatTest" time="0.002"/>
  <testcase name="symbolCollisionTest[607]" classname="org.bitcoinj.utils.BtcFormatTest" time="0.004"/>
  <testcase name="equalityTest[607]" classname="org.bitcoinj.utils.BtcFormatTest" time="0.003"/>
  <testcase name="columnAlignmentTest[607]" classname="org.bitcoinj.utils.BtcFormatTest" time="0.0"/>
  <testcase name="factoryTest[607]" classname="org.bitcoinj.utils.BtcFormatTest" time="0.0"/>
  <testcase name="parse[607]" classname="org.bitcoinj.utils.BtcFormatTest" time="0.0"/>
  <testcase name="btcRounding[607]" classname="org.bitcoinj.utils.BtcFormatTest" time="0.002"/>
  <testcase name="negativeTest[607]" classname="org.bitcoinj.utils.BtcFormatTest" time="0.0">
    <skipped/>
  </testcase>
  <testcase name="millicoinScaleTest[607]" classname="org.bitcoinj.utils.BtcFormatTest" time="0.0"/>
  <testcase name="toStringTest[607]" classname="org.bitcoinj.utils.BtcFormatTest" time="0.0">
    <skipped/>
  </testcase>
  <testcase name="testGrouping[607]" classname="org.bitcoinj.utils.BtcFormatTest" time="0.0"/>
  <testcase name="symbolsCodesTest[607]" classname="org.bitcoinj.utils.BtcFormatTest" time="0.001"/>
  <testcase name="defaultLocaleTest[607]" classname="org.bitcoinj.utils.BtcFormatTest" time="0.0"/>
  <testcase name="parsePositionTest[607]" classname="org.bitcoinj.utils.BtcFormatTest" time="0.0"/>
  <testcase name="argumentTypeTest[607]" classname="org.bitcoinj.utils.BtcFormatTest" time="0.0">
    <skipped/>
  </testcase>
  <testcase name="characterIteratorTest[607]" classname="org.bitcoinj.utils.BtcFormatTest" time="0.0"/>
  <testcase name="repeatingPlaceTest[607]" classname="org.bitcoinj.utils.BtcFormatTest" time="0.001"/>
  <testcase name="currencyCodeTest[607]" classname="org.bitcoinj.utils.BtcFormatTest" time="0.0">
    <skipped/>
  </testcase>
  <testcase name="patternDecimalPlaces[607]" classname="org.bitcoinj.utils.BtcFormatTest" time="0.0"/>
  <testcase name="factoryArgumentsTest[608]" classname="org.bitcoinj.utils.BtcFormatTest" time="0.003"/>
  <testcase name="parseTest[608]" classname="org.bitcoinj.utils.BtcFormatTest" time="0.0">
    <skipped/>
  </testcase>
  <testcase name="microcoinScaleTest[608]" classname="org.bitcoinj.utils.BtcFormatTest" time="0.0"/>
  <testcase name="parseMetricTest[608]" classname="org.bitcoinj.utils.BtcFormatTest" time="0.001"/>
  <testcase name="coinScaleTest[608]" classname="org.bitcoinj.utils.BtcFormatTest" time="0.0"/>
  <testcase name="builderTest[608]" classname="org.bitcoinj.utils.BtcFormatTest" time="0.0">
    <skipped/>
  </testcase>
  <testcase name="attributeTest[608]" classname="org.bitcoinj.utils.BtcFormatTest" time="0.0">
    <skipped/>
  </testcase>
  <testcase name="prefixTest[608]" classname="org.bitcoinj.utils.BtcFormatTest" time="0.001"/>
  <testcase name="suffixTest[608]" classname="org.bitcoinj.utils.BtcFormatTest" time="0.0">
    <skipped/>
  </testcase>
  <testcase name="autoDecimalTest[608]" classname="org.bitcoinj.utils.BtcFormatTest" time="0.001"/>
  <testcase name="symbolCollisionTest[608]" classname="org.bitcoinj.utils.BtcFormatTest" time="0.001"/>
  <testcase name="equalityTest[608]" classname="org.bitcoinj.utils.BtcFormatTest" time="0.002"/>
  <testcase name="columnAlignmentTest[608]" classname="org.bitcoinj.utils.BtcFormatTest" time="0.0"/>
  <testcase name="factoryTest[608]" classname="org.bitcoinj.utils.BtcFormatTest" time="0.0"/>
  <testcase name="parse[608]" classname="org.bitcoinj.utils.BtcFormatTest" time="0.001"/>
  <testcase name="btcRounding[608]" classname="org.bitcoinj.utils.BtcFormatTest" time="0.001"/>
  <testcase name="negativeTest[608]" classname="org.bitcoinj.utils.BtcFormatTest" time="0.0">
    <skipped/>
  </testcase>
  <testcase name="millicoinScaleTest[608]" classname="org.bitcoinj.utils.BtcFormatTest" time="0.0"/>
  <testcase name="toStringTest[608]" classname="org.bitcoinj.utils.BtcFormatTest" time="0.0">
    <skipped/>
  </testcase>
  <testcase name="testGrouping[608]" classname="org.bitcoinj.utils.BtcFormatTest" time="0.0"/>
  <testcase name="symbolsCodesTest[608]" classname="org.bitcoinj.utils.BtcFormatTest" time="0.001"/>
  <testcase name="defaultLocaleTest[608]" classname="org.bitcoinj.utils.BtcFormatTest" time="0.0"/>
  <testcase name="parsePositionTest[608]" classname="org.bitcoinj.utils.BtcFormatTest" time="0.0"/>
  <testcase name="argumentTypeTest[608]" classname="org.bitcoinj.utils.BtcFormatTest" time="0.0">
    <skipped/>
  </testcase>
  <testcase name="characterIteratorTest[608]" classname="org.bitcoinj.utils.BtcFormatTest" time="0.001"/>
  <testcase name="repeatingPlaceTest[608]" classname="org.bitcoinj.utils.BtcFormatTest" time="0.0"/>
  <testcase name="currencyCodeTest[608]" classname="org.bitcoinj.utils.BtcFormatTest" time="0.0">
    <skipped/>
  </testcase>
  <testcase name="patternDecimalPlaces[608]" classname="org.bitcoinj.utils.BtcFormatTest" time="0.0"/>
  <testcase name="factoryArgumentsTest[609]" classname="org.bitcoinj.utils.BtcFormatTest" time="0.001"/>
  <testcase name="parseTest[609]" classname="org.bitcoinj.utils.BtcFormatTest" time="0.0">
    <skipped/>
  </testcase>
  <testcase name="microcoinScaleTest[609]" classname="org.bitcoinj.utils.BtcFormatTest" time="0.0"/>
  <testcase name="parseMetricTest[609]" classname="org.bitcoinj.utils.BtcFormatTest" time="0.001"/>
  <testcase name="coinScaleTest[609]" classname="org.bitcoinj.utils.BtcFormatTest" time="0.0"/>
  <testcase name="builderTest[609]" classname="org.bitcoinj.utils.BtcFormatTest" time="0.0">
    <skipped/>
  </testcase>
  <testcase name="attributeTest[609]" classname="org.bitcoinj.utils.BtcFormatTest" time="0.0">
    <skipped/>
  </testcase>
  <testcase name="prefixTest[609]" classname="org.bitcoinj.utils.BtcFormatTest" time="0.001"/>
  <testcase name="suffixTest[609]" classname="org.bitcoinj.utils.BtcFormatTest" time="0.0">
    <skipped/>
  </testcase>
  <testcase name="autoDecimalTest[609]" classname="org.bitcoinj.utils.BtcFormatTest" time="0.0"/>
  <testcase name="symbolCollisionTest[609]" classname="org.bitcoinj.utils.BtcFormatTest" time="0.002"/>
  <testcase name="equalityTest[609]" classname="org.bitcoinj.utils.BtcFormatTest" time="0.002"/>
  <testcase name="columnAlignmentTest[609]" classname="org.bitcoinj.utils.BtcFormatTest" time="0.0"/>
  <testcase name="factoryTest[609]" classname="org.bitcoinj.utils.BtcFormatTest" time="0.001"/>
  <testcase name="parse[609]" classname="org.bitcoinj.utils.BtcFormatTest" time="0.0"/>
  <testcase name="btcRounding[609]" classname="org.bitcoinj.utils.BtcFormatTest" time="0.001"/>
  <testcase name="negativeTest[609]" classname="org.bitcoinj.utils.BtcFormatTest" time="0.0">
    <skipped/>
  </testcase>
  <testcase name="millicoinScaleTest[609]" classname="org.bitcoinj.utils.BtcFormatTest" time="0.0"/>
  <testcase name="toStringTest[609]" classname="org.bitcoinj.utils.BtcFormatTest" time="0.0">
    <skipped/>
  </testcase>
  <testcase name="testGrouping[609]" classname="org.bitcoinj.utils.BtcFormatTest" time="0.0"/>
  <testcase name="symbolsCodesTest[609]" classname="org.bitcoinj.utils.BtcFormatTest" time="0.001"/>
  <testcase name="defaultLocaleTest[609]" classname="org.bitcoinj.utils.BtcFormatTest" time="0.0"/>
  <testcase name="parsePositionTest[609]" classname="org.bitcoinj.utils.BtcFormatTest" time="0.0"/>
  <testcase name="argumentTypeTest[609]" classname="org.bitcoinj.utils.BtcFormatTest" time="0.0">
    <skipped/>
  </testcase>
  <testcase name="characterIteratorTest[609]" classname="org.bitcoinj.utils.BtcFormatTest" time="0.001"/>
  <testcase name="repeatingPlaceTest[609]" classname="org.bitcoinj.utils.BtcFormatTest" time="0.0"/>
  <testcase name="currencyCodeTest[609]" classname="org.bitcoinj.utils.BtcFormatTest" time="0.0">
    <skipped/>
  </testcase>
  <testcase name="patternDecimalPlaces[609]" classname="org.bitcoinj.utils.BtcFormatTest" time="0.0"/>
  <testcase name="factoryArgumentsTest[610]" classname="org.bitcoinj.utils.BtcFormatTest" time="0.002"/>
  <testcase name="parseTest[610]" classname="org.bitcoinj.utils.BtcFormatTest" time="0.0">
    <skipped/>
  </testcase>
  <testcase name="microcoinScaleTest[610]" classname="org.bitcoinj.utils.BtcFormatTest" time="0.001"/>
  <testcase name="parseMetricTest[610]" classname="org.bitcoinj.utils.BtcFormatTest" time="0.001"/>
  <testcase name="coinScaleTest[610]" classname="org.bitcoinj.utils.BtcFormatTest" time="0.0"/>
  <testcase name="builderTest[610]" classname="org.bitcoinj.utils.BtcFormatTest" time="0.0">
    <skipped/>
  </testcase>
  <testcase name="attributeTest[610]" classname="org.bitcoinj.utils.BtcFormatTest" time="0.0">
    <skipped/>
  </testcase>
  <testcase name="prefixTest[610]" classname="org.bitcoinj.utils.BtcFormatTest" time="0.001"/>
  <testcase name="suffixTest[610]" classname="org.bitcoinj.utils.BtcFormatTest" time="0.0">
    <skipped/>
  </testcase>
  <testcase name="autoDecimalTest[610]" classname="org.bitcoinj.utils.BtcFormatTest" time="0.0"/>
  <testcase name="symbolCollisionTest[610]" classname="org.bitcoinj.utils.BtcFormatTest" time="0.002"/>
  <testcase name="equalityTest[610]" classname="org.bitcoinj.utils.BtcFormatTest" time="0.002"/>
  <testcase name="columnAlignmentTest[610]" classname="org.bitcoinj.utils.BtcFormatTest" time="0.0"/>
  <testcase name="factoryTest[610]" classname="org.bitcoinj.utils.BtcFormatTest" time="0.0"/>
  <testcase name="parse[610]" classname="org.bitcoinj.utils.BtcFormatTest" time="0.0"/>
  <testcase name="btcRounding[610]" classname="org.bitcoinj.utils.BtcFormatTest" time="0.002"/>
  <testcase name="negativeTest[610]" classname="org.bitcoinj.utils.BtcFormatTest" time="0.0">
    <skipped/>
  </testcase>
  <testcase name="millicoinScaleTest[610]" classname="org.bitcoinj.utils.BtcFormatTest" time="0.0"/>
  <testcase name="toStringTest[610]" classname="org.bitcoinj.utils.BtcFormatTest" time="0.0">
    <skipped/>
  </testcase>
  <testcase name="testGrouping[610]" classname="org.bitcoinj.utils.BtcFormatTest" time="0.0"/>
  <testcase name="symbolsCodesTest[610]" classname="org.bitcoinj.utils.BtcFormatTest" time="0.001"/>
  <testcase name="defaultLocaleTest[610]" classname="org.bitcoinj.utils.BtcFormatTest" time="0.0"/>
  <testcase name="parsePositionTest[610]" classname="org.bitcoinj.utils.BtcFormatTest" time="0.0"/>
  <testcase name="argumentTypeTest[610]" classname="org.bitcoinj.utils.BtcFormatTest" time="0.0">
    <skipped/>
  </testcase>
  <testcase name="characterIteratorTest[610]" classname="org.bitcoinj.utils.BtcFormatTest" time="0.0"/>
  <testcase name="repeatingPlaceTest[610]" classname="org.bitcoinj.utils.BtcFormatTest" time="0.001"/>
  <testcase name="currencyCodeTest[610]" classname="org.bitcoinj.utils.BtcFormatTest" time="0.0">
    <skipped/>
  </testcase>
  <testcase name="patternDecimalPlaces[610]" classname="org.bitcoinj.utils.BtcFormatTest" time="0.0"/>
  <testcase name="factoryArgumentsTest[611]" classname="org.bitcoinj.utils.BtcFormatTest" time="0.001"/>
  <testcase name="parseTest[611]" classname="org.bitcoinj.utils.BtcFormatTest" time="0.0">
    <skipped/>
  </testcase>
  <testcase name="microcoinScaleTest[611]" classname="org.bitcoinj.utils.BtcFormatTest" time="0.0"/>
  <testcase name="parseMetricTest[611]" classname="org.bitcoinj.utils.BtcFormatTest" time="0.001"/>
  <testcase name="coinScaleTest[611]" classname="org.bitcoinj.utils.BtcFormatTest" time="0.0"/>
  <testcase name="builderTest[611]" classname="org.bitcoinj.utils.BtcFormatTest" time="0.0">
    <skipped/>
  </testcase>
  <testcase name="attributeTest[611]" classname="org.bitcoinj.utils.BtcFormatTest" time="0.0">
    <skipped/>
  </testcase>
  <testcase name="prefixTest[611]" classname="org.bitcoinj.utils.BtcFormatTest" time="0.0"/>
  <testcase name="suffixTest[611]" classname="org.bitcoinj.utils.BtcFormatTest" time="0.0">
    <skipped/>
  </testcase>
  <testcase name="autoDecimalTest[611]" classname="org.bitcoinj.utils.BtcFormatTest" time="0.001"/>
  <testcase name="symbolCollisionTest[611]" classname="org.bitcoinj.utils.BtcFormatTest" time="0.001"/>
  <testcase name="equalityTest[611]" classname="org.bitcoinj.utils.BtcFormatTest" time="0.002"/>
  <testcase name="columnAlignmentTest[611]" classname="org.bitcoinj.utils.BtcFormatTest" time="0.0"/>
  <testcase name="factoryTest[611]" classname="org.bitcoinj.utils.BtcFormatTest" time="0.0"/>
  <testcase name="parse[611]" classname="org.bitcoinj.utils.BtcFormatTest" time="0.0"/>
  <testcase name="btcRounding[611]" classname="org.bitcoinj.utils.BtcFormatTest" time="0.001"/>
  <testcase name="negativeTest[611]" classname="org.bitcoinj.utils.BtcFormatTest" time="0.0">
    <skipped/>
  </testcase>
  <testcase name="millicoinScaleTest[611]" classname="org.bitcoinj.utils.BtcFormatTest" time="0.0"/>
  <testcase name="toStringTest[611]" classname="org.bitcoinj.utils.BtcFormatTest" time="0.0">
    <skipped/>
  </testcase>
  <testcase name="testGrouping[611]" classname="org.bitcoinj.utils.BtcFormatTest" time="0.0"/>
  <testcase name="symbolsCodesTest[611]" classname="org.bitcoinj.utils.BtcFormatTest" time="0.001"/>
  <testcase name="defaultLocaleTest[611]" classname="org.bitcoinj.utils.BtcFormatTest" time="0.0"/>
  <testcase name="parsePositionTest[611]" classname="org.bitcoinj.utils.BtcFormatTest" time="0.0"/>
  <testcase name="argumentTypeTest[611]" classname="org.bitcoinj.utils.BtcFormatTest" time="0.0">
    <skipped/>
  </testcase>
  <testcase name="characterIteratorTest[611]" classname="org.bitcoinj.utils.BtcFormatTest" time="0.0"/>
  <testcase name="repeatingPlaceTest[611]" classname="org.bitcoinj.utils.BtcFormatTest" time="0.001"/>
  <testcase name="currencyCodeTest[611]" classname="org.bitcoinj.utils.BtcFormatTest" time="0.0">
    <skipped/>
  </testcase>
  <testcase name="patternDecimalPlaces[611]" classname="org.bitcoinj.utils.BtcFormatTest" time="0.0"/>
  <testcase name="factoryArgumentsTest[612]" classname="org.bitcoinj.utils.BtcFormatTest" time="0.001"/>
  <testcase name="parseTest[612]" classname="org.bitcoinj.utils.BtcFormatTest" time="0.0">
    <skipped/>
  </testcase>
  <testcase name="microcoinScaleTest[612]" classname="org.bitcoinj.utils.BtcFormatTest" time="0.0"/>
  <testcase name="parseMetricTest[612]" classname="org.bitcoinj.utils.BtcFormatTest" time="0.001"/>
  <testcase name="coinScaleTest[612]" classname="org.bitcoinj.utils.BtcFormatTest" time="0.001"/>
  <testcase name="builderTest[612]" classname="org.bitcoinj.utils.BtcFormatTest" time="0.0">
    <skipped/>
  </testcase>
  <testcase name="attributeTest[612]" classname="org.bitcoinj.utils.BtcFormatTest" time="0.0">
    <skipped/>
  </testcase>
  <testcase name="prefixTest[612]" classname="org.bitcoinj.utils.BtcFormatTest" time="0.0"/>
  <testcase name="suffixTest[612]" classname="org.bitcoinj.utils.BtcFormatTest" time="0.0">
    <skipped/>
  </testcase>
  <testcase name="autoDecimalTest[612]" classname="org.bitcoinj.utils.BtcFormatTest" time="0.001"/>
  <testcase name="symbolCollisionTest[612]" classname="org.bitcoinj.utils.BtcFormatTest" time="0.001"/>
  <testcase name="equalityTest[612]" classname="org.bitcoinj.utils.BtcFormatTest" time="0.001"/>
  <testcase name="columnAlignmentTest[612]" classname="org.bitcoinj.utils.BtcFormatTest" time="0.001"/>
  <testcase name="factoryTest[612]" classname="org.bitcoinj.utils.BtcFormatTest" time="0.0"/>
  <testcase name="parse[612]" classname="org.bitcoinj.utils.BtcFormatTest" time="0.0"/>
  <testcase name="btcRounding[612]" classname="org.bitcoinj.utils.BtcFormatTest" time="0.003"/>
  <testcase name="negativeTest[612]" classname="org.bitcoinj.utils.BtcFormatTest" time="0.0">
    <skipped/>
  </testcase>
  <testcase name="millicoinScaleTest[612]" classname="org.bitcoinj.utils.BtcFormatTest" time="0.0"/>
  <testcase name="toStringTest[612]" classname="org.bitcoinj.utils.BtcFormatTest" time="0.001">
    <skipped/>
  </testcase>
  <testcase name="testGrouping[612]" classname="org.bitcoinj.utils.BtcFormatTest" time="0.0"/>
  <testcase name="symbolsCodesTest[612]" classname="org.bitcoinj.utils.BtcFormatTest" time="0.001"/>
  <testcase name="defaultLocaleTest[612]" classname="org.bitcoinj.utils.BtcFormatTest" time="0.0"/>
  <testcase name="parsePositionTest[612]" classname="org.bitcoinj.utils.BtcFormatTest" time="0.0"/>
  <testcase name="argumentTypeTest[612]" classname="org.bitcoinj.utils.BtcFormatTest" time="0.0">
    <skipped/>
  </testcase>
  <testcase name="characterIteratorTest[612]" classname="org.bitcoinj.utils.BtcFormatTest" time="0.0"/>
  <testcase name="repeatingPlaceTest[612]" classname="org.bitcoinj.utils.BtcFormatTest" time="0.0"/>
  <testcase name="currencyCodeTest[612]" classname="org.bitcoinj.utils.BtcFormatTest" time="0.0">
    <skipped/>
  </testcase>
  <testcase name="patternDecimalPlaces[612]" classname="org.bitcoinj.utils.BtcFormatTest" time="0.0"/>
  <testcase name="factoryArgumentsTest[613]" classname="org.bitcoinj.utils.BtcFormatTest" time="0.001"/>
  <testcase name="parseTest[613]" classname="org.bitcoinj.utils.BtcFormatTest" time="0.0">
    <skipped/>
  </testcase>
  <testcase name="microcoinScaleTest[613]" classname="org.bitcoinj.utils.BtcFormatTest" time="0.0"/>
  <testcase name="parseMetricTest[613]" classname="org.bitcoinj.utils.BtcFormatTest" time="0.001"/>
  <testcase name="coinScaleTest[613]" classname="org.bitcoinj.utils.BtcFormatTest" time="0.0"/>
  <testcase name="builderTest[613]" classname="org.bitcoinj.utils.BtcFormatTest" time="0.0">
    <skipped/>
  </testcase>
  <testcase name="attributeTest[613]" classname="org.bitcoinj.utils.BtcFormatTest" time="0.0">
    <skipped/>
  </testcase>
  <testcase name="prefixTest[613]" classname="org.bitcoinj.utils.BtcFormatTest" time="0.001"/>
  <testcase name="suffixTest[613]" classname="org.bitcoinj.utils.BtcFormatTest" time="0.0">
    <skipped/>
  </testcase>
  <testcase name="autoDecimalTest[613]" classname="org.bitcoinj.utils.BtcFormatTest" time="0.001"/>
  <testcase name="symbolCollisionTest[613]" classname="org.bitcoinj.utils.BtcFormatTest" time="0.001"/>
  <testcase name="equalityTest[613]" classname="org.bitcoinj.utils.BtcFormatTest" time="0.002"/>
  <testcase name="columnAlignmentTest[613]" classname="org.bitcoinj.utils.BtcFormatTest" time="0.0"/>
  <testcase name="factoryTest[613]" classname="org.bitcoinj.utils.BtcFormatTest" time="0.0"/>
  <testcase name="parse[613]" classname="org.bitcoinj.utils.BtcFormatTest" time="0.0"/>
  <testcase name="btcRounding[613]" classname="org.bitcoinj.utils.BtcFormatTest" time="0.002"/>
  <testcase name="negativeTest[613]" classname="org.bitcoinj.utils.BtcFormatTest" time="0.0">
    <skipped/>
  </testcase>
  <testcase name="millicoinScaleTest[613]" classname="org.bitcoinj.utils.BtcFormatTest" time="0.0"/>
  <testcase name="toStringTest[613]" classname="org.bitcoinj.utils.BtcFormatTest" time="0.0">
    <skipped/>
  </testcase>
  <testcase name="testGrouping[613]" classname="org.bitcoinj.utils.BtcFormatTest" time="0.0"/>
  <testcase name="symbolsCodesTest[613]" classname="org.bitcoinj.utils.BtcFormatTest" time="0.001"/>
  <testcase name="defaultLocaleTest[613]" classname="org.bitcoinj.utils.BtcFormatTest" time="0.0"/>
  <testcase name="parsePositionTest[613]" classname="org.bitcoinj.utils.BtcFormatTest" time="0.0"/>
  <testcase name="argumentTypeTest[613]" classname="org.bitcoinj.utils.BtcFormatTest" time="0.0">
    <skipped/>
  </testcase>
  <testcase name="characterIteratorTest[613]" classname="org.bitcoinj.utils.BtcFormatTest" time="0.0"/>
  <testcase name="repeatingPlaceTest[613]" classname="org.bitcoinj.utils.BtcFormatTest" time="0.0"/>
  <testcase name="currencyCodeTest[613]" classname="org.bitcoinj.utils.BtcFormatTest" time="0.0">
    <skipped/>
  </testcase>
  <testcase name="patternDecimalPlaces[613]" classname="org.bitcoinj.utils.BtcFormatTest" time="0.0"/>
  <testcase name="factoryArgumentsTest[614]" classname="org.bitcoinj.utils.BtcFormatTest" time="0.0"/>
  <testcase name="parseTest[614]" classname="org.bitcoinj.utils.BtcFormatTest" time="0.0">
    <skipped/>
  </testcase>
  <testcase name="microcoinScaleTest[614]" classname="org.bitcoinj.utils.BtcFormatTest" time="0.0"/>
  <testcase name="parseMetricTest[614]" classname="org.bitcoinj.utils.BtcFormatTest" time="0.001"/>
  <testcase name="coinScaleTest[614]" classname="org.bitcoinj.utils.BtcFormatTest" time="0.0"/>
  <testcase name="builderTest[614]" classname="org.bitcoinj.utils.BtcFormatTest" time="0.0">
    <skipped/>
  </testcase>
  <testcase name="attributeTest[614]" classname="org.bitcoinj.utils.BtcFormatTest" time="0.0">
    <skipped/>
  </testcase>
  <testcase name="prefixTest[614]" classname="org.bitcoinj.utils.BtcFormatTest" time="0.001"/>
  <testcase name="suffixTest[614]" classname="org.bitcoinj.utils.BtcFormatTest" time="0.0">
    <skipped/>
  </testcase>
  <testcase name="autoDecimalTest[614]" classname="org.bitcoinj.utils.BtcFormatTest" time="0.0"/>
  <testcase name="symbolCollisionTest[614]" classname="org.bitcoinj.utils.BtcFormatTest" time="0.003"/>
  <testcase name="equalityTest[614]" classname="org.bitcoinj.utils.BtcFormatTest" time="0.001"/>
  <testcase name="columnAlignmentTest[614]" classname="org.bitcoinj.utils.BtcFormatTest" time="0.0"/>
  <testcase name="factoryTest[614]" classname="org.bitcoinj.utils.BtcFormatTest" time="0.001"/>
  <testcase name="parse[614]" classname="org.bitcoinj.utils.BtcFormatTest" time="0.0"/>
  <testcase name="btcRounding[614]" classname="org.bitcoinj.utils.BtcFormatTest" time="0.001"/>
  <testcase name="negativeTest[614]" classname="org.bitcoinj.utils.BtcFormatTest" time="0.0">
    <skipped/>
  </testcase>
  <testcase name="millicoinScaleTest[614]" classname="org.bitcoinj.utils.BtcFormatTest" time="0.0"/>
  <testcase name="toStringTest[614]" classname="org.bitcoinj.utils.BtcFormatTest" time="0.0">
    <skipped/>
  </testcase>
  <testcase name="testGrouping[614]" classname="org.bitcoinj.utils.BtcFormatTest" time="0.0"/>
  <testcase name="symbolsCodesTest[614]" classname="org.bitcoinj.utils.BtcFormatTest" time="0.001"/>
  <testcase name="defaultLocaleTest[614]" classname="org.bitcoinj.utils.BtcFormatTest" time="0.0"/>
  <testcase name="parsePositionTest[614]" classname="org.bitcoinj.utils.BtcFormatTest" time="0.0"/>
  <testcase name="argumentTypeTest[614]" classname="org.bitcoinj.utils.BtcFormatTest" time="0.0">
    <skipped/>
  </testcase>
  <testcase name="characterIteratorTest[614]" classname="org.bitcoinj.utils.BtcFormatTest" time="0.0"/>
  <testcase name="repeatingPlaceTest[614]" classname="org.bitcoinj.utils.BtcFormatTest" time="0.001"/>
  <testcase name="currencyCodeTest[614]" classname="org.bitcoinj.utils.BtcFormatTest" time="0.0">
    <skipped/>
  </testcase>
  <testcase name="patternDecimalPlaces[614]" classname="org.bitcoinj.utils.BtcFormatTest" time="0.0"/>
  <testcase name="factoryArgumentsTest[615]" classname="org.bitcoinj.utils.BtcFormatTest" time="0.001"/>
  <testcase name="parseTest[615]" classname="org.bitcoinj.utils.BtcFormatTest" time="0.0">
    <skipped/>
  </testcase>
  <testcase name="microcoinScaleTest[615]" classname="org.bitcoinj.utils.BtcFormatTest" time="0.0"/>
  <testcase name="parseMetricTest[615]" classname="org.bitcoinj.utils.BtcFormatTest" time="0.001"/>
  <testcase name="coinScaleTest[615]" classname="org.bitcoinj.utils.BtcFormatTest" time="0.0"/>
  <testcase name="builderTest[615]" classname="org.bitcoinj.utils.BtcFormatTest" time="0.0">
    <skipped/>
  </testcase>
  <testcase name="attributeTest[615]" classname="org.bitcoinj.utils.BtcFormatTest" time="0.0">
    <skipped/>
  </testcase>
  <testcase name="prefixTest[615]" classname="org.bitcoinj.utils.BtcFormatTest" time="0.0"/>
  <testcase name="suffixTest[615]" classname="org.bitcoinj.utils.BtcFormatTest" time="0.0">
    <skipped/>
  </testcase>
  <testcase name="autoDecimalTest[615]" classname="org.bitcoinj.utils.BtcFormatTest" time="0.001"/>
  <testcase name="symbolCollisionTest[615]" classname="org.bitcoinj.utils.BtcFormatTest" time="0.001"/>
  <testcase name="equalityTest[615]" classname="org.bitcoinj.utils.BtcFormatTest" time="0.002"/>
  <testcase name="columnAlignmentTest[615]" classname="org.bitcoinj.utils.BtcFormatTest" time="0.0"/>
  <testcase name="factoryTest[615]" classname="org.bitcoinj.utils.BtcFormatTest" time="0.0"/>
  <testcase name="parse[615]" classname="org.bitcoinj.utils.BtcFormatTest" time="0.001"/>
  <testcase name="btcRounding[615]" classname="org.bitcoinj.utils.BtcFormatTest" time="0.001"/>
  <testcase name="negativeTest[615]" classname="org.bitcoinj.utils.BtcFormatTest" time="0.0">
    <skipped/>
  </testcase>
  <testcase name="millicoinScaleTest[615]" classname="org.bitcoinj.utils.BtcFormatTest" time="0.0"/>
  <testcase name="toStringTest[615]" classname="org.bitcoinj.utils.BtcFormatTest" time="0.0">
    <skipped/>
  </testcase>
  <testcase name="testGrouping[615]" classname="org.bitcoinj.utils.BtcFormatTest" time="0.0"/>
  <testcase name="symbolsCodesTest[615]" classname="org.bitcoinj.utils.BtcFormatTest" time="0.001"/>
  <testcase name="defaultLocaleTest[615]" classname="org.bitcoinj.utils.BtcFormatTest" time="0.0"/>
  <testcase name="parsePositionTest[615]" classname="org.bitcoinj.utils.BtcFormatTest" time="0.0"/>
  <testcase name="argumentTypeTest[615]" classname="org.bitcoinj.utils.BtcFormatTest" time="0.0">
    <skipped/>
  </testcase>
  <testcase name="characterIteratorTest[615]" classname="org.bitcoinj.utils.BtcFormatTest" time="0.001"/>
  <testcase name="repeatingPlaceTest[615]" classname="org.bitcoinj.utils.BtcFormatTest" time="0.0"/>
  <testcase name="currencyCodeTest[615]" classname="org.bitcoinj.utils.BtcFormatTest" time="0.0">
    <skipped/>
  </testcase>
  <testcase name="patternDecimalPlaces[615]" classname="org.bitcoinj.utils.BtcFormatTest" time="0.0"/>
  <testcase name="factoryArgumentsTest[616]" classname="org.bitcoinj.utils.BtcFormatTest" time="0.001"/>
  <testcase name="parseTest[616]" classname="org.bitcoinj.utils.BtcFormatTest" time="0.0">
    <skipped/>
  </testcase>
  <testcase name="microcoinScaleTest[616]" classname="org.bitcoinj.utils.BtcFormatTest" time="0.0"/>
  <testcase name="parseMetricTest[616]" classname="org.bitcoinj.utils.BtcFormatTest" time="0.001"/>
  <testcase name="coinScaleTest[616]" classname="org.bitcoinj.utils.BtcFormatTest" time="0.0"/>
  <testcase name="builderTest[616]" classname="org.bitcoinj.utils.BtcFormatTest" time="0.0">
    <skipped/>
  </testcase>
  <testcase name="attributeTest[616]" classname="org.bitcoinj.utils.BtcFormatTest" time="0.0">
    <skipped/>
  </testcase>
  <testcase name="prefixTest[616]" classname="org.bitcoinj.utils.BtcFormatTest" time="0.0"/>
  <testcase name="suffixTest[616]" classname="org.bitcoinj.utils.BtcFormatTest" time="0.0">
    <skipped/>
  </testcase>
  <testcase name="autoDecimalTest[616]" classname="org.bitcoinj.utils.BtcFormatTest" time="0.001"/>
  <testcase name="symbolCollisionTest[616]" classname="org.bitcoinj.utils.BtcFormatTest" time="0.001"/>
  <testcase name="equalityTest[616]" classname="org.bitcoinj.utils.BtcFormatTest" time="0.002"/>
  <testcase name="columnAlignmentTest[616]" classname="org.bitcoinj.utils.BtcFormatTest" time="0.0"/>
  <testcase name="factoryTest[616]" classname="org.bitcoinj.utils.BtcFormatTest" time="0.001"/>
  <testcase name="parse[616]" classname="org.bitcoinj.utils.BtcFormatTest" time="0.0"/>
  <testcase name="btcRounding[616]" classname="org.bitcoinj.utils.BtcFormatTest" time="0.001"/>
  <testcase name="negativeTest[616]" classname="org.bitcoinj.utils.BtcFormatTest" time="0.0">
    <skipped/>
  </testcase>
  <testcase name="millicoinScaleTest[616]" classname="org.bitcoinj.utils.BtcFormatTest" time="0.0"/>
  <testcase name="toStringTest[616]" classname="org.bitcoinj.utils.BtcFormatTest" time="0.0">
    <skipped/>
  </testcase>
  <testcase name="testGrouping[616]" classname="org.bitcoinj.utils.BtcFormatTest" time="0.0"/>
  <testcase name="symbolsCodesTest[616]" classname="org.bitcoinj.utils.BtcFormatTest" time="0.001"/>
  <testcase name="defaultLocaleTest[616]" classname="org.bitcoinj.utils.BtcFormatTest" time="0.0"/>
  <testcase name="parsePositionTest[616]" classname="org.bitcoinj.utils.BtcFormatTest" time="0.0"/>
  <testcase name="argumentTypeTest[616]" classname="org.bitcoinj.utils.BtcFormatTest" time="0.0">
    <skipped/>
  </testcase>
  <testcase name="characterIteratorTest[616]" classname="org.bitcoinj.utils.BtcFormatTest" time="0.001"/>
  <testcase name="repeatingPlaceTest[616]" classname="org.bitcoinj.utils.BtcFormatTest" time="0.0"/>
  <testcase name="currencyCodeTest[616]" classname="org.bitcoinj.utils.BtcFormatTest" time="0.0">
    <skipped/>
  </testcase>
  <testcase name="patternDecimalPlaces[616]" classname="org.bitcoinj.utils.BtcFormatTest" time="0.0"/>
  <testcase name="factoryArgumentsTest[617]" classname="org.bitcoinj.utils.BtcFormatTest" time="0.001"/>
  <testcase name="parseTest[617]" classname="org.bitcoinj.utils.BtcFormatTest" time="0.0">
    <skipped/>
  </testcase>
  <testcase name="microcoinScaleTest[617]" classname="org.bitcoinj.utils.BtcFormatTest" time="0.0"/>
  <testcase name="parseMetricTest[617]" classname="org.bitcoinj.utils.BtcFormatTest" time="0.001"/>
  <testcase name="coinScaleTest[617]" classname="org.bitcoinj.utils.BtcFormatTest" time="0.0"/>
  <testcase name="builderTest[617]" classname="org.bitcoinj.utils.BtcFormatTest" time="0.0">
    <skipped/>
  </testcase>
  <testcase name="attributeTest[617]" classname="org.bitcoinj.utils.BtcFormatTest" time="0.0">
    <skipped/>
  </testcase>
  <testcase name="prefixTest[617]" classname="org.bitcoinj.utils.BtcFormatTest" time="0.0"/>
  <testcase name="suffixTest[617]" classname="org.bitcoinj.utils.BtcFormatTest" time="0.0">
    <skipped/>
  </testcase>
  <testcase name="autoDecimalTest[617]" classname="org.bitcoinj.utils.BtcFormatTest" time="0.001"/>
  <testcase name="symbolCollisionTest[617]" classname="org.bitcoinj.utils.BtcFormatTest" time="0.002"/>
  <testcase name="equalityTest[617]" classname="org.bitcoinj.utils.BtcFormatTest" time="0.001"/>
  <testcase name="columnAlignmentTest[617]" classname="org.bitcoinj.utils.BtcFormatTest" time="0.0"/>
  <testcase name="factoryTest[617]" classname="org.bitcoinj.utils.BtcFormatTest" time="0.001"/>
  <testcase name="parse[617]" classname="org.bitcoinj.utils.BtcFormatTest" time="0.0"/>
  <testcase name="btcRounding[617]" classname="org.bitcoinj.utils.BtcFormatTest" time="0.001"/>
  <testcase name="negativeTest[617]" classname="org.bitcoinj.utils.BtcFormatTest" time="0.0">
    <skipped/>
  </testcase>
  <testcase name="millicoinScaleTest[617]" classname="org.bitcoinj.utils.BtcFormatTest" time="0.0"/>
  <testcase name="toStringTest[617]" classname="org.bitcoinj.utils.BtcFormatTest" time="0.0">
    <skipped/>
  </testcase>
  <testcase name="testGrouping[617]" classname="org.bitcoinj.utils.BtcFormatTest" time="0.001"/>
  <testcase name="symbolsCodesTest[617]" classname="org.bitcoinj.utils.BtcFormatTest" time="0.0"/>
  <testcase name="defaultLocaleTest[617]" classname="org.bitcoinj.utils.BtcFormatTest" time="0.0"/>
  <testcase name="parsePositionTest[617]" classname="org.bitcoinj.utils.BtcFormatTest" time="0.001"/>
  <testcase name="argumentTypeTest[617]" classname="org.bitcoinj.utils.BtcFormatTest" time="0.0">
    <skipped/>
  </testcase>
  <testcase name="characterIteratorTest[617]" classname="org.bitcoinj.utils.BtcFormatTest" time="0.0"/>
  <testcase name="repeatingPlaceTest[617]" classname="org.bitcoinj.utils.BtcFormatTest" time="0.0"/>
  <testcase name="currencyCodeTest[617]" classname="org.bitcoinj.utils.BtcFormatTest" time="0.0">
    <skipped/>
  </testcase>
  <testcase name="patternDecimalPlaces[617]" classname="org.bitcoinj.utils.BtcFormatTest" time="0.0"/>
  <testcase name="factoryArgumentsTest[618]" classname="org.bitcoinj.utils.BtcFormatTest" time="0.001"/>
  <testcase name="parseTest[618]" classname="org.bitcoinj.utils.BtcFormatTest" time="0.0">
    <skipped/>
  </testcase>
  <testcase name="microcoinScaleTest[618]" classname="org.bitcoinj.utils.BtcFormatTest" time="0.0"/>
  <testcase name="parseMetricTest[618]" classname="org.bitcoinj.utils.BtcFormatTest" time="0.001"/>
  <testcase name="coinScaleTest[618]" classname="org.bitcoinj.utils.BtcFormatTest" time="0.0"/>
  <testcase name="builderTest[618]" classname="org.bitcoinj.utils.BtcFormatTest" time="0.0">
    <skipped/>
  </testcase>
  <testcase name="attributeTest[618]" classname="org.bitcoinj.utils.BtcFormatTest" time="0.001">
    <skipped/>
  </testcase>
  <testcase name="prefixTest[618]" classname="org.bitcoinj.utils.BtcFormatTest" time="0.0"/>
  <testcase name="suffixTest[618]" classname="org.bitcoinj.utils.BtcFormatTest" time="0.0">
    <skipped/>
  </testcase>
  <testcase name="autoDecimalTest[618]" classname="org.bitcoinj.utils.BtcFormatTest" time="0.001"/>
  <testcase name="symbolCollisionTest[618]" classname="org.bitcoinj.utils.BtcFormatTest" time="0.002"/>
  <testcase name="equalityTest[618]" classname="org.bitcoinj.utils.BtcFormatTest" time="0.002"/>
  <testcase name="columnAlignmentTest[618]" classname="org.bitcoinj.utils.BtcFormatTest" time="0.0"/>
  <testcase name="factoryTest[618]" classname="org.bitcoinj.utils.BtcFormatTest" time="0.0"/>
  <testcase name="parse[618]" classname="org.bitcoinj.utils.BtcFormatTest" time="0.0"/>
  <testcase name="btcRounding[618]" classname="org.bitcoinj.utils.BtcFormatTest" time="0.001"/>
  <testcase name="negativeTest[618]" classname="org.bitcoinj.utils.BtcFormatTest" time="0.0">
    <skipped/>
  </testcase>
  <testcase name="millicoinScaleTest[618]" classname="org.bitcoinj.utils.BtcFormatTest" time="0.0"/>
  <testcase name="toStringTest[618]" classname="org.bitcoinj.utils.BtcFormatTest" time="0.0">
    <skipped/>
  </testcase>
  <testcase name="testGrouping[618]" classname="org.bitcoinj.utils.BtcFormatTest" time="0.0"/>
  <testcase name="symbolsCodesTest[618]" classname="org.bitcoinj.utils.BtcFormatTest" time="0.0"/>
  <testcase name="defaultLocaleTest[618]" classname="org.bitcoinj.utils.BtcFormatTest" time="0.001"/>
  <testcase name="parsePositionTest[618]" classname="org.bitcoinj.utils.BtcFormatTest" time="0.0"/>
  <testcase name="argumentTypeTest[618]" classname="org.bitcoinj.utils.BtcFormatTest" time="0.0">
    <skipped/>
  </testcase>
  <testcase name="characterIteratorTest[618]" classname="org.bitcoinj.utils.BtcFormatTest" time="0.0"/>
  <testcase name="repeatingPlaceTest[618]" classname="org.bitcoinj.utils.BtcFormatTest" time="0.0"/>
  <testcase name="currencyCodeTest[618]" classname="org.bitcoinj.utils.BtcFormatTest" time="0.0">
    <skipped/>
  </testcase>
  <testcase name="patternDecimalPlaces[618]" classname="org.bitcoinj.utils.BtcFormatTest" time="0.0"/>
  <testcase name="factoryArgumentsTest[619]" classname="org.bitcoinj.utils.BtcFormatTest" time="0.001"/>
  <testcase name="parseTest[619]" classname="org.bitcoinj.utils.BtcFormatTest" time="0.0">
    <skipped/>
  </testcase>
  <testcase name="microcoinScaleTest[619]" classname="org.bitcoinj.utils.BtcFormatTest" time="0.0"/>
  <testcase name="parseMetricTest[619]" classname="org.bitcoinj.utils.BtcFormatTest" time="0.001"/>
  <testcase name="coinScaleTest[619]" classname="org.bitcoinj.utils.BtcFormatTest" time="0.0"/>
  <testcase name="builderTest[619]" classname="org.bitcoinj.utils.BtcFormatTest" time="0.0">
    <skipped/>
  </testcase>
  <testcase name="attributeTest[619]" classname="org.bitcoinj.utils.BtcFormatTest" time="0.0">
    <skipped/>
  </testcase>
  <testcase name="prefixTest[619]" classname="org.bitcoinj.utils.BtcFormatTest" time="0.0"/>
  <testcase name="suffixTest[619]" classname="org.bitcoinj.utils.BtcFormatTest" time="0.0">
    <skipped/>
  </testcase>
  <testcase name="autoDecimalTest[619]" classname="org.bitcoinj.utils.BtcFormatTest" time="0.0"/>
  <testcase name="symbolCollisionTest[619]" classname="org.bitcoinj.utils.BtcFormatTest" time="0.002"/>
  <testcase name="equalityTest[619]" classname="org.bitcoinj.utils.BtcFormatTest" time="0.001"/>
  <testcase name="columnAlignmentTest[619]" classname="org.bitcoinj.utils.BtcFormatTest" time="0.0"/>
  <testcase name="factoryTest[619]" classname="org.bitcoinj.utils.BtcFormatTest" time="0.0"/>
  <testcase name="parse[619]" classname="org.bitcoinj.utils.BtcFormatTest" time="0.0"/>
  <testcase name="btcRounding[619]" classname="org.bitcoinj.utils.BtcFormatTest" time="0.001"/>
  <testcase name="negativeTest[619]" classname="org.bitcoinj.utils.BtcFormatTest" time="0.0">
    <skipped/>
  </testcase>
  <testcase name="millicoinScaleTest[619]" classname="org.bitcoinj.utils.BtcFormatTest" time="0.0"/>
  <testcase name="toStringTest[619]" classname="org.bitcoinj.utils.BtcFormatTest" time="0.0">
    <skipped/>
  </testcase>
  <testcase name="testGrouping[619]" classname="org.bitcoinj.utils.BtcFormatTest" time="0.0"/>
  <testcase name="symbolsCodesTest[619]" classname="org.bitcoinj.utils.BtcFormatTest" time="0.001"/>
  <testcase name="defaultLocaleTest[619]" classname="org.bitcoinj.utils.BtcFormatTest" time="0.0"/>
  <testcase name="parsePositionTest[619]" classname="org.bitcoinj.utils.BtcFormatTest" time="0.0"/>
  <testcase name="argumentTypeTest[619]" classname="org.bitcoinj.utils.BtcFormatTest" time="0.0">
    <skipped/>
  </testcase>
  <testcase name="characterIteratorTest[619]" classname="org.bitcoinj.utils.BtcFormatTest" time="0.001"/>
  <testcase name="repeatingPlaceTest[619]" classname="org.bitcoinj.utils.BtcFormatTest" time="0.0"/>
  <testcase name="currencyCodeTest[619]" classname="org.bitcoinj.utils.BtcFormatTest" time="0.0">
    <skipped/>
  </testcase>
  <testcase name="patternDecimalPlaces[619]" classname="org.bitcoinj.utils.BtcFormatTest" time="0.0"/>
  <testcase name="factoryArgumentsTest[620]" classname="org.bitcoinj.utils.BtcFormatTest" time="0.001"/>
  <testcase name="parseTest[620]" classname="org.bitcoinj.utils.BtcFormatTest" time="0.0">
    <skipped/>
  </testcase>
  <testcase name="microcoinScaleTest[620]" classname="org.bitcoinj.utils.BtcFormatTest" time="0.0"/>
  <testcase name="parseMetricTest[620]" classname="org.bitcoinj.utils.BtcFormatTest" time="0.001"/>
  <testcase name="coinScaleTest[620]" classname="org.bitcoinj.utils.BtcFormatTest" time="0.0"/>
  <testcase name="builderTest[620]" classname="org.bitcoinj.utils.BtcFormatTest" time="0.0">
    <skipped/>
  </testcase>
  <testcase name="attributeTest[620]" classname="org.bitcoinj.utils.BtcFormatTest" time="0.0">
    <skipped/>
  </testcase>
  <testcase name="prefixTest[620]" classname="org.bitcoinj.utils.BtcFormatTest" time="0.0"/>
  <testcase name="suffixTest[620]" classname="org.bitcoinj.utils.BtcFormatTest" time="0.0">
    <skipped/>
  </testcase>
  <testcase name="autoDecimalTest[620]" classname="org.bitcoinj.utils.BtcFormatTest" time="0.001"/>
  <testcase name="symbolCollisionTest[620]" classname="org.bitcoinj.utils.BtcFormatTest" time="0.002"/>
  <testcase name="equalityTest[620]" classname="org.bitcoinj.utils.BtcFormatTest" time="0.001"/>
  <testcase name="columnAlignmentTest[620]" classname="org.bitcoinj.utils.BtcFormatTest" time="0.0"/>
  <testcase name="factoryTest[620]" classname="org.bitcoinj.utils.BtcFormatTest" time="0.0"/>
  <testcase name="parse[620]" classname="org.bitcoinj.utils.BtcFormatTest" time="0.001"/>
  <testcase name="btcRounding[620]" classname="org.bitcoinj.utils.BtcFormatTest" time="0.001"/>
  <testcase name="negativeTest[620]" classname="org.bitcoinj.utils.BtcFormatTest" time="0.0">
    <skipped/>
  </testcase>
  <testcase name="millicoinScaleTest[620]" classname="org.bitcoinj.utils.BtcFormatTest" time="0.0"/>
  <testcase name="toStringTest[620]" classname="org.bitcoinj.utils.BtcFormatTest" time="0.0">
    <skipped/>
  </testcase>
  <testcase name="testGrouping[620]" classname="org.bitcoinj.utils.BtcFormatTest" time="0.0"/>
  <testcase name="symbolsCodesTest[620]" classname="org.bitcoinj.utils.BtcFormatTest" time="0.001"/>
  <testcase name="defaultLocaleTest[620]" classname="org.bitcoinj.utils.BtcFormatTest" time="0.0"/>
  <testcase name="parsePositionTest[620]" classname="org.bitcoinj.utils.BtcFormatTest" time="0.0"/>
  <testcase name="argumentTypeTest[620]" classname="org.bitcoinj.utils.BtcFormatTest" time="0.0">
    <skipped/>
  </testcase>
  <testcase name="characterIteratorTest[620]" classname="org.bitcoinj.utils.BtcFormatTest" time="0.0"/>
  <testcase name="repeatingPlaceTest[620]" classname="org.bitcoinj.utils.BtcFormatTest" time="0.001"/>
  <testcase name="currencyCodeTest[620]" classname="org.bitcoinj.utils.BtcFormatTest" time="0.0">
    <skipped/>
  </testcase>
  <testcase name="patternDecimalPlaces[620]" classname="org.bitcoinj.utils.BtcFormatTest" time="0.0"/>
  <testcase name="factoryArgumentsTest[621]" classname="org.bitcoinj.utils.BtcFormatTest" time="0.001"/>
  <testcase name="parseTest[621]" classname="org.bitcoinj.utils.BtcFormatTest" time="0.0">
    <skipped/>
  </testcase>
  <testcase name="microcoinScaleTest[621]" classname="org.bitcoinj.utils.BtcFormatTest" time="0.0"/>
  <testcase name="parseMetricTest[621]" classname="org.bitcoinj.utils.BtcFormatTest" time="0.001"/>
  <testcase name="coinScaleTest[621]" classname="org.bitcoinj.utils.BtcFormatTest" time="0.0"/>
  <testcase name="builderTest[621]" classname="org.bitcoinj.utils.BtcFormatTest" time="0.0">
    <skipped/>
  </testcase>
  <testcase name="attributeTest[621]" classname="org.bitcoinj.utils.BtcFormatTest" time="0.0">
    <skipped/>
  </testcase>
  <testcase name="prefixTest[621]" classname="org.bitcoinj.utils.BtcFormatTest" time="0.0"/>
  <testcase name="suffixTest[621]" classname="org.bitcoinj.utils.BtcFormatTest" time="0.0">
    <skipped/>
  </testcase>
  <testcase name="autoDecimalTest[621]" classname="org.bitcoinj.utils.BtcFormatTest" time="0.001"/>
  <testcase name="symbolCollisionTest[621]" classname="org.bitcoinj.utils.BtcFormatTest" time="0.001"/>
  <testcase name="equalityTest[621]" classname="org.bitcoinj.utils.BtcFormatTest" time="0.002"/>
  <testcase name="columnAlignmentTest[621]" classname="org.bitcoinj.utils.BtcFormatTest" time="0.0"/>
  <testcase name="factoryTest[621]" classname="org.bitcoinj.utils.BtcFormatTest" time="0.001"/>
  <testcase name="parse[621]" classname="org.bitcoinj.utils.BtcFormatTest" time="0.0"/>
  <testcase name="btcRounding[621]" classname="org.bitcoinj.utils.BtcFormatTest" time="0.001"/>
  <testcase name="negativeTest[621]" classname="org.bitcoinj.utils.BtcFormatTest" time="0.0">
    <skipped/>
  </testcase>
  <testcase name="millicoinScaleTest[621]" classname="org.bitcoinj.utils.BtcFormatTest" time="0.0"/>
  <testcase name="toStringTest[621]" classname="org.bitcoinj.utils.BtcFormatTest" time="0.0">
    <skipped/>
  </testcase>
  <testcase name="testGrouping[621]" classname="org.bitcoinj.utils.BtcFormatTest" time="0.001"/>
  <testcase name="symbolsCodesTest[621]" classname="org.bitcoinj.utils.BtcFormatTest" time="0.001"/>
  <testcase name="defaultLocaleTest[621]" classname="org.bitcoinj.utils.BtcFormatTest" time="0.0"/>
  <testcase name="parsePositionTest[621]" classname="org.bitcoinj.utils.BtcFormatTest" time="0.001"/>
  <testcase name="argumentTypeTest[621]" classname="org.bitcoinj.utils.BtcFormatTest" time="0.0">
    <skipped/>
  </testcase>
  <testcase name="characterIteratorTest[621]" classname="org.bitcoinj.utils.BtcFormatTest" time="0.0"/>
  <testcase name="repeatingPlaceTest[621]" classname="org.bitcoinj.utils.BtcFormatTest" time="0.0"/>
  <testcase name="currencyCodeTest[621]" classname="org.bitcoinj.utils.BtcFormatTest" time="0.0">
    <skipped/>
  </testcase>
  <testcase name="patternDecimalPlaces[621]" classname="org.bitcoinj.utils.BtcFormatTest" time="0.0"/>
  <testcase name="factoryArgumentsTest[622]" classname="org.bitcoinj.utils.BtcFormatTest" time="0.001"/>
  <testcase name="parseTest[622]" classname="org.bitcoinj.utils.BtcFormatTest" time="0.0">
    <skipped/>
  </testcase>
  <testcase name="microcoinScaleTest[622]" classname="org.bitcoinj.utils.BtcFormatTest" time="0.0"/>
  <testcase name="parseMetricTest[622]" classname="org.bitcoinj.utils.BtcFormatTest" time="0.001"/>
  <testcase name="coinScaleTest[622]" classname="org.bitcoinj.utils.BtcFormatTest" time="0.0"/>
  <testcase name="builderTest[622]" classname="org.bitcoinj.utils.BtcFormatTest" time="0.0">
    <skipped/>
  </testcase>
  <testcase name="attributeTest[622]" classname="org.bitcoinj.utils.BtcFormatTest" time="0.0">
    <skipped/>
  </testcase>
  <testcase name="prefixTest[622]" classname="org.bitcoinj.utils.BtcFormatTest" time="0.001"/>
  <testcase name="suffixTest[622]" classname="org.bitcoinj.utils.BtcFormatTest" time="0.0">
    <skipped/>
  </testcase>
  <testcase name="autoDecimalTest[622]" classname="org.bitcoinj.utils.BtcFormatTest" time="0.0"/>
  <testcase name="symbolCollisionTest[622]" classname="org.bitcoinj.utils.BtcFormatTest" time="0.002"/>
  <testcase name="equalityTest[622]" classname="org.bitcoinj.utils.BtcFormatTest" time="0.002"/>
  <testcase name="columnAlignmentTest[622]" classname="org.bitcoinj.utils.BtcFormatTest" time="0.0"/>
  <testcase name="factoryTest[622]" classname="org.bitcoinj.utils.BtcFormatTest" time="0.0"/>
  <testcase name="parse[622]" classname="org.bitcoinj.utils.BtcFormatTest" time="0.0"/>
  <testcase name="btcRounding[622]" classname="org.bitcoinj.utils.BtcFormatTest" time="0.002"/>
  <testcase name="negativeTest[622]" classname="org.bitcoinj.utils.BtcFormatTest" time="0.0">
    <skipped/>
  </testcase>
  <testcase name="millicoinScaleTest[622]" classname="org.bitcoinj.utils.BtcFormatTest" time="0.0"/>
  <testcase name="toStringTest[622]" classname="org.bitcoinj.utils.BtcFormatTest" time="0.0">
    <skipped/>
  </testcase>
  <testcase name="testGrouping[622]" classname="org.bitcoinj.utils.BtcFormatTest" time="0.0"/>
  <testcase name="symbolsCodesTest[622]" classname="org.bitcoinj.utils.BtcFormatTest" time="0.001"/>
  <testcase name="defaultLocaleTest[622]" classname="org.bitcoinj.utils.BtcFormatTest" time="0.0"/>
  <testcase name="parsePositionTest[622]" classname="org.bitcoinj.utils.BtcFormatTest" time="0.0"/>
  <testcase name="argumentTypeTest[622]" classname="org.bitcoinj.utils.BtcFormatTest" time="0.0">
    <skipped/>
  </testcase>
  <testcase name="characterIteratorTest[622]" classname="org.bitcoinj.utils.BtcFormatTest" time="0.0"/>
  <testcase name="repeatingPlaceTest[622]" classname="org.bitcoinj.utils.BtcFormatTest" time="0.0"/>
  <testcase name="currencyCodeTest[622]" classname="org.bitcoinj.utils.BtcFormatTest" time="0.0">
    <skipped/>
  </testcase>
  <testcase name="patternDecimalPlaces[622]" classname="org.bitcoinj.utils.BtcFormatTest" time="0.001"/>
  <testcase name="factoryArgumentsTest[623]" classname="org.bitcoinj.utils.BtcFormatTest" time="0.0"/>
  <testcase name="parseTest[623]" classname="org.bitcoinj.utils.BtcFormatTest" time="0.0">
    <skipped/>
  </testcase>
  <testcase name="microcoinScaleTest[623]" classname="org.bitcoinj.utils.BtcFormatTest" time="0.0"/>
  <testcase name="parseMetricTest[623]" classname="org.bitcoinj.utils.BtcFormatTest" time="0.001"/>
  <testcase name="coinScaleTest[623]" classname="org.bitcoinj.utils.BtcFormatTest" time="0.0"/>
  <testcase name="builderTest[623]" classname="org.bitcoinj.utils.BtcFormatTest" time="0.0">
    <skipped/>
  </testcase>
  <testcase name="attributeTest[623]" classname="org.bitcoinj.utils.BtcFormatTest" time="0.0">
    <skipped/>
  </testcase>
  <testcase name="prefixTest[623]" classname="org.bitcoinj.utils.BtcFormatTest" time="0.0"/>
  <testcase name="suffixTest[623]" classname="org.bitcoinj.utils.BtcFormatTest" time="0.0">
    <skipped/>
  </testcase>
  <testcase name="autoDecimalTest[623]" classname="org.bitcoinj.utils.BtcFormatTest" time="0.001"/>
  <testcase name="symbolCollisionTest[623]" classname="org.bitcoinj.utils.BtcFormatTest" time="0.001"/>
  <testcase name="equalityTest[623]" classname="org.bitcoinj.utils.BtcFormatTest" time="0.001"/>
  <testcase name="columnAlignmentTest[623]" classname="org.bitcoinj.utils.BtcFormatTest" time="0.0"/>
  <testcase name="factoryTest[623]" classname="org.bitcoinj.utils.BtcFormatTest" time="0.0"/>
  <testcase name="parse[623]" classname="org.bitcoinj.utils.BtcFormatTest" time="0.0"/>
  <testcase name="btcRounding[623]" classname="org.bitcoinj.utils.BtcFormatTest" time="0.001"/>
  <testcase name="negativeTest[623]" classname="org.bitcoinj.utils.BtcFormatTest" time="0.0">
    <skipped/>
  </testcase>
  <testcase name="millicoinScaleTest[623]" classname="org.bitcoinj.utils.BtcFormatTest" time="0.0"/>
  <testcase name="toStringTest[623]" classname="org.bitcoinj.utils.BtcFormatTest" time="0.0">
    <skipped/>
  </testcase>
  <testcase name="testGrouping[623]" classname="org.bitcoinj.utils.BtcFormatTest" time="0.0"/>
  <testcase name="symbolsCodesTest[623]" classname="org.bitcoinj.utils.BtcFormatTest" time="0.0"/>
  <testcase name="defaultLocaleTest[623]" classname="org.bitcoinj.utils.BtcFormatTest" time="0.0"/>
  <testcase name="parsePositionTest[623]" classname="org.bitcoinj.utils.BtcFormatTest" time="0.0"/>
  <testcase name="argumentTypeTest[623]" classname="org.bitcoinj.utils.BtcFormatTest" time="0.0">
    <skipped/>
  </testcase>
  <testcase name="characterIteratorTest[623]" classname="org.bitcoinj.utils.BtcFormatTest" time="0.001"/>
  <testcase name="repeatingPlaceTest[623]" classname="org.bitcoinj.utils.BtcFormatTest" time="0.0"/>
  <testcase name="currencyCodeTest[623]" classname="org.bitcoinj.utils.BtcFormatTest" time="0.0">
    <skipped/>
  </testcase>
  <testcase name="patternDecimalPlaces[623]" classname="org.bitcoinj.utils.BtcFormatTest" time="0.0"/>
  <testcase name="factoryArgumentsTest[624]" classname="org.bitcoinj.utils.BtcFormatTest" time="0.001"/>
  <testcase name="parseTest[624]" classname="org.bitcoinj.utils.BtcFormatTest" time="0.0">
    <skipped/>
  </testcase>
  <testcase name="microcoinScaleTest[624]" classname="org.bitcoinj.utils.BtcFormatTest" time="0.0"/>
  <testcase name="parseMetricTest[624]" classname="org.bitcoinj.utils.BtcFormatTest" time="0.001"/>
  <testcase name="coinScaleTest[624]" classname="org.bitcoinj.utils.BtcFormatTest" time="0.0"/>
  <testcase name="builderTest[624]" classname="org.bitcoinj.utils.BtcFormatTest" time="0.0">
    <skipped/>
  </testcase>
  <testcase name="attributeTest[624]" classname="org.bitcoinj.utils.BtcFormatTest" time="0.0">
    <skipped/>
  </testcase>
  <testcase name="prefixTest[624]" classname="org.bitcoinj.utils.BtcFormatTest" time="0.0"/>
  <testcase name="suffixTest[624]" classname="org.bitcoinj.utils.BtcFormatTest" time="0.0">
    <skipped/>
  </testcase>
  <testcase name="autoDecimalTest[624]" classname="org.bitcoinj.utils.BtcFormatTest" time="0.001"/>
  <testcase name="symbolCollisionTest[624]" classname="org.bitcoinj.utils.BtcFormatTest" time="0.002"/>
  <testcase name="equalityTest[624]" classname="org.bitcoinj.utils.BtcFormatTest" time="0.001"/>
  <testcase name="columnAlignmentTest[624]" classname="org.bitcoinj.utils.BtcFormatTest" time="0.0"/>
  <testcase name="factoryTest[624]" classname="org.bitcoinj.utils.BtcFormatTest" time="0.001"/>
  <testcase name="parse[624]" classname="org.bitcoinj.utils.BtcFormatTest" time="0.0"/>
  <testcase name="btcRounding[624]" classname="org.bitcoinj.utils.BtcFormatTest" time="0.001"/>
  <testcase name="negativeTest[624]" classname="org.bitcoinj.utils.BtcFormatTest" time="0.0">
    <skipped/>
  </testcase>
  <testcase name="millicoinScaleTest[624]" classname="org.bitcoinj.utils.BtcFormatTest" time="0.0"/>
  <testcase name="toStringTest[624]" classname="org.bitcoinj.utils.BtcFormatTest" time="0.0">
    <skipped/>
  </testcase>
  <testcase name="testGrouping[624]" classname="org.bitcoinj.utils.BtcFormatTest" time="0.0"/>
  <testcase name="symbolsCodesTest[624]" classname="org.bitcoinj.utils.BtcFormatTest" time="0.001"/>
  <testcase name="defaultLocaleTest[624]" classname="org.bitcoinj.utils.BtcFormatTest" time="0.0"/>
  <testcase name="parsePositionTest[624]" classname="org.bitcoinj.utils.BtcFormatTest" time="0.0"/>
  <testcase name="argumentTypeTest[624]" classname="org.bitcoinj.utils.BtcFormatTest" time="0.0">
    <skipped/>
  </testcase>
  <testcase name="characterIteratorTest[624]" classname="org.bitcoinj.utils.BtcFormatTest" time="0.0"/>
  <testcase name="repeatingPlaceTest[624]" classname="org.bitcoinj.utils.BtcFormatTest" time="0.001"/>
  <testcase name="currencyCodeTest[624]" classname="org.bitcoinj.utils.BtcFormatTest" time="0.0">
    <skipped/>
  </testcase>
  <testcase name="patternDecimalPlaces[624]" classname="org.bitcoinj.utils.BtcFormatTest" time="0.0"/>
  <testcase name="factoryArgumentsTest[625]" classname="org.bitcoinj.utils.BtcFormatTest" time="0.001"/>
  <testcase name="parseTest[625]" classname="org.bitcoinj.utils.BtcFormatTest" time="0.0">
    <skipped/>
  </testcase>
  <testcase name="microcoinScaleTest[625]" classname="org.bitcoinj.utils.BtcFormatTest" time="0.0"/>
  <testcase name="parseMetricTest[625]" classname="org.bitcoinj.utils.BtcFormatTest" time="0.001"/>
  <testcase name="coinScaleTest[625]" classname="org.bitcoinj.utils.BtcFormatTest" time="0.0"/>
  <testcase name="builderTest[625]" classname="org.bitcoinj.utils.BtcFormatTest" time="0.0">
    <skipped/>
  </testcase>
  <testcase name="attributeTest[625]" classname="org.bitcoinj.utils.BtcFormatTest" time="0.0">
    <skipped/>
  </testcase>
  <testcase name="prefixTest[625]" classname="org.bitcoinj.utils.BtcFormatTest" time="0.0"/>
  <testcase name="suffixTest[625]" classname="org.bitcoinj.utils.BtcFormatTest" time="0.0">
    <skipped/>
  </testcase>
  <testcase name="autoDecimalTest[625]" classname="org.bitcoinj.utils.BtcFormatTest" time="0.001"/>
  <testcase name="symbolCollisionTest[625]" classname="org.bitcoinj.utils.BtcFormatTest" time="0.001"/>
  <testcase name="equalityTest[625]" classname="org.bitcoinj.utils.BtcFormatTest" time="0.002"/>
  <testcase name="columnAlignmentTest[625]" classname="org.bitcoinj.utils.BtcFormatTest" time="0.0"/>
  <testcase name="factoryTest[625]" classname="org.bitcoinj.utils.BtcFormatTest" time="0.0"/>
  <testcase name="parse[625]" classname="org.bitcoinj.utils.BtcFormatTest" time="0.0"/>
  <testcase name="btcRounding[625]" classname="org.bitcoinj.utils.BtcFormatTest" time="0.002"/>
  <testcase name="negativeTest[625]" classname="org.bitcoinj.utils.BtcFormatTest" time="0.0">
    <skipped/>
  </testcase>
  <testcase name="millicoinScaleTest[625]" classname="org.bitcoinj.utils.BtcFormatTest" time="0.0"/>
  <testcase name="toStringTest[625]" classname="org.bitcoinj.utils.BtcFormatTest" time="0.0">
    <skipped/>
  </testcase>
  <testcase name="testGrouping[625]" classname="org.bitcoinj.utils.BtcFormatTest" time="0.0"/>
  <testcase name="symbolsCodesTest[625]" classname="org.bitcoinj.utils.BtcFormatTest" time="0.001"/>
  <testcase name="defaultLocaleTest[625]" classname="org.bitcoinj.utils.BtcFormatTest" time="0.0"/>
  <testcase name="parsePositionTest[625]" classname="org.bitcoinj.utils.BtcFormatTest" time="0.0"/>
  <testcase name="argumentTypeTest[625]" classname="org.bitcoinj.utils.BtcFormatTest" time="0.0">
    <skipped/>
  </testcase>
  <testcase name="characterIteratorTest[625]" classname="org.bitcoinj.utils.BtcFormatTest" time="0.0"/>
  <testcase name="repeatingPlaceTest[625]" classname="org.bitcoinj.utils.BtcFormatTest" time="0.001"/>
  <testcase name="currencyCodeTest[625]" classname="org.bitcoinj.utils.BtcFormatTest" time="0.0">
    <skipped/>
  </testcase>
  <testcase name="patternDecimalPlaces[625]" classname="org.bitcoinj.utils.BtcFormatTest" time="0.0"/>
  <testcase name="factoryArgumentsTest[626]" classname="org.bitcoinj.utils.BtcFormatTest" time="0.001"/>
  <testcase name="parseTest[626]" classname="org.bitcoinj.utils.BtcFormatTest" time="0.0">
    <skipped/>
  </testcase>
  <testcase name="microcoinScaleTest[626]" classname="org.bitcoinj.utils.BtcFormatTest" time="0.0"/>
  <testcase name="parseMetricTest[626]" classname="org.bitcoinj.utils.BtcFormatTest" time="0.001"/>
  <testcase name="coinScaleTest[626]" classname="org.bitcoinj.utils.BtcFormatTest" time="0.0"/>
  <testcase name="builderTest[626]" classname="org.bitcoinj.utils.BtcFormatTest" time="0.0">
    <skipped/>
  </testcase>
  <testcase name="attributeTest[626]" classname="org.bitcoinj.utils.BtcFormatTest" time="0.0">
    <skipped/>
  </testcase>
  <testcase name="prefixTest[626]" classname="org.bitcoinj.utils.BtcFormatTest" time="0.0"/>
  <testcase name="suffixTest[626]" classname="org.bitcoinj.utils.BtcFormatTest" time="0.0">
    <skipped/>
  </testcase>
  <testcase name="autoDecimalTest[626]" classname="org.bitcoinj.utils.BtcFormatTest" time="0.001"/>
  <testcase name="symbolCollisionTest[626]" classname="org.bitcoinj.utils.BtcFormatTest" time="0.001"/>
  <testcase name="equalityTest[626]" classname="org.bitcoinj.utils.BtcFormatTest" time="0.002"/>
  <testcase name="columnAlignmentTest[626]" classname="org.bitcoinj.utils.BtcFormatTest" time="0.0"/>
  <testcase name="factoryTest[626]" classname="org.bitcoinj.utils.BtcFormatTest" time="0.0"/>
  <testcase name="parse[626]" classname="org.bitcoinj.utils.BtcFormatTest" time="0.0"/>
  <testcase name="btcRounding[626]" classname="org.bitcoinj.utils.BtcFormatTest" time="0.001"/>
  <testcase name="negativeTest[626]" classname="org.bitcoinj.utils.BtcFormatTest" time="0.0">
    <skipped/>
  </testcase>
  <testcase name="millicoinScaleTest[626]" classname="org.bitcoinj.utils.BtcFormatTest" time="0.0"/>
  <testcase name="toStringTest[626]" classname="org.bitcoinj.utils.BtcFormatTest" time="0.0">
    <skipped/>
  </testcase>
  <testcase name="testGrouping[626]" classname="org.bitcoinj.utils.BtcFormatTest" time="0.001"/>
  <testcase name="symbolsCodesTest[626]" classname="org.bitcoinj.utils.BtcFormatTest" time="0.0"/>
  <testcase name="defaultLocaleTest[626]" classname="org.bitcoinj.utils.BtcFormatTest" time="0.001"/>
  <testcase name="parsePositionTest[626]" classname="org.bitcoinj.utils.BtcFormatTest" time="0.0"/>
  <testcase name="argumentTypeTest[626]" classname="org.bitcoinj.utils.BtcFormatTest" time="0.0">
    <skipped/>
  </testcase>
  <testcase name="characterIteratorTest[626]" classname="org.bitcoinj.utils.BtcFormatTest" time="0.0"/>
  <testcase name="repeatingPlaceTest[626]" classname="org.bitcoinj.utils.BtcFormatTest" time="0.0"/>
  <testcase name="currencyCodeTest[626]" classname="org.bitcoinj.utils.BtcFormatTest" time="0.0">
    <skipped/>
  </testcase>
  <testcase name="patternDecimalPlaces[626]" classname="org.bitcoinj.utils.BtcFormatTest" time="0.0"/>
  <testcase name="factoryArgumentsTest[627]" classname="org.bitcoinj.utils.BtcFormatTest" time="0.001"/>
  <testcase name="parseTest[627]" classname="org.bitcoinj.utils.BtcFormatTest" time="0.0">
    <skipped/>
  </testcase>
  <testcase name="microcoinScaleTest[627]" classname="org.bitcoinj.utils.BtcFormatTest" time="0.0"/>
  <testcase name="parseMetricTest[627]" classname="org.bitcoinj.utils.BtcFormatTest" time="0.001"/>
  <testcase name="coinScaleTest[627]" classname="org.bitcoinj.utils.BtcFormatTest" time="0.001"/>
  <testcase name="builderTest[627]" classname="org.bitcoinj.utils.BtcFormatTest" time="0.0">
    <skipped/>
  </testcase>
  <testcase name="attributeTest[627]" classname="org.bitcoinj.utils.BtcFormatTest" time="0.0">
    <skipped/>
  </testcase>
  <testcase name="prefixTest[627]" classname="org.bitcoinj.utils.BtcFormatTest" time="0.0"/>
  <testcase name="suffixTest[627]" classname="org.bitcoinj.utils.BtcFormatTest" time="0.0">
    <skipped/>
  </testcase>
  <testcase name="autoDecimalTest[627]" classname="org.bitcoinj.utils.BtcFormatTest" time="0.001"/>
  <testcase name="symbolCollisionTest[627]" classname="org.bitcoinj.utils.BtcFormatTest" time="0.001"/>
  <testcase name="equalityTest[627]" classname="org.bitcoinj.utils.BtcFormatTest" time="0.002"/>
  <testcase name="columnAlignmentTest[627]" classname="org.bitcoinj.utils.BtcFormatTest" time="0.0"/>
  <testcase name="factoryTest[627]" classname="org.bitcoinj.utils.BtcFormatTest" time="0.0"/>
  <testcase name="parse[627]" classname="org.bitcoinj.utils.BtcFormatTest" time="0.0"/>
  <testcase name="btcRounding[627]" classname="org.bitcoinj.utils.BtcFormatTest" time="0.002"/>
  <testcase name="negativeTest[627]" classname="org.bitcoinj.utils.BtcFormatTest" time="0.0">
    <skipped/>
  </testcase>
  <testcase name="millicoinScaleTest[627]" classname="org.bitcoinj.utils.BtcFormatTest" time="0.0"/>
  <testcase name="toStringTest[627]" classname="org.bitcoinj.utils.BtcFormatTest" time="0.0">
    <skipped/>
  </testcase>
  <testcase name="testGrouping[627]" classname="org.bitcoinj.utils.BtcFormatTest" time="0.0"/>
  <testcase name="symbolsCodesTest[627]" classname="org.bitcoinj.utils.BtcFormatTest" time="0.001"/>
  <testcase name="defaultLocaleTest[627]" classname="org.bitcoinj.utils.BtcFormatTest" time="0.0"/>
  <testcase name="parsePositionTest[627]" classname="org.bitcoinj.utils.BtcFormatTest" time="0.0"/>
  <testcase name="argumentTypeTest[627]" classname="org.bitcoinj.utils.BtcFormatTest" time="0.0">
    <skipped/>
  </testcase>
  <testcase name="characterIteratorTest[627]" classname="org.bitcoinj.utils.BtcFormatTest" time="0.0"/>
  <testcase name="repeatingPlaceTest[627]" classname="org.bitcoinj.utils.BtcFormatTest" time="0.001"/>
  <testcase name="currencyCodeTest[627]" classname="org.bitcoinj.utils.BtcFormatTest" time="0.0">
    <skipped/>
  </testcase>
  <testcase name="patternDecimalPlaces[627]" classname="org.bitcoinj.utils.BtcFormatTest" time="0.0"/>
  <testcase name="factoryArgumentsTest[628]" classname="org.bitcoinj.utils.BtcFormatTest" time="0.001"/>
  <testcase name="parseTest[628]" classname="org.bitcoinj.utils.BtcFormatTest" time="0.0">
    <skipped/>
  </testcase>
  <testcase name="microcoinScaleTest[628]" classname="org.bitcoinj.utils.BtcFormatTest" time="0.0"/>
  <testcase name="parseMetricTest[628]" classname="org.bitcoinj.utils.BtcFormatTest" time="0.0"/>
  <testcase name="coinScaleTest[628]" classname="org.bitcoinj.utils.BtcFormatTest" time="0.001"/>
  <testcase name="builderTest[628]" classname="org.bitcoinj.utils.BtcFormatTest" time="0.0">
    <skipped/>
  </testcase>
  <testcase name="attributeTest[628]" classname="org.bitcoinj.utils.BtcFormatTest" time="0.0">
    <skipped/>
  </testcase>
  <testcase name="prefixTest[628]" classname="org.bitcoinj.utils.BtcFormatTest" time="0.0"/>
  <testcase name="suffixTest[628]" classname="org.bitcoinj.utils.BtcFormatTest" time="0.0">
    <skipped/>
  </testcase>
  <testcase name="autoDecimalTest[628]" classname="org.bitcoinj.utils.BtcFormatTest" time="0.0"/>
  <testcase name="symbolCollisionTest[628]" classname="org.bitcoinj.utils.BtcFormatTest" time="0.002"/>
  <testcase name="equalityTest[628]" classname="org.bitcoinj.utils.BtcFormatTest" time="0.001"/>
  <testcase name="columnAlignmentTest[628]" classname="org.bitcoinj.utils.BtcFormatTest" time="0.0"/>
  <testcase name="factoryTest[628]" classname="org.bitcoinj.utils.BtcFormatTest" time="0.0"/>
  <testcase name="parse[628]" classname="org.bitcoinj.utils.BtcFormatTest" time="0.0"/>
  <testcase name="btcRounding[628]" classname="org.bitcoinj.utils.BtcFormatTest" time="0.001"/>
  <testcase name="negativeTest[628]" classname="org.bitcoinj.utils.BtcFormatTest" time="0.0">
    <skipped/>
  </testcase>
  <testcase name="millicoinScaleTest[628]" classname="org.bitcoinj.utils.BtcFormatTest" time="0.0"/>
  <testcase name="toStringTest[628]" classname="org.bitcoinj.utils.BtcFormatTest" time="0.0">
    <skipped/>
  </testcase>
  <testcase name="testGrouping[628]" classname="org.bitcoinj.utils.BtcFormatTest" time="0.0"/>
  <testcase name="symbolsCodesTest[628]" classname="org.bitcoinj.utils.BtcFormatTest" time="0.001"/>
  <testcase name="defaultLocaleTest[628]" classname="org.bitcoinj.utils.BtcFormatTest" time="0.0"/>
  <testcase name="parsePositionTest[628]" classname="org.bitcoinj.utils.BtcFormatTest" time="0.0"/>
  <testcase name="argumentTypeTest[628]" classname="org.bitcoinj.utils.BtcFormatTest" time="0.0">
    <skipped/>
  </testcase>
  <testcase name="characterIteratorTest[628]" classname="org.bitcoinj.utils.BtcFormatTest" time="0.001"/>
  <testcase name="repeatingPlaceTest[628]" classname="org.bitcoinj.utils.BtcFormatTest" time="0.0"/>
  <testcase name="currencyCodeTest[628]" classname="org.bitcoinj.utils.BtcFormatTest" time="0.0">
    <skipped/>
  </testcase>
  <testcase name="patternDecimalPlaces[628]" classname="org.bitcoinj.utils.BtcFormatTest" time="0.0"/>
  <testcase name="factoryArgumentsTest[629]" classname="org.bitcoinj.utils.BtcFormatTest" time="0.001"/>
  <testcase name="parseTest[629]" classname="org.bitcoinj.utils.BtcFormatTest" time="0.0">
    <skipped/>
  </testcase>
  <testcase name="microcoinScaleTest[629]" classname="org.bitcoinj.utils.BtcFormatTest" time="0.0"/>
  <testcase name="parseMetricTest[629]" classname="org.bitcoinj.utils.BtcFormatTest" time="0.001"/>
  <testcase name="coinScaleTest[629]" classname="org.bitcoinj.utils.BtcFormatTest" time="0.0"/>
  <testcase name="builderTest[629]" classname="org.bitcoinj.utils.BtcFormatTest" time="0.0">
    <skipped/>
  </testcase>
  <testcase name="attributeTest[629]" classname="org.bitcoinj.utils.BtcFormatTest" time="0.0">
    <skipped/>
  </testcase>
  <testcase name="prefixTest[629]" classname="org.bitcoinj.utils.BtcFormatTest" time="0.0"/>
  <testcase name="suffixTest[629]" classname="org.bitcoinj.utils.BtcFormatTest" time="0.0">
    <skipped/>
  </testcase>
  <testcase name="autoDecimalTest[629]" classname="org.bitcoinj.utils.BtcFormatTest" time="0.001"/>
  <testcase name="symbolCollisionTest[629]" classname="org.bitcoinj.utils.BtcFormatTest" time="0.003"/>
  <testcase name="equalityTest[629]" classname="org.bitcoinj.utils.BtcFormatTest" time="0.002"/>
  <testcase name="columnAlignmentTest[629]" classname="org.bitcoinj.utils.BtcFormatTest" time="0.0"/>
  <testcase name="factoryTest[629]" classname="org.bitcoinj.utils.BtcFormatTest" time="0.0"/>
  <testcase name="parse[629]" classname="org.bitcoinj.utils.BtcFormatTest" time="0.0"/>
  <testcase name="btcRounding[629]" classname="org.bitcoinj.utils.BtcFormatTest" time="0.001"/>
  <testcase name="negativeTest[629]" classname="org.bitcoinj.utils.BtcFormatTest" time="0.0">
    <skipped/>
  </testcase>
  <testcase name="millicoinScaleTest[629]" classname="org.bitcoinj.utils.BtcFormatTest" time="0.0"/>
  <testcase name="toStringTest[629]" classname="org.bitcoinj.utils.BtcFormatTest" time="0.0">
    <skipped/>
  </testcase>
  <testcase name="testGrouping[629]" classname="org.bitcoinj.utils.BtcFormatTest" time="0.001"/>
  <testcase name="symbolsCodesTest[629]" classname="org.bitcoinj.utils.BtcFormatTest" time="0.0"/>
  <testcase name="defaultLocaleTest[629]" classname="org.bitcoinj.utils.BtcFormatTest" time="0.0"/>
  <testcase name="parsePositionTest[629]" classname="org.bitcoinj.utils.BtcFormatTest" time="0.001"/>
  <testcase name="argumentTypeTest[629]" classname="org.bitcoinj.utils.BtcFormatTest" time="0.0">
    <skipped/>
  </testcase>
  <testcase name="characterIteratorTest[629]" classname="org.bitcoinj.utils.BtcFormatTest" time="0.0"/>
  <testcase name="repeatingPlaceTest[629]" classname="org.bitcoinj.utils.BtcFormatTest" time="0.0"/>
  <testcase name="currencyCodeTest[629]" classname="org.bitcoinj.utils.BtcFormatTest" time="0.0">
    <skipped/>
  </testcase>
  <testcase name="patternDecimalPlaces[629]" classname="org.bitcoinj.utils.BtcFormatTest" time="0.0"/>
  <testcase name="factoryArgumentsTest[630]" classname="org.bitcoinj.utils.BtcFormatTest" time="0.001"/>
  <testcase name="parseTest[630]" classname="org.bitcoinj.utils.BtcFormatTest" time="0.0">
    <skipped/>
  </testcase>
  <testcase name="microcoinScaleTest[630]" classname="org.bitcoinj.utils.BtcFormatTest" time="0.0"/>
  <testcase name="parseMetricTest[630]" classname="org.bitcoinj.utils.BtcFormatTest" time="0.002"/>
  <testcase name="coinScaleTest[630]" classname="org.bitcoinj.utils.BtcFormatTest" time="0.0"/>
  <testcase name="builderTest[630]" classname="org.bitcoinj.utils.BtcFormatTest" time="0.0">
    <skipped/>
  </testcase>
  <testcase name="attributeTest[630]" classname="org.bitcoinj.utils.BtcFormatTest" time="0.0">
    <skipped/>
  </testcase>
  <testcase name="prefixTest[630]" classname="org.bitcoinj.utils.BtcFormatTest" time="0.0"/>
  <testcase name="suffixTest[630]" classname="org.bitcoinj.utils.BtcFormatTest" time="0.0">
    <skipped/>
  </testcase>
  <testcase name="autoDecimalTest[630]" classname="org.bitcoinj.utils.BtcFormatTest" time="0.001"/>
  <testcase name="symbolCollisionTest[630]" classname="org.bitcoinj.utils.BtcFormatTest" time="0.001"/>
  <testcase name="equalityTest[630]" classname="org.bitcoinj.utils.BtcFormatTest" time="0.002"/>
  <testcase name="columnAlignmentTest[630]" classname="org.bitcoinj.utils.BtcFormatTest" time="0.0"/>
  <testcase name="factoryTest[630]" classname="org.bitcoinj.utils.BtcFormatTest" time="0.0"/>
  <testcase name="parse[630]" classname="org.bitcoinj.utils.BtcFormatTest" time="0.0"/>
  <testcase name="btcRounding[630]" classname="org.bitcoinj.utils.BtcFormatTest" time="0.002"/>
  <testcase name="negativeTest[630]" classname="org.bitcoinj.utils.BtcFormatTest" time="0.0">
    <skipped/>
  </testcase>
  <testcase name="millicoinScaleTest[630]" classname="org.bitcoinj.utils.BtcFormatTest" time="0.0"/>
  <testcase name="toStringTest[630]" classname="org.bitcoinj.utils.BtcFormatTest" time="0.0">
    <skipped/>
  </testcase>
  <testcase name="testGrouping[630]" classname="org.bitcoinj.utils.BtcFormatTest" time="0.0"/>
  <testcase name="symbolsCodesTest[630]" classname="org.bitcoinj.utils.BtcFormatTest" time="0.001"/>
  <testcase name="defaultLocaleTest[630]" classname="org.bitcoinj.utils.BtcFormatTest" time="0.0"/>
  <testcase name="parsePositionTest[630]" classname="org.bitcoinj.utils.BtcFormatTest" time="0.0"/>
  <testcase name="argumentTypeTest[630]" classname="org.bitcoinj.utils.BtcFormatTest" time="0.0">
    <skipped/>
  </testcase>
  <testcase name="characterIteratorTest[630]" classname="org.bitcoinj.utils.BtcFormatTest" time="0.0"/>
  <testcase name="repeatingPlaceTest[630]" classname="org.bitcoinj.utils.BtcFormatTest" time="0.0"/>
  <testcase name="currencyCodeTest[630]" classname="org.bitcoinj.utils.BtcFormatTest" time="0.0">
    <skipped/>
  </testcase>
  <testcase name="patternDecimalPlaces[630]" classname="org.bitcoinj.utils.BtcFormatTest" time="0.001"/>
  <testcase name="factoryArgumentsTest[631]" classname="org.bitcoinj.utils.BtcFormatTest" time="0.0"/>
  <testcase name="parseTest[631]" classname="org.bitcoinj.utils.BtcFormatTest" time="0.0">
    <skipped/>
  </testcase>
  <testcase name="microcoinScaleTest[631]" classname="org.bitcoinj.utils.BtcFormatTest" time="0.001"/>
  <testcase name="parseMetricTest[631]" classname="org.bitcoinj.utils.BtcFormatTest" time="0.001"/>
  <testcase name="coinScaleTest[631]" classname="org.bitcoinj.utils.BtcFormatTest" time="0.0"/>
  <testcase name="builderTest[631]" classname="org.bitcoinj.utils.BtcFormatTest" time="0.0">
    <skipped/>
  </testcase>
  <testcase name="attributeTest[631]" classname="org.bitcoinj.utils.BtcFormatTest" time="0.0">
    <skipped/>
  </testcase>
  <testcase name="prefixTest[631]" classname="org.bitcoinj.utils.BtcFormatTest" time="0.0"/>
  <testcase name="suffixTest[631]" classname="org.bitcoinj.utils.BtcFormatTest" time="0.0">
    <skipped/>
  </testcase>
  <testcase name="autoDecimalTest[631]" classname="org.bitcoinj.utils.BtcFormatTest" time="0.001"/>
  <testcase name="symbolCollisionTest[631]" classname="org.bitcoinj.utils.BtcFormatTest" time="0.002"/>
  <testcase name="equalityTest[631]" classname="org.bitcoinj.utils.BtcFormatTest" time="0.001"/>
  <testcase name="columnAlignmentTest[631]" classname="org.bitcoinj.utils.BtcFormatTest" time="0.0"/>
  <testcase name="factoryTest[631]" classname="org.bitcoinj.utils.BtcFormatTest" time="0.0"/>
  <testcase name="parse[631]" classname="org.bitcoinj.utils.BtcFormatTest" time="0.0"/>
  <testcase name="btcRounding[631]" classname="org.bitcoinj.utils.BtcFormatTest" time="0.001"/>
  <testcase name="negativeTest[631]" classname="org.bitcoinj.utils.BtcFormatTest" time="0.0">
    <skipped/>
  </testcase>
  <testcase name="millicoinScaleTest[631]" classname="org.bitcoinj.utils.BtcFormatTest" time="0.0"/>
  <testcase name="toStringTest[631]" classname="org.bitcoinj.utils.BtcFormatTest" time="0.0">
    <skipped/>
  </testcase>
  <testcase name="testGrouping[631]" classname="org.bitcoinj.utils.BtcFormatTest" time="0.0"/>
  <testcase name="symbolsCodesTest[631]" classname="org.bitcoinj.utils.BtcFormatTest" time="0.001"/>
  <testcase name="defaultLocaleTest[631]" classname="org.bitcoinj.utils.BtcFormatTest" time="0.0"/>
  <testcase name="parsePositionTest[631]" classname="org.bitcoinj.utils.BtcFormatTest" time="0.0"/>
  <testcase name="argumentTypeTest[631]" classname="org.bitcoinj.utils.BtcFormatTest" time="0.0">
    <skipped/>
  </testcase>
  <testcase name="characterIteratorTest[631]" classname="org.bitcoinj.utils.BtcFormatTest" time="0.0"/>
  <testcase name="repeatingPlaceTest[631]" classname="org.bitcoinj.utils.BtcFormatTest" time="0.0"/>
  <testcase name="currencyCodeTest[631]" classname="org.bitcoinj.utils.BtcFormatTest" time="0.0">
    <skipped/>
  </testcase>
  <testcase name="patternDecimalPlaces[631]" classname="org.bitcoinj.utils.BtcFormatTest" time="0.0"/>
  <testcase name="factoryArgumentsTest[632]" classname="org.bitcoinj.utils.BtcFormatTest" time="0.001"/>
  <testcase name="parseTest[632]" classname="org.bitcoinj.utils.BtcFormatTest" time="0.0">
    <skipped/>
  </testcase>
  <testcase name="microcoinScaleTest[632]" classname="org.bitcoinj.utils.BtcFormatTest" time="0.0"/>
  <testcase name="parseMetricTest[632]" classname="org.bitcoinj.utils.BtcFormatTest" time="0.002"/>
  <testcase name="coinScaleTest[632]" classname="org.bitcoinj.utils.BtcFormatTest" time="0.0"/>
  <testcase name="builderTest[632]" classname="org.bitcoinj.utils.BtcFormatTest" time="0.0">
    <skipped/>
  </testcase>
  <testcase name="attributeTest[632]" classname="org.bitcoinj.utils.BtcFormatTest" time="0.0">
    <skipped/>
  </testcase>
  <testcase name="prefixTest[632]" classname="org.bitcoinj.utils.BtcFormatTest" time="0.0"/>
  <testcase name="suffixTest[632]" classname="org.bitcoinj.utils.BtcFormatTest" time="0.0">
    <skipped/>
  </testcase>
  <testcase name="autoDecimalTest[632]" classname="org.bitcoinj.utils.BtcFormatTest" time="0.001"/>
  <testcase name="symbolCollisionTest[632]" classname="org.bitcoinj.utils.BtcFormatTest" time="0.001"/>
  <testcase name="equalityTest[632]" classname="org.bitcoinj.utils.BtcFormatTest" time="0.002"/>
  <testcase name="columnAlignmentTest[632]" classname="org.bitcoinj.utils.BtcFormatTest" time="0.0"/>
  <testcase name="factoryTest[632]" classname="org.bitcoinj.utils.BtcFormatTest" time="0.0"/>
  <testcase name="parse[632]" classname="org.bitcoinj.utils.BtcFormatTest" time="0.0"/>
  <testcase name="btcRounding[632]" classname="org.bitcoinj.utils.BtcFormatTest" time="0.002"/>
  <testcase name="negativeTest[632]" classname="org.bitcoinj.utils.BtcFormatTest" time="0.0">
    <skipped/>
  </testcase>
  <testcase name="millicoinScaleTest[632]" classname="org.bitcoinj.utils.BtcFormatTest" time="0.0"/>
  <testcase name="toStringTest[632]" classname="org.bitcoinj.utils.BtcFormatTest" time="0.0">
    <skipped/>
  </testcase>
  <testcase name="testGrouping[632]" classname="org.bitcoinj.utils.BtcFormatTest" time="0.0"/>
  <testcase name="symbolsCodesTest[632]" classname="org.bitcoinj.utils.BtcFormatTest" time="0.0"/>
  <testcase name="defaultLocaleTest[632]" classname="org.bitcoinj.utils.BtcFormatTest" time="0.001"/>
  <testcase name="parsePositionTest[632]" classname="org.bitcoinj.utils.BtcFormatTest" time="0.0"/>
  <testcase name="argumentTypeTest[632]" classname="org.bitcoinj.utils.BtcFormatTest" time="0.0">
    <skipped/>
  </testcase>
  <testcase name="characterIteratorTest[632]" classname="org.bitcoinj.utils.BtcFormatTest" time="0.0"/>
  <testcase name="repeatingPlaceTest[632]" classname="org.bitcoinj.utils.BtcFormatTest" time="0.0"/>
  <testcase name="currencyCodeTest[632]" classname="org.bitcoinj.utils.BtcFormatTest" time="0.0">
    <skipped/>
  </testcase>
  <testcase name="patternDecimalPlaces[632]" classname="org.bitcoinj.utils.BtcFormatTest" time="0.0"/>
  <testcase name="factoryArgumentsTest[633]" classname="org.bitcoinj.utils.BtcFormatTest" time="0.0"/>
  <testcase name="parseTest[633]" classname="org.bitcoinj.utils.BtcFormatTest" time="0.0">
    <skipped/>
  </testcase>
  <testcase name="microcoinScaleTest[633]" classname="org.bitcoinj.utils.BtcFormatTest" time="0.0"/>
  <testcase name="parseMetricTest[633]" classname="org.bitcoinj.utils.BtcFormatTest" time="0.002"/>
  <testcase name="coinScaleTest[633]" classname="org.bitcoinj.utils.BtcFormatTest" time="0.0"/>
  <testcase name="builderTest[633]" classname="org.bitcoinj.utils.BtcFormatTest" time="0.0">
    <skipped/>
  </testcase>
  <testcase name="attributeTest[633]" classname="org.bitcoinj.utils.BtcFormatTest" time="0.0">
    <skipped/>
  </testcase>
  <testcase name="prefixTest[633]" classname="org.bitcoinj.utils.BtcFormatTest" time="0.001"/>
  <testcase name="suffixTest[633]" classname="org.bitcoinj.utils.BtcFormatTest" time="0.0">
    <skipped/>
  </testcase>
  <testcase name="autoDecimalTest[633]" classname="org.bitcoinj.utils.BtcFormatTest" time="0.0"/>
  <testcase name="symbolCollisionTest[633]" classname="org.bitcoinj.utils.BtcFormatTest" time="0.002"/>
  <testcase name="equalityTest[633]" classname="org.bitcoinj.utils.BtcFormatTest" time="0.001"/>
  <testcase name="columnAlignmentTest[633]" classname="org.bitcoinj.utils.BtcFormatTest" time="0.0"/>
  <testcase name="factoryTest[633]" classname="org.bitcoinj.utils.BtcFormatTest" time="0.0"/>
  <testcase name="parse[633]" classname="org.bitcoinj.utils.BtcFormatTest" time="0.001"/>
  <testcase name="btcRounding[633]" classname="org.bitcoinj.utils.BtcFormatTest" time="0.001"/>
  <testcase name="negativeTest[633]" classname="org.bitcoinj.utils.BtcFormatTest" time="0.0">
    <skipped/>
  </testcase>
  <testcase name="millicoinScaleTest[633]" classname="org.bitcoinj.utils.BtcFormatTest" time="0.0"/>
  <testcase name="toStringTest[633]" classname="org.bitcoinj.utils.BtcFormatTest" time="0.0">
    <skipped/>
  </testcase>
  <testcase name="testGrouping[633]" classname="org.bitcoinj.utils.BtcFormatTest" time="0.0"/>
  <testcase name="symbolsCodesTest[633]" classname="org.bitcoinj.utils.BtcFormatTest" time="0.0"/>
  <testcase name="defaultLocaleTest[633]" classname="org.bitcoinj.utils.BtcFormatTest" time="0.0"/>
  <testcase name="parsePositionTest[633]" classname="org.bitcoinj.utils.BtcFormatTest" time="0.0"/>
  <testcase name="argumentTypeTest[633]" classname="org.bitcoinj.utils.BtcFormatTest" time="0.0">
    <skipped/>
  </testcase>
  <testcase name="characterIteratorTest[633]" classname="org.bitcoinj.utils.BtcFormatTest" time="0.0"/>
  <testcase name="repeatingPlaceTest[633]" classname="org.bitcoinj.utils.BtcFormatTest" time="0.001"/>
  <testcase name="currencyCodeTest[633]" classname="org.bitcoinj.utils.BtcFormatTest" time="0.0">
    <skipped/>
  </testcase>
  <testcase name="patternDecimalPlaces[633]" classname="org.bitcoinj.utils.BtcFormatTest" time="0.0"/>
  <testcase name="factoryArgumentsTest[634]" classname="org.bitcoinj.utils.BtcFormatTest" time="0.0"/>
  <testcase name="parseTest[634]" classname="org.bitcoinj.utils.BtcFormatTest" time="0.0">
    <skipped/>
  </testcase>
  <testcase name="microcoinScaleTest[634]" classname="org.bitcoinj.utils.BtcFormatTest" time="0.001"/>
  <testcase name="parseMetricTest[634]" classname="org.bitcoinj.utils.BtcFormatTest" time="0.001"/>
  <testcase name="coinScaleTest[634]" classname="org.bitcoinj.utils.BtcFormatTest" time="0.0"/>
  <testcase name="builderTest[634]" classname="org.bitcoinj.utils.BtcFormatTest" time="0.0">
    <skipped/>
  </testcase>
  <testcase name="attributeTest[634]" classname="org.bitcoinj.utils.BtcFormatTest" time="0.0">
    <skipped/>
  </testcase>
  <testcase name="prefixTest[634]" classname="org.bitcoinj.utils.BtcFormatTest" time="0.0"/>
  <testcase name="suffixTest[634]" classname="org.bitcoinj.utils.BtcFormatTest" time="0.0">
    <skipped/>
  </testcase>
  <testcase name="autoDecimalTest[634]" classname="org.bitcoinj.utils.BtcFormatTest" time="0.001"/>
  <testcase name="symbolCollisionTest[634]" classname="org.bitcoinj.utils.BtcFormatTest" time="0.002"/>
  <testcase name="equalityTest[634]" classname="org.bitcoinj.utils.BtcFormatTest" time="0.001"/>
  <testcase name="columnAlignmentTest[634]" classname="org.bitcoinj.utils.BtcFormatTest" time="0.0"/>
  <testcase name="factoryTest[634]" classname="org.bitcoinj.utils.BtcFormatTest" time="0.0"/>
  <testcase name="parse[634]" classname="org.bitcoinj.utils.BtcFormatTest" time="0.001"/>
  <testcase name="btcRounding[634]" classname="org.bitcoinj.utils.BtcFormatTest" time="0.001"/>
  <testcase name="negativeTest[634]" classname="org.bitcoinj.utils.BtcFormatTest" time="0.0">
    <skipped/>
  </testcase>
  <testcase name="millicoinScaleTest[634]" classname="org.bitcoinj.utils.BtcFormatTest" time="0.0"/>
  <testcase name="toStringTest[634]" classname="org.bitcoinj.utils.BtcFormatTest" time="0.0">
    <skipped/>
  </testcase>
  <testcase name="testGrouping[634]" classname="org.bitcoinj.utils.BtcFormatTest" time="0.0"/>
  <testcase name="symbolsCodesTest[634]" classname="org.bitcoinj.utils.BtcFormatTest" time="0.001"/>
  <testcase name="defaultLocaleTest[634]" classname="org.bitcoinj.utils.BtcFormatTest" time="0.0"/>
  <testcase name="parsePositionTest[634]" classname="org.bitcoinj.utils.BtcFormatTest" time="0.0"/>
  <testcase name="argumentTypeTest[634]" classname="org.bitcoinj.utils.BtcFormatTest" time="0.0">
    <skipped/>
  </testcase>
  <testcase name="characterIteratorTest[634]" classname="org.bitcoinj.utils.BtcFormatTest" time="0.0"/>
  <testcase name="repeatingPlaceTest[634]" classname="org.bitcoinj.utils.BtcFormatTest" time="0.001"/>
  <testcase name="currencyCodeTest[634]" classname="org.bitcoinj.utils.BtcFormatTest" time="0.0">
    <skipped/>
  </testcase>
  <testcase name="patternDecimalPlaces[634]" classname="org.bitcoinj.utils.BtcFormatTest" time="0.0"/>
  <testcase name="factoryArgumentsTest[635]" classname="org.bitcoinj.utils.BtcFormatTest" time="0.001"/>
  <testcase name="parseTest[635]" classname="org.bitcoinj.utils.BtcFormatTest" time="0.0">
    <skipped/>
  </testcase>
  <testcase name="microcoinScaleTest[635]" classname="org.bitcoinj.utils.BtcFormatTest" time="0.0"/>
  <testcase name="parseMetricTest[635]" classname="org.bitcoinj.utils.BtcFormatTest" time="0.001"/>
  <testcase name="coinScaleTest[635]" classname="org.bitcoinj.utils.BtcFormatTest" time="0.0"/>
  <testcase name="builderTest[635]" classname="org.bitcoinj.utils.BtcFormatTest" time="0.0">
    <skipped/>
  </testcase>
  <testcase name="attributeTest[635]" classname="org.bitcoinj.utils.BtcFormatTest" time="0.0">
    <skipped/>
  </testcase>
  <testcase name="prefixTest[635]" classname="org.bitcoinj.utils.BtcFormatTest" time="0.0"/>
  <testcase name="suffixTest[635]" classname="org.bitcoinj.utils.BtcFormatTest" time="0.0">
    <skipped/>
  </testcase>
  <testcase name="autoDecimalTest[635]" classname="org.bitcoinj.utils.BtcFormatTest" time="0.0"/>
  <testcase name="symbolCollisionTest[635]" classname="org.bitcoinj.utils.BtcFormatTest" time="0.002"/>
  <testcase name="equalityTest[635]" classname="org.bitcoinj.utils.BtcFormatTest" time="0.001"/>
  <testcase name="columnAlignmentTest[635]" classname="org.bitcoinj.utils.BtcFormatTest" time="0.0"/>
  <testcase name="factoryTest[635]" classname="org.bitcoinj.utils.BtcFormatTest" time="0.001"/>
  <testcase name="parse[635]" classname="org.bitcoinj.utils.BtcFormatTest" time="0.0"/>
  <testcase name="btcRounding[635]" classname="org.bitcoinj.utils.BtcFormatTest" time="0.001"/>
  <testcase name="negativeTest[635]" classname="org.bitcoinj.utils.BtcFormatTest" time="0.0">
    <skipped/>
  </testcase>
  <testcase name="millicoinScaleTest[635]" classname="org.bitcoinj.utils.BtcFormatTest" time="0.0"/>
  <testcase name="toStringTest[635]" classname="org.bitcoinj.utils.BtcFormatTest" time="0.0">
    <skipped/>
  </testcase>
  <testcase name="testGrouping[635]" classname="org.bitcoinj.utils.BtcFormatTest" time="0.0"/>
  <testcase name="symbolsCodesTest[635]" classname="org.bitcoinj.utils.BtcFormatTest" time="0.001"/>
  <testcase name="defaultLocaleTest[635]" classname="org.bitcoinj.utils.BtcFormatTest" time="0.001"/>
  <testcase name="parsePositionTest[635]" classname="org.bitcoinj.utils.BtcFormatTest" time="0.0"/>
  <testcase name="argumentTypeTest[635]" classname="org.bitcoinj.utils.BtcFormatTest" time="0.0">
    <skipped/>
  </testcase>
  <testcase name="characterIteratorTest[635]" classname="org.bitcoinj.utils.BtcFormatTest" time="0.002"/>
  <testcase name="repeatingPlaceTest[635]" classname="org.bitcoinj.utils.BtcFormatTest" time="0.0"/>
  <testcase name="currencyCodeTest[635]" classname="org.bitcoinj.utils.BtcFormatTest" time="0.0">
    <skipped/>
  </testcase>
  <testcase name="patternDecimalPlaces[635]" classname="org.bitcoinj.utils.BtcFormatTest" time="0.001"/>
  <testcase name="factoryArgumentsTest[636]" classname="org.bitcoinj.utils.BtcFormatTest" time="0.0"/>
  <testcase name="parseTest[636]" classname="org.bitcoinj.utils.BtcFormatTest" time="0.0">
    <skipped/>
  </testcase>
  <testcase name="microcoinScaleTest[636]" classname="org.bitcoinj.utils.BtcFormatTest" time="0.001"/>
  <testcase name="parseMetricTest[636]" classname="org.bitcoinj.utils.BtcFormatTest" time="0.001"/>
  <testcase name="coinScaleTest[636]" classname="org.bitcoinj.utils.BtcFormatTest" time="0.0"/>
  <testcase name="builderTest[636]" classname="org.bitcoinj.utils.BtcFormatTest" time="0.0">
    <skipped/>
  </testcase>
  <testcase name="attributeTest[636]" classname="org.bitcoinj.utils.BtcFormatTest" time="0.0">
    <skipped/>
  </testcase>
  <testcase name="prefixTest[636]" classname="org.bitcoinj.utils.BtcFormatTest" time="0.0"/>
  <testcase name="suffixTest[636]" classname="org.bitcoinj.utils.BtcFormatTest" time="0.0">
    <skipped/>
  </testcase>
  <testcase name="autoDecimalTest[636]" classname="org.bitcoinj.utils.BtcFormatTest" time="0.001"/>
  <testcase name="symbolCollisionTest[636]" classname="org.bitcoinj.utils.BtcFormatTest" time="0.002"/>
  <testcase name="equalityTest[636]" classname="org.bitcoinj.utils.BtcFormatTest" time="0.001"/>
  <testcase name="columnAlignmentTest[636]" classname="org.bitcoinj.utils.BtcFormatTest" time="0.001"/>
  <testcase name="factoryTest[636]" classname="org.bitcoinj.utils.BtcFormatTest" time="0.0"/>
  <testcase name="parse[636]" classname="org.bitcoinj.utils.BtcFormatTest" time="0.0"/>
  <testcase name="btcRounding[636]" classname="org.bitcoinj.utils.BtcFormatTest" time="0.002"/>
  <testcase name="negativeTest[636]" classname="org.bitcoinj.utils.BtcFormatTest" time="0.0">
    <skipped/>
  </testcase>
  <testcase name="millicoinScaleTest[636]" classname="org.bitcoinj.utils.BtcFormatTest" time="0.0"/>
  <testcase name="toStringTest[636]" classname="org.bitcoinj.utils.BtcFormatTest" time="0.0">
    <skipped/>
  </testcase>
  <testcase name="testGrouping[636]" classname="org.bitcoinj.utils.BtcFormatTest" time="0.0"/>
  <testcase name="symbolsCodesTest[636]" classname="org.bitcoinj.utils.BtcFormatTest" time="0.001"/>
  <testcase name="defaultLocaleTest[636]" classname="org.bitcoinj.utils.BtcFormatTest" time="0.0"/>
  <testcase name="parsePositionTest[636]" classname="org.bitcoinj.utils.BtcFormatTest" time="0.0"/>
  <testcase name="argumentTypeTest[636]" classname="org.bitcoinj.utils.BtcFormatTest" time="0.0">
    <skipped/>
  </testcase>
  <testcase name="characterIteratorTest[636]" classname="org.bitcoinj.utils.BtcFormatTest" time="0.0"/>
  <testcase name="repeatingPlaceTest[636]" classname="org.bitcoinj.utils.BtcFormatTest" time="0.0"/>
  <testcase name="currencyCodeTest[636]" classname="org.bitcoinj.utils.BtcFormatTest" time="0.0">
    <skipped/>
  </testcase>
  <testcase name="patternDecimalPlaces[636]" classname="org.bitcoinj.utils.BtcFormatTest" time="0.001"/>
  <testcase name="factoryArgumentsTest[637]" classname="org.bitcoinj.utils.BtcFormatTest" time="0.0"/>
  <testcase name="parseTest[637]" classname="org.bitcoinj.utils.BtcFormatTest" time="0.0">
    <skipped/>
  </testcase>
  <testcase name="microcoinScaleTest[637]" classname="org.bitcoinj.utils.BtcFormatTest" time="0.0"/>
  <testcase name="parseMetricTest[637]" classname="org.bitcoinj.utils.BtcFormatTest" time="0.001"/>
  <testcase name="coinScaleTest[637]" classname="org.bitcoinj.utils.BtcFormatTest" time="0.0"/>
  <testcase name="builderTest[637]" classname="org.bitcoinj.utils.BtcFormatTest" time="0.0">
    <skipped/>
  </testcase>
  <testcase name="attributeTest[637]" classname="org.bitcoinj.utils.BtcFormatTest" time="0.0">
    <skipped/>
  </testcase>
  <testcase name="prefixTest[637]" classname="org.bitcoinj.utils.BtcFormatTest" time="0.0"/>
  <testcase name="suffixTest[637]" classname="org.bitcoinj.utils.BtcFormatTest" time="0.0">
    <skipped/>
  </testcase>
  <testcase name="autoDecimalTest[637]" classname="org.bitcoinj.utils.BtcFormatTest" time="0.0"/>
  <testcase name="symbolCollisionTest[637]" classname="org.bitcoinj.utils.BtcFormatTest" time="0.002"/>
  <testcase name="equalityTest[637]" classname="org.bitcoinj.utils.BtcFormatTest" time="0.001"/>
  <testcase name="columnAlignmentTest[637]" classname="org.bitcoinj.utils.BtcFormatTest" time="0.0"/>
  <testcase name="factoryTest[637]" classname="org.bitcoinj.utils.BtcFormatTest" time="0.001"/>
  <testcase name="parse[637]" classname="org.bitcoinj.utils.BtcFormatTest" time="0.0"/>
  <testcase name="btcRounding[637]" classname="org.bitcoinj.utils.BtcFormatTest" time="0.001"/>
  <testcase name="negativeTest[637]" classname="org.bitcoinj.utils.BtcFormatTest" time="0.0">
    <skipped/>
  </testcase>
  <testcase name="millicoinScaleTest[637]" classname="org.bitcoinj.utils.BtcFormatTest" time="0.0"/>
  <testcase name="toStringTest[637]" classname="org.bitcoinj.utils.BtcFormatTest" time="0.0">
    <skipped/>
  </testcase>
  <testcase name="testGrouping[637]" classname="org.bitcoinj.utils.BtcFormatTest" time="0.0"/>
  <testcase name="symbolsCodesTest[637]" classname="org.bitcoinj.utils.BtcFormatTest" time="0.001"/>
  <testcase name="defaultLocaleTest[637]" classname="org.bitcoinj.utils.BtcFormatTest" time="0.0"/>
  <testcase name="parsePositionTest[637]" classname="org.bitcoinj.utils.BtcFormatTest" time="0.0"/>
  <testcase name="argumentTypeTest[637]" classname="org.bitcoinj.utils.BtcFormatTest" time="0.0">
    <skipped/>
  </testcase>
  <testcase name="characterIteratorTest[637]" classname="org.bitcoinj.utils.BtcFormatTest" time="0.001"/>
  <testcase name="repeatingPlaceTest[637]" classname="org.bitcoinj.utils.BtcFormatTest" time="0.0"/>
  <testcase name="currencyCodeTest[637]" classname="org.bitcoinj.utils.BtcFormatTest" time="0.0">
    <skipped/>
  </testcase>
  <testcase name="patternDecimalPlaces[637]" classname="org.bitcoinj.utils.BtcFormatTest" time="0.0"/>
  <testcase name="factoryArgumentsTest[638]" classname="org.bitcoinj.utils.BtcFormatTest" time="0.001"/>
  <testcase name="parseTest[638]" classname="org.bitcoinj.utils.BtcFormatTest" time="0.0">
    <skipped/>
  </testcase>
  <testcase name="microcoinScaleTest[638]" classname="org.bitcoinj.utils.BtcFormatTest" time="0.0"/>
  <testcase name="parseMetricTest[638]" classname="org.bitcoinj.utils.BtcFormatTest" time="0.001"/>
  <testcase name="coinScaleTest[638]" classname="org.bitcoinj.utils.BtcFormatTest" time="0.0"/>
  <testcase name="builderTest[638]" classname="org.bitcoinj.utils.BtcFormatTest" time="0.0">
    <skipped/>
  </testcase>
  <testcase name="attributeTest[638]" classname="org.bitcoinj.utils.BtcFormatTest" time="0.0">
    <skipped/>
  </testcase>
  <testcase name="prefixTest[638]" classname="org.bitcoinj.utils.BtcFormatTest" time="0.0"/>
  <testcase name="suffixTest[638]" classname="org.bitcoinj.utils.BtcFormatTest" time="0.0">
    <skipped/>
  </testcase>
  <testcase name="autoDecimalTest[638]" classname="org.bitcoinj.utils.BtcFormatTest" time="0.001"/>
  <testcase name="symbolCollisionTest[638]" classname="org.bitcoinj.utils.BtcFormatTest" time="0.001"/>
  <testcase name="equalityTest[638]" classname="org.bitcoinj.utils.BtcFormatTest" time="0.002"/>
  <testcase name="columnAlignmentTest[638]" classname="org.bitcoinj.utils.BtcFormatTest" time="0.0"/>
  <testcase name="factoryTest[638]" classname="org.bitcoinj.utils.BtcFormatTest" time="0.0"/>
  <testcase name="parse[638]" classname="org.bitcoinj.utils.BtcFormatTest" time="0.0"/>
  <testcase name="btcRounding[638]" classname="org.bitcoinj.utils.BtcFormatTest" time="0.001"/>
  <testcase name="negativeTest[638]" classname="org.bitcoinj.utils.BtcFormatTest" time="0.0">
    <skipped/>
  </testcase>
  <testcase name="millicoinScaleTest[638]" classname="org.bitcoinj.utils.BtcFormatTest" time="0.0"/>
  <testcase name="toStringTest[638]" classname="org.bitcoinj.utils.BtcFormatTest" time="0.0">
    <skipped/>
  </testcase>
  <testcase name="testGrouping[638]" classname="org.bitcoinj.utils.BtcFormatTest" time="0.001"/>
  <testcase name="symbolsCodesTest[638]" classname="org.bitcoinj.utils.BtcFormatTest" time="0.0"/>
  <testcase name="defaultLocaleTest[638]" classname="org.bitcoinj.utils.BtcFormatTest" time="0.001"/>
  <testcase name="parsePositionTest[638]" classname="org.bitcoinj.utils.BtcFormatTest" time="0.0"/>
  <testcase name="argumentTypeTest[638]" classname="org.bitcoinj.utils.BtcFormatTest" time="0.0">
    <skipped/>
  </testcase>
  <testcase name="characterIteratorTest[638]" classname="org.bitcoinj.utils.BtcFormatTest" time="0.0"/>
  <testcase name="repeatingPlaceTest[638]" classname="org.bitcoinj.utils.BtcFormatTest" time="0.0"/>
  <testcase name="currencyCodeTest[638]" classname="org.bitcoinj.utils.BtcFormatTest" time="0.0">
    <skipped/>
  </testcase>
  <testcase name="patternDecimalPlaces[638]" classname="org.bitcoinj.utils.BtcFormatTest" time="0.0"/>
  <testcase name="factoryArgumentsTest[639]" classname="org.bitcoinj.utils.BtcFormatTest" time="0.001"/>
  <testcase name="parseTest[639]" classname="org.bitcoinj.utils.BtcFormatTest" time="0.0">
    <skipped/>
  </testcase>
  <testcase name="microcoinScaleTest[639]" classname="org.bitcoinj.utils.BtcFormatTest" time="0.0"/>
  <testcase name="parseMetricTest[639]" classname="org.bitcoinj.utils.BtcFormatTest" time="0.001"/>
  <testcase name="coinScaleTest[639]" classname="org.bitcoinj.utils.BtcFormatTest" time="0.001"/>
  <testcase name="builderTest[639]" classname="org.bitcoinj.utils.BtcFormatTest" time="0.0">
    <skipped/>
  </testcase>
  <testcase name="attributeTest[639]" classname="org.bitcoinj.utils.BtcFormatTest" time="0.0">
    <skipped/>
  </testcase>
  <testcase name="prefixTest[639]" classname="org.bitcoinj.utils.BtcFormatTest" time="0.0"/>
  <testcase name="suffixTest[639]" classname="org.bitcoinj.utils.BtcFormatTest" time="0.0">
    <skipped/>
  </testcase>
  <testcase name="autoDecimalTest[639]" classname="org.bitcoinj.utils.BtcFormatTest" time="0.001"/>
  <testcase name="symbolCollisionTest[639]" classname="org.bitcoinj.utils.BtcFormatTest" time="0.001"/>
  <testcase name="equalityTest[639]" classname="org.bitcoinj.utils.BtcFormatTest" time="0.002"/>
  <testcase name="columnAlignmentTest[639]" classname="org.bitcoinj.utils.BtcFormatTest" time="0.0"/>
  <testcase name="factoryTest[639]" classname="org.bitcoinj.utils.BtcFormatTest" time="0.0"/>
  <testcase name="parse[639]" classname="org.bitcoinj.utils.BtcFormatTest" time="0.0"/>
  <testcase name="btcRounding[639]" classname="org.bitcoinj.utils.BtcFormatTest" time="0.001"/>
  <testcase name="negativeTest[639]" classname="org.bitcoinj.utils.BtcFormatTest" time="0.0">
    <skipped/>
  </testcase>
  <testcase name="millicoinScaleTest[639]" classname="org.bitcoinj.utils.BtcFormatTest" time="0.001"/>
  <testcase name="toStringTest[639]" classname="org.bitcoinj.utils.BtcFormatTest" time="0.0">
    <skipped/>
  </testcase>
  <testcase name="testGrouping[639]" classname="org.bitcoinj.utils.BtcFormatTest" time="0.0"/>
  <testcase name="symbolsCodesTest[639]" classname="org.bitcoinj.utils.BtcFormatTest" time="0.001"/>
  <testcase name="defaultLocaleTest[639]" classname="org.bitcoinj.utils.BtcFormatTest" time="0.0"/>
  <testcase name="parsePositionTest[639]" classname="org.bitcoinj.utils.BtcFormatTest" time="0.0"/>
  <testcase name="argumentTypeTest[639]" classname="org.bitcoinj.utils.BtcFormatTest" time="0.0">
    <skipped/>
  </testcase>
  <testcase name="characterIteratorTest[639]" classname="org.bitcoinj.utils.BtcFormatTest" time="0.001"/>
  <testcase name="repeatingPlaceTest[639]" classname="org.bitcoinj.utils.BtcFormatTest" time="0.0"/>
  <testcase name="currencyCodeTest[639]" classname="org.bitcoinj.utils.BtcFormatTest" time="0.0">
    <skipped/>
  </testcase>
  <testcase name="patternDecimalPlaces[639]" classname="org.bitcoinj.utils.BtcFormatTest" time="0.0"/>
  <testcase name="factoryArgumentsTest[640]" classname="org.bitcoinj.utils.BtcFormatTest" time="0.001"/>
  <testcase name="parseTest[640]" classname="org.bitcoinj.utils.BtcFormatTest" time="0.0">
    <skipped/>
  </testcase>
  <testcase name="microcoinScaleTest[640]" classname="org.bitcoinj.utils.BtcFormatTest" time="0.0"/>
  <testcase name="parseMetricTest[640]" classname="org.bitcoinj.utils.BtcFormatTest" time="0.001"/>
  <testcase name="coinScaleTest[640]" classname="org.bitcoinj.utils.BtcFormatTest" time="0.0"/>
  <testcase name="builderTest[640]" classname="org.bitcoinj.utils.BtcFormatTest" time="0.0">
    <skipped/>
  </testcase>
  <testcase name="attributeTest[640]" classname="org.bitcoinj.utils.BtcFormatTest" time="0.0">
    <skipped/>
  </testcase>
  <testcase name="prefixTest[640]" classname="org.bitcoinj.utils.BtcFormatTest" time="0.0"/>
  <testcase name="suffixTest[640]" classname="org.bitcoinj.utils.BtcFormatTest" time="0.0">
    <skipped/>
  </testcase>
  <testcase name="autoDecimalTest[640]" classname="org.bitcoinj.utils.BtcFormatTest" time="0.001"/>
  <testcase name="symbolCollisionTest[640]" classname="org.bitcoinj.utils.BtcFormatTest" time="0.002"/>
  <testcase name="equalityTest[640]" classname="org.bitcoinj.utils.BtcFormatTest" time="0.002"/>
  <testcase name="columnAlignmentTest[640]" classname="org.bitcoinj.utils.BtcFormatTest" time="0.0"/>
  <testcase name="factoryTest[640]" classname="org.bitcoinj.utils.BtcFormatTest" time="0.0"/>
  <testcase name="parse[640]" classname="org.bitcoinj.utils.BtcFormatTest" time="0.0"/>
  <testcase name="btcRounding[640]" classname="org.bitcoinj.utils.BtcFormatTest" time="0.002"/>
  <testcase name="negativeTest[640]" classname="org.bitcoinj.utils.BtcFormatTest" time="0.0">
    <skipped/>
  </testcase>
  <testcase name="millicoinScaleTest[640]" classname="org.bitcoinj.utils.BtcFormatTest" time="0.0"/>
  <testcase name="toStringTest[640]" classname="org.bitcoinj.utils.BtcFormatTest" time="0.0">
    <skipped/>
  </testcase>
  <testcase name="testGrouping[640]" classname="org.bitcoinj.utils.BtcFormatTest" time="0.0"/>
  <testcase name="symbolsCodesTest[640]" classname="org.bitcoinj.utils.BtcFormatTest" time="0.001"/>
  <testcase name="defaultLocaleTest[640]" classname="org.bitcoinj.utils.BtcFormatTest" time="0.0"/>
  <testcase name="parsePositionTest[640]" classname="org.bitcoinj.utils.BtcFormatTest" time="0.0"/>
  <testcase name="argumentTypeTest[640]" classname="org.bitcoinj.utils.BtcFormatTest" time="0.0">
    <skipped/>
  </testcase>
  <testcase name="characterIteratorTest[640]" classname="org.bitcoinj.utils.BtcFormatTest" time="0.001"/>
  <testcase name="repeatingPlaceTest[640]" classname="org.bitcoinj.utils.BtcFormatTest" time="0.0"/>
  <testcase name="currencyCodeTest[640]" classname="org.bitcoinj.utils.BtcFormatTest" time="0.0">
    <skipped/>
  </testcase>
  <testcase name="patternDecimalPlaces[640]" classname="org.bitcoinj.utils.BtcFormatTest" time="0.0"/>
  <testcase name="factoryArgumentsTest[641]" classname="org.bitcoinj.utils.BtcFormatTest" time="0.001"/>
  <testcase name="parseTest[641]" classname="org.bitcoinj.utils.BtcFormatTest" time="0.0">
    <skipped/>
  </testcase>
  <testcase name="microcoinScaleTest[641]" classname="org.bitcoinj.utils.BtcFormatTest" time="0.0"/>
  <testcase name="parseMetricTest[641]" classname="org.bitcoinj.utils.BtcFormatTest" time="0.001"/>
  <testcase name="coinScaleTest[641]" classname="org.bitcoinj.utils.BtcFormatTest" time="0.0"/>
  <testcase name="builderTest[641]" classname="org.bitcoinj.utils.BtcFormatTest" time="0.0">
    <skipped/>
  </testcase>
  <testcase name="attributeTest[641]" classname="org.bitcoinj.utils.BtcFormatTest" time="0.0">
    <skipped/>
  </testcase>
  <testcase name="prefixTest[641]" classname="org.bitcoinj.utils.BtcFormatTest" time="0.0"/>
  <testcase name="suffixTest[641]" classname="org.bitcoinj.utils.BtcFormatTest" time="0.0">
    <skipped/>
  </testcase>
  <testcase name="autoDecimalTest[641]" classname="org.bitcoinj.utils.BtcFormatTest" time="0.001"/>
  <testcase name="symbolCollisionTest[641]" classname="org.bitcoinj.utils.BtcFormatTest" time="0.002"/>
  <testcase name="equalityTest[641]" classname="org.bitcoinj.utils.BtcFormatTest" time="0.002"/>
  <testcase name="columnAlignmentTest[641]" classname="org.bitcoinj.utils.BtcFormatTest" time="0.0"/>
  <testcase name="factoryTest[641]" classname="org.bitcoinj.utils.BtcFormatTest" time="0.0"/>
  <testcase name="parse[641]" classname="org.bitcoinj.utils.BtcFormatTest" time="0.0"/>
  <testcase name="btcRounding[641]" classname="org.bitcoinj.utils.BtcFormatTest" time="0.001"/>
  <testcase name="negativeTest[641]" classname="org.bitcoinj.utils.BtcFormatTest" time="0.0">
    <skipped/>
  </testcase>
  <testcase name="millicoinScaleTest[641]" classname="org.bitcoinj.utils.BtcFormatTest" time="0.001"/>
  <testcase name="toStringTest[641]" classname="org.bitcoinj.utils.BtcFormatTest" time="0.0">
    <skipped/>
  </testcase>
  <testcase name="testGrouping[641]" classname="org.bitcoinj.utils.BtcFormatTest" time="0.0"/>
  <testcase name="symbolsCodesTest[641]" classname="org.bitcoinj.utils.BtcFormatTest" time="0.0"/>
  <testcase name="defaultLocaleTest[641]" classname="org.bitcoinj.utils.BtcFormatTest" time="0.0"/>
  <testcase name="parsePositionTest[641]" classname="org.bitcoinj.utils.BtcFormatTest" time="0.001"/>
  <testcase name="argumentTypeTest[641]" classname="org.bitcoinj.utils.BtcFormatTest" time="0.0">
    <skipped/>
  </testcase>
  <testcase name="characterIteratorTest[641]" classname="org.bitcoinj.utils.BtcFormatTest" time="0.0"/>
  <testcase name="repeatingPlaceTest[641]" classname="org.bitcoinj.utils.BtcFormatTest" time="0.0"/>
  <testcase name="currencyCodeTest[641]" classname="org.bitcoinj.utils.BtcFormatTest" time="0.0">
    <skipped/>
  </testcase>
  <testcase name="patternDecimalPlaces[641]" classname="org.bitcoinj.utils.BtcFormatTest" time="0.0"/>
  <testcase name="factoryArgumentsTest[642]" classname="org.bitcoinj.utils.BtcFormatTest" time="0.001"/>
  <testcase name="parseTest[642]" classname="org.bitcoinj.utils.BtcFormatTest" time="0.0">
    <skipped/>
  </testcase>
  <testcase name="microcoinScaleTest[642]" classname="org.bitcoinj.utils.BtcFormatTest" time="0.0"/>
  <testcase name="parseMetricTest[642]" classname="org.bitcoinj.utils.BtcFormatTest" time="0.002"/>
  <testcase name="coinScaleTest[642]" classname="org.bitcoinj.utils.BtcFormatTest" time="0.002"/>
  <testcase name="builderTest[642]" classname="org.bitcoinj.utils.BtcFormatTest" time="0.0">
    <skipped/>
  </testcase>
  <testcase name="attributeTest[642]" classname="org.bitcoinj.utils.BtcFormatTest" time="0.0">
    <skipped/>
  </testcase>
  <testcase name="prefixTest[642]" classname="org.bitcoinj.utils.BtcFormatTest" time="0.0"/>
  <testcase name="suffixTest[642]" classname="org.bitcoinj.utils.BtcFormatTest" time="0.0">
    <skipped/>
  </testcase>
  <testcase name="autoDecimalTest[642]" classname="org.bitcoinj.utils.BtcFormatTest" time="0.001"/>
  <testcase name="symbolCollisionTest[642]" classname="org.bitcoinj.utils.BtcFormatTest" time="0.002"/>
  <testcase name="equalityTest[642]" classname="org.bitcoinj.utils.BtcFormatTest" time="0.001"/>
  <testcase name="columnAlignmentTest[642]" classname="org.bitcoinj.utils.BtcFormatTest" time="0.001"/>
  <testcase name="factoryTest[642]" classname="org.bitcoinj.utils.BtcFormatTest" time="0.0"/>
  <testcase name="parse[642]" classname="org.bitcoinj.utils.BtcFormatTest" time="0.0"/>
  <testcase name="btcRounding[642]" classname="org.bitcoinj.utils.BtcFormatTest" time="0.001"/>
  <testcase name="negativeTest[642]" classname="org.bitcoinj.utils.BtcFormatTest" time="0.0">
    <skipped/>
  </testcase>
  <testcase name="millicoinScaleTest[642]" classname="org.bitcoinj.utils.BtcFormatTest" time="0.0"/>
  <testcase name="toStringTest[642]" classname="org.bitcoinj.utils.BtcFormatTest" time="0.0">
    <skipped/>
  </testcase>
  <testcase name="testGrouping[642]" classname="org.bitcoinj.utils.BtcFormatTest" time="0.0"/>
  <testcase name="symbolsCodesTest[642]" classname="org.bitcoinj.utils.BtcFormatTest" time="0.001"/>
  <testcase name="defaultLocaleTest[642]" classname="org.bitcoinj.utils.BtcFormatTest" time="0.0"/>
  <testcase name="parsePositionTest[642]" classname="org.bitcoinj.utils.BtcFormatTest" time="0.0"/>
  <testcase name="argumentTypeTest[642]" classname="org.bitcoinj.utils.BtcFormatTest" time="0.0">
    <skipped/>
  </testcase>
  <testcase name="characterIteratorTest[642]" classname="org.bitcoinj.utils.BtcFormatTest" time="0.001"/>
  <testcase name="repeatingPlaceTest[642]" classname="org.bitcoinj.utils.BtcFormatTest" time="0.0"/>
  <testcase name="currencyCodeTest[642]" classname="org.bitcoinj.utils.BtcFormatTest" time="0.0">
    <skipped/>
  </testcase>
  <testcase name="patternDecimalPlaces[642]" classname="org.bitcoinj.utils.BtcFormatTest" time="0.0"/>
  <testcase name="factoryArgumentsTest[643]" classname="org.bitcoinj.utils.BtcFormatTest" time="0.001"/>
  <testcase name="parseTest[643]" classname="org.bitcoinj.utils.BtcFormatTest" time="0.0">
    <skipped/>
  </testcase>
  <testcase name="microcoinScaleTest[643]" classname="org.bitcoinj.utils.BtcFormatTest" time="0.0"/>
  <testcase name="parseMetricTest[643]" classname="org.bitcoinj.utils.BtcFormatTest" time="0.001"/>
  <testcase name="coinScaleTest[643]" classname="org.bitcoinj.utils.BtcFormatTest" time="0.0"/>
  <testcase name="builderTest[643]" classname="org.bitcoinj.utils.BtcFormatTest" time="0.0">
    <skipped/>
  </testcase>
  <testcase name="attributeTest[643]" classname="org.bitcoinj.utils.BtcFormatTest" time="0.0">
    <skipped/>
  </testcase>
  <testcase name="prefixTest[643]" classname="org.bitcoinj.utils.BtcFormatTest" time="0.0"/>
  <testcase name="suffixTest[643]" classname="org.bitcoinj.utils.BtcFormatTest" time="0.0">
    <skipped/>
  </testcase>
  <testcase name="autoDecimalTest[643]" classname="org.bitcoinj.utils.BtcFormatTest" time="0.001"/>
  <testcase name="symbolCollisionTest[643]" classname="org.bitcoinj.utils.BtcFormatTest" time="0.001"/>
  <testcase name="equalityTest[643]" classname="org.bitcoinj.utils.BtcFormatTest" time="0.003"/>
  <testcase name="columnAlignmentTest[643]" classname="org.bitcoinj.utils.BtcFormatTest" time="0.0"/>
  <testcase name="factoryTest[643]" classname="org.bitcoinj.utils.BtcFormatTest" time="0.0"/>
  <testcase name="parse[643]" classname="org.bitcoinj.utils.BtcFormatTest" time="0.0"/>
  <testcase name="btcRounding[643]" classname="org.bitcoinj.utils.BtcFormatTest" time="0.002"/>
  <testcase name="negativeTest[643]" classname="org.bitcoinj.utils.BtcFormatTest" time="0.0">
    <skipped/>
  </testcase>
  <testcase name="millicoinScaleTest[643]" classname="org.bitcoinj.utils.BtcFormatTest" time="0.0"/>
  <testcase name="toStringTest[643]" classname="org.bitcoinj.utils.BtcFormatTest" time="0.0">
    <skipped/>
  </testcase>
  <testcase name="testGrouping[643]" classname="org.bitcoinj.utils.BtcFormatTest" time="0.0"/>
  <testcase name="symbolsCodesTest[643]" classname="org.bitcoinj.utils.BtcFormatTest" time="0.001"/>
  <testcase name="defaultLocaleTest[643]" classname="org.bitcoinj.utils.BtcFormatTest" time="0.0"/>
  <testcase name="parsePositionTest[643]" classname="org.bitcoinj.utils.BtcFormatTest" time="0.0"/>
  <testcase name="argumentTypeTest[643]" classname="org.bitcoinj.utils.BtcFormatTest" time="0.0">
    <skipped/>
  </testcase>
  <testcase name="characterIteratorTest[643]" classname="org.bitcoinj.utils.BtcFormatTest" time="0.001"/>
  <testcase name="repeatingPlaceTest[643]" classname="org.bitcoinj.utils.BtcFormatTest" time="0.0"/>
  <testcase name="currencyCodeTest[643]" classname="org.bitcoinj.utils.BtcFormatTest" time="0.0">
    <skipped/>
  </testcase>
  <testcase name="patternDecimalPlaces[643]" classname="org.bitcoinj.utils.BtcFormatTest" time="0.0"/>
  <testcase name="factoryArgumentsTest[644]" classname="org.bitcoinj.utils.BtcFormatTest" time="0.001"/>
  <testcase name="parseTest[644]" classname="org.bitcoinj.utils.BtcFormatTest" time="0.0">
    <skipped/>
  </testcase>
  <testcase name="microcoinScaleTest[644]" classname="org.bitcoinj.utils.BtcFormatTest" time="0.0"/>
  <testcase name="parseMetricTest[644]" classname="org.bitcoinj.utils.BtcFormatTest" time="0.001"/>
  <testcase name="coinScaleTest[644]" classname="org.bitcoinj.utils.BtcFormatTest" time="0.0"/>
  <testcase name="builderTest[644]" classname="org.bitcoinj.utils.BtcFormatTest" time="0.0">
    <skipped/>
  </testcase>
  <testcase name="attributeTest[644]" classname="org.bitcoinj.utils.BtcFormatTest" time="0.0">
    <skipped/>
  </testcase>
  <testcase name="prefixTest[644]" classname="org.bitcoinj.utils.BtcFormatTest" time="0.0"/>
  <testcase name="suffixTest[644]" classname="org.bitcoinj.utils.BtcFormatTest" time="0.0">
    <skipped/>
  </testcase>
  <testcase name="autoDecimalTest[644]" classname="org.bitcoinj.utils.BtcFormatTest" time="0.001"/>
  <testcase name="symbolCollisionTest[644]" classname="org.bitcoinj.utils.BtcFormatTest" time="0.002"/>
  <testcase name="equalityTest[644]" classname="org.bitcoinj.utils.BtcFormatTest" time="0.002"/>
  <testcase name="columnAlignmentTest[644]" classname="org.bitcoinj.utils.BtcFormatTest" time="0.0"/>
  <testcase name="factoryTest[644]" classname="org.bitcoinj.utils.BtcFormatTest" time="0.001"/>
  <testcase name="parse[644]" classname="org.bitcoinj.utils.BtcFormatTest" time="0.0"/>
  <testcase name="btcRounding[644]" classname="org.bitcoinj.utils.BtcFormatTest" time="0.001"/>
  <testcase name="negativeTest[644]" classname="org.bitcoinj.utils.BtcFormatTest" time="0.0">
    <skipped/>
  </testcase>
  <testcase name="millicoinScaleTest[644]" classname="org.bitcoinj.utils.BtcFormatTest" time="0.001"/>
  <testcase name="toStringTest[644]" classname="org.bitcoinj.utils.BtcFormatTest" time="0.0">
    <skipped/>
  </testcase>
  <testcase name="testGrouping[644]" classname="org.bitcoinj.utils.BtcFormatTest" time="0.0"/>
  <testcase name="symbolsCodesTest[644]" classname="org.bitcoinj.utils.BtcFormatTest" time="0.001"/>
  <testcase name="defaultLocaleTest[644]" classname="org.bitcoinj.utils.BtcFormatTest" time="0.0"/>
  <testcase name="parsePositionTest[644]" classname="org.bitcoinj.utils.BtcFormatTest" time="0.001"/>
  <testcase name="argumentTypeTest[644]" classname="org.bitcoinj.utils.BtcFormatTest" time="0.0">
    <skipped/>
  </testcase>
  <testcase name="characterIteratorTest[644]" classname="org.bitcoinj.utils.BtcFormatTest" time="0.0"/>
  <testcase name="repeatingPlaceTest[644]" classname="org.bitcoinj.utils.BtcFormatTest" time="0.0"/>
  <testcase name="currencyCodeTest[644]" classname="org.bitcoinj.utils.BtcFormatTest" time="0.0">
    <skipped/>
  </testcase>
  <testcase name="patternDecimalPlaces[644]" classname="org.bitcoinj.utils.BtcFormatTest" time="0.0"/>
  <testcase name="factoryArgumentsTest[645]" classname="org.bitcoinj.utils.BtcFormatTest" time="0.002"/>
  <testcase name="parseTest[645]" classname="org.bitcoinj.utils.BtcFormatTest" time="0.0">
    <skipped/>
  </testcase>
  <testcase name="microcoinScaleTest[645]" classname="org.bitcoinj.utils.BtcFormatTest" time="0.0"/>
  <testcase name="parseMetricTest[645]" classname="org.bitcoinj.utils.BtcFormatTest" time="0.001"/>
  <testcase name="coinScaleTest[645]" classname="org.bitcoinj.utils.BtcFormatTest" time="0.0"/>
  <testcase name="builderTest[645]" classname="org.bitcoinj.utils.BtcFormatTest" time="0.0">
    <skipped/>
  </testcase>
  <testcase name="attributeTest[645]" classname="org.bitcoinj.utils.BtcFormatTest" time="0.0">
    <skipped/>
  </testcase>
  <testcase name="prefixTest[645]" classname="org.bitcoinj.utils.BtcFormatTest" time="0.0"/>
  <testcase name="suffixTest[645]" classname="org.bitcoinj.utils.BtcFormatTest" time="0.0">
    <skipped/>
  </testcase>
  <testcase name="autoDecimalTest[645]" classname="org.bitcoinj.utils.BtcFormatTest" time="0.001"/>
  <testcase name="symbolCollisionTest[645]" classname="org.bitcoinj.utils.BtcFormatTest" time="0.001"/>
  <testcase name="equalityTest[645]" classname="org.bitcoinj.utils.BtcFormatTest" time="0.002"/>
  <testcase name="columnAlignmentTest[645]" classname="org.bitcoinj.utils.BtcFormatTest" time="0.0"/>
  <testcase name="factoryTest[645]" classname="org.bitcoinj.utils.BtcFormatTest" time="0.001"/>
  <testcase name="parse[645]" classname="org.bitcoinj.utils.BtcFormatTest" time="0.0"/>
  <testcase name="btcRounding[645]" classname="org.bitcoinj.utils.BtcFormatTest" time="0.001"/>
  <testcase name="negativeTest[645]" classname="org.bitcoinj.utils.BtcFormatTest" time="0.001">
    <skipped/>
  </testcase>
  <testcase name="millicoinScaleTest[645]" classname="org.bitcoinj.utils.BtcFormatTest" time="0.0"/>
  <testcase name="toStringTest[645]" classname="org.bitcoinj.utils.BtcFormatTest" time="0.0">
    <skipped/>
  </testcase>
  <testcase name="testGrouping[645]" classname="org.bitcoinj.utils.BtcFormatTest" time="0.0"/>
  <testcase name="symbolsCodesTest[645]" classname="org.bitcoinj.utils.BtcFormatTest" time="0.001"/>
  <testcase name="defaultLocaleTest[645]" classname="org.bitcoinj.utils.BtcFormatTest" time="0.0"/>
  <testcase name="parsePositionTest[645]" classname="org.bitcoinj.utils.BtcFormatTest" time="0.0"/>
  <testcase name="argumentTypeTest[645]" classname="org.bitcoinj.utils.BtcFormatTest" time="0.0">
    <skipped/>
  </testcase>
  <testcase name="characterIteratorTest[645]" classname="org.bitcoinj.utils.BtcFormatTest" time="0.001"/>
  <testcase name="repeatingPlaceTest[645]" classname="org.bitcoinj.utils.BtcFormatTest" time="0.0"/>
  <testcase name="currencyCodeTest[645]" classname="org.bitcoinj.utils.BtcFormatTest" time="0.0">
    <skipped/>
  </testcase>
  <testcase name="patternDecimalPlaces[645]" classname="org.bitcoinj.utils.BtcFormatTest" time="0.0"/>
  <testcase name="factoryArgumentsTest[646]" classname="org.bitcoinj.utils.BtcFormatTest" time="0.001"/>
  <testcase name="parseTest[646]" classname="org.bitcoinj.utils.BtcFormatTest" time="0.0">
    <skipped/>
  </testcase>
  <testcase name="microcoinScaleTest[646]" classname="org.bitcoinj.utils.BtcFormatTest" time="0.0"/>
  <testcase name="parseMetricTest[646]" classname="org.bitcoinj.utils.BtcFormatTest" time="0.001"/>
  <testcase name="coinScaleTest[646]" classname="org.bitcoinj.utils.BtcFormatTest" time="0.0"/>
  <testcase name="builderTest[646]" classname="org.bitcoinj.utils.BtcFormatTest" time="0.0">
    <skipped/>
  </testcase>
  <testcase name="attributeTest[646]" classname="org.bitcoinj.utils.BtcFormatTest" time="0.0">
    <skipped/>
  </testcase>
  <testcase name="prefixTest[646]" classname="org.bitcoinj.utils.BtcFormatTest" time="0.0"/>
  <testcase name="suffixTest[646]" classname="org.bitcoinj.utils.BtcFormatTest" time="0.0">
    <skipped/>
  </testcase>
  <testcase name="autoDecimalTest[646]" classname="org.bitcoinj.utils.BtcFormatTest" time="0.001"/>
  <testcase name="symbolCollisionTest[646]" classname="org.bitcoinj.utils.BtcFormatTest" time="0.003"/>
  <testcase name="equalityTest[646]" classname="org.bitcoinj.utils.BtcFormatTest" time="0.001"/>
  <testcase name="columnAlignmentTest[646]" classname="org.bitcoinj.utils.BtcFormatTest" time="0.0"/>
  <testcase name="factoryTest[646]" classname="org.bitcoinj.utils.BtcFormatTest" time="0.001"/>
  <testcase name="parse[646]" classname="org.bitcoinj.utils.BtcFormatTest" time="0.0"/>
  <testcase name="btcRounding[646]" classname="org.bitcoinj.utils.BtcFormatTest" time="0.001"/>
  <testcase name="negativeTest[646]" classname="org.bitcoinj.utils.BtcFormatTest" time="0.0">
    <skipped/>
  </testcase>
  <testcase name="millicoinScaleTest[646]" classname="org.bitcoinj.utils.BtcFormatTest" time="0.0"/>
  <testcase name="toStringTest[646]" classname="org.bitcoinj.utils.BtcFormatTest" time="0.0">
    <skipped/>
  </testcase>
  <testcase name="testGrouping[646]" classname="org.bitcoinj.utils.BtcFormatTest" time="0.001"/>
  <testcase name="symbolsCodesTest[646]" classname="org.bitcoinj.utils.BtcFormatTest" time="0.0"/>
  <testcase name="defaultLocaleTest[646]" classname="org.bitcoinj.utils.BtcFormatTest" time="0.0"/>
  <testcase name="parsePositionTest[646]" classname="org.bitcoinj.utils.BtcFormatTest" time="0.0"/>
  <testcase name="argumentTypeTest[646]" classname="org.bitcoinj.utils.BtcFormatTest" time="0.0">
    <skipped/>
  </testcase>
  <testcase name="characterIteratorTest[646]" classname="org.bitcoinj.utils.BtcFormatTest" time="0.001"/>
  <testcase name="repeatingPlaceTest[646]" classname="org.bitcoinj.utils.BtcFormatTest" time="0.0"/>
  <testcase name="currencyCodeTest[646]" classname="org.bitcoinj.utils.BtcFormatTest" time="0.0">
    <skipped/>
  </testcase>
  <testcase name="patternDecimalPlaces[646]" classname="org.bitcoinj.utils.BtcFormatTest" time="0.0"/>
  <testcase name="factoryArgumentsTest[647]" classname="org.bitcoinj.utils.BtcFormatTest" time="0.001"/>
  <testcase name="parseTest[647]" classname="org.bitcoinj.utils.BtcFormatTest" time="0.0">
    <skipped/>
  </testcase>
  <testcase name="microcoinScaleTest[647]" classname="org.bitcoinj.utils.BtcFormatTest" time="0.0"/>
  <testcase name="parseMetricTest[647]" classname="org.bitcoinj.utils.BtcFormatTest" time="0.001"/>
  <testcase name="coinScaleTest[647]" classname="org.bitcoinj.utils.BtcFormatTest" time="0.0"/>
  <testcase name="builderTest[647]" classname="org.bitcoinj.utils.BtcFormatTest" time="0.0">
    <skipped/>
  </testcase>
  <testcase name="attributeTest[647]" classname="org.bitcoinj.utils.BtcFormatTest" time="0.0">
    <skipped/>
  </testcase>
  <testcase name="prefixTest[647]" classname="org.bitcoinj.utils.BtcFormatTest" time="0.0"/>
  <testcase name="suffixTest[647]" classname="org.bitcoinj.utils.BtcFormatTest" time="0.0">
    <skipped/>
  </testcase>
  <testcase name="autoDecimalTest[647]" classname="org.bitcoinj.utils.BtcFormatTest" time="0.001"/>
  <testcase name="symbolCollisionTest[647]" classname="org.bitcoinj.utils.BtcFormatTest" time="0.002"/>
  <testcase name="equalityTest[647]" classname="org.bitcoinj.utils.BtcFormatTest" time="0.001"/>
  <testcase name="columnAlignmentTest[647]" classname="org.bitcoinj.utils.BtcFormatTest" time="0.0"/>
  <testcase name="factoryTest[647]" classname="org.bitcoinj.utils.BtcFormatTest" time="0.001"/>
  <testcase name="parse[647]" classname="org.bitcoinj.utils.BtcFormatTest" time="0.0"/>
  <testcase name="btcRounding[647]" classname="org.bitcoinj.utils.BtcFormatTest" time="0.001"/>
  <testcase name="negativeTest[647]" classname="org.bitcoinj.utils.BtcFormatTest" time="0.0">
    <skipped/>
  </testcase>
  <testcase name="millicoinScaleTest[647]" classname="org.bitcoinj.utils.BtcFormatTest" time="0.0"/>
  <testcase name="toStringTest[647]" classname="org.bitcoinj.utils.BtcFormatTest" time="0.0">
    <skipped/>
  </testcase>
  <testcase name="testGrouping[647]" classname="org.bitcoinj.utils.BtcFormatTest" time="0.0"/>
  <testcase name="symbolsCodesTest[647]" classname="org.bitcoinj.utils.BtcFormatTest" time="0.002"/>
  <testcase name="defaultLocaleTest[647]" classname="org.bitcoinj.utils.BtcFormatTest" time="0.0"/>
  <testcase name="parsePositionTest[647]" classname="org.bitcoinj.utils.BtcFormatTest" time="0.0"/>
  <testcase name="argumentTypeTest[647]" classname="org.bitcoinj.utils.BtcFormatTest" time="0.0">
    <skipped/>
  </testcase>
  <testcase name="characterIteratorTest[647]" classname="org.bitcoinj.utils.BtcFormatTest" time="0.0"/>
  <testcase name="repeatingPlaceTest[647]" classname="org.bitcoinj.utils.BtcFormatTest" time="0.001"/>
  <testcase name="currencyCodeTest[647]" classname="org.bitcoinj.utils.BtcFormatTest" time="0.0">
    <skipped/>
  </testcase>
  <testcase name="patternDecimalPlaces[647]" classname="org.bitcoinj.utils.BtcFormatTest" time="0.001"/>
  <testcase name="factoryArgumentsTest[648]" classname="org.bitcoinj.utils.BtcFormatTest" time="0.001"/>
  <testcase name="parseTest[648]" classname="org.bitcoinj.utils.BtcFormatTest" time="0.0">
    <skipped/>
  </testcase>
  <testcase name="microcoinScaleTest[648]" classname="org.bitcoinj.utils.BtcFormatTest" time="0.0"/>
  <testcase name="parseMetricTest[648]" classname="org.bitcoinj.utils.BtcFormatTest" time="0.003"/>
  <testcase name="coinScaleTest[648]" classname="org.bitcoinj.utils.BtcFormatTest" time="0.0"/>
  <testcase name="builderTest[648]" classname="org.bitcoinj.utils.BtcFormatTest" time="0.0">
    <skipped/>
  </testcase>
  <testcase name="attributeTest[648]" classname="org.bitcoinj.utils.BtcFormatTest" time="0.0">
    <skipped/>
  </testcase>
  <testcase name="prefixTest[648]" classname="org.bitcoinj.utils.BtcFormatTest" time="0.0"/>
  <testcase name="suffixTest[648]" classname="org.bitcoinj.utils.BtcFormatTest" time="0.0">
    <skipped/>
  </testcase>
  <testcase name="autoDecimalTest[648]" classname="org.bitcoinj.utils.BtcFormatTest" time="0.001"/>
  <testcase name="symbolCollisionTest[648]" classname="org.bitcoinj.utils.BtcFormatTest" time="0.002"/>
  <testcase name="equalityTest[648]" classname="org.bitcoinj.utils.BtcFormatTest" time="0.002"/>
  <testcase name="columnAlignmentTest[648]" classname="org.bitcoinj.utils.BtcFormatTest" time="0.0"/>
  <testcase name="factoryTest[648]" classname="org.bitcoinj.utils.BtcFormatTest" time="0.0"/>
  <testcase name="parse[648]" classname="org.bitcoinj.utils.BtcFormatTest" time="0.001"/>
  <testcase name="btcRounding[648]" classname="org.bitcoinj.utils.BtcFormatTest" time="0.001"/>
  <testcase name="negativeTest[648]" classname="org.bitcoinj.utils.BtcFormatTest" time="0.0">
    <skipped/>
  </testcase>
  <testcase name="millicoinScaleTest[648]" classname="org.bitcoinj.utils.BtcFormatTest" time="0.0"/>
  <testcase name="toStringTest[648]" classname="org.bitcoinj.utils.BtcFormatTest" time="0.0">
    <skipped/>
  </testcase>
  <testcase name="testGrouping[648]" classname="org.bitcoinj.utils.BtcFormatTest" time="0.0"/>
  <testcase name="symbolsCodesTest[648]" classname="org.bitcoinj.utils.BtcFormatTest" time="0.001"/>
  <testcase name="defaultLocaleTest[648]" classname="org.bitcoinj.utils.BtcFormatTest" time="0.0"/>
  <testcase name="parsePositionTest[648]" classname="org.bitcoinj.utils.BtcFormatTest" time="0.0"/>
  <testcase name="argumentTypeTest[648]" classname="org.bitcoinj.utils.BtcFormatTest" time="0.0">
    <skipped/>
  </testcase>
  <testcase name="characterIteratorTest[648]" classname="org.bitcoinj.utils.BtcFormatTest" time="0.001"/>
  <testcase name="repeatingPlaceTest[648]" classname="org.bitcoinj.utils.BtcFormatTest" time="0.0"/>
  <testcase name="currencyCodeTest[648]" classname="org.bitcoinj.utils.BtcFormatTest" time="0.0">
    <skipped/>
  </testcase>
  <testcase name="patternDecimalPlaces[648]" classname="org.bitcoinj.utils.BtcFormatTest" time="0.0"/>
  <testcase name="factoryArgumentsTest[649]" classname="org.bitcoinj.utils.BtcFormatTest" time="0.001"/>
  <testcase name="parseTest[649]" classname="org.bitcoinj.utils.BtcFormatTest" time="0.0">
    <skipped/>
  </testcase>
  <testcase name="microcoinScaleTest[649]" classname="org.bitcoinj.utils.BtcFormatTest" time="0.0"/>
  <testcase name="parseMetricTest[649]" classname="org.bitcoinj.utils.BtcFormatTest" time="0.001"/>
  <testcase name="coinScaleTest[649]" classname="org.bitcoinj.utils.BtcFormatTest" time="0.001"/>
  <testcase name="builderTest[649]" classname="org.bitcoinj.utils.BtcFormatTest" time="0.0">
    <skipped/>
  </testcase>
  <testcase name="attributeTest[649]" classname="org.bitcoinj.utils.BtcFormatTest" time="0.0">
    <skipped/>
  </testcase>
  <testcase name="prefixTest[649]" classname="org.bitcoinj.utils.BtcFormatTest" time="0.0"/>
  <testcase name="suffixTest[649]" classname="org.bitcoinj.utils.BtcFormatTest" time="0.0">
    <skipped/>
  </testcase>
  <testcase name="autoDecimalTest[649]" classname="org.bitcoinj.utils.BtcFormatTest" time="0.001"/>
  <testcase name="symbolCollisionTest[649]" classname="org.bitcoinj.utils.BtcFormatTest" time="0.001"/>
  <testcase name="equalityTest[649]" classname="org.bitcoinj.utils.BtcFormatTest" time="0.002"/>
  <testcase name="columnAlignmentTest[649]" classname="org.bitcoinj.utils.BtcFormatTest" time="0.0"/>
  <testcase name="factoryTest[649]" classname="org.bitcoinj.utils.BtcFormatTest" time="0.001"/>
  <testcase name="parse[649]" classname="org.bitcoinj.utils.BtcFormatTest" time="0.0"/>
  <testcase name="btcRounding[649]" classname="org.bitcoinj.utils.BtcFormatTest" time="0.001"/>
  <testcase name="negativeTest[649]" classname="org.bitcoinj.utils.BtcFormatTest" time="0.0">
    <skipped/>
  </testcase>
  <testcase name="millicoinScaleTest[649]" classname="org.bitcoinj.utils.BtcFormatTest" time="0.0"/>
  <testcase name="toStringTest[649]" classname="org.bitcoinj.utils.BtcFormatTest" time="0.0">
    <skipped/>
  </testcase>
  <testcase name="testGrouping[649]" classname="org.bitcoinj.utils.BtcFormatTest" time="0.0"/>
  <testcase name="symbolsCodesTest[649]" classname="org.bitcoinj.utils.BtcFormatTest" time="0.001"/>
  <testcase name="defaultLocaleTest[649]" classname="org.bitcoinj.utils.BtcFormatTest" time="0.0"/>
  <testcase name="parsePositionTest[649]" classname="org.bitcoinj.utils.BtcFormatTest" time="0.0"/>
  <testcase name="argumentTypeTest[649]" classname="org.bitcoinj.utils.BtcFormatTest" time="0.0">
    <skipped/>
  </testcase>
  <testcase name="characterIteratorTest[649]" classname="org.bitcoinj.utils.BtcFormatTest" time="0.001"/>
  <testcase name="repeatingPlaceTest[649]" classname="org.bitcoinj.utils.BtcFormatTest" time="0.0"/>
  <testcase name="currencyCodeTest[649]" classname="org.bitcoinj.utils.BtcFormatTest" time="0.0">
    <skipped/>
  </testcase>
  <testcase name="patternDecimalPlaces[649]" classname="org.bitcoinj.utils.BtcFormatTest" time="0.0"/>
  <testcase name="factoryArgumentsTest[650]" classname="org.bitcoinj.utils.BtcFormatTest" time="0.001"/>
  <testcase name="parseTest[650]" classname="org.bitcoinj.utils.BtcFormatTest" time="0.0">
    <skipped/>
  </testcase>
  <testcase name="microcoinScaleTest[650]" classname="org.bitcoinj.utils.BtcFormatTest" time="0.0"/>
  <testcase name="parseMetricTest[650]" classname="org.bitcoinj.utils.BtcFormatTest" time="0.001"/>
  <testcase name="coinScaleTest[650]" classname="org.bitcoinj.utils.BtcFormatTest" time="0.0"/>
  <testcase name="builderTest[650]" classname="org.bitcoinj.utils.BtcFormatTest" time="0.0">
    <skipped/>
  </testcase>
  <testcase name="attributeTest[650]" classname="org.bitcoinj.utils.BtcFormatTest" time="0.0">
    <skipped/>
  </testcase>
  <testcase name="prefixTest[650]" classname="org.bitcoinj.utils.BtcFormatTest" time="0.0"/>
  <testcase name="suffixTest[650]" classname="org.bitcoinj.utils.BtcFormatTest" time="0.0">
    <skipped/>
  </testcase>
  <testcase name="autoDecimalTest[650]" classname="org.bitcoinj.utils.BtcFormatTest" time="0.001"/>
  <testcase name="symbolCollisionTest[650]" classname="org.bitcoinj.utils.BtcFormatTest" time="0.002"/>
  <testcase name="equalityTest[650]" classname="org.bitcoinj.utils.BtcFormatTest" time="0.001"/>
  <testcase name="columnAlignmentTest[650]" classname="org.bitcoinj.utils.BtcFormatTest" time="0.0"/>
  <testcase name="factoryTest[650]" classname="org.bitcoinj.utils.BtcFormatTest" time="0.002"/>
  <testcase name="parse[650]" classname="org.bitcoinj.utils.BtcFormatTest" time="0.0"/>
  <testcase name="btcRounding[650]" classname="org.bitcoinj.utils.BtcFormatTest" time="0.001"/>
  <testcase name="negativeTest[650]" classname="org.bitcoinj.utils.BtcFormatTest" time="0.0">
    <skipped/>
  </testcase>
  <testcase name="millicoinScaleTest[650]" classname="org.bitcoinj.utils.BtcFormatTest" time="0.0"/>
  <testcase name="toStringTest[650]" classname="org.bitcoinj.utils.BtcFormatTest" time="0.0">
    <skipped/>
  </testcase>
  <testcase name="testGrouping[650]" classname="org.bitcoinj.utils.BtcFormatTest" time="0.0"/>
  <testcase name="symbolsCodesTest[650]" classname="org.bitcoinj.utils.BtcFormatTest" time="0.0"/>
  <testcase name="defaultLocaleTest[650]" classname="org.bitcoinj.utils.BtcFormatTest" time="0.001"/>
  <testcase name="parsePositionTest[650]" classname="org.bitcoinj.utils.BtcFormatTest" time="0.0"/>
  <testcase name="argumentTypeTest[650]" classname="org.bitcoinj.utils.BtcFormatTest" time="0.0">
    <skipped/>
  </testcase>
  <testcase name="characterIteratorTest[650]" classname="org.bitcoinj.utils.BtcFormatTest" time="0.0"/>
  <testcase name="repeatingPlaceTest[650]" classname="org.bitcoinj.utils.BtcFormatTest" time="0.0"/>
  <testcase name="currencyCodeTest[650]" classname="org.bitcoinj.utils.BtcFormatTest" time="0.0">
    <skipped/>
  </testcase>
  <testcase name="patternDecimalPlaces[650]" classname="org.bitcoinj.utils.BtcFormatTest" time="0.001"/>
  <testcase name="factoryArgumentsTest[651]" classname="org.bitcoinj.utils.BtcFormatTest" time="0.001"/>
  <testcase name="parseTest[651]" classname="org.bitcoinj.utils.BtcFormatTest" time="0.0">
    <skipped/>
  </testcase>
  <testcase name="microcoinScaleTest[651]" classname="org.bitcoinj.utils.BtcFormatTest" time="0.0"/>
  <testcase name="parseMetricTest[651]" classname="org.bitcoinj.utils.BtcFormatTest" time="0.001"/>
  <testcase name="coinScaleTest[651]" classname="org.bitcoinj.utils.BtcFormatTest" time="0.0"/>
  <testcase name="builderTest[651]" classname="org.bitcoinj.utils.BtcFormatTest" time="0.0">
    <skipped/>
  </testcase>
  <testcase name="attributeTest[651]" classname="org.bitcoinj.utils.BtcFormatTest" time="0.0">
    <skipped/>
  </testcase>
  <testcase name="prefixTest[651]" classname="org.bitcoinj.utils.BtcFormatTest" time="0.0"/>
  <testcase name="suffixTest[651]" classname="org.bitcoinj.utils.BtcFormatTest" time="0.0">
    <skipped/>
  </testcase>
  <testcase name="autoDecimalTest[651]" classname="org.bitcoinj.utils.BtcFormatTest" time="0.001"/>
  <testcase name="symbolCollisionTest[651]" classname="org.bitcoinj.utils.BtcFormatTest" time="0.002"/>
  <testcase name="equalityTest[651]" classname="org.bitcoinj.utils.BtcFormatTest" time="0.001"/>
  <testcase name="columnAlignmentTest[651]" classname="org.bitcoinj.utils.BtcFormatTest" time="0.0"/>
  <testcase name="factoryTest[651]" classname="org.bitcoinj.utils.BtcFormatTest" time="0.001"/>
  <testcase name="parse[651]" classname="org.bitcoinj.utils.BtcFormatTest" time="0.0"/>
  <testcase name="btcRounding[651]" classname="org.bitcoinj.utils.BtcFormatTest" time="0.002"/>
  <testcase name="negativeTest[651]" classname="org.bitcoinj.utils.BtcFormatTest" time="0.0">
    <skipped/>
  </testcase>
  <testcase name="millicoinScaleTest[651]" classname="org.bitcoinj.utils.BtcFormatTest" time="0.001"/>
  <testcase name="toStringTest[651]" classname="org.bitcoinj.utils.BtcFormatTest" time="0.0">
    <skipped/>
  </testcase>
  <testcase name="testGrouping[651]" classname="org.bitcoinj.utils.BtcFormatTest" time="0.001"/>
  <testcase name="symbolsCodesTest[651]" classname="org.bitcoinj.utils.BtcFormatTest" time="0.001"/>
  <testcase name="defaultLocaleTest[651]" classname="org.bitcoinj.utils.BtcFormatTest" time="0.001"/>
  <testcase name="parsePositionTest[651]" classname="org.bitcoinj.utils.BtcFormatTest" time="0.0"/>
  <testcase name="argumentTypeTest[651]" classname="org.bitcoinj.utils.BtcFormatTest" time="0.0">
    <skipped/>
  </testcase>
  <testcase name="characterIteratorTest[651]" classname="org.bitcoinj.utils.BtcFormatTest" time="0.001"/>
  <testcase name="repeatingPlaceTest[651]" classname="org.bitcoinj.utils.BtcFormatTest" time="0.0"/>
  <testcase name="currencyCodeTest[651]" classname="org.bitcoinj.utils.BtcFormatTest" time="0.0">
    <skipped/>
  </testcase>
  <testcase name="patternDecimalPlaces[651]" classname="org.bitcoinj.utils.BtcFormatTest" time="0.0"/>
  <testcase name="factoryArgumentsTest[652]" classname="org.bitcoinj.utils.BtcFormatTest" time="0.001"/>
  <testcase name="parseTest[652]" classname="org.bitcoinj.utils.BtcFormatTest" time="0.0">
    <skipped/>
  </testcase>
  <testcase name="microcoinScaleTest[652]" classname="org.bitcoinj.utils.BtcFormatTest" time="0.0"/>
  <testcase name="parseMetricTest[652]" classname="org.bitcoinj.utils.BtcFormatTest" time="0.001"/>
  <testcase name="coinScaleTest[652]" classname="org.bitcoinj.utils.BtcFormatTest" time="0.0"/>
  <testcase name="builderTest[652]" classname="org.bitcoinj.utils.BtcFormatTest" time="0.0">
    <skipped/>
  </testcase>
  <testcase name="attributeTest[652]" classname="org.bitcoinj.utils.BtcFormatTest" time="0.0">
    <skipped/>
  </testcase>
  <testcase name="prefixTest[652]" classname="org.bitcoinj.utils.BtcFormatTest" time="0.001"/>
  <testcase name="suffixTest[652]" classname="org.bitcoinj.utils.BtcFormatTest" time="0.0">
    <skipped/>
  </testcase>
  <testcase name="autoDecimalTest[652]" classname="org.bitcoinj.utils.BtcFormatTest" time="0.0"/>
  <testcase name="symbolCollisionTest[652]" classname="org.bitcoinj.utils.BtcFormatTest" time="0.002"/>
  <testcase name="equalityTest[652]" classname="org.bitcoinj.utils.BtcFormatTest" time="0.002"/>
  <testcase name="columnAlignmentTest[652]" classname="org.bitcoinj.utils.BtcFormatTest" time="0.0"/>
  <testcase name="factoryTest[652]" classname="org.bitcoinj.utils.BtcFormatTest" time="0.0"/>
  <testcase name="parse[652]" classname="org.bitcoinj.utils.BtcFormatTest" time="0.001"/>
  <testcase name="btcRounding[652]" classname="org.bitcoinj.utils.BtcFormatTest" time="0.001"/>
  <testcase name="negativeTest[652]" classname="org.bitcoinj.utils.BtcFormatTest" time="0.0">
    <skipped/>
  </testcase>
  <testcase name="millicoinScaleTest[652]" classname="org.bitcoinj.utils.BtcFormatTest" time="0.0"/>
  <testcase name="toStringTest[652]" classname="org.bitcoinj.utils.BtcFormatTest" time="0.0">
    <skipped/>
  </testcase>
  <testcase name="testGrouping[652]" classname="org.bitcoinj.utils.BtcFormatTest" time="0.0"/>
  <testcase name="symbolsCodesTest[652]" classname="org.bitcoinj.utils.BtcFormatTest" time="0.001"/>
  <testcase name="defaultLocaleTest[652]" classname="org.bitcoinj.utils.BtcFormatTest" time="0.0"/>
  <testcase name="parsePositionTest[652]" classname="org.bitcoinj.utils.BtcFormatTest" time="0.0"/>
  <testcase name="argumentTypeTest[652]" classname="org.bitcoinj.utils.BtcFormatTest" time="0.0">
    <skipped/>
  </testcase>
  <testcase name="characterIteratorTest[652]" classname="org.bitcoinj.utils.BtcFormatTest" time="0.001"/>
  <testcase name="repeatingPlaceTest[652]" classname="org.bitcoinj.utils.BtcFormatTest" time="0.0"/>
  <testcase name="currencyCodeTest[652]" classname="org.bitcoinj.utils.BtcFormatTest" time="0.0">
    <skipped/>
  </testcase>
  <testcase name="patternDecimalPlaces[652]" classname="org.bitcoinj.utils.BtcFormatTest" time="0.0"/>
  <testcase name="factoryArgumentsTest[653]" classname="org.bitcoinj.utils.BtcFormatTest" time="0.001"/>
  <testcase name="parseTest[653]" classname="org.bitcoinj.utils.BtcFormatTest" time="0.0">
    <skipped/>
  </testcase>
  <testcase name="microcoinScaleTest[653]" classname="org.bitcoinj.utils.BtcFormatTest" time="0.0"/>
  <testcase name="parseMetricTest[653]" classname="org.bitcoinj.utils.BtcFormatTest" time="0.001"/>
  <testcase name="coinScaleTest[653]" classname="org.bitcoinj.utils.BtcFormatTest" time="0.0"/>
  <testcase name="builderTest[653]" classname="org.bitcoinj.utils.BtcFormatTest" time="0.0">
    <skipped/>
  </testcase>
  <testcase name="attributeTest[653]" classname="org.bitcoinj.utils.BtcFormatTest" time="0.0">
    <skipped/>
  </testcase>
  <testcase name="prefixTest[653]" classname="org.bitcoinj.utils.BtcFormatTest" time="0.0"/>
  <testcase name="suffixTest[653]" classname="org.bitcoinj.utils.BtcFormatTest" time="0.0">
    <skipped/>
  </testcase>
  <testcase name="autoDecimalTest[653]" classname="org.bitcoinj.utils.BtcFormatTest" time="0.001"/>
  <testcase name="symbolCollisionTest[653]" classname="org.bitcoinj.utils.BtcFormatTest" time="0.003"/>
  <testcase name="equalityTest[653]" classname="org.bitcoinj.utils.BtcFormatTest" time="0.001"/>
  <testcase name="columnAlignmentTest[653]" classname="org.bitcoinj.utils.BtcFormatTest" time="0.001"/>
  <testcase name="factoryTest[653]" classname="org.bitcoinj.utils.BtcFormatTest" time="0.0"/>
  <testcase name="parse[653]" classname="org.bitcoinj.utils.BtcFormatTest" time="0.0"/>
  <testcase name="btcRounding[653]" classname="org.bitcoinj.utils.BtcFormatTest" time="0.001"/>
  <testcase name="negativeTest[653]" classname="org.bitcoinj.utils.BtcFormatTest" time="0.0">
    <skipped/>
  </testcase>
  <testcase name="millicoinScaleTest[653]" classname="org.bitcoinj.utils.BtcFormatTest" time="0.0"/>
  <testcase name="toStringTest[653]" classname="org.bitcoinj.utils.BtcFormatTest" time="0.0">
    <skipped/>
  </testcase>
  <testcase name="testGrouping[653]" classname="org.bitcoinj.utils.BtcFormatTest" time="0.0"/>
  <testcase name="symbolsCodesTest[653]" classname="org.bitcoinj.utils.BtcFormatTest" time="0.001"/>
  <testcase name="defaultLocaleTest[653]" classname="org.bitcoinj.utils.BtcFormatTest" time="0.0"/>
  <testcase name="parsePositionTest[653]" classname="org.bitcoinj.utils.BtcFormatTest" time="0.0"/>
  <testcase name="argumentTypeTest[653]" classname="org.bitcoinj.utils.BtcFormatTest" time="0.0">
    <skipped/>
  </testcase>
  <testcase name="characterIteratorTest[653]" classname="org.bitcoinj.utils.BtcFormatTest" time="0.0"/>
  <testcase name="repeatingPlaceTest[653]" classname="org.bitcoinj.utils.BtcFormatTest" time="0.001"/>
  <testcase name="currencyCodeTest[653]" classname="org.bitcoinj.utils.BtcFormatTest" time="0.0">
    <skipped/>
  </testcase>
  <testcase name="patternDecimalPlaces[653]" classname="org.bitcoinj.utils.BtcFormatTest" time="0.0"/>
  <testcase name="factoryArgumentsTest[654]" classname="org.bitcoinj.utils.BtcFormatTest" time="0.001"/>
  <testcase name="parseTest[654]" classname="org.bitcoinj.utils.BtcFormatTest" time="0.0">
    <skipped/>
  </testcase>
  <testcase name="microcoinScaleTest[654]" classname="org.bitcoinj.utils.BtcFormatTest" time="0.0"/>
  <testcase name="parseMetricTest[654]" classname="org.bitcoinj.utils.BtcFormatTest" time="0.001"/>
  <testcase name="coinScaleTest[654]" classname="org.bitcoinj.utils.BtcFormatTest" time="0.0"/>
  <testcase name="builderTest[654]" classname="org.bitcoinj.utils.BtcFormatTest" time="0.0">
    <skipped/>
  </testcase>
  <testcase name="attributeTest[654]" classname="org.bitcoinj.utils.BtcFormatTest" time="0.0">
    <skipped/>
  </testcase>
  <testcase name="prefixTest[654]" classname="org.bitcoinj.utils.BtcFormatTest" time="0.0"/>
  <testcase name="suffixTest[654]" classname="org.bitcoinj.utils.BtcFormatTest" time="0.0">
    <skipped/>
  </testcase>
  <testcase name="autoDecimalTest[654]" classname="org.bitcoinj.utils.BtcFormatTest" time="0.001"/>
  <testcase name="symbolCollisionTest[654]" classname="org.bitcoinj.utils.BtcFormatTest" time="0.002"/>
  <testcase name="equalityTest[654]" classname="org.bitcoinj.utils.BtcFormatTest" time="0.002"/>
  <testcase name="columnAlignmentTest[654]" classname="org.bitcoinj.utils.BtcFormatTest" time="0.0"/>
  <testcase name="factoryTest[654]" classname="org.bitcoinj.utils.BtcFormatTest" time="0.0"/>
  <testcase name="parse[654]" classname="org.bitcoinj.utils.BtcFormatTest" time="0.0"/>
  <testcase name="btcRounding[654]" classname="org.bitcoinj.utils.BtcFormatTest" time="0.002"/>
  <testcase name="negativeTest[654]" classname="org.bitcoinj.utils.BtcFormatTest" time="0.0">
    <skipped/>
  </testcase>
  <testcase name="millicoinScaleTest[654]" classname="org.bitcoinj.utils.BtcFormatTest" time="0.0"/>
  <testcase name="toStringTest[654]" classname="org.bitcoinj.utils.BtcFormatTest" time="0.0">
    <skipped/>
  </testcase>
  <testcase name="testGrouping[654]" classname="org.bitcoinj.utils.BtcFormatTest" time="0.0"/>
  <testcase name="symbolsCodesTest[654]" classname="org.bitcoinj.utils.BtcFormatTest" time="0.001"/>
  <testcase name="defaultLocaleTest[654]" classname="org.bitcoinj.utils.BtcFormatTest" time="0.0"/>
  <testcase name="parsePositionTest[654]" classname="org.bitcoinj.utils.BtcFormatTest" time="0.0"/>
  <testcase name="argumentTypeTest[654]" classname="org.bitcoinj.utils.BtcFormatTest" time="0.0">
    <skipped/>
  </testcase>
  <testcase name="characterIteratorTest[654]" classname="org.bitcoinj.utils.BtcFormatTest" time="0.001"/>
  <testcase name="repeatingPlaceTest[654]" classname="org.bitcoinj.utils.BtcFormatTest" time="0.0"/>
  <testcase name="currencyCodeTest[654]" classname="org.bitcoinj.utils.BtcFormatTest" time="0.0">
    <skipped/>
  </testcase>
  <testcase name="patternDecimalPlaces[654]" classname="org.bitcoinj.utils.BtcFormatTest" time="0.001"/>
  <testcase name="factoryArgumentsTest[655]" classname="org.bitcoinj.utils.BtcFormatTest" time="0.001"/>
  <testcase name="parseTest[655]" classname="org.bitcoinj.utils.BtcFormatTest" time="0.0">
    <skipped/>
  </testcase>
  <testcase name="microcoinScaleTest[655]" classname="org.bitcoinj.utils.BtcFormatTest" time="0.0"/>
  <testcase name="parseMetricTest[655]" classname="org.bitcoinj.utils.BtcFormatTest" time="0.001"/>
  <testcase name="coinScaleTest[655]" classname="org.bitcoinj.utils.BtcFormatTest" time="0.0"/>
  <testcase name="builderTest[655]" classname="org.bitcoinj.utils.BtcFormatTest" time="0.0">
    <skipped/>
  </testcase>
  <testcase name="attributeTest[655]" classname="org.bitcoinj.utils.BtcFormatTest" time="0.0">
    <skipped/>
  </testcase>
  <testcase name="prefixTest[655]" classname="org.bitcoinj.utils.BtcFormatTest" time="0.0"/>
  <testcase name="suffixTest[655]" classname="org.bitcoinj.utils.BtcFormatTest" time="0.0">
    <skipped/>
  </testcase>
  <testcase name="autoDecimalTest[655]" classname="org.bitcoinj.utils.BtcFormatTest" time="0.001"/>
  <testcase name="symbolCollisionTest[655]" classname="org.bitcoinj.utils.BtcFormatTest" time="0.002"/>
  <testcase name="equalityTest[655]" classname="org.bitcoinj.utils.BtcFormatTest" time="0.002"/>
  <testcase name="columnAlignmentTest[655]" classname="org.bitcoinj.utils.BtcFormatTest" time="0.0"/>
  <testcase name="factoryTest[655]" classname="org.bitcoinj.utils.BtcFormatTest" time="0.0"/>
  <testcase name="parse[655]" classname="org.bitcoinj.utils.BtcFormatTest" time="0.0"/>
  <testcase name="btcRounding[655]" classname="org.bitcoinj.utils.BtcFormatTest" time="0.002"/>
  <testcase name="negativeTest[655]" classname="org.bitcoinj.utils.BtcFormatTest" time="0.0">
    <skipped/>
  </testcase>
  <testcase name="millicoinScaleTest[655]" classname="org.bitcoinj.utils.BtcFormatTest" time="0.0"/>
  <testcase name="toStringTest[655]" classname="org.bitcoinj.utils.BtcFormatTest" time="0.0">
    <skipped/>
  </testcase>
  <testcase name="testGrouping[655]" classname="org.bitcoinj.utils.BtcFormatTest" time="0.0"/>
  <testcase name="symbolsCodesTest[655]" classname="org.bitcoinj.utils.BtcFormatTest" time="0.001"/>
  <testcase name="defaultLocaleTest[655]" classname="org.bitcoinj.utils.BtcFormatTest" time="0.0"/>
  <testcase name="parsePositionTest[655]" classname="org.bitcoinj.utils.BtcFormatTest" time="0.001"/>
  <testcase name="argumentTypeTest[655]" classname="org.bitcoinj.utils.BtcFormatTest" time="0.0">
    <skipped/>
  </testcase>
  <testcase name="characterIteratorTest[655]" classname="org.bitcoinj.utils.BtcFormatTest" time="0.0"/>
  <testcase name="repeatingPlaceTest[655]" classname="org.bitcoinj.utils.BtcFormatTest" time="0.0"/>
  <testcase name="currencyCodeTest[655]" classname="org.bitcoinj.utils.BtcFormatTest" time="0.0">
    <skipped/>
  </testcase>
  <testcase name="patternDecimalPlaces[655]" classname="org.bitcoinj.utils.BtcFormatTest" time="0.0"/>
  <testcase name="factoryArgumentsTest[656]" classname="org.bitcoinj.utils.BtcFormatTest" time="0.001"/>
  <testcase name="parseTest[656]" classname="org.bitcoinj.utils.BtcFormatTest" time="0.0">
    <skipped/>
  </testcase>
  <testcase name="microcoinScaleTest[656]" classname="org.bitcoinj.utils.BtcFormatTest" time="0.0"/>
  <testcase name="parseMetricTest[656]" classname="org.bitcoinj.utils.BtcFormatTest" time="0.002"/>
  <testcase name="coinScaleTest[656]" classname="org.bitcoinj.utils.BtcFormatTest" time="0.0"/>
  <testcase name="builderTest[656]" classname="org.bitcoinj.utils.BtcFormatTest" time="0.0">
    <skipped/>
  </testcase>
  <testcase name="attributeTest[656]" classname="org.bitcoinj.utils.BtcFormatTest" time="0.0">
    <skipped/>
  </testcase>
  <testcase name="prefixTest[656]" classname="org.bitcoinj.utils.BtcFormatTest" time="0.0"/>
  <testcase name="suffixTest[656]" classname="org.bitcoinj.utils.BtcFormatTest" time="0.0">
    <skipped/>
  </testcase>
  <testcase name="autoDecimalTest[656]" classname="org.bitcoinj.utils.BtcFormatTest" time="0.002"/>
  <testcase name="symbolCollisionTest[656]" classname="org.bitcoinj.utils.BtcFormatTest" time="0.002"/>
  <testcase name="equalityTest[656]" classname="org.bitcoinj.utils.BtcFormatTest" time="0.002"/>
  <testcase name="columnAlignmentTest[656]" classname="org.bitcoinj.utils.BtcFormatTest" time="0.001"/>
  <testcase name="factoryTest[656]" classname="org.bitcoinj.utils.BtcFormatTest" time="0.0"/>
  <testcase name="parse[656]" classname="org.bitcoinj.utils.BtcFormatTest" time="0.001"/>
  <testcase name="btcRounding[656]" classname="org.bitcoinj.utils.BtcFormatTest" time="0.001"/>
  <testcase name="negativeTest[656]" classname="org.bitcoinj.utils.BtcFormatTest" time="0.0">
    <skipped/>
  </testcase>
  <testcase name="millicoinScaleTest[656]" classname="org.bitcoinj.utils.BtcFormatTest" time="0.0"/>
  <testcase name="toStringTest[656]" classname="org.bitcoinj.utils.BtcFormatTest" time="0.0">
    <skipped/>
  </testcase>
  <testcase name="testGrouping[656]" classname="org.bitcoinj.utils.BtcFormatTest" time="0.0"/>
  <testcase name="symbolsCodesTest[656]" classname="org.bitcoinj.utils.BtcFormatTest" time="0.002"/>
  <testcase name="defaultLocaleTest[656]" classname="org.bitcoinj.utils.BtcFormatTest" time="0.0"/>
  <testcase name="parsePositionTest[656]" classname="org.bitcoinj.utils.BtcFormatTest" time="0.0"/>
  <testcase name="argumentTypeTest[656]" classname="org.bitcoinj.utils.BtcFormatTest" time="0.0">
    <skipped/>
  </testcase>
  <testcase name="characterIteratorTest[656]" classname="org.bitcoinj.utils.BtcFormatTest" time="0.001"/>
  <testcase name="repeatingPlaceTest[656]" classname="org.bitcoinj.utils.BtcFormatTest" time="0.0"/>
  <testcase name="currencyCodeTest[656]" classname="org.bitcoinj.utils.BtcFormatTest" time="0.0">
    <skipped/>
  </testcase>
  <testcase name="patternDecimalPlaces[656]" classname="org.bitcoinj.utils.BtcFormatTest" time="0.0"/>
  <testcase name="factoryArgumentsTest[657]" classname="org.bitcoinj.utils.BtcFormatTest" time="0.001"/>
  <testcase name="parseTest[657]" classname="org.bitcoinj.utils.BtcFormatTest" time="0.0">
    <skipped/>
  </testcase>
  <testcase name="microcoinScaleTest[657]" classname="org.bitcoinj.utils.BtcFormatTest" time="0.0"/>
  <testcase name="parseMetricTest[657]" classname="org.bitcoinj.utils.BtcFormatTest" time="0.001"/>
  <testcase name="coinScaleTest[657]" classname="org.bitcoinj.utils.BtcFormatTest" time="0.0"/>
  <testcase name="builderTest[657]" classname="org.bitcoinj.utils.BtcFormatTest" time="0.0">
    <skipped/>
  </testcase>
  <testcase name="attributeTest[657]" classname="org.bitcoinj.utils.BtcFormatTest" time="0.0">
    <skipped/>
  </testcase>
  <testcase name="prefixTest[657]" classname="org.bitcoinj.utils.BtcFormatTest" time="0.0"/>
  <testcase name="suffixTest[657]" classname="org.bitcoinj.utils.BtcFormatTest" time="0.0">
    <skipped/>
  </testcase>
  <testcase name="autoDecimalTest[657]" classname="org.bitcoinj.utils.BtcFormatTest" time="0.003"/>
  <testcase name="symbolCollisionTest[657]" classname="org.bitcoinj.utils.BtcFormatTest" time="0.002"/>
  <testcase name="equalityTest[657]" classname="org.bitcoinj.utils.BtcFormatTest" time="0.001"/>
  <testcase name="columnAlignmentTest[657]" classname="org.bitcoinj.utils.BtcFormatTest" time="0.001"/>
  <testcase name="factoryTest[657]" classname="org.bitcoinj.utils.BtcFormatTest" time="0.0"/>
  <testcase name="parse[657]" classname="org.bitcoinj.utils.BtcFormatTest" time="0.0"/>
  <testcase name="btcRounding[657]" classname="org.bitcoinj.utils.BtcFormatTest" time="0.002"/>
  <testcase name="negativeTest[657]" classname="org.bitcoinj.utils.BtcFormatTest" time="0.0">
    <skipped/>
  </testcase>
  <testcase name="millicoinScaleTest[657]" classname="org.bitcoinj.utils.BtcFormatTest" time="0.0"/>
  <testcase name="toStringTest[657]" classname="org.bitcoinj.utils.BtcFormatTest" time="0.0">
    <skipped/>
  </testcase>
  <testcase name="testGrouping[657]" classname="org.bitcoinj.utils.BtcFormatTest" time="0.0"/>
  <testcase name="symbolsCodesTest[657]" classname="org.bitcoinj.utils.BtcFormatTest" time="0.002"/>
  <testcase name="defaultLocaleTest[657]" classname="org.bitcoinj.utils.BtcFormatTest" time="0.0"/>
  <testcase name="parsePositionTest[657]" classname="org.bitcoinj.utils.BtcFormatTest" time="0.001"/>
  <testcase name="argumentTypeTest[657]" classname="org.bitcoinj.utils.BtcFormatTest" time="0.0">
    <skipped/>
  </testcase>
  <testcase name="characterIteratorTest[657]" classname="org.bitcoinj.utils.BtcFormatTest" time="0.002"/>
  <testcase name="repeatingPlaceTest[657]" classname="org.bitcoinj.utils.BtcFormatTest" time="0.0"/>
  <testcase name="currencyCodeTest[657]" classname="org.bitcoinj.utils.BtcFormatTest" time="0.0">
    <skipped/>
  </testcase>
  <testcase name="patternDecimalPlaces[657]" classname="org.bitcoinj.utils.BtcFormatTest" time="0.0"/>
  <testcase name="factoryArgumentsTest[658]" classname="org.bitcoinj.utils.BtcFormatTest" time="0.001"/>
  <testcase name="parseTest[658]" classname="org.bitcoinj.utils.BtcFormatTest" time="0.0">
    <skipped/>
  </testcase>
  <testcase name="microcoinScaleTest[658]" classname="org.bitcoinj.utils.BtcFormatTest" time="0.0"/>
  <testcase name="parseMetricTest[658]" classname="org.bitcoinj.utils.BtcFormatTest" time="0.001"/>
  <testcase name="coinScaleTest[658]" classname="org.bitcoinj.utils.BtcFormatTest" time="0.0"/>
  <testcase name="builderTest[658]" classname="org.bitcoinj.utils.BtcFormatTest" time="0.0">
    <skipped/>
  </testcase>
  <testcase name="attributeTest[658]" classname="org.bitcoinj.utils.BtcFormatTest" time="0.0">
    <skipped/>
  </testcase>
  <testcase name="prefixTest[658]" classname="org.bitcoinj.utils.BtcFormatTest" time="0.0"/>
  <testcase name="suffixTest[658]" classname="org.bitcoinj.utils.BtcFormatTest" time="0.0">
    <skipped/>
  </testcase>
  <testcase name="autoDecimalTest[658]" classname="org.bitcoinj.utils.BtcFormatTest" time="0.002"/>
  <testcase name="symbolCollisionTest[658]" classname="org.bitcoinj.utils.BtcFormatTest" time="0.002"/>
  <testcase name="equalityTest[658]" classname="org.bitcoinj.utils.BtcFormatTest" time="0.002"/>
  <testcase name="columnAlignmentTest[658]" classname="org.bitcoinj.utils.BtcFormatTest" time="0.0"/>
  <testcase name="factoryTest[658]" classname="org.bitcoinj.utils.BtcFormatTest" time="0.001"/>
  <testcase name="parse[658]" classname="org.bitcoinj.utils.BtcFormatTest" time="0.0"/>
  <testcase name="btcRounding[658]" classname="org.bitcoinj.utils.BtcFormatTest" time="0.002"/>
  <testcase name="negativeTest[658]" classname="org.bitcoinj.utils.BtcFormatTest" time="0.0">
    <skipped/>
  </testcase>
  <testcase name="millicoinScaleTest[658]" classname="org.bitcoinj.utils.BtcFormatTest" time="0.0"/>
  <testcase name="toStringTest[658]" classname="org.bitcoinj.utils.BtcFormatTest" time="0.0">
    <skipped/>
  </testcase>
  <testcase name="testGrouping[658]" classname="org.bitcoinj.utils.BtcFormatTest" time="0.0"/>
  <testcase name="symbolsCodesTest[658]" classname="org.bitcoinj.utils.BtcFormatTest" time="0.001"/>
  <testcase name="defaultLocaleTest[658]" classname="org.bitcoinj.utils.BtcFormatTest" time="0.0"/>
  <testcase name="parsePositionTest[658]" classname="org.bitcoinj.utils.BtcFormatTest" time="0.001"/>
  <testcase name="argumentTypeTest[658]" classname="org.bitcoinj.utils.BtcFormatTest" time="0.0">
    <skipped/>
  </testcase>
  <testcase name="characterIteratorTest[658]" classname="org.bitcoinj.utils.BtcFormatTest" time="0.0"/>
  <testcase name="repeatingPlaceTest[658]" classname="org.bitcoinj.utils.BtcFormatTest" time="0.0"/>
  <testcase name="currencyCodeTest[658]" classname="org.bitcoinj.utils.BtcFormatTest" time="0.0">
    <skipped/>
  </testcase>
  <testcase name="patternDecimalPlaces[658]" classname="org.bitcoinj.utils.BtcFormatTest" time="0.0"/>
  <testcase name="factoryArgumentsTest[659]" classname="org.bitcoinj.utils.BtcFormatTest" time="0.001"/>
  <testcase name="parseTest[659]" classname="org.bitcoinj.utils.BtcFormatTest" time="0.0">
    <skipped/>
  </testcase>
  <testcase name="microcoinScaleTest[659]" classname="org.bitcoinj.utils.BtcFormatTest" time="0.0"/>
  <testcase name="parseMetricTest[659]" classname="org.bitcoinj.utils.BtcFormatTest" time="0.002"/>
  <testcase name="coinScaleTest[659]" classname="org.bitcoinj.utils.BtcFormatTest" time="0.0"/>
  <testcase name="builderTest[659]" classname="org.bitcoinj.utils.BtcFormatTest" time="0.0">
    <skipped/>
  </testcase>
  <testcase name="attributeTest[659]" classname="org.bitcoinj.utils.BtcFormatTest" time="0.0">
    <skipped/>
  </testcase>
  <testcase name="prefixTest[659]" classname="org.bitcoinj.utils.BtcFormatTest" time="0.0"/>
  <testcase name="suffixTest[659]" classname="org.bitcoinj.utils.BtcFormatTest" time="0.0">
    <skipped/>
  </testcase>
  <testcase name="autoDecimalTest[659]" classname="org.bitcoinj.utils.BtcFormatTest" time="0.001"/>
  <testcase name="symbolCollisionTest[659]" classname="org.bitcoinj.utils.BtcFormatTest" time="0.003"/>
  <testcase name="equalityTest[659]" classname="org.bitcoinj.utils.BtcFormatTest" time="0.002"/>
  <testcase name="columnAlignmentTest[659]" classname="org.bitcoinj.utils.BtcFormatTest" time="0.0"/>
  <testcase name="factoryTest[659]" classname="org.bitcoinj.utils.BtcFormatTest" time="0.0"/>
  <testcase name="parse[659]" classname="org.bitcoinj.utils.BtcFormatTest" time="0.0"/>
  <testcase name="btcRounding[659]" classname="org.bitcoinj.utils.BtcFormatTest" time="0.001"/>
  <testcase name="negativeTest[659]" classname="org.bitcoinj.utils.BtcFormatTest" time="0.0">
    <skipped/>
  </testcase>
  <testcase name="millicoinScaleTest[659]" classname="org.bitcoinj.utils.BtcFormatTest" time="0.001"/>
  <testcase name="toStringTest[659]" classname="org.bitcoinj.utils.BtcFormatTest" time="0.0">
    <skipped/>
  </testcase>
  <testcase name="testGrouping[659]" classname="org.bitcoinj.utils.BtcFormatTest" time="0.0"/>
  <testcase name="symbolsCodesTest[659]" classname="org.bitcoinj.utils.BtcFormatTest" time="0.0"/>
  <testcase name="defaultLocaleTest[659]" classname="org.bitcoinj.utils.BtcFormatTest" time="0.001"/>
  <testcase name="parsePositionTest[659]" classname="org.bitcoinj.utils.BtcFormatTest" time="0.0"/>
  <testcase name="argumentTypeTest[659]" classname="org.bitcoinj.utils.BtcFormatTest" time="0.0">
    <skipped/>
  </testcase>
  <testcase name="characterIteratorTest[659]" classname="org.bitcoinj.utils.BtcFormatTest" time="0.0"/>
  <testcase name="repeatingPlaceTest[659]" classname="org.bitcoinj.utils.BtcFormatTest" time="0.0"/>
  <testcase name="currencyCodeTest[659]" classname="org.bitcoinj.utils.BtcFormatTest" time="0.0">
    <skipped/>
  </testcase>
  <testcase name="patternDecimalPlaces[659]" classname="org.bitcoinj.utils.BtcFormatTest" time="0.001"/>
  <testcase name="factoryArgumentsTest[660]" classname="org.bitcoinj.utils.BtcFormatTest" time="0.001"/>
  <testcase name="parseTest[660]" classname="org.bitcoinj.utils.BtcFormatTest" time="0.0">
    <skipped/>
  </testcase>
  <testcase name="microcoinScaleTest[660]" classname="org.bitcoinj.utils.BtcFormatTest" time="0.0"/>
  <testcase name="parseMetricTest[660]" classname="org.bitcoinj.utils.BtcFormatTest" time="0.003"/>
  <testcase name="coinScaleTest[660]" classname="org.bitcoinj.utils.BtcFormatTest" time="0.0"/>
  <testcase name="builderTest[660]" classname="org.bitcoinj.utils.BtcFormatTest" time="0.0">
    <skipped/>
  </testcase>
  <testcase name="attributeTest[660]" classname="org.bitcoinj.utils.BtcFormatTest" time="0.0">
    <skipped/>
  </testcase>
  <testcase name="prefixTest[660]" classname="org.bitcoinj.utils.BtcFormatTest" time="0.001"/>
  <testcase name="suffixTest[660]" classname="org.bitcoinj.utils.BtcFormatTest" time="0.0">
    <skipped/>
  </testcase>
  <testcase name="autoDecimalTest[660]" classname="org.bitcoinj.utils.BtcFormatTest" time="0.0"/>
  <testcase name="symbolCollisionTest[660]" classname="org.bitcoinj.utils.BtcFormatTest" time="0.003"/>
  <testcase name="equalityTest[660]" classname="org.bitcoinj.utils.BtcFormatTest" time="0.002"/>
  <testcase name="columnAlignmentTest[660]" classname="org.bitcoinj.utils.BtcFormatTest" time="0.0"/>
  <testcase name="factoryTest[660]" classname="org.bitcoinj.utils.BtcFormatTest" time="0.001"/>
  <testcase name="parse[660]" classname="org.bitcoinj.utils.BtcFormatTest" time="0.0"/>
  <testcase name="btcRounding[660]" classname="org.bitcoinj.utils.BtcFormatTest" time="0.001"/>
  <testcase name="negativeTest[660]" classname="org.bitcoinj.utils.BtcFormatTest" time="0.0">
    <skipped/>
  </testcase>
  <testcase name="millicoinScaleTest[660]" classname="org.bitcoinj.utils.BtcFormatTest" time="0.0"/>
  <testcase name="toStringTest[660]" classname="org.bitcoinj.utils.BtcFormatTest" time="0.0">
    <skipped/>
  </testcase>
  <testcase name="testGrouping[660]" classname="org.bitcoinj.utils.BtcFormatTest" time="0.0"/>
  <testcase name="symbolsCodesTest[660]" classname="org.bitcoinj.utils.BtcFormatTest" time="0.001"/>
  <testcase name="defaultLocaleTest[660]" classname="org.bitcoinj.utils.BtcFormatTest" time="0.0"/>
  <testcase name="parsePositionTest[660]" classname="org.bitcoinj.utils.BtcFormatTest" time="0.001"/>
  <testcase name="argumentTypeTest[660]" classname="org.bitcoinj.utils.BtcFormatTest" time="0.0">
    <skipped/>
  </testcase>
  <testcase name="characterIteratorTest[660]" classname="org.bitcoinj.utils.BtcFormatTest" time="0.0"/>
  <testcase name="repeatingPlaceTest[660]" classname="org.bitcoinj.utils.BtcFormatTest" time="0.001"/>
  <testcase name="currencyCodeTest[660]" classname="org.bitcoinj.utils.BtcFormatTest" time="0.0">
    <skipped/>
  </testcase>
  <testcase name="patternDecimalPlaces[660]" classname="org.bitcoinj.utils.BtcFormatTest" time="0.0"/>
  <testcase name="factoryArgumentsTest[661]" classname="org.bitcoinj.utils.BtcFormatTest" time="0.002"/>
  <testcase name="parseTest[661]" classname="org.bitcoinj.utils.BtcFormatTest" time="0.0">
    <skipped/>
  </testcase>
  <testcase name="microcoinScaleTest[661]" classname="org.bitcoinj.utils.BtcFormatTest" time="0.0"/>
  <testcase name="parseMetricTest[661]" classname="org.bitcoinj.utils.BtcFormatTest" time="0.001"/>
  <testcase name="coinScaleTest[661]" classname="org.bitcoinj.utils.BtcFormatTest" time="0.0"/>
  <testcase name="builderTest[661]" classname="org.bitcoinj.utils.BtcFormatTest" time="0.0">
    <skipped/>
  </testcase>
  <testcase name="attributeTest[661]" classname="org.bitcoinj.utils.BtcFormatTest" time="0.0">
    <skipped/>
  </testcase>
  <testcase name="prefixTest[661]" classname="org.bitcoinj.utils.BtcFormatTest" time="0.001"/>
  <testcase name="suffixTest[661]" classname="org.bitcoinj.utils.BtcFormatTest" time="0.0">
    <skipped/>
  </testcase>
  <testcase name="autoDecimalTest[661]" classname="org.bitcoinj.utils.BtcFormatTest" time="0.0"/>
  <testcase name="symbolCollisionTest[661]" classname="org.bitcoinj.utils.BtcFormatTest" time="0.003"/>
  <testcase name="equalityTest[661]" classname="org.bitcoinj.utils.BtcFormatTest" time="0.002"/>
  <testcase name="columnAlignmentTest[661]" classname="org.bitcoinj.utils.BtcFormatTest" time="0.001"/>
  <testcase name="factoryTest[661]" classname="org.bitcoinj.utils.BtcFormatTest" time="0.0"/>
  <testcase name="parse[661]" classname="org.bitcoinj.utils.BtcFormatTest" time="0.0"/>
  <testcase name="btcRounding[661]" classname="org.bitcoinj.utils.BtcFormatTest" time="0.001"/>
  <testcase name="negativeTest[661]" classname="org.bitcoinj.utils.BtcFormatTest" time="0.0">
    <skipped/>
  </testcase>
  <testcase name="millicoinScaleTest[661]" classname="org.bitcoinj.utils.BtcFormatTest" time="0.0"/>
  <testcase name="toStringTest[661]" classname="org.bitcoinj.utils.BtcFormatTest" time="0.0">
    <skipped/>
  </testcase>
  <testcase name="testGrouping[661]" classname="org.bitcoinj.utils.BtcFormatTest" time="0.0"/>
  <testcase name="symbolsCodesTest[661]" classname="org.bitcoinj.utils.BtcFormatTest" time="0.0"/>
  <testcase name="defaultLocaleTest[661]" classname="org.bitcoinj.utils.BtcFormatTest" time="0.0"/>
  <testcase name="parsePositionTest[661]" classname="org.bitcoinj.utils.BtcFormatTest" time="0.0"/>
  <testcase name="argumentTypeTest[661]" classname="org.bitcoinj.utils.BtcFormatTest" time="0.0">
    <skipped/>
  </testcase>
  <testcase name="characterIteratorTest[661]" classname="org.bitcoinj.utils.BtcFormatTest" time="0.001"/>
  <testcase name="repeatingPlaceTest[661]" classname="org.bitcoinj.utils.BtcFormatTest" time="0.0"/>
  <testcase name="currencyCodeTest[661]" classname="org.bitcoinj.utils.BtcFormatTest" time="0.0">
    <skipped/>
  </testcase>
  <testcase name="patternDecimalPlaces[661]" classname="org.bitcoinj.utils.BtcFormatTest" time="0.0"/>
  <testcase name="factoryArgumentsTest[662]" classname="org.bitcoinj.utils.BtcFormatTest" time="0.001"/>
  <testcase name="parseTest[662]" classname="org.bitcoinj.utils.BtcFormatTest" time="0.0">
    <skipped/>
  </testcase>
  <testcase name="microcoinScaleTest[662]" classname="org.bitcoinj.utils.BtcFormatTest" time="0.0"/>
  <testcase name="parseMetricTest[662]" classname="org.bitcoinj.utils.BtcFormatTest" time="0.002"/>
  <testcase name="coinScaleTest[662]" classname="org.bitcoinj.utils.BtcFormatTest" time="0.0"/>
  <testcase name="builderTest[662]" classname="org.bitcoinj.utils.BtcFormatTest" time="0.0">
    <skipped/>
  </testcase>
  <testcase name="attributeTest[662]" classname="org.bitcoinj.utils.BtcFormatTest" time="0.0">
    <skipped/>
  </testcase>
  <testcase name="prefixTest[662]" classname="org.bitcoinj.utils.BtcFormatTest" time="0.001"/>
  <testcase name="suffixTest[662]" classname="org.bitcoinj.utils.BtcFormatTest" time="0.0">
    <skipped/>
  </testcase>
  <testcase name="autoDecimalTest[662]" classname="org.bitcoinj.utils.BtcFormatTest" time="0.0"/>
  <testcase name="symbolCollisionTest[662]" classname="org.bitcoinj.utils.BtcFormatTest" time="0.003"/>
  <testcase name="equalityTest[662]" classname="org.bitcoinj.utils.BtcFormatTest" time="0.002"/>
  <testcase name="columnAlignmentTest[662]" classname="org.bitcoinj.utils.BtcFormatTest" time="0.001"/>
  <testcase name="factoryTest[662]" classname="org.bitcoinj.utils.BtcFormatTest" time="0.001"/>
  <testcase name="parse[662]" classname="org.bitcoinj.utils.BtcFormatTest" time="0.0"/>
  <testcase name="btcRounding[662]" classname="org.bitcoinj.utils.BtcFormatTest" time="0.002"/>
  <testcase name="negativeTest[662]" classname="org.bitcoinj.utils.BtcFormatTest" time="0.0">
    <skipped/>
  </testcase>
  <testcase name="millicoinScaleTest[662]" classname="org.bitcoinj.utils.BtcFormatTest" time="0.0"/>
  <testcase name="toStringTest[662]" classname="org.bitcoinj.utils.BtcFormatTest" time="0.0">
    <skipped/>
  </testcase>
  <testcase name="testGrouping[662]" classname="org.bitcoinj.utils.BtcFormatTest" time="0.0"/>
  <testcase name="symbolsCodesTest[662]" classname="org.bitcoinj.utils.BtcFormatTest" time="0.001"/>
  <testcase name="defaultLocaleTest[662]" classname="org.bitcoinj.utils.BtcFormatTest" time="0.0"/>
  <testcase name="parsePositionTest[662]" classname="org.bitcoinj.utils.BtcFormatTest" time="0.0"/>
  <testcase name="argumentTypeTest[662]" classname="org.bitcoinj.utils.BtcFormatTest" time="0.0">
    <skipped/>
  </testcase>
  <testcase name="characterIteratorTest[662]" classname="org.bitcoinj.utils.BtcFormatTest" time="0.0"/>
  <testcase name="repeatingPlaceTest[662]" classname="org.bitcoinj.utils.BtcFormatTest" time="0.001"/>
  <testcase name="currencyCodeTest[662]" classname="org.bitcoinj.utils.BtcFormatTest" time="0.0">
    <skipped/>
  </testcase>
  <testcase name="patternDecimalPlaces[662]" classname="org.bitcoinj.utils.BtcFormatTest" time="0.0"/>
  <testcase name="factoryArgumentsTest[663]" classname="org.bitcoinj.utils.BtcFormatTest" time="0.0"/>
  <testcase name="parseTest[663]" classname="org.bitcoinj.utils.BtcFormatTest" time="0.001">
    <skipped/>
  </testcase>
  <testcase name="microcoinScaleTest[663]" classname="org.bitcoinj.utils.BtcFormatTest" time="0.0"/>
  <testcase name="parseMetricTest[663]" classname="org.bitcoinj.utils.BtcFormatTest" time="0.001"/>
  <testcase name="coinScaleTest[663]" classname="org.bitcoinj.utils.BtcFormatTest" time="0.0"/>
  <testcase name="builderTest[663]" classname="org.bitcoinj.utils.BtcFormatTest" time="0.0">
    <skipped/>
  </testcase>
  <testcase name="attributeTest[663]" classname="org.bitcoinj.utils.BtcFormatTest" time="0.0">
    <skipped/>
  </testcase>
  <testcase name="prefixTest[663]" classname="org.bitcoinj.utils.BtcFormatTest" time="0.0"/>
  <testcase name="suffixTest[663]" classname="org.bitcoinj.utils.BtcFormatTest" time="0.0">
    <skipped/>
  </testcase>
  <testcase name="autoDecimalTest[663]" classname="org.bitcoinj.utils.BtcFormatTest" time="0.0"/>
  <testcase name="symbolCollisionTest[663]" classname="org.bitcoinj.utils.BtcFormatTest" time="0.002"/>
  <testcase name="equalityTest[663]" classname="org.bitcoinj.utils.BtcFormatTest" time="0.002"/>
  <testcase name="columnAlignmentTest[663]" classname="org.bitcoinj.utils.BtcFormatTest" time="0.0"/>
  <testcase name="factoryTest[663]" classname="org.bitcoinj.utils.BtcFormatTest" time="0.002"/>
  <testcase name="parse[663]" classname="org.bitcoinj.utils.BtcFormatTest" time="0.0"/>
  <testcase name="btcRounding[663]" classname="org.bitcoinj.utils.BtcFormatTest" time="0.001"/>
  <testcase name="negativeTest[663]" classname="org.bitcoinj.utils.BtcFormatTest" time="0.0">
    <skipped/>
  </testcase>
  <testcase name="millicoinScaleTest[663]" classname="org.bitcoinj.utils.BtcFormatTest" time="0.0"/>
  <testcase name="toStringTest[663]" classname="org.bitcoinj.utils.BtcFormatTest" time="0.0">
    <skipped/>
  </testcase>
  <testcase name="testGrouping[663]" classname="org.bitcoinj.utils.BtcFormatTest" time="0.001"/>
  <testcase name="symbolsCodesTest[663]" classname="org.bitcoinj.utils.BtcFormatTest" time="0.001"/>
  <testcase name="defaultLocaleTest[663]" classname="org.bitcoinj.utils.BtcFormatTest" time="0.0"/>
  <testcase name="parsePositionTest[663]" classname="org.bitcoinj.utils.BtcFormatTest" time="0.0"/>
  <testcase name="argumentTypeTest[663]" classname="org.bitcoinj.utils.BtcFormatTest" time="0.0">
    <skipped/>
  </testcase>
  <testcase name="characterIteratorTest[663]" classname="org.bitcoinj.utils.BtcFormatTest" time="0.0"/>
  <testcase name="repeatingPlaceTest[663]" classname="org.bitcoinj.utils.BtcFormatTest" time="0.0"/>
  <testcase name="currencyCodeTest[663]" classname="org.bitcoinj.utils.BtcFormatTest" time="0.0">
    <skipped/>
  </testcase>
  <testcase name="patternDecimalPlaces[663]" classname="org.bitcoinj.utils.BtcFormatTest" time="0.001"/>
  <testcase name="factoryArgumentsTest[664]" classname="org.bitcoinj.utils.BtcFormatTest" time="0.0"/>
  <testcase name="parseTest[664]" classname="org.bitcoinj.utils.BtcFormatTest" time="0.0">
    <skipped/>
  </testcase>
  <testcase name="microcoinScaleTest[664]" classname="org.bitcoinj.utils.BtcFormatTest" time="0.001"/>
  <testcase name="parseMetricTest[664]" classname="org.bitcoinj.utils.BtcFormatTest" time="0.001"/>
  <testcase name="coinScaleTest[664]" classname="org.bitcoinj.utils.BtcFormatTest" time="0.0"/>
  <testcase name="builderTest[664]" classname="org.bitcoinj.utils.BtcFormatTest" time="0.0">
    <skipped/>
  </testcase>
  <testcase name="attributeTest[664]" classname="org.bitcoinj.utils.BtcFormatTest" time="0.0">
    <skipped/>
  </testcase>
  <testcase name="prefixTest[664]" classname="org.bitcoinj.utils.BtcFormatTest" time="0.0"/>
  <testcase name="suffixTest[664]" classname="org.bitcoinj.utils.BtcFormatTest" time="0.0">
    <skipped/>
  </testcase>
  <testcase name="autoDecimalTest[664]" classname="org.bitcoinj.utils.BtcFormatTest" time="0.001"/>
  <testcase name="symbolCollisionTest[664]" classname="org.bitcoinj.utils.BtcFormatTest" time="0.002"/>
  <testcase name="equalityTest[664]" classname="org.bitcoinj.utils.BtcFormatTest" time="0.007"/>
  <testcase name="columnAlignmentTest[664]" classname="org.bitcoinj.utils.BtcFormatTest" time="0.0"/>
  <testcase name="factoryTest[664]" classname="org.bitcoinj.utils.BtcFormatTest" time="0.002"/>
  <testcase name="parse[664]" classname="org.bitcoinj.utils.BtcFormatTest" time="0.0"/>
  <testcase name="btcRounding[664]" classname="org.bitcoinj.utils.BtcFormatTest" time="0.001"/>
  <testcase name="negativeTest[664]" classname="org.bitcoinj.utils.BtcFormatTest" time="0.001">
    <skipped/>
  </testcase>
  <testcase name="millicoinScaleTest[664]" classname="org.bitcoinj.utils.BtcFormatTest" time="0.0"/>
  <testcase name="toStringTest[664]" classname="org.bitcoinj.utils.BtcFormatTest" time="0.0">
    <skipped/>
  </testcase>
  <testcase name="testGrouping[664]" classname="org.bitcoinj.utils.BtcFormatTest" time="0.0"/>
  <testcase name="symbolsCodesTest[664]" classname="org.bitcoinj.utils.BtcFormatTest" time="0.001"/>
  <testcase name="defaultLocaleTest[664]" classname="org.bitcoinj.utils.BtcFormatTest" time="0.0"/>
  <testcase name="parsePositionTest[664]" classname="org.bitcoinj.utils.BtcFormatTest" time="0.0"/>
  <testcase name="argumentTypeTest[664]" classname="org.bitcoinj.utils.BtcFormatTest" time="0.0">
    <skipped/>
  </testcase>
  <testcase name="characterIteratorTest[664]" classname="org.bitcoinj.utils.BtcFormatTest" time="0.001"/>
  <testcase name="repeatingPlaceTest[664]" classname="org.bitcoinj.utils.BtcFormatTest" time="0.0"/>
  <testcase name="currencyCodeTest[664]" classname="org.bitcoinj.utils.BtcFormatTest" time="0.001">
    <skipped/>
  </testcase>
  <testcase name="patternDecimalPlaces[664]" classname="org.bitcoinj.utils.BtcFormatTest" time="0.0"/>
  <testcase name="factoryArgumentsTest[665]" classname="org.bitcoinj.utils.BtcFormatTest" time="0.001"/>
  <testcase name="parseTest[665]" classname="org.bitcoinj.utils.BtcFormatTest" time="0.0">
    <skipped/>
  </testcase>
  <testcase name="microcoinScaleTest[665]" classname="org.bitcoinj.utils.BtcFormatTest" time="0.0"/>
  <testcase name="parseMetricTest[665]" classname="org.bitcoinj.utils.BtcFormatTest" time="0.001"/>
  <testcase name="coinScaleTest[665]" classname="org.bitcoinj.utils.BtcFormatTest" time="0.0"/>
  <testcase name="builderTest[665]" classname="org.bitcoinj.utils.BtcFormatTest" time="0.0">
    <skipped/>
  </testcase>
  <testcase name="attributeTest[665]" classname="org.bitcoinj.utils.BtcFormatTest" time="0.0">
    <skipped/>
  </testcase>
  <testcase name="prefixTest[665]" classname="org.bitcoinj.utils.BtcFormatTest" time="0.001"/>
  <testcase name="suffixTest[665]" classname="org.bitcoinj.utils.BtcFormatTest" time="0.0">
    <skipped/>
  </testcase>
  <testcase name="autoDecimalTest[665]" classname="org.bitcoinj.utils.BtcFormatTest" time="0.0"/>
  <testcase name="symbolCollisionTest[665]" classname="org.bitcoinj.utils.BtcFormatTest" time="0.005"/>
  <testcase name="equalityTest[665]" classname="org.bitcoinj.utils.BtcFormatTest" time="0.002"/>
  <testcase name="columnAlignmentTest[665]" classname="org.bitcoinj.utils.BtcFormatTest" time="0.0"/>
  <testcase name="factoryTest[665]" classname="org.bitcoinj.utils.BtcFormatTest" time="0.001"/>
  <testcase name="parse[665]" classname="org.bitcoinj.utils.BtcFormatTest" time="0.0"/>
  <testcase name="btcRounding[665]" classname="org.bitcoinj.utils.BtcFormatTest" time="0.001"/>
  <testcase name="negativeTest[665]" classname="org.bitcoinj.utils.BtcFormatTest" time="0.0">
    <skipped/>
  </testcase>
  <testcase name="millicoinScaleTest[665]" classname="org.bitcoinj.utils.BtcFormatTest" time="0.0"/>
  <testcase name="toStringTest[665]" classname="org.bitcoinj.utils.BtcFormatTest" time="0.0">
    <skipped/>
  </testcase>
  <testcase name="testGrouping[665]" classname="org.bitcoinj.utils.BtcFormatTest" time="0.001"/>
  <testcase name="symbolsCodesTest[665]" classname="org.bitcoinj.utils.BtcFormatTest" time="0.0"/>
  <testcase name="defaultLocaleTest[665]" classname="org.bitcoinj.utils.BtcFormatTest" time="0.0"/>
  <testcase name="parsePositionTest[665]" classname="org.bitcoinj.utils.BtcFormatTest" time="0.001"/>
  <testcase name="argumentTypeTest[665]" classname="org.bitcoinj.utils.BtcFormatTest" time="0.0">
    <skipped/>
  </testcase>
  <testcase name="characterIteratorTest[665]" classname="org.bitcoinj.utils.BtcFormatTest" time="0.0"/>
  <testcase name="repeatingPlaceTest[665]" classname="org.bitcoinj.utils.BtcFormatTest" time="0.0"/>
  <testcase name="currencyCodeTest[665]" classname="org.bitcoinj.utils.BtcFormatTest" time="0.0">
    <skipped/>
  </testcase>
  <testcase name="patternDecimalPlaces[665]" classname="org.bitcoinj.utils.BtcFormatTest" time="0.0"/>
  <testcase name="factoryArgumentsTest[666]" classname="org.bitcoinj.utils.BtcFormatTest" time="0.002"/>
  <testcase name="parseTest[666]" classname="org.bitcoinj.utils.BtcFormatTest" time="0.0">
    <skipped/>
  </testcase>
  <testcase name="microcoinScaleTest[666]" classname="org.bitcoinj.utils.BtcFormatTest" time="0.0"/>
  <testcase name="parseMetricTest[666]" classname="org.bitcoinj.utils.BtcFormatTest" time="0.002"/>
  <testcase name="coinScaleTest[666]" classname="org.bitcoinj.utils.BtcFormatTest" time="0.0"/>
  <testcase name="builderTest[666]" classname="org.bitcoinj.utils.BtcFormatTest" time="0.0">
    <skipped/>
  </testcase>
  <testcase name="attributeTest[666]" classname="org.bitcoinj.utils.BtcFormatTest" time="0.0">
    <skipped/>
  </testcase>
  <testcase name="prefixTest[666]" classname="org.bitcoinj.utils.BtcFormatTest" time="0.001"/>
  <testcase name="suffixTest[666]" classname="org.bitcoinj.utils.BtcFormatTest" time="0.0">
    <skipped/>
  </testcase>
  <testcase name="autoDecimalTest[666]" classname="org.bitcoinj.utils.BtcFormatTest" time="0.003"/>
  <testcase name="symbolCollisionTest[666]" classname="org.bitcoinj.utils.BtcFormatTest" time="0.007"/>
  <testcase name="equalityTest[666]" classname="org.bitcoinj.utils.BtcFormatTest" time="0.002"/>
  <testcase name="columnAlignmentTest[666]" classname="org.bitcoinj.utils.BtcFormatTest" time="0.0"/>
  <testcase name="factoryTest[666]" classname="org.bitcoinj.utils.BtcFormatTest" time="0.0"/>
  <testcase name="parse[666]" classname="org.bitcoinj.utils.BtcFormatTest" time="0.001"/>
  <testcase name="btcRounding[666]" classname="org.bitcoinj.utils.BtcFormatTest" time="0.001"/>
  <testcase name="negativeTest[666]" classname="org.bitcoinj.utils.BtcFormatTest" time="0.0">
    <skipped/>
  </testcase>
  <testcase name="millicoinScaleTest[666]" classname="org.bitcoinj.utils.BtcFormatTest" time="0.0"/>
  <testcase name="toStringTest[666]" classname="org.bitcoinj.utils.BtcFormatTest" time="0.0">
    <skipped/>
  </testcase>
  <testcase name="testGrouping[666]" classname="org.bitcoinj.utils.BtcFormatTest" time="0.001"/>
  <testcase name="symbolsCodesTest[666]" classname="org.bitcoinj.utils.BtcFormatTest" time="0.0"/>
  <testcase name="defaultLocaleTest[666]" classname="org.bitcoinj.utils.BtcFormatTest" time="0.001"/>
  <testcase name="parsePositionTest[666]" classname="org.bitcoinj.utils.BtcFormatTest" time="0.0"/>
  <testcase name="argumentTypeTest[666]" classname="org.bitcoinj.utils.BtcFormatTest" time="0.0">
    <skipped/>
  </testcase>
  <testcase name="characterIteratorTest[666]" classname="org.bitcoinj.utils.BtcFormatTest" time="0.0"/>
  <testcase name="repeatingPlaceTest[666]" classname="org.bitcoinj.utils.BtcFormatTest" time="0.0"/>
  <testcase name="currencyCodeTest[666]" classname="org.bitcoinj.utils.BtcFormatTest" time="0.0">
    <skipped/>
  </testcase>
  <testcase name="patternDecimalPlaces[666]" classname="org.bitcoinj.utils.BtcFormatTest" time="0.0"/>
  <testcase name="factoryArgumentsTest[667]" classname="org.bitcoinj.utils.BtcFormatTest" time="0.003"/>
  <testcase name="parseTest[667]" classname="org.bitcoinj.utils.BtcFormatTest" time="0.0">
    <skipped/>
  </testcase>
  <testcase name="microcoinScaleTest[667]" classname="org.bitcoinj.utils.BtcFormatTest" time="0.0"/>
  <testcase name="parseMetricTest[667]" classname="org.bitcoinj.utils.BtcFormatTest" time="0.001"/>
  <testcase name="coinScaleTest[667]" classname="org.bitcoinj.utils.BtcFormatTest" time="0.0"/>
  <testcase name="builderTest[667]" classname="org.bitcoinj.utils.BtcFormatTest" time="0.0">
    <skipped/>
  </testcase>
  <testcase name="attributeTest[667]" classname="org.bitcoinj.utils.BtcFormatTest" time="0.0">
    <skipped/>
  </testcase>
  <testcase name="prefixTest[667]" classname="org.bitcoinj.utils.BtcFormatTest" time="0.001"/>
  <testcase name="suffixTest[667]" classname="org.bitcoinj.utils.BtcFormatTest" time="0.0">
    <skipped/>
  </testcase>
  <testcase name="autoDecimalTest[667]" classname="org.bitcoinj.utils.BtcFormatTest" time="0.001"/>
  <testcase name="symbolCollisionTest[667]" classname="org.bitcoinj.utils.BtcFormatTest" time="0.002"/>
  <testcase name="equalityTest[667]" classname="org.bitcoinj.utils.BtcFormatTest" time="0.002"/>
  <testcase name="columnAlignmentTest[667]" classname="org.bitcoinj.utils.BtcFormatTest" time="0.0"/>
  <testcase name="factoryTest[667]" classname="org.bitcoinj.utils.BtcFormatTest" time="0.0"/>
  <testcase name="parse[667]" classname="org.bitcoinj.utils.BtcFormatTest" time="0.001"/>
  <testcase name="btcRounding[667]" classname="org.bitcoinj.utils.BtcFormatTest" time="0.001"/>
  <testcase name="negativeTest[667]" classname="org.bitcoinj.utils.BtcFormatTest" time="0.0">
    <skipped/>
  </testcase>
  <testcase name="millicoinScaleTest[667]" classname="org.bitcoinj.utils.BtcFormatTest" time="0.0"/>
  <testcase name="toStringTest[667]" classname="org.bitcoinj.utils.BtcFormatTest" time="0.0">
    <skipped/>
  </testcase>
  <testcase name="testGrouping[667]" classname="org.bitcoinj.utils.BtcFormatTest" time="0.0"/>
  <testcase name="symbolsCodesTest[667]" classname="org.bitcoinj.utils.BtcFormatTest" time="0.001"/>
  <testcase name="defaultLocaleTest[667]" classname="org.bitcoinj.utils.BtcFormatTest" time="0.0"/>
  <testcase name="parsePositionTest[667]" classname="org.bitcoinj.utils.BtcFormatTest" time="0.001"/>
  <testcase name="argumentTypeTest[667]" classname="org.bitcoinj.utils.BtcFormatTest" time="0.0">
    <skipped/>
  </testcase>
  <testcase name="characterIteratorTest[667]" classname="org.bitcoinj.utils.BtcFormatTest" time="0.0"/>
  <testcase name="repeatingPlaceTest[667]" classname="org.bitcoinj.utils.BtcFormatTest" time="0.0"/>
  <testcase name="currencyCodeTest[667]" classname="org.bitcoinj.utils.BtcFormatTest" time="0.0">
    <skipped/>
  </testcase>
  <testcase name="patternDecimalPlaces[667]" classname="org.bitcoinj.utils.BtcFormatTest" time="0.0"/>
  <testcase name="factoryArgumentsTest[668]" classname="org.bitcoinj.utils.BtcFormatTest" time="0.002"/>
  <testcase name="parseTest[668]" classname="org.bitcoinj.utils.BtcFormatTest" time="0.0">
    <skipped/>
  </testcase>
  <testcase name="microcoinScaleTest[668]" classname="org.bitcoinj.utils.BtcFormatTest" time="0.001"/>
  <testcase name="parseMetricTest[668]" classname="org.bitcoinj.utils.BtcFormatTest" time="0.003"/>
  <testcase name="coinScaleTest[668]" classname="org.bitcoinj.utils.BtcFormatTest" time="0.0"/>
  <testcase name="builderTest[668]" classname="org.bitcoinj.utils.BtcFormatTest" time="0.0">
    <skipped/>
  </testcase>
  <testcase name="attributeTest[668]" classname="org.bitcoinj.utils.BtcFormatTest" time="0.0">
    <skipped/>
  </testcase>
  <testcase name="prefixTest[668]" classname="org.bitcoinj.utils.BtcFormatTest" time="0.0"/>
  <testcase name="suffixTest[668]" classname="org.bitcoinj.utils.BtcFormatTest" time="0.0">
    <skipped/>
  </testcase>
  <testcase name="autoDecimalTest[668]" classname="org.bitcoinj.utils.BtcFormatTest" time="0.001"/>
  <testcase name="symbolCollisionTest[668]" classname="org.bitcoinj.utils.BtcFormatTest" time="0.001"/>
  <testcase name="equalityTest[668]" classname="org.bitcoinj.utils.BtcFormatTest" time="0.002"/>
  <testcase name="columnAlignmentTest[668]" classname="org.bitcoinj.utils.BtcFormatTest" time="0.0"/>
  <testcase name="factoryTest[668]" classname="org.bitcoinj.utils.BtcFormatTest" time="0.0"/>
  <testcase name="parse[668]" classname="org.bitcoinj.utils.BtcFormatTest" time="0.0"/>
  <testcase name="btcRounding[668]" classname="org.bitcoinj.utils.BtcFormatTest" time="0.002"/>
  <testcase name="negativeTest[668]" classname="org.bitcoinj.utils.BtcFormatTest" time="0.0">
    <skipped/>
  </testcase>
  <testcase name="millicoinScaleTest[668]" classname="org.bitcoinj.utils.BtcFormatTest" time="0.0"/>
  <testcase name="toStringTest[668]" classname="org.bitcoinj.utils.BtcFormatTest" time="0.0">
    <skipped/>
  </testcase>
  <testcase name="testGrouping[668]" classname="org.bitcoinj.utils.BtcFormatTest" time="0.0"/>
  <testcase name="symbolsCodesTest[668]" classname="org.bitcoinj.utils.BtcFormatTest" time="0.001"/>
  <testcase name="defaultLocaleTest[668]" classname="org.bitcoinj.utils.BtcFormatTest" time="0.0"/>
  <testcase name="parsePositionTest[668]" classname="org.bitcoinj.utils.BtcFormatTest" time="0.0"/>
  <testcase name="argumentTypeTest[668]" classname="org.bitcoinj.utils.BtcFormatTest" time="0.0">
    <skipped/>
  </testcase>
  <testcase name="characterIteratorTest[668]" classname="org.bitcoinj.utils.BtcFormatTest" time="0.0"/>
  <testcase name="repeatingPlaceTest[668]" classname="org.bitcoinj.utils.BtcFormatTest" time="0.0"/>
  <testcase name="currencyCodeTest[668]" classname="org.bitcoinj.utils.BtcFormatTest" time="0.0">
    <skipped/>
  </testcase>
  <testcase name="patternDecimalPlaces[668]" classname="org.bitcoinj.utils.BtcFormatTest" time="0.0"/>
  <testcase name="factoryArgumentsTest[669]" classname="org.bitcoinj.utils.BtcFormatTest" time="0.001"/>
  <testcase name="parseTest[669]" classname="org.bitcoinj.utils.BtcFormatTest" time="0.0">
    <skipped/>
  </testcase>
  <testcase name="microcoinScaleTest[669]" classname="org.bitcoinj.utils.BtcFormatTest" time="0.0"/>
  <testcase name="parseMetricTest[669]" classname="org.bitcoinj.utils.BtcFormatTest" time="0.004"/>
  <testcase name="coinScaleTest[669]" classname="org.bitcoinj.utils.BtcFormatTest" time="0.0"/>
  <testcase name="builderTest[669]" classname="org.bitcoinj.utils.BtcFormatTest" time="0.0">
    <skipped/>
  </testcase>
  <testcase name="attributeTest[669]" classname="org.bitcoinj.utils.BtcFormatTest" time="0.0">
    <skipped/>
  </testcase>
  <testcase name="prefixTest[669]" classname="org.bitcoinj.utils.BtcFormatTest" time="0.0"/>
  <testcase name="suffixTest[669]" classname="org.bitcoinj.utils.BtcFormatTest" time="0.0">
    <skipped/>
  </testcase>
  <testcase name="autoDecimalTest[669]" classname="org.bitcoinj.utils.BtcFormatTest" time="0.002"/>
  <testcase name="symbolCollisionTest[669]" classname="org.bitcoinj.utils.BtcFormatTest" time="0.002"/>
  <testcase name="equalityTest[669]" classname="org.bitcoinj.utils.BtcFormatTest" time="0.002"/>
  <testcase name="columnAlignmentTest[669]" classname="org.bitcoinj.utils.BtcFormatTest" time="0.0"/>
  <testcase name="factoryTest[669]" classname="org.bitcoinj.utils.BtcFormatTest" time="0.001"/>
  <testcase name="parse[669]" classname="org.bitcoinj.utils.BtcFormatTest" time="0.0"/>
  <testcase name="btcRounding[669]" classname="org.bitcoinj.utils.BtcFormatTest" time="0.001"/>
  <testcase name="negativeTest[669]" classname="org.bitcoinj.utils.BtcFormatTest" time="0.0">
    <skipped/>
  </testcase>
  <testcase name="millicoinScaleTest[669]" classname="org.bitcoinj.utils.BtcFormatTest" time="0.0"/>
  <testcase name="toStringTest[669]" classname="org.bitcoinj.utils.BtcFormatTest" time="0.0">
    <skipped/>
  </testcase>
  <testcase name="testGrouping[669]" classname="org.bitcoinj.utils.BtcFormatTest" time="0.0"/>
  <testcase name="symbolsCodesTest[669]" classname="org.bitcoinj.utils.BtcFormatTest" time="0.001"/>
  <testcase name="defaultLocaleTest[669]" classname="org.bitcoinj.utils.BtcFormatTest" time="0.0"/>
  <testcase name="parsePositionTest[669]" classname="org.bitcoinj.utils.BtcFormatTest" time="0.0"/>
  <testcase name="argumentTypeTest[669]" classname="org.bitcoinj.utils.BtcFormatTest" time="0.0">
    <skipped/>
  </testcase>
  <testcase name="characterIteratorTest[669]" classname="org.bitcoinj.utils.BtcFormatTest" time="0.001"/>
  <testcase name="repeatingPlaceTest[669]" classname="org.bitcoinj.utils.BtcFormatTest" time="0.0"/>
  <testcase name="currencyCodeTest[669]" classname="org.bitcoinj.utils.BtcFormatTest" time="0.0">
    <skipped/>
  </testcase>
  <testcase name="patternDecimalPlaces[669]" classname="org.bitcoinj.utils.BtcFormatTest" time="0.0"/>
  <testcase name="factoryArgumentsTest[670]" classname="org.bitcoinj.utils.BtcFormatTest" time="0.001"/>
  <testcase name="parseTest[670]" classname="org.bitcoinj.utils.BtcFormatTest" time="0.0">
    <skipped/>
  </testcase>
  <testcase name="microcoinScaleTest[670]" classname="org.bitcoinj.utils.BtcFormatTest" time="0.0"/>
  <testcase name="parseMetricTest[670]" classname="org.bitcoinj.utils.BtcFormatTest" time="0.001"/>
  <testcase name="coinScaleTest[670]" classname="org.bitcoinj.utils.BtcFormatTest" time="0.0"/>
  <testcase name="builderTest[670]" classname="org.bitcoinj.utils.BtcFormatTest" time="0.0">
    <skipped/>
  </testcase>
  <testcase name="attributeTest[670]" classname="org.bitcoinj.utils.BtcFormatTest" time="0.0">
    <skipped/>
  </testcase>
  <testcase name="prefixTest[670]" classname="org.bitcoinj.utils.BtcFormatTest" time="0.001"/>
  <testcase name="suffixTest[670]" classname="org.bitcoinj.utils.BtcFormatTest" time="0.0">
    <skipped/>
  </testcase>
  <testcase name="autoDecimalTest[670]" classname="org.bitcoinj.utils.BtcFormatTest" time="0.001"/>
  <testcase name="symbolCollisionTest[670]" classname="org.bitcoinj.utils.BtcFormatTest" time="0.004"/>
  <testcase name="equalityTest[670]" classname="org.bitcoinj.utils.BtcFormatTest" time="0.002"/>
  <testcase name="columnAlignmentTest[670]" classname="org.bitcoinj.utils.BtcFormatTest" time="0.0"/>
  <testcase name="factoryTest[670]" classname="org.bitcoinj.utils.BtcFormatTest" time="0.0"/>
  <testcase name="parse[670]" classname="org.bitcoinj.utils.BtcFormatTest" time="0.001"/>
  <testcase name="btcRounding[670]" classname="org.bitcoinj.utils.BtcFormatTest" time="0.001"/>
  <testcase name="negativeTest[670]" classname="org.bitcoinj.utils.BtcFormatTest" time="0.0">
    <skipped/>
  </testcase>
  <testcase name="millicoinScaleTest[670]" classname="org.bitcoinj.utils.BtcFormatTest" time="0.0"/>
  <testcase name="toStringTest[670]" classname="org.bitcoinj.utils.BtcFormatTest" time="0.0">
    <skipped/>
  </testcase>
  <testcase name="testGrouping[670]" classname="org.bitcoinj.utils.BtcFormatTest" time="0.0"/>
  <testcase name="symbolsCodesTest[670]" classname="org.bitcoinj.utils.BtcFormatTest" time="0.001"/>
  <testcase name="defaultLocaleTest[670]" classname="org.bitcoinj.utils.BtcFormatTest" time="0.0"/>
  <testcase name="parsePositionTest[670]" classname="org.bitcoinj.utils.BtcFormatTest" time="0.0"/>
  <testcase name="argumentTypeTest[670]" classname="org.bitcoinj.utils.BtcFormatTest" time="0.0">
    <skipped/>
  </testcase>
  <testcase name="characterIteratorTest[670]" classname="org.bitcoinj.utils.BtcFormatTest" time="0.0"/>
  <testcase name="repeatingPlaceTest[670]" classname="org.bitcoinj.utils.BtcFormatTest" time="0.001"/>
  <testcase name="currencyCodeTest[670]" classname="org.bitcoinj.utils.BtcFormatTest" time="0.0">
    <skipped/>
  </testcase>
  <testcase name="patternDecimalPlaces[670]" classname="org.bitcoinj.utils.BtcFormatTest" time="0.0"/>
  <testcase name="factoryArgumentsTest[671]" classname="org.bitcoinj.utils.BtcFormatTest" time="0.0"/>
  <testcase name="parseTest[671]" classname="org.bitcoinj.utils.BtcFormatTest" time="0.0">
    <skipped/>
  </testcase>
  <testcase name="microcoinScaleTest[671]" classname="org.bitcoinj.utils.BtcFormatTest" time="0.0"/>
  <testcase name="parseMetricTest[671]" classname="org.bitcoinj.utils.BtcFormatTest" time="0.001"/>
  <testcase name="coinScaleTest[671]" classname="org.bitcoinj.utils.BtcFormatTest" time="0.0"/>
  <testcase name="builderTest[671]" classname="org.bitcoinj.utils.BtcFormatTest" time="0.0">
    <skipped/>
  </testcase>
  <testcase name="attributeTest[671]" classname="org.bitcoinj.utils.BtcFormatTest" time="0.0">
    <skipped/>
  </testcase>
  <testcase name="prefixTest[671]" classname="org.bitcoinj.utils.BtcFormatTest" time="0.0"/>
  <testcase name="suffixTest[671]" classname="org.bitcoinj.utils.BtcFormatTest" time="0.0">
    <skipped/>
  </testcase>
  <testcase name="autoDecimalTest[671]" classname="org.bitcoinj.utils.BtcFormatTest" time="0.001"/>
  <testcase name="symbolCollisionTest[671]" classname="org.bitcoinj.utils.BtcFormatTest" time="0.001"/>
  <testcase name="equalityTest[671]" classname="org.bitcoinj.utils.BtcFormatTest" time="0.001"/>
  <testcase name="columnAlignmentTest[671]" classname="org.bitcoinj.utils.BtcFormatTest" time="0.001"/>
  <testcase name="factoryTest[671]" classname="org.bitcoinj.utils.BtcFormatTest" time="0.002"/>
  <testcase name="parse[671]" classname="org.bitcoinj.utils.BtcFormatTest" time="0.0"/>
  <testcase name="btcRounding[671]" classname="org.bitcoinj.utils.BtcFormatTest" time="0.002"/>
  <testcase name="negativeTest[671]" classname="org.bitcoinj.utils.BtcFormatTest" time="0.0">
    <skipped/>
  </testcase>
  <testcase name="millicoinScaleTest[671]" classname="org.bitcoinj.utils.BtcFormatTest" time="0.0"/>
  <testcase name="toStringTest[671]" classname="org.bitcoinj.utils.BtcFormatTest" time="0.0">
    <skipped/>
  </testcase>
  <testcase name="testGrouping[671]" classname="org.bitcoinj.utils.BtcFormatTest" time="0.001"/>
  <testcase name="symbolsCodesTest[671]" classname="org.bitcoinj.utils.BtcFormatTest" time="0.001"/>
  <testcase name="defaultLocaleTest[671]" classname="org.bitcoinj.utils.BtcFormatTest" time="0.0"/>
  <testcase name="parsePositionTest[671]" classname="org.bitcoinj.utils.BtcFormatTest" time="0.0"/>
  <testcase name="argumentTypeTest[671]" classname="org.bitcoinj.utils.BtcFormatTest" time="0.0">
    <skipped/>
  </testcase>
  <testcase name="characterIteratorTest[671]" classname="org.bitcoinj.utils.BtcFormatTest" time="0.0"/>
  <testcase name="repeatingPlaceTest[671]" classname="org.bitcoinj.utils.BtcFormatTest" time="0.001"/>
  <testcase name="currencyCodeTest[671]" classname="org.bitcoinj.utils.BtcFormatTest" time="0.0">
    <skipped/>
  </testcase>
  <testcase name="patternDecimalPlaces[671]" classname="org.bitcoinj.utils.BtcFormatTest" time="0.0"/>
  <testcase name="factoryArgumentsTest[672]" classname="org.bitcoinj.utils.BtcFormatTest" time="0.001"/>
  <testcase name="parseTest[672]" classname="org.bitcoinj.utils.BtcFormatTest" time="0.0">
    <skipped/>
  </testcase>
  <testcase name="microcoinScaleTest[672]" classname="org.bitcoinj.utils.BtcFormatTest" time="0.0"/>
  <testcase name="parseMetricTest[672]" classname="org.bitcoinj.utils.BtcFormatTest" time="0.001"/>
  <testcase name="coinScaleTest[672]" classname="org.bitcoinj.utils.BtcFormatTest" time="0.0"/>
  <testcase name="builderTest[672]" classname="org.bitcoinj.utils.BtcFormatTest" time="0.0">
    <skipped/>
  </testcase>
  <testcase name="attributeTest[672]" classname="org.bitcoinj.utils.BtcFormatTest" time="0.0">
    <skipped/>
  </testcase>
  <testcase name="prefixTest[672]" classname="org.bitcoinj.utils.BtcFormatTest" time="0.0"/>
  <testcase name="suffixTest[672]" classname="org.bitcoinj.utils.BtcFormatTest" time="0.0">
    <skipped/>
  </testcase>
  <testcase name="autoDecimalTest[672]" classname="org.bitcoinj.utils.BtcFormatTest" time="0.001"/>
  <testcase name="symbolCollisionTest[672]" classname="org.bitcoinj.utils.BtcFormatTest" time="0.002"/>
  <testcase name="equalityTest[672]" classname="org.bitcoinj.utils.BtcFormatTest" time="0.001"/>
  <testcase name="columnAlignmentTest[672]" classname="org.bitcoinj.utils.BtcFormatTest" time="0.001"/>
  <testcase name="factoryTest[672]" classname="org.bitcoinj.utils.BtcFormatTest" time="0.0"/>
  <testcase name="parse[672]" classname="org.bitcoinj.utils.BtcFormatTest" time="0.0"/>
  <testcase name="btcRounding[672]" classname="org.bitcoinj.utils.BtcFormatTest" time="0.003"/>
  <testcase name="negativeTest[672]" classname="org.bitcoinj.utils.BtcFormatTest" time="0.001">
    <skipped/>
  </testcase>
  <testcase name="millicoinScaleTest[672]" classname="org.bitcoinj.utils.BtcFormatTest" time="0.0"/>
  <testcase name="toStringTest[672]" classname="org.bitcoinj.utils.BtcFormatTest" time="0.0">
    <skipped/>
  </testcase>
  <testcase name="testGrouping[672]" classname="org.bitcoinj.utils.BtcFormatTest" time="0.0"/>
  <testcase name="symbolsCodesTest[672]" classname="org.bitcoinj.utils.BtcFormatTest" time="0.001"/>
  <testcase name="defaultLocaleTest[672]" classname="org.bitcoinj.utils.BtcFormatTest" time="0.0"/>
  <testcase name="parsePositionTest[672]" classname="org.bitcoinj.utils.BtcFormatTest" time="0.0"/>
  <testcase name="argumentTypeTest[672]" classname="org.bitcoinj.utils.BtcFormatTest" time="0.0">
    <skipped/>
  </testcase>
  <testcase name="characterIteratorTest[672]" classname="org.bitcoinj.utils.BtcFormatTest" time="0.001"/>
  <testcase name="repeatingPlaceTest[672]" classname="org.bitcoinj.utils.BtcFormatTest" time="0.0"/>
  <testcase name="currencyCodeTest[672]" classname="org.bitcoinj.utils.BtcFormatTest" time="0.0">
    <skipped/>
  </testcase>
  <testcase name="patternDecimalPlaces[672]" classname="org.bitcoinj.utils.BtcFormatTest" time="0.0"/>
  <testcase name="factoryArgumentsTest[673]" classname="org.bitcoinj.utils.BtcFormatTest" time="0.001"/>
  <testcase name="parseTest[673]" classname="org.bitcoinj.utils.BtcFormatTest" time="0.0">
    <skipped/>
  </testcase>
  <testcase name="microcoinScaleTest[673]" classname="org.bitcoinj.utils.BtcFormatTest" time="0.0"/>
  <testcase name="parseMetricTest[673]" classname="org.bitcoinj.utils.BtcFormatTest" time="0.002"/>
  <testcase name="coinScaleTest[673]" classname="org.bitcoinj.utils.BtcFormatTest" time="0.001"/>
  <testcase name="builderTest[673]" classname="org.bitcoinj.utils.BtcFormatTest" time="0.0">
    <skipped/>
  </testcase>
  <testcase name="attributeTest[673]" classname="org.bitcoinj.utils.BtcFormatTest" time="0.0">
    <skipped/>
  </testcase>
  <testcase name="prefixTest[673]" classname="org.bitcoinj.utils.BtcFormatTest" time="0.0"/>
  <testcase name="suffixTest[673]" classname="org.bitcoinj.utils.BtcFormatTest" time="0.0">
    <skipped/>
  </testcase>
  <testcase name="autoDecimalTest[673]" classname="org.bitcoinj.utils.BtcFormatTest" time="0.001"/>
  <testcase name="symbolCollisionTest[673]" classname="org.bitcoinj.utils.BtcFormatTest" time="0.001"/>
  <testcase name="equalityTest[673]" classname="org.bitcoinj.utils.BtcFormatTest" time="0.001"/>
  <testcase name="columnAlignmentTest[673]" classname="org.bitcoinj.utils.BtcFormatTest" time="0.001"/>
  <testcase name="factoryTest[673]" classname="org.bitcoinj.utils.BtcFormatTest" time="0.0"/>
  <testcase name="parse[673]" classname="org.bitcoinj.utils.BtcFormatTest" time="0.0"/>
  <testcase name="btcRounding[673]" classname="org.bitcoinj.utils.BtcFormatTest" time="0.001"/>
  <testcase name="negativeTest[673]" classname="org.bitcoinj.utils.BtcFormatTest" time="0.0">
    <skipped/>
  </testcase>
  <testcase name="millicoinScaleTest[673]" classname="org.bitcoinj.utils.BtcFormatTest" time="0.001"/>
  <testcase name="toStringTest[673]" classname="org.bitcoinj.utils.BtcFormatTest" time="0.0">
    <skipped/>
  </testcase>
  <testcase name="testGrouping[673]" classname="org.bitcoinj.utils.BtcFormatTest" time="0.003"/>
  <testcase name="symbolsCodesTest[673]" classname="org.bitcoinj.utils.BtcFormatTest" time="0.001"/>
  <testcase name="defaultLocaleTest[673]" classname="org.bitcoinj.utils.BtcFormatTest" time="0.0"/>
  <testcase name="parsePositionTest[673]" classname="org.bitcoinj.utils.BtcFormatTest" time="0.001"/>
  <testcase name="argumentTypeTest[673]" classname="org.bitcoinj.utils.BtcFormatTest" time="0.0">
    <skipped/>
  </testcase>
  <testcase name="characterIteratorTest[673]" classname="org.bitcoinj.utils.BtcFormatTest" time="0.0"/>
  <testcase name="repeatingPlaceTest[673]" classname="org.bitcoinj.utils.BtcFormatTest" time="0.001"/>
  <testcase name="currencyCodeTest[673]" classname="org.bitcoinj.utils.BtcFormatTest" time="0.0">
    <skipped/>
  </testcase>
  <testcase name="patternDecimalPlaces[673]" classname="org.bitcoinj.utils.BtcFormatTest" time="0.0"/>
  <testcase name="factoryArgumentsTest[674]" classname="org.bitcoinj.utils.BtcFormatTest" time="0.001"/>
  <testcase name="parseTest[674]" classname="org.bitcoinj.utils.BtcFormatTest" time="0.0">
    <skipped/>
  </testcase>
  <testcase name="microcoinScaleTest[674]" classname="org.bitcoinj.utils.BtcFormatTest" time="0.0"/>
  <testcase name="parseMetricTest[674]" classname="org.bitcoinj.utils.BtcFormatTest" time="0.001"/>
  <testcase name="coinScaleTest[674]" classname="org.bitcoinj.utils.BtcFormatTest" time="0.0"/>
  <testcase name="builderTest[674]" classname="org.bitcoinj.utils.BtcFormatTest" time="0.0">
    <skipped/>
  </testcase>
  <testcase name="attributeTest[674]" classname="org.bitcoinj.utils.BtcFormatTest" time="0.0">
    <skipped/>
  </testcase>
  <testcase name="prefixTest[674]" classname="org.bitcoinj.utils.BtcFormatTest" time="0.001"/>
  <testcase name="suffixTest[674]" classname="org.bitcoinj.utils.BtcFormatTest" time="0.0">
    <skipped/>
  </testcase>
  <testcase name="autoDecimalTest[674]" classname="org.bitcoinj.utils.BtcFormatTest" time="0.0"/>
  <testcase name="symbolCollisionTest[674]" classname="org.bitcoinj.utils.BtcFormatTest" time="0.002"/>
  <testcase name="equalityTest[674]" classname="org.bitcoinj.utils.BtcFormatTest" time="0.001"/>
  <testcase name="columnAlignmentTest[674]" classname="org.bitcoinj.utils.BtcFormatTest" time="0.001"/>
  <testcase name="factoryTest[674]" classname="org.bitcoinj.utils.BtcFormatTest" time="0.0"/>
  <testcase name="parse[674]" classname="org.bitcoinj.utils.BtcFormatTest" time="0.0"/>
  <testcase name="btcRounding[674]" classname="org.bitcoinj.utils.BtcFormatTest" time="0.001"/>
  <testcase name="negativeTest[674]" classname="org.bitcoinj.utils.BtcFormatTest" time="0.0">
    <skipped/>
  </testcase>
  <testcase name="millicoinScaleTest[674]" classname="org.bitcoinj.utils.BtcFormatTest" time="0.0"/>
  <testcase name="toStringTest[674]" classname="org.bitcoinj.utils.BtcFormatTest" time="0.0">
    <skipped/>
  </testcase>
  <testcase name="testGrouping[674]" classname="org.bitcoinj.utils.BtcFormatTest" time="0.0"/>
  <testcase name="symbolsCodesTest[674]" classname="org.bitcoinj.utils.BtcFormatTest" time="0.001"/>
  <testcase name="defaultLocaleTest[674]" classname="org.bitcoinj.utils.BtcFormatTest" time="0.0"/>
  <testcase name="parsePositionTest[674]" classname="org.bitcoinj.utils.BtcFormatTest" time="0.0"/>
  <testcase name="argumentTypeTest[674]" classname="org.bitcoinj.utils.BtcFormatTest" time="0.0">
    <skipped/>
  </testcase>
  <testcase name="characterIteratorTest[674]" classname="org.bitcoinj.utils.BtcFormatTest" time="0.001"/>
  <testcase name="repeatingPlaceTest[674]" classname="org.bitcoinj.utils.BtcFormatTest" time="0.0"/>
  <testcase name="currencyCodeTest[674]" classname="org.bitcoinj.utils.BtcFormatTest" time="0.0">
    <skipped/>
  </testcase>
  <testcase name="patternDecimalPlaces[674]" classname="org.bitcoinj.utils.BtcFormatTest" time="0.0"/>
  <testcase name="factoryArgumentsTest[675]" classname="org.bitcoinj.utils.BtcFormatTest" time="0.002"/>
  <testcase name="parseTest[675]" classname="org.bitcoinj.utils.BtcFormatTest" time="0.0">
    <skipped/>
  </testcase>
  <testcase name="microcoinScaleTest[675]" classname="org.bitcoinj.utils.BtcFormatTest" time="0.0"/>
  <testcase name="parseMetricTest[675]" classname="org.bitcoinj.utils.BtcFormatTest" time="0.002"/>
  <testcase name="coinScaleTest[675]" classname="org.bitcoinj.utils.BtcFormatTest" time="0.0"/>
  <testcase name="builderTest[675]" classname="org.bitcoinj.utils.BtcFormatTest" time="0.0">
    <skipped/>
  </testcase>
  <testcase name="attributeTest[675]" classname="org.bitcoinj.utils.BtcFormatTest" time="0.0">
    <skipped/>
  </testcase>
  <testcase name="prefixTest[675]" classname="org.bitcoinj.utils.BtcFormatTest" time="0.001"/>
  <testcase name="suffixTest[675]" classname="org.bitcoinj.utils.BtcFormatTest" time="0.0">
    <skipped/>
  </testcase>
  <testcase name="autoDecimalTest[675]" classname="org.bitcoinj.utils.BtcFormatTest" time="0.0"/>
  <testcase name="symbolCollisionTest[675]" classname="org.bitcoinj.utils.BtcFormatTest" time="0.002"/>
  <testcase name="equalityTest[675]" classname="org.bitcoinj.utils.BtcFormatTest" time="0.001"/>
  <testcase name="columnAlignmentTest[675]" classname="org.bitcoinj.utils.BtcFormatTest" time="0.0"/>
  <testcase name="factoryTest[675]" classname="org.bitcoinj.utils.BtcFormatTest" time="0.0"/>
  <testcase name="parse[675]" classname="org.bitcoinj.utils.BtcFormatTest" time="0.0"/>
  <testcase name="btcRounding[675]" classname="org.bitcoinj.utils.BtcFormatTest" time="0.001"/>
  <testcase name="negativeTest[675]" classname="org.bitcoinj.utils.BtcFormatTest" time="0.0">
    <skipped/>
  </testcase>
  <testcase name="millicoinScaleTest[675]" classname="org.bitcoinj.utils.BtcFormatTest" time="0.0"/>
  <testcase name="toStringTest[675]" classname="org.bitcoinj.utils.BtcFormatTest" time="0.0">
    <skipped/>
  </testcase>
  <testcase name="testGrouping[675]" classname="org.bitcoinj.utils.BtcFormatTest" time="0.001"/>
  <testcase name="symbolsCodesTest[675]" classname="org.bitcoinj.utils.BtcFormatTest" time="0.0"/>
  <testcase name="defaultLocaleTest[675]" classname="org.bitcoinj.utils.BtcFormatTest" time="0.0"/>
  <testcase name="parsePositionTest[675]" classname="org.bitcoinj.utils.BtcFormatTest" time="0.0"/>
  <testcase name="argumentTypeTest[675]" classname="org.bitcoinj.utils.BtcFormatTest" time="0.0">
    <skipped/>
  </testcase>
  <testcase name="characterIteratorTest[675]" classname="org.bitcoinj.utils.BtcFormatTest" time="0.0"/>
  <testcase name="repeatingPlaceTest[675]" classname="org.bitcoinj.utils.BtcFormatTest" time="0.0"/>
  <testcase name="currencyCodeTest[675]" classname="org.bitcoinj.utils.BtcFormatTest" time="0.0">
    <skipped/>
  </testcase>
  <testcase name="patternDecimalPlaces[675]" classname="org.bitcoinj.utils.BtcFormatTest" time="0.0"/>
  <testcase name="factoryArgumentsTest[676]" classname="org.bitcoinj.utils.BtcFormatTest" time="0.001"/>
  <testcase name="parseTest[676]" classname="org.bitcoinj.utils.BtcFormatTest" time="0.0">
    <skipped/>
  </testcase>
  <testcase name="microcoinScaleTest[676]" classname="org.bitcoinj.utils.BtcFormatTest" time="0.0"/>
  <testcase name="parseMetricTest[676]" classname="org.bitcoinj.utils.BtcFormatTest" time="0.001"/>
  <testcase name="coinScaleTest[676]" classname="org.bitcoinj.utils.BtcFormatTest" time="0.0"/>
  <testcase name="builderTest[676]" classname="org.bitcoinj.utils.BtcFormatTest" time="0.0">
    <skipped/>
  </testcase>
  <testcase name="attributeTest[676]" classname="org.bitcoinj.utils.BtcFormatTest" time="0.0">
    <skipped/>
  </testcase>
  <testcase name="prefixTest[676]" classname="org.bitcoinj.utils.BtcFormatTest" time="0.001"/>
  <testcase name="suffixTest[676]" classname="org.bitcoinj.utils.BtcFormatTest" time="0.0">
    <skipped/>
  </testcase>
  <testcase name="autoDecimalTest[676]" classname="org.bitcoinj.utils.BtcFormatTest" time="0.0"/>
  <testcase name="symbolCollisionTest[676]" classname="org.bitcoinj.utils.BtcFormatTest" time="0.002"/>
  <testcase name="equalityTest[676]" classname="org.bitcoinj.utils.BtcFormatTest" time="0.002"/>
  <testcase name="columnAlignmentTest[676]" classname="org.bitcoinj.utils.BtcFormatTest" time="0.0"/>
  <testcase name="factoryTest[676]" classname="org.bitcoinj.utils.BtcFormatTest" time="0.0"/>
  <testcase name="parse[676]" classname="org.bitcoinj.utils.BtcFormatTest" time="0.0"/>
  <testcase name="btcRounding[676]" classname="org.bitcoinj.utils.BtcFormatTest" time="0.002"/>
  <testcase name="negativeTest[676]" classname="org.bitcoinj.utils.BtcFormatTest" time="0.0">
    <skipped/>
  </testcase>
  <testcase name="millicoinScaleTest[676]" classname="org.bitcoinj.utils.BtcFormatTest" time="0.0"/>
  <testcase name="toStringTest[676]" classname="org.bitcoinj.utils.BtcFormatTest" time="0.0">
    <skipped/>
  </testcase>
  <testcase name="testGrouping[676]" classname="org.bitcoinj.utils.BtcFormatTest" time="0.0"/>
  <testcase name="symbolsCodesTest[676]" classname="org.bitcoinj.utils.BtcFormatTest" time="0.001"/>
  <testcase name="defaultLocaleTest[676]" classname="org.bitcoinj.utils.BtcFormatTest" time="0.0"/>
  <testcase name="parsePositionTest[676]" classname="org.bitcoinj.utils.BtcFormatTest" time="0.0"/>
  <testcase name="argumentTypeTest[676]" classname="org.bitcoinj.utils.BtcFormatTest" time="0.0">
    <skipped/>
  </testcase>
  <testcase name="characterIteratorTest[676]" classname="org.bitcoinj.utils.BtcFormatTest" time="0.001"/>
  <testcase name="repeatingPlaceTest[676]" classname="org.bitcoinj.utils.BtcFormatTest" time="0.0"/>
  <testcase name="currencyCodeTest[676]" classname="org.bitcoinj.utils.BtcFormatTest" time="0.0">
    <skipped/>
  </testcase>
  <testcase name="patternDecimalPlaces[676]" classname="org.bitcoinj.utils.BtcFormatTest" time="0.0"/>
  <testcase name="factoryArgumentsTest[677]" classname="org.bitcoinj.utils.BtcFormatTest" time="0.001"/>
  <testcase name="parseTest[677]" classname="org.bitcoinj.utils.BtcFormatTest" time="0.0">
    <skipped/>
  </testcase>
  <testcase name="microcoinScaleTest[677]" classname="org.bitcoinj.utils.BtcFormatTest" time="0.0"/>
  <testcase name="parseMetricTest[677]" classname="org.bitcoinj.utils.BtcFormatTest" time="0.001"/>
  <testcase name="coinScaleTest[677]" classname="org.bitcoinj.utils.BtcFormatTest" time="0.0"/>
  <testcase name="builderTest[677]" classname="org.bitcoinj.utils.BtcFormatTest" time="0.0">
    <skipped/>
  </testcase>
  <testcase name="attributeTest[677]" classname="org.bitcoinj.utils.BtcFormatTest" time="0.0">
    <skipped/>
  </testcase>
  <testcase name="prefixTest[677]" classname="org.bitcoinj.utils.BtcFormatTest" time="0.0"/>
  <testcase name="suffixTest[677]" classname="org.bitcoinj.utils.BtcFormatTest" time="0.0">
    <skipped/>
  </testcase>
  <testcase name="autoDecimalTest[677]" classname="org.bitcoinj.utils.BtcFormatTest" time="0.001"/>
  <testcase name="symbolCollisionTest[677]" classname="org.bitcoinj.utils.BtcFormatTest" time="0.001"/>
  <testcase name="equalityTest[677]" classname="org.bitcoinj.utils.BtcFormatTest" time="0.002"/>
  <testcase name="columnAlignmentTest[677]" classname="org.bitcoinj.utils.BtcFormatTest" time="0.0"/>
  <testcase name="factoryTest[677]" classname="org.bitcoinj.utils.BtcFormatTest" time="0.0"/>
  <testcase name="parse[677]" classname="org.bitcoinj.utils.BtcFormatTest" time="0.0"/>
  <testcase name="btcRounding[677]" classname="org.bitcoinj.utils.BtcFormatTest" time="0.002"/>
  <testcase name="negativeTest[677]" classname="org.bitcoinj.utils.BtcFormatTest" time="0.0">
    <skipped/>
  </testcase>
  <testcase name="millicoinScaleTest[677]" classname="org.bitcoinj.utils.BtcFormatTest" time="0.0"/>
  <testcase name="toStringTest[677]" classname="org.bitcoinj.utils.BtcFormatTest" time="0.0">
    <skipped/>
  </testcase>
  <testcase name="testGrouping[677]" classname="org.bitcoinj.utils.BtcFormatTest" time="0.0"/>
  <testcase name="symbolsCodesTest[677]" classname="org.bitcoinj.utils.BtcFormatTest" time="0.001"/>
  <testcase name="defaultLocaleTest[677]" classname="org.bitcoinj.utils.BtcFormatTest" time="0.0"/>
  <testcase name="parsePositionTest[677]" classname="org.bitcoinj.utils.BtcFormatTest" time="0.0"/>
  <testcase name="argumentTypeTest[677]" classname="org.bitcoinj.utils.BtcFormatTest" time="0.0">
    <skipped/>
  </testcase>
  <testcase name="characterIteratorTest[677]" classname="org.bitcoinj.utils.BtcFormatTest" time="0.0"/>
  <testcase name="repeatingPlaceTest[677]" classname="org.bitcoinj.utils.BtcFormatTest" time="0.0"/>
  <testcase name="currencyCodeTest[677]" classname="org.bitcoinj.utils.BtcFormatTest" time="0.0">
    <skipped/>
  </testcase>
  <testcase name="patternDecimalPlaces[677]" classname="org.bitcoinj.utils.BtcFormatTest" time="0.001"/>
  <testcase name="factoryArgumentsTest[678]" classname="org.bitcoinj.utils.BtcFormatTest" time="0.0"/>
  <testcase name="parseTest[678]" classname="org.bitcoinj.utils.BtcFormatTest" time="0.0">
    <skipped/>
  </testcase>
  <testcase name="microcoinScaleTest[678]" classname="org.bitcoinj.utils.BtcFormatTest" time="0.0"/>
  <testcase name="parseMetricTest[678]" classname="org.bitcoinj.utils.BtcFormatTest" time="0.001"/>
  <testcase name="coinScaleTest[678]" classname="org.bitcoinj.utils.BtcFormatTest" time="0.0"/>
  <testcase name="builderTest[678]" classname="org.bitcoinj.utils.BtcFormatTest" time="0.0">
    <skipped/>
  </testcase>
  <testcase name="attributeTest[678]" classname="org.bitcoinj.utils.BtcFormatTest" time="0.0">
    <skipped/>
  </testcase>
  <testcase name="prefixTest[678]" classname="org.bitcoinj.utils.BtcFormatTest" time="0.0"/>
  <testcase name="suffixTest[678]" classname="org.bitcoinj.utils.BtcFormatTest" time="0.0">
    <skipped/>
  </testcase>
  <testcase name="autoDecimalTest[678]" classname="org.bitcoinj.utils.BtcFormatTest" time="0.001"/>
  <testcase name="symbolCollisionTest[678]" classname="org.bitcoinj.utils.BtcFormatTest" time="0.001"/>
  <testcase name="equalityTest[678]" classname="org.bitcoinj.utils.BtcFormatTest" time="0.001"/>
  <testcase name="columnAlignmentTest[678]" classname="org.bitcoinj.utils.BtcFormatTest" time="0.001"/>
  <testcase name="factoryTest[678]" classname="org.bitcoinj.utils.BtcFormatTest" time="0.0"/>
  <testcase name="parse[678]" classname="org.bitcoinj.utils.BtcFormatTest" time="0.0"/>
  <testcase name="btcRounding[678]" classname="org.bitcoinj.utils.BtcFormatTest" time="0.001"/>
  <testcase name="negativeTest[678]" classname="org.bitcoinj.utils.BtcFormatTest" time="0.0">
    <skipped/>
  </testcase>
  <testcase name="millicoinScaleTest[678]" classname="org.bitcoinj.utils.BtcFormatTest" time="0.0"/>
  <testcase name="toStringTest[678]" classname="org.bitcoinj.utils.BtcFormatTest" time="0.0">
    <skipped/>
  </testcase>
  <testcase name="testGrouping[678]" classname="org.bitcoinj.utils.BtcFormatTest" time="0.001"/>
  <testcase name="symbolsCodesTest[678]" classname="org.bitcoinj.utils.BtcFormatTest" time="0.0"/>
  <testcase name="defaultLocaleTest[678]" classname="org.bitcoinj.utils.BtcFormatTest" time="0.0"/>
  <testcase name="parsePositionTest[678]" classname="org.bitcoinj.utils.BtcFormatTest" time="0.0"/>
  <testcase name="argumentTypeTest[678]" classname="org.bitcoinj.utils.BtcFormatTest" time="0.0">
    <skipped/>
  </testcase>
  <testcase name="characterIteratorTest[678]" classname="org.bitcoinj.utils.BtcFormatTest" time="0.0"/>
  <testcase name="repeatingPlaceTest[678]" classname="org.bitcoinj.utils.BtcFormatTest" time="0.0"/>
  <testcase name="currencyCodeTest[678]" classname="org.bitcoinj.utils.BtcFormatTest" time="0.0">
    <skipped/>
  </testcase>
  <testcase name="patternDecimalPlaces[678]" classname="org.bitcoinj.utils.BtcFormatTest" time="0.0"/>
  <testcase name="factoryArgumentsTest[679]" classname="org.bitcoinj.utils.BtcFormatTest" time="0.001"/>
  <testcase name="parseTest[679]" classname="org.bitcoinj.utils.BtcFormatTest" time="0.0">
    <skipped/>
  </testcase>
  <testcase name="microcoinScaleTest[679]" classname="org.bitcoinj.utils.BtcFormatTest" time="0.0"/>
  <testcase name="parseMetricTest[679]" classname="org.bitcoinj.utils.BtcFormatTest" time="0.001"/>
  <testcase name="coinScaleTest[679]" classname="org.bitcoinj.utils.BtcFormatTest" time="0.0"/>
  <testcase name="builderTest[679]" classname="org.bitcoinj.utils.BtcFormatTest" time="0.0">
    <skipped/>
  </testcase>
  <testcase name="attributeTest[679]" classname="org.bitcoinj.utils.BtcFormatTest" time="0.0">
    <skipped/>
  </testcase>
  <testcase name="prefixTest[679]" classname="org.bitcoinj.utils.BtcFormatTest" time="0.0"/>
  <testcase name="suffixTest[679]" classname="org.bitcoinj.utils.BtcFormatTest" time="0.0">
    <skipped/>
  </testcase>
  <testcase name="autoDecimalTest[679]" classname="org.bitcoinj.utils.BtcFormatTest" time="0.001"/>
  <testcase name="symbolCollisionTest[679]" classname="org.bitcoinj.utils.BtcFormatTest" time="0.001"/>
  <testcase name="equalityTest[679]" classname="org.bitcoinj.utils.BtcFormatTest" time="0.002"/>
  <testcase name="columnAlignmentTest[679]" classname="org.bitcoinj.utils.BtcFormatTest" time="0.0"/>
  <testcase name="factoryTest[679]" classname="org.bitcoinj.utils.BtcFormatTest" time="0.0"/>
  <testcase name="parse[679]" classname="org.bitcoinj.utils.BtcFormatTest" time="0.0"/>
  <testcase name="btcRounding[679]" classname="org.bitcoinj.utils.BtcFormatTest" time="0.001"/>
  <testcase name="negativeTest[679]" classname="org.bitcoinj.utils.BtcFormatTest" time="0.0">
    <skipped/>
  </testcase>
  <testcase name="millicoinScaleTest[679]" classname="org.bitcoinj.utils.BtcFormatTest" time="0.0"/>
  <testcase name="toStringTest[679]" classname="org.bitcoinj.utils.BtcFormatTest" time="0.001">
    <skipped/>
  </testcase>
  <testcase name="testGrouping[679]" classname="org.bitcoinj.utils.BtcFormatTest" time="0.0"/>
  <testcase name="symbolsCodesTest[679]" classname="org.bitcoinj.utils.BtcFormatTest" time="0.0"/>
  <testcase name="defaultLocaleTest[679]" classname="org.bitcoinj.utils.BtcFormatTest" time="0.0"/>
  <testcase name="parsePositionTest[679]" classname="org.bitcoinj.utils.BtcFormatTest" time="0.001"/>
  <testcase name="argumentTypeTest[679]" classname="org.bitcoinj.utils.BtcFormatTest" time="0.0">
    <skipped/>
  </testcase>
  <testcase name="characterIteratorTest[679]" classname="org.bitcoinj.utils.BtcFormatTest" time="0.0"/>
  <testcase name="repeatingPlaceTest[679]" classname="org.bitcoinj.utils.BtcFormatTest" time="0.0"/>
  <testcase name="currencyCodeTest[679]" classname="org.bitcoinj.utils.BtcFormatTest" time="0.0">
    <skipped/>
  </testcase>
  <testcase name="patternDecimalPlaces[679]" classname="org.bitcoinj.utils.BtcFormatTest" time="0.0"/>
  <testcase name="factoryArgumentsTest[680]" classname="org.bitcoinj.utils.BtcFormatTest" time="0.002"/>
  <testcase name="parseTest[680]" classname="org.bitcoinj.utils.BtcFormatTest" time="0.0">
    <skipped/>
  </testcase>
  <testcase name="microcoinScaleTest[680]" classname="org.bitcoinj.utils.BtcFormatTest" time="0.0"/>
  <testcase name="parseMetricTest[680]" classname="org.bitcoinj.utils.BtcFormatTest" time="0.001"/>
  <testcase name="coinScaleTest[680]" classname="org.bitcoinj.utils.BtcFormatTest" time="0.0"/>
  <testcase name="builderTest[680]" classname="org.bitcoinj.utils.BtcFormatTest" time="0.0">
    <skipped/>
  </testcase>
  <testcase name="attributeTest[680]" classname="org.bitcoinj.utils.BtcFormatTest" time="0.0">
    <skipped/>
  </testcase>
  <testcase name="prefixTest[680]" classname="org.bitcoinj.utils.BtcFormatTest" time="0.0"/>
  <testcase name="suffixTest[680]" classname="org.bitcoinj.utils.BtcFormatTest" time="0.0">
    <skipped/>
  </testcase>
  <testcase name="autoDecimalTest[680]" classname="org.bitcoinj.utils.BtcFormatTest" time="0.001"/>
  <testcase name="symbolCollisionTest[680]" classname="org.bitcoinj.utils.BtcFormatTest" time="0.001"/>
  <testcase name="equalityTest[680]" classname="org.bitcoinj.utils.BtcFormatTest" time="0.002"/>
  <testcase name="columnAlignmentTest[680]" classname="org.bitcoinj.utils.BtcFormatTest" time="0.0"/>
  <testcase name="factoryTest[680]" classname="org.bitcoinj.utils.BtcFormatTest" time="0.0"/>
  <testcase name="parse[680]" classname="org.bitcoinj.utils.BtcFormatTest" time="0.0"/>
  <testcase name="btcRounding[680]" classname="org.bitcoinj.utils.BtcFormatTest" time="0.001"/>
  <testcase name="negativeTest[680]" classname="org.bitcoinj.utils.BtcFormatTest" time="0.0">
    <skipped/>
  </testcase>
  <testcase name="millicoinScaleTest[680]" classname="org.bitcoinj.utils.BtcFormatTest" time="0.0"/>
  <testcase name="toStringTest[680]" classname="org.bitcoinj.utils.BtcFormatTest" time="0.0">
    <skipped/>
  </testcase>
  <testcase name="testGrouping[680]" classname="org.bitcoinj.utils.BtcFormatTest" time="0.0"/>
  <testcase name="symbolsCodesTest[680]" classname="org.bitcoinj.utils.BtcFormatTest" time="0.0"/>
  <testcase name="defaultLocaleTest[680]" classname="org.bitcoinj.utils.BtcFormatTest" time="0.0"/>
  <testcase name="parsePositionTest[680]" classname="org.bitcoinj.utils.BtcFormatTest" time="0.001"/>
  <testcase name="argumentTypeTest[680]" classname="org.bitcoinj.utils.BtcFormatTest" time="0.0">
    <skipped/>
  </testcase>
  <testcase name="characterIteratorTest[680]" classname="org.bitcoinj.utils.BtcFormatTest" time="0.0"/>
  <testcase name="repeatingPlaceTest[680]" classname="org.bitcoinj.utils.BtcFormatTest" time="0.0"/>
  <testcase name="currencyCodeTest[680]" classname="org.bitcoinj.utils.BtcFormatTest" time="0.0">
    <skipped/>
  </testcase>
  <testcase name="patternDecimalPlaces[680]" classname="org.bitcoinj.utils.BtcFormatTest" time="0.0"/>
  <testcase name="factoryArgumentsTest[681]" classname="org.bitcoinj.utils.BtcFormatTest" time="0.001"/>
  <testcase name="parseTest[681]" classname="org.bitcoinj.utils.BtcFormatTest" time="0.0">
    <skipped/>
  </testcase>
  <testcase name="microcoinScaleTest[681]" classname="org.bitcoinj.utils.BtcFormatTest" time="0.0"/>
  <testcase name="parseMetricTest[681]" classname="org.bitcoinj.utils.BtcFormatTest" time="0.002"/>
  <testcase name="coinScaleTest[681]" classname="org.bitcoinj.utils.BtcFormatTest" time="0.0"/>
  <testcase name="builderTest[681]" classname="org.bitcoinj.utils.BtcFormatTest" time="0.0">
    <skipped/>
  </testcase>
  <testcase name="attributeTest[681]" classname="org.bitcoinj.utils.BtcFormatTest" time="0.0">
    <skipped/>
  </testcase>
  <testcase name="prefixTest[681]" classname="org.bitcoinj.utils.BtcFormatTest" time="0.0"/>
  <testcase name="suffixTest[681]" classname="org.bitcoinj.utils.BtcFormatTest" time="0.0">
    <skipped/>
  </testcase>
  <testcase name="autoDecimalTest[681]" classname="org.bitcoinj.utils.BtcFormatTest" time="0.0"/>
  <testcase name="symbolCollisionTest[681]" classname="org.bitcoinj.utils.BtcFormatTest" time="0.003"/>
  <testcase name="equalityTest[681]" classname="org.bitcoinj.utils.BtcFormatTest" time="0.001"/>
  <testcase name="columnAlignmentTest[681]" classname="org.bitcoinj.utils.BtcFormatTest" time="0.0"/>
  <testcase name="factoryTest[681]" classname="org.bitcoinj.utils.BtcFormatTest" time="0.001"/>
  <testcase name="parse[681]" classname="org.bitcoinj.utils.BtcFormatTest" time="0.0"/>
  <testcase name="btcRounding[681]" classname="org.bitcoinj.utils.BtcFormatTest" time="0.001"/>
  <testcase name="negativeTest[681]" classname="org.bitcoinj.utils.BtcFormatTest" time="0.0">
    <skipped/>
  </testcase>
  <testcase name="millicoinScaleTest[681]" classname="org.bitcoinj.utils.BtcFormatTest" time="0.0"/>
  <testcase name="toStringTest[681]" classname="org.bitcoinj.utils.BtcFormatTest" time="0.0">
    <skipped/>
  </testcase>
  <testcase name="testGrouping[681]" classname="org.bitcoinj.utils.BtcFormatTest" time="0.001"/>
  <testcase name="symbolsCodesTest[681]" classname="org.bitcoinj.utils.BtcFormatTest" time="0.0"/>
  <testcase name="defaultLocaleTest[681]" classname="org.bitcoinj.utils.BtcFormatTest" time="0.0"/>
  <testcase name="parsePositionTest[681]" classname="org.bitcoinj.utils.BtcFormatTest" time="0.001"/>
  <testcase name="argumentTypeTest[681]" classname="org.bitcoinj.utils.BtcFormatTest" time="0.0">
    <skipped/>
  </testcase>
  <testcase name="characterIteratorTest[681]" classname="org.bitcoinj.utils.BtcFormatTest" time="0.0"/>
  <testcase name="repeatingPlaceTest[681]" classname="org.bitcoinj.utils.BtcFormatTest" time="0.0"/>
  <testcase name="currencyCodeTest[681]" classname="org.bitcoinj.utils.BtcFormatTest" time="0.0">
    <skipped/>
  </testcase>
  <testcase name="patternDecimalPlaces[681]" classname="org.bitcoinj.utils.BtcFormatTest" time="0.0"/>
  <testcase name="factoryArgumentsTest[682]" classname="org.bitcoinj.utils.BtcFormatTest" time="0.001"/>
  <testcase name="parseTest[682]" classname="org.bitcoinj.utils.BtcFormatTest" time="0.0">
    <skipped/>
  </testcase>
  <testcase name="microcoinScaleTest[682]" classname="org.bitcoinj.utils.BtcFormatTest" time="0.001"/>
  <testcase name="parseMetricTest[682]" classname="org.bitcoinj.utils.BtcFormatTest" time="0.001"/>
  <testcase name="coinScaleTest[682]" classname="org.bitcoinj.utils.BtcFormatTest" time="0.0"/>
  <testcase name="builderTest[682]" classname="org.bitcoinj.utils.BtcFormatTest" time="0.0">
    <skipped/>
  </testcase>
  <testcase name="attributeTest[682]" classname="org.bitcoinj.utils.BtcFormatTest" time="0.0">
    <skipped/>
  </testcase>
  <testcase name="prefixTest[682]" classname="org.bitcoinj.utils.BtcFormatTest" time="0.0"/>
  <testcase name="suffixTest[682]" classname="org.bitcoinj.utils.BtcFormatTest" time="0.0">
    <skipped/>
  </testcase>
  <testcase name="autoDecimalTest[682]" classname="org.bitcoinj.utils.BtcFormatTest" time="0.001"/>
  <testcase name="symbolCollisionTest[682]" classname="org.bitcoinj.utils.BtcFormatTest" time="0.001"/>
  <testcase name="equalityTest[682]" classname="org.bitcoinj.utils.BtcFormatTest" time="0.002"/>
  <testcase name="columnAlignmentTest[682]" classname="org.bitcoinj.utils.BtcFormatTest" time="0.0"/>
  <testcase name="factoryTest[682]" classname="org.bitcoinj.utils.BtcFormatTest" time="0.0"/>
  <testcase name="parse[682]" classname="org.bitcoinj.utils.BtcFormatTest" time="0.0"/>
  <testcase name="btcRounding[682]" classname="org.bitcoinj.utils.BtcFormatTest" time="0.002"/>
  <testcase name="negativeTest[682]" classname="org.bitcoinj.utils.BtcFormatTest" time="0.0">
    <skipped/>
  </testcase>
  <testcase name="millicoinScaleTest[682]" classname="org.bitcoinj.utils.BtcFormatTest" time="0.0"/>
  <testcase name="toStringTest[682]" classname="org.bitcoinj.utils.BtcFormatTest" time="0.0">
    <skipped/>
  </testcase>
  <testcase name="testGrouping[682]" classname="org.bitcoinj.utils.BtcFormatTest" time="0.0"/>
  <testcase name="symbolsCodesTest[682]" classname="org.bitcoinj.utils.BtcFormatTest" time="0.0"/>
  <testcase name="defaultLocaleTest[682]" classname="org.bitcoinj.utils.BtcFormatTest" time="0.001"/>
  <testcase name="parsePositionTest[682]" classname="org.bitcoinj.utils.BtcFormatTest" time="0.0"/>
  <testcase name="argumentTypeTest[682]" classname="org.bitcoinj.utils.BtcFormatTest" time="0.0">
    <skipped/>
  </testcase>
  <testcase name="characterIteratorTest[682]" classname="org.bitcoinj.utils.BtcFormatTest" time="0.0"/>
  <testcase name="repeatingPlaceTest[682]" classname="org.bitcoinj.utils.BtcFormatTest" time="0.0"/>
  <testcase name="currencyCodeTest[682]" classname="org.bitcoinj.utils.BtcFormatTest" time="0.0">
    <skipped/>
  </testcase>
  <testcase name="patternDecimalPlaces[682]" classname="org.bitcoinj.utils.BtcFormatTest" time="0.0"/>
  <testcase name="factoryArgumentsTest[683]" classname="org.bitcoinj.utils.BtcFormatTest" time="0.001"/>
  <testcase name="parseTest[683]" classname="org.bitcoinj.utils.BtcFormatTest" time="0.0">
    <skipped/>
  </testcase>
  <testcase name="microcoinScaleTest[683]" classname="org.bitcoinj.utils.BtcFormatTest" time="0.0"/>
  <testcase name="parseMetricTest[683]" classname="org.bitcoinj.utils.BtcFormatTest" time="0.001"/>
  <testcase name="coinScaleTest[683]" classname="org.bitcoinj.utils.BtcFormatTest" time="0.0"/>
  <testcase name="builderTest[683]" classname="org.bitcoinj.utils.BtcFormatTest" time="0.0">
    <skipped/>
  </testcase>
  <testcase name="attributeTest[683]" classname="org.bitcoinj.utils.BtcFormatTest" time="0.0">
    <skipped/>
  </testcase>
  <testcase name="prefixTest[683]" classname="org.bitcoinj.utils.BtcFormatTest" time="0.001"/>
  <testcase name="suffixTest[683]" classname="org.bitcoinj.utils.BtcFormatTest" time="0.0">
    <skipped/>
  </testcase>
  <testcase name="autoDecimalTest[683]" classname="org.bitcoinj.utils.BtcFormatTest" time="0.0"/>
  <testcase name="symbolCollisionTest[683]" classname="org.bitcoinj.utils.BtcFormatTest" time="0.003"/>
  <testcase name="equalityTest[683]" classname="org.bitcoinj.utils.BtcFormatTest" time="0.001"/>
  <testcase name="columnAlignmentTest[683]" classname="org.bitcoinj.utils.BtcFormatTest" time="0.001"/>
  <testcase name="factoryTest[683]" classname="org.bitcoinj.utils.BtcFormatTest" time="0.0"/>
  <testcase name="parse[683]" classname="org.bitcoinj.utils.BtcFormatTest" time="0.0"/>
  <testcase name="btcRounding[683]" classname="org.bitcoinj.utils.BtcFormatTest" time="0.001"/>
  <testcase name="negativeTest[683]" classname="org.bitcoinj.utils.BtcFormatTest" time="0.0">
    <skipped/>
  </testcase>
  <testcase name="millicoinScaleTest[683]" classname="org.bitcoinj.utils.BtcFormatTest" time="0.0"/>
  <testcase name="toStringTest[683]" classname="org.bitcoinj.utils.BtcFormatTest" time="0.0">
    <skipped/>
  </testcase>
  <testcase name="testGrouping[683]" classname="org.bitcoinj.utils.BtcFormatTest" time="0.0"/>
  <testcase name="symbolsCodesTest[683]" classname="org.bitcoinj.utils.BtcFormatTest" time="0.001"/>
  <testcase name="defaultLocaleTest[683]" classname="org.bitcoinj.utils.BtcFormatTest" time="0.0"/>
  <testcase name="parsePositionTest[683]" classname="org.bitcoinj.utils.BtcFormatTest" time="0.0"/>
  <testcase name="argumentTypeTest[683]" classname="org.bitcoinj.utils.BtcFormatTest" time="0.0">
    <skipped/>
  </testcase>
  <testcase name="characterIteratorTest[683]" classname="org.bitcoinj.utils.BtcFormatTest" time="0.001"/>
  <testcase name="repeatingPlaceTest[683]" classname="org.bitcoinj.utils.BtcFormatTest" time="0.0"/>
  <testcase name="currencyCodeTest[683]" classname="org.bitcoinj.utils.BtcFormatTest" time="0.0">
    <skipped/>
  </testcase>
  <testcase name="patternDecimalPlaces[683]" classname="org.bitcoinj.utils.BtcFormatTest" time="0.0"/>
  <testcase name="factoryArgumentsTest[684]" classname="org.bitcoinj.utils.BtcFormatTest" time="0.001"/>
  <testcase name="parseTest[684]" classname="org.bitcoinj.utils.BtcFormatTest" time="0.0">
    <skipped/>
  </testcase>
  <testcase name="microcoinScaleTest[684]" classname="org.bitcoinj.utils.BtcFormatTest" time="0.0"/>
  <testcase name="parseMetricTest[684]" classname="org.bitcoinj.utils.BtcFormatTest" time="0.001"/>
  <testcase name="coinScaleTest[684]" classname="org.bitcoinj.utils.BtcFormatTest" time="0.0"/>
  <testcase name="builderTest[684]" classname="org.bitcoinj.utils.BtcFormatTest" time="0.0">
    <skipped/>
  </testcase>
  <testcase name="attributeTest[684]" classname="org.bitcoinj.utils.BtcFormatTest" time="0.0">
    <skipped/>
  </testcase>
  <testcase name="prefixTest[684]" classname="org.bitcoinj.utils.BtcFormatTest" time="0.0"/>
  <testcase name="suffixTest[684]" classname="org.bitcoinj.utils.BtcFormatTest" time="0.0">
    <skipped/>
  </testcase>
  <testcase name="autoDecimalTest[684]" classname="org.bitcoinj.utils.BtcFormatTest" time="0.002"/>
  <testcase name="symbolCollisionTest[684]" classname="org.bitcoinj.utils.BtcFormatTest" time="0.002"/>
  <testcase name="equalityTest[684]" classname="org.bitcoinj.utils.BtcFormatTest" time="0.001"/>
  <testcase name="columnAlignmentTest[684]" classname="org.bitcoinj.utils.BtcFormatTest" time="0.0"/>
  <testcase name="factoryTest[684]" classname="org.bitcoinj.utils.BtcFormatTest" time="0.001"/>
  <testcase name="parse[684]" classname="org.bitcoinj.utils.BtcFormatTest" time="0.0"/>
  <testcase name="btcRounding[684]" classname="org.bitcoinj.utils.BtcFormatTest" time="0.001"/>
  <testcase name="negativeTest[684]" classname="org.bitcoinj.utils.BtcFormatTest" time="0.0">
    <skipped/>
  </testcase>
  <testcase name="millicoinScaleTest[684]" classname="org.bitcoinj.utils.BtcFormatTest" time="0.0"/>
  <testcase name="toStringTest[684]" classname="org.bitcoinj.utils.BtcFormatTest" time="0.0">
    <skipped/>
  </testcase>
  <testcase name="testGrouping[684]" classname="org.bitcoinj.utils.BtcFormatTest" time="0.0"/>
  <testcase name="symbolsCodesTest[684]" classname="org.bitcoinj.utils.BtcFormatTest" time="0.001"/>
  <testcase name="defaultLocaleTest[684]" classname="org.bitcoinj.utils.BtcFormatTest" time="0.0"/>
  <testcase name="parsePositionTest[684]" classname="org.bitcoinj.utils.BtcFormatTest" time="0.0"/>
  <testcase name="argumentTypeTest[684]" classname="org.bitcoinj.utils.BtcFormatTest" time="0.0">
    <skipped/>
  </testcase>
  <testcase name="characterIteratorTest[684]" classname="org.bitcoinj.utils.BtcFormatTest" time="0.001"/>
  <testcase name="repeatingPlaceTest[684]" classname="org.bitcoinj.utils.BtcFormatTest" time="0.0"/>
  <testcase name="currencyCodeTest[684]" classname="org.bitcoinj.utils.BtcFormatTest" time="0.0">
    <skipped/>
  </testcase>
  <testcase name="patternDecimalPlaces[684]" classname="org.bitcoinj.utils.BtcFormatTest" time="0.0"/>
  <testcase name="factoryArgumentsTest[685]" classname="org.bitcoinj.utils.BtcFormatTest" time="0.001"/>
  <testcase name="parseTest[685]" classname="org.bitcoinj.utils.BtcFormatTest" time="0.0">
    <skipped/>
  </testcase>
  <testcase name="microcoinScaleTest[685]" classname="org.bitcoinj.utils.BtcFormatTest" time="0.0"/>
  <testcase name="parseMetricTest[685]" classname="org.bitcoinj.utils.BtcFormatTest" time="0.001"/>
  <testcase name="coinScaleTest[685]" classname="org.bitcoinj.utils.BtcFormatTest" time="0.0"/>
  <testcase name="builderTest[685]" classname="org.bitcoinj.utils.BtcFormatTest" time="0.0">
    <skipped/>
  </testcase>
  <testcase name="attributeTest[685]" classname="org.bitcoinj.utils.BtcFormatTest" time="0.0">
    <skipped/>
  </testcase>
  <testcase name="prefixTest[685]" classname="org.bitcoinj.utils.BtcFormatTest" time="0.0"/>
  <testcase name="suffixTest[685]" classname="org.bitcoinj.utils.BtcFormatTest" time="0.0">
    <skipped/>
  </testcase>
  <testcase name="autoDecimalTest[685]" classname="org.bitcoinj.utils.BtcFormatTest" time="0.001"/>
  <testcase name="symbolCollisionTest[685]" classname="org.bitcoinj.utils.BtcFormatTest" time="0.001"/>
  <testcase name="equalityTest[685]" classname="org.bitcoinj.utils.BtcFormatTest" time="0.003"/>
  <testcase name="columnAlignmentTest[685]" classname="org.bitcoinj.utils.BtcFormatTest" time="0.0"/>
  <testcase name="factoryTest[685]" classname="org.bitcoinj.utils.BtcFormatTest" time="0.0"/>
  <testcase name="parse[685]" classname="org.bitcoinj.utils.BtcFormatTest" time="0.0"/>
  <testcase name="btcRounding[685]" classname="org.bitcoinj.utils.BtcFormatTest" time="0.001"/>
  <testcase name="negativeTest[685]" classname="org.bitcoinj.utils.BtcFormatTest" time="0.0">
    <skipped/>
  </testcase>
  <testcase name="millicoinScaleTest[685]" classname="org.bitcoinj.utils.BtcFormatTest" time="0.0"/>
  <testcase name="toStringTest[685]" classname="org.bitcoinj.utils.BtcFormatTest" time="0.0">
    <skipped/>
  </testcase>
  <testcase name="testGrouping[685]" classname="org.bitcoinj.utils.BtcFormatTest" time="0.001"/>
  <testcase name="symbolsCodesTest[685]" classname="org.bitcoinj.utils.BtcFormatTest" time="0.0"/>
  <testcase name="defaultLocaleTest[685]" classname="org.bitcoinj.utils.BtcFormatTest" time="0.001"/>
  <testcase name="parsePositionTest[685]" classname="org.bitcoinj.utils.BtcFormatTest" time="0.0"/>
  <testcase name="argumentTypeTest[685]" classname="org.bitcoinj.utils.BtcFormatTest" time="0.0">
    <skipped/>
  </testcase>
  <testcase name="characterIteratorTest[685]" classname="org.bitcoinj.utils.BtcFormatTest" time="0.0"/>
  <testcase name="repeatingPlaceTest[685]" classname="org.bitcoinj.utils.BtcFormatTest" time="0.001"/>
  <testcase name="currencyCodeTest[685]" classname="org.bitcoinj.utils.BtcFormatTest" time="0.0">
    <skipped/>
  </testcase>
  <testcase name="patternDecimalPlaces[685]" classname="org.bitcoinj.utils.BtcFormatTest" time="0.0"/>
  <testcase name="factoryArgumentsTest[686]" classname="org.bitcoinj.utils.BtcFormatTest" time="0.001"/>
  <testcase name="parseTest[686]" classname="org.bitcoinj.utils.BtcFormatTest" time="0.0">
    <skipped/>
  </testcase>
  <testcase name="microcoinScaleTest[686]" classname="org.bitcoinj.utils.BtcFormatTest" time="0.0"/>
  <testcase name="parseMetricTest[686]" classname="org.bitcoinj.utils.BtcFormatTest" time="0.001"/>
  <testcase name="coinScaleTest[686]" classname="org.bitcoinj.utils.BtcFormatTest" time="0.0"/>
  <testcase name="builderTest[686]" classname="org.bitcoinj.utils.BtcFormatTest" time="0.0">
    <skipped/>
  </testcase>
  <testcase name="attributeTest[686]" classname="org.bitcoinj.utils.BtcFormatTest" time="0.0">
    <skipped/>
  </testcase>
  <testcase name="prefixTest[686]" classname="org.bitcoinj.utils.BtcFormatTest" time="0.0"/>
  <testcase name="suffixTest[686]" classname="org.bitcoinj.utils.BtcFormatTest" time="0.0">
    <skipped/>
  </testcase>
  <testcase name="autoDecimalTest[686]" classname="org.bitcoinj.utils.BtcFormatTest" time="0.001"/>
  <testcase name="symbolCollisionTest[686]" classname="org.bitcoinj.utils.BtcFormatTest" time="0.002"/>
  <testcase name="equalityTest[686]" classname="org.bitcoinj.utils.BtcFormatTest" time="0.001"/>
  <testcase name="columnAlignmentTest[686]" classname="org.bitcoinj.utils.BtcFormatTest" time="0.0"/>
  <testcase name="factoryTest[686]" classname="org.bitcoinj.utils.BtcFormatTest" time="0.001"/>
  <testcase name="parse[686]" classname="org.bitcoinj.utils.BtcFormatTest" time="0.0"/>
  <testcase name="btcRounding[686]" classname="org.bitcoinj.utils.BtcFormatTest" time="0.001"/>
  <testcase name="negativeTest[686]" classname="org.bitcoinj.utils.BtcFormatTest" time="0.0">
    <skipped/>
  </testcase>
  <testcase name="millicoinScaleTest[686]" classname="org.bitcoinj.utils.BtcFormatTest" time="0.0"/>
  <testcase name="toStringTest[686]" classname="org.bitcoinj.utils.BtcFormatTest" time="0.0">
    <skipped/>
  </testcase>
  <testcase name="testGrouping[686]" classname="org.bitcoinj.utils.BtcFormatTest" time="0.0"/>
  <testcase name="symbolsCodesTest[686]" classname="org.bitcoinj.utils.BtcFormatTest" time="0.001"/>
  <testcase name="defaultLocaleTest[686]" classname="org.bitcoinj.utils.BtcFormatTest" time="0.0"/>
  <testcase name="parsePositionTest[686]" classname="org.bitcoinj.utils.BtcFormatTest" time="0.001"/>
  <testcase name="argumentTypeTest[686]" classname="org.bitcoinj.utils.BtcFormatTest" time="0.0">
    <skipped/>
  </testcase>
  <testcase name="characterIteratorTest[686]" classname="org.bitcoinj.utils.BtcFormatTest" time="0.0"/>
  <testcase name="repeatingPlaceTest[686]" classname="org.bitcoinj.utils.BtcFormatTest" time="0.0"/>
  <testcase name="currencyCodeTest[686]" classname="org.bitcoinj.utils.BtcFormatTest" time="0.0">
    <skipped/>
  </testcase>
  <testcase name="patternDecimalPlaces[686]" classname="org.bitcoinj.utils.BtcFormatTest" time="0.0"/>
  <testcase name="factoryArgumentsTest[687]" classname="org.bitcoinj.utils.BtcFormatTest" time="0.001"/>
  <testcase name="parseTest[687]" classname="org.bitcoinj.utils.BtcFormatTest" time="0.0">
    <skipped/>
  </testcase>
  <testcase name="microcoinScaleTest[687]" classname="org.bitcoinj.utils.BtcFormatTest" time="0.0"/>
  <testcase name="parseMetricTest[687]" classname="org.bitcoinj.utils.BtcFormatTest" time="0.001"/>
  <testcase name="coinScaleTest[687]" classname="org.bitcoinj.utils.BtcFormatTest" time="0.0"/>
  <testcase name="builderTest[687]" classname="org.bitcoinj.utils.BtcFormatTest" time="0.0">
    <skipped/>
  </testcase>
  <testcase name="attributeTest[687]" classname="org.bitcoinj.utils.BtcFormatTest" time="0.0">
    <skipped/>
  </testcase>
  <testcase name="prefixTest[687]" classname="org.bitcoinj.utils.BtcFormatTest" time="0.0"/>
  <testcase name="suffixTest[687]" classname="org.bitcoinj.utils.BtcFormatTest" time="0.0">
    <skipped/>
  </testcase>
  <testcase name="autoDecimalTest[687]" classname="org.bitcoinj.utils.BtcFormatTest" time="0.001"/>
  <testcase name="symbolCollisionTest[687]" classname="org.bitcoinj.utils.BtcFormatTest" time="0.002"/>
  <testcase name="equalityTest[687]" classname="org.bitcoinj.utils.BtcFormatTest" time="0.002"/>
  <testcase name="columnAlignmentTest[687]" classname="org.bitcoinj.utils.BtcFormatTest" time="0.0"/>
  <testcase name="factoryTest[687]" classname="org.bitcoinj.utils.BtcFormatTest" time="0.0"/>
  <testcase name="parse[687]" classname="org.bitcoinj.utils.BtcFormatTest" time="0.0"/>
  <testcase name="btcRounding[687]" classname="org.bitcoinj.utils.BtcFormatTest" time="0.001"/>
  <testcase name="negativeTest[687]" classname="org.bitcoinj.utils.BtcFormatTest" time="0.0">
    <skipped/>
  </testcase>
  <testcase name="millicoinScaleTest[687]" classname="org.bitcoinj.utils.BtcFormatTest" time="0.0"/>
  <testcase name="toStringTest[687]" classname="org.bitcoinj.utils.BtcFormatTest" time="0.0">
    <skipped/>
  </testcase>
  <testcase name="testGrouping[687]" classname="org.bitcoinj.utils.BtcFormatTest" time="0.001"/>
  <testcase name="symbolsCodesTest[687]" classname="org.bitcoinj.utils.BtcFormatTest" time="0.0"/>
  <testcase name="defaultLocaleTest[687]" classname="org.bitcoinj.utils.BtcFormatTest" time="0.0"/>
  <testcase name="parsePositionTest[687]" classname="org.bitcoinj.utils.BtcFormatTest" time="0.0"/>
  <testcase name="argumentTypeTest[687]" classname="org.bitcoinj.utils.BtcFormatTest" time="0.0">
    <skipped/>
  </testcase>
  <testcase name="characterIteratorTest[687]" classname="org.bitcoinj.utils.BtcFormatTest" time="0.001"/>
  <testcase name="repeatingPlaceTest[687]" classname="org.bitcoinj.utils.BtcFormatTest" time="0.0"/>
  <testcase name="currencyCodeTest[687]" classname="org.bitcoinj.utils.BtcFormatTest" time="0.0">
    <skipped/>
  </testcase>
  <testcase name="patternDecimalPlaces[687]" classname="org.bitcoinj.utils.BtcFormatTest" time="0.0"/>
  <testcase name="factoryArgumentsTest[688]" classname="org.bitcoinj.utils.BtcFormatTest" time="0.001"/>
  <testcase name="parseTest[688]" classname="org.bitcoinj.utils.BtcFormatTest" time="0.0">
    <skipped/>
  </testcase>
  <testcase name="microcoinScaleTest[688]" classname="org.bitcoinj.utils.BtcFormatTest" time="0.0"/>
  <testcase name="parseMetricTest[688]" classname="org.bitcoinj.utils.BtcFormatTest" time="0.002"/>
  <testcase name="coinScaleTest[688]" classname="org.bitcoinj.utils.BtcFormatTest" time="0.0"/>
  <testcase name="builderTest[688]" classname="org.bitcoinj.utils.BtcFormatTest" time="0.0">
    <skipped/>
  </testcase>
  <testcase name="attributeTest[688]" classname="org.bitcoinj.utils.BtcFormatTest" time="0.0">
    <skipped/>
  </testcase>
  <testcase name="prefixTest[688]" classname="org.bitcoinj.utils.BtcFormatTest" time="0.0"/>
  <testcase name="suffixTest[688]" classname="org.bitcoinj.utils.BtcFormatTest" time="0.0">
    <skipped/>
  </testcase>
  <testcase name="autoDecimalTest[688]" classname="org.bitcoinj.utils.BtcFormatTest" time="0.001"/>
  <testcase name="symbolCollisionTest[688]" classname="org.bitcoinj.utils.BtcFormatTest" time="0.001"/>
  <testcase name="equalityTest[688]" classname="org.bitcoinj.utils.BtcFormatTest" time="0.002"/>
  <testcase name="columnAlignmentTest[688]" classname="org.bitcoinj.utils.BtcFormatTest" time="0.0"/>
  <testcase name="factoryTest[688]" classname="org.bitcoinj.utils.BtcFormatTest" time="0.0"/>
  <testcase name="parse[688]" classname="org.bitcoinj.utils.BtcFormatTest" time="0.001"/>
  <testcase name="btcRounding[688]" classname="org.bitcoinj.utils.BtcFormatTest" time="0.001"/>
  <testcase name="negativeTest[688]" classname="org.bitcoinj.utils.BtcFormatTest" time="0.0">
    <skipped/>
  </testcase>
  <testcase name="millicoinScaleTest[688]" classname="org.bitcoinj.utils.BtcFormatTest" time="0.0"/>
  <testcase name="toStringTest[688]" classname="org.bitcoinj.utils.BtcFormatTest" time="0.0">
    <skipped/>
  </testcase>
  <testcase name="testGrouping[688]" classname="org.bitcoinj.utils.BtcFormatTest" time="0.0"/>
  <testcase name="symbolsCodesTest[688]" classname="org.bitcoinj.utils.BtcFormatTest" time="0.001"/>
  <testcase name="defaultLocaleTest[688]" classname="org.bitcoinj.utils.BtcFormatTest" time="0.0"/>
  <testcase name="parsePositionTest[688]" classname="org.bitcoinj.utils.BtcFormatTest" time="0.0"/>
  <testcase name="argumentTypeTest[688]" classname="org.bitcoinj.utils.BtcFormatTest" time="0.0">
    <skipped/>
  </testcase>
  <testcase name="characterIteratorTest[688]" classname="org.bitcoinj.utils.BtcFormatTest" time="0.0"/>
  <testcase name="repeatingPlaceTest[688]" classname="org.bitcoinj.utils.BtcFormatTest" time="0.001"/>
  <testcase name="currencyCodeTest[688]" classname="org.bitcoinj.utils.BtcFormatTest" time="0.0">
    <skipped/>
  </testcase>
  <testcase name="patternDecimalPlaces[688]" classname="org.bitcoinj.utils.BtcFormatTest" time="0.0"/>
  <testcase name="factoryArgumentsTest[689]" classname="org.bitcoinj.utils.BtcFormatTest" time="0.001"/>
  <testcase name="parseTest[689]" classname="org.bitcoinj.utils.BtcFormatTest" time="0.0">
    <skipped/>
  </testcase>
  <testcase name="microcoinScaleTest[689]" classname="org.bitcoinj.utils.BtcFormatTest" time="0.0"/>
  <testcase name="parseMetricTest[689]" classname="org.bitcoinj.utils.BtcFormatTest" time="0.001"/>
  <testcase name="coinScaleTest[689]" classname="org.bitcoinj.utils.BtcFormatTest" time="0.0"/>
  <testcase name="builderTest[689]" classname="org.bitcoinj.utils.BtcFormatTest" time="0.0">
    <skipped/>
  </testcase>
  <testcase name="attributeTest[689]" classname="org.bitcoinj.utils.BtcFormatTest" time="0.0">
    <skipped/>
  </testcase>
  <testcase name="prefixTest[689]" classname="org.bitcoinj.utils.BtcFormatTest" time="0.0"/>
  <testcase name="suffixTest[689]" classname="org.bitcoinj.utils.BtcFormatTest" time="0.0">
    <skipped/>
  </testcase>
  <testcase name="autoDecimalTest[689]" classname="org.bitcoinj.utils.BtcFormatTest" time="0.001"/>
  <testcase name="symbolCollisionTest[689]" classname="org.bitcoinj.utils.BtcFormatTest" time="0.001"/>
  <testcase name="equalityTest[689]" classname="org.bitcoinj.utils.BtcFormatTest" time="0.002"/>
  <testcase name="columnAlignmentTest[689]" classname="org.bitcoinj.utils.BtcFormatTest" time="0.0"/>
  <testcase name="factoryTest[689]" classname="org.bitcoinj.utils.BtcFormatTest" time="0.001"/>
  <testcase name="parse[689]" classname="org.bitcoinj.utils.BtcFormatTest" time="0.0"/>
  <testcase name="btcRounding[689]" classname="org.bitcoinj.utils.BtcFormatTest" time="0.002"/>
  <testcase name="negativeTest[689]" classname="org.bitcoinj.utils.BtcFormatTest" time="0.0">
    <skipped/>
  </testcase>
  <testcase name="millicoinScaleTest[689]" classname="org.bitcoinj.utils.BtcFormatTest" time="0.0"/>
  <testcase name="toStringTest[689]" classname="org.bitcoinj.utils.BtcFormatTest" time="0.0">
    <skipped/>
  </testcase>
  <testcase name="testGrouping[689]" classname="org.bitcoinj.utils.BtcFormatTest" time="0.0"/>
  <testcase name="symbolsCodesTest[689]" classname="org.bitcoinj.utils.BtcFormatTest" time="0.001"/>
  <testcase name="defaultLocaleTest[689]" classname="org.bitcoinj.utils.BtcFormatTest" time="0.0"/>
  <testcase name="parsePositionTest[689]" classname="org.bitcoinj.utils.BtcFormatTest" time="0.0"/>
  <testcase name="argumentTypeTest[689]" classname="org.bitcoinj.utils.BtcFormatTest" time="0.0">
    <skipped/>
  </testcase>
  <testcase name="characterIteratorTest[689]" classname="org.bitcoinj.utils.BtcFormatTest" time="0.0"/>
  <testcase name="repeatingPlaceTest[689]" classname="org.bitcoinj.utils.BtcFormatTest" time="0.0"/>
  <testcase name="currencyCodeTest[689]" classname="org.bitcoinj.utils.BtcFormatTest" time="0.0">
    <skipped/>
  </testcase>
  <testcase name="patternDecimalPlaces[689]" classname="org.bitcoinj.utils.BtcFormatTest" time="0.0"/>
  <testcase name="factoryArgumentsTest[690]" classname="org.bitcoinj.utils.BtcFormatTest" time="0.002"/>
  <testcase name="parseTest[690]" classname="org.bitcoinj.utils.BtcFormatTest" time="0.0">
    <skipped/>
  </testcase>
  <testcase name="microcoinScaleTest[690]" classname="org.bitcoinj.utils.BtcFormatTest" time="0.0"/>
  <testcase name="parseMetricTest[690]" classname="org.bitcoinj.utils.BtcFormatTest" time="0.001"/>
  <testcase name="coinScaleTest[690]" classname="org.bitcoinj.utils.BtcFormatTest" time="0.0"/>
  <testcase name="builderTest[690]" classname="org.bitcoinj.utils.BtcFormatTest" time="0.0">
    <skipped/>
  </testcase>
  <testcase name="attributeTest[690]" classname="org.bitcoinj.utils.BtcFormatTest" time="0.0">
    <skipped/>
  </testcase>
  <testcase name="prefixTest[690]" classname="org.bitcoinj.utils.BtcFormatTest" time="0.0"/>
  <testcase name="suffixTest[690]" classname="org.bitcoinj.utils.BtcFormatTest" time="0.0">
    <skipped/>
  </testcase>
  <testcase name="autoDecimalTest[690]" classname="org.bitcoinj.utils.BtcFormatTest" time="0.001"/>
  <testcase name="symbolCollisionTest[690]" classname="org.bitcoinj.utils.BtcFormatTest" time="0.002"/>
  <testcase name="equalityTest[690]" classname="org.bitcoinj.utils.BtcFormatTest" time="0.001"/>
  <testcase name="columnAlignmentTest[690]" classname="org.bitcoinj.utils.BtcFormatTest" time="0.0"/>
  <testcase name="factoryTest[690]" classname="org.bitcoinj.utils.BtcFormatTest" time="0.001"/>
  <testcase name="parse[690]" classname="org.bitcoinj.utils.BtcFormatTest" time="0.0"/>
  <testcase name="btcRounding[690]" classname="org.bitcoinj.utils.BtcFormatTest" time="0.001"/>
  <testcase name="negativeTest[690]" classname="org.bitcoinj.utils.BtcFormatTest" time="0.0">
    <skipped/>
  </testcase>
  <testcase name="millicoinScaleTest[690]" classname="org.bitcoinj.utils.BtcFormatTest" time="0.0"/>
  <testcase name="toStringTest[690]" classname="org.bitcoinj.utils.BtcFormatTest" time="0.0">
    <skipped/>
  </testcase>
  <testcase name="testGrouping[690]" classname="org.bitcoinj.utils.BtcFormatTest" time="0.0"/>
  <testcase name="symbolsCodesTest[690]" classname="org.bitcoinj.utils.BtcFormatTest" time="0.001"/>
  <testcase name="defaultLocaleTest[690]" classname="org.bitcoinj.utils.BtcFormatTest" time="0.0"/>
  <testcase name="parsePositionTest[690]" classname="org.bitcoinj.utils.BtcFormatTest" time="0.0"/>
  <testcase name="argumentTypeTest[690]" classname="org.bitcoinj.utils.BtcFormatTest" time="0.0">
    <skipped/>
  </testcase>
  <testcase name="characterIteratorTest[690]" classname="org.bitcoinj.utils.BtcFormatTest" time="0.0"/>
  <testcase name="repeatingPlaceTest[690]" classname="org.bitcoinj.utils.BtcFormatTest" time="0.001"/>
  <testcase name="currencyCodeTest[690]" classname="org.bitcoinj.utils.BtcFormatTest" time="0.0">
    <skipped/>
  </testcase>
  <testcase name="patternDecimalPlaces[690]" classname="org.bitcoinj.utils.BtcFormatTest" time="0.0"/>
  <testcase name="factoryArgumentsTest[691]" classname="org.bitcoinj.utils.BtcFormatTest" time="0.001"/>
  <testcase name="parseTest[691]" classname="org.bitcoinj.utils.BtcFormatTest" time="0.0">
    <skipped/>
  </testcase>
  <testcase name="microcoinScaleTest[691]" classname="org.bitcoinj.utils.BtcFormatTest" time="0.0"/>
  <testcase name="parseMetricTest[691]" classname="org.bitcoinj.utils.BtcFormatTest" time="0.001"/>
  <testcase name="coinScaleTest[691]" classname="org.bitcoinj.utils.BtcFormatTest" time="0.0"/>
  <testcase name="builderTest[691]" classname="org.bitcoinj.utils.BtcFormatTest" time="0.0">
    <skipped/>
  </testcase>
  <testcase name="attributeTest[691]" classname="org.bitcoinj.utils.BtcFormatTest" time="0.0">
    <skipped/>
  </testcase>
  <testcase name="prefixTest[691]" classname="org.bitcoinj.utils.BtcFormatTest" time="0.0"/>
  <testcase name="suffixTest[691]" classname="org.bitcoinj.utils.BtcFormatTest" time="0.0">
    <skipped/>
  </testcase>
  <testcase name="autoDecimalTest[691]" classname="org.bitcoinj.utils.BtcFormatTest" time="0.001"/>
  <testcase name="symbolCollisionTest[691]" classname="org.bitcoinj.utils.BtcFormatTest" time="0.001"/>
  <testcase name="equalityTest[691]" classname="org.bitcoinj.utils.BtcFormatTest" time="0.002"/>
  <testcase name="columnAlignmentTest[691]" classname="org.bitcoinj.utils.BtcFormatTest" time="0.0"/>
  <testcase name="factoryTest[691]" classname="org.bitcoinj.utils.BtcFormatTest" time="0.0"/>
  <testcase name="parse[691]" classname="org.bitcoinj.utils.BtcFormatTest" time="0.0"/>
  <testcase name="btcRounding[691]" classname="org.bitcoinj.utils.BtcFormatTest" time="0.001"/>
  <testcase name="negativeTest[691]" classname="org.bitcoinj.utils.BtcFormatTest" time="0.0">
    <skipped/>
  </testcase>
  <testcase name="millicoinScaleTest[691]" classname="org.bitcoinj.utils.BtcFormatTest" time="0.0"/>
  <testcase name="toStringTest[691]" classname="org.bitcoinj.utils.BtcFormatTest" time="0.0">
    <skipped/>
  </testcase>
  <testcase name="testGrouping[691]" classname="org.bitcoinj.utils.BtcFormatTest" time="0.001"/>
  <testcase name="symbolsCodesTest[691]" classname="org.bitcoinj.utils.BtcFormatTest" time="0.0"/>
  <testcase name="defaultLocaleTest[691]" classname="org.bitcoinj.utils.BtcFormatTest" time="0.0"/>
  <testcase name="parsePositionTest[691]" classname="org.bitcoinj.utils.BtcFormatTest" time="0.001"/>
  <testcase name="argumentTypeTest[691]" classname="org.bitcoinj.utils.BtcFormatTest" time="0.0">
    <skipped/>
  </testcase>
  <testcase name="characterIteratorTest[691]" classname="org.bitcoinj.utils.BtcFormatTest" time="0.001"/>
  <testcase name="repeatingPlaceTest[691]" classname="org.bitcoinj.utils.BtcFormatTest" time="0.001"/>
  <testcase name="currencyCodeTest[691]" classname="org.bitcoinj.utils.BtcFormatTest" time="0.0">
    <skipped/>
  </testcase>
  <testcase name="patternDecimalPlaces[691]" classname="org.bitcoinj.utils.BtcFormatTest" time="0.0"/>
  <testcase name="factoryArgumentsTest[692]" classname="org.bitcoinj.utils.BtcFormatTest" time="0.001"/>
  <testcase name="parseTest[692]" classname="org.bitcoinj.utils.BtcFormatTest" time="0.0">
    <skipped/>
  </testcase>
  <testcase name="microcoinScaleTest[692]" classname="org.bitcoinj.utils.BtcFormatTest" time="0.0"/>
  <testcase name="parseMetricTest[692]" classname="org.bitcoinj.utils.BtcFormatTest" time="0.002"/>
  <testcase name="coinScaleTest[692]" classname="org.bitcoinj.utils.BtcFormatTest" time="0.022"/>
  <testcase name="builderTest[692]" classname="org.bitcoinj.utils.BtcFormatTest" time="0.0">
    <skipped/>
  </testcase>
  <testcase name="attributeTest[692]" classname="org.bitcoinj.utils.BtcFormatTest" time="0.0">
    <skipped/>
  </testcase>
  <testcase name="prefixTest[692]" classname="org.bitcoinj.utils.BtcFormatTest" time="0.001"/>
  <testcase name="suffixTest[692]" classname="org.bitcoinj.utils.BtcFormatTest" time="0.0">
    <skipped/>
  </testcase>
  <testcase name="autoDecimalTest[692]" classname="org.bitcoinj.utils.BtcFormatTest" time="0.001"/>
  <testcase name="symbolCollisionTest[692]" classname="org.bitcoinj.utils.BtcFormatTest" time="0.003"/>
  <testcase name="equalityTest[692]" classname="org.bitcoinj.utils.BtcFormatTest" time="0.001"/>
  <testcase name="columnAlignmentTest[692]" classname="org.bitcoinj.utils.BtcFormatTest" time="0.001"/>
  <testcase name="factoryTest[692]" classname="org.bitcoinj.utils.BtcFormatTest" time="0.0"/>
  <testcase name="parse[692]" classname="org.bitcoinj.utils.BtcFormatTest" time="0.0"/>
  <testcase name="btcRounding[692]" classname="org.bitcoinj.utils.BtcFormatTest" time="0.001"/>
  <testcase name="negativeTest[692]" classname="org.bitcoinj.utils.BtcFormatTest" time="0.0">
    <skipped/>
  </testcase>
  <testcase name="millicoinScaleTest[692]" classname="org.bitcoinj.utils.BtcFormatTest" time="0.0"/>
  <testcase name="toStringTest[692]" classname="org.bitcoinj.utils.BtcFormatTest" time="0.0">
    <skipped/>
  </testcase>
  <testcase name="testGrouping[692]" classname="org.bitcoinj.utils.BtcFormatTest" time="0.001"/>
  <testcase name="symbolsCodesTest[692]" classname="org.bitcoinj.utils.BtcFormatTest" time="0.0"/>
  <testcase name="defaultLocaleTest[692]" classname="org.bitcoinj.utils.BtcFormatTest" time="0.001"/>
  <testcase name="parsePositionTest[692]" classname="org.bitcoinj.utils.BtcFormatTest" time="0.0"/>
  <testcase name="argumentTypeTest[692]" classname="org.bitcoinj.utils.BtcFormatTest" time="0.0">
    <skipped/>
  </testcase>
  <testcase name="characterIteratorTest[692]" classname="org.bitcoinj.utils.BtcFormatTest" time="0.0"/>
  <testcase name="repeatingPlaceTest[692]" classname="org.bitcoinj.utils.BtcFormatTest" time="0.0"/>
  <testcase name="currencyCodeTest[692]" classname="org.bitcoinj.utils.BtcFormatTest" time="0.0">
    <skipped/>
  </testcase>
  <testcase name="patternDecimalPlaces[692]" classname="org.bitcoinj.utils.BtcFormatTest" time="0.0"/>
  <testcase name="factoryArgumentsTest[693]" classname="org.bitcoinj.utils.BtcFormatTest" time="0.001"/>
  <testcase name="parseTest[693]" classname="org.bitcoinj.utils.BtcFormatTest" time="0.0">
    <skipped/>
  </testcase>
  <testcase name="microcoinScaleTest[693]" classname="org.bitcoinj.utils.BtcFormatTest" time="0.0"/>
  <testcase name="parseMetricTest[693]" classname="org.bitcoinj.utils.BtcFormatTest" time="0.001"/>
  <testcase name="coinScaleTest[693]" classname="org.bitcoinj.utils.BtcFormatTest" time="0.0"/>
  <testcase name="builderTest[693]" classname="org.bitcoinj.utils.BtcFormatTest" time="0.0">
    <skipped/>
  </testcase>
  <testcase name="attributeTest[693]" classname="org.bitcoinj.utils.BtcFormatTest" time="0.0">
    <skipped/>
  </testcase>
  <testcase name="prefixTest[693]" classname="org.bitcoinj.utils.BtcFormatTest" time="0.0"/>
  <testcase name="suffixTest[693]" classname="org.bitcoinj.utils.BtcFormatTest" time="0.0">
    <skipped/>
  </testcase>
  <testcase name="autoDecimalTest[693]" classname="org.bitcoinj.utils.BtcFormatTest" time="0.001"/>
  <testcase name="symbolCollisionTest[693]" classname="org.bitcoinj.utils.BtcFormatTest" time="0.002"/>
  <testcase name="equalityTest[693]" classname="org.bitcoinj.utils.BtcFormatTest" time="0.001"/>
  <testcase name="columnAlignmentTest[693]" classname="org.bitcoinj.utils.BtcFormatTest" time="0.001"/>
  <testcase name="factoryTest[693]" classname="org.bitcoinj.utils.BtcFormatTest" time="0.0"/>
  <testcase name="parse[693]" classname="org.bitcoinj.utils.BtcFormatTest" time="0.0"/>
  <testcase name="btcRounding[693]" classname="org.bitcoinj.utils.BtcFormatTest" time="0.001"/>
  <testcase name="negativeTest[693]" classname="org.bitcoinj.utils.BtcFormatTest" time="0.0">
    <skipped/>
  </testcase>
  <testcase name="millicoinScaleTest[693]" classname="org.bitcoinj.utils.BtcFormatTest" time="0.0"/>
  <testcase name="toStringTest[693]" classname="org.bitcoinj.utils.BtcFormatTest" time="0.0">
    <skipped/>
  </testcase>
  <testcase name="testGrouping[693]" classname="org.bitcoinj.utils.BtcFormatTest" time="0.0"/>
  <testcase name="symbolsCodesTest[693]" classname="org.bitcoinj.utils.BtcFormatTest" time="0.001"/>
  <testcase name="defaultLocaleTest[693]" classname="org.bitcoinj.utils.BtcFormatTest" time="0.001"/>
  <testcase name="parsePositionTest[693]" classname="org.bitcoinj.utils.BtcFormatTest" time="0.0"/>
  <testcase name="argumentTypeTest[693]" classname="org.bitcoinj.utils.BtcFormatTest" time="0.0">
    <skipped/>
  </testcase>
  <testcase name="characterIteratorTest[693]" classname="org.bitcoinj.utils.BtcFormatTest" time="0.0"/>
  <testcase name="repeatingPlaceTest[693]" classname="org.bitcoinj.utils.BtcFormatTest" time="0.0"/>
  <testcase name="currencyCodeTest[693]" classname="org.bitcoinj.utils.BtcFormatTest" time="0.0">
    <skipped/>
  </testcase>
  <testcase name="patternDecimalPlaces[693]" classname="org.bitcoinj.utils.BtcFormatTest" time="0.001"/>
  <testcase name="factoryArgumentsTest[694]" classname="org.bitcoinj.utils.BtcFormatTest" time="0.0"/>
  <testcase name="parseTest[694]" classname="org.bitcoinj.utils.BtcFormatTest" time="0.0">
    <skipped/>
  </testcase>
  <testcase name="microcoinScaleTest[694]" classname="org.bitcoinj.utils.BtcFormatTest" time="0.001"/>
  <testcase name="parseMetricTest[694]" classname="org.bitcoinj.utils.BtcFormatTest" time="0.001"/>
  <testcase name="coinScaleTest[694]" classname="org.bitcoinj.utils.BtcFormatTest" time="0.0"/>
  <testcase name="builderTest[694]" classname="org.bitcoinj.utils.BtcFormatTest" time="0.0">
    <skipped/>
  </testcase>
  <testcase name="attributeTest[694]" classname="org.bitcoinj.utils.BtcFormatTest" time="0.0">
    <skipped/>
  </testcase>
  <testcase name="prefixTest[694]" classname="org.bitcoinj.utils.BtcFormatTest" time="0.0"/>
  <testcase name="suffixTest[694]" classname="org.bitcoinj.utils.BtcFormatTest" time="0.0">
    <skipped/>
  </testcase>
  <testcase name="autoDecimalTest[694]" classname="org.bitcoinj.utils.BtcFormatTest" time="0.0"/>
  <testcase name="symbolCollisionTest[694]" classname="org.bitcoinj.utils.BtcFormatTest" time="0.001"/>
  <testcase name="equalityTest[694]" classname="org.bitcoinj.utils.BtcFormatTest" time="0.002"/>
  <testcase name="columnAlignmentTest[694]" classname="org.bitcoinj.utils.BtcFormatTest" time="0.0"/>
  <testcase name="factoryTest[694]" classname="org.bitcoinj.utils.BtcFormatTest" time="0.0"/>
  <testcase name="parse[694]" classname="org.bitcoinj.utils.BtcFormatTest" time="0.0"/>
  <testcase name="btcRounding[694]" classname="org.bitcoinj.utils.BtcFormatTest" time="0.001"/>
  <testcase name="negativeTest[694]" classname="org.bitcoinj.utils.BtcFormatTest" time="0.0">
    <skipped/>
  </testcase>
  <testcase name="millicoinScaleTest[694]" classname="org.bitcoinj.utils.BtcFormatTest" time="0.0"/>
  <testcase name="toStringTest[694]" classname="org.bitcoinj.utils.BtcFormatTest" time="0.0">
    <skipped/>
  </testcase>
  <testcase name="testGrouping[694]" classname="org.bitcoinj.utils.BtcFormatTest" time="0.001"/>
  <testcase name="symbolsCodesTest[694]" classname="org.bitcoinj.utils.BtcFormatTest" time="0.0"/>
  <testcase name="defaultLocaleTest[694]" classname="org.bitcoinj.utils.BtcFormatTest" time="0.0"/>
  <testcase name="parsePositionTest[694]" classname="org.bitcoinj.utils.BtcFormatTest" time="0.001"/>
  <testcase name="argumentTypeTest[694]" classname="org.bitcoinj.utils.BtcFormatTest" time="0.0">
    <skipped/>
  </testcase>
  <testcase name="characterIteratorTest[694]" classname="org.bitcoinj.utils.BtcFormatTest" time="0.0"/>
  <testcase name="repeatingPlaceTest[694]" classname="org.bitcoinj.utils.BtcFormatTest" time="0.0"/>
  <testcase name="currencyCodeTest[694]" classname="org.bitcoinj.utils.BtcFormatTest" time="0.0">
    <skipped/>
  </testcase>
  <testcase name="patternDecimalPlaces[694]" classname="org.bitcoinj.utils.BtcFormatTest" time="0.0"/>
  <testcase name="factoryArgumentsTest[695]" classname="org.bitcoinj.utils.BtcFormatTest" time="0.001"/>
  <testcase name="parseTest[695]" classname="org.bitcoinj.utils.BtcFormatTest" time="0.0">
    <skipped/>
  </testcase>
  <testcase name="microcoinScaleTest[695]" classname="org.bitcoinj.utils.BtcFormatTest" time="0.0"/>
  <testcase name="parseMetricTest[695]" classname="org.bitcoinj.utils.BtcFormatTest" time="0.001"/>
  <testcase name="coinScaleTest[695]" classname="org.bitcoinj.utils.BtcFormatTest" time="0.0"/>
  <testcase name="builderTest[695]" classname="org.bitcoinj.utils.BtcFormatTest" time="0.0">
    <skipped/>
  </testcase>
  <testcase name="attributeTest[695]" classname="org.bitcoinj.utils.BtcFormatTest" time="0.0">
    <skipped/>
  </testcase>
  <testcase name="prefixTest[695]" classname="org.bitcoinj.utils.BtcFormatTest" time="0.0"/>
  <testcase name="suffixTest[695]" classname="org.bitcoinj.utils.BtcFormatTest" time="0.0">
    <skipped/>
  </testcase>
  <testcase name="autoDecimalTest[695]" classname="org.bitcoinj.utils.BtcFormatTest" time="0.001"/>
  <testcase name="symbolCollisionTest[695]" classname="org.bitcoinj.utils.BtcFormatTest" time="0.001"/>
  <testcase name="equalityTest[695]" classname="org.bitcoinj.utils.BtcFormatTest" time="0.001"/>
  <testcase name="columnAlignmentTest[695]" classname="org.bitcoinj.utils.BtcFormatTest" time="0.0"/>
  <testcase name="factoryTest[695]" classname="org.bitcoinj.utils.BtcFormatTest" time="0.001"/>
  <testcase name="parse[695]" classname="org.bitcoinj.utils.BtcFormatTest" time="0.0"/>
  <testcase name="btcRounding[695]" classname="org.bitcoinj.utils.BtcFormatTest" time="0.001"/>
  <testcase name="negativeTest[695]" classname="org.bitcoinj.utils.BtcFormatTest" time="0.0">
    <skipped/>
  </testcase>
  <testcase name="millicoinScaleTest[695]" classname="org.bitcoinj.utils.BtcFormatTest" time="0.0"/>
  <testcase name="toStringTest[695]" classname="org.bitcoinj.utils.BtcFormatTest" time="0.0">
    <skipped/>
  </testcase>
  <testcase name="testGrouping[695]" classname="org.bitcoinj.utils.BtcFormatTest" time="0.0"/>
  <testcase name="symbolsCodesTest[695]" classname="org.bitcoinj.utils.BtcFormatTest" time="0.001"/>
  <testcase name="defaultLocaleTest[695]" classname="org.bitcoinj.utils.BtcFormatTest" time="0.0"/>
  <testcase name="parsePositionTest[695]" classname="org.bitcoinj.utils.BtcFormatTest" time="0.0"/>
  <testcase name="argumentTypeTest[695]" classname="org.bitcoinj.utils.BtcFormatTest" time="0.0">
    <skipped/>
  </testcase>
  <testcase name="characterIteratorTest[695]" classname="org.bitcoinj.utils.BtcFormatTest" time="0.0"/>
  <testcase name="repeatingPlaceTest[695]" classname="org.bitcoinj.utils.BtcFormatTest" time="0.001"/>
  <testcase name="currencyCodeTest[695]" classname="org.bitcoinj.utils.BtcFormatTest" time="0.0">
    <skipped/>
  </testcase>
  <testcase name="patternDecimalPlaces[695]" classname="org.bitcoinj.utils.BtcFormatTest" time="0.0"/>
  <testcase name="factoryArgumentsTest[696]" classname="org.bitcoinj.utils.BtcFormatTest" time="0.001"/>
  <testcase name="parseTest[696]" classname="org.bitcoinj.utils.BtcFormatTest" time="0.0">
    <skipped/>
  </testcase>
  <testcase name="microcoinScaleTest[696]" classname="org.bitcoinj.utils.BtcFormatTest" time="0.0"/>
  <testcase name="parseMetricTest[696]" classname="org.bitcoinj.utils.BtcFormatTest" time="0.001"/>
  <testcase name="coinScaleTest[696]" classname="org.bitcoinj.utils.BtcFormatTest" time="0.0"/>
  <testcase name="builderTest[696]" classname="org.bitcoinj.utils.BtcFormatTest" time="0.0">
    <skipped/>
  </testcase>
  <testcase name="attributeTest[696]" classname="org.bitcoinj.utils.BtcFormatTest" time="0.0">
    <skipped/>
  </testcase>
  <testcase name="prefixTest[696]" classname="org.bitcoinj.utils.BtcFormatTest" time="0.0"/>
  <testcase name="suffixTest[696]" classname="org.bitcoinj.utils.BtcFormatTest" time="0.0">
    <skipped/>
  </testcase>
  <testcase name="autoDecimalTest[696]" classname="org.bitcoinj.utils.BtcFormatTest" time="0.001"/>
  <testcase name="symbolCollisionTest[696]" classname="org.bitcoinj.utils.BtcFormatTest" time="0.001"/>
  <testcase name="equalityTest[696]" classname="org.bitcoinj.utils.BtcFormatTest" time="0.002"/>
  <testcase name="columnAlignmentTest[696]" classname="org.bitcoinj.utils.BtcFormatTest" time="0.0"/>
  <testcase name="factoryTest[696]" classname="org.bitcoinj.utils.BtcFormatTest" time="0.0"/>
  <testcase name="parse[696]" classname="org.bitcoinj.utils.BtcFormatTest" time="0.0"/>
  <testcase name="btcRounding[696]" classname="org.bitcoinj.utils.BtcFormatTest" time="0.002"/>
  <testcase name="negativeTest[696]" classname="org.bitcoinj.utils.BtcFormatTest" time="0.0">
    <skipped/>
  </testcase>
  <testcase name="millicoinScaleTest[696]" classname="org.bitcoinj.utils.BtcFormatTest" time="0.0"/>
  <testcase name="toStringTest[696]" classname="org.bitcoinj.utils.BtcFormatTest" time="0.0">
    <skipped/>
  </testcase>
  <testcase name="testGrouping[696]" classname="org.bitcoinj.utils.BtcFormatTest" time="0.0"/>
  <testcase name="symbolsCodesTest[696]" classname="org.bitcoinj.utils.BtcFormatTest" time="0.001"/>
  <testcase name="defaultLocaleTest[696]" classname="org.bitcoinj.utils.BtcFormatTest" time="0.0"/>
  <testcase name="parsePositionTest[696]" classname="org.bitcoinj.utils.BtcFormatTest" time="0.0"/>
  <testcase name="argumentTypeTest[696]" classname="org.bitcoinj.utils.BtcFormatTest" time="0.0">
    <skipped/>
  </testcase>
  <testcase name="characterIteratorTest[696]" classname="org.bitcoinj.utils.BtcFormatTest" time="0.0"/>
  <testcase name="repeatingPlaceTest[696]" classname="org.bitcoinj.utils.BtcFormatTest" time="0.0"/>
  <testcase name="currencyCodeTest[696]" classname="org.bitcoinj.utils.BtcFormatTest" time="0.0">
    <skipped/>
  </testcase>
  <testcase name="patternDecimalPlaces[696]" classname="org.bitcoinj.utils.BtcFormatTest" time="0.001"/>
  <testcase name="factoryArgumentsTest[697]" classname="org.bitcoinj.utils.BtcFormatTest" time="0.0"/>
  <testcase name="parseTest[697]" classname="org.bitcoinj.utils.BtcFormatTest" time="0.0">
    <skipped/>
  </testcase>
  <testcase name="microcoinScaleTest[697]" classname="org.bitcoinj.utils.BtcFormatTest" time="0.0"/>
  <testcase name="parseMetricTest[697]" classname="org.bitcoinj.utils.BtcFormatTest" time="0.0"/>
  <testcase name="coinScaleTest[697]" classname="org.bitcoinj.utils.BtcFormatTest" time="0.001"/>
  <testcase name="builderTest[697]" classname="org.bitcoinj.utils.BtcFormatTest" time="0.0">
    <skipped/>
  </testcase>
  <testcase name="attributeTest[697]" classname="org.bitcoinj.utils.BtcFormatTest" time="0.0">
    <skipped/>
  </testcase>
  <testcase name="prefixTest[697]" classname="org.bitcoinj.utils.BtcFormatTest" time="0.0"/>
  <testcase name="suffixTest[697]" classname="org.bitcoinj.utils.BtcFormatTest" time="0.0">
    <skipped/>
  </testcase>
  <testcase name="autoDecimalTest[697]" classname="org.bitcoinj.utils.BtcFormatTest" time="0.001"/>
  <testcase name="symbolCollisionTest[697]" classname="org.bitcoinj.utils.BtcFormatTest" time="0.001"/>
  <testcase name="equalityTest[697]" classname="org.bitcoinj.utils.BtcFormatTest" time="0.002"/>
  <testcase name="columnAlignmentTest[697]" classname="org.bitcoinj.utils.BtcFormatTest" time="0.0"/>
  <testcase name="factoryTest[697]" classname="org.bitcoinj.utils.BtcFormatTest" time="0.0"/>
  <testcase name="parse[697]" classname="org.bitcoinj.utils.BtcFormatTest" time="0.0"/>
  <testcase name="btcRounding[697]" classname="org.bitcoinj.utils.BtcFormatTest" time="0.001"/>
  <testcase name="negativeTest[697]" classname="org.bitcoinj.utils.BtcFormatTest" time="0.0">
    <skipped/>
  </testcase>
  <testcase name="millicoinScaleTest[697]" classname="org.bitcoinj.utils.BtcFormatTest" time="0.0"/>
  <testcase name="toStringTest[697]" classname="org.bitcoinj.utils.BtcFormatTest" time="0.0">
    <skipped/>
  </testcase>
  <testcase name="testGrouping[697]" classname="org.bitcoinj.utils.BtcFormatTest" time="0.0"/>
  <testcase name="symbolsCodesTest[697]" classname="org.bitcoinj.utils.BtcFormatTest" time="0.0"/>
  <testcase name="defaultLocaleTest[697]" classname="org.bitcoinj.utils.BtcFormatTest" time="0.001"/>
  <testcase name="parsePositionTest[697]" classname="org.bitcoinj.utils.BtcFormatTest" time="0.0"/>
  <testcase name="argumentTypeTest[697]" classname="org.bitcoinj.utils.BtcFormatTest" time="0.0">
    <skipped/>
  </testcase>
  <testcase name="characterIteratorTest[697]" classname="org.bitcoinj.utils.BtcFormatTest" time="0.0"/>
  <testcase name="repeatingPlaceTest[697]" classname="org.bitcoinj.utils.BtcFormatTest" time="0.0"/>
  <testcase name="currencyCodeTest[697]" classname="org.bitcoinj.utils.BtcFormatTest" time="0.0">
    <skipped/>
  </testcase>
  <testcase name="patternDecimalPlaces[697]" classname="org.bitcoinj.utils.BtcFormatTest" time="0.0"/>
  <testcase name="factoryArgumentsTest[698]" classname="org.bitcoinj.utils.BtcFormatTest" time="0.001"/>
  <testcase name="parseTest[698]" classname="org.bitcoinj.utils.BtcFormatTest" time="0.0">
    <skipped/>
  </testcase>
  <testcase name="microcoinScaleTest[698]" classname="org.bitcoinj.utils.BtcFormatTest" time="0.0"/>
  <testcase name="parseMetricTest[698]" classname="org.bitcoinj.utils.BtcFormatTest" time="0.001"/>
  <testcase name="coinScaleTest[698]" classname="org.bitcoinj.utils.BtcFormatTest" time="0.0"/>
  <testcase name="builderTest[698]" classname="org.bitcoinj.utils.BtcFormatTest" time="0.0">
    <skipped/>
  </testcase>
  <testcase name="attributeTest[698]" classname="org.bitcoinj.utils.BtcFormatTest" time="0.0">
    <skipped/>
  </testcase>
  <testcase name="prefixTest[698]" classname="org.bitcoinj.utils.BtcFormatTest" time="0.001"/>
  <testcase name="suffixTest[698]" classname="org.bitcoinj.utils.BtcFormatTest" time="0.0">
    <skipped/>
  </testcase>
  <testcase name="autoDecimalTest[698]" classname="org.bitcoinj.utils.BtcFormatTest" time="0.0"/>
  <testcase name="symbolCollisionTest[698]" classname="org.bitcoinj.utils.BtcFormatTest" time="0.003"/>
  <testcase name="equalityTest[698]" classname="org.bitcoinj.utils.BtcFormatTest" time="0.002"/>
  <testcase name="columnAlignmentTest[698]" classname="org.bitcoinj.utils.BtcFormatTest" time="0.0"/>
  <testcase name="factoryTest[698]" classname="org.bitcoinj.utils.BtcFormatTest" time="0.0"/>
  <testcase name="parse[698]" classname="org.bitcoinj.utils.BtcFormatTest" time="0.0"/>
  <testcase name="btcRounding[698]" classname="org.bitcoinj.utils.BtcFormatTest" time="0.001"/>
  <testcase name="negativeTest[698]" classname="org.bitcoinj.utils.BtcFormatTest" time="0.0">
    <skipped/>
  </testcase>
  <testcase name="millicoinScaleTest[698]" classname="org.bitcoinj.utils.BtcFormatTest" time="0.0"/>
  <testcase name="toStringTest[698]" classname="org.bitcoinj.utils.BtcFormatTest" time="0.0">
    <skipped/>
  </testcase>
  <testcase name="testGrouping[698]" classname="org.bitcoinj.utils.BtcFormatTest" time="0.001"/>
  <testcase name="symbolsCodesTest[698]" classname="org.bitcoinj.utils.BtcFormatTest" time="0.0"/>
  <testcase name="defaultLocaleTest[698]" classname="org.bitcoinj.utils.BtcFormatTest" time="0.0"/>
  <testcase name="parsePositionTest[698]" classname="org.bitcoinj.utils.BtcFormatTest" time="0.001"/>
  <testcase name="argumentTypeTest[698]" classname="org.bitcoinj.utils.BtcFormatTest" time="0.0">
    <skipped/>
  </testcase>
  <testcase name="characterIteratorTest[698]" classname="org.bitcoinj.utils.BtcFormatTest" time="0.0"/>
  <testcase name="repeatingPlaceTest[698]" classname="org.bitcoinj.utils.BtcFormatTest" time="0.0"/>
  <testcase name="currencyCodeTest[698]" classname="org.bitcoinj.utils.BtcFormatTest" time="0.0">
    <skipped/>
  </testcase>
  <testcase name="patternDecimalPlaces[698]" classname="org.bitcoinj.utils.BtcFormatTest" time="0.0"/>
  <testcase name="factoryArgumentsTest[699]" classname="org.bitcoinj.utils.BtcFormatTest" time="0.001"/>
  <testcase name="parseTest[699]" classname="org.bitcoinj.utils.BtcFormatTest" time="0.0">
    <skipped/>
  </testcase>
  <testcase name="microcoinScaleTest[699]" classname="org.bitcoinj.utils.BtcFormatTest" time="0.0"/>
  <testcase name="parseMetricTest[699]" classname="org.bitcoinj.utils.BtcFormatTest" time="0.001"/>
  <testcase name="coinScaleTest[699]" classname="org.bitcoinj.utils.BtcFormatTest" time="0.0"/>
  <testcase name="builderTest[699]" classname="org.bitcoinj.utils.BtcFormatTest" time="0.0">
    <skipped/>
  </testcase>
  <testcase name="attributeTest[699]" classname="org.bitcoinj.utils.BtcFormatTest" time="0.0">
    <skipped/>
  </testcase>
  <testcase name="prefixTest[699]" classname="org.bitcoinj.utils.BtcFormatTest" time="0.001"/>
  <testcase name="suffixTest[699]" classname="org.bitcoinj.utils.BtcFormatTest" time="0.0">
    <skipped/>
  </testcase>
  <testcase name="autoDecimalTest[699]" classname="org.bitcoinj.utils.BtcFormatTest" time="0.0"/>
  <testcase name="symbolCollisionTest[699]" classname="org.bitcoinj.utils.BtcFormatTest" time="0.002"/>
  <testcase name="equalityTest[699]" classname="org.bitcoinj.utils.BtcFormatTest" time="0.001"/>
  <testcase name="columnAlignmentTest[699]" classname="org.bitcoinj.utils.BtcFormatTest" time="0.0"/>
  <testcase name="factoryTest[699]" classname="org.bitcoinj.utils.BtcFormatTest" time="0.001"/>
  <testcase name="parse[699]" classname="org.bitcoinj.utils.BtcFormatTest" time="0.0"/>
  <testcase name="btcRounding[699]" classname="org.bitcoinj.utils.BtcFormatTest" time="0.001"/>
  <testcase name="negativeTest[699]" classname="org.bitcoinj.utils.BtcFormatTest" time="0.0">
    <skipped/>
  </testcase>
  <testcase name="millicoinScaleTest[699]" classname="org.bitcoinj.utils.BtcFormatTest" time="0.0"/>
  <testcase name="toStringTest[699]" classname="org.bitcoinj.utils.BtcFormatTest" time="0.0">
    <skipped/>
  </testcase>
  <testcase name="testGrouping[699]" classname="org.bitcoinj.utils.BtcFormatTest" time="0.0"/>
  <testcase name="symbolsCodesTest[699]" classname="org.bitcoinj.utils.BtcFormatTest" time="0.001"/>
  <testcase name="defaultLocaleTest[699]" classname="org.bitcoinj.utils.BtcFormatTest" time="0.0"/>
  <testcase name="parsePositionTest[699]" classname="org.bitcoinj.utils.BtcFormatTest" time="0.0"/>
  <testcase name="argumentTypeTest[699]" classname="org.bitcoinj.utils.BtcFormatTest" time="0.0">
    <skipped/>
  </testcase>
  <testcase name="characterIteratorTest[699]" classname="org.bitcoinj.utils.BtcFormatTest" time="0.0"/>
  <testcase name="repeatingPlaceTest[699]" classname="org.bitcoinj.utils.BtcFormatTest" time="0.0"/>
  <testcase name="currencyCodeTest[699]" classname="org.bitcoinj.utils.BtcFormatTest" time="0.0">
    <skipped/>
  </testcase>
  <testcase name="patternDecimalPlaces[699]" classname="org.bitcoinj.utils.BtcFormatTest" time="0.0"/>
  <testcase name="factoryArgumentsTest[700]" classname="org.bitcoinj.utils.BtcFormatTest" time="0.002"/>
  <testcase name="parseTest[700]" classname="org.bitcoinj.utils.BtcFormatTest" time="0.0">
    <skipped/>
  </testcase>
  <testcase name="microcoinScaleTest[700]" classname="org.bitcoinj.utils.BtcFormatTest" time="0.0"/>
  <testcase name="parseMetricTest[700]" classname="org.bitcoinj.utils.BtcFormatTest" time="0.001"/>
  <testcase name="coinScaleTest[700]" classname="org.bitcoinj.utils.BtcFormatTest" time="0.0"/>
  <testcase name="builderTest[700]" classname="org.bitcoinj.utils.BtcFormatTest" time="0.0">
    <skipped/>
  </testcase>
  <testcase name="attributeTest[700]" classname="org.bitcoinj.utils.BtcFormatTest" time="0.0">
    <skipped/>
  </testcase>
  <testcase name="prefixTest[700]" classname="org.bitcoinj.utils.BtcFormatTest" time="0.0"/>
  <testcase name="suffixTest[700]" classname="org.bitcoinj.utils.BtcFormatTest" time="0.0">
    <skipped/>
  </testcase>
  <testcase name="autoDecimalTest[700]" classname="org.bitcoinj.utils.BtcFormatTest" time="0.001"/>
  <testcase name="symbolCollisionTest[700]" classname="org.bitcoinj.utils.BtcFormatTest" time="0.001"/>
  <testcase name="equalityTest[700]" classname="org.bitcoinj.utils.BtcFormatTest" time="0.002"/>
  <testcase name="columnAlignmentTest[700]" classname="org.bitcoinj.utils.BtcFormatTest" time="0.0"/>
  <testcase name="factoryTest[700]" classname="org.bitcoinj.utils.BtcFormatTest" time="0.0"/>
  <testcase name="parse[700]" classname="org.bitcoinj.utils.BtcFormatTest" time="0.0"/>
  <testcase name="btcRounding[700]" classname="org.bitcoinj.utils.BtcFormatTest" time="0.002"/>
  <testcase name="negativeTest[700]" classname="org.bitcoinj.utils.BtcFormatTest" time="0.0">
    <skipped/>
  </testcase>
  <testcase name="millicoinScaleTest[700]" classname="org.bitcoinj.utils.BtcFormatTest" time="0.0"/>
  <testcase name="toStringTest[700]" classname="org.bitcoinj.utils.BtcFormatTest" time="0.0">
    <skipped/>
  </testcase>
  <testcase name="testGrouping[700]" classname="org.bitcoinj.utils.BtcFormatTest" time="0.0"/>
  <testcase name="symbolsCodesTest[700]" classname="org.bitcoinj.utils.BtcFormatTest" time="0.0"/>
  <testcase name="defaultLocaleTest[700]" classname="org.bitcoinj.utils.BtcFormatTest" time="0.001"/>
  <testcase name="parsePositionTest[700]" classname="org.bitcoinj.utils.BtcFormatTest" time="0.0"/>
  <testcase name="argumentTypeTest[700]" classname="org.bitcoinj.utils.BtcFormatTest" time="0.0">
    <skipped/>
  </testcase>
  <testcase name="characterIteratorTest[700]" classname="org.bitcoinj.utils.BtcFormatTest" time="0.0"/>
  <testcase name="repeatingPlaceTest[700]" classname="org.bitcoinj.utils.BtcFormatTest" time="0.0"/>
  <testcase name="currencyCodeTest[700]" classname="org.bitcoinj.utils.BtcFormatTest" time="0.0">
    <skipped/>
  </testcase>
  <testcase name="patternDecimalPlaces[700]" classname="org.bitcoinj.utils.BtcFormatTest" time="0.0"/>
  <testcase name="factoryArgumentsTest[701]" classname="org.bitcoinj.utils.BtcFormatTest" time="0.001"/>
  <testcase name="parseTest[701]" classname="org.bitcoinj.utils.BtcFormatTest" time="0.0">
    <skipped/>
  </testcase>
  <testcase name="microcoinScaleTest[701]" classname="org.bitcoinj.utils.BtcFormatTest" time="0.0"/>
  <testcase name="parseMetricTest[701]" classname="org.bitcoinj.utils.BtcFormatTest" time="0.001"/>
  <testcase name="coinScaleTest[701]" classname="org.bitcoinj.utils.BtcFormatTest" time="0.0"/>
  <testcase name="builderTest[701]" classname="org.bitcoinj.utils.BtcFormatTest" time="0.0">
    <skipped/>
  </testcase>
  <testcase name="attributeTest[701]" classname="org.bitcoinj.utils.BtcFormatTest" time="0.0">
    <skipped/>
  </testcase>
  <testcase name="prefixTest[701]" classname="org.bitcoinj.utils.BtcFormatTest" time="0.0"/>
  <testcase name="suffixTest[701]" classname="org.bitcoinj.utils.BtcFormatTest" time="0.0">
    <skipped/>
  </testcase>
  <testcase name="autoDecimalTest[701]" classname="org.bitcoinj.utils.BtcFormatTest" time="0.0"/>
  <testcase name="symbolCollisionTest[701]" classname="org.bitcoinj.utils.BtcFormatTest" time="0.002"/>
  <testcase name="equalityTest[701]" classname="org.bitcoinj.utils.BtcFormatTest" time="0.002"/>
  <testcase name="columnAlignmentTest[701]" classname="org.bitcoinj.utils.BtcFormatTest" time="0.0"/>
  <testcase name="factoryTest[701]" classname="org.bitcoinj.utils.BtcFormatTest" time="0.0"/>
  <testcase name="parse[701]" classname="org.bitcoinj.utils.BtcFormatTest" time="0.0"/>
  <testcase name="btcRounding[701]" classname="org.bitcoinj.utils.BtcFormatTest" time="0.002"/>
  <testcase name="negativeTest[701]" classname="org.bitcoinj.utils.BtcFormatTest" time="0.0">
    <skipped/>
  </testcase>
  <testcase name="millicoinScaleTest[701]" classname="org.bitcoinj.utils.BtcFormatTest" time="0.0"/>
  <testcase name="toStringTest[701]" classname="org.bitcoinj.utils.BtcFormatTest" time="0.0">
    <skipped/>
  </testcase>
  <testcase name="testGrouping[701]" classname="org.bitcoinj.utils.BtcFormatTest" time="0.0"/>
  <testcase name="symbolsCodesTest[701]" classname="org.bitcoinj.utils.BtcFormatTest" time="0.0"/>
  <testcase name="defaultLocaleTest[701]" classname="org.bitcoinj.utils.BtcFormatTest" time="0.001"/>
  <testcase name="parsePositionTest[701]" classname="org.bitcoinj.utils.BtcFormatTest" time="0.0"/>
  <testcase name="argumentTypeTest[701]" classname="org.bitcoinj.utils.BtcFormatTest" time="0.0">
    <skipped/>
  </testcase>
  <testcase name="characterIteratorTest[701]" classname="org.bitcoinj.utils.BtcFormatTest" time="0.0"/>
  <testcase name="repeatingPlaceTest[701]" classname="org.bitcoinj.utils.BtcFormatTest" time="0.0"/>
  <testcase name="currencyCodeTest[701]" classname="org.bitcoinj.utils.BtcFormatTest" time="0.0">
    <skipped/>
  </testcase>
  <testcase name="patternDecimalPlaces[701]" classname="org.bitcoinj.utils.BtcFormatTest" time="0.0"/>
  <testcase name="factoryArgumentsTest[702]" classname="org.bitcoinj.utils.BtcFormatTest" time="0.001"/>
  <testcase name="parseTest[702]" classname="org.bitcoinj.utils.BtcFormatTest" time="0.0">
    <skipped/>
  </testcase>
  <testcase name="microcoinScaleTest[702]" classname="org.bitcoinj.utils.BtcFormatTest" time="0.0"/>
  <testcase name="parseMetricTest[702]" classname="org.bitcoinj.utils.BtcFormatTest" time="0.001"/>
  <testcase name="coinScaleTest[702]" classname="org.bitcoinj.utils.BtcFormatTest" time="0.0"/>
  <testcase name="builderTest[702]" classname="org.bitcoinj.utils.BtcFormatTest" time="0.0">
    <skipped/>
  </testcase>
  <testcase name="attributeTest[702]" classname="org.bitcoinj.utils.BtcFormatTest" time="0.0">
    <skipped/>
  </testcase>
  <testcase name="prefixTest[702]" classname="org.bitcoinj.utils.BtcFormatTest" time="0.001"/>
  <testcase name="suffixTest[702]" classname="org.bitcoinj.utils.BtcFormatTest" time="0.0">
    <skipped/>
  </testcase>
  <testcase name="autoDecimalTest[702]" classname="org.bitcoinj.utils.BtcFormatTest" time="0.001"/>
  <testcase name="symbolCollisionTest[702]" classname="org.bitcoinj.utils.BtcFormatTest" time="0.001"/>
  <testcase name="equalityTest[702]" classname="org.bitcoinj.utils.BtcFormatTest" time="0.002"/>
  <testcase name="columnAlignmentTest[702]" classname="org.bitcoinj.utils.BtcFormatTest" time="0.0"/>
  <testcase name="factoryTest[702]" classname="org.bitcoinj.utils.BtcFormatTest" time="0.0"/>
  <testcase name="parse[702]" classname="org.bitcoinj.utils.BtcFormatTest" time="0.001"/>
  <testcase name="btcRounding[702]" classname="org.bitcoinj.utils.BtcFormatTest" time="0.001"/>
  <testcase name="negativeTest[702]" classname="org.bitcoinj.utils.BtcFormatTest" time="0.0">
    <skipped/>
  </testcase>
  <testcase name="millicoinScaleTest[702]" classname="org.bitcoinj.utils.BtcFormatTest" time="0.0"/>
  <testcase name="toStringTest[702]" classname="org.bitcoinj.utils.BtcFormatTest" time="0.0">
    <skipped/>
  </testcase>
  <testcase name="testGrouping[702]" classname="org.bitcoinj.utils.BtcFormatTest" time="0.0"/>
  <testcase name="symbolsCodesTest[702]" classname="org.bitcoinj.utils.BtcFormatTest" time="0.0"/>
  <testcase name="defaultLocaleTest[702]" classname="org.bitcoinj.utils.BtcFormatTest" time="0.001"/>
  <testcase name="parsePositionTest[702]" classname="org.bitcoinj.utils.BtcFormatTest" time="0.0"/>
  <testcase name="argumentTypeTest[702]" classname="org.bitcoinj.utils.BtcFormatTest" time="0.0">
    <skipped/>
  </testcase>
  <testcase name="characterIteratorTest[702]" classname="org.bitcoinj.utils.BtcFormatTest" time="0.0"/>
  <testcase name="repeatingPlaceTest[702]" classname="org.bitcoinj.utils.BtcFormatTest" time="0.001"/>
  <testcase name="currencyCodeTest[702]" classname="org.bitcoinj.utils.BtcFormatTest" time="0.0">
    <skipped/>
  </testcase>
  <testcase name="patternDecimalPlaces[702]" classname="org.bitcoinj.utils.BtcFormatTest" time="0.0"/>
  <testcase name="factoryArgumentsTest[703]" classname="org.bitcoinj.utils.BtcFormatTest" time="0.001"/>
  <testcase name="parseTest[703]" classname="org.bitcoinj.utils.BtcFormatTest" time="0.0">
    <skipped/>
  </testcase>
  <testcase name="microcoinScaleTest[703]" classname="org.bitcoinj.utils.BtcFormatTest" time="0.0"/>
  <testcase name="parseMetricTest[703]" classname="org.bitcoinj.utils.BtcFormatTest" time="0.001"/>
  <testcase name="coinScaleTest[703]" classname="org.bitcoinj.utils.BtcFormatTest" time="0.0"/>
  <testcase name="builderTest[703]" classname="org.bitcoinj.utils.BtcFormatTest" time="0.0">
    <skipped/>
  </testcase>
  <testcase name="attributeTest[703]" classname="org.bitcoinj.utils.BtcFormatTest" time="0.0">
    <skipped/>
  </testcase>
  <testcase name="prefixTest[703]" classname="org.bitcoinj.utils.BtcFormatTest" time="0.0"/>
  <testcase name="suffixTest[703]" classname="org.bitcoinj.utils.BtcFormatTest" time="0.0">
    <skipped/>
  </testcase>
  <testcase name="autoDecimalTest[703]" classname="org.bitcoinj.utils.BtcFormatTest" time="0.001"/>
  <testcase name="symbolCollisionTest[703]" classname="org.bitcoinj.utils.BtcFormatTest" time="0.002"/>
  <testcase name="equalityTest[703]" classname="org.bitcoinj.utils.BtcFormatTest" time="0.001"/>
  <testcase name="columnAlignmentTest[703]" classname="org.bitcoinj.utils.BtcFormatTest" time="0.0"/>
  <testcase name="factoryTest[703]" classname="org.bitcoinj.utils.BtcFormatTest" time="0.001"/>
  <testcase name="parse[703]" classname="org.bitcoinj.utils.BtcFormatTest" time="0.0"/>
  <testcase name="btcRounding[703]" classname="org.bitcoinj.utils.BtcFormatTest" time="0.001"/>
  <testcase name="negativeTest[703]" classname="org.bitcoinj.utils.BtcFormatTest" time="0.0">
    <skipped/>
  </testcase>
  <testcase name="millicoinScaleTest[703]" classname="org.bitcoinj.utils.BtcFormatTest" time="0.0"/>
  <testcase name="toStringTest[703]" classname="org.bitcoinj.utils.BtcFormatTest" time="0.0">
    <skipped/>
  </testcase>
  <testcase name="testGrouping[703]" classname="org.bitcoinj.utils.BtcFormatTest" time="0.0"/>
  <testcase name="symbolsCodesTest[703]" classname="org.bitcoinj.utils.BtcFormatTest" time="0.001"/>
  <testcase name="defaultLocaleTest[703]" classname="org.bitcoinj.utils.BtcFormatTest" time="0.0"/>
  <testcase name="parsePositionTest[703]" classname="org.bitcoinj.utils.BtcFormatTest" time="0.0"/>
  <testcase name="argumentTypeTest[703]" classname="org.bitcoinj.utils.BtcFormatTest" time="0.0">
    <skipped/>
  </testcase>
  <testcase name="characterIteratorTest[703]" classname="org.bitcoinj.utils.BtcFormatTest" time="0.0"/>
  <testcase name="repeatingPlaceTest[703]" classname="org.bitcoinj.utils.BtcFormatTest" time="0.001"/>
  <testcase name="currencyCodeTest[703]" classname="org.bitcoinj.utils.BtcFormatTest" time="0.0">
    <skipped/>
  </testcase>
  <testcase name="patternDecimalPlaces[703]" classname="org.bitcoinj.utils.BtcFormatTest" time="0.0"/>
  <testcase name="factoryArgumentsTest[704]" classname="org.bitcoinj.utils.BtcFormatTest" time="0.001"/>
  <testcase name="parseTest[704]" classname="org.bitcoinj.utils.BtcFormatTest" time="0.0">
    <skipped/>
  </testcase>
  <testcase name="microcoinScaleTest[704]" classname="org.bitcoinj.utils.BtcFormatTest" time="0.0"/>
  <testcase name="parseMetricTest[704]" classname="org.bitcoinj.utils.BtcFormatTest" time="0.001"/>
  <testcase name="coinScaleTest[704]" classname="org.bitcoinj.utils.BtcFormatTest" time="0.0"/>
  <testcase name="builderTest[704]" classname="org.bitcoinj.utils.BtcFormatTest" time="0.0">
    <skipped/>
  </testcase>
  <testcase name="attributeTest[704]" classname="org.bitcoinj.utils.BtcFormatTest" time="0.0">
    <skipped/>
  </testcase>
  <testcase name="prefixTest[704]" classname="org.bitcoinj.utils.BtcFormatTest" time="0.0"/>
  <testcase name="suffixTest[704]" classname="org.bitcoinj.utils.BtcFormatTest" time="0.0">
    <skipped/>
  </testcase>
  <testcase name="autoDecimalTest[704]" classname="org.bitcoinj.utils.BtcFormatTest" time="0.001"/>
  <testcase name="symbolCollisionTest[704]" classname="org.bitcoinj.utils.BtcFormatTest" time="0.002"/>
  <testcase name="equalityTest[704]" classname="org.bitcoinj.utils.BtcFormatTest" time="0.002"/>
  <testcase name="columnAlignmentTest[704]" classname="org.bitcoinj.utils.BtcFormatTest" time="0.0"/>
  <testcase name="factoryTest[704]" classname="org.bitcoinj.utils.BtcFormatTest" time="0.001"/>
  <testcase name="parse[704]" classname="org.bitcoinj.utils.BtcFormatTest" time="0.0"/>
  <testcase name="btcRounding[704]" classname="org.bitcoinj.utils.BtcFormatTest" time="0.001"/>
  <testcase name="negativeTest[704]" classname="org.bitcoinj.utils.BtcFormatTest" time="0.0">
    <skipped/>
  </testcase>
  <testcase name="millicoinScaleTest[704]" classname="org.bitcoinj.utils.BtcFormatTest" time="0.0"/>
  <testcase name="toStringTest[704]" classname="org.bitcoinj.utils.BtcFormatTest" time="0.0">
    <skipped/>
  </testcase>
  <testcase name="testGrouping[704]" classname="org.bitcoinj.utils.BtcFormatTest" time="0.0"/>
  <testcase name="symbolsCodesTest[704]" classname="org.bitcoinj.utils.BtcFormatTest" time="0.001"/>
  <testcase name="defaultLocaleTest[704]" classname="org.bitcoinj.utils.BtcFormatTest" time="0.0"/>
  <testcase name="parsePositionTest[704]" classname="org.bitcoinj.utils.BtcFormatTest" time="0.001"/>
  <testcase name="argumentTypeTest[704]" classname="org.bitcoinj.utils.BtcFormatTest" time="0.0">
    <skipped/>
  </testcase>
  <testcase name="characterIteratorTest[704]" classname="org.bitcoinj.utils.BtcFormatTest" time="0.0"/>
  <testcase name="repeatingPlaceTest[704]" classname="org.bitcoinj.utils.BtcFormatTest" time="0.0"/>
  <testcase name="currencyCodeTest[704]" classname="org.bitcoinj.utils.BtcFormatTest" time="0.0">
    <skipped/>
  </testcase>
  <testcase name="patternDecimalPlaces[704]" classname="org.bitcoinj.utils.BtcFormatTest" time="0.0"/>
  <testcase name="factoryArgumentsTest[705]" classname="org.bitcoinj.utils.BtcFormatTest" time="0.002"/>
  <testcase name="parseTest[705]" classname="org.bitcoinj.utils.BtcFormatTest" time="0.0">
    <skipped/>
  </testcase>
  <testcase name="microcoinScaleTest[705]" classname="org.bitcoinj.utils.BtcFormatTest" time="0.0"/>
  <testcase name="parseMetricTest[705]" classname="org.bitcoinj.utils.BtcFormatTest" time="0.001"/>
  <testcase name="coinScaleTest[705]" classname="org.bitcoinj.utils.BtcFormatTest" time="0.0"/>
  <testcase name="builderTest[705]" classname="org.bitcoinj.utils.BtcFormatTest" time="0.0">
    <skipped/>
  </testcase>
  <testcase name="attributeTest[705]" classname="org.bitcoinj.utils.BtcFormatTest" time="0.0">
    <skipped/>
  </testcase>
  <testcase name="prefixTest[705]" classname="org.bitcoinj.utils.BtcFormatTest" time="0.0"/>
  <testcase name="suffixTest[705]" classname="org.bitcoinj.utils.BtcFormatTest" time="0.0">
    <skipped/>
  </testcase>
  <testcase name="autoDecimalTest[705]" classname="org.bitcoinj.utils.BtcFormatTest" time="0.001"/>
  <testcase name="symbolCollisionTest[705]" classname="org.bitcoinj.utils.BtcFormatTest" time="0.001"/>
  <testcase name="equalityTest[705]" classname="org.bitcoinj.utils.BtcFormatTest" time="0.001"/>
  <testcase name="columnAlignmentTest[705]" classname="org.bitcoinj.utils.BtcFormatTest" time="0.001"/>
  <testcase name="factoryTest[705]" classname="org.bitcoinj.utils.BtcFormatTest" time="0.0"/>
  <testcase name="parse[705]" classname="org.bitcoinj.utils.BtcFormatTest" time="0.0"/>
  <testcase name="btcRounding[705]" classname="org.bitcoinj.utils.BtcFormatTest" time="0.001"/>
  <testcase name="negativeTest[705]" classname="org.bitcoinj.utils.BtcFormatTest" time="0.0">
    <skipped/>
  </testcase>
  <testcase name="millicoinScaleTest[705]" classname="org.bitcoinj.utils.BtcFormatTest" time="0.0"/>
  <testcase name="toStringTest[705]" classname="org.bitcoinj.utils.BtcFormatTest" time="0.0">
    <skipped/>
  </testcase>
  <testcase name="testGrouping[705]" classname="org.bitcoinj.utils.BtcFormatTest" time="0.001"/>
  <testcase name="symbolsCodesTest[705]" classname="org.bitcoinj.utils.BtcFormatTest" time="0.0"/>
  <testcase name="defaultLocaleTest[705]" classname="org.bitcoinj.utils.BtcFormatTest" time="0.001"/>
  <testcase name="parsePositionTest[705]" classname="org.bitcoinj.utils.BtcFormatTest" time="0.0"/>
  <testcase name="argumentTypeTest[705]" classname="org.bitcoinj.utils.BtcFormatTest" time="0.0">
    <skipped/>
  </testcase>
  <testcase name="characterIteratorTest[705]" classname="org.bitcoinj.utils.BtcFormatTest" time="0.0"/>
  <testcase name="repeatingPlaceTest[705]" classname="org.bitcoinj.utils.BtcFormatTest" time="0.0"/>
  <testcase name="currencyCodeTest[705]" classname="org.bitcoinj.utils.BtcFormatTest" time="0.0">
    <skipped/>
  </testcase>
  <testcase name="patternDecimalPlaces[705]" classname="org.bitcoinj.utils.BtcFormatTest" time="0.0"/>
  <testcase name="factoryArgumentsTest[706]" classname="org.bitcoinj.utils.BtcFormatTest" time="0.001"/>
  <testcase name="parseTest[706]" classname="org.bitcoinj.utils.BtcFormatTest" time="0.0">
    <skipped/>
  </testcase>
  <testcase name="microcoinScaleTest[706]" classname="org.bitcoinj.utils.BtcFormatTest" time="0.0"/>
  <testcase name="parseMetricTest[706]" classname="org.bitcoinj.utils.BtcFormatTest" time="0.001"/>
  <testcase name="coinScaleTest[706]" classname="org.bitcoinj.utils.BtcFormatTest" time="0.0"/>
  <testcase name="builderTest[706]" classname="org.bitcoinj.utils.BtcFormatTest" time="0.0">
    <skipped/>
  </testcase>
  <testcase name="attributeTest[706]" classname="org.bitcoinj.utils.BtcFormatTest" time="0.0">
    <skipped/>
  </testcase>
  <testcase name="prefixTest[706]" classname="org.bitcoinj.utils.BtcFormatTest" time="0.001"/>
  <testcase name="suffixTest[706]" classname="org.bitcoinj.utils.BtcFormatTest" time="0.0">
    <skipped/>
  </testcase>
  <testcase name="autoDecimalTest[706]" classname="org.bitcoinj.utils.BtcFormatTest" time="0.0"/>
  <testcase name="symbolCollisionTest[706]" classname="org.bitcoinj.utils.BtcFormatTest" time="0.002"/>
  <testcase name="equalityTest[706]" classname="org.bitcoinj.utils.BtcFormatTest" time="0.001"/>
  <testcase name="columnAlignmentTest[706]" classname="org.bitcoinj.utils.BtcFormatTest" time="0.0"/>
  <testcase name="factoryTest[706]" classname="org.bitcoinj.utils.BtcFormatTest" time="0.0"/>
  <testcase name="parse[706]" classname="org.bitcoinj.utils.BtcFormatTest" time="0.0"/>
  <testcase name="btcRounding[706]" classname="org.bitcoinj.utils.BtcFormatTest" time="0.001"/>
  <testcase name="negativeTest[706]" classname="org.bitcoinj.utils.BtcFormatTest" time="0.0">
    <skipped/>
  </testcase>
  <testcase name="millicoinScaleTest[706]" classname="org.bitcoinj.utils.BtcFormatTest" time="0.0"/>
  <testcase name="toStringTest[706]" classname="org.bitcoinj.utils.BtcFormatTest" time="0.0">
    <skipped/>
  </testcase>
  <testcase name="testGrouping[706]" classname="org.bitcoinj.utils.BtcFormatTest" time="0.0"/>
  <testcase name="symbolsCodesTest[706]" classname="org.bitcoinj.utils.BtcFormatTest" time="0.001"/>
  <testcase name="defaultLocaleTest[706]" classname="org.bitcoinj.utils.BtcFormatTest" time="0.0"/>
  <testcase name="parsePositionTest[706]" classname="org.bitcoinj.utils.BtcFormatTest" time="0.0"/>
  <testcase name="argumentTypeTest[706]" classname="org.bitcoinj.utils.BtcFormatTest" time="0.0">
    <skipped/>
  </testcase>
  <testcase name="characterIteratorTest[706]" classname="org.bitcoinj.utils.BtcFormatTest" time="0.0"/>
  <testcase name="repeatingPlaceTest[706]" classname="org.bitcoinj.utils.BtcFormatTest" time="0.001"/>
  <testcase name="currencyCodeTest[706]" classname="org.bitcoinj.utils.BtcFormatTest" time="0.0">
    <skipped/>
  </testcase>
  <testcase name="patternDecimalPlaces[706]" classname="org.bitcoinj.utils.BtcFormatTest" time="0.0"/>
  <testcase name="factoryArgumentsTest[707]" classname="org.bitcoinj.utils.BtcFormatTest" time="0.001"/>
  <testcase name="parseTest[707]" classname="org.bitcoinj.utils.BtcFormatTest" time="0.0">
    <skipped/>
  </testcase>
  <testcase name="microcoinScaleTest[707]" classname="org.bitcoinj.utils.BtcFormatTest" time="0.0"/>
  <testcase name="parseMetricTest[707]" classname="org.bitcoinj.utils.BtcFormatTest" time="0.001"/>
  <testcase name="coinScaleTest[707]" classname="org.bitcoinj.utils.BtcFormatTest" time="0.0"/>
  <testcase name="builderTest[707]" classname="org.bitcoinj.utils.BtcFormatTest" time="0.0">
    <skipped/>
  </testcase>
  <testcase name="attributeTest[707]" classname="org.bitcoinj.utils.BtcFormatTest" time="0.0">
    <skipped/>
  </testcase>
  <testcase name="prefixTest[707]" classname="org.bitcoinj.utils.BtcFormatTest" time="0.0"/>
  <testcase name="suffixTest[707]" classname="org.bitcoinj.utils.BtcFormatTest" time="0.0">
    <skipped/>
  </testcase>
  <testcase name="autoDecimalTest[707]" classname="org.bitcoinj.utils.BtcFormatTest" time="0.001"/>
  <testcase name="symbolCollisionTest[707]" classname="org.bitcoinj.utils.BtcFormatTest" time="0.001"/>
  <testcase name="equalityTest[707]" classname="org.bitcoinj.utils.BtcFormatTest" time="0.002"/>
  <testcase name="columnAlignmentTest[707]" classname="org.bitcoinj.utils.BtcFormatTest" time="0.0"/>
  <testcase name="factoryTest[707]" classname="org.bitcoinj.utils.BtcFormatTest" time="0.0"/>
  <testcase name="parse[707]" classname="org.bitcoinj.utils.BtcFormatTest" time="0.001"/>
  <testcase name="btcRounding[707]" classname="org.bitcoinj.utils.BtcFormatTest" time="0.001"/>
  <testcase name="negativeTest[707]" classname="org.bitcoinj.utils.BtcFormatTest" time="0.0">
    <skipped/>
  </testcase>
  <testcase name="millicoinScaleTest[707]" classname="org.bitcoinj.utils.BtcFormatTest" time="0.0"/>
  <testcase name="toStringTest[707]" classname="org.bitcoinj.utils.BtcFormatTest" time="0.0">
    <skipped/>
  </testcase>
  <testcase name="testGrouping[707]" classname="org.bitcoinj.utils.BtcFormatTest" time="0.0"/>
  <testcase name="symbolsCodesTest[707]" classname="org.bitcoinj.utils.BtcFormatTest" time="0.001"/>
  <testcase name="defaultLocaleTest[707]" classname="org.bitcoinj.utils.BtcFormatTest" time="0.0"/>
  <testcase name="parsePositionTest[707]" classname="org.bitcoinj.utils.BtcFormatTest" time="0.0"/>
  <testcase name="argumentTypeTest[707]" classname="org.bitcoinj.utils.BtcFormatTest" time="0.0">
    <skipped/>
  </testcase>
  <testcase name="characterIteratorTest[707]" classname="org.bitcoinj.utils.BtcFormatTest" time="0.0"/>
  <testcase name="repeatingPlaceTest[707]" classname="org.bitcoinj.utils.BtcFormatTest" time="0.001"/>
  <testcase name="currencyCodeTest[707]" classname="org.bitcoinj.utils.BtcFormatTest" time="0.0">
    <skipped/>
  </testcase>
  <testcase name="patternDecimalPlaces[707]" classname="org.bitcoinj.utils.BtcFormatTest" time="0.0"/>
  <testcase name="factoryArgumentsTest[708]" classname="org.bitcoinj.utils.BtcFormatTest" time="0.001"/>
  <testcase name="parseTest[708]" classname="org.bitcoinj.utils.BtcFormatTest" time="0.0">
    <skipped/>
  </testcase>
  <testcase name="microcoinScaleTest[708]" classname="org.bitcoinj.utils.BtcFormatTest" time="0.0"/>
  <testcase name="parseMetricTest[708]" classname="org.bitcoinj.utils.BtcFormatTest" time="0.001"/>
  <testcase name="coinScaleTest[708]" classname="org.bitcoinj.utils.BtcFormatTest" time="0.0"/>
  <testcase name="builderTest[708]" classname="org.bitcoinj.utils.BtcFormatTest" time="0.0">
    <skipped/>
  </testcase>
  <testcase name="attributeTest[708]" classname="org.bitcoinj.utils.BtcFormatTest" time="0.0">
    <skipped/>
  </testcase>
  <testcase name="prefixTest[708]" classname="org.bitcoinj.utils.BtcFormatTest" time="0.0"/>
  <testcase name="suffixTest[708]" classname="org.bitcoinj.utils.BtcFormatTest" time="0.0">
    <skipped/>
  </testcase>
  <testcase name="autoDecimalTest[708]" classname="org.bitcoinj.utils.BtcFormatTest" time="0.001"/>
  <testcase name="symbolCollisionTest[708]" classname="org.bitcoinj.utils.BtcFormatTest" time="0.001"/>
  <testcase name="equalityTest[708]" classname="org.bitcoinj.utils.BtcFormatTest" time="0.002"/>
  <testcase name="columnAlignmentTest[708]" classname="org.bitcoinj.utils.BtcFormatTest" time="0.0"/>
  <testcase name="factoryTest[708]" classname="org.bitcoinj.utils.BtcFormatTest" time="0.0"/>
  <testcase name="parse[708]" classname="org.bitcoinj.utils.BtcFormatTest" time="0.0"/>
  <testcase name="btcRounding[708]" classname="org.bitcoinj.utils.BtcFormatTest" time="0.001"/>
  <testcase name="negativeTest[708]" classname="org.bitcoinj.utils.BtcFormatTest" time="0.0">
    <skipped/>
  </testcase>
  <testcase name="millicoinScaleTest[708]" classname="org.bitcoinj.utils.BtcFormatTest" time="0.001"/>
  <testcase name="toStringTest[708]" classname="org.bitcoinj.utils.BtcFormatTest" time="0.0">
    <skipped/>
  </testcase>
  <testcase name="testGrouping[708]" classname="org.bitcoinj.utils.BtcFormatTest" time="0.0"/>
  <testcase name="symbolsCodesTest[708]" classname="org.bitcoinj.utils.BtcFormatTest" time="0.0"/>
  <testcase name="defaultLocaleTest[708]" classname="org.bitcoinj.utils.BtcFormatTest" time="0.001"/>
  <testcase name="parsePositionTest[708]" classname="org.bitcoinj.utils.BtcFormatTest" time="0.0"/>
  <testcase name="argumentTypeTest[708]" classname="org.bitcoinj.utils.BtcFormatTest" time="0.0">
    <skipped/>
  </testcase>
  <testcase name="characterIteratorTest[708]" classname="org.bitcoinj.utils.BtcFormatTest" time="0.0"/>
  <testcase name="repeatingPlaceTest[708]" classname="org.bitcoinj.utils.BtcFormatTest" time="0.0"/>
  <testcase name="currencyCodeTest[708]" classname="org.bitcoinj.utils.BtcFormatTest" time="0.0">
    <skipped/>
  </testcase>
  <testcase name="patternDecimalPlaces[708]" classname="org.bitcoinj.utils.BtcFormatTest" time="0.0"/>
  <testcase name="factoryArgumentsTest[709]" classname="org.bitcoinj.utils.BtcFormatTest" time="0.001"/>
  <testcase name="parseTest[709]" classname="org.bitcoinj.utils.BtcFormatTest" time="0.0">
    <skipped/>
  </testcase>
  <testcase name="microcoinScaleTest[709]" classname="org.bitcoinj.utils.BtcFormatTest" time="0.0"/>
  <testcase name="parseMetricTest[709]" classname="org.bitcoinj.utils.BtcFormatTest" time="0.001"/>
  <testcase name="coinScaleTest[709]" classname="org.bitcoinj.utils.BtcFormatTest" time="0.0"/>
  <testcase name="builderTest[709]" classname="org.bitcoinj.utils.BtcFormatTest" time="0.0">
    <skipped/>
  </testcase>
  <testcase name="attributeTest[709]" classname="org.bitcoinj.utils.BtcFormatTest" time="0.0">
    <skipped/>
  </testcase>
  <testcase name="prefixTest[709]" classname="org.bitcoinj.utils.BtcFormatTest" time="0.0"/>
  <testcase name="suffixTest[709]" classname="org.bitcoinj.utils.BtcFormatTest" time="0.0">
    <skipped/>
  </testcase>
  <testcase name="autoDecimalTest[709]" classname="org.bitcoinj.utils.BtcFormatTest" time="0.001"/>
  <testcase name="symbolCollisionTest[709]" classname="org.bitcoinj.utils.BtcFormatTest" time="0.002"/>
  <testcase name="equalityTest[709]" classname="org.bitcoinj.utils.BtcFormatTest" time="0.001"/>
  <testcase name="columnAlignmentTest[709]" classname="org.bitcoinj.utils.BtcFormatTest" time="0.0"/>
  <testcase name="factoryTest[709]" classname="org.bitcoinj.utils.BtcFormatTest" time="0.001"/>
  <testcase name="parse[709]" classname="org.bitcoinj.utils.BtcFormatTest" time="0.0"/>
  <testcase name="btcRounding[709]" classname="org.bitcoinj.utils.BtcFormatTest" time="0.001"/>
  <testcase name="negativeTest[709]" classname="org.bitcoinj.utils.BtcFormatTest" time="0.0">
    <skipped/>
  </testcase>
  <testcase name="millicoinScaleTest[709]" classname="org.bitcoinj.utils.BtcFormatTest" time="0.0"/>
  <testcase name="toStringTest[709]" classname="org.bitcoinj.utils.BtcFormatTest" time="0.0">
    <skipped/>
  </testcase>
  <testcase name="testGrouping[709]" classname="org.bitcoinj.utils.BtcFormatTest" time="0.0"/>
  <testcase name="symbolsCodesTest[709]" classname="org.bitcoinj.utils.BtcFormatTest" time="0.001"/>
  <testcase name="defaultLocaleTest[709]" classname="org.bitcoinj.utils.BtcFormatTest" time="0.0"/>
  <testcase name="parsePositionTest[709]" classname="org.bitcoinj.utils.BtcFormatTest" time="0.0"/>
  <testcase name="argumentTypeTest[709]" classname="org.bitcoinj.utils.BtcFormatTest" time="0.0">
    <skipped/>
  </testcase>
  <testcase name="characterIteratorTest[709]" classname="org.bitcoinj.utils.BtcFormatTest" time="0.0"/>
  <testcase name="repeatingPlaceTest[709]" classname="org.bitcoinj.utils.BtcFormatTest" time="0.001"/>
  <testcase name="currencyCodeTest[709]" classname="org.bitcoinj.utils.BtcFormatTest" time="0.0">
    <skipped/>
  </testcase>
  <testcase name="patternDecimalPlaces[709]" classname="org.bitcoinj.utils.BtcFormatTest" time="0.0"/>
  <testcase name="factoryArgumentsTest[710]" classname="org.bitcoinj.utils.BtcFormatTest" time="0.001"/>
  <testcase name="parseTest[710]" classname="org.bitcoinj.utils.BtcFormatTest" time="0.0">
    <skipped/>
  </testcase>
  <testcase name="microcoinScaleTest[710]" classname="org.bitcoinj.utils.BtcFormatTest" time="0.0"/>
  <testcase name="parseMetricTest[710]" classname="org.bitcoinj.utils.BtcFormatTest" time="0.001"/>
  <testcase name="coinScaleTest[710]" classname="org.bitcoinj.utils.BtcFormatTest" time="0.0"/>
  <testcase name="builderTest[710]" classname="org.bitcoinj.utils.BtcFormatTest" time="0.0">
    <skipped/>
  </testcase>
  <testcase name="attributeTest[710]" classname="org.bitcoinj.utils.BtcFormatTest" time="0.0">
    <skipped/>
  </testcase>
  <testcase name="prefixTest[710]" classname="org.bitcoinj.utils.BtcFormatTest" time="0.0"/>
  <testcase name="suffixTest[710]" classname="org.bitcoinj.utils.BtcFormatTest" time="0.0">
    <skipped/>
  </testcase>
  <testcase name="autoDecimalTest[710]" classname="org.bitcoinj.utils.BtcFormatTest" time="0.001"/>
  <testcase name="symbolCollisionTest[710]" classname="org.bitcoinj.utils.BtcFormatTest" time="0.002"/>
  <testcase name="equalityTest[710]" classname="org.bitcoinj.utils.BtcFormatTest" time="0.001"/>
  <testcase name="columnAlignmentTest[710]" classname="org.bitcoinj.utils.BtcFormatTest" time="0.001"/>
  <testcase name="factoryTest[710]" classname="org.bitcoinj.utils.BtcFormatTest" time="0.0"/>
  <testcase name="parse[710]" classname="org.bitcoinj.utils.BtcFormatTest" time="0.0"/>
  <testcase name="btcRounding[710]" classname="org.bitcoinj.utils.BtcFormatTest" time="0.001"/>
  <testcase name="negativeTest[710]" classname="org.bitcoinj.utils.BtcFormatTest" time="0.0">
    <skipped/>
  </testcase>
  <testcase name="millicoinScaleTest[710]" classname="org.bitcoinj.utils.BtcFormatTest" time="0.0"/>
  <testcase name="toStringTest[710]" classname="org.bitcoinj.utils.BtcFormatTest" time="0.0">
    <skipped/>
  </testcase>
  <testcase name="testGrouping[710]" classname="org.bitcoinj.utils.BtcFormatTest" time="0.0"/>
  <testcase name="symbolsCodesTest[710]" classname="org.bitcoinj.utils.BtcFormatTest" time="0.001"/>
  <testcase name="defaultLocaleTest[710]" classname="org.bitcoinj.utils.BtcFormatTest" time="0.0"/>
  <testcase name="parsePositionTest[710]" classname="org.bitcoinj.utils.BtcFormatTest" time="0.0"/>
  <testcase name="argumentTypeTest[710]" classname="org.bitcoinj.utils.BtcFormatTest" time="0.0">
    <skipped/>
  </testcase>
  <testcase name="characterIteratorTest[710]" classname="org.bitcoinj.utils.BtcFormatTest" time="0.001"/>
  <testcase name="repeatingPlaceTest[710]" classname="org.bitcoinj.utils.BtcFormatTest" time="0.0"/>
  <testcase name="currencyCodeTest[710]" classname="org.bitcoinj.utils.BtcFormatTest" time="0.0">
    <skipped/>
  </testcase>
  <testcase name="patternDecimalPlaces[710]" classname="org.bitcoinj.utils.BtcFormatTest" time="0.0"/>
  <testcase name="factoryArgumentsTest[711]" classname="org.bitcoinj.utils.BtcFormatTest" time="0.001"/>
  <testcase name="parseTest[711]" classname="org.bitcoinj.utils.BtcFormatTest" time="0.0">
    <skipped/>
  </testcase>
  <testcase name="microcoinScaleTest[711]" classname="org.bitcoinj.utils.BtcFormatTest" time="0.0"/>
  <testcase name="parseMetricTest[711]" classname="org.bitcoinj.utils.BtcFormatTest" time="0.001"/>
  <testcase name="coinScaleTest[711]" classname="org.bitcoinj.utils.BtcFormatTest" time="0.0"/>
  <testcase name="builderTest[711]" classname="org.bitcoinj.utils.BtcFormatTest" time="0.0">
    <skipped/>
  </testcase>
  <testcase name="attributeTest[711]" classname="org.bitcoinj.utils.BtcFormatTest" time="0.0">
    <skipped/>
  </testcase>
  <testcase name="prefixTest[711]" classname="org.bitcoinj.utils.BtcFormatTest" time="0.0"/>
  <testcase name="suffixTest[711]" classname="org.bitcoinj.utils.BtcFormatTest" time="0.0">
    <skipped/>
  </testcase>
  <testcase name="autoDecimalTest[711]" classname="org.bitcoinj.utils.BtcFormatTest" time="0.001"/>
  <testcase name="symbolCollisionTest[711]" classname="org.bitcoinj.utils.BtcFormatTest" time="0.001"/>
  <testcase name="equalityTest[711]" classname="org.bitcoinj.utils.BtcFormatTest" time="0.002"/>
  <testcase name="columnAlignmentTest[711]" classname="org.bitcoinj.utils.BtcFormatTest" time="0.0"/>
  <testcase name="factoryTest[711]" classname="org.bitcoinj.utils.BtcFormatTest" time="0.0"/>
  <testcase name="parse[711]" classname="org.bitcoinj.utils.BtcFormatTest" time="0.0"/>
  <testcase name="btcRounding[711]" classname="org.bitcoinj.utils.BtcFormatTest" time="0.002"/>
  <testcase name="negativeTest[711]" classname="org.bitcoinj.utils.BtcFormatTest" time="0.0">
    <skipped/>
  </testcase>
  <testcase name="millicoinScaleTest[711]" classname="org.bitcoinj.utils.BtcFormatTest" time="0.001"/>
  <testcase name="toStringTest[711]" classname="org.bitcoinj.utils.BtcFormatTest" time="0.0">
    <skipped/>
  </testcase>
  <testcase name="testGrouping[711]" classname="org.bitcoinj.utils.BtcFormatTest" time="0.0"/>
  <testcase name="symbolsCodesTest[711]" classname="org.bitcoinj.utils.BtcFormatTest" time="0.001"/>
  <testcase name="defaultLocaleTest[711]" classname="org.bitcoinj.utils.BtcFormatTest" time="0.0"/>
  <testcase name="parsePositionTest[711]" classname="org.bitcoinj.utils.BtcFormatTest" time="0.0"/>
  <testcase name="argumentTypeTest[711]" classname="org.bitcoinj.utils.BtcFormatTest" time="0.0">
    <skipped/>
  </testcase>
  <testcase name="characterIteratorTest[711]" classname="org.bitcoinj.utils.BtcFormatTest" time="0.0"/>
  <testcase name="repeatingPlaceTest[711]" classname="org.bitcoinj.utils.BtcFormatTest" time="0.001"/>
  <testcase name="currencyCodeTest[711]" classname="org.bitcoinj.utils.BtcFormatTest" time="0.0">
    <skipped/>
  </testcase>
  <testcase name="patternDecimalPlaces[711]" classname="org.bitcoinj.utils.BtcFormatTest" time="0.0"/>
  <testcase name="factoryArgumentsTest[712]" classname="org.bitcoinj.utils.BtcFormatTest" time="0.004"/>
  <testcase name="parseTest[712]" classname="org.bitcoinj.utils.BtcFormatTest" time="0.0">
    <skipped/>
  </testcase>
  <testcase name="microcoinScaleTest[712]" classname="org.bitcoinj.utils.BtcFormatTest" time="0.0"/>
  <testcase name="parseMetricTest[712]" classname="org.bitcoinj.utils.BtcFormatTest" time="0.001"/>
  <testcase name="coinScaleTest[712]" classname="org.bitcoinj.utils.BtcFormatTest" time="0.0"/>
  <testcase name="builderTest[712]" classname="org.bitcoinj.utils.BtcFormatTest" time="0.0">
    <skipped/>
  </testcase>
  <testcase name="attributeTest[712]" classname="org.bitcoinj.utils.BtcFormatTest" time="0.0">
    <skipped/>
  </testcase>
  <testcase name="prefixTest[712]" classname="org.bitcoinj.utils.BtcFormatTest" time="0.0"/>
  <testcase name="suffixTest[712]" classname="org.bitcoinj.utils.BtcFormatTest" time="0.0">
    <skipped/>
  </testcase>
  <testcase name="autoDecimalTest[712]" classname="org.bitcoinj.utils.BtcFormatTest" time="0.001"/>
  <testcase name="symbolCollisionTest[712]" classname="org.bitcoinj.utils.BtcFormatTest" time="0.002"/>
  <testcase name="equalityTest[712]" classname="org.bitcoinj.utils.BtcFormatTest" time="0.002"/>
  <testcase name="columnAlignmentTest[712]" classname="org.bitcoinj.utils.BtcFormatTest" time="0.001"/>
  <testcase name="factoryTest[712]" classname="org.bitcoinj.utils.BtcFormatTest" time="0.0"/>
  <testcase name="parse[712]" classname="org.bitcoinj.utils.BtcFormatTest" time="0.0"/>
  <testcase name="btcRounding[712]" classname="org.bitcoinj.utils.BtcFormatTest" time="0.001"/>
  <testcase name="negativeTest[712]" classname="org.bitcoinj.utils.BtcFormatTest" time="0.0">
    <skipped/>
  </testcase>
  <testcase name="millicoinScaleTest[712]" classname="org.bitcoinj.utils.BtcFormatTest" time="0.0"/>
  <testcase name="toStringTest[712]" classname="org.bitcoinj.utils.BtcFormatTest" time="0.0">
    <skipped/>
  </testcase>
  <testcase name="testGrouping[712]" classname="org.bitcoinj.utils.BtcFormatTest" time="0.001"/>
  <testcase name="symbolsCodesTest[712]" classname="org.bitcoinj.utils.BtcFormatTest" time="0.0"/>
  <testcase name="defaultLocaleTest[712]" classname="org.bitcoinj.utils.BtcFormatTest" time="0.0"/>
  <testcase name="parsePositionTest[712]" classname="org.bitcoinj.utils.BtcFormatTest" time="0.001"/>
  <testcase name="argumentTypeTest[712]" classname="org.bitcoinj.utils.BtcFormatTest" time="0.0">
    <skipped/>
  </testcase>
  <testcase name="characterIteratorTest[712]" classname="org.bitcoinj.utils.BtcFormatTest" time="0.0"/>
  <testcase name="repeatingPlaceTest[712]" classname="org.bitcoinj.utils.BtcFormatTest" time="0.0"/>
  <testcase name="currencyCodeTest[712]" classname="org.bitcoinj.utils.BtcFormatTest" time="0.0">
    <skipped/>
  </testcase>
  <testcase name="patternDecimalPlaces[712]" classname="org.bitcoinj.utils.BtcFormatTest" time="0.0"/>
  <testcase name="factoryArgumentsTest[713]" classname="org.bitcoinj.utils.BtcFormatTest" time="0.001"/>
  <testcase name="parseTest[713]" classname="org.bitcoinj.utils.BtcFormatTest" time="0.0">
    <skipped/>
  </testcase>
  <testcase name="microcoinScaleTest[713]" classname="org.bitcoinj.utils.BtcFormatTest" time="0.0"/>
  <testcase name="parseMetricTest[713]" classname="org.bitcoinj.utils.BtcFormatTest" time="0.001"/>
  <testcase name="coinScaleTest[713]" classname="org.bitcoinj.utils.BtcFormatTest" time="0.0"/>
  <testcase name="builderTest[713]" classname="org.bitcoinj.utils.BtcFormatTest" time="0.0">
    <skipped/>
  </testcase>
  <testcase name="attributeTest[713]" classname="org.bitcoinj.utils.BtcFormatTest" time="0.0">
    <skipped/>
  </testcase>
  <testcase name="prefixTest[713]" classname="org.bitcoinj.utils.BtcFormatTest" time="0.0"/>
  <testcase name="suffixTest[713]" classname="org.bitcoinj.utils.BtcFormatTest" time="0.0">
    <skipped/>
  </testcase>
  <testcase name="autoDecimalTest[713]" classname="org.bitcoinj.utils.BtcFormatTest" time="0.001"/>
  <testcase name="symbolCollisionTest[713]" classname="org.bitcoinj.utils.BtcFormatTest" time="0.002"/>
  <testcase name="equalityTest[713]" classname="org.bitcoinj.utils.BtcFormatTest" time="0.003"/>
  <testcase name="columnAlignmentTest[713]" classname="org.bitcoinj.utils.BtcFormatTest" time="0.0"/>
  <testcase name="factoryTest[713]" classname="org.bitcoinj.utils.BtcFormatTest" time="0.0"/>
  <testcase name="parse[713]" classname="org.bitcoinj.utils.BtcFormatTest" time="0.001"/>
  <testcase name="btcRounding[713]" classname="org.bitcoinj.utils.BtcFormatTest" time="0.001"/>
  <testcase name="negativeTest[713]" classname="org.bitcoinj.utils.BtcFormatTest" time="0.0">
    <skipped/>
  </testcase>
  <testcase name="millicoinScaleTest[713]" classname="org.bitcoinj.utils.BtcFormatTest" time="0.0"/>
  <testcase name="toStringTest[713]" classname="org.bitcoinj.utils.BtcFormatTest" time="0.0">
    <skipped/>
  </testcase>
  <testcase name="testGrouping[713]" classname="org.bitcoinj.utils.BtcFormatTest" time="0.0"/>
  <testcase name="symbolsCodesTest[713]" classname="org.bitcoinj.utils.BtcFormatTest" time="0.001"/>
  <testcase name="defaultLocaleTest[713]" classname="org.bitcoinj.utils.BtcFormatTest" time="0.0"/>
  <testcase name="parsePositionTest[713]" classname="org.bitcoinj.utils.BtcFormatTest" time="0.0"/>
  <testcase name="argumentTypeTest[713]" classname="org.bitcoinj.utils.BtcFormatTest" time="0.0">
    <skipped/>
  </testcase>
  <testcase name="characterIteratorTest[713]" classname="org.bitcoinj.utils.BtcFormatTest" time="0.0"/>
  <testcase name="repeatingPlaceTest[713]" classname="org.bitcoinj.utils.BtcFormatTest" time="0.001"/>
  <testcase name="currencyCodeTest[713]" classname="org.bitcoinj.utils.BtcFormatTest" time="0.0">
    <skipped/>
  </testcase>
  <testcase name="patternDecimalPlaces[713]" classname="org.bitcoinj.utils.BtcFormatTest" time="0.0"/>
  <testcase name="factoryArgumentsTest[714]" classname="org.bitcoinj.utils.BtcFormatTest" time="0.0"/>
  <testcase name="parseTest[714]" classname="org.bitcoinj.utils.BtcFormatTest" time="0.0">
    <skipped/>
  </testcase>
  <testcase name="microcoinScaleTest[714]" classname="org.bitcoinj.utils.BtcFormatTest" time="0.001"/>
  <testcase name="parseMetricTest[714]" classname="org.bitcoinj.utils.BtcFormatTest" time="0.001"/>
  <testcase name="coinScaleTest[714]" classname="org.bitcoinj.utils.BtcFormatTest" time="0.0"/>
  <testcase name="builderTest[714]" classname="org.bitcoinj.utils.BtcFormatTest" time="0.0">
    <skipped/>
  </testcase>
  <testcase name="attributeTest[714]" classname="org.bitcoinj.utils.BtcFormatTest" time="0.0">
    <skipped/>
  </testcase>
  <testcase name="prefixTest[714]" classname="org.bitcoinj.utils.BtcFormatTest" time="0.0"/>
  <testcase name="suffixTest[714]" classname="org.bitcoinj.utils.BtcFormatTest" time="0.0">
    <skipped/>
  </testcase>
  <testcase name="autoDecimalTest[714]" classname="org.bitcoinj.utils.BtcFormatTest" time="0.001"/>
  <testcase name="symbolCollisionTest[714]" classname="org.bitcoinj.utils.BtcFormatTest" time="0.001"/>
  <testcase name="equalityTest[714]" classname="org.bitcoinj.utils.BtcFormatTest" time="0.002"/>
  <testcase name="columnAlignmentTest[714]" classname="org.bitcoinj.utils.BtcFormatTest" time="0.0"/>
  <testcase name="factoryTest[714]" classname="org.bitcoinj.utils.BtcFormatTest" time="0.0"/>
  <testcase name="parse[714]" classname="org.bitcoinj.utils.BtcFormatTest" time="0.0"/>
  <testcase name="btcRounding[714]" classname="org.bitcoinj.utils.BtcFormatTest" time="0.001"/>
  <testcase name="negativeTest[714]" classname="org.bitcoinj.utils.BtcFormatTest" time="0.0">
    <skipped/>
  </testcase>
  <testcase name="millicoinScaleTest[714]" classname="org.bitcoinj.utils.BtcFormatTest" time="0.0"/>
  <testcase name="toStringTest[714]" classname="org.bitcoinj.utils.BtcFormatTest" time="0.0">
    <skipped/>
  </testcase>
  <testcase name="testGrouping[714]" classname="org.bitcoinj.utils.BtcFormatTest" time="0.0"/>
  <testcase name="symbolsCodesTest[714]" classname="org.bitcoinj.utils.BtcFormatTest" time="0.001"/>
  <testcase name="defaultLocaleTest[714]" classname="org.bitcoinj.utils.BtcFormatTest" time="0.001"/>
  <testcase name="parsePositionTest[714]" classname="org.bitcoinj.utils.BtcFormatTest" time="0.0"/>
  <testcase name="argumentTypeTest[714]" classname="org.bitcoinj.utils.BtcFormatTest" time="0.0">
    <skipped/>
  </testcase>
  <testcase name="characterIteratorTest[714]" classname="org.bitcoinj.utils.BtcFormatTest" time="0.0"/>
  <testcase name="repeatingPlaceTest[714]" classname="org.bitcoinj.utils.BtcFormatTest" time="0.001"/>
  <testcase name="currencyCodeTest[714]" classname="org.bitcoinj.utils.BtcFormatTest" time="0.0">
    <skipped/>
  </testcase>
  <testcase name="patternDecimalPlaces[714]" classname="org.bitcoinj.utils.BtcFormatTest" time="0.0"/>
  <testcase name="factoryArgumentsTest[715]" classname="org.bitcoinj.utils.BtcFormatTest" time="0.001"/>
  <testcase name="parseTest[715]" classname="org.bitcoinj.utils.BtcFormatTest" time="0.0">
    <skipped/>
  </testcase>
  <testcase name="microcoinScaleTest[715]" classname="org.bitcoinj.utils.BtcFormatTest" time="0.0"/>
  <testcase name="parseMetricTest[715]" classname="org.bitcoinj.utils.BtcFormatTest" time="0.001"/>
  <testcase name="coinScaleTest[715]" classname="org.bitcoinj.utils.BtcFormatTest" time="0.0"/>
  <testcase name="builderTest[715]" classname="org.bitcoinj.utils.BtcFormatTest" time="0.0">
    <skipped/>
  </testcase>
  <testcase name="attributeTest[715]" classname="org.bitcoinj.utils.BtcFormatTest" time="0.0">
    <skipped/>
  </testcase>
  <testcase name="prefixTest[715]" classname="org.bitcoinj.utils.BtcFormatTest" time="0.001"/>
  <testcase name="suffixTest[715]" classname="org.bitcoinj.utils.BtcFormatTest" time="0.0">
    <skipped/>
  </testcase>
  <testcase name="autoDecimalTest[715]" classname="org.bitcoinj.utils.BtcFormatTest" time="0.0"/>
  <testcase name="symbolCollisionTest[715]" classname="org.bitcoinj.utils.BtcFormatTest" time="0.002"/>
  <testcase name="equalityTest[715]" classname="org.bitcoinj.utils.BtcFormatTest" time="0.002"/>
  <testcase name="columnAlignmentTest[715]" classname="org.bitcoinj.utils.BtcFormatTest" time="0.0"/>
  <testcase name="factoryTest[715]" classname="org.bitcoinj.utils.BtcFormatTest" time="0.0"/>
  <testcase name="parse[715]" classname="org.bitcoinj.utils.BtcFormatTest" time="0.0"/>
  <testcase name="btcRounding[715]" classname="org.bitcoinj.utils.BtcFormatTest" time="0.002"/>
  <testcase name="negativeTest[715]" classname="org.bitcoinj.utils.BtcFormatTest" time="0.0">
    <skipped/>
  </testcase>
  <testcase name="millicoinScaleTest[715]" classname="org.bitcoinj.utils.BtcFormatTest" time="0.0"/>
  <testcase name="toStringTest[715]" classname="org.bitcoinj.utils.BtcFormatTest" time="0.0">
    <skipped/>
  </testcase>
  <testcase name="testGrouping[715]" classname="org.bitcoinj.utils.BtcFormatTest" time="0.001"/>
  <testcase name="symbolsCodesTest[715]" classname="org.bitcoinj.utils.BtcFormatTest" time="0.0"/>
  <testcase name="defaultLocaleTest[715]" classname="org.bitcoinj.utils.BtcFormatTest" time="0.0"/>
  <testcase name="parsePositionTest[715]" classname="org.bitcoinj.utils.BtcFormatTest" time="0.001"/>
  <testcase name="argumentTypeTest[715]" classname="org.bitcoinj.utils.BtcFormatTest" time="0.0">
    <skipped/>
  </testcase>
  <testcase name="characterIteratorTest[715]" classname="org.bitcoinj.utils.BtcFormatTest" time="0.0"/>
  <testcase name="repeatingPlaceTest[715]" classname="org.bitcoinj.utils.BtcFormatTest" time="0.0"/>
  <testcase name="currencyCodeTest[715]" classname="org.bitcoinj.utils.BtcFormatTest" time="0.0">
    <skipped/>
  </testcase>
  <testcase name="patternDecimalPlaces[715]" classname="org.bitcoinj.utils.BtcFormatTest" time="0.0"/>
  <testcase name="factoryArgumentsTest[716]" classname="org.bitcoinj.utils.BtcFormatTest" time="0.001"/>
  <testcase name="parseTest[716]" classname="org.bitcoinj.utils.BtcFormatTest" time="0.0">
    <skipped/>
  </testcase>
  <testcase name="microcoinScaleTest[716]" classname="org.bitcoinj.utils.BtcFormatTest" time="0.0"/>
  <testcase name="parseMetricTest[716]" classname="org.bitcoinj.utils.BtcFormatTest" time="0.001"/>
  <testcase name="coinScaleTest[716]" classname="org.bitcoinj.utils.BtcFormatTest" time="0.0"/>
  <testcase name="builderTest[716]" classname="org.bitcoinj.utils.BtcFormatTest" time="0.0">
    <skipped/>
  </testcase>
  <testcase name="attributeTest[716]" classname="org.bitcoinj.utils.BtcFormatTest" time="0.0">
    <skipped/>
  </testcase>
  <testcase name="prefixTest[716]" classname="org.bitcoinj.utils.BtcFormatTest" time="0.001"/>
  <testcase name="suffixTest[716]" classname="org.bitcoinj.utils.BtcFormatTest" time="0.0">
    <skipped/>
  </testcase>
  <testcase name="autoDecimalTest[716]" classname="org.bitcoinj.utils.BtcFormatTest" time="0.0"/>
  <testcase name="symbolCollisionTest[716]" classname="org.bitcoinj.utils.BtcFormatTest" time="0.002"/>
  <testcase name="equalityTest[716]" classname="org.bitcoinj.utils.BtcFormatTest" time="0.001"/>
  <testcase name="columnAlignmentTest[716]" classname="org.bitcoinj.utils.BtcFormatTest" time="0.001"/>
  <testcase name="factoryTest[716]" classname="org.bitcoinj.utils.BtcFormatTest" time="0.0"/>
  <testcase name="parse[716]" classname="org.bitcoinj.utils.BtcFormatTest" time="0.0"/>
  <testcase name="btcRounding[716]" classname="org.bitcoinj.utils.BtcFormatTest" time="0.001"/>
  <testcase name="negativeTest[716]" classname="org.bitcoinj.utils.BtcFormatTest" time="0.0">
    <skipped/>
  </testcase>
  <testcase name="millicoinScaleTest[716]" classname="org.bitcoinj.utils.BtcFormatTest" time="0.0"/>
  <testcase name="toStringTest[716]" classname="org.bitcoinj.utils.BtcFormatTest" time="0.0">
    <skipped/>
  </testcase>
  <testcase name="testGrouping[716]" classname="org.bitcoinj.utils.BtcFormatTest" time="0.001"/>
  <testcase name="symbolsCodesTest[716]" classname="org.bitcoinj.utils.BtcFormatTest" time="0.0"/>
  <testcase name="defaultLocaleTest[716]" classname="org.bitcoinj.utils.BtcFormatTest" time="0.0"/>
  <testcase name="parsePositionTest[716]" classname="org.bitcoinj.utils.BtcFormatTest" time="0.001"/>
  <testcase name="argumentTypeTest[716]" classname="org.bitcoinj.utils.BtcFormatTest" time="0.0">
    <skipped/>
  </testcase>
  <testcase name="characterIteratorTest[716]" classname="org.bitcoinj.utils.BtcFormatTest" time="0.0"/>
  <testcase name="repeatingPlaceTest[716]" classname="org.bitcoinj.utils.BtcFormatTest" time="0.0"/>
  <testcase name="currencyCodeTest[716]" classname="org.bitcoinj.utils.BtcFormatTest" time="0.0">
    <skipped/>
  </testcase>
  <testcase name="patternDecimalPlaces[716]" classname="org.bitcoinj.utils.BtcFormatTest" time="0.0"/>
  <testcase name="factoryArgumentsTest[717]" classname="org.bitcoinj.utils.BtcFormatTest" time="0.001"/>
  <testcase name="parseTest[717]" classname="org.bitcoinj.utils.BtcFormatTest" time="0.0">
    <skipped/>
  </testcase>
  <testcase name="microcoinScaleTest[717]" classname="org.bitcoinj.utils.BtcFormatTest" time="0.0"/>
  <testcase name="parseMetricTest[717]" classname="org.bitcoinj.utils.BtcFormatTest" time="0.001"/>
  <testcase name="coinScaleTest[717]" classname="org.bitcoinj.utils.BtcFormatTest" time="0.0"/>
  <testcase name="builderTest[717]" classname="org.bitcoinj.utils.BtcFormatTest" time="0.0">
    <skipped/>
  </testcase>
  <testcase name="attributeTest[717]" classname="org.bitcoinj.utils.BtcFormatTest" time="0.0">
    <skipped/>
  </testcase>
  <testcase name="prefixTest[717]" classname="org.bitcoinj.utils.BtcFormatTest" time="0.0"/>
  <testcase name="suffixTest[717]" classname="org.bitcoinj.utils.BtcFormatTest" time="0.0">
    <skipped/>
  </testcase>
  <testcase name="autoDecimalTest[717]" classname="org.bitcoinj.utils.BtcFormatTest" time="0.001"/>
  <testcase name="symbolCollisionTest[717]" classname="org.bitcoinj.utils.BtcFormatTest" time="0.002"/>
  <testcase name="equalityTest[717]" classname="org.bitcoinj.utils.BtcFormatTest" time="0.001"/>
  <testcase name="columnAlignmentTest[717]" classname="org.bitcoinj.utils.BtcFormatTest" time="0.001"/>
  <testcase name="factoryTest[717]" classname="org.bitcoinj.utils.BtcFormatTest" time="0.0"/>
  <testcase name="parse[717]" classname="org.bitcoinj.utils.BtcFormatTest" time="0.0"/>
  <testcase name="btcRounding[717]" classname="org.bitcoinj.utils.BtcFormatTest" time="0.001"/>
  <testcase name="negativeTest[717]" classname="org.bitcoinj.utils.BtcFormatTest" time="0.0">
    <skipped/>
  </testcase>
  <testcase name="millicoinScaleTest[717]" classname="org.bitcoinj.utils.BtcFormatTest" time="0.0"/>
  <testcase name="toStringTest[717]" classname="org.bitcoinj.utils.BtcFormatTest" time="0.0">
    <skipped/>
  </testcase>
  <testcase name="testGrouping[717]" classname="org.bitcoinj.utils.BtcFormatTest" time="0.001"/>
  <testcase name="symbolsCodesTest[717]" classname="org.bitcoinj.utils.BtcFormatTest" time="0.0"/>
  <testcase name="defaultLocaleTest[717]" classname="org.bitcoinj.utils.BtcFormatTest" time="0.0"/>
  <testcase name="parsePositionTest[717]" classname="org.bitcoinj.utils.BtcFormatTest" time="0.001"/>
  <testcase name="argumentTypeTest[717]" classname="org.bitcoinj.utils.BtcFormatTest" time="0.0">
    <skipped/>
  </testcase>
  <testcase name="characterIteratorTest[717]" classname="org.bitcoinj.utils.BtcFormatTest" time="0.0"/>
  <testcase name="repeatingPlaceTest[717]" classname="org.bitcoinj.utils.BtcFormatTest" time="0.0"/>
  <testcase name="currencyCodeTest[717]" classname="org.bitcoinj.utils.BtcFormatTest" time="0.0">
    <skipped/>
  </testcase>
  <testcase name="patternDecimalPlaces[717]" classname="org.bitcoinj.utils.BtcFormatTest" time="0.0"/>
  <testcase name="factoryArgumentsTest[718]" classname="org.bitcoinj.utils.BtcFormatTest" time="0.002"/>
  <testcase name="parseTest[718]" classname="org.bitcoinj.utils.BtcFormatTest" time="0.0">
    <skipped/>
  </testcase>
  <testcase name="microcoinScaleTest[718]" classname="org.bitcoinj.utils.BtcFormatTest" time="0.0"/>
  <testcase name="parseMetricTest[718]" classname="org.bitcoinj.utils.BtcFormatTest" time="0.001"/>
  <testcase name="coinScaleTest[718]" classname="org.bitcoinj.utils.BtcFormatTest" time="0.0"/>
  <testcase name="builderTest[718]" classname="org.bitcoinj.utils.BtcFormatTest" time="0.0">
    <skipped/>
  </testcase>
  <testcase name="attributeTest[718]" classname="org.bitcoinj.utils.BtcFormatTest" time="0.0">
    <skipped/>
  </testcase>
  <testcase name="prefixTest[718]" classname="org.bitcoinj.utils.BtcFormatTest" time="0.0"/>
  <testcase name="suffixTest[718]" classname="org.bitcoinj.utils.BtcFormatTest" time="0.0">
    <skipped/>
  </testcase>
  <testcase name="autoDecimalTest[718]" classname="org.bitcoinj.utils.BtcFormatTest" time="0.001"/>
  <testcase name="symbolCollisionTest[718]" classname="org.bitcoinj.utils.BtcFormatTest" time="0.002"/>
  <testcase name="equalityTest[718]" classname="org.bitcoinj.utils.BtcFormatTest" time="0.001"/>
  <testcase name="columnAlignmentTest[718]" classname="org.bitcoinj.utils.BtcFormatTest" time="0.0"/>
  <testcase name="factoryTest[718]" classname="org.bitcoinj.utils.BtcFormatTest" time="0.001"/>
  <testcase name="parse[718]" classname="org.bitcoinj.utils.BtcFormatTest" time="0.0"/>
  <testcase name="btcRounding[718]" classname="org.bitcoinj.utils.BtcFormatTest" time="0.001"/>
  <testcase name="negativeTest[718]" classname="org.bitcoinj.utils.BtcFormatTest" time="0.0">
    <skipped/>
  </testcase>
  <testcase name="millicoinScaleTest[718]" classname="org.bitcoinj.utils.BtcFormatTest" time="0.0"/>
  <testcase name="toStringTest[718]" classname="org.bitcoinj.utils.BtcFormatTest" time="0.0">
    <skipped/>
  </testcase>
  <testcase name="testGrouping[718]" classname="org.bitcoinj.utils.BtcFormatTest" time="0.0"/>
  <testcase name="symbolsCodesTest[718]" classname="org.bitcoinj.utils.BtcFormatTest" time="0.001"/>
  <testcase name="defaultLocaleTest[718]" classname="org.bitcoinj.utils.BtcFormatTest" time="0.0"/>
  <testcase name="parsePositionTest[718]" classname="org.bitcoinj.utils.BtcFormatTest" time="0.0"/>
  <testcase name="argumentTypeTest[718]" classname="org.bitcoinj.utils.BtcFormatTest" time="0.0">
    <skipped/>
  </testcase>
  <testcase name="characterIteratorTest[718]" classname="org.bitcoinj.utils.BtcFormatTest" time="0.002"/>
  <testcase name="repeatingPlaceTest[718]" classname="org.bitcoinj.utils.BtcFormatTest" time="0.0"/>
  <testcase name="currencyCodeTest[718]" classname="org.bitcoinj.utils.BtcFormatTest" time="0.0">
    <skipped/>
  </testcase>
  <testcase name="patternDecimalPlaces[718]" classname="org.bitcoinj.utils.BtcFormatTest" time="0.0"/>
  <testcase name="factoryArgumentsTest[719]" classname="org.bitcoinj.utils.BtcFormatTest" time="0.001"/>
  <testcase name="parseTest[719]" classname="org.bitcoinj.utils.BtcFormatTest" time="0.0">
    <skipped/>
  </testcase>
  <testcase name="microcoinScaleTest[719]" classname="org.bitcoinj.utils.BtcFormatTest" time="0.0"/>
  <testcase name="parseMetricTest[719]" classname="org.bitcoinj.utils.BtcFormatTest" time="0.001"/>
  <testcase name="coinScaleTest[719]" classname="org.bitcoinj.utils.BtcFormatTest" time="0.0"/>
  <testcase name="builderTest[719]" classname="org.bitcoinj.utils.BtcFormatTest" time="0.0">
    <skipped/>
  </testcase>
  <testcase name="attributeTest[719]" classname="org.bitcoinj.utils.BtcFormatTest" time="0.0">
    <skipped/>
  </testcase>
  <testcase name="prefixTest[719]" classname="org.bitcoinj.utils.BtcFormatTest" time="0.001"/>
  <testcase name="suffixTest[719]" classname="org.bitcoinj.utils.BtcFormatTest" time="0.0">
    <skipped/>
  </testcase>
  <testcase name="autoDecimalTest[719]" classname="org.bitcoinj.utils.BtcFormatTest" time="0.0"/>
  <testcase name="symbolCollisionTest[719]" classname="org.bitcoinj.utils.BtcFormatTest" time="0.003"/>
  <testcase name="equalityTest[719]" classname="org.bitcoinj.utils.BtcFormatTest" time="0.002"/>
  <testcase name="columnAlignmentTest[719]" classname="org.bitcoinj.utils.BtcFormatTest" time="0.0"/>
  <testcase name="factoryTest[719]" classname="org.bitcoinj.utils.BtcFormatTest" time="0.0"/>
  <testcase name="parse[719]" classname="org.bitcoinj.utils.BtcFormatTest" time="0.001"/>
  <testcase name="btcRounding[719]" classname="org.bitcoinj.utils.BtcFormatTest" time="0.001"/>
  <testcase name="negativeTest[719]" classname="org.bitcoinj.utils.BtcFormatTest" time="0.0">
    <skipped/>
  </testcase>
  <testcase name="millicoinScaleTest[719]" classname="org.bitcoinj.utils.BtcFormatTest" time="0.0"/>
  <testcase name="toStringTest[719]" classname="org.bitcoinj.utils.BtcFormatTest" time="0.0">
    <skipped/>
  </testcase>
  <testcase name="testGrouping[719]" classname="org.bitcoinj.utils.BtcFormatTest" time="0.0"/>
  <testcase name="symbolsCodesTest[719]" classname="org.bitcoinj.utils.BtcFormatTest" time="0.001"/>
  <testcase name="defaultLocaleTest[719]" classname="org.bitcoinj.utils.BtcFormatTest" time="0.0"/>
  <testcase name="parsePositionTest[719]" classname="org.bitcoinj.utils.BtcFormatTest" time="0.0"/>
  <testcase name="argumentTypeTest[719]" classname="org.bitcoinj.utils.BtcFormatTest" time="0.0">
    <skipped/>
  </testcase>
  <testcase name="characterIteratorTest[719]" classname="org.bitcoinj.utils.BtcFormatTest" time="0.001"/>
  <testcase name="repeatingPlaceTest[719]" classname="org.bitcoinj.utils.BtcFormatTest" time="0.0"/>
  <testcase name="currencyCodeTest[719]" classname="org.bitcoinj.utils.BtcFormatTest" time="0.0">
    <skipped/>
  </testcase>
  <testcase name="patternDecimalPlaces[719]" classname="org.bitcoinj.utils.BtcFormatTest" time="0.0"/>
  <testcase name="factoryArgumentsTest[720]" classname="org.bitcoinj.utils.BtcFormatTest" time="0.001"/>
  <testcase name="parseTest[720]" classname="org.bitcoinj.utils.BtcFormatTest" time="0.0">
    <skipped/>
  </testcase>
  <testcase name="microcoinScaleTest[720]" classname="org.bitcoinj.utils.BtcFormatTest" time="0.0"/>
  <testcase name="parseMetricTest[720]" classname="org.bitcoinj.utils.BtcFormatTest" time="0.001"/>
  <testcase name="coinScaleTest[720]" classname="org.bitcoinj.utils.BtcFormatTest" time="0.0"/>
  <testcase name="builderTest[720]" classname="org.bitcoinj.utils.BtcFormatTest" time="0.0">
    <skipped/>
  </testcase>
  <testcase name="attributeTest[720]" classname="org.bitcoinj.utils.BtcFormatTest" time="0.0">
    <skipped/>
  </testcase>
  <testcase name="prefixTest[720]" classname="org.bitcoinj.utils.BtcFormatTest" time="0.0"/>
  <testcase name="suffixTest[720]" classname="org.bitcoinj.utils.BtcFormatTest" time="0.0">
    <skipped/>
  </testcase>
  <testcase name="autoDecimalTest[720]" classname="org.bitcoinj.utils.BtcFormatTest" time="0.001"/>
  <testcase name="symbolCollisionTest[720]" classname="org.bitcoinj.utils.BtcFormatTest" time="0.002"/>
  <testcase name="equalityTest[720]" classname="org.bitcoinj.utils.BtcFormatTest" time="0.002"/>
  <testcase name="columnAlignmentTest[720]" classname="org.bitcoinj.utils.BtcFormatTest" time="0.0"/>
  <testcase name="factoryTest[720]" classname="org.bitcoinj.utils.BtcFormatTest" time="0.001"/>
  <testcase name="parse[720]" classname="org.bitcoinj.utils.BtcFormatTest" time="0.0"/>
  <testcase name="btcRounding[720]" classname="org.bitcoinj.utils.BtcFormatTest" time="0.001"/>
  <testcase name="negativeTest[720]" classname="org.bitcoinj.utils.BtcFormatTest" time="0.0">
    <skipped/>
  </testcase>
  <testcase name="millicoinScaleTest[720]" classname="org.bitcoinj.utils.BtcFormatTest" time="0.0"/>
  <testcase name="toStringTest[720]" classname="org.bitcoinj.utils.BtcFormatTest" time="0.001">
    <skipped/>
  </testcase>
  <testcase name="testGrouping[720]" classname="org.bitcoinj.utils.BtcFormatTest" time="0.0"/>
  <testcase name="symbolsCodesTest[720]" classname="org.bitcoinj.utils.BtcFormatTest" time="0.0"/>
  <testcase name="defaultLocaleTest[720]" classname="org.bitcoinj.utils.BtcFormatTest" time="0.001"/>
  <testcase name="parsePositionTest[720]" classname="org.bitcoinj.utils.BtcFormatTest" time="0.0"/>
  <testcase name="argumentTypeTest[720]" classname="org.bitcoinj.utils.BtcFormatTest" time="0.0">
    <skipped/>
  </testcase>
  <testcase name="characterIteratorTest[720]" classname="org.bitcoinj.utils.BtcFormatTest" time="0.0"/>
  <testcase name="repeatingPlaceTest[720]" classname="org.bitcoinj.utils.BtcFormatTest" time="0.0"/>
  <testcase name="currencyCodeTest[720]" classname="org.bitcoinj.utils.BtcFormatTest" time="0.0">
    <skipped/>
  </testcase>
  <testcase name="patternDecimalPlaces[720]" classname="org.bitcoinj.utils.BtcFormatTest" time="0.0"/>
  <testcase name="factoryArgumentsTest[721]" classname="org.bitcoinj.utils.BtcFormatTest" time="0.001"/>
  <testcase name="parseTest[721]" classname="org.bitcoinj.utils.BtcFormatTest" time="0.0">
    <skipped/>
  </testcase>
  <testcase name="microcoinScaleTest[721]" classname="org.bitcoinj.utils.BtcFormatTest" time="0.0"/>
  <testcase name="parseMetricTest[721]" classname="org.bitcoinj.utils.BtcFormatTest" time="0.002"/>
  <testcase name="coinScaleTest[721]" classname="org.bitcoinj.utils.BtcFormatTest" time="0.0"/>
  <testcase name="builderTest[721]" classname="org.bitcoinj.utils.BtcFormatTest" time="0.0">
    <skipped/>
  </testcase>
  <testcase name="attributeTest[721]" classname="org.bitcoinj.utils.BtcFormatTest" time="0.0">
    <skipped/>
  </testcase>
  <testcase name="prefixTest[721]" classname="org.bitcoinj.utils.BtcFormatTest" time="0.0"/>
  <testcase name="suffixTest[721]" classname="org.bitcoinj.utils.BtcFormatTest" time="0.0">
    <skipped/>
  </testcase>
  <testcase name="autoDecimalTest[721]" classname="org.bitcoinj.utils.BtcFormatTest" time="0.001"/>
  <testcase name="symbolCollisionTest[721]" classname="org.bitcoinj.utils.BtcFormatTest" time="0.002"/>
  <testcase name="equalityTest[721]" classname="org.bitcoinj.utils.BtcFormatTest" time="0.002"/>
  <testcase name="columnAlignmentTest[721]" classname="org.bitcoinj.utils.BtcFormatTest" time="0.0"/>
  <testcase name="factoryTest[721]" classname="org.bitcoinj.utils.BtcFormatTest" time="0.0"/>
  <testcase name="parse[721]" classname="org.bitcoinj.utils.BtcFormatTest" time="0.0"/>
  <testcase name="btcRounding[721]" classname="org.bitcoinj.utils.BtcFormatTest" time="0.001"/>
  <testcase name="negativeTest[721]" classname="org.bitcoinj.utils.BtcFormatTest" time="0.0">
    <skipped/>
  </testcase>
  <testcase name="millicoinScaleTest[721]" classname="org.bitcoinj.utils.BtcFormatTest" time="0.0"/>
  <testcase name="toStringTest[721]" classname="org.bitcoinj.utils.BtcFormatTest" time="0.0">
    <skipped/>
  </testcase>
  <testcase name="testGrouping[721]" classname="org.bitcoinj.utils.BtcFormatTest" time="0.001"/>
  <testcase name="symbolsCodesTest[721]" classname="org.bitcoinj.utils.BtcFormatTest" time="0.0"/>
  <testcase name="defaultLocaleTest[721]" classname="org.bitcoinj.utils.BtcFormatTest" time="0.0"/>
  <testcase name="parsePositionTest[721]" classname="org.bitcoinj.utils.BtcFormatTest" time="0.001"/>
  <testcase name="argumentTypeTest[721]" classname="org.bitcoinj.utils.BtcFormatTest" time="0.0">
    <skipped/>
  </testcase>
  <testcase name="characterIteratorTest[721]" classname="org.bitcoinj.utils.BtcFormatTest" time="0.0"/>
  <testcase name="repeatingPlaceTest[721]" classname="org.bitcoinj.utils.BtcFormatTest" time="0.0"/>
  <testcase name="currencyCodeTest[721]" classname="org.bitcoinj.utils.BtcFormatTest" time="0.0">
    <skipped/>
  </testcase>
  <testcase name="patternDecimalPlaces[721]" classname="org.bitcoinj.utils.BtcFormatTest" time="0.0"/>
  <testcase name="factoryArgumentsTest[722]" classname="org.bitcoinj.utils.BtcFormatTest" time="0.001"/>
  <testcase name="parseTest[722]" classname="org.bitcoinj.utils.BtcFormatTest" time="0.0">
    <skipped/>
  </testcase>
  <testcase name="microcoinScaleTest[722]" classname="org.bitcoinj.utils.BtcFormatTest" time="0.0"/>
  <testcase name="parseMetricTest[722]" classname="org.bitcoinj.utils.BtcFormatTest" time="0.002"/>
  <testcase name="coinScaleTest[722]" classname="org.bitcoinj.utils.BtcFormatTest" time="0.001"/>
  <testcase name="builderTest[722]" classname="org.bitcoinj.utils.BtcFormatTest" time="0.0">
    <skipped/>
  </testcase>
  <testcase name="attributeTest[722]" classname="org.bitcoinj.utils.BtcFormatTest" time="0.0">
    <skipped/>
  </testcase>
  <testcase name="prefixTest[722]" classname="org.bitcoinj.utils.BtcFormatTest" time="0.0"/>
  <testcase name="suffixTest[722]" classname="org.bitcoinj.utils.BtcFormatTest" time="0.0">
    <skipped/>
  </testcase>
  <testcase name="autoDecimalTest[722]" classname="org.bitcoinj.utils.BtcFormatTest" time="0.0"/>
  <testcase name="symbolCollisionTest[722]" classname="org.bitcoinj.utils.BtcFormatTest" time="0.002"/>
  <testcase name="equalityTest[722]" classname="org.bitcoinj.utils.BtcFormatTest" time="0.003"/>
  <testcase name="columnAlignmentTest[722]" classname="org.bitcoinj.utils.BtcFormatTest" time="0.0"/>
  <testcase name="factoryTest[722]" classname="org.bitcoinj.utils.BtcFormatTest" time="0.001"/>
  <testcase name="parse[722]" classname="org.bitcoinj.utils.BtcFormatTest" time="0.0"/>
  <testcase name="btcRounding[722]" classname="org.bitcoinj.utils.BtcFormatTest" time="0.001"/>
  <testcase name="negativeTest[722]" classname="org.bitcoinj.utils.BtcFormatTest" time="0.0">
    <skipped/>
  </testcase>
  <testcase name="millicoinScaleTest[722]" classname="org.bitcoinj.utils.BtcFormatTest" time="0.0"/>
  <testcase name="toStringTest[722]" classname="org.bitcoinj.utils.BtcFormatTest" time="0.0">
    <skipped/>
  </testcase>
  <testcase name="testGrouping[722]" classname="org.bitcoinj.utils.BtcFormatTest" time="0.001"/>
  <testcase name="symbolsCodesTest[722]" classname="org.bitcoinj.utils.BtcFormatTest" time="0.0"/>
  <testcase name="defaultLocaleTest[722]" classname="org.bitcoinj.utils.BtcFormatTest" time="0.0"/>
  <testcase name="parsePositionTest[722]" classname="org.bitcoinj.utils.BtcFormatTest" time="0.001"/>
  <testcase name="argumentTypeTest[722]" classname="org.bitcoinj.utils.BtcFormatTest" time="0.0">
    <skipped/>
  </testcase>
  <testcase name="characterIteratorTest[722]" classname="org.bitcoinj.utils.BtcFormatTest" time="0.0"/>
  <testcase name="repeatingPlaceTest[722]" classname="org.bitcoinj.utils.BtcFormatTest" time="0.0"/>
  <testcase name="currencyCodeTest[722]" classname="org.bitcoinj.utils.BtcFormatTest" time="0.0">
    <skipped/>
  </testcase>
  <testcase name="patternDecimalPlaces[722]" classname="org.bitcoinj.utils.BtcFormatTest" time="0.001"/>
  <testcase name="factoryArgumentsTest[723]" classname="org.bitcoinj.utils.BtcFormatTest" time="0.0"/>
  <testcase name="parseTest[723]" classname="org.bitcoinj.utils.BtcFormatTest" time="0.0">
    <skipped/>
  </testcase>
  <testcase name="microcoinScaleTest[723]" classname="org.bitcoinj.utils.BtcFormatTest" time="0.0"/>
  <testcase name="parseMetricTest[723]" classname="org.bitcoinj.utils.BtcFormatTest" time="0.001"/>
  <testcase name="coinScaleTest[723]" classname="org.bitcoinj.utils.BtcFormatTest" time="0.001"/>
  <testcase name="builderTest[723]" classname="org.bitcoinj.utils.BtcFormatTest" time="0.0">
    <skipped/>
  </testcase>
  <testcase name="attributeTest[723]" classname="org.bitcoinj.utils.BtcFormatTest" time="0.0">
    <skipped/>
  </testcase>
  <testcase name="prefixTest[723]" classname="org.bitcoinj.utils.BtcFormatTest" time="0.0"/>
  <testcase name="suffixTest[723]" classname="org.bitcoinj.utils.BtcFormatTest" time="0.0">
    <skipped/>
  </testcase>
  <testcase name="autoDecimalTest[723]" classname="org.bitcoinj.utils.BtcFormatTest" time="0.0"/>
  <testcase name="symbolCollisionTest[723]" classname="org.bitcoinj.utils.BtcFormatTest" time="0.002"/>
  <testcase name="equalityTest[723]" classname="org.bitcoinj.utils.BtcFormatTest" time="0.001"/>
  <testcase name="columnAlignmentTest[723]" classname="org.bitcoinj.utils.BtcFormatTest" time="0.0"/>
  <testcase name="factoryTest[723]" classname="org.bitcoinj.utils.BtcFormatTest" time="0.001"/>
  <testcase name="parse[723]" classname="org.bitcoinj.utils.BtcFormatTest" time="0.0"/>
  <testcase name="btcRounding[723]" classname="org.bitcoinj.utils.BtcFormatTest" time="0.001"/>
  <testcase name="negativeTest[723]" classname="org.bitcoinj.utils.BtcFormatTest" time="0.0">
    <skipped/>
  </testcase>
  <testcase name="millicoinScaleTest[723]" classname="org.bitcoinj.utils.BtcFormatTest" time="0.0"/>
  <testcase name="toStringTest[723]" classname="org.bitcoinj.utils.BtcFormatTest" time="0.0">
    <skipped/>
  </testcase>
  <testcase name="testGrouping[723]" classname="org.bitcoinj.utils.BtcFormatTest" time="0.001"/>
  <testcase name="symbolsCodesTest[723]" classname="org.bitcoinj.utils.BtcFormatTest" time="0.0"/>
  <testcase name="defaultLocaleTest[723]" classname="org.bitcoinj.utils.BtcFormatTest" time="0.0"/>
  <testcase name="parsePositionTest[723]" classname="org.bitcoinj.utils.BtcFormatTest" time="0.0"/>
  <testcase name="argumentTypeTest[723]" classname="org.bitcoinj.utils.BtcFormatTest" time="0.0">
    <skipped/>
  </testcase>
  <testcase name="characterIteratorTest[723]" classname="org.bitcoinj.utils.BtcFormatTest" time="0.001"/>
  <testcase name="repeatingPlaceTest[723]" classname="org.bitcoinj.utils.BtcFormatTest" time="0.0"/>
  <testcase name="currencyCodeTest[723]" classname="org.bitcoinj.utils.BtcFormatTest" time="0.0">
    <skipped/>
  </testcase>
  <testcase name="patternDecimalPlaces[723]" classname="org.bitcoinj.utils.BtcFormatTest" time="0.0"/>
  <testcase name="factoryArgumentsTest[724]" classname="org.bitcoinj.utils.BtcFormatTest" time="0.001"/>
  <testcase name="parseTest[724]" classname="org.bitcoinj.utils.BtcFormatTest" time="0.0">
    <skipped/>
  </testcase>
  <testcase name="microcoinScaleTest[724]" classname="org.bitcoinj.utils.BtcFormatTest" time="0.0"/>
  <testcase name="parseMetricTest[724]" classname="org.bitcoinj.utils.BtcFormatTest" time="0.001"/>
  <testcase name="coinScaleTest[724]" classname="org.bitcoinj.utils.BtcFormatTest" time="0.001"/>
  <testcase name="builderTest[724]" classname="org.bitcoinj.utils.BtcFormatTest" time="0.0">
    <skipped/>
  </testcase>
  <testcase name="attributeTest[724]" classname="org.bitcoinj.utils.BtcFormatTest" time="0.0">
    <skipped/>
  </testcase>
  <testcase name="prefixTest[724]" classname="org.bitcoinj.utils.BtcFormatTest" time="0.0"/>
  <testcase name="suffixTest[724]" classname="org.bitcoinj.utils.BtcFormatTest" time="0.0">
    <skipped/>
  </testcase>
  <testcase name="autoDecimalTest[724]" classname="org.bitcoinj.utils.BtcFormatTest" time="0.001"/>
  <testcase name="symbolCollisionTest[724]" classname="org.bitcoinj.utils.BtcFormatTest" time="0.001"/>
  <testcase name="equalityTest[724]" classname="org.bitcoinj.utils.BtcFormatTest" time="0.003"/>
  <testcase name="columnAlignmentTest[724]" classname="org.bitcoinj.utils.BtcFormatTest" time="0.0"/>
  <testcase name="factoryTest[724]" classname="org.bitcoinj.utils.BtcFormatTest" time="0.001"/>
  <testcase name="parse[724]" classname="org.bitcoinj.utils.BtcFormatTest" time="0.0"/>
  <testcase name="btcRounding[724]" classname="org.bitcoinj.utils.BtcFormatTest" time="0.001"/>
  <testcase name="negativeTest[724]" classname="org.bitcoinj.utils.BtcFormatTest" time="0.0">
    <skipped/>
  </testcase>
  <testcase name="millicoinScaleTest[724]" classname="org.bitcoinj.utils.BtcFormatTest" time="0.0"/>
  <testcase name="toStringTest[724]" classname="org.bitcoinj.utils.BtcFormatTest" time="0.0">
    <skipped/>
  </testcase>
  <testcase name="testGrouping[724]" classname="org.bitcoinj.utils.BtcFormatTest" time="0.0"/>
  <testcase name="symbolsCodesTest[724]" classname="org.bitcoinj.utils.BtcFormatTest" time="0.001"/>
  <testcase name="defaultLocaleTest[724]" classname="org.bitcoinj.utils.BtcFormatTest" time="0.0"/>
  <testcase name="parsePositionTest[724]" classname="org.bitcoinj.utils.BtcFormatTest" time="0.0"/>
  <testcase name="argumentTypeTest[724]" classname="org.bitcoinj.utils.BtcFormatTest" time="0.0">
    <skipped/>
  </testcase>
  <testcase name="characterIteratorTest[724]" classname="org.bitcoinj.utils.BtcFormatTest" time="0.001"/>
  <testcase name="repeatingPlaceTest[724]" classname="org.bitcoinj.utils.BtcFormatTest" time="0.0"/>
  <testcase name="currencyCodeTest[724]" classname="org.bitcoinj.utils.BtcFormatTest" time="0.0">
    <skipped/>
  </testcase>
  <testcase name="patternDecimalPlaces[724]" classname="org.bitcoinj.utils.BtcFormatTest" time="0.0"/>
  <testcase name="factoryArgumentsTest[725]" classname="org.bitcoinj.utils.BtcFormatTest" time="0.001"/>
  <testcase name="parseTest[725]" classname="org.bitcoinj.utils.BtcFormatTest" time="0.0">
    <skipped/>
  </testcase>
  <testcase name="microcoinScaleTest[725]" classname="org.bitcoinj.utils.BtcFormatTest" time="0.0"/>
  <testcase name="parseMetricTest[725]" classname="org.bitcoinj.utils.BtcFormatTest" time="0.001"/>
  <testcase name="coinScaleTest[725]" classname="org.bitcoinj.utils.BtcFormatTest" time="0.0"/>
  <testcase name="builderTest[725]" classname="org.bitcoinj.utils.BtcFormatTest" time="0.0">
    <skipped/>
  </testcase>
  <testcase name="attributeTest[725]" classname="org.bitcoinj.utils.BtcFormatTest" time="0.0">
    <skipped/>
  </testcase>
  <testcase name="prefixTest[725]" classname="org.bitcoinj.utils.BtcFormatTest" time="0.0"/>
  <testcase name="suffixTest[725]" classname="org.bitcoinj.utils.BtcFormatTest" time="0.0">
    <skipped/>
  </testcase>
  <testcase name="autoDecimalTest[725]" classname="org.bitcoinj.utils.BtcFormatTest" time="0.001"/>
  <testcase name="symbolCollisionTest[725]" classname="org.bitcoinj.utils.BtcFormatTest" time="0.001"/>
  <testcase name="equalityTest[725]" classname="org.bitcoinj.utils.BtcFormatTest" time="0.002"/>
  <testcase name="columnAlignmentTest[725]" classname="org.bitcoinj.utils.BtcFormatTest" time="0.0"/>
  <testcase name="factoryTest[725]" classname="org.bitcoinj.utils.BtcFormatTest" time="0.0"/>
  <testcase name="parse[725]" classname="org.bitcoinj.utils.BtcFormatTest" time="0.001"/>
  <testcase name="btcRounding[725]" classname="org.bitcoinj.utils.BtcFormatTest" time="0.001"/>
  <testcase name="negativeTest[725]" classname="org.bitcoinj.utils.BtcFormatTest" time="0.0">
    <skipped/>
  </testcase>
  <testcase name="millicoinScaleTest[725]" classname="org.bitcoinj.utils.BtcFormatTest" time="0.001"/>
  <testcase name="toStringTest[725]" classname="org.bitcoinj.utils.BtcFormatTest" time="0.0">
    <skipped/>
  </testcase>
  <testcase name="testGrouping[725]" classname="org.bitcoinj.utils.BtcFormatTest" time="0.001"/>
  <testcase name="symbolsCodesTest[725]" classname="org.bitcoinj.utils.BtcFormatTest" time="0.0"/>
  <testcase name="defaultLocaleTest[725]" classname="org.bitcoinj.utils.BtcFormatTest" time="0.0"/>
  <testcase name="parsePositionTest[725]" classname="org.bitcoinj.utils.BtcFormatTest" time="0.001"/>
  <testcase name="argumentTypeTest[725]" classname="org.bitcoinj.utils.BtcFormatTest" time="0.0">
    <skipped/>
  </testcase>
  <testcase name="characterIteratorTest[725]" classname="org.bitcoinj.utils.BtcFormatTest" time="0.0"/>
  <testcase name="repeatingPlaceTest[725]" classname="org.bitcoinj.utils.BtcFormatTest" time="0.0"/>
  <testcase name="currencyCodeTest[725]" classname="org.bitcoinj.utils.BtcFormatTest" time="0.0">
    <skipped/>
  </testcase>
  <testcase name="patternDecimalPlaces[725]" classname="org.bitcoinj.utils.BtcFormatTest" time="0.0"/>
  <testcase name="factoryArgumentsTest[726]" classname="org.bitcoinj.utils.BtcFormatTest" time="0.001"/>
  <testcase name="parseTest[726]" classname="org.bitcoinj.utils.BtcFormatTest" time="0.0">
    <skipped/>
  </testcase>
  <testcase name="microcoinScaleTest[726]" classname="org.bitcoinj.utils.BtcFormatTest" time="0.0"/>
  <testcase name="parseMetricTest[726]" classname="org.bitcoinj.utils.BtcFormatTest" time="0.001"/>
  <testcase name="coinScaleTest[726]" classname="org.bitcoinj.utils.BtcFormatTest" time="0.0"/>
  <testcase name="builderTest[726]" classname="org.bitcoinj.utils.BtcFormatTest" time="0.0">
    <skipped/>
  </testcase>
  <testcase name="attributeTest[726]" classname="org.bitcoinj.utils.BtcFormatTest" time="0.0">
    <skipped/>
  </testcase>
  <testcase name="prefixTest[726]" classname="org.bitcoinj.utils.BtcFormatTest" time="0.001"/>
  <testcase name="suffixTest[726]" classname="org.bitcoinj.utils.BtcFormatTest" time="0.0">
    <skipped/>
  </testcase>
  <testcase name="autoDecimalTest[726]" classname="org.bitcoinj.utils.BtcFormatTest" time="0.0"/>
  <testcase name="symbolCollisionTest[726]" classname="org.bitcoinj.utils.BtcFormatTest" time="0.005"/>
  <testcase name="equalityTest[726]" classname="org.bitcoinj.utils.BtcFormatTest" time="0.002"/>
  <testcase name="columnAlignmentTest[726]" classname="org.bitcoinj.utils.BtcFormatTest" time="0.0"/>
  <testcase name="factoryTest[726]" classname="org.bitcoinj.utils.BtcFormatTest" time="0.0"/>
  <testcase name="parse[726]" classname="org.bitcoinj.utils.BtcFormatTest" time="0.001"/>
  <testcase name="btcRounding[726]" classname="org.bitcoinj.utils.BtcFormatTest" time="0.001"/>
  <testcase name="negativeTest[726]" classname="org.bitcoinj.utils.BtcFormatTest" time="0.0">
    <skipped/>
  </testcase>
  <testcase name="millicoinScaleTest[726]" classname="org.bitcoinj.utils.BtcFormatTest" time="0.0"/>
  <testcase name="toStringTest[726]" classname="org.bitcoinj.utils.BtcFormatTest" time="0.0">
    <skipped/>
  </testcase>
  <testcase name="testGrouping[726]" classname="org.bitcoinj.utils.BtcFormatTest" time="0.001"/>
  <testcase name="symbolsCodesTest[726]" classname="org.bitcoinj.utils.BtcFormatTest" time="0.0"/>
  <testcase name="defaultLocaleTest[726]" classname="org.bitcoinj.utils.BtcFormatTest" time="0.0"/>
  <testcase name="parsePositionTest[726]" classname="org.bitcoinj.utils.BtcFormatTest" time="0.001"/>
  <testcase name="argumentTypeTest[726]" classname="org.bitcoinj.utils.BtcFormatTest" time="0.0">
    <skipped/>
  </testcase>
  <testcase name="characterIteratorTest[726]" classname="org.bitcoinj.utils.BtcFormatTest" time="0.0"/>
  <testcase name="repeatingPlaceTest[726]" classname="org.bitcoinj.utils.BtcFormatTest" time="0.0"/>
  <testcase name="currencyCodeTest[726]" classname="org.bitcoinj.utils.BtcFormatTest" time="0.0">
    <skipped/>
  </testcase>
  <testcase name="patternDecimalPlaces[726]" classname="org.bitcoinj.utils.BtcFormatTest" time="0.0"/>
  <testcase name="factoryArgumentsTest[727]" classname="org.bitcoinj.utils.BtcFormatTest" time="0.001"/>
  <testcase name="parseTest[727]" classname="org.bitcoinj.utils.BtcFormatTest" time="0.0">
    <skipped/>
  </testcase>
  <testcase name="microcoinScaleTest[727]" classname="org.bitcoinj.utils.BtcFormatTest" time="0.0"/>
  <testcase name="parseMetricTest[727]" classname="org.bitcoinj.utils.BtcFormatTest" time="0.001"/>
  <testcase name="coinScaleTest[727]" classname="org.bitcoinj.utils.BtcFormatTest" time="0.0"/>
  <testcase name="builderTest[727]" classname="org.bitcoinj.utils.BtcFormatTest" time="0.0">
    <skipped/>
  </testcase>
  <testcase name="attributeTest[727]" classname="org.bitcoinj.utils.BtcFormatTest" time="0.0">
    <skipped/>
  </testcase>
  <testcase name="prefixTest[727]" classname="org.bitcoinj.utils.BtcFormatTest" time="0.0"/>
  <testcase name="suffixTest[727]" classname="org.bitcoinj.utils.BtcFormatTest" time="0.0">
    <skipped/>
  </testcase>
  <testcase name="autoDecimalTest[727]" classname="org.bitcoinj.utils.BtcFormatTest" time="0.001"/>
  <testcase name="symbolCollisionTest[727]" classname="org.bitcoinj.utils.BtcFormatTest" time="0.001"/>
  <testcase name="equalityTest[727]" classname="org.bitcoinj.utils.BtcFormatTest" time="0.002"/>
  <testcase name="columnAlignmentTest[727]" classname="org.bitcoinj.utils.BtcFormatTest" time="0.0"/>
  <testcase name="factoryTest[727]" classname="org.bitcoinj.utils.BtcFormatTest" time="0.0"/>
  <testcase name="parse[727]" classname="org.bitcoinj.utils.BtcFormatTest" time="0.0"/>
  <testcase name="btcRounding[727]" classname="org.bitcoinj.utils.BtcFormatTest" time="0.002"/>
  <testcase name="negativeTest[727]" classname="org.bitcoinj.utils.BtcFormatTest" time="0.0">
    <skipped/>
  </testcase>
  <testcase name="millicoinScaleTest[727]" classname="org.bitcoinj.utils.BtcFormatTest" time="0.0"/>
  <testcase name="toStringTest[727]" classname="org.bitcoinj.utils.BtcFormatTest" time="0.0">
    <skipped/>
  </testcase>
  <testcase name="testGrouping[727]" classname="org.bitcoinj.utils.BtcFormatTest" time="0.001"/>
  <testcase name="symbolsCodesTest[727]" classname="org.bitcoinj.utils.BtcFormatTest" time="0.0"/>
  <testcase name="defaultLocaleTest[727]" classname="org.bitcoinj.utils.BtcFormatTest" time="0.0"/>
  <testcase name="parsePositionTest[727]" classname="org.bitcoinj.utils.BtcFormatTest" time="0.0"/>
  <testcase name="argumentTypeTest[727]" classname="org.bitcoinj.utils.BtcFormatTest" time="0.0">
    <skipped/>
  </testcase>
  <testcase name="characterIteratorTest[727]" classname="org.bitcoinj.utils.BtcFormatTest" time="0.0"/>
  <testcase name="repeatingPlaceTest[727]" classname="org.bitcoinj.utils.BtcFormatTest" time="0.0"/>
  <testcase name="currencyCodeTest[727]" classname="org.bitcoinj.utils.BtcFormatTest" time="0.0">
    <skipped/>
  </testcase>
  <testcase name="patternDecimalPlaces[727]" classname="org.bitcoinj.utils.BtcFormatTest" time="0.001"/>
  <testcase name="factoryArgumentsTest[728]" classname="org.bitcoinj.utils.BtcFormatTest" time="0.001"/>
  <testcase name="parseTest[728]" classname="org.bitcoinj.utils.BtcFormatTest" time="0.0">
    <skipped/>
  </testcase>
  <testcase name="microcoinScaleTest[728]" classname="org.bitcoinj.utils.BtcFormatTest" time="0.0"/>
  <testcase name="parseMetricTest[728]" classname="org.bitcoinj.utils.BtcFormatTest" time="0.001"/>
  <testcase name="coinScaleTest[728]" classname="org.bitcoinj.utils.BtcFormatTest" time="0.0"/>
  <testcase name="builderTest[728]" classname="org.bitcoinj.utils.BtcFormatTest" time="0.0">
    <skipped/>
  </testcase>
  <testcase name="attributeTest[728]" classname="org.bitcoinj.utils.BtcFormatTest" time="0.0">
    <skipped/>
  </testcase>
  <testcase name="prefixTest[728]" classname="org.bitcoinj.utils.BtcFormatTest" time="0.0"/>
  <testcase name="suffixTest[728]" classname="org.bitcoinj.utils.BtcFormatTest" time="0.0">
    <skipped/>
  </testcase>
  <testcase name="autoDecimalTest[728]" classname="org.bitcoinj.utils.BtcFormatTest" time="0.001"/>
  <testcase name="symbolCollisionTest[728]" classname="org.bitcoinj.utils.BtcFormatTest" time="0.002"/>
  <testcase name="equalityTest[728]" classname="org.bitcoinj.utils.BtcFormatTest" time="0.002"/>
  <testcase name="columnAlignmentTest[728]" classname="org.bitcoinj.utils.BtcFormatTest" time="0.0"/>
  <testcase name="factoryTest[728]" classname="org.bitcoinj.utils.BtcFormatTest" time="0.001"/>
  <testcase name="parse[728]" classname="org.bitcoinj.utils.BtcFormatTest" time="0.0"/>
  <testcase name="btcRounding[728]" classname="org.bitcoinj.utils.BtcFormatTest" time="0.001"/>
  <testcase name="negativeTest[728]" classname="org.bitcoinj.utils.BtcFormatTest" time="0.0">
    <skipped/>
  </testcase>
  <testcase name="millicoinScaleTest[728]" classname="org.bitcoinj.utils.BtcFormatTest" time="0.0"/>
  <testcase name="toStringTest[728]" classname="org.bitcoinj.utils.BtcFormatTest" time="0.0">
    <skipped/>
  </testcase>
  <testcase name="testGrouping[728]" classname="org.bitcoinj.utils.BtcFormatTest" time="0.0"/>
  <testcase name="symbolsCodesTest[728]" classname="org.bitcoinj.utils.BtcFormatTest" time="0.001"/>
  <testcase name="defaultLocaleTest[728]" classname="org.bitcoinj.utils.BtcFormatTest" time="0.0"/>
  <testcase name="parsePositionTest[728]" classname="org.bitcoinj.utils.BtcFormatTest" time="0.0"/>
  <testcase name="argumentTypeTest[728]" classname="org.bitcoinj.utils.BtcFormatTest" time="0.0">
    <skipped/>
  </testcase>
  <testcase name="characterIteratorTest[728]" classname="org.bitcoinj.utils.BtcFormatTest" time="0.001"/>
  <testcase name="repeatingPlaceTest[728]" classname="org.bitcoinj.utils.BtcFormatTest" time="0.0"/>
  <testcase name="currencyCodeTest[728]" classname="org.bitcoinj.utils.BtcFormatTest" time="0.0">
    <skipped/>
  </testcase>
  <testcase name="patternDecimalPlaces[728]" classname="org.bitcoinj.utils.BtcFormatTest" time="0.0"/>
  <testcase name="factoryArgumentsTest[729]" classname="org.bitcoinj.utils.BtcFormatTest" time="0.001"/>
  <testcase name="parseTest[729]" classname="org.bitcoinj.utils.BtcFormatTest" time="0.0">
    <skipped/>
  </testcase>
  <testcase name="microcoinScaleTest[729]" classname="org.bitcoinj.utils.BtcFormatTest" time="0.001"/>
  <testcase name="parseMetricTest[729]" classname="org.bitcoinj.utils.BtcFormatTest" time="0.001"/>
  <testcase name="coinScaleTest[729]" classname="org.bitcoinj.utils.BtcFormatTest" time="0.0"/>
  <testcase name="builderTest[729]" classname="org.bitcoinj.utils.BtcFormatTest" time="0.0">
    <skipped/>
  </testcase>
  <testcase name="attributeTest[729]" classname="org.bitcoinj.utils.BtcFormatTest" time="0.0">
    <skipped/>
  </testcase>
  <testcase name="prefixTest[729]" classname="org.bitcoinj.utils.BtcFormatTest" time="0.0"/>
  <testcase name="suffixTest[729]" classname="org.bitcoinj.utils.BtcFormatTest" time="0.0">
    <skipped/>
  </testcase>
  <testcase name="autoDecimalTest[729]" classname="org.bitcoinj.utils.BtcFormatTest" time="0.001"/>
  <testcase name="symbolCollisionTest[729]" classname="org.bitcoinj.utils.BtcFormatTest" time="0.002"/>
  <testcase name="equalityTest[729]" classname="org.bitcoinj.utils.BtcFormatTest" time="0.002"/>
  <testcase name="columnAlignmentTest[729]" classname="org.bitcoinj.utils.BtcFormatTest" time="0.0"/>
  <testcase name="factoryTest[729]" classname="org.bitcoinj.utils.BtcFormatTest" time="0.001"/>
  <testcase name="parse[729]" classname="org.bitcoinj.utils.BtcFormatTest" time="0.0"/>
  <testcase name="btcRounding[729]" classname="org.bitcoinj.utils.BtcFormatTest" time="0.002"/>
  <testcase name="negativeTest[729]" classname="org.bitcoinj.utils.BtcFormatTest" time="0.0">
    <skipped/>
  </testcase>
  <testcase name="millicoinScaleTest[729]" classname="org.bitcoinj.utils.BtcFormatTest" time="0.0"/>
  <testcase name="toStringTest[729]" classname="org.bitcoinj.utils.BtcFormatTest" time="0.0">
    <skipped/>
  </testcase>
  <testcase name="testGrouping[729]" classname="org.bitcoinj.utils.BtcFormatTest" time="0.0"/>
  <testcase name="symbolsCodesTest[729]" classname="org.bitcoinj.utils.BtcFormatTest" time="0.001"/>
  <testcase name="defaultLocaleTest[729]" classname="org.bitcoinj.utils.BtcFormatTest" time="0.0"/>
  <testcase name="parsePositionTest[729]" classname="org.bitcoinj.utils.BtcFormatTest" time="0.0"/>
  <testcase name="argumentTypeTest[729]" classname="org.bitcoinj.utils.BtcFormatTest" time="0.0">
    <skipped/>
  </testcase>
  <testcase name="characterIteratorTest[729]" classname="org.bitcoinj.utils.BtcFormatTest" time="0.001"/>
  <testcase name="repeatingPlaceTest[729]" classname="org.bitcoinj.utils.BtcFormatTest" time="0.0"/>
  <testcase name="currencyCodeTest[729]" classname="org.bitcoinj.utils.BtcFormatTest" time="0.0">
    <skipped/>
  </testcase>
  <testcase name="patternDecimalPlaces[729]" classname="org.bitcoinj.utils.BtcFormatTest" time="0.0"/>
  <testcase name="factoryArgumentsTest[730]" classname="org.bitcoinj.utils.BtcFormatTest" time="0.001"/>
  <testcase name="parseTest[730]" classname="org.bitcoinj.utils.BtcFormatTest" time="0.0">
    <skipped/>
  </testcase>
  <testcase name="microcoinScaleTest[730]" classname="org.bitcoinj.utils.BtcFormatTest" time="0.0"/>
  <testcase name="parseMetricTest[730]" classname="org.bitcoinj.utils.BtcFormatTest" time="0.001"/>
  <testcase name="coinScaleTest[730]" classname="org.bitcoinj.utils.BtcFormatTest" time="0.0"/>
  <testcase name="builderTest[730]" classname="org.bitcoinj.utils.BtcFormatTest" time="0.0">
    <skipped/>
  </testcase>
  <testcase name="attributeTest[730]" classname="org.bitcoinj.utils.BtcFormatTest" time="0.0">
    <skipped/>
  </testcase>
  <testcase name="prefixTest[730]" classname="org.bitcoinj.utils.BtcFormatTest" time="0.0"/>
  <testcase name="suffixTest[730]" classname="org.bitcoinj.utils.BtcFormatTest" time="0.0">
    <skipped/>
  </testcase>
  <testcase name="autoDecimalTest[730]" classname="org.bitcoinj.utils.BtcFormatTest" time="0.001"/>
  <testcase name="symbolCollisionTest[730]" classname="org.bitcoinj.utils.BtcFormatTest" time="0.002"/>
  <testcase name="equalityTest[730]" classname="org.bitcoinj.utils.BtcFormatTest" time="0.001"/>
  <testcase name="columnAlignmentTest[730]" classname="org.bitcoinj.utils.BtcFormatTest" time="0.001"/>
  <testcase name="factoryTest[730]" classname="org.bitcoinj.utils.BtcFormatTest" time="0.0"/>
  <testcase name="parse[730]" classname="org.bitcoinj.utils.BtcFormatTest" time="0.0"/>
  <testcase name="btcRounding[730]" classname="org.bitcoinj.utils.BtcFormatTest" time="0.001"/>
  <testcase name="negativeTest[730]" classname="org.bitcoinj.utils.BtcFormatTest" time="0.0">
    <skipped/>
  </testcase>
  <testcase name="millicoinScaleTest[730]" classname="org.bitcoinj.utils.BtcFormatTest" time="0.0"/>
  <testcase name="toStringTest[730]" classname="org.bitcoinj.utils.BtcFormatTest" time="0.0">
    <skipped/>
  </testcase>
  <testcase name="testGrouping[730]" classname="org.bitcoinj.utils.BtcFormatTest" time="0.0"/>
  <testcase name="symbolsCodesTest[730]" classname="org.bitcoinj.utils.BtcFormatTest" time="0.001"/>
  <testcase name="defaultLocaleTest[730]" classname="org.bitcoinj.utils.BtcFormatTest" time="0.0"/>
  <testcase name="parsePositionTest[730]" classname="org.bitcoinj.utils.BtcFormatTest" time="0.001"/>
  <testcase name="argumentTypeTest[730]" classname="org.bitcoinj.utils.BtcFormatTest" time="0.0">
    <skipped/>
  </testcase>
  <testcase name="characterIteratorTest[730]" classname="org.bitcoinj.utils.BtcFormatTest" time="0.0"/>
  <testcase name="repeatingPlaceTest[730]" classname="org.bitcoinj.utils.BtcFormatTest" time="0.0"/>
  <testcase name="currencyCodeTest[730]" classname="org.bitcoinj.utils.BtcFormatTest" time="0.0">
    <skipped/>
  </testcase>
  <testcase name="patternDecimalPlaces[730]" classname="org.bitcoinj.utils.BtcFormatTest" time="0.0"/>
  <testcase name="factoryArgumentsTest[731]" classname="org.bitcoinj.utils.BtcFormatTest" time="0.001"/>
  <testcase name="parseTest[731]" classname="org.bitcoinj.utils.BtcFormatTest" time="0.0">
    <skipped/>
  </testcase>
  <testcase name="microcoinScaleTest[731]" classname="org.bitcoinj.utils.BtcFormatTest" time="0.0"/>
  <testcase name="parseMetricTest[731]" classname="org.bitcoinj.utils.BtcFormatTest" time="0.001"/>
  <testcase name="coinScaleTest[731]" classname="org.bitcoinj.utils.BtcFormatTest" time="0.0"/>
  <testcase name="builderTest[731]" classname="org.bitcoinj.utils.BtcFormatTest" time="0.0">
    <skipped/>
  </testcase>
  <testcase name="attributeTest[731]" classname="org.bitcoinj.utils.BtcFormatTest" time="0.0">
    <skipped/>
  </testcase>
  <testcase name="prefixTest[731]" classname="org.bitcoinj.utils.BtcFormatTest" time="0.0"/>
  <testcase name="suffixTest[731]" classname="org.bitcoinj.utils.BtcFormatTest" time="0.0">
    <skipped/>
  </testcase>
  <testcase name="autoDecimalTest[731]" classname="org.bitcoinj.utils.BtcFormatTest" time="0.0"/>
  <testcase name="symbolCollisionTest[731]" classname="org.bitcoinj.utils.BtcFormatTest" time="0.001"/>
  <testcase name="equalityTest[731]" classname="org.bitcoinj.utils.BtcFormatTest" time="0.002"/>
  <testcase name="columnAlignmentTest[731]" classname="org.bitcoinj.utils.BtcFormatTest" time="0.0"/>
  <testcase name="factoryTest[731]" classname="org.bitcoinj.utils.BtcFormatTest" time="0.0"/>
  <testcase name="parse[731]" classname="org.bitcoinj.utils.BtcFormatTest" time="0.0"/>
  <testcase name="btcRounding[731]" classname="org.bitcoinj.utils.BtcFormatTest" time="0.001"/>
  <testcase name="negativeTest[731]" classname="org.bitcoinj.utils.BtcFormatTest" time="0.0">
    <skipped/>
  </testcase>
  <testcase name="millicoinScaleTest[731]" classname="org.bitcoinj.utils.BtcFormatTest" time="0.001"/>
  <testcase name="toStringTest[731]" classname="org.bitcoinj.utils.BtcFormatTest" time="0.0">
    <skipped/>
  </testcase>
  <testcase name="testGrouping[731]" classname="org.bitcoinj.utils.BtcFormatTest" time="0.0"/>
  <testcase name="symbolsCodesTest[731]" classname="org.bitcoinj.utils.BtcFormatTest" time="0.001"/>
  <testcase name="defaultLocaleTest[731]" classname="org.bitcoinj.utils.BtcFormatTest" time="0.0"/>
  <testcase name="parsePositionTest[731]" classname="org.bitcoinj.utils.BtcFormatTest" time="0.001"/>
  <testcase name="argumentTypeTest[731]" classname="org.bitcoinj.utils.BtcFormatTest" time="0.0">
    <skipped/>
  </testcase>
  <testcase name="characterIteratorTest[731]" classname="org.bitcoinj.utils.BtcFormatTest" time="0.0"/>
  <testcase name="repeatingPlaceTest[731]" classname="org.bitcoinj.utils.BtcFormatTest" time="0.0"/>
  <testcase name="currencyCodeTest[731]" classname="org.bitcoinj.utils.BtcFormatTest" time="0.0">
    <skipped/>
  </testcase>
  <testcase name="patternDecimalPlaces[731]" classname="org.bitcoinj.utils.BtcFormatTest" time="0.0"/>
  <testcase name="factoryArgumentsTest[732]" classname="org.bitcoinj.utils.BtcFormatTest" time="0.001"/>
  <testcase name="parseTest[732]" classname="org.bitcoinj.utils.BtcFormatTest" time="0.0">
    <skipped/>
  </testcase>
  <testcase name="microcoinScaleTest[732]" classname="org.bitcoinj.utils.BtcFormatTest" time="0.0"/>
  <testcase name="parseMetricTest[732]" classname="org.bitcoinj.utils.BtcFormatTest" time="0.001"/>
  <testcase name="coinScaleTest[732]" classname="org.bitcoinj.utils.BtcFormatTest" time="0.0"/>
  <testcase name="builderTest[732]" classname="org.bitcoinj.utils.BtcFormatTest" time="0.0">
    <skipped/>
  </testcase>
  <testcase name="attributeTest[732]" classname="org.bitcoinj.utils.BtcFormatTest" time="0.0">
    <skipped/>
  </testcase>
  <testcase name="prefixTest[732]" classname="org.bitcoinj.utils.BtcFormatTest" time="0.001"/>
  <testcase name="suffixTest[732]" classname="org.bitcoinj.utils.BtcFormatTest" time="0.0">
    <skipped/>
  </testcase>
  <testcase name="autoDecimalTest[732]" classname="org.bitcoinj.utils.BtcFormatTest" time="0.0"/>
  <testcase name="symbolCollisionTest[732]" classname="org.bitcoinj.utils.BtcFormatTest" time="0.002"/>
  <testcase name="equalityTest[732]" classname="org.bitcoinj.utils.BtcFormatTest" time="0.002"/>
  <testcase name="columnAlignmentTest[732]" classname="org.bitcoinj.utils.BtcFormatTest" time="0.0"/>
  <testcase name="factoryTest[732]" classname="org.bitcoinj.utils.BtcFormatTest" time="0.0"/>
  <testcase name="parse[732]" classname="org.bitcoinj.utils.BtcFormatTest" time="0.001"/>
  <testcase name="btcRounding[732]" classname="org.bitcoinj.utils.BtcFormatTest" time="0.001"/>
  <testcase name="negativeTest[732]" classname="org.bitcoinj.utils.BtcFormatTest" time="0.0">
    <skipped/>
  </testcase>
  <testcase name="millicoinScaleTest[732]" classname="org.bitcoinj.utils.BtcFormatTest" time="0.0"/>
  <testcase name="toStringTest[732]" classname="org.bitcoinj.utils.BtcFormatTest" time="0.0">
    <skipped/>
  </testcase>
  <testcase name="testGrouping[732]" classname="org.bitcoinj.utils.BtcFormatTest" time="0.001"/>
  <testcase name="symbolsCodesTest[732]" classname="org.bitcoinj.utils.BtcFormatTest" time="0.0"/>
  <testcase name="defaultLocaleTest[732]" classname="org.bitcoinj.utils.BtcFormatTest" time="0.0"/>
  <testcase name="parsePositionTest[732]" classname="org.bitcoinj.utils.BtcFormatTest" time="0.001"/>
  <testcase name="argumentTypeTest[732]" classname="org.bitcoinj.utils.BtcFormatTest" time="0.0">
    <skipped/>
  </testcase>
  <testcase name="characterIteratorTest[732]" classname="org.bitcoinj.utils.BtcFormatTest" time="0.005"/>
  <testcase name="repeatingPlaceTest[732]" classname="org.bitcoinj.utils.BtcFormatTest" time="0.001"/>
  <testcase name="currencyCodeTest[732]" classname="org.bitcoinj.utils.BtcFormatTest" time="0.0">
    <skipped/>
  </testcase>
  <testcase name="patternDecimalPlaces[732]" classname="org.bitcoinj.utils.BtcFormatTest" time="0.0"/>
  <testcase name="factoryArgumentsTest[733]" classname="org.bitcoinj.utils.BtcFormatTest" time="0.001"/>
  <testcase name="parseTest[733]" classname="org.bitcoinj.utils.BtcFormatTest" time="0.0">
    <skipped/>
  </testcase>
  <testcase name="microcoinScaleTest[733]" classname="org.bitcoinj.utils.BtcFormatTest" time="0.001"/>
  <testcase name="parseMetricTest[733]" classname="org.bitcoinj.utils.BtcFormatTest" time="0.001"/>
  <testcase name="coinScaleTest[733]" classname="org.bitcoinj.utils.BtcFormatTest" time="0.0"/>
  <testcase name="builderTest[733]" classname="org.bitcoinj.utils.BtcFormatTest" time="0.0">
    <skipped/>
  </testcase>
  <testcase name="attributeTest[733]" classname="org.bitcoinj.utils.BtcFormatTest" time="0.0">
    <skipped/>
  </testcase>
  <testcase name="prefixTest[733]" classname="org.bitcoinj.utils.BtcFormatTest" time="0.0"/>
  <testcase name="suffixTest[733]" classname="org.bitcoinj.utils.BtcFormatTest" time="0.0">
    <skipped/>
  </testcase>
  <testcase name="autoDecimalTest[733]" classname="org.bitcoinj.utils.BtcFormatTest" time="0.001"/>
  <testcase name="symbolCollisionTest[733]" classname="org.bitcoinj.utils.BtcFormatTest" time="0.002"/>
  <testcase name="equalityTest[733]" classname="org.bitcoinj.utils.BtcFormatTest" time="0.002"/>
  <testcase name="columnAlignmentTest[733]" classname="org.bitcoinj.utils.BtcFormatTest" time="0.0"/>
  <testcase name="factoryTest[733]" classname="org.bitcoinj.utils.BtcFormatTest" time="0.001"/>
  <testcase name="parse[733]" classname="org.bitcoinj.utils.BtcFormatTest" time="0.0"/>
  <testcase name="btcRounding[733]" classname="org.bitcoinj.utils.BtcFormatTest" time="0.002"/>
  <testcase name="negativeTest[733]" classname="org.bitcoinj.utils.BtcFormatTest" time="0.0">
    <skipped/>
  </testcase>
  <testcase name="millicoinScaleTest[733]" classname="org.bitcoinj.utils.BtcFormatTest" time="0.0"/>
  <testcase name="toStringTest[733]" classname="org.bitcoinj.utils.BtcFormatTest" time="0.0">
    <skipped/>
  </testcase>
  <testcase name="testGrouping[733]" classname="org.bitcoinj.utils.BtcFormatTest" time="0.0"/>
  <testcase name="symbolsCodesTest[733]" classname="org.bitcoinj.utils.BtcFormatTest" time="0.001"/>
  <testcase name="defaultLocaleTest[733]" classname="org.bitcoinj.utils.BtcFormatTest" time="0.0"/>
  <testcase name="parsePositionTest[733]" classname="org.bitcoinj.utils.BtcFormatTest" time="0.0"/>
  <testcase name="argumentTypeTest[733]" classname="org.bitcoinj.utils.BtcFormatTest" time="0.0">
    <skipped/>
  </testcase>
  <testcase name="characterIteratorTest[733]" classname="org.bitcoinj.utils.BtcFormatTest" time="0.001"/>
  <testcase name="repeatingPlaceTest[733]" classname="org.bitcoinj.utils.BtcFormatTest" time="0.0"/>
  <testcase name="currencyCodeTest[733]" classname="org.bitcoinj.utils.BtcFormatTest" time="0.0">
    <skipped/>
  </testcase>
  <testcase name="patternDecimalPlaces[733]" classname="org.bitcoinj.utils.BtcFormatTest" time="0.0"/>
  <testcase name="factoryArgumentsTest[734]" classname="org.bitcoinj.utils.BtcFormatTest" time="0.001"/>
  <testcase name="parseTest[734]" classname="org.bitcoinj.utils.BtcFormatTest" time="0.0">
    <skipped/>
  </testcase>
  <testcase name="microcoinScaleTest[734]" classname="org.bitcoinj.utils.BtcFormatTest" time="0.0"/>
  <testcase name="parseMetricTest[734]" classname="org.bitcoinj.utils.BtcFormatTest" time="0.002"/>
  <testcase name="coinScaleTest[734]" classname="org.bitcoinj.utils.BtcFormatTest" time="0.0"/>
  <testcase name="builderTest[734]" classname="org.bitcoinj.utils.BtcFormatTest" time="0.0">
    <skipped/>
  </testcase>
  <testcase name="attributeTest[734]" classname="org.bitcoinj.utils.BtcFormatTest" time="0.0">
    <skipped/>
  </testcase>
  <testcase name="prefixTest[734]" classname="org.bitcoinj.utils.BtcFormatTest" time="0.0"/>
  <testcase name="suffixTest[734]" classname="org.bitcoinj.utils.BtcFormatTest" time="0.0">
    <skipped/>
  </testcase>
  <testcase name="autoDecimalTest[734]" classname="org.bitcoinj.utils.BtcFormatTest" time="0.001"/>
  <testcase name="symbolCollisionTest[734]" classname="org.bitcoinj.utils.BtcFormatTest" time="0.001"/>
  <testcase name="equalityTest[734]" classname="org.bitcoinj.utils.BtcFormatTest" time="0.001"/>
  <testcase name="columnAlignmentTest[734]" classname="org.bitcoinj.utils.BtcFormatTest" time="0.001"/>
  <testcase name="factoryTest[734]" classname="org.bitcoinj.utils.BtcFormatTest" time="0.0"/>
  <testcase name="parse[734]" classname="org.bitcoinj.utils.BtcFormatTest" time="0.0"/>
  <testcase name="btcRounding[734]" classname="org.bitcoinj.utils.BtcFormatTest" time="0.002"/>
  <testcase name="negativeTest[734]" classname="org.bitcoinj.utils.BtcFormatTest" time="0.0">
    <skipped/>
  </testcase>
  <testcase name="millicoinScaleTest[734]" classname="org.bitcoinj.utils.BtcFormatTest" time="0.0"/>
  <testcase name="toStringTest[734]" classname="org.bitcoinj.utils.BtcFormatTest" time="0.0">
    <skipped/>
  </testcase>
  <testcase name="testGrouping[734]" classname="org.bitcoinj.utils.BtcFormatTest" time="0.0"/>
  <testcase name="symbolsCodesTest[734]" classname="org.bitcoinj.utils.BtcFormatTest" time="0.001"/>
  <testcase name="defaultLocaleTest[734]" classname="org.bitcoinj.utils.BtcFormatTest" time="0.0"/>
  <testcase name="parsePositionTest[734]" classname="org.bitcoinj.utils.BtcFormatTest" time="0.0"/>
  <testcase name="argumentTypeTest[734]" classname="org.bitcoinj.utils.BtcFormatTest" time="0.0">
    <skipped/>
  </testcase>
  <testcase name="characterIteratorTest[734]" classname="org.bitcoinj.utils.BtcFormatTest" time="0.0"/>
  <testcase name="repeatingPlaceTest[734]" classname="org.bitcoinj.utils.BtcFormatTest" time="0.001"/>
  <testcase name="currencyCodeTest[734]" classname="org.bitcoinj.utils.BtcFormatTest" time="0.0">
    <skipped/>
  </testcase>
  <testcase name="patternDecimalPlaces[734]" classname="org.bitcoinj.utils.BtcFormatTest" time="0.0"/>
  <testcase name="factoryArgumentsTest[735]" classname="org.bitcoinj.utils.BtcFormatTest" time="0.0"/>
  <testcase name="parseTest[735]" classname="org.bitcoinj.utils.BtcFormatTest" time="0.0">
    <skipped/>
  </testcase>
  <testcase name="microcoinScaleTest[735]" classname="org.bitcoinj.utils.BtcFormatTest" time="0.0"/>
  <testcase name="parseMetricTest[735]" classname="org.bitcoinj.utils.BtcFormatTest" time="0.001"/>
  <testcase name="coinScaleTest[735]" classname="org.bitcoinj.utils.BtcFormatTest" time="0.0"/>
  <testcase name="builderTest[735]" classname="org.bitcoinj.utils.BtcFormatTest" time="0.0">
    <skipped/>
  </testcase>
  <testcase name="attributeTest[735]" classname="org.bitcoinj.utils.BtcFormatTest" time="0.0">
    <skipped/>
  </testcase>
  <testcase name="prefixTest[735]" classname="org.bitcoinj.utils.BtcFormatTest" time="0.0"/>
  <testcase name="suffixTest[735]" classname="org.bitcoinj.utils.BtcFormatTest" time="0.0">
    <skipped/>
  </testcase>
  <testcase name="autoDecimalTest[735]" classname="org.bitcoinj.utils.BtcFormatTest" time="0.001"/>
  <testcase name="symbolCollisionTest[735]" classname="org.bitcoinj.utils.BtcFormatTest" time="0.003"/>
  <testcase name="equalityTest[735]" classname="org.bitcoinj.utils.BtcFormatTest" time="0.001"/>
  <testcase name="columnAlignmentTest[735]" classname="org.bitcoinj.utils.BtcFormatTest" time="0.0"/>
  <testcase name="factoryTest[735]" classname="org.bitcoinj.utils.BtcFormatTest" time="0.001"/>
  <testcase name="parse[735]" classname="org.bitcoinj.utils.BtcFormatTest" time="0.0"/>
  <testcase name="btcRounding[735]" classname="org.bitcoinj.utils.BtcFormatTest" time="0.003"/>
  <testcase name="negativeTest[735]" classname="org.bitcoinj.utils.BtcFormatTest" time="0.0">
    <skipped/>
  </testcase>
  <testcase name="millicoinScaleTest[735]" classname="org.bitcoinj.utils.BtcFormatTest" time="0.0"/>
  <testcase name="toStringTest[735]" classname="org.bitcoinj.utils.BtcFormatTest" time="0.0">
    <skipped/>
  </testcase>
  <testcase name="testGrouping[735]" classname="org.bitcoinj.utils.BtcFormatTest" time="0.0"/>
  <testcase name="symbolsCodesTest[735]" classname="org.bitcoinj.utils.BtcFormatTest" time="0.001"/>
  <testcase name="defaultLocaleTest[735]" classname="org.bitcoinj.utils.BtcFormatTest" time="0.0"/>
  <testcase name="parsePositionTest[735]" classname="org.bitcoinj.utils.BtcFormatTest" time="0.0"/>
  <testcase name="argumentTypeTest[735]" classname="org.bitcoinj.utils.BtcFormatTest" time="0.0">
    <skipped/>
  </testcase>
  <testcase name="characterIteratorTest[735]" classname="org.bitcoinj.utils.BtcFormatTest" time="0.0"/>
  <testcase name="repeatingPlaceTest[735]" classname="org.bitcoinj.utils.BtcFormatTest" time="0.001"/>
  <testcase name="currencyCodeTest[735]" classname="org.bitcoinj.utils.BtcFormatTest" time="0.0">
    <skipped/>
  </testcase>
  <testcase name="patternDecimalPlaces[735]" classname="org.bitcoinj.utils.BtcFormatTest" time="0.0"/>
  <testcase name="factoryArgumentsTest[736]" classname="org.bitcoinj.utils.BtcFormatTest" time="0.001"/>
  <testcase name="parseTest[736]" classname="org.bitcoinj.utils.BtcFormatTest" time="0.0">
    <skipped/>
  </testcase>
  <testcase name="microcoinScaleTest[736]" classname="org.bitcoinj.utils.BtcFormatTest" time="0.0"/>
  <testcase name="parseMetricTest[736]" classname="org.bitcoinj.utils.BtcFormatTest" time="0.001"/>
  <testcase name="coinScaleTest[736]" classname="org.bitcoinj.utils.BtcFormatTest" time="0.0"/>
  <testcase name="builderTest[736]" classname="org.bitcoinj.utils.BtcFormatTest" time="0.0">
    <skipped/>
  </testcase>
  <testcase name="attributeTest[736]" classname="org.bitcoinj.utils.BtcFormatTest" time="0.0">
    <skipped/>
  </testcase>
  <testcase name="prefixTest[736]" classname="org.bitcoinj.utils.BtcFormatTest" time="0.0"/>
  <testcase name="suffixTest[736]" classname="org.bitcoinj.utils.BtcFormatTest" time="0.0">
    <skipped/>
  </testcase>
  <testcase name="autoDecimalTest[736]" classname="org.bitcoinj.utils.BtcFormatTest" time="0.001"/>
  <testcase name="symbolCollisionTest[736]" classname="org.bitcoinj.utils.BtcFormatTest" time="0.002"/>
  <testcase name="equalityTest[736]" classname="org.bitcoinj.utils.BtcFormatTest" time="0.002"/>
  <testcase name="columnAlignmentTest[736]" classname="org.bitcoinj.utils.BtcFormatTest" time="0.0"/>
  <testcase name="factoryTest[736]" classname="org.bitcoinj.utils.BtcFormatTest" time="0.001"/>
  <testcase name="parse[736]" classname="org.bitcoinj.utils.BtcFormatTest" time="0.0"/>
  <testcase name="btcRounding[736]" classname="org.bitcoinj.utils.BtcFormatTest" time="0.002"/>
  <testcase name="negativeTest[736]" classname="org.bitcoinj.utils.BtcFormatTest" time="0.0">
    <skipped/>
  </testcase>
  <testcase name="millicoinScaleTest[736]" classname="org.bitcoinj.utils.BtcFormatTest" time="0.0"/>
  <testcase name="toStringTest[736]" classname="org.bitcoinj.utils.BtcFormatTest" time="0.0">
    <skipped/>
  </testcase>
  <testcase name="testGrouping[736]" classname="org.bitcoinj.utils.BtcFormatTest" time="0.001"/>
  <testcase name="symbolsCodesTest[736]" classname="org.bitcoinj.utils.BtcFormatTest" time="0.001"/>
  <testcase name="defaultLocaleTest[736]" classname="org.bitcoinj.utils.BtcFormatTest" time="0.001"/>
  <testcase name="parsePositionTest[736]" classname="org.bitcoinj.utils.BtcFormatTest" time="0.0"/>
  <testcase name="argumentTypeTest[736]" classname="org.bitcoinj.utils.BtcFormatTest" time="0.0">
    <skipped/>
  </testcase>
  <testcase name="characterIteratorTest[736]" classname="org.bitcoinj.utils.BtcFormatTest" time="0.001"/>
  <testcase name="repeatingPlaceTest[736]" classname="org.bitcoinj.utils.BtcFormatTest" time="0.0"/>
  <testcase name="currencyCodeTest[736]" classname="org.bitcoinj.utils.BtcFormatTest" time="0.0">
    <skipped/>
  </testcase>
  <testcase name="patternDecimalPlaces[736]" classname="org.bitcoinj.utils.BtcFormatTest" time="0.0"/>
  <testcase name="factoryArgumentsTest[737]" classname="org.bitcoinj.utils.BtcFormatTest" time="0.001"/>
  <testcase name="parseTest[737]" classname="org.bitcoinj.utils.BtcFormatTest" time="0.0">
    <skipped/>
  </testcase>
  <testcase name="microcoinScaleTest[737]" classname="org.bitcoinj.utils.BtcFormatTest" time="0.0"/>
  <testcase name="parseMetricTest[737]" classname="org.bitcoinj.utils.BtcFormatTest" time="0.001"/>
  <testcase name="coinScaleTest[737]" classname="org.bitcoinj.utils.BtcFormatTest" time="0.0"/>
  <testcase name="builderTest[737]" classname="org.bitcoinj.utils.BtcFormatTest" time="0.0">
    <skipped/>
  </testcase>
  <testcase name="attributeTest[737]" classname="org.bitcoinj.utils.BtcFormatTest" time="0.0">
    <skipped/>
  </testcase>
  <testcase name="prefixTest[737]" classname="org.bitcoinj.utils.BtcFormatTest" time="0.001"/>
  <testcase name="suffixTest[737]" classname="org.bitcoinj.utils.BtcFormatTest" time="0.0">
    <skipped/>
  </testcase>
  <testcase name="autoDecimalTest[737]" classname="org.bitcoinj.utils.BtcFormatTest" time="0.001"/>
  <testcase name="symbolCollisionTest[737]" classname="org.bitcoinj.utils.BtcFormatTest" time="0.002"/>
  <testcase name="equalityTest[737]" classname="org.bitcoinj.utils.BtcFormatTest" time="0.001"/>
  <testcase name="columnAlignmentTest[737]" classname="org.bitcoinj.utils.BtcFormatTest" time="0.001"/>
  <testcase name="factoryTest[737]" classname="org.bitcoinj.utils.BtcFormatTest" time="0.0"/>
  <testcase name="parse[737]" classname="org.bitcoinj.utils.BtcFormatTest" time="0.001"/>
  <testcase name="btcRounding[737]" classname="org.bitcoinj.utils.BtcFormatTest" time="0.001"/>
  <testcase name="negativeTest[737]" classname="org.bitcoinj.utils.BtcFormatTest" time="0.0">
    <skipped/>
  </testcase>
  <testcase name="millicoinScaleTest[737]" classname="org.bitcoinj.utils.BtcFormatTest" time="0.0"/>
  <testcase name="toStringTest[737]" classname="org.bitcoinj.utils.BtcFormatTest" time="0.0">
    <skipped/>
  </testcase>
  <testcase name="testGrouping[737]" classname="org.bitcoinj.utils.BtcFormatTest" time="0.001"/>
  <testcase name="symbolsCodesTest[737]" classname="org.bitcoinj.utils.BtcFormatTest" time="0.0"/>
  <testcase name="defaultLocaleTest[737]" classname="org.bitcoinj.utils.BtcFormatTest" time="0.0"/>
  <testcase name="parsePositionTest[737]" classname="org.bitcoinj.utils.BtcFormatTest" time="0.001"/>
  <testcase name="argumentTypeTest[737]" classname="org.bitcoinj.utils.BtcFormatTest" time="0.0">
    <skipped/>
  </testcase>
  <testcase name="characterIteratorTest[737]" classname="org.bitcoinj.utils.BtcFormatTest" time="0.0"/>
  <testcase name="repeatingPlaceTest[737]" classname="org.bitcoinj.utils.BtcFormatTest" time="0.0"/>
  <testcase name="currencyCodeTest[737]" classname="org.bitcoinj.utils.BtcFormatTest" time="0.0">
    <skipped/>
  </testcase>
  <testcase name="patternDecimalPlaces[737]" classname="org.bitcoinj.utils.BtcFormatTest" time="0.0"/>
  <testcase name="factoryArgumentsTest[738]" classname="org.bitcoinj.utils.BtcFormatTest" time="0.002"/>
  <testcase name="parseTest[738]" classname="org.bitcoinj.utils.BtcFormatTest" time="0.0">
    <skipped/>
  </testcase>
  <testcase name="microcoinScaleTest[738]" classname="org.bitcoinj.utils.BtcFormatTest" time="0.0"/>
  <testcase name="parseMetricTest[738]" classname="org.bitcoinj.utils.BtcFormatTest" time="0.001"/>
  <testcase name="coinScaleTest[738]" classname="org.bitcoinj.utils.BtcFormatTest" time="0.0"/>
  <testcase name="builderTest[738]" classname="org.bitcoinj.utils.BtcFormatTest" time="0.0">
    <skipped/>
  </testcase>
  <testcase name="attributeTest[738]" classname="org.bitcoinj.utils.BtcFormatTest" time="0.0">
    <skipped/>
  </testcase>
  <testcase name="prefixTest[738]" classname="org.bitcoinj.utils.BtcFormatTest" time="0.0"/>
  <testcase name="suffixTest[738]" classname="org.bitcoinj.utils.BtcFormatTest" time="0.0">
    <skipped/>
  </testcase>
  <testcase name="autoDecimalTest[738]" classname="org.bitcoinj.utils.BtcFormatTest" time="0.001"/>
  <testcase name="symbolCollisionTest[738]" classname="org.bitcoinj.utils.BtcFormatTest" time="0.002"/>
  <testcase name="equalityTest[738]" classname="org.bitcoinj.utils.BtcFormatTest" time="0.001"/>
  <testcase name="columnAlignmentTest[738]" classname="org.bitcoinj.utils.BtcFormatTest" time="0.0"/>
  <testcase name="factoryTest[738]" classname="org.bitcoinj.utils.BtcFormatTest" time="0.001"/>
  <testcase name="parse[738]" classname="org.bitcoinj.utils.BtcFormatTest" time="0.0"/>
  <testcase name="btcRounding[738]" classname="org.bitcoinj.utils.BtcFormatTest" time="0.001"/>
  <testcase name="negativeTest[738]" classname="org.bitcoinj.utils.BtcFormatTest" time="0.0">
    <skipped/>
  </testcase>
  <testcase name="millicoinScaleTest[738]" classname="org.bitcoinj.utils.BtcFormatTest" time="0.0"/>
  <testcase name="toStringTest[738]" classname="org.bitcoinj.utils.BtcFormatTest" time="0.0">
    <skipped/>
  </testcase>
  <testcase name="testGrouping[738]" classname="org.bitcoinj.utils.BtcFormatTest" time="0.001"/>
  <testcase name="symbolsCodesTest[738]" classname="org.bitcoinj.utils.BtcFormatTest" time="0.001"/>
  <testcase name="defaultLocaleTest[738]" classname="org.bitcoinj.utils.BtcFormatTest" time="0.0"/>
  <testcase name="parsePositionTest[738]" classname="org.bitcoinj.utils.BtcFormatTest" time="0.0"/>
  <testcase name="argumentTypeTest[738]" classname="org.bitcoinj.utils.BtcFormatTest" time="0.0">
    <skipped/>
  </testcase>
  <testcase name="characterIteratorTest[738]" classname="org.bitcoinj.utils.BtcFormatTest" time="0.0"/>
  <testcase name="repeatingPlaceTest[738]" classname="org.bitcoinj.utils.BtcFormatTest" time="0.001"/>
  <testcase name="currencyCodeTest[738]" classname="org.bitcoinj.utils.BtcFormatTest" time="0.0">
    <skipped/>
  </testcase>
  <testcase name="patternDecimalPlaces[738]" classname="org.bitcoinj.utils.BtcFormatTest" time="0.001"/>
  <testcase name="factoryArgumentsTest[739]" classname="org.bitcoinj.utils.BtcFormatTest" time="0.001"/>
  <testcase name="parseTest[739]" classname="org.bitcoinj.utils.BtcFormatTest" time="0.0">
    <skipped/>
  </testcase>
  <testcase name="microcoinScaleTest[739]" classname="org.bitcoinj.utils.BtcFormatTest" time="0.0"/>
  <testcase name="parseMetricTest[739]" classname="org.bitcoinj.utils.BtcFormatTest" time="0.001"/>
  <testcase name="coinScaleTest[739]" classname="org.bitcoinj.utils.BtcFormatTest" time="0.0"/>
  <testcase name="builderTest[739]" classname="org.bitcoinj.utils.BtcFormatTest" time="0.0">
    <skipped/>
  </testcase>
  <testcase name="attributeTest[739]" classname="org.bitcoinj.utils.BtcFormatTest" time="0.0">
    <skipped/>
  </testcase>
  <testcase name="prefixTest[739]" classname="org.bitcoinj.utils.BtcFormatTest" time="0.0"/>
  <testcase name="suffixTest[739]" classname="org.bitcoinj.utils.BtcFormatTest" time="0.0">
    <skipped/>
  </testcase>
  <testcase name="autoDecimalTest[739]" classname="org.bitcoinj.utils.BtcFormatTest" time="0.001"/>
  <testcase name="symbolCollisionTest[739]" classname="org.bitcoinj.utils.BtcFormatTest" time="0.003"/>
  <testcase name="equalityTest[739]" classname="org.bitcoinj.utils.BtcFormatTest" time="0.002"/>
  <testcase name="columnAlignmentTest[739]" classname="org.bitcoinj.utils.BtcFormatTest" time="0.0"/>
  <testcase name="factoryTest[739]" classname="org.bitcoinj.utils.BtcFormatTest" time="0.0"/>
  <testcase name="parse[739]" classname="org.bitcoinj.utils.BtcFormatTest" time="0.0"/>
  <testcase name="btcRounding[739]" classname="org.bitcoinj.utils.BtcFormatTest" time="0.002"/>
  <testcase name="negativeTest[739]" classname="org.bitcoinj.utils.BtcFormatTest" time="0.0">
    <skipped/>
  </testcase>
  <testcase name="millicoinScaleTest[739]" classname="org.bitcoinj.utils.BtcFormatTest" time="0.0"/>
  <testcase name="toStringTest[739]" classname="org.bitcoinj.utils.BtcFormatTest" time="0.0">
    <skipped/>
  </testcase>
  <testcase name="testGrouping[739]" classname="org.bitcoinj.utils.BtcFormatTest" time="0.001"/>
  <testcase name="symbolsCodesTest[739]" classname="org.bitcoinj.utils.BtcFormatTest" time="0.0"/>
  <testcase name="defaultLocaleTest[739]" classname="org.bitcoinj.utils.BtcFormatTest" time="0.0"/>
  <testcase name="parsePositionTest[739]" classname="org.bitcoinj.utils.BtcFormatTest" time="0.0"/>
  <testcase name="argumentTypeTest[739]" classname="org.bitcoinj.utils.BtcFormatTest" time="0.0">
    <skipped/>
  </testcase>
  <testcase name="characterIteratorTest[739]" classname="org.bitcoinj.utils.BtcFormatTest" time="0.0"/>
  <testcase name="repeatingPlaceTest[739]" classname="org.bitcoinj.utils.BtcFormatTest" time="0.0"/>
  <testcase name="currencyCodeTest[739]" classname="org.bitcoinj.utils.BtcFormatTest" time="0.0">
    <skipped/>
  </testcase>
  <testcase name="patternDecimalPlaces[739]" classname="org.bitcoinj.utils.BtcFormatTest" time="0.0"/>
  <testcase name="factoryArgumentsTest[740]" classname="org.bitcoinj.utils.BtcFormatTest" time="0.001"/>
  <testcase name="parseTest[740]" classname="org.bitcoinj.utils.BtcFormatTest" time="0.0">
    <skipped/>
  </testcase>
  <testcase name="microcoinScaleTest[740]" classname="org.bitcoinj.utils.BtcFormatTest" time="0.0"/>
  <testcase name="parseMetricTest[740]" classname="org.bitcoinj.utils.BtcFormatTest" time="0.002"/>
  <testcase name="coinScaleTest[740]" classname="org.bitcoinj.utils.BtcFormatTest" time="0.001"/>
  <testcase name="builderTest[740]" classname="org.bitcoinj.utils.BtcFormatTest" time="0.0">
    <skipped/>
  </testcase>
  <testcase name="attributeTest[740]" classname="org.bitcoinj.utils.BtcFormatTest" time="0.0">
    <skipped/>
  </testcase>
  <testcase name="prefixTest[740]" classname="org.bitcoinj.utils.BtcFormatTest" time="0.001"/>
  <testcase name="suffixTest[740]" classname="org.bitcoinj.utils.BtcFormatTest" time="0.0">
    <skipped/>
  </testcase>
  <testcase name="autoDecimalTest[740]" classname="org.bitcoinj.utils.BtcFormatTest" time="0.001"/>
  <testcase name="symbolCollisionTest[740]" classname="org.bitcoinj.utils.BtcFormatTest" time="0.002"/>
  <testcase name="equalityTest[740]" classname="org.bitcoinj.utils.BtcFormatTest" time="0.003"/>
  <testcase name="columnAlignmentTest[740]" classname="org.bitcoinj.utils.BtcFormatTest" time="0.0"/>
  <testcase name="factoryTest[740]" classname="org.bitcoinj.utils.BtcFormatTest" time="0.0"/>
  <testcase name="parse[740]" classname="org.bitcoinj.utils.BtcFormatTest" time="0.0"/>
  <testcase name="btcRounding[740]" classname="org.bitcoinj.utils.BtcFormatTest" time="0.001"/>
  <testcase name="negativeTest[740]" classname="org.bitcoinj.utils.BtcFormatTest" time="0.0">
    <skipped/>
  </testcase>
  <testcase name="millicoinScaleTest[740]" classname="org.bitcoinj.utils.BtcFormatTest" time="0.0"/>
  <testcase name="toStringTest[740]" classname="org.bitcoinj.utils.BtcFormatTest" time="0.0">
    <skipped/>
  </testcase>
  <testcase name="testGrouping[740]" classname="org.bitcoinj.utils.BtcFormatTest" time="0.0"/>
  <testcase name="symbolsCodesTest[740]" classname="org.bitcoinj.utils.BtcFormatTest" time="0.001"/>
  <testcase name="defaultLocaleTest[740]" classname="org.bitcoinj.utils.BtcFormatTest" time="0.0"/>
  <testcase name="parsePositionTest[740]" classname="org.bitcoinj.utils.BtcFormatTest" time="0.0"/>
  <testcase name="argumentTypeTest[740]" classname="org.bitcoinj.utils.BtcFormatTest" time="0.0">
    <skipped/>
  </testcase>
  <testcase name="characterIteratorTest[740]" classname="org.bitcoinj.utils.BtcFormatTest" time="0.0"/>
  <testcase name="repeatingPlaceTest[740]" classname="org.bitcoinj.utils.BtcFormatTest" time="0.0"/>
  <testcase name="currencyCodeTest[740]" classname="org.bitcoinj.utils.BtcFormatTest" time="0.0">
    <skipped/>
  </testcase>
  <testcase name="patternDecimalPlaces[740]" classname="org.bitcoinj.utils.BtcFormatTest" time="0.001"/>
  <testcase name="factoryArgumentsTest[741]" classname="org.bitcoinj.utils.BtcFormatTest" time="0.0"/>
  <testcase name="parseTest[741]" classname="org.bitcoinj.utils.BtcFormatTest" time="0.0">
    <skipped/>
  </testcase>
  <testcase name="microcoinScaleTest[741]" classname="org.bitcoinj.utils.BtcFormatTest" time="0.001"/>
  <testcase name="parseMetricTest[741]" classname="org.bitcoinj.utils.BtcFormatTest" time="0.001"/>
  <testcase name="coinScaleTest[741]" classname="org.bitcoinj.utils.BtcFormatTest" time="0.0"/>
  <testcase name="builderTest[741]" classname="org.bitcoinj.utils.BtcFormatTest" time="0.0">
    <skipped/>
  </testcase>
  <testcase name="attributeTest[741]" classname="org.bitcoinj.utils.BtcFormatTest" time="0.0">
    <skipped/>
  </testcase>
  <testcase name="prefixTest[741]" classname="org.bitcoinj.utils.BtcFormatTest" time="0.0"/>
  <testcase name="suffixTest[741]" classname="org.bitcoinj.utils.BtcFormatTest" time="0.0">
    <skipped/>
  </testcase>
  <testcase name="autoDecimalTest[741]" classname="org.bitcoinj.utils.BtcFormatTest" time="0.001"/>
  <testcase name="symbolCollisionTest[741]" classname="org.bitcoinj.utils.BtcFormatTest" time="0.002"/>
  <testcase name="equalityTest[741]" classname="org.bitcoinj.utils.BtcFormatTest" time="0.001"/>
  <testcase name="columnAlignmentTest[741]" classname="org.bitcoinj.utils.BtcFormatTest" time="0.0"/>
  <testcase name="factoryTest[741]" classname="org.bitcoinj.utils.BtcFormatTest" time="0.001"/>
  <testcase name="parse[741]" classname="org.bitcoinj.utils.BtcFormatTest" time="0.0"/>
  <testcase name="btcRounding[741]" classname="org.bitcoinj.utils.BtcFormatTest" time="0.001"/>
  <testcase name="negativeTest[741]" classname="org.bitcoinj.utils.BtcFormatTest" time="0.0">
    <skipped/>
  </testcase>
  <testcase name="millicoinScaleTest[741]" classname="org.bitcoinj.utils.BtcFormatTest" time="0.0"/>
  <testcase name="toStringTest[741]" classname="org.bitcoinj.utils.BtcFormatTest" time="0.0">
    <skipped/>
  </testcase>
  <testcase name="testGrouping[741]" classname="org.bitcoinj.utils.BtcFormatTest" time="0.0"/>
  <testcase name="symbolsCodesTest[741]" classname="org.bitcoinj.utils.BtcFormatTest" time="0.001"/>
  <testcase name="defaultLocaleTest[741]" classname="org.bitcoinj.utils.BtcFormatTest" time="0.0"/>
  <testcase name="parsePositionTest[741]" classname="org.bitcoinj.utils.BtcFormatTest" time="0.0"/>
  <testcase name="argumentTypeTest[741]" classname="org.bitcoinj.utils.BtcFormatTest" time="0.0">
    <skipped/>
  </testcase>
  <testcase name="characterIteratorTest[741]" classname="org.bitcoinj.utils.BtcFormatTest" time="0.0"/>
  <testcase name="repeatingPlaceTest[741]" classname="org.bitcoinj.utils.BtcFormatTest" time="0.001"/>
  <testcase name="currencyCodeTest[741]" classname="org.bitcoinj.utils.BtcFormatTest" time="0.0">
    <skipped/>
  </testcase>
  <testcase name="patternDecimalPlaces[741]" classname="org.bitcoinj.utils.BtcFormatTest" time="0.0"/>
  <testcase name="factoryArgumentsTest[742]" classname="org.bitcoinj.utils.BtcFormatTest" time="0.0"/>
  <testcase name="parseTest[742]" classname="org.bitcoinj.utils.BtcFormatTest" time="0.0">
    <skipped/>
  </testcase>
  <testcase name="microcoinScaleTest[742]" classname="org.bitcoinj.utils.BtcFormatTest" time="0.001"/>
  <testcase name="parseMetricTest[742]" classname="org.bitcoinj.utils.BtcFormatTest" time="0.001"/>
  <testcase name="coinScaleTest[742]" classname="org.bitcoinj.utils.BtcFormatTest" time="0.0"/>
  <testcase name="builderTest[742]" classname="org.bitcoinj.utils.BtcFormatTest" time="0.0">
    <skipped/>
  </testcase>
  <testcase name="attributeTest[742]" classname="org.bitcoinj.utils.BtcFormatTest" time="0.0">
    <skipped/>
  </testcase>
  <testcase name="prefixTest[742]" classname="org.bitcoinj.utils.BtcFormatTest" time="0.0"/>
  <testcase name="suffixTest[742]" classname="org.bitcoinj.utils.BtcFormatTest" time="0.0">
    <skipped/>
  </testcase>
  <testcase name="autoDecimalTest[742]" classname="org.bitcoinj.utils.BtcFormatTest" time="0.001"/>
  <testcase name="symbolCollisionTest[742]" classname="org.bitcoinj.utils.BtcFormatTest" time="0.002"/>
  <testcase name="equalityTest[742]" classname="org.bitcoinj.utils.BtcFormatTest" time="0.001"/>
  <testcase name="columnAlignmentTest[742]" classname="org.bitcoinj.utils.BtcFormatTest" time="0.001"/>
  <testcase name="factoryTest[742]" classname="org.bitcoinj.utils.BtcFormatTest" time="0.0"/>
  <testcase name="parse[742]" classname="org.bitcoinj.utils.BtcFormatTest" time="0.0"/>
  <testcase name="btcRounding[742]" classname="org.bitcoinj.utils.BtcFormatTest" time="0.001"/>
  <testcase name="negativeTest[742]" classname="org.bitcoinj.utils.BtcFormatTest" time="0.0">
    <skipped/>
  </testcase>
  <testcase name="millicoinScaleTest[742]" classname="org.bitcoinj.utils.BtcFormatTest" time="0.0"/>
  <testcase name="toStringTest[742]" classname="org.bitcoinj.utils.BtcFormatTest" time="0.0">
    <skipped/>
  </testcase>
  <testcase name="testGrouping[742]" classname="org.bitcoinj.utils.BtcFormatTest" time="0.001"/>
  <testcase name="symbolsCodesTest[742]" classname="org.bitcoinj.utils.BtcFormatTest" time="0.0"/>
  <testcase name="defaultLocaleTest[742]" classname="org.bitcoinj.utils.BtcFormatTest" time="0.0"/>
  <testcase name="parsePositionTest[742]" classname="org.bitcoinj.utils.BtcFormatTest" time="0.001"/>
  <testcase name="argumentTypeTest[742]" classname="org.bitcoinj.utils.BtcFormatTest" time="0.0">
    <skipped/>
  </testcase>
  <testcase name="characterIteratorTest[742]" classname="org.bitcoinj.utils.BtcFormatTest" time="0.0"/>
  <testcase name="repeatingPlaceTest[742]" classname="org.bitcoinj.utils.BtcFormatTest" time="0.0"/>
  <testcase name="currencyCodeTest[742]" classname="org.bitcoinj.utils.BtcFormatTest" time="0.0">
    <skipped/>
  </testcase>
  <testcase name="patternDecimalPlaces[742]" classname="org.bitcoinj.utils.BtcFormatTest" time="0.001"/>
  <testcase name="factoryArgumentsTest[743]" classname="org.bitcoinj.utils.BtcFormatTest" time="0.001"/>
  <testcase name="parseTest[743]" classname="org.bitcoinj.utils.BtcFormatTest" time="0.0">
    <skipped/>
  </testcase>
  <testcase name="microcoinScaleTest[743]" classname="org.bitcoinj.utils.BtcFormatTest" time="0.0"/>
  <testcase name="parseMetricTest[743]" classname="org.bitcoinj.utils.BtcFormatTest" time="0.002"/>
  <testcase name="coinScaleTest[743]" classname="org.bitcoinj.utils.BtcFormatTest" time="0.0"/>
  <testcase name="builderTest[743]" classname="org.bitcoinj.utils.BtcFormatTest" time="0.0">
    <skipped/>
  </testcase>
  <testcase name="attributeTest[743]" classname="org.bitcoinj.utils.BtcFormatTest" time="0.0">
    <skipped/>
  </testcase>
  <testcase name="prefixTest[743]" classname="org.bitcoinj.utils.BtcFormatTest" time="0.0"/>
  <testcase name="suffixTest[743]" classname="org.bitcoinj.utils.BtcFormatTest" time="0.0">
    <skipped/>
  </testcase>
  <testcase name="autoDecimalTest[743]" classname="org.bitcoinj.utils.BtcFormatTest" time="0.002"/>
  <testcase name="symbolCollisionTest[743]" classname="org.bitcoinj.utils.BtcFormatTest" time="0.002"/>
  <testcase name="equalityTest[743]" classname="org.bitcoinj.utils.BtcFormatTest" time="0.002"/>
  <testcase name="columnAlignmentTest[743]" classname="org.bitcoinj.utils.BtcFormatTest" time="0.0"/>
  <testcase name="factoryTest[743]" classname="org.bitcoinj.utils.BtcFormatTest" time="0.0"/>
  <testcase name="parse[743]" classname="org.bitcoinj.utils.BtcFormatTest" time="0.0"/>
  <testcase name="btcRounding[743]" classname="org.bitcoinj.utils.BtcFormatTest" time="0.001"/>
  <testcase name="negativeTest[743]" classname="org.bitcoinj.utils.BtcFormatTest" time="0.0">
    <skipped/>
  </testcase>
  <testcase name="millicoinScaleTest[743]" classname="org.bitcoinj.utils.BtcFormatTest" time="0.0"/>
  <testcase name="toStringTest[743]" classname="org.bitcoinj.utils.BtcFormatTest" time="0.0">
    <skipped/>
  </testcase>
  <testcase name="testGrouping[743]" classname="org.bitcoinj.utils.BtcFormatTest" time="0.001"/>
  <testcase name="symbolsCodesTest[743]" classname="org.bitcoinj.utils.BtcFormatTest" time="0.0"/>
  <testcase name="defaultLocaleTest[743]" classname="org.bitcoinj.utils.BtcFormatTest" time="0.0"/>
  <testcase name="parsePositionTest[743]" classname="org.bitcoinj.utils.BtcFormatTest" time="0.0"/>
  <testcase name="argumentTypeTest[743]" classname="org.bitcoinj.utils.BtcFormatTest" time="0.0">
    <skipped/>
  </testcase>
  <testcase name="characterIteratorTest[743]" classname="org.bitcoinj.utils.BtcFormatTest" time="0.0"/>
  <testcase name="repeatingPlaceTest[743]" classname="org.bitcoinj.utils.BtcFormatTest" time="0.0"/>
  <testcase name="currencyCodeTest[743]" classname="org.bitcoinj.utils.BtcFormatTest" time="0.0">
    <skipped/>
  </testcase>
  <testcase name="patternDecimalPlaces[743]" classname="org.bitcoinj.utils.BtcFormatTest" time="0.0"/>
  <testcase name="factoryArgumentsTest[744]" classname="org.bitcoinj.utils.BtcFormatTest" time="0.001"/>
  <testcase name="parseTest[744]" classname="org.bitcoinj.utils.BtcFormatTest" time="0.0">
    <skipped/>
  </testcase>
  <testcase name="microcoinScaleTest[744]" classname="org.bitcoinj.utils.BtcFormatTest" time="0.0"/>
  <testcase name="parseMetricTest[744]" classname="org.bitcoinj.utils.BtcFormatTest" time="0.001"/>
  <testcase name="coinScaleTest[744]" classname="org.bitcoinj.utils.BtcFormatTest" time="0.0"/>
  <testcase name="builderTest[744]" classname="org.bitcoinj.utils.BtcFormatTest" time="0.0">
    <skipped/>
  </testcase>
  <testcase name="attributeTest[744]" classname="org.bitcoinj.utils.BtcFormatTest" time="0.0">
    <skipped/>
  </testcase>
  <testcase name="prefixTest[744]" classname="org.bitcoinj.utils.BtcFormatTest" time="0.001"/>
  <testcase name="suffixTest[744]" classname="org.bitcoinj.utils.BtcFormatTest" time="0.0">
    <skipped/>
  </testcase>
  <testcase name="autoDecimalTest[744]" classname="org.bitcoinj.utils.BtcFormatTest" time="0.001"/>
  <testcase name="symbolCollisionTest[744]" classname="org.bitcoinj.utils.BtcFormatTest" time="0.004"/>
  <testcase name="equalityTest[744]" classname="org.bitcoinj.utils.BtcFormatTest" time="0.003"/>
  <testcase name="columnAlignmentTest[744]" classname="org.bitcoinj.utils.BtcFormatTest" time="0.001"/>
  <testcase name="factoryTest[744]" classname="org.bitcoinj.utils.BtcFormatTest" time="0.0"/>
  <testcase name="parse[744]" classname="org.bitcoinj.utils.BtcFormatTest" time="0.0"/>
  <testcase name="btcRounding[744]" classname="org.bitcoinj.utils.BtcFormatTest" time="0.001"/>
  <testcase name="negativeTest[744]" classname="org.bitcoinj.utils.BtcFormatTest" time="0.0">
    <skipped/>
  </testcase>
  <testcase name="millicoinScaleTest[744]" classname="org.bitcoinj.utils.BtcFormatTest" time="0.0"/>
  <testcase name="toStringTest[744]" classname="org.bitcoinj.utils.BtcFormatTest" time="0.0">
    <skipped/>
  </testcase>
  <testcase name="testGrouping[744]" classname="org.bitcoinj.utils.BtcFormatTest" time="0.0"/>
  <testcase name="symbolsCodesTest[744]" classname="org.bitcoinj.utils.BtcFormatTest" time="0.002"/>
  <testcase name="defaultLocaleTest[744]" classname="org.bitcoinj.utils.BtcFormatTest" time="0.0"/>
  <testcase name="parsePositionTest[744]" classname="org.bitcoinj.utils.BtcFormatTest" time="0.0"/>
  <testcase name="argumentTypeTest[744]" classname="org.bitcoinj.utils.BtcFormatTest" time="0.0">
    <skipped/>
  </testcase>
  <testcase name="characterIteratorTest[744]" classname="org.bitcoinj.utils.BtcFormatTest" time="0.0"/>
  <testcase name="repeatingPlaceTest[744]" classname="org.bitcoinj.utils.BtcFormatTest" time="0.001"/>
  <testcase name="currencyCodeTest[744]" classname="org.bitcoinj.utils.BtcFormatTest" time="0.0">
    <skipped/>
  </testcase>
  <testcase name="patternDecimalPlaces[744]" classname="org.bitcoinj.utils.BtcFormatTest" time="0.0"/>
  <testcase name="factoryArgumentsTest[745]" classname="org.bitcoinj.utils.BtcFormatTest" time="0.001"/>
  <testcase name="parseTest[745]" classname="org.bitcoinj.utils.BtcFormatTest" time="0.0">
    <skipped/>
  </testcase>
  <testcase name="microcoinScaleTest[745]" classname="org.bitcoinj.utils.BtcFormatTest" time="0.0"/>
  <testcase name="parseMetricTest[745]" classname="org.bitcoinj.utils.BtcFormatTest" time="0.001"/>
  <testcase name="coinScaleTest[745]" classname="org.bitcoinj.utils.BtcFormatTest" time="0.0"/>
  <testcase name="builderTest[745]" classname="org.bitcoinj.utils.BtcFormatTest" time="0.0">
    <skipped/>
  </testcase>
  <testcase name="attributeTest[745]" classname="org.bitcoinj.utils.BtcFormatTest" time="0.0">
    <skipped/>
  </testcase>
  <testcase name="prefixTest[745]" classname="org.bitcoinj.utils.BtcFormatTest" time="0.0"/>
  <testcase name="suffixTest[745]" classname="org.bitcoinj.utils.BtcFormatTest" time="0.0">
    <skipped/>
  </testcase>
  <testcase name="autoDecimalTest[745]" classname="org.bitcoinj.utils.BtcFormatTest" time="0.001"/>
  <testcase name="symbolCollisionTest[745]" classname="org.bitcoinj.utils.BtcFormatTest" time="0.003"/>
  <testcase name="equalityTest[745]" classname="org.bitcoinj.utils.BtcFormatTest" time="0.003"/>
  <testcase name="columnAlignmentTest[745]" classname="org.bitcoinj.utils.BtcFormatTest" time="0.001"/>
  <testcase name="factoryTest[745]" classname="org.bitcoinj.utils.BtcFormatTest" time="0.0"/>
  <testcase name="parse[745]" classname="org.bitcoinj.utils.BtcFormatTest" time="0.0"/>
  <testcase name="btcRounding[745]" classname="org.bitcoinj.utils.BtcFormatTest" time="0.002"/>
  <testcase name="negativeTest[745]" classname="org.bitcoinj.utils.BtcFormatTest" time="0.0">
    <skipped/>
  </testcase>
  <testcase name="millicoinScaleTest[745]" classname="org.bitcoinj.utils.BtcFormatTest" time="0.0"/>
  <testcase name="toStringTest[745]" classname="org.bitcoinj.utils.BtcFormatTest" time="0.0">
    <skipped/>
  </testcase>
  <testcase name="testGrouping[745]" classname="org.bitcoinj.utils.BtcFormatTest" time="0.0"/>
  <testcase name="symbolsCodesTest[745]" classname="org.bitcoinj.utils.BtcFormatTest" time="0.001"/>
  <testcase name="defaultLocaleTest[745]" classname="org.bitcoinj.utils.BtcFormatTest" time="0.0"/>
  <testcase name="parsePositionTest[745]" classname="org.bitcoinj.utils.BtcFormatTest" time="0.001"/>
  <testcase name="argumentTypeTest[745]" classname="org.bitcoinj.utils.BtcFormatTest" time="0.0">
    <skipped/>
  </testcase>
  <testcase name="characterIteratorTest[745]" classname="org.bitcoinj.utils.BtcFormatTest" time="0.0"/>
  <testcase name="repeatingPlaceTest[745]" classname="org.bitcoinj.utils.BtcFormatTest" time="0.001"/>
  <testcase name="currencyCodeTest[745]" classname="org.bitcoinj.utils.BtcFormatTest" time="0.0">
    <skipped/>
  </testcase>
  <testcase name="patternDecimalPlaces[745]" classname="org.bitcoinj.utils.BtcFormatTest" time="0.0"/>
  <testcase name="factoryArgumentsTest[746]" classname="org.bitcoinj.utils.BtcFormatTest" time="0.003"/>
  <testcase name="parseTest[746]" classname="org.bitcoinj.utils.BtcFormatTest" time="0.0">
    <skipped/>
  </testcase>
  <testcase name="microcoinScaleTest[746]" classname="org.bitcoinj.utils.BtcFormatTest" time="0.001"/>
  <testcase name="parseMetricTest[746]" classname="org.bitcoinj.utils.BtcFormatTest" time="0.002"/>
  <testcase name="coinScaleTest[746]" classname="org.bitcoinj.utils.BtcFormatTest" time="0.001"/>
  <testcase name="builderTest[746]" classname="org.bitcoinj.utils.BtcFormatTest" time="0.0">
    <skipped/>
  </testcase>
  <testcase name="attributeTest[746]" classname="org.bitcoinj.utils.BtcFormatTest" time="0.001">
    <skipped/>
  </testcase>
  <testcase name="prefixTest[746]" classname="org.bitcoinj.utils.BtcFormatTest" time="0.0"/>
  <testcase name="suffixTest[746]" classname="org.bitcoinj.utils.BtcFormatTest" time="0.0">
    <skipped/>
  </testcase>
  <testcase name="autoDecimalTest[746]" classname="org.bitcoinj.utils.BtcFormatTest" time="0.001"/>
  <testcase name="symbolCollisionTest[746]" classname="org.bitcoinj.utils.BtcFormatTest" time="0.002"/>
  <testcase name="equalityTest[746]" classname="org.bitcoinj.utils.BtcFormatTest" time="0.002"/>
  <testcase name="columnAlignmentTest[746]" classname="org.bitcoinj.utils.BtcFormatTest" time="0.0"/>
  <testcase name="factoryTest[746]" classname="org.bitcoinj.utils.BtcFormatTest" time="0.001"/>
  <testcase name="parse[746]" classname="org.bitcoinj.utils.BtcFormatTest" time="0.0"/>
  <testcase name="btcRounding[746]" classname="org.bitcoinj.utils.BtcFormatTest" time="0.003"/>
  <testcase name="negativeTest[746]" classname="org.bitcoinj.utils.BtcFormatTest" time="0.0">
    <skipped/>
  </testcase>
  <testcase name="millicoinScaleTest[746]" classname="org.bitcoinj.utils.BtcFormatTest" time="0.0"/>
  <testcase name="toStringTest[746]" classname="org.bitcoinj.utils.BtcFormatTest" time="0.0">
    <skipped/>
  </testcase>
  <testcase name="testGrouping[746]" classname="org.bitcoinj.utils.BtcFormatTest" time="0.001"/>
  <testcase name="symbolsCodesTest[746]" classname="org.bitcoinj.utils.BtcFormatTest" time="0.001"/>
  <testcase name="defaultLocaleTest[746]" classname="org.bitcoinj.utils.BtcFormatTest" time="0.0"/>
  <testcase name="parsePositionTest[746]" classname="org.bitcoinj.utils.BtcFormatTest" time="0.0"/>
  <testcase name="argumentTypeTest[746]" classname="org.bitcoinj.utils.BtcFormatTest" time="0.0">
    <skipped/>
  </testcase>
  <testcase name="characterIteratorTest[746]" classname="org.bitcoinj.utils.BtcFormatTest" time="0.0"/>
  <testcase name="repeatingPlaceTest[746]" classname="org.bitcoinj.utils.BtcFormatTest" time="0.0"/>
  <testcase name="currencyCodeTest[746]" classname="org.bitcoinj.utils.BtcFormatTest" time="0.0">
    <skipped/>
  </testcase>
  <testcase name="patternDecimalPlaces[746]" classname="org.bitcoinj.utils.BtcFormatTest" time="0.0"/>
  <testcase name="factoryArgumentsTest[747]" classname="org.bitcoinj.utils.BtcFormatTest" time="0.001"/>
  <testcase name="parseTest[747]" classname="org.bitcoinj.utils.BtcFormatTest" time="0.0">
    <skipped/>
  </testcase>
  <testcase name="microcoinScaleTest[747]" classname="org.bitcoinj.utils.BtcFormatTest" time="0.0"/>
  <testcase name="parseMetricTest[747]" classname="org.bitcoinj.utils.BtcFormatTest" time="0.001"/>
  <testcase name="coinScaleTest[747]" classname="org.bitcoinj.utils.BtcFormatTest" time="0.0"/>
  <testcase name="builderTest[747]" classname="org.bitcoinj.utils.BtcFormatTest" time="0.0">
    <skipped/>
  </testcase>
  <testcase name="attributeTest[747]" classname="org.bitcoinj.utils.BtcFormatTest" time="0.0">
    <skipped/>
  </testcase>
  <testcase name="prefixTest[747]" classname="org.bitcoinj.utils.BtcFormatTest" time="0.0"/>
  <testcase name="suffixTest[747]" classname="org.bitcoinj.utils.BtcFormatTest" time="0.0">
    <skipped/>
  </testcase>
  <testcase name="autoDecimalTest[747]" classname="org.bitcoinj.utils.BtcFormatTest" time="0.001"/>
  <testcase name="symbolCollisionTest[747]" classname="org.bitcoinj.utils.BtcFormatTest" time="0.002"/>
  <testcase name="equalityTest[747]" classname="org.bitcoinj.utils.BtcFormatTest" time="0.002"/>
  <testcase name="columnAlignmentTest[747]" classname="org.bitcoinj.utils.BtcFormatTest" time="0.001"/>
  <testcase name="factoryTest[747]" classname="org.bitcoinj.utils.BtcFormatTest" time="0.0"/>
  <testcase name="parse[747]" classname="org.bitcoinj.utils.BtcFormatTest" time="0.0"/>
  <testcase name="btcRounding[747]" classname="org.bitcoinj.utils.BtcFormatTest" time="0.001"/>
  <testcase name="negativeTest[747]" classname="org.bitcoinj.utils.BtcFormatTest" time="0.0">
    <skipped/>
  </testcase>
  <testcase name="millicoinScaleTest[747]" classname="org.bitcoinj.utils.BtcFormatTest" time="0.001"/>
  <testcase name="toStringTest[747]" classname="org.bitcoinj.utils.BtcFormatTest" time="0.0">
    <skipped/>
  </testcase>
  <testcase name="testGrouping[747]" classname="org.bitcoinj.utils.BtcFormatTest" time="0.0"/>
  <testcase name="symbolsCodesTest[747]" classname="org.bitcoinj.utils.BtcFormatTest" time="0.003"/>
  <testcase name="defaultLocaleTest[747]" classname="org.bitcoinj.utils.BtcFormatTest" time="0.0"/>
  <testcase name="parsePositionTest[747]" classname="org.bitcoinj.utils.BtcFormatTest" time="0.001"/>
  <testcase name="argumentTypeTest[747]" classname="org.bitcoinj.utils.BtcFormatTest" time="0.0">
    <skipped/>
  </testcase>
  <testcase name="characterIteratorTest[747]" classname="org.bitcoinj.utils.BtcFormatTest" time="0.001"/>
  <testcase name="repeatingPlaceTest[747]" classname="org.bitcoinj.utils.BtcFormatTest" time="0.001"/>
  <testcase name="currencyCodeTest[747]" classname="org.bitcoinj.utils.BtcFormatTest" time="0.0">
    <skipped/>
  </testcase>
  <testcase name="patternDecimalPlaces[747]" classname="org.bitcoinj.utils.BtcFormatTest" time="0.0"/>
  <system-out><![CDATA[]]></system-out>
  <system-err><![CDATA[]]></system-err>
</testsuite>
