<?xml version="1.0" encoding="UTF-8"?>
<testsuite name="org.bitcoinj.utils.BtcFixedFormatThrowsIllegalStateExceptionTest" tests="1" skipped="0" failures="0" errors="0" timestamp="2019-03-25T22:24:31" hostname="IO-2.local" time="0.023">
  <properties/>
  <testcase name="testScaleThrowsIllegalStateException" classname="org.bitcoinj.utils.BtcFixedFormatThrowsIllegalStateExceptionTest" time="0.023"/>
  <system-out><![CDATA[]]></system-out>
  <system-err><![CDATA[]]></system-err>
</testsuite>
