<?xml version="1.0" encoding="UTF-8"?>
<testsuite name="org.bitcoinj.core.UTXOTest" tests="1" skipped="0" failures="0" errors="0" timestamp="2019-03-25T22:24:27" hostname="IO-2.local" time="0.002">
  <properties/>
  <testcase name="testJavaSerialization" classname="org.bitcoinj.core.UTXOTest" time="0.002"/>
  <system-out><![CDATA[]]></system-out>
  <system-err><![CDATA[]]></system-err>
</testsuite>
