<?xml version="1.0" encoding="UTF-8"?>
<testsuite name="org.bitcoinj.core.UtilsTest" tests="13" skipped="0" failures="0" errors="0" timestamp="2019-03-25T22:24:09" hostname="IO-2.local" time="0.004">
  <properties/>
  <testcase name="bigIntegerToBytes_singleByteSignDoesNotFit" classname="org.bitcoinj.core.UtilsTest" time="0.0"/>
  <testcase name="bigIntegerToBytes_convertNegativeNumber" classname="org.bitcoinj.core.UtilsTest" time="0.0"/>
  <testcase name="bigIntegerToBytes_convertWithNegativeLength" classname="org.bitcoinj.core.UtilsTest" time="0.0"/>
  <testcase name="bigIntegerToBytes_convertWithZeroLength" classname="org.bitcoinj.core.UtilsTest" time="0.0"/>
  <testcase name="compactEncoding" classname="org.bitcoinj.core.UtilsTest" time="0.001"/>
  <testcase name="bigIntegerToBytes_insufficientLength" classname="org.bitcoinj.core.UtilsTest" time="0.0"/>
  <testcase name="testMaxOfMostFreq" classname="org.bitcoinj.core.UtilsTest" time="0.0"/>
  <testcase name="testReverseBytes" classname="org.bitcoinj.core.UtilsTest" time="0.001"/>
  <testcase name="bigIntegerToBytes_paddedSingleByte" classname="org.bitcoinj.core.UtilsTest" time="0.0"/>
  <testcase name="runtime" classname="org.bitcoinj.core.UtilsTest" time="0.0"/>
  <testcase name="bigIntegerToBytes_convertZero" classname="org.bitcoinj.core.UtilsTest" time="0.0"/>
  <testcase name="dateTimeFormat" classname="org.bitcoinj.core.UtilsTest" time="0.0"/>
  <testcase name="bigIntegerToBytes_singleByteSignFit" classname="org.bitcoinj.core.UtilsTest" time="0.0"/>
  <system-out><![CDATA[]]></system-out>
  <system-err><![CDATA[]]></system-err>
</testsuite>
