<?xml version="1.0" encoding="UTF-8"?>
<testsuite name="org.bitcoinj.utils.ExponentialBackoffTest" tests="3" skipped="0" failures="0" errors="0" timestamp="2019-03-25T22:24:31" hostname="IO-2.local" time="0.0">
  <properties/>
  <testcase name="testFailure" classname="org.bitcoinj.utils.ExponentialBackoffTest" time="0.0"/>
  <testcase name="testInQueue" classname="org.bitcoinj.utils.ExponentialBackoffTest" time="0.0"/>
  <testcase name="testSuccess" classname="org.bitcoinj.utils.ExponentialBackoffTest" time="0.0"/>
  <system-out><![CDATA[]]></system-out>
  <system-err><![CDATA[]]></system-err>
</testsuite>
