<?xml version="1.0" encoding="UTF-8"?>
<testsuite name="org.bitcoinj.core.FilteredBlockAndPartialMerkleTreeTests" tests="10" skipped="0" failures="0" errors="0" timestamp="2019-03-25T22:24:31" hostname="IO-2.local" time="0.093">
  <properties/>
  <testcase name="deserializeFilteredBlock[0]" classname="org.bitcoinj.core.FilteredBlockAndPartialMerkleTreeTests" time="0.006"/>
  <testcase name="parseHugeDeclaredSizePartialMerkleTree[0]" classname="org.bitcoinj.core.FilteredBlockAndPartialMerkleTreeTests" time="0.005"/>
  <testcase name="createFilteredBlock[0]" classname="org.bitcoinj.core.FilteredBlockAndPartialMerkleTreeTests" time="0.011"/>
  <testcase name="merkleTreeMalleability[0]" classname="org.bitcoinj.core.FilteredBlockAndPartialMerkleTreeTests" time="0.008"/>
  <testcase name="serializeDownloadBlockWithWallet[0]" classname="org.bitcoinj.core.FilteredBlockAndPartialMerkleTreeTests" time="0.022"/>
  <testcase name="deserializeFilteredBlock[1]" classname="org.bitcoinj.core.FilteredBlockAndPartialMerkleTreeTests" time="0.005"/>
  <testcase name="parseHugeDeclaredSizePartialMerkleTree[1]" classname="org.bitcoinj.core.FilteredBlockAndPartialMerkleTreeTests" time="0.005"/>
  <testcase name="createFilteredBlock[1]" classname="org.bitcoinj.core.FilteredBlockAndPartialMerkleTreeTests" time="0.007"/>
  <testcase name="merkleTreeMalleability[1]" classname="org.bitcoinj.core.FilteredBlockAndPartialMerkleTreeTests" time="0.005"/>
  <testcase name="serializeDownloadBlockWithWallet[1]" classname="org.bitcoinj.core.FilteredBlockAndPartialMerkleTreeTests" time="0.018"/>
  <system-out><![CDATA[]]></system-out>
  <system-err><![CDATA[15:24:31 12 Context.<init>: Creating bitcoinj 0.16-SNAPSHOT context.
15:24:31 12 Context.<init>: Creating bitcoinj 0.16-SNAPSHOT context.
15:24:31 12 AbstractBlockChain.<init>: chain head is at height 100000:
 block: 
   hash: 000000000003ba27aa200b1cecaad478d2b00432346c3f1f3986da1afd33e506
   version: 1
   previous block: 000000000002d01c1fccc21636b607dfd930d31d01c3a62104612a1719011250
   time: 1293623863 (2010-12-29T11:57:43Z)
   difficulty target (nBits): 453281356
   nonce: 274148111

15:24:31 12 AbstractBlockChain.addWallet: Wallet/chain height mismatch: 0 vs 100000
15:24:31 12 AbstractBlockChain.addWallet: Hashes: null vs 000000000003ba27aa200b1cecaad478d2b00432346c3f1f3986da1afd33e506
15:24:31 12 Context.<init>: Creating bitcoinj 0.16-SNAPSHOT context.
15:24:31 12 Context.<init>: Creating bitcoinj 0.16-SNAPSHOT context.
15:24:31 12 AbstractBlockChain.<init>: chain head is at height 100000:
 block: 
   hash: 000000000003ba27aa200b1cecaad478d2b00432346c3f1f3986da1afd33e506
   version: 1
   previous block: 000000000002d01c1fccc21636b607dfd930d31d01c3a62104612a1719011250
   time: 1293623863 (2010-12-29T11:57:43Z)
   difficulty target (nBits): 453281356
   nonce: 274148111

15:24:31 12 AbstractBlockChain.addWallet: Wallet/chain height mismatch: 0 vs 100000
15:24:31 12 AbstractBlockChain.addWallet: Hashes: null vs 000000000003ba27aa200b1cecaad478d2b00432346c3f1f3986da1afd33e506
15:24:31 12 Context.<init>: Creating bitcoinj 0.16-SNAPSHOT context.
15:24:31 12 Context.<init>: Creating bitcoinj 0.16-SNAPSHOT context.
15:24:31 12 AbstractBlockChain.<init>: chain head is at height 100000:
 block: 
   hash: 000000000003ba27aa200b1cecaad478d2b00432346c3f1f3986da1afd33e506
   version: 1
   previous block: 000000000002d01c1fccc21636b607dfd930d31d01c3a62104612a1719011250
   time: 1293623863 (2010-12-29T11:57:43Z)
   difficulty target (nBits): 453281356
   nonce: 274148111

15:24:31 12 AbstractBlockChain.addWallet: Wallet/chain height mismatch: 0 vs 100000
15:24:31 12 AbstractBlockChain.addWallet: Hashes: null vs 000000000003ba27aa200b1cecaad478d2b00432346c3f1f3986da1afd33e506
15:24:31 12 Context.<init>: Creating bitcoinj 0.16-SNAPSHOT context.
15:24:31 12 Context.<init>: Creating bitcoinj 0.16-SNAPSHOT context.
15:24:31 12 AbstractBlockChain.<init>: chain head is at height 100000:
 block: 
   hash: 000000000003ba27aa200b1cecaad478d2b00432346c3f1f3986da1afd33e506
   version: 1
   previous block: 000000000002d01c1fccc21636b607dfd930d31d01c3a62104612a1719011250
   time: 1293623863 (2010-12-29T11:57:43Z)
   difficulty target (nBits): 453281356
   nonce: 274148111

15:24:31 12 AbstractBlockChain.addWallet: Wallet/chain height mismatch: 0 vs 100000
15:24:31 12 AbstractBlockChain.addWallet: Hashes: null vs 000000000003ba27aa200b1cecaad478d2b00432346c3f1f3986da1afd33e506
15:24:31 12 Context.<init>: Creating bitcoinj 0.16-SNAPSHOT context.
15:24:31 12 Context.<init>: Creating bitcoinj 0.16-SNAPSHOT context.
15:24:31 12 AbstractBlockChain.<init>: chain head is at height 100000:
 block: 
   hash: 000000000003ba27aa200b1cecaad478d2b00432346c3f1f3986da1afd33e506
   version: 1
   previous block: 000000000002d01c1fccc21636b607dfd930d31d01c3a62104612a1719011250
   time: 1293623863 (2010-12-29T11:57:43Z)
   difficulty target (nBits): 453281356
   nonce: 274148111

15:24:31 12 AbstractBlockChain.addWallet: Wallet/chain height mismatch: 0 vs 100000
15:24:31 12 AbstractBlockChain.addWallet: Hashes: null vs 000000000003ba27aa200b1cecaad478d2b00432346c3f1f3986da1afd33e506
15:24:31 753 PeerGroup$8.run: Starting ...
15:24:31 753 PeerGroup.discoverPeers: Peer discovery took 3.088 μs and returned 0 items
15:24:31 12 PeerGroup.connectTo: Attempting connection to [127.0.0.1]:2001     (0 connected, 1 pending, 0 max)
15:24:31 754 NioClientManager.handleKey: Connected to localhost/127.0.0.1:2001
15:24:31 754 Peer.connectionOpened: Announcing to localhost/127.0.0.1:2001 as: /bitcoinj:0.16-SNAPSHOT/
15:24:31 754 Peer.processVersionMessage: Peer{[127.0.0.1]:2001, version=70001, subVer=/bitcoinj:0.16-SNAPSHOT/, services=1 (NETWORK), time=2019-03-25 15:24:31, height=1}
15:24:31 754 PeerGroup.handleNewPeer: Peer{[127.0.0.1]:2001, version=70001, subVer=/bitcoinj:0.16-SNAPSHOT/, services=1 (NETWORK), time=2019-03-25 15:24:31, height=1}: New peer      (1 connected, 0 pending, 1 max)
15:24:31 754 PeerGroup.setDownloadPeer: Setting download peer: Peer{[127.0.0.1]:2001, version=70001, subVer=/bitcoinj:0.16-SNAPSHOT/, services=1 (NETWORK), time=2019-03-25 15:24:31, height=1}
15:24:31 754 Wallet.receive: Received tx for 50.00 BTC: bb28a1a5b3a02e7657a81c38355d56c6f05e80b9219432e3352ddcfc3cb6304c [0] in block 00000000000080b66c911bd5ba14a74260057311eaeb1982802f7010f1a9f090
15:24:31 754 Wallet.processTxFromBestChain:   tx bb28a1a5b3a02e7657a81c38355d56c6f05e80b9219432e3352ddcfc3cb6304c ->unspent
15:24:31 754 Wallet.receive: Balance is now: 0.00 BTC
15:24:31 754 Wallet.receive: Received tx for 44.44 BTC: fbde5d03b027d2b9ba4cf5d4fecab9a99864df2637b25ea4cbcb1796ff6550ca [1] in block 00000000000080b66c911bd5ba14a74260057311eaeb1982802f7010f1a9f090
15:24:31 754 Wallet.processTxFromBestChain:   tx fbde5d03b027d2b9ba4cf5d4fecab9a99864df2637b25ea4cbcb1796ff6550ca ->unspent
15:24:31 754 Wallet.receive: Balance is now: 44.44 BTC
15:24:31 754 Wallet.receive: Received tx for 250.00 BTC: 8131ffb0a2c945ecaf9b9063e59558784f9c3a74741ce6ae2a18d0571dac15bb [2] in block 00000000000080b66c911bd5ba14a74260057311eaeb1982802f7010f1a9f090
15:24:31 754 Wallet.processTxFromBestChain:   tx 8131ffb0a2c945ecaf9b9063e59558784f9c3a74741ce6ae2a18d0571dac15bb ->unspent
15:24:31 754 Wallet.receive: Balance is now: 294.44 BTC
15:24:31 754 Wallet.receive: Received tx for 45.83 BTC: c5abc61566dbb1c4bce5e1fda7b66bed22eb2130cea4b721690bc1488465abc9 [3] in block 00000000000080b66c911bd5ba14a74260057311eaeb1982802f7010f1a9f090
15:24:31 754 Wallet.processTxFromBestChain:   tx c5abc61566dbb1c4bce5e1fda7b66bed22eb2130cea4b721690bc1488465abc9 ->unspent
15:24:31 754 Wallet.receive: Balance is now: 340.27 BTC
15:24:31 12 PeerGroup.handlePeerDeath: [127.0.0.1]:2001: Peer died      (0 connected, 0 pending, 1 max)
15:24:31 12 PeerGroup.handlePeerDeath: Download peer died. Picking a new one.
15:24:31 12 PeerGroup.setDownloadPeer: Unsetting download peer: Peer{[127.0.0.1]:2001, version=70001, subVer=/bitcoinj:0.16-SNAPSHOT/, services=1 (NETWORK), time=2019-03-25 15:24:31, height=1}
15:24:31 753 PeerGroup.discoverPeers: Peer discovery took 5.464 μs and returned 0 items
15:24:31 753 PeerGroup$6.go: Waiting 1500 ms before next connect attempt to [127.0.0.1]:2001
15:24:31 753 PeerGroup$9.run: Stopping ...
15:24:31 753 PeerGroup$9.run: Stopped, took 89.07 μs.
15:24:31 12 Context.<init>: Creating bitcoinj 0.16-SNAPSHOT context.
15:24:31 12 Context.<init>: Creating bitcoinj 0.16-SNAPSHOT context.
15:24:31 12 AbstractBlockChain.<init>: chain head is at height 100000:
 block: 
   hash: 000000000003ba27aa200b1cecaad478d2b00432346c3f1f3986da1afd33e506
   version: 1
   previous block: 000000000002d01c1fccc21636b607dfd930d31d01c3a62104612a1719011250
   time: 1293623863 (2010-12-29T11:57:43Z)
   difficulty target (nBits): 453281356
   nonce: 274148111

15:24:31 12 AbstractBlockChain.addWallet: Wallet/chain height mismatch: 0 vs 100000
15:24:31 12 AbstractBlockChain.addWallet: Hashes: null vs 000000000003ba27aa200b1cecaad478d2b00432346c3f1f3986da1afd33e506
15:24:31 12 Context.<init>: Creating bitcoinj 0.16-SNAPSHOT context.
15:24:31 12 Context.<init>: Creating bitcoinj 0.16-SNAPSHOT context.
15:24:31 12 AbstractBlockChain.<init>: chain head is at height 100000:
 block: 
   hash: 000000000003ba27aa200b1cecaad478d2b00432346c3f1f3986da1afd33e506
   version: 1
   previous block: 000000000002d01c1fccc21636b607dfd930d31d01c3a62104612a1719011250
   time: 1293623863 (2010-12-29T11:57:43Z)
   difficulty target (nBits): 453281356
   nonce: 274148111

15:24:31 12 AbstractBlockChain.addWallet: Wallet/chain height mismatch: 0 vs 100000
15:24:31 12 AbstractBlockChain.addWallet: Hashes: null vs 000000000003ba27aa200b1cecaad478d2b00432346c3f1f3986da1afd33e506
15:24:31 12 Context.<init>: Creating bitcoinj 0.16-SNAPSHOT context.
15:24:31 12 Context.<init>: Creating bitcoinj 0.16-SNAPSHOT context.
15:24:31 12 AbstractBlockChain.<init>: chain head is at height 100000:
 block: 
   hash: 000000000003ba27aa200b1cecaad478d2b00432346c3f1f3986da1afd33e506
   version: 1
   previous block: 000000000002d01c1fccc21636b607dfd930d31d01c3a62104612a1719011250
   time: 1293623863 (2010-12-29T11:57:43Z)
   difficulty target (nBits): 453281356
   nonce: 274148111

15:24:31 12 AbstractBlockChain.addWallet: Wallet/chain height mismatch: 0 vs 100000
15:24:31 12 AbstractBlockChain.addWallet: Hashes: null vs 000000000003ba27aa200b1cecaad478d2b00432346c3f1f3986da1afd33e506
15:24:31 12 Context.<init>: Creating bitcoinj 0.16-SNAPSHOT context.
15:24:31 12 Context.<init>: Creating bitcoinj 0.16-SNAPSHOT context.
15:24:31 12 AbstractBlockChain.<init>: chain head is at height 100000:
 block: 
   hash: 000000000003ba27aa200b1cecaad478d2b00432346c3f1f3986da1afd33e506
   version: 1
   previous block: 000000000002d01c1fccc21636b607dfd930d31d01c3a62104612a1719011250
   time: 1293623863 (2010-12-29T11:57:43Z)
   difficulty target (nBits): 453281356
   nonce: 274148111

15:24:31 12 AbstractBlockChain.addWallet: Wallet/chain height mismatch: 0 vs 100000
15:24:31 12 AbstractBlockChain.addWallet: Hashes: null vs 000000000003ba27aa200b1cecaad478d2b00432346c3f1f3986da1afd33e506
15:24:31 12 Context.<init>: Creating bitcoinj 0.16-SNAPSHOT context.
15:24:31 12 Context.<init>: Creating bitcoinj 0.16-SNAPSHOT context.
15:24:31 12 AbstractBlockChain.<init>: chain head is at height 100000:
 block: 
   hash: 000000000003ba27aa200b1cecaad478d2b00432346c3f1f3986da1afd33e506
   version: 1
   previous block: 000000000002d01c1fccc21636b607dfd930d31d01c3a62104612a1719011250
   time: 1293623863 (2010-12-29T11:57:43Z)
   difficulty target (nBits): 453281356
   nonce: 274148111

15:24:31 12 AbstractBlockChain.addWallet: Wallet/chain height mismatch: 0 vs 100000
15:24:31 12 AbstractBlockChain.addWallet: Hashes: null vs 000000000003ba27aa200b1cecaad478d2b00432346c3f1f3986da1afd33e506
15:24:31 789 PeerGroup$8.run: Starting ...
15:24:31 789 PeerGroup.discoverPeers: Peer discovery took 2.961 μs and returned 0 items
15:24:31 12 PeerGroup.connectTo: Attempting connection to [127.0.0.1]:2001     (0 connected, 1 pending, 0 max)
15:24:31 791 Peer.connectionOpened: Announcing to localhost/127.0.0.1:2001 as: /bitcoinj:0.16-SNAPSHOT/
15:24:31 791 Peer.processVersionMessage: Peer{[127.0.0.1]:2001, version=70001, subVer=/bitcoinj:0.16-SNAPSHOT/, services=1 (NETWORK), time=2019-03-25 15:24:31, height=1}
15:24:31 791 PeerGroup.handleNewPeer: Peer{[127.0.0.1]:2001, version=70001, subVer=/bitcoinj:0.16-SNAPSHOT/, services=1 (NETWORK), time=2019-03-25 15:24:31, height=1}: New peer      (1 connected, 0 pending, 1 max)
15:24:31 791 PeerGroup.setDownloadPeer: Setting download peer: Peer{[127.0.0.1]:2001, version=70001, subVer=/bitcoinj:0.16-SNAPSHOT/, services=1 (NETWORK), time=2019-03-25 15:24:31, height=1}
15:24:31 791 Wallet.receive: Received tx for 50.00 BTC: bb28a1a5b3a02e7657a81c38355d56c6f05e80b9219432e3352ddcfc3cb6304c [0] in block 00000000000080b66c911bd5ba14a74260057311eaeb1982802f7010f1a9f090
15:24:31 791 Wallet.processTxFromBestChain:   tx bb28a1a5b3a02e7657a81c38355d56c6f05e80b9219432e3352ddcfc3cb6304c ->unspent
15:24:31 791 Wallet.receive: Balance is now: 0.00 BTC
15:24:31 791 Wallet.receive: Received tx for 44.44 BTC: fbde5d03b027d2b9ba4cf5d4fecab9a99864df2637b25ea4cbcb1796ff6550ca [1] in block 00000000000080b66c911bd5ba14a74260057311eaeb1982802f7010f1a9f090
15:24:31 791 Wallet.processTxFromBestChain:   tx fbde5d03b027d2b9ba4cf5d4fecab9a99864df2637b25ea4cbcb1796ff6550ca ->unspent
15:24:31 791 Wallet.receive: Balance is now: 44.44 BTC
15:24:31 791 Wallet.receive: Received tx for 250.00 BTC: 8131ffb0a2c945ecaf9b9063e59558784f9c3a74741ce6ae2a18d0571dac15bb [2] in block 00000000000080b66c911bd5ba14a74260057311eaeb1982802f7010f1a9f090
15:24:31 791 Wallet.processTxFromBestChain:   tx 8131ffb0a2c945ecaf9b9063e59558784f9c3a74741ce6ae2a18d0571dac15bb ->unspent
15:24:31 791 Wallet.receive: Balance is now: 294.44 BTC
15:24:31 791 Wallet.receive: Received tx for 45.83 BTC: c5abc61566dbb1c4bce5e1fda7b66bed22eb2130cea4b721690bc1488465abc9 [3] in block 00000000000080b66c911bd5ba14a74260057311eaeb1982802f7010f1a9f090
15:24:31 791 Wallet.processTxFromBestChain:   tx c5abc61566dbb1c4bce5e1fda7b66bed22eb2130cea4b721690bc1488465abc9 ->unspent
15:24:31 791 Wallet.receive: Balance is now: 340.27 BTC
15:24:31 791 PeerGroup.handlePeerDeath: [127.0.0.1]:2001: Peer died      (0 connected, 0 pending, 1 max)
15:24:31 791 PeerGroup.handlePeerDeath: Download peer died. Picking a new one.
15:24:31 791 PeerGroup.setDownloadPeer: Unsetting download peer: Peer{[127.0.0.1]:2001, version=70001, subVer=/bitcoinj:0.16-SNAPSHOT/, services=1 (NETWORK), time=2019-03-25 15:24:31, height=1}
15:24:31 789 PeerGroup.discoverPeers: Peer discovery took 2.670 μs and returned 0 items
15:24:31 789 PeerGroup$6.go: Waiting 1500 ms before next connect attempt to [127.0.0.1]:2001
]]></system-err>
</testsuite>
