<?xml version="1.0" encoding="UTF-8"?>
<testsuite name="org.bitcoinj.store.LevelDBBlockStoreTest" tests="1" skipped="0" failures="0" errors="0" timestamp="2019-03-25T22:25:03" hostname="IO-2.local" time="0.032">
  <properties/>
  <testcase name="basics" classname="org.bitcoinj.store.LevelDBBlockStoreTest" time="0.032"/>
  <system-out><![CDATA[]]></system-out>
  <system-err><![CDATA[15:25:03 12 Context.<init>: Creating bitcoinj 0.16-SNAPSHOT context.
]]></system-err>
</testsuite>
