<?xml version="1.0" encoding="UTF-8"?>
<testsuite name="org.bitcoinj.core.PeerAddressTest" tests="6" skipped="0" failures="0" errors="0" timestamp="2019-03-25T22:24:04" hostname="IO-2.local" time="0.003">
  <properties/>
  <testcase name="parse_ancientProtocolVersion" classname="org.bitcoinj.core.PeerAddressTest" time="0.001"/>
  <testcase name="bitcoinSerialize_ancientProtocolVersion" classname="org.bitcoinj.core.PeerAddressTest" time="0.001"/>
  <testcase name="roundtrip_ipv6_ancientProtocolVersion" classname="org.bitcoinj.core.PeerAddressTest" time="0.001"/>
  <testcase name="roundtrip_ipv4_ancientProtocolVersion" classname="org.bitcoinj.core.PeerAddressTest" time="0.0"/>
  <testcase name="roundtrip_ipv6_currentProtocolVersion" classname="org.bitcoinj.core.PeerAddressTest" time="0.0"/>
  <testcase name="roundtrip_ipv4_currentProtocolVersion" classname="org.bitcoinj.core.PeerAddressTest" time="0.0"/>
  <system-out><![CDATA[]]></system-out>
  <system-err><![CDATA[]]></system-err>
</testsuite>
