<?xml version="1.0" encoding="UTF-8"?>
<testsuite name="org.bitcoinj.core.VarIntTest" tests="7" skipped="0" failures="0" errors="0" timestamp="2019-03-25T22:24:04" hostname="IO-2.local" time="0.002">
  <properties/>
  <testcase name="testShortFFFF" classname="org.bitcoinj.core.VarIntTest" time="0.0"/>
  <testcase name="testBytes" classname="org.bitcoinj.core.VarIntTest" time="0.0"/>
  <testcase name="testInts" classname="org.bitcoinj.core.VarIntTest" time="0.0"/>
  <testcase name="testLong" classname="org.bitcoinj.core.VarIntTest" time="0.0"/>
  <testcase name="testSizeOfNegativeInt" classname="org.bitcoinj.core.VarIntTest" time="0.0"/>
  <testcase name="testShorts" classname="org.bitcoinj.core.VarIntTest" time="0.0"/>
  <testcase name="testIntFFFFFFFF" classname="org.bitcoinj.core.VarIntTest" time="0.0"/>
  <system-out><![CDATA[]]></system-out>
  <system-err><![CDATA[]]></system-err>
</testsuite>
